{
    "args": {
        "load_last_pretrained": false,
        "model": "lenet",
        "dataset": "mnist",
        "epochs": 100,
        "batch_size": 60,
        "initialization": "xavier-normal",
        "learning_rate": 0.0012,
        "forget_model": false,
        "disable_cuda": false,
        "pruning_rate": 0.2,
        "pruning_interval": 5,
        "seed": 42
    },
    "test_acc": [
        96.62333333333333,
        98.14,
        98.63499999999999,
        98.88,
        99.15833333333333,
        96.97,
        97.47833333333334,
        98.55833333333334,
        98.95666666666668,
        98.79833333333333,
        97.21,
        98.41666666666666,
        98.90833333333333,
        99.195,
        99.22,
        97.39333333333333,
        98.48166666666667,
        98.845,
        99.32,
        99.35666666666667,
        97.40666666666667,
        98.58,
        98.71166666666666,
        99.28666666666666,
        99.33999999999999,
        97.72333333333333,
        98.7,
        99.36333333333334,
        99.53,
        99.43833333333333,
        97.80833333333334,
        98.88833333333334,
        99.42333333333333,
        99.61666666666666,
        99.645,
        97.58833333333334,
        98.875,
        99.17,
        99.60666666666667,
        99.735,
        97.59833333333333,
        98.89833333333333,
        99.425,
        99.58,
        99.70333333333333,
        97.37333333333333,
        98.46166666666667,
        99.27666666666667,
        99.35000000000001,
        99.70833333333333,
        96.955,
        98.52,
        99.09833333333333,
        99.42,
        99.58333333333333,
        96.57333333333334,
        98.18666666666667,
        98.79333333333334,
        99.14833333333334,
        99.40833333333333,
        95.97333333333333,
        97.82166666666666,
        98.5,
        98.96833333333333,
        99.18,
        95.24833333333333,
        97.14333333333333,
        98.03833333333334,
        98.51833333333333,
        98.76166666666667,
        94.39833333333333,
        96.76666666666667,
        97.67666666666666,
        98.01833333333333,
        98.35833333333333,
        91.72333333333333,
        95.745,
        96.81,
        97.35000000000001,
        97.78833333333333,
        89.87666666666667,
        95.03,
        96.26666666666667,
        96.80833333333332,
        97.08333333333333,
        83.00666666666666,
        94.42666666666668,
        95.58833333333332,
        96.20833333333333,
        96.62666666666667,
        77.845,
        93.78666666666666,
        95.24666666666667,
        95.84166666666667,
        96.15166666666667,
        71.75333333333333,
        92.705,
        94.54666666666667,
        95.30333333333333,
        95.675
    ],
    "test_loss": [
        0.22244303368218243,
        0.08826150776678696,
        0.06005700718401931,
        0.044770982855581676,
        0.03568019160401309,
        0.2662378641553223,
        0.09175872851256281,
        0.0619316370091401,
        0.045511603480554184,
        0.03377589358366095,
        0.2538813510686159,
        0.08739401288283989,
        0.05694688789942302,
        0.041484608563943766,
        0.02987810234661447,
        0.251359206918627,
        0.07844594515115022,
        0.05103148469654843,
        0.035255796843790446,
        0.02617104512441438,
        0.2484104830706492,
        0.07188367619737983,
        0.04406075404817238,
        0.03075866450322792,
        0.023507039070944303,
        0.2570512046571821,
        0.06495481722196564,
        0.0397704240946332,
        0.027667315625119954,
        0.019335444271331652,
        0.2717907807417214,
        0.062043867053464055,
        0.036904363105655646,
        0.024020858285482973,
        0.018252023027656834,
        0.294601468693465,
        0.06431358103873208,
        0.03718877028732095,
        0.024650471873406788,
        0.01736164469301002,
        0.3250368676753715,
        0.06507703147176654,
        0.03691757272835821,
        0.02452245552747627,
        0.017400530614249874,
        0.3707467278521508,
        0.07071076673828065,
        0.040993932967772706,
        0.02775281538453419,
        0.020285610566206744,
        0.43907610935904084,
        0.08298513843957335,
        0.04920513273170218,
        0.03466394110606052,
        0.02562846445699688,
        0.5240863569825888,
        0.09325533355865627,
        0.057184569934848696,
        0.040735901681240645,
        0.030649123658309692,
        0.6353541514985264,
        0.1083635523756966,
        0.06734758850652725,
        0.049871310500893745,
        0.03933938870800193,
        0.8006431807614863,
        0.12968686940521001,
        0.08414877885300666,
        0.06432281669275836,
        0.05278354534460232,
        0.9900087872520089,
        0.14947951023001224,
        0.09866546944063156,
        0.07607033477164805,
        0.06340377661446109,
        1.4323605482578277,
        0.21965933853015304,
        0.13098968648351728,
        0.10322679590433836,
        0.08865403473796322,
        1.523433239877224,
        0.2517962729334831,
        0.15335409844480455,
        0.12272798734903335,
        0.10588262269645929,
        1.7658464490771293,
        0.36780879090726376,
        0.17957025506719948,
        0.14308258614689112,
        0.12590082004666328,
        1.851989753961563,
        0.42495037769526245,
        0.2004936174750328,
        0.1594437316171825,
        0.1405946050165221,
        1.9817842690944671,
        0.5548746891394257,
        0.23213772287219764,
        0.18218630982004105,
        0.16048930330947042
    ],
    "train_acc": [
        96.16,
        97.04,
        97.5,
        97.65,
        97.65,
        96.6,
        96.66,
        97.5,
        97.76,
        97.33000000000001,
        96.57,
        97.56,
        97.89,
        97.8,
        97.77,
        96.83,
        97.43,
        97.72,
        97.86,
        98.02,
        96.92,
        97.66,
        97.48,
        98.00999999999999,
        97.92,
        96.97,
        97.74000000000001,
        97.95,
        97.98,
        97.84,
        97.38,
        97.99,
        98.03,
        98.04,
        98.06,
        97.02,
        97.69,
        97.86,
        98.05,
        97.88,
        96.94,
        97.91,
        98.11999999999999,
        98.11999999999999,
        97.94,
        96.78999999999999,
        97.59,
        97.92999999999999,
        97.91,
        98.07000000000001,
        96.38,
        97.52,
        97.84,
        97.88,
        98.00999999999999,
        96.15,
        97.41,
        97.71,
        97.8,
        97.91,
        95.52000000000001,
        97.09,
        97.48,
        97.68,
        97.82,
        95.1,
        96.61,
        97.2,
        97.46000000000001,
        97.58,
        94.38,
        96.17,
        96.98,
        97.27,
        97.57000000000001,
        91.85,
        95.30999999999999,
        96.35000000000001,
        96.69,
        96.92,
        89.9,
        94.93,
        95.97,
        96.24000000000001,
        96.43,
        82.38,
        94.27,
        95.32000000000001,
        95.89,
        96.09,
        77.38000000000001,
        93.91000000000001,
        94.95,
        95.62,
        95.85000000000001,
        71.98,
        92.77,
        94.48,
        94.98,
        95.45
    ],
    "train_loss": [
        0.12578898406180436,
        0.09250390641307625,
        0.07924784969644409,
        0.07624332337852144,
        0.08013893328927747,
        0.10980009615510523,
        0.10295219601739845,
        0.07282667592290544,
        0.0701162378933883,
        0.08499432752441481,
        0.10710502080173193,
        0.07855847310609446,
        0.06750917925728028,
        0.06757763881950143,
        0.07443119087786286,
        0.10274891316065353,
        0.07822497860210652,
        0.0741127134861235,
        0.07144864528331192,
        0.07339048114832501,
        0.09842449851601781,
        0.07186481875819183,
        0.078891294314052,
        0.06654890254836998,
        0.07076935008764937,
        0.09304360605910153,
        0.0715175850908021,
        0.061928961149968965,
        0.06736116425809033,
        0.07289057772838048,
        0.09141531216348717,
        0.06538972907705222,
        0.06138634659673372,
        0.06486795882277559,
        0.06484332414376019,
        0.09793813454689915,
        0.06835924480584434,
        0.06664018518246799,
        0.059771453215138326,
        0.06850434349543794,
        0.09867825111496949,
        0.0679112802117416,
        0.060808336929680254,
        0.06313578864562319,
        0.06976448639203979,
        0.10937235276856108,
        0.0797937325575573,
        0.06474906273191784,
        0.07062849595802585,
        0.0637458450555478,
        0.12108773130276602,
        0.08007435177168447,
        0.06972057125559021,
        0.06645384704705305,
        0.06497864555748749,
        0.13276516907140165,
        0.08832916554933537,
        0.07662524194540289,
        0.06993464914897825,
        0.06963804144444345,
        0.15094051224564364,
        0.09736075310293071,
        0.08506922020080561,
        0.07597634991112272,
        0.07261564603778059,
        0.17285135881361846,
        0.11595198040281585,
        0.09487507524091505,
        0.08856201742798045,
        0.08386108693304266,
        0.1986203508195049,
        0.1303241989480521,
        0.10400118518754572,
        0.09381417438254028,
        0.08845916882848846,
        0.40612232926006087,
        0.1693632076466512,
        0.13330464843593673,
        0.11911369028674093,
        0.11084058738598031,
        0.42690927325608485,
        0.1859543596109944,
        0.14869862158007607,
        0.13493986994385004,
        0.12655427614728848,
        0.8030242234646917,
        0.21966767482861074,
        0.16881681554867123,
        0.1498357523121163,
        0.14238723205725948,
        0.9319703222034934,
        0.24131812614773562,
        0.18278263968800357,
        0.1642104874024848,
        0.1523972088526823,
        1.209407258176518,
        0.2789647435535214,
        0.20671681221016866,
        0.18314309516352809,
        0.16919992877516205
    ],
    "sparsity": [
        0.0,
        0.0,
        0.0,
        0.0,
        0.0,
        0.2,
        0.2,
        0.2,
        0.2,
        0.2,
        0.3599977495217734,
        0.3599977495217734,
        0.3599977495217734,
        0.3599977495217734,
        0.3599977495217734,
        0.4879899478639211,
        0.4879899478639211,
        0.4879899478639211,
        0.4879899478639211,
        0.4879899478639211,
        0.5903829563782304,
        0.5903829563782304,
        0.5903829563782304,
        0.5903829563782304,
        0.5903829563782304,
        0.6722966130302689,
        0.6722966130302689,
        0.6722966130302689,
        0.6722966130302689,
        0.6722966130302689,
        0.7378267881924909,
        0.7378267881924909,
        0.7378267881924909,
        0.7378267881924909,
        0.7378267881924909,
        0.7902516784816773,
        0.7902516784816773,
        0.7902516784816773,
        0.7902516784816773,
        0.7902516784816773,
        0.8321893402347998,
        0.8321893402347998,
        0.8321893402347998,
        0.8321893402347998,
        0.8321893402347998,
        0.8657364689996624,
        0.8657364689996624,
        0.8657364689996624,
        0.8657364689996624,
        0.8657364689996624,
        0.8925809234462323,
        0.8925809234462323,
        0.8925809234462323,
        0.8925809234462323,
        0.8925809234462323,
        0.9140504857282172,
        0.9140504857282172,
        0.9140504857282172,
        0.9140504857282172,
        0.9140504857282172,
        0.9312291361914407,
        0.9312291361914407,
        0.9312291361914407,
        0.9312291361914407,
        0.9312291361914407,
        0.944968305764975,
        0.944968305764975,
        0.944968305764975,
        0.944968305764975,
        0.944968305764975,
        0.9559618919020292,
        0.9559618919020292,
        0.9559618919020292,
        0.9559618919020292,
        0.9559618919020292,
        0.9647612617681257,
        0.9647612617681257,
        0.9647612617681257,
        0.9647612617681257,
        0.9647612617681257,
        0.9717977570233675,
        0.9717977570233675,
        0.9717977570233675,
        0.9717977570233675,
        0.9717977570233675,
        0.9774314541840141,
        0.9774314541840141,
        0.9774314541840141,
        0.9774314541840141,
        0.9774314541840141,
        0.981928659840216,
        0.981928659840216,
        0.981928659840216,
        0.981928659840216,
        0.981928659840216,
        0.9855294250028132,
        0.9855294250028132,
        0.9855294250028132,
        0.9855294250028132,
        0.9855294250028132
    ]
}