{
    "args": {
        "load_last_pretrained": false,
        "model": "lenet",
        "dataset": "mnist",
        "epochs": 100,
        "batch_size": 60,
        "initialization": "xavier-uniform",
        "learning_rate": 0.0012,
        "forget_model": false,
        "disable_cuda": false,
        "pruning_rate": 0.2,
        "pruning_interval": 5,
        "seed": 45
    },
    "test_acc": [
        96.985,
        98.44166666666668,
        98.76166666666667,
        98.855,
        99.25166666666667,
        97.02166666666666,
        98.12833333333333,
        98.03666666666668,
        98.895,
        99.22833333333332,
        97.32666666666667,
        98.41166666666666,
        98.7,
        98.99166666666666,
        99.26,
        97.31833333333333,
        98.00666666666666,
        99.03666666666666,
        99.29666666666667,
        99.40666666666667,
        97.54,
        98.665,
        99.035,
        99.36333333333334,
        99.505,
        97.26666666666667,
        98.80666666666667,
        99.205,
        99.49166666666667,
        99.56,
        97.78,
        98.85166666666667,
        99.20166666666667,
        99.45333333333333,
        99.665,
        97.85000000000001,
        98.735,
        99.33166666666666,
        99.60833333333333,
        99.70166666666667,
        97.67333333333333,
        99.005,
        99.39166666666667,
        99.57166666666667,
        99.71,
        97.53666666666668,
        98.74333333333334,
        99.28666666666666,
        99.44666666666667,
        99.70833333333333,
        97.15166666666667,
        98.54833333333333,
        99.17666666666666,
        99.24833333333333,
        99.63666666666666,
        96.78333333333333,
        98.33166666666666,
        98.92999999999999,
        99.26166666666667,
        99.445,
        95.99833333333333,
        97.95,
        98.54666666666667,
        98.95333333333333,
        99.19833333333334,
        95.67333333333333,
        97.48666666666666,
        98.29166666666667,
        98.67166666666667,
        98.94333333333334,
        94.55333333333333,
        96.77166666666666,
        97.5,
        97.975,
        98.30499999999999,
        93.28166666666667,
        96.26166666666667,
        97.24000000000001,
        97.67166666666667,
        97.99333333333334,
        91.72166666666666,
        95.45666666666666,
        96.545,
        97.10499999999999,
        97.365,
        87.78666666666666,
        94.265,
        95.755,
        96.275,
        96.625,
        65.0,
        80.13166666666666,
        91.435,
        93.39166666666667,
        94.33833333333334,
        49.695,
        70.06333333333333,
        72.56833333333333,
        73.68833333333333,
        74.34833333333334
    ],
    "test_loss": [
        0.21683888051565736,
        0.08784109796350822,
        0.058582112691248765,
        0.04184158547886182,
        0.03602945360000012,
        0.2717979530226439,
        0.0937037768792361,
        0.06262629053811543,
        0.0473542184518883,
        0.03361900666006841,
        0.25848233101237567,
        0.08276712195621803,
        0.055155820790911095,
        0.040689102500560695,
        0.02949643275316339,
        0.24995140360482038,
        0.07920195961929857,
        0.050536804306844714,
        0.036096967157907785,
        0.02655689174280269,
        0.2533937331782654,
        0.07379974699392915,
        0.04482328154682182,
        0.03081621128169354,
        0.022175966574490304,
        0.25973519051633776,
        0.06765598827647046,
        0.04164620442455635,
        0.028215809544839432,
        0.021403207153256516,
        0.27727547206077724,
        0.06355174383963458,
        0.03759513344336301,
        0.0250117220330867,
        0.017248978779607568,
        0.289603130700998,
        0.0614893718296662,
        0.0351582180041587,
        0.023841268379008396,
        0.016641636443906465,
        0.31990361751895396,
        0.0629358954015188,
        0.03589356222504284,
        0.02411080738273449,
        0.016933893117093247,
        0.3634053244832903,
        0.0681545150289312,
        0.039418225360801445,
        0.027106084083905444,
        0.019557804403593764,
        0.4278502970244735,
        0.07657737788138912,
        0.04543881524167955,
        0.031264048319193535,
        0.023316291081369855,
        0.5236183069907129,
        0.08811345531325787,
        0.05329804997472092,
        0.03804297215188854,
        0.028833051538909787,
        0.6249460018072277,
        0.1019762121005915,
        0.0638643100943882,
        0.046437932396307585,
        0.036718408657703545,
        0.7890022065415978,
        0.1163841861244291,
        0.0741069813631475,
        0.05595076060364954,
        0.04501793340709992,
        0.9900744218155741,
        0.14831443379074336,
        0.10056087215617299,
        0.0792029790347442,
        0.06637104825116694,
        1.2579956782013177,
        0.1780570833198726,
        0.11515236651990562,
        0.0893598705381155,
        0.07560704045090824,
        1.4318919443637133,
        0.21315392348915338,
        0.1398538021892309,
        0.11103797425329685,
        0.09594634486921132,
        1.755814423650503,
        0.2757248835787177,
        0.17198041844926776,
        0.1396418915335089,
        0.1226100513394922,
        1.888560175061226,
        0.8619453036785125,
        0.5750374039411544,
        0.3892023895829916,
        0.26767214161902664,
        2.030500629544258,
        1.1915524423122406,
        0.8956220716834068,
        0.6867339355945588,
        0.5839521002471447
    ],
    "train_acc": [
        96.59,
        97.31,
        97.66,
        97.75,
        97.83,
        96.41999999999999,
        97.21,
        97.03,
        97.55,
        97.82,
        96.67999999999999,
        97.52,
        97.44,
        97.5,
        97.72999999999999,
        96.73,
        97.19,
        97.77,
        97.89999999999999,
        97.72,
        96.92,
        97.68,
        97.83,
        97.98,
        97.89999999999999,
        96.71,
        97.87,
        97.81,
        98.19,
        98.04,
        97.2,
        97.72999999999999,
        97.83,
        98.09,
        98.1,
        97.16,
        97.77,
        98.09,
        98.13,
        98.28,
        97.19,
        97.92999999999999,
        98.06,
        98.18,
        98.11999999999999,
        96.99,
        97.72999999999999,
        97.97,
        97.85000000000001,
        98.11,
        96.78999999999999,
        97.6,
        97.95,
        97.97,
        98.11999999999999,
        96.32,
        97.50999999999999,
        97.67,
        97.81,
        97.94,
        95.65,
        97.1,
        97.6,
        97.54,
        97.76,
        95.41,
        96.89999999999999,
        97.23,
        97.65,
        97.61,
        94.34,
        96.19,
        96.73,
        96.96000000000001,
        97.2,
        93.10000000000001,
        95.67999999999999,
        96.32,
        96.67999999999999,
        96.88,
        91.9,
        95.06,
        95.74000000000001,
        96.09,
        96.27,
        88.19,
        93.87,
        94.98,
        95.50999999999999,
        95.67,
        65.92,
        80.36999999999999,
        91.27,
        93.16,
        93.83,
        50.129999999999995,
        70.06,
        72.23,
        73.04,
        73.67
    ],
    "train_loss": [
        0.11340307352874807,
        0.08586295400495211,
        0.08045876461142551,
        0.07785141166204776,
        0.07223415716542879,
        0.11494523440180959,
        0.08508561626857447,
        0.09447237837524293,
        0.07833220759297939,
        0.07793773457262955,
        0.10366211432829767,
        0.08170921188600719,
        0.08246176727924741,
        0.08185656295676609,
        0.07927793129570336,
        0.10821313484610912,
        0.0952781477837104,
        0.07094708942350915,
        0.06927619551372587,
        0.07398579619660371,
        0.10266862042850541,
        0.07452754985295727,
        0.06897186335945825,
        0.06691294321009589,
        0.07388214287236557,
        0.10603365338892637,
        0.06860192174727689,
        0.06670037651445694,
        0.060122493162687064,
        0.06801486698161911,
        0.09411660519367207,
        0.0747906734893645,
        0.06906339741300814,
        0.06702788633609491,
        0.06551857001212995,
        0.09438966306116053,
        0.07118545959474976,
        0.06465180415080157,
        0.06274715098162031,
        0.06404231980890537,
        0.09812737414669134,
        0.06996635816333269,
        0.06422531362873932,
        0.0635549770040761,
        0.06726902071996536,
        0.1034664024994848,
        0.07443021854502846,
        0.06332238293726912,
        0.06841110499104495,
        0.06534444862589084,
        0.11488757164267722,
        0.0803408320201282,
        0.06752756190302218,
        0.07102053226975578,
        0.06633347992382352,
        0.12572462676081828,
        0.0831575190737665,
        0.07434204867678489,
        0.07100925696344522,
        0.07038691174936018,
        0.15264339805273952,
        0.09875477805265231,
        0.08356132989604316,
        0.08241124085881217,
        0.07373195792643164,
        0.16184953924736933,
        0.10704423824024058,
        0.09266037355639978,
        0.0819005912147507,
        0.08141865241369177,
        0.2034057485620062,
        0.13434598110839277,
        0.11395097734172366,
        0.10330315521488825,
        0.09834086410924346,
        0.25217875093221664,
        0.15054237834194642,
        0.12636814883235328,
        0.11389418408375032,
        0.10741099701012055,
        0.30243049512901704,
        0.1786528421777808,
        0.14806398865348563,
        0.13406213921701124,
        0.1259889069743856,
        0.49622205453004664,
        0.21329241466825594,
        0.172824322273899,
        0.157645051083165,
        0.1479741838275494,
        1.0903910555525453,
        0.6915148100453222,
        0.48445146187336857,
        0.33331699432905565,
        0.26477365954193527,
        1.4440709166897985,
        1.0268614288575635,
        0.7847231637218042,
        0.6419154061171823,
        0.5809940008703106
    ],
    "sparsity": [
        0.0,
        0.0,
        0.0,
        0.0,
        0.0,
        0.2,
        0.2,
        0.2,
        0.2,
        0.2,
        0.3599977495217734,
        0.3599977495217734,
        0.3599977495217734,
        0.3599977495217734,
        0.3599977495217734,
        0.4879899478639211,
        0.4879899478639211,
        0.4879899478639211,
        0.4879899478639211,
        0.4879899478639211,
        0.5903829563782304,
        0.5903829563782304,
        0.5903829563782304,
        0.5903829563782304,
        0.5903829563782304,
        0.6722966130302689,
        0.6722966130302689,
        0.6722966130302689,
        0.6722966130302689,
        0.6722966130302689,
        0.7378267881924909,
        0.7378267881924909,
        0.7378267881924909,
        0.7378267881924909,
        0.7378267881924909,
        0.7902516784816773,
        0.7902516784816773,
        0.7902516784816773,
        0.7902516784816773,
        0.7902516784816773,
        0.8321893402347998,
        0.8321893402347998,
        0.8321893402347998,
        0.8321893402347998,
        0.8321893402347998,
        0.8657364689996624,
        0.8657364689996624,
        0.8657364689996624,
        0.8657364689996624,
        0.8657364689996624,
        0.8925809234462323,
        0.8925809234462323,
        0.8925809234462323,
        0.8925809234462323,
        0.8925809234462323,
        0.9140504857282172,
        0.9140504857282172,
        0.9140504857282172,
        0.9140504857282172,
        0.9140504857282172,
        0.9312291361914407,
        0.9312291361914407,
        0.9312291361914407,
        0.9312291361914407,
        0.9312291361914407,
        0.944968305764975,
        0.944968305764975,
        0.944968305764975,
        0.944968305764975,
        0.944968305764975,
        0.9559618919020292,
        0.9559618919020292,
        0.9559618919020292,
        0.9559618919020292,
        0.9559618919020292,
        0.9647612617681257,
        0.9647612617681257,
        0.9647612617681257,
        0.9647612617681257,
        0.9647612617681257,
        0.9717977570233675,
        0.9717977570233675,
        0.9717977570233675,
        0.9717977570233675,
        0.9717977570233675,
        0.9774314541840141,
        0.9774314541840141,
        0.9774314541840141,
        0.9774314541840141,
        0.9774314541840141,
        0.981928659840216,
        0.981928659840216,
        0.981928659840216,
        0.981928659840216,
        0.981928659840216,
        0.9855294250028132,
        0.9855294250028132,
        0.9855294250028132,
        0.9855294250028132,
        0.9855294250028132
    ]
}