{
    "args": {
        "load_last_pretrained": false,
        "model": "lenet",
        "dataset": "mnist",
        "epochs": 100,
        "batch_size": 60,
        "initialization": "xavier-normal-double",
        "learning_rate": 0.0012,
        "forget_model": false,
        "disable_cuda": false,
        "pruning_rate": 0.2,
        "pruning_interval": 5,
        "seed": 42
    },
    "test_acc": [
        97.06833333333333,
        98.03666666666668,
        98.68666666666667,
        99.09333333333333,
        99.28,
        96.83,
        97.67833333333333,
        98.24166666666667,
        98.87333333333333,
        99.08833333333334,
        97.34166666666667,
        98.465,
        98.91166666666666,
        99.125,
        99.07166666666667,
        97.465,
        98.61666666666666,
        98.90333333333334,
        99.32833333333333,
        99.485,
        97.62333333333333,
        98.67166666666667,
        98.88333333333334,
        99.30166666666666,
        99.405,
        97.69333333333333,
        98.65666666666667,
        99.32333333333332,
        99.59333333333333,
        99.38666666666667,
        98.00666666666666,
        98.93166666666666,
        99.395,
        99.69833333333334,
        99.725,
        97.82333333333332,
        98.85666666666667,
        99.22999999999999,
        99.63833333333334,
        99.77666666666667,
        97.67666666666666,
        98.87166666666667,
        99.42,
        99.59666666666666,
        99.72166666666666,
        97.54666666666667,
        98.49833333333333,
        99.205,
        99.44833333333334,
        99.705,
        97.08166666666666,
        98.68333333333334,
        99.18,
        99.455,
        99.64,
        96.685,
        98.29666666666667,
        98.9,
        99.20333333333333,
        99.40333333333334,
        96.13333333333334,
        97.84333333333333,
        98.48666666666666,
        98.94,
        99.10666666666667,
        95.59,
        97.48333333333333,
        98.14833333333334,
        98.52333333333333,
        98.78666666666666,
        94.73666666666666,
        97.07833333333333,
        97.88666666666667,
        98.31333333333333,
        98.47833333333334,
        92.685,
        96.36333333333333,
        97.36333333333333,
        97.74833333333333,
        98.06333333333333,
        91.29333333333334,
        95.78999999999999,
        96.86333333333333,
        97.365,
        97.615,
        88.08666666666667,
        95.21333333333334,
        96.44,
        96.94833333333334,
        97.29333333333334,
        78.735,
        94.52666666666667,
        95.84833333333333,
        96.48833333333333,
        96.74166666666667,
        59.36833333333333,
        93.58,
        95.14833333333334,
        95.765,
        96.11166666666666
    ],
    "test_loss": [
        0.23435516915190965,
        0.09135107418941334,
        0.06425225266278721,
        0.04822370343550574,
        0.03426764434680808,
        0.2749571238067001,
        0.09560418159002439,
        0.063816539502237,
        0.04774278119474184,
        0.03529882282228209,
        0.2594787026140839,
        0.08548117910698057,
        0.05587156398082152,
        0.04032613798222155,
        0.028718800005211962,
        0.2467016741335392,
        0.07568822630378418,
        0.04839055088546593,
        0.03425427876552567,
        0.025705026479205115,
        0.2450240091383457,
        0.07064746942254714,
        0.04271411138377152,
        0.03015787260432262,
        0.0217398748070118,
        0.24793777363747357,
        0.06283725331071764,
        0.0376049484553514,
        0.026166349399776665,
        0.017806024801931927,
        0.26420252650044856,
        0.059280906862113625,
        0.035420101568684914,
        0.02334436754748458,
        0.01756086572998902,
        0.28333109299931675,
        0.05937187307910062,
        0.03466620675032027,
        0.022897677810513415,
        0.016217561982601183,
        0.31575551389995965,
        0.06531838789116591,
        0.037101891109603456,
        0.02451469691301463,
        0.016945836189086547,
        0.3619803061895073,
        0.0684434250080958,
        0.04077715980261564,
        0.02747460603737272,
        0.019886165877396708,
        0.42590427166223527,
        0.07812050709221512,
        0.04568569144234061,
        0.03174688088800758,
        0.023407516788342037,
        0.5167933333870024,
        0.09250902222748845,
        0.05569428157527,
        0.03966079307394102,
        0.030015385070466437,
        0.6364196708202362,
        0.10747801606729626,
        0.0675639002872631,
        0.049406598311383276,
        0.03931191153731197,
        0.7879338824339212,
        0.12055014976486564,
        0.07997075891494751,
        0.06192883338639513,
        0.05128598395967856,
        0.9877039702758194,
        0.13977950905822217,
        0.091724215795286,
        0.07019785784138366,
        0.05832560775266029,
        1.3502822617739438,
        0.19733853076770902,
        0.1146087467353791,
        0.08862061025341973,
        0.07494026596099138,
        1.4958161748051644,
        0.2238824894502759,
        0.13173537166789173,
        0.10407900216989219,
        0.08936758933402598,
        1.739472927033901,
        0.28062859500199555,
        0.1498080630749464,
        0.11796280094236135,
        0.10193000487796962,
        1.8955495457649232,
        0.33920961824804546,
        0.16916321360133588,
        0.13471843191981317,
        0.11739875340089202,
        2.0699446250200273,
        0.47604427227005364,
        0.20131671026349068,
        0.16107692644186317,
        0.14317796924337745
    ],
    "train_acc": [
        96.59,
        97.24000000000001,
        97.55,
        97.74000000000001,
        97.64,
        96.46000000000001,
        97.13000000000001,
        97.32,
        97.67,
        97.86,
        96.96000000000001,
        97.56,
        98.09,
        97.65,
        97.55,
        97.0,
        97.65,
        97.75,
        97.85000000000001,
        97.95,
        97.13000000000001,
        97.61999999999999,
        97.68,
        97.96000000000001,
        98.05,
        97.19,
        97.83,
        98.00999999999999,
        98.08,
        97.89999999999999,
        97.42,
        97.87,
        98.22,
        98.29,
        98.37,
        97.26,
        97.89999999999999,
        98.03,
        98.33,
        98.1,
        97.15,
        97.96000000000001,
        98.15,
        98.27,
        98.13,
        97.02,
        97.64,
        97.96000000000001,
        97.96000000000001,
        98.18,
        96.81,
        97.7,
        98.04,
        98.00999999999999,
        98.26,
        96.41999999999999,
        97.48,
        97.85000000000001,
        97.98,
        98.04,
        95.72,
        97.17,
        97.48,
        97.76,
        97.8,
        95.6,
        96.99,
        97.19,
        97.61,
        97.59,
        94.69999999999999,
        96.66,
        97.23,
        97.43,
        97.48,
        92.62,
        95.89999999999999,
        96.67999999999999,
        96.93,
        97.23,
        91.58,
        95.45,
        96.17,
        96.56,
        96.7,
        88.38000000000001,
        94.83,
        95.78,
        96.17999999999999,
        96.53,
        79.33,
        94.16,
        95.35,
        95.94,
        96.17999999999999,
        58.720000000000006,
        93.22,
        94.64,
        95.19999999999999,
        95.62
    ],
    "train_loss": [
        0.1145630723791208,
        0.09018877880302018,
        0.08101960689019033,
        0.07479055460631669,
        0.08336867487077562,
        0.11742620083676306,
        0.09647993754573211,
        0.08264786726655718,
        0.07574750282968991,
        0.071414523935057,
        0.10095752452773427,
        0.07930371845085285,
        0.06478945022549279,
        0.0751021081005909,
        0.08004097413260512,
        0.09626562365269412,
        0.07164666517832857,
        0.07257006771745395,
        0.06757228502768098,
        0.06761518407551695,
        0.09438069319229818,
        0.0706607810232766,
        0.07553799597066856,
        0.06651175197933293,
        0.06523255797271744,
        0.0895256860137075,
        0.06930973490666666,
        0.05979946627515831,
        0.06114137219962201,
        0.07020152373062336,
        0.08737810940375763,
        0.06686696521017678,
        0.05924107197359829,
        0.058048121208007154,
        0.059182060159907346,
        0.08859235341632794,
        0.06595716747304725,
        0.061425235264650185,
        0.05712872106180398,
        0.05995767325174041,
        0.09483915506611149,
        0.06531726179399087,
        0.056968399450394835,
        0.05875555659340371,
        0.059967651822420205,
        0.10212783572336513,
        0.07868620169399206,
        0.06252479548203553,
        0.0652053877090879,
        0.059178792600015254,
        0.11376901365214301,
        0.07648706734515057,
        0.06620968607098177,
        0.06343885720498346,
        0.061273207517151165,
        0.13188171034266136,
        0.0869908159219487,
        0.07097081401703244,
        0.06584626907611009,
        0.0653002309065011,
        0.15326907867175377,
        0.0994853268706513,
        0.0827927305865029,
        0.07442012774440164,
        0.07263504128629888,
        0.1658626794368921,
        0.11017778477893618,
        0.09565298816378781,
        0.08679366200286784,
        0.08444807614328083,
        0.19382924207313332,
        0.1232399116911574,
        0.10178257234416857,
        0.09008838563131358,
        0.08888601531793257,
        0.34229849921372124,
        0.14929129196676666,
        0.11969749270910453,
        0.10710504649396607,
        0.10128544693154667,
        0.41282742287584406,
        0.16963252828952796,
        0.1366748431206731,
        0.12233382782447123,
        0.11720165897517683,
        0.594378852558707,
        0.19339709282813672,
        0.14944885913171096,
        0.13397728637262377,
        0.12650531915178198,
        0.8535762129429572,
        0.20921112936057015,
        0.1635544498835852,
        0.14562774929190112,
        0.135207369555524,
        1.2443439503629765,
        0.25008824320431955,
        0.18942825674653768,
        0.16949755111765005,
        0.15984775966959086
    ],
    "sparsity": [
        0.0,
        0.0,
        0.0,
        0.0,
        0.0,
        0.2,
        0.2,
        0.2,
        0.2,
        0.2,
        0.3599977495217734,
        0.3599977495217734,
        0.3599977495217734,
        0.3599977495217734,
        0.3599977495217734,
        0.4879899478639211,
        0.4879899478639211,
        0.4879899478639211,
        0.4879899478639211,
        0.4879899478639211,
        0.5903829563782304,
        0.5903829563782304,
        0.5903829563782304,
        0.5903829563782304,
        0.5903829563782304,
        0.6722966130302689,
        0.6722966130302689,
        0.6722966130302689,
        0.6722966130302689,
        0.6722966130302689,
        0.7378267881924909,
        0.7378267881924909,
        0.7378267881924909,
        0.7378267881924909,
        0.7378267881924909,
        0.7902516784816773,
        0.7902516784816773,
        0.7902516784816773,
        0.7902516784816773,
        0.7902516784816773,
        0.8321893402347998,
        0.8321893402347998,
        0.8321893402347998,
        0.8321893402347998,
        0.8321893402347998,
        0.8657364689996624,
        0.8657364689996624,
        0.8657364689996624,
        0.8657364689996624,
        0.8657364689996624,
        0.8925809234462323,
        0.8925809234462323,
        0.8925809234462323,
        0.8925809234462323,
        0.8925809234462323,
        0.9140504857282172,
        0.9140504857282172,
        0.9140504857282172,
        0.9140504857282172,
        0.9140504857282172,
        0.9312291361914407,
        0.9312291361914407,
        0.9312291361914407,
        0.9312291361914407,
        0.9312291361914407,
        0.944968305764975,
        0.944968305764975,
        0.944968305764975,
        0.944968305764975,
        0.944968305764975,
        0.9559618919020292,
        0.9559618919020292,
        0.9559618919020292,
        0.9559618919020292,
        0.9559618919020292,
        0.9647612617681257,
        0.9647612617681257,
        0.9647612617681257,
        0.9647612617681257,
        0.9647612617681257,
        0.9717977570233675,
        0.9717977570233675,
        0.9717977570233675,
        0.9717977570233675,
        0.9717977570233675,
        0.9774314541840141,
        0.9774314541840141,
        0.9774314541840141,
        0.9774314541840141,
        0.9774314541840141,
        0.981928659840216,
        0.981928659840216,
        0.981928659840216,
        0.981928659840216,
        0.981928659840216,
        0.9855294250028132,
        0.9855294250028132,
        0.9855294250028132,
        0.9855294250028132,
        0.9855294250028132
    ]
}