{
    "args": {
        "load_last_pretrained": false,
        "model": "lenet",
        "dataset": "mnist",
        "epochs": 100,
        "batch_size": 60,
        "initialization": "kaiming-uniform",
        "learning_rate": 0.0012,
        "forget_model": false,
        "disable_cuda": false,
        "pruning_rate": 0.2,
        "pruning_interval": 5,
        "seed": 49
    },
    "test_acc": [
        97.33666666666667,
        98.52333333333333,
        98.88666666666667,
        98.79833333333333,
        99.30666666666667,
        96.89166666666667,
        98.03500000000001,
        98.59,
        99.13333333333333,
        99.22833333333332,
        97.16166666666666,
        98.065,
        98.76833333333333,
        99.30166666666666,
        99.50833333333333,
        97.36333333333333,
        98.41166666666666,
        98.99,
        99.32333333333332,
        99.175,
        97.53833333333334,
        98.71166666666666,
        99.03666666666666,
        99.35666666666667,
        99.44833333333334,
        97.675,
        98.72,
        99.26166666666667,
        99.42999999999999,
        99.64666666666666,
        97.92666666666666,
        98.97333333333333,
        99.39666666666666,
        99.57000000000001,
        99.75666666666667,
        97.79166666666667,
        98.86500000000001,
        99.42166666666667,
        99.64333333333333,
        99.77166666666668,
        97.795,
        98.92333333333333,
        99.32666666666667,
        99.62,
        99.72,
        97.41499999999999,
        98.68166666666667,
        99.37166666666667,
        99.595,
        99.62,
        96.965,
        98.56333333333333,
        99.15,
        99.34666666666668,
        99.62666666666667,
        96.60499999999999,
        98.29166666666667,
        98.94,
        99.18,
        99.41833333333334,
        96.23833333333334,
        97.99,
        98.56833333333334,
        99.02166666666666,
        99.065,
        95.67666666666666,
        97.45333333333333,
        98.20666666666666,
        98.58833333333334,
        98.855,
        90.915,
        95.53833333333334,
        97.00666666666666,
        97.49,
        97.86500000000001,
        89.30833333333334,
        94.28,
        95.73166666666667,
        96.49,
        96.97833333333334,
        83.34833333333333,
        93.00666666666667,
        95.19333333333333,
        96.10166666666666,
        96.33166666666668,
        78.74166666666666,
        90.46499999999999,
        93.035,
        94.36333333333333,
        95.11666666666667,
        75.07833333333333,
        90.05166666666666,
        92.67166666666667,
        94.00166666666667,
        94.56333333333333,
        54.96666666666666,
        89.03166666666667,
        91.99000000000001,
        93.105,
        93.605
    ],
    "test_loss": [
        0.2120375670036301,
        0.08657695108954795,
        0.05710877656168305,
        0.04382430686795851,
        0.033587115526665004,
        0.26878867369145154,
        0.09370204567397013,
        0.0634067057169741,
        0.043877988816588186,
        0.0353520931538078,
        0.25130044551193714,
        0.08496077243750914,
        0.05520922962762415,
        0.03994068972475361,
        0.030688582726637832,
        0.24802526393067093,
        0.0778395612440072,
        0.05064054085779935,
        0.03494776799157262,
        0.025811623381392566,
        0.24318689118605108,
        0.06998689301405102,
        0.042892497915425334,
        0.02957323854858987,
        0.02110117101931246,
        0.2510185640491545,
        0.06520932194218039,
        0.03858251436939463,
        0.02711040461412631,
        0.01850489178922726,
        0.263029782240279,
        0.061625389515189456,
        0.0356928144376725,
        0.023280523252906277,
        0.017143832586792997,
        0.2829847503248602,
        0.0604857140192762,
        0.03384445599466562,
        0.022593031190976033,
        0.01590150224667741,
        0.31499392532464116,
        0.06380025661922992,
        0.035924902910599486,
        0.023674507467920193,
        0.01667972086527152,
        0.3548720750901848,
        0.06725996841723099,
        0.03907750144810416,
        0.026139054389030206,
        0.018098485121008707,
        0.41657127593271437,
        0.07630646740831434,
        0.04516304411587771,
        0.030486107449629343,
        0.022641674807062372,
        0.5034956727772951,
        0.09072568114288151,
        0.054955402265302836,
        0.038559653107542544,
        0.029638643751852215,
        0.6135421143043787,
        0.10273633856140077,
        0.063969716679072,
        0.04673633648781106,
        0.03673445078043733,
        0.75484543113783,
        0.11882261332962663,
        0.077731516698841,
        0.05846622032625601,
        0.0476450588060543,
        1.1505422354638577,
        0.3109427865818143,
        0.16370118922553956,
        0.10755962330289184,
        0.0880542158856988,
        1.4131833475530147,
        0.40702392627298833,
        0.2352398847490549,
        0.15822733375430106,
        0.12375476341694594,
        1.5599725056886673,
        0.5188481688946486,
        0.29250367657840254,
        0.1903129693455994,
        0.1503456220868975,
        1.7542318618297577,
        0.6829377956390381,
        0.46265560744702816,
        0.32850719238817694,
        0.2489811677634716,
        1.9411336894631386,
        0.7483864295184612,
        0.5033351277709007,
        0.3488211761265993,
        0.2683342939838767,
        2.0179483526945114,
        0.8402173336744309,
        0.5500014408826828,
        0.40825335028767584,
        0.3244110378473997
    ],
    "train_acc": [
        96.67,
        97.58,
        97.66,
        97.68,
        97.77,
        96.52,
        97.23,
        97.33000000000001,
        97.84,
        97.75,
        96.52,
        97.39,
        97.56,
        98.00999999999999,
        98.03,
        96.89,
        97.50999999999999,
        97.87,
        97.92999999999999,
        97.74000000000001,
        96.96000000000001,
        98.0,
        97.89999999999999,
        97.92,
        97.97,
        97.0,
        97.61999999999999,
        97.87,
        98.11999999999999,
        98.11,
        97.2,
        97.84,
        98.17,
        98.19,
        98.19,
        97.13000000000001,
        97.91,
        98.06,
        98.13,
        98.17,
        97.02,
        97.94,
        98.02,
        98.08,
        97.98,
        96.93,
        97.65,
        97.92,
        98.05,
        98.02,
        96.44,
        97.54,
        97.71,
        97.85000000000001,
        97.99,
        96.2,
        97.37,
        97.72999999999999,
        97.8,
        97.77,
        95.94,
        97.07000000000001,
        97.50999999999999,
        97.78999999999999,
        97.67,
        95.41,
        96.95,
        97.21,
        97.39999999999999,
        97.56,
        91.12,
        94.96,
        96.07,
        96.44,
        96.78999999999999,
        89.36,
        93.81,
        95.04,
        95.83,
        96.32,
        83.91,
        92.75,
        94.73,
        95.37,
        95.57,
        78.78,
        90.4,
        92.69,
        93.76,
        94.22,
        75.42,
        90.14,
        92.45,
        93.43,
        93.78999999999999,
        54.84,
        89.07000000000001,
        91.78,
        92.83,
        93.11
    ],
    "train_loss": [
        0.10658254768855557,
        0.07607922009833737,
        0.07261028633073731,
        0.07948569206083138,
        0.07658467598783666,
        0.11239332580816246,
        0.08868273174735958,
        0.08262562528698744,
        0.07119946610280117,
        0.07351814909952464,
        0.11362878011238432,
        0.08446759923534122,
        0.07671321706405791,
        0.06090299613302585,
        0.0637791780214673,
        0.0991783009362435,
        0.07852616894733674,
        0.06669063632331877,
        0.06459361606369542,
        0.07877690437553773,
        0.09405003483044709,
        0.06435681280852881,
        0.06356970188040621,
        0.06524376058184213,
        0.07176015081098805,
        0.09290102084619022,
        0.07190726291176355,
        0.063290550254988,
        0.0642440059507394,
        0.05871019021483852,
        0.08837644237757264,
        0.06666782101850488,
        0.06063925661983158,
        0.0632241808594634,
        0.056560989625091124,
        0.08881744146793188,
        0.0663513506324906,
        0.06126188022895956,
        0.05944190993361331,
        0.06375884960689944,
        0.09711930275097222,
        0.06608684040316029,
        0.06102841450626443,
        0.0645330103768125,
        0.06711804692934596,
        0.10491072886182877,
        0.07722483634457973,
        0.06501544713012004,
        0.06340968379336771,
        0.06939938444641425,
        0.11792690189231834,
        0.07851164267972825,
        0.07134745736790453,
        0.06802031344561252,
        0.06739329597682686,
        0.13625797038217505,
        0.08657075898320286,
        0.07598153742108338,
        0.07204326833974749,
        0.0707261885940181,
        0.14414887565249454,
        0.09714505467898474,
        0.08273279966792081,
        0.0788604568656601,
        0.07909996801161927,
        0.16757685141247547,
        0.1078705417137303,
        0.09236557400523278,
        0.08876320408534503,
        0.08419624903283925,
        0.43571126130883564,
        0.2411251826111428,
        0.149395749887485,
        0.12725108527316303,
        0.11540145087920263,
        0.577185834596257,
        0.30752790241898176,
        0.20772672511503368,
        0.16265182942152023,
        0.14209985346003565,
        0.7767544360217934,
        0.3777701603081412,
        0.2401347326750527,
        0.1865959874839483,
        0.16935988187700687,
        0.9430483479699688,
        0.5637913403396835,
        0.40434279761271563,
        0.30403724848153346,
        0.25171442999097404,
        1.0618815079420627,
        0.60276990200945,
        0.4352722300026945,
        0.3230337586231574,
        0.27212386547091477,
        1.27377181138821,
        0.6537532158597501,
        0.48259937441991474,
        0.382931125824323,
        0.3094700569521167
    ],
    "sparsity": [
        0.0,
        0.0,
        0.0,
        0.0,
        0.0,
        0.2,
        0.2,
        0.2,
        0.2,
        0.2,
        0.3599977495217734,
        0.3599977495217734,
        0.3599977495217734,
        0.3599977495217734,
        0.3599977495217734,
        0.4879899478639211,
        0.4879899478639211,
        0.4879899478639211,
        0.4879899478639211,
        0.4879899478639211,
        0.5903829563782304,
        0.5903829563782304,
        0.5903829563782304,
        0.5903829563782304,
        0.5903829563782304,
        0.6722966130302689,
        0.6722966130302689,
        0.6722966130302689,
        0.6722966130302689,
        0.6722966130302689,
        0.7378267881924909,
        0.7378267881924909,
        0.7378267881924909,
        0.7378267881924909,
        0.7378267881924909,
        0.7902516784816773,
        0.7902516784816773,
        0.7902516784816773,
        0.7902516784816773,
        0.7902516784816773,
        0.8321893402347998,
        0.8321893402347998,
        0.8321893402347998,
        0.8321893402347998,
        0.8321893402347998,
        0.8657364689996624,
        0.8657364689996624,
        0.8657364689996624,
        0.8657364689996624,
        0.8657364689996624,
        0.8925809234462323,
        0.8925809234462323,
        0.8925809234462323,
        0.8925809234462323,
        0.8925809234462323,
        0.9140504857282172,
        0.9140504857282172,
        0.9140504857282172,
        0.9140504857282172,
        0.9140504857282172,
        0.9312291361914407,
        0.9312291361914407,
        0.9312291361914407,
        0.9312291361914407,
        0.9312291361914407,
        0.944968305764975,
        0.944968305764975,
        0.944968305764975,
        0.944968305764975,
        0.944968305764975,
        0.9559618919020292,
        0.9559618919020292,
        0.9559618919020292,
        0.9559618919020292,
        0.9559618919020292,
        0.9647612617681257,
        0.9647612617681257,
        0.9647612617681257,
        0.9647612617681257,
        0.9647612617681257,
        0.9717977570233675,
        0.9717977570233675,
        0.9717977570233675,
        0.9717977570233675,
        0.9717977570233675,
        0.9774314541840141,
        0.9774314541840141,
        0.9774314541840141,
        0.9774314541840141,
        0.9774314541840141,
        0.981928659840216,
        0.981928659840216,
        0.981928659840216,
        0.981928659840216,
        0.981928659840216,
        0.9855294250028132,
        0.9855294250028132,
        0.9855294250028132,
        0.9855294250028132,
        0.9855294250028132
    ]
}