{
    "args": {
        "load_last_pretrained": false,
        "model": "lenet",
        "dataset": "mnist",
        "epochs": 100,
        "batch_size": 60,
        "initialization": "xavier-normal-half",
        "learning_rate": 0.0012,
        "forget_model": false,
        "disable_cuda": false,
        "pruning_rate": 0.2,
        "pruning_interval": 5,
        "seed": 50
    },
    "test_acc": [
        96.38,
        97.88833333333334,
        98.39,
        98.705,
        98.95666666666668,
        97.10833333333333,
        97.99,
        98.71666666666667,
        98.93666666666667,
        99.11,
        97.05166666666668,
        98.40166666666667,
        98.87833333333333,
        99.14333333333335,
        99.33166666666666,
        97.43,
        98.51666666666667,
        98.96833333333333,
        99.34166666666667,
        99.565,
        97.61666666666666,
        98.47666666666667,
        99.14,
        99.06,
        99.61,
        97.70833333333333,
        98.70166666666667,
        99.12666666666667,
        99.37833333333333,
        99.65,
        97.77666666666667,
        98.92999999999999,
        99.19666666666667,
        99.325,
        99.49833333333333,
        97.77833333333334,
        98.86,
        99.35333333333334,
        99.65666666666667,
        99.47500000000001,
        97.66333333333334,
        98.94666666666667,
        99.42999999999999,
        99.58333333333333,
        99.74833333333333,
        97.64,
        98.82166666666666,
        99.32,
        99.61166666666666,
        99.71333333333334,
        97.175,
        98.52,
        99.17,
        99.43166666666666,
        99.58500000000001,
        96.55833333333334,
        98.14333333333335,
        98.84666666666668,
        99.25,
        99.40666666666667,
        96.13333333333334,
        97.8,
        98.575,
        98.98666666666666,
        99.16833333333334,
        95.485,
        97.39666666666666,
        98.21833333333333,
        98.71666666666667,
        98.92333333333333,
        94.83333333333334,
        96.84333333333333,
        97.72833333333332,
        98.27166666666668,
        98.6,
        92.965,
        96.35166666666667,
        97.28666666666666,
        97.75,
        98.16166666666668,
        92.92833333333334,
        96.12,
        97.08,
        97.52333333333333,
        97.81,
        80.015,
        94.64833333333334,
        95.97666666666666,
        96.56333333333333,
        96.97833333333334,
        81.87166666666667,
        94.14833333333334,
        95.745,
        96.22500000000001,
        96.50833333333333,
        77.125,
        93.24166666666667,
        95.08166666666666,
        95.71666666666667,
        96.05833333333334
    ],
    "test_loss": [
        0.25710656159650536,
        0.09831934056989848,
        0.06506731441663578,
        0.04803666900517419,
        0.038375236635911275,
        0.26516418494842947,
        0.09352056766347959,
        0.060444768415763975,
        0.04534560041152872,
        0.03412366571970051,
        0.25077325251325966,
        0.08415651831030846,
        0.0552849291972816,
        0.03849691100965719,
        0.02873904476733878,
        0.2476770013254136,
        0.07765549186128191,
        0.04913631069881376,
        0.03311746758152731,
        0.026063459787721514,
        0.2489967038780451,
        0.07060537461470813,
        0.04323415735398885,
        0.029574484987417236,
        0.022275345680420288,
        0.24656775540858508,
        0.06516486680647358,
        0.03871683310193475,
        0.02621288723795442,
        0.01879182061512256,
        0.26952385646197946,
        0.061630547640845176,
        0.034897206640220245,
        0.02316019217419671,
        0.016795001088175922,
        0.28704016291350126,
        0.060238867921056226,
        0.03447090199426748,
        0.02294171494312468,
        0.01654679545588442,
        0.31751331681758166,
        0.06421275790780782,
        0.03569654182472732,
        0.023973603388061746,
        0.017253937895147828,
        0.35374695038422943,
        0.06466916806483641,
        0.036304534406634045,
        0.024733660376921762,
        0.01844184225902427,
        0.4189433814696968,
        0.07786901139328256,
        0.04609767670393922,
        0.030924520895874594,
        0.023306678429536987,
        0.5061307768933475,
        0.09223323463927954,
        0.0557538694171235,
        0.03932687776000239,
        0.029837243208079598,
        0.6218553945347667,
        0.10554809571988881,
        0.06587968188617378,
        0.047588789966655894,
        0.037417604941874745,
        0.7649128645919263,
        0.12319562800694257,
        0.07901919727865607,
        0.059025006813928485,
        0.047438623940804975,
        0.9532812832519412,
        0.1422919873856008,
        0.09350061475113035,
        0.07130831091059373,
        0.0588685406818986,
        1.2757048787474632,
        0.1983640860542655,
        0.11414824841544031,
        0.08790039357636124,
        0.0741170773585327,
        1.3285753807276488,
        0.1973497419413179,
        0.12144855309650301,
        0.09587959970440715,
        0.08229159435303882,
        1.660506345808506,
        0.4480778519436717,
        0.1777924773953855,
        0.13347714661434293,
        0.11382344038784505,
        1.8323113098144532,
        0.5126721140444279,
        0.1913977626413107,
        0.14530709571950137,
        0.12711129143182187,
        1.978581336081028,
        0.6480958828926087,
        0.22267137804254888,
        0.16399279217422008,
        0.1433497492298484
    ],
    "train_acc": [
        95.78,
        97.13000000000001,
        97.44,
        97.28,
        97.63,
        96.75,
        97.17,
        97.54,
        97.57000000000001,
        97.87,
        96.54,
        97.45,
        97.66,
        97.8,
        97.72,
        97.02,
        97.81,
        97.85000000000001,
        97.92,
        98.04,
        97.2,
        97.68,
        97.86,
        97.67,
        98.18,
        97.23,
        97.78,
        97.89,
        98.16,
        98.06,
        97.16,
        98.03,
        98.02,
        98.04,
        98.03,
        97.32,
        97.72999999999999,
        98.03,
        98.33,
        97.89,
        97.15,
        98.11999999999999,
        98.16,
        98.19,
        98.36,
        97.19,
        97.87,
        98.25,
        98.16,
        98.11,
        96.69,
        97.76,
        97.91,
        98.14,
        98.16,
        96.08,
        97.41,
        97.83,
        97.97,
        97.88,
        96.02000000000001,
        97.28,
        97.67,
        97.91,
        97.91,
        95.28999999999999,
        96.92,
        97.38,
        97.64,
        97.64,
        94.93,
        96.49,
        97.09,
        97.36,
        97.47,
        93.06,
        95.88,
        96.6,
        96.96000000000001,
        97.04,
        92.97999999999999,
        95.74000000000001,
        96.64,
        96.78999999999999,
        96.89,
        80.62,
        94.28999999999999,
        95.37,
        95.88,
        96.11,
        82.69,
        93.78,
        95.14,
        95.67,
        95.77,
        78.25,
        93.26,
        94.78,
        95.33,
        95.62
    ],
    "train_loss": [
        0.13657251975225831,
        0.0943998873546095,
        0.08245367311710815,
        0.08739063898408173,
        0.07787499604237819,
        0.10730967284765786,
        0.08494415007598564,
        0.07787489818275242,
        0.07515678794574952,
        0.0705190728297234,
        0.10880815038111752,
        0.07649408391827417,
        0.06919233566624096,
        0.06920298094258917,
        0.07509861396546169,
        0.09547201426933982,
        0.0703048470073162,
        0.06665525215393502,
        0.06567993952368503,
        0.06547834233709884,
        0.09746613122612059,
        0.07729398266657696,
        0.06676592361628117,
        0.07879064790137714,
        0.05997257038283797,
        0.0928393667898403,
        0.07072526796771113,
        0.06529069293574792,
        0.06582429764365699,
        0.06542092055707269,
        0.09493397114363437,
        0.06693896689190122,
        0.06327175268552038,
        0.06744531011414535,
        0.0710042147049513,
        0.09154900920739074,
        0.0699517656212483,
        0.06182798792463086,
        0.05929198035270444,
        0.07229664109537133,
        0.0953540785383143,
        0.06450909545957417,
        0.05936784996695727,
        0.05858145041940566,
        0.05858870082420525,
        0.09941382972735488,
        0.06962264518526767,
        0.059224541671295275,
        0.06212668352158082,
        0.06392784658638191,
        0.11418489594302492,
        0.0720468891650706,
        0.06546374976713054,
        0.0627400620413866,
        0.06302245231387121,
        0.1326186020752627,
        0.08623479940220267,
        0.07136119038987526,
        0.06358442216704482,
        0.0644863789627875,
        0.1465080934994949,
        0.09668045229986756,
        0.07743385968685239,
        0.07136573719870143,
        0.07112034097659642,
        0.16263529883619554,
        0.1062147301471162,
        0.08754703597148913,
        0.07883457656709957,
        0.07445023381667111,
        0.1892731170097511,
        0.12312504303959494,
        0.10062584365734797,
        0.09145019291258769,
        0.08538917098668387,
        0.32271584341982884,
        0.1486571552510747,
        0.11790242294842254,
        0.1052678365840348,
        0.09727321832836745,
        0.3075960150914278,
        0.14921216664467743,
        0.12044137783214717,
        0.10959557193459686,
        0.10340110460731262,
        0.8064172817561441,
        0.22991518604898167,
        0.1590915532213842,
        0.13996361529532664,
        0.12766060749526154,
        0.9973357808804084,
        0.2501008717599743,
        0.16828423254414945,
        0.14713284494857232,
        0.1389412265382484,
        1.1442442350758764,
        0.296554952056822,
        0.18624514807573336,
        0.16101823945691485,
        0.15116392536657655
    ],
    "sparsity": [
        0.0,
        0.0,
        0.0,
        0.0,
        0.0,
        0.2,
        0.2,
        0.2,
        0.2,
        0.2,
        0.3599977495217734,
        0.3599977495217734,
        0.3599977495217734,
        0.3599977495217734,
        0.3599977495217734,
        0.4879899478639211,
        0.4879899478639211,
        0.4879899478639211,
        0.4879899478639211,
        0.4879899478639211,
        0.5903829563782304,
        0.5903829563782304,
        0.5903829563782304,
        0.5903829563782304,
        0.5903829563782304,
        0.6722966130302689,
        0.6722966130302689,
        0.6722966130302689,
        0.6722966130302689,
        0.6722966130302689,
        0.7378267881924909,
        0.7378267881924909,
        0.7378267881924909,
        0.7378267881924909,
        0.7378267881924909,
        0.7902516784816773,
        0.7902516784816773,
        0.7902516784816773,
        0.7902516784816773,
        0.7902516784816773,
        0.8321893402347998,
        0.8321893402347998,
        0.8321893402347998,
        0.8321893402347998,
        0.8321893402347998,
        0.8657364689996624,
        0.8657364689996624,
        0.8657364689996624,
        0.8657364689996624,
        0.8657364689996624,
        0.8925809234462323,
        0.8925809234462323,
        0.8925809234462323,
        0.8925809234462323,
        0.8925809234462323,
        0.9140504857282172,
        0.9140504857282172,
        0.9140504857282172,
        0.9140504857282172,
        0.9140504857282172,
        0.9312291361914407,
        0.9312291361914407,
        0.9312291361914407,
        0.9312291361914407,
        0.9312291361914407,
        0.944968305764975,
        0.944968305764975,
        0.944968305764975,
        0.944968305764975,
        0.944968305764975,
        0.9559618919020292,
        0.9559618919020292,
        0.9559618919020292,
        0.9559618919020292,
        0.9559618919020292,
        0.9647612617681257,
        0.9647612617681257,
        0.9647612617681257,
        0.9647612617681257,
        0.9647612617681257,
        0.9717977570233675,
        0.9717977570233675,
        0.9717977570233675,
        0.9717977570233675,
        0.9717977570233675,
        0.9774314541840141,
        0.9774314541840141,
        0.9774314541840141,
        0.9774314541840141,
        0.9774314541840141,
        0.981928659840216,
        0.981928659840216,
        0.981928659840216,
        0.981928659840216,
        0.981928659840216,
        0.9855294250028132,
        0.9855294250028132,
        0.9855294250028132,
        0.9855294250028132,
        0.9855294250028132
    ]
}