{
    "args": {
        "load_last_pretrained": false,
        "model": "lenet",
        "dataset": "mnist",
        "epochs": 100,
        "batch_size": 60,
        "initialization": "xavier-normal-double",
        "learning_rate": 0.0012,
        "forget_model": false,
        "disable_cuda": false,
        "pruning_rate": 0.2,
        "pruning_interval": 5,
        "seed": 51
    },
    "test_acc": [
        96.95333333333333,
        98.13666666666667,
        98.51833333333333,
        99.03666666666666,
        99.03999999999999,
        96.285,
        97.925,
        98.52333333333333,
        98.9,
        99.12166666666667,
        97.09333333333333,
        98.19666666666666,
        98.57000000000001,
        99.25500000000001,
        99.09833333333333,
        97.26166666666667,
        98.68,
        99.12833333333333,
        99.045,
        99.52499999999999,
        97.70833333333333,
        98.34666666666666,
        99.16666666666667,
        99.11666666666666,
        99.56,
        97.84666666666666,
        99.01666666666667,
        99.185,
        99.53833333333333,
        99.57333333333334,
        97.515,
        98.91333333333333,
        99.25500000000001,
        99.605,
        99.695,
        97.97833333333334,
        98.96000000000001,
        99.425,
        99.64666666666666,
        99.77166666666668,
        97.82833333333333,
        98.95333333333333,
        99.43833333333333,
        99.56666666666666,
        99.51166666666667,
        97.55166666666668,
        98.69166666666666,
        99.325,
        99.54833333333333,
        99.67833333333334,
        97.22666666666666,
        98.695,
        99.20333333333333,
        99.42833333333333,
        99.57666666666667,
        96.63333333333334,
        98.43333333333332,
        98.95666666666668,
        99.31,
        99.38166666666667,
        95.97833333333334,
        97.87166666666667,
        98.6,
        99.07666666666667,
        99.27,
        95.48833333333333,
        97.65,
        98.42333333333333,
        98.82166666666666,
        99.01666666666667,
        94.90333333333332,
        97.10499999999999,
        97.91333333333333,
        98.36666666666667,
        98.59,
        93.03833333333333,
        96.385,
        97.33500000000001,
        97.84166666666667,
        98.07833333333333,
        91.375,
        95.88333333333333,
        96.97333333333333,
        97.43666666666667,
        97.75333333333333,
        76.34,
        90.88333333333334,
        93.79333333333332,
        94.955,
        95.56333333333333,
        66.42333333333333,
        73.715,
        84.07166666666667,
        85.08833333333334,
        85.62666666666667,
        59.32833333333334,
        72.545,
        82.855,
        83.50833333333333,
        84.09333333333333
    ],
    "test_loss": [
        0.22509995236620306,
        0.08947168370615691,
        0.059447894695098515,
        0.043692537268507296,
        0.037761710032238625,
        0.27460223640315234,
        0.09936040083831175,
        0.0652452800256433,
        0.049188770337495955,
        0.03530605564068537,
        0.253131148993969,
        0.0833592548314482,
        0.05604917879542336,
        0.04063095076335594,
        0.030096644595440012,
        0.24544668265897782,
        0.07737190797552466,
        0.047640442969743166,
        0.0352350415433757,
        0.026270477701327764,
        0.24896053874120117,
        0.06990355433360673,
        0.044286081228638065,
        0.030634626067476346,
        0.022052093358332057,
        0.2460779002988711,
        0.06256272413069382,
        0.03801411607745103,
        0.025913369248039088,
        0.018604085329716327,
        0.2631115576904267,
        0.0601942719547078,
        0.03586772981181275,
        0.023420300822006537,
        0.016928180600662018,
        0.2825621001739055,
        0.058285247697029266,
        0.033578432423411866,
        0.022007556265598395,
        0.014894089966837783,
        0.2982417564643547,
        0.05803894836548716,
        0.03369813530019019,
        0.021509430282283575,
        0.015453814216016326,
        0.346887327093631,
        0.06624467655131594,
        0.038535521905112544,
        0.026508336886705366,
        0.018570844595727977,
        0.41937653316557405,
        0.0766473454395309,
        0.04453114979737438,
        0.029885671867174095,
        0.022550890037789942,
        0.5020728101115673,
        0.08963903923425823,
        0.051865915666334333,
        0.0364827181242872,
        0.027964738811773714,
        0.6002385959029197,
        0.10260427553299814,
        0.06253850604873151,
        0.045205690859351305,
        0.03567739183828235,
        0.7411627199277282,
        0.11931434604153036,
        0.0727814315170981,
        0.05400548918242566,
        0.04288059566449374,
        0.9029651795253157,
        0.1371207128930837,
        0.08823431264329702,
        0.06765631245449186,
        0.05620286250812933,
        1.2610607789903878,
        0.1863604139611125,
        0.11423174631036818,
        0.08760339642688632,
        0.07443171023391187,
        1.3902200310230255,
        0.2197639347165823,
        0.12981230771169067,
        0.10003829403128475,
        0.08492705034697429,
        1.6383567348122596,
        0.6142320345342159,
        0.3892373384386301,
        0.2549882739931345,
        0.1977208611667156,
        1.899675797700882,
        1.0376814789772033,
        0.668071599394083,
        0.44817592403292655,
        0.37883651803433893,
        1.9708446705341338,
        1.10762932407856,
        0.6963846818208694,
        0.5200915492475032,
        0.44124628487229345
    ],
    "train_acc": [
        95.76,
        96.77,
        96.89,
        97.77,
        97.42,
        95.89,
        97.24000000000001,
        97.57000000000001,
        97.63,
        97.83,
        96.5,
        97.34,
        97.39999999999999,
        97.99,
        97.66,
        96.8,
        97.63,
        97.83,
        97.81,
        98.07000000000001,
        96.97,
        97.34,
        97.8,
        97.87,
        98.22999999999999,
        97.16,
        98.05,
        98.07000000000001,
        97.99,
        98.22,
        97.11,
        97.95,
        97.91,
        98.11,
        98.2,
        97.35000000000001,
        97.89,
        97.94,
        98.17,
        98.28,
        97.32,
        97.75,
        98.04,
        98.04,
        97.88,
        97.04,
        97.72,
        98.06,
        98.16,
        98.25,
        96.65,
        97.65,
        97.88,
        98.09,
        98.04,
        96.17999999999999,
        97.49,
        97.66,
        97.97,
        97.84,
        95.66,
        97.11999999999999,
        97.56,
        97.89,
        97.89,
        95.25,
        96.89,
        97.35000000000001,
        97.66,
        97.61,
        94.65,
        96.46000000000001,
        96.96000000000001,
        97.39999999999999,
        97.3,
        93.35,
        96.09,
        96.72,
        96.99,
        97.06,
        92.15,
        95.53,
        96.36,
        96.59,
        96.78,
        77.09,
        90.71000000000001,
        93.28,
        94.31,
        94.82000000000001,
        66.03,
        73.11999999999999,
        83.32000000000001,
        84.09,
        84.67,
        59.150000000000006,
        71.92,
        82.12,
        82.80999999999999,
        83.37
    ],
    "train_loss": [
        0.12746504342886145,
        0.10592106925490909,
        0.09677568220736983,
        0.08118540914952309,
        0.08648463090516426,
        0.13211838956810756,
        0.0912079957765555,
        0.08246053656295477,
        0.07432172984626523,
        0.07335162484351947,
        0.10974433197232777,
        0.08196797404817478,
        0.08411432481454519,
        0.06832995085034542,
        0.07583784351604962,
        0.10300434090219393,
        0.07639085838827722,
        0.06626053071095647,
        0.06937154335901141,
        0.06584501429077538,
        0.09693575531668114,
        0.08582592981973451,
        0.06837130784374958,
        0.0746975145267858,
        0.07010617363371212,
        0.0873942043476119,
        0.06677952629073473,
        0.06861930962548797,
        0.06698205148171031,
        0.06799475708941533,
        0.09760008790268156,
        0.06991534613067295,
        0.07042491979183194,
        0.06415986011716576,
        0.06864750554923157,
        0.08794603395292502,
        0.06586814587266591,
        0.06411447432756558,
        0.06222381890287154,
        0.06077347621464583,
        0.09299188668834056,
        0.07133675315473118,
        0.06308374148207957,
        0.06618085792037229,
        0.07300045298207496,
        0.10375400728540506,
        0.07385644538350358,
        0.0634389448071646,
        0.0607340445834028,
        0.06254604023541073,
        0.1157522865844344,
        0.07693050134770885,
        0.06639421795157459,
        0.06625188405982436,
        0.06694496300177437,
        0.13479880864235633,
        0.08434969784056176,
        0.07420582434407876,
        0.06783869540357884,
        0.07316652953647032,
        0.15099511876657695,
        0.09846102166363223,
        0.08256465067785836,
        0.07416582548946231,
        0.07277505407751186,
        0.16506400057477152,
        0.10631041222079071,
        0.08691366898275153,
        0.07875861651766042,
        0.07710523856246097,
        0.18874202467902693,
        0.12179937310695291,
        0.10231123151380324,
        0.09176006857974979,
        0.09091582959573605,
        0.27654048291865935,
        0.14471925725926182,
        0.11455452482322019,
        0.10451132833154615,
        0.10129871252857282,
        0.3373339409956675,
        0.16506365548350854,
        0.12775848121633251,
        0.11591912873791987,
        0.10852107310299566,
        0.7945037112978404,
        0.49293742779486194,
        0.32284117878197194,
        0.2425922063028741,
        0.21156728506355943,
        1.2762321212334546,
        0.8481358271872926,
        0.5245659692201786,
        0.42108604472554373,
        0.38050384078910965,
        1.4329927388779418,
        0.8677860823220122,
        0.5957883724909343,
        0.4953530950103691,
        0.44559645037094275
    ],
    "sparsity": [
        0.0,
        0.0,
        0.0,
        0.0,
        0.0,
        0.2,
        0.2,
        0.2,
        0.2,
        0.2,
        0.3599977495217734,
        0.3599977495217734,
        0.3599977495217734,
        0.3599977495217734,
        0.3599977495217734,
        0.4879899478639211,
        0.4879899478639211,
        0.4879899478639211,
        0.4879899478639211,
        0.4879899478639211,
        0.5903829563782304,
        0.5903829563782304,
        0.5903829563782304,
        0.5903829563782304,
        0.5903829563782304,
        0.6722966130302689,
        0.6722966130302689,
        0.6722966130302689,
        0.6722966130302689,
        0.6722966130302689,
        0.7378267881924909,
        0.7378267881924909,
        0.7378267881924909,
        0.7378267881924909,
        0.7378267881924909,
        0.7902516784816773,
        0.7902516784816773,
        0.7902516784816773,
        0.7902516784816773,
        0.7902516784816773,
        0.8321893402347998,
        0.8321893402347998,
        0.8321893402347998,
        0.8321893402347998,
        0.8321893402347998,
        0.8657364689996624,
        0.8657364689996624,
        0.8657364689996624,
        0.8657364689996624,
        0.8657364689996624,
        0.8925809234462323,
        0.8925809234462323,
        0.8925809234462323,
        0.8925809234462323,
        0.8925809234462323,
        0.9140504857282172,
        0.9140504857282172,
        0.9140504857282172,
        0.9140504857282172,
        0.9140504857282172,
        0.9312291361914407,
        0.9312291361914407,
        0.9312291361914407,
        0.9312291361914407,
        0.9312291361914407,
        0.944968305764975,
        0.944968305764975,
        0.944968305764975,
        0.944968305764975,
        0.944968305764975,
        0.9559618919020292,
        0.9559618919020292,
        0.9559618919020292,
        0.9559618919020292,
        0.9559618919020292,
        0.9647612617681257,
        0.9647612617681257,
        0.9647612617681257,
        0.9647612617681257,
        0.9647612617681257,
        0.9717977570233675,
        0.9717977570233675,
        0.9717977570233675,
        0.9717977570233675,
        0.9717977570233675,
        0.9774314541840141,
        0.9774314541840141,
        0.9774314541840141,
        0.9774314541840141,
        0.9774314541840141,
        0.981928659840216,
        0.981928659840216,
        0.981928659840216,
        0.981928659840216,
        0.981928659840216,
        0.9855294250028132,
        0.9855294250028132,
        0.9855294250028132,
        0.9855294250028132,
        0.9855294250028132
    ]
}