{
    "args": {
        "load_last_pretrained": false,
        "model": "lenet",
        "dataset": "mnist",
        "epochs": 100,
        "batch_size": 60,
        "initialization": "xavier-uniform-double",
        "learning_rate": 0.0012,
        "forget_model": false,
        "disable_cuda": false,
        "pruning_rate": 0.2,
        "pruning_interval": 5,
        "seed": 46
    },
    "test_acc": [
        96.99166666666666,
        98.27166666666668,
        98.67833333333334,
        98.99166666666666,
        99.0,
        97.00833333333333,
        97.89833333333333,
        98.515,
        98.91,
        99.38666666666667,
        97.22333333333333,
        98.31833333333333,
        98.83166666666666,
        98.835,
        99.30333333333333,
        97.28,
        98.39833333333333,
        99.02,
        99.13333333333333,
        99.27666666666667,
        97.49833333333333,
        98.36166666666666,
        99.08333333333333,
        99.50833333333333,
        99.565,
        97.55166666666668,
        98.78666666666666,
        99.16333333333334,
        99.48166666666667,
        99.66166666666668,
        97.67833333333333,
        98.98,
        99.09666666666666,
        99.225,
        99.56166666666667,
        97.64500000000001,
        98.91166666666666,
        99.335,
        99.60833333333333,
        99.515,
        97.60333333333332,
        98.77,
        99.39666666666666,
        99.47500000000001,
        99.59333333333333,
        97.50166666666667,
        98.58166666666666,
        99.24666666666667,
        99.52833333333334,
        99.67666666666666,
        97.13666666666667,
        98.50999999999999,
        99.10333333333334,
        99.265,
        99.625,
        96.65166666666667,
        98.16,
        98.625,
        99.15666666666667,
        99.40666666666667,
        96.15833333333333,
        97.80333333333333,
        98.61333333333333,
        98.92999999999999,
        99.21666666666667,
        95.545,
        97.40833333333333,
        98.17833333333333,
        98.60666666666667,
        98.905,
        94.75166666666667,
        96.74333333333334,
        97.69166666666666,
        98.17333333333333,
        98.38166666666666,
        93.70666666666668,
        96.46166666666667,
        97.40333333333334,
        97.76666666666667,
        98.05833333333334,
        91.62666666666667,
        95.75333333333333,
        96.79166666666667,
        97.26833333333333,
        97.62166666666666,
        84.39,
        94.34166666666667,
        95.80499999999999,
        96.46666666666667,
        96.87833333333333,
        75.33166666666666,
        91.53999999999999,
        93.53666666666666,
        94.30666666666667,
        94.88666666666667,
        69.41000000000001,
        90.52666666666667,
        93.34,
        94.24,
        94.62833333333333
    ],
    "test_loss": [
        0.2393334565991536,
        0.09236115349642933,
        0.0669003718252061,
        0.048369176222826354,
        0.035384020157711346,
        0.27938636946119366,
        0.09698744712444023,
        0.06471502230595798,
        0.049518069563084285,
        0.03733501828083536,
        0.2584194642398506,
        0.0864952550062444,
        0.05642431217804551,
        0.04115228010166902,
        0.030460761696798726,
        0.2537462136344984,
        0.07820203453628347,
        0.05113346435991116,
        0.036221081616939044,
        0.026871351828653134,
        0.2524797917678952,
        0.07287148793041706,
        0.04520296627748758,
        0.032001439550018405,
        0.022608204521500738,
        0.2555819150423631,
        0.06683286502538249,
        0.040918808752670885,
        0.028152790993393864,
        0.02142916800912644,
        0.27368337830435485,
        0.06195287599181756,
        0.03699794405279681,
        0.025156698312959632,
        0.017602235912170725,
        0.29579150437004864,
        0.06454009287338704,
        0.03626080778136384,
        0.024511100657051428,
        0.017303115900605917,
        0.3238525991262868,
        0.0661404194124043,
        0.03753071630361956,
        0.026071707879542372,
        0.018088613417057788,
        0.3635347490161657,
        0.07088101837830618,
        0.04180088357068598,
        0.02749353438813705,
        0.020201444426842498,
        0.4249786294456571,
        0.0785721230613999,
        0.04700369451241568,
        0.03262735638429876,
        0.023879153042682448,
        0.5163271285891533,
        0.09292252237908542,
        0.057690494531299916,
        0.04139443676965311,
        0.031360301875509325,
        0.6267165532708168,
        0.10442520111240447,
        0.06585328574990854,
        0.048962911195587364,
        0.03862523055053316,
        0.7647158945277334,
        0.12101966357138008,
        0.07801421876996756,
        0.05916551841795444,
        0.04766294634225778,
        0.9184557347372174,
        0.14340530330874027,
        0.09730370109248906,
        0.07624593685055152,
        0.06326459156908094,
        1.2197981336414814,
        0.16572044501639902,
        0.10870353644434362,
        0.0859142688587308,
        0.07352227193349972,
        1.3838894937038422,
        0.2046274849437177,
        0.13141373573057352,
        0.10475876514893025,
        0.09066834398172796,
        1.6724350056052208,
        0.32934501518309117,
        0.171692109759897,
        0.13445298694632948,
        0.11693997369334101,
        1.8734903301000596,
        0.711258217483759,
        0.31448172353208065,
        0.23364683011174203,
        0.20109855384379624,
        1.9350679534673692,
        0.763156997680664,
        0.3219901276156306,
        0.23743079780042173,
        0.2044638317450881
    ],
    "train_acc": [
        96.23,
        96.97,
        97.34,
        97.43,
        97.5,
        96.46000000000001,
        97.26,
        97.44,
        97.68,
        97.96000000000001,
        96.76,
        97.52,
        97.57000000000001,
        97.54,
        97.87,
        96.67999999999999,
        97.61,
        97.78,
        97.95,
        97.69,
        96.85000000000001,
        97.39999999999999,
        97.85000000000001,
        98.00999999999999,
        98.09,
        96.82,
        97.86,
        97.85000000000001,
        98.08,
        98.1,
        97.2,
        97.91,
        97.84,
        97.6,
        98.1,
        97.22,
        97.87,
        98.05,
        97.97,
        97.83,
        97.15,
        97.89,
        98.06,
        98.06,
        97.94,
        97.19,
        97.56,
        97.98,
        98.04,
        98.08,
        96.55,
        97.52,
        97.84,
        98.03,
        98.11999999999999,
        96.39,
        97.39999999999999,
        97.59,
        97.75,
        97.89,
        95.76,
        97.13000000000001,
        97.54,
        97.6,
        97.87,
        95.23,
        96.81,
        97.37,
        97.59,
        97.61,
        94.42,
        96.32,
        97.14,
        97.31,
        97.5,
        93.76,
        96.12,
        96.98,
        97.17,
        97.26,
        92.08,
        95.5,
        96.37,
        96.67999999999999,
        96.84,
        85.3,
        94.27,
        95.32000000000001,
        95.89,
        96.26,
        75.94,
        91.7,
        93.24,
        93.95,
        94.19,
        70.41,
        90.66,
        93.05,
        93.95,
        94.19999999999999
    ],
    "train_loss": [
        0.12053806380463575,
        0.09919817460712023,
        0.08472213557570013,
        0.09014074344740076,
        0.08502745521352431,
        0.11501090933462817,
        0.08463137200475855,
        0.08242033075117422,
        0.0745772187051525,
        0.06624552012667963,
        0.10536287059104014,
        0.08252998824024986,
        0.07749413746871991,
        0.08344456037328005,
        0.07009635782245725,
        0.10419305623648409,
        0.07589809061585741,
        0.06769708851714824,
        0.06469281505818429,
        0.081927859366587,
        0.1010849678018939,
        0.08200464173482207,
        0.06675695419844106,
        0.06751601996170747,
        0.06882755286450648,
        0.10048119599434609,
        0.07071741866672825,
        0.06857790265157038,
        0.06653159204591623,
        0.06760636874834287,
        0.09280665832276117,
        0.06592479131664121,
        0.06768180883188403,
        0.0767822748473232,
        0.06520019935424479,
        0.09576043039894924,
        0.06914462929056166,
        0.060942046675401665,
        0.06209651992410912,
        0.07039882948421343,
        0.09822831022647951,
        0.07021967613578824,
        0.06138989952543449,
        0.06307037131063373,
        0.06893826658003768,
        0.10222297348082066,
        0.0755811322558515,
        0.06301397427604227,
        0.06339114427031158,
        0.06310002447083637,
        0.11459103584691079,
        0.07696609442752457,
        0.06566319280320745,
        0.06165153854791477,
        0.06454752642740802,
        0.13061376562910879,
        0.08971227828725548,
        0.07948082012074169,
        0.07001588943213626,
        0.06949968122205179,
        0.14826688677920197,
        0.09807870654712715,
        0.0824084189486227,
        0.07626228924829535,
        0.07215108836493539,
        0.16651746222448205,
        0.10966273359842822,
        0.09064610448559958,
        0.08311012860465639,
        0.08051799733225189,
        0.1893114571621318,
        0.12666726219439936,
        0.10393379755808922,
        0.09298408897537849,
        0.09050243079640016,
        0.22831904152017868,
        0.13684256356990265,
        0.11133246031216161,
        0.10264267552710936,
        0.09742839563593357,
        0.29973896311785647,
        0.15972946258540638,
        0.12915175654618682,
        0.11770714364923582,
        0.1100739029286329,
        0.6797525440147537,
        0.208979074737269,
        0.16091947382438682,
        0.143460651759259,
        0.13165471229902997,
        1.159741443074392,
        0.40186937037342324,
        0.26662024770846626,
        0.2267286118097648,
        0.20717749713423722,
        1.2637872467497866,
        0.41895981079447053,
        0.2723108444385186,
        0.22913801268546166,
        0.21148741883253622
    ],
    "sparsity": [
        0.0,
        0.0,
        0.0,
        0.0,
        0.0,
        0.2,
        0.2,
        0.2,
        0.2,
        0.2,
        0.3599977495217734,
        0.3599977495217734,
        0.3599977495217734,
        0.3599977495217734,
        0.3599977495217734,
        0.4879899478639211,
        0.4879899478639211,
        0.4879899478639211,
        0.4879899478639211,
        0.4879899478639211,
        0.5903829563782304,
        0.5903829563782304,
        0.5903829563782304,
        0.5903829563782304,
        0.5903829563782304,
        0.6722966130302689,
        0.6722966130302689,
        0.6722966130302689,
        0.6722966130302689,
        0.6722966130302689,
        0.7378267881924909,
        0.7378267881924909,
        0.7378267881924909,
        0.7378267881924909,
        0.7378267881924909,
        0.7902516784816773,
        0.7902516784816773,
        0.7902516784816773,
        0.7902516784816773,
        0.7902516784816773,
        0.8321893402347998,
        0.8321893402347998,
        0.8321893402347998,
        0.8321893402347998,
        0.8321893402347998,
        0.8657364689996624,
        0.8657364689996624,
        0.8657364689996624,
        0.8657364689996624,
        0.8657364689996624,
        0.8925809234462323,
        0.8925809234462323,
        0.8925809234462323,
        0.8925809234462323,
        0.8925809234462323,
        0.9140504857282172,
        0.9140504857282172,
        0.9140504857282172,
        0.9140504857282172,
        0.9140504857282172,
        0.9312291361914407,
        0.9312291361914407,
        0.9312291361914407,
        0.9312291361914407,
        0.9312291361914407,
        0.944968305764975,
        0.944968305764975,
        0.944968305764975,
        0.944968305764975,
        0.944968305764975,
        0.9559618919020292,
        0.9559618919020292,
        0.9559618919020292,
        0.9559618919020292,
        0.9559618919020292,
        0.9647612617681257,
        0.9647612617681257,
        0.9647612617681257,
        0.9647612617681257,
        0.9647612617681257,
        0.9717977570233675,
        0.9717977570233675,
        0.9717977570233675,
        0.9717977570233675,
        0.9717977570233675,
        0.9774314541840141,
        0.9774314541840141,
        0.9774314541840141,
        0.9774314541840141,
        0.9774314541840141,
        0.981928659840216,
        0.981928659840216,
        0.981928659840216,
        0.981928659840216,
        0.981928659840216,
        0.9855294250028132,
        0.9855294250028132,
        0.9855294250028132,
        0.9855294250028132,
        0.9855294250028132
    ]
}