{
    "args": {
        "load_last_pretrained": false,
        "model": "lenet",
        "dataset": "mnist",
        "epochs": 100,
        "batch_size": 60,
        "initialization": "xavier-uniform",
        "learning_rate": 0.0012,
        "forget_model": false,
        "disable_cuda": false,
        "pruning_rate": 0.2,
        "pruning_interval": 5,
        "seed": 49
    },
    "test_acc": [
        97.04833333333333,
        98.31833333333333,
        98.60333333333332,
        98.71166666666666,
        99.16666666666667,
        96.77,
        98.16,
        98.52499999999999,
        98.92999999999999,
        99.09833333333333,
        97.22833333333334,
        98.26833333333333,
        98.78833333333333,
        99.285,
        99.46833333333333,
        97.44166666666668,
        98.53666666666666,
        98.92666666666666,
        99.345,
        99.20333333333333,
        97.475,
        98.72166666666666,
        98.955,
        99.31833333333333,
        99.51333333333334,
        97.75500000000001,
        98.75166666666667,
        99.23833333333333,
        99.22666666666666,
        99.69,
        97.87166666666667,
        98.95,
        99.27166666666668,
        99.555,
        99.61,
        97.815,
        98.87666666666667,
        99.38833333333334,
        99.58500000000001,
        99.675,
        97.81666666666666,
        99.01333333333334,
        99.36,
        99.63,
        99.65833333333333,
        97.585,
        98.8,
        99.32166666666666,
        99.55833333333334,
        99.67833333333334,
        97.02833333333334,
        98.455,
        99.12666666666667,
        99.35833333333333,
        99.51333333333334,
        96.53333333333333,
        98.14833333333334,
        98.875,
        99.155,
        99.38166666666667,
        96.165,
        97.89333333333333,
        98.51166666666667,
        98.94833333333334,
        99.01333333333334,
        95.52833333333334,
        97.61999999999999,
        98.23333333333333,
        98.64,
        98.88,
        95.01166666666667,
        97.21833333333333,
        97.91499999999999,
        98.26,
        98.55000000000001,
        93.58666666666666,
        96.31666666666666,
        97.435,
        97.95333333333333,
        98.265,
        77.95833333333333,
        93.12666666666667,
        95.02166666666668,
        95.95,
        96.61666666666666,
        70.83333333333334,
        93.045,
        94.64166666666667,
        95.31333333333333,
        95.95166666666667,
        67.32333333333334,
        90.99333333333334,
        93.70833333333334,
        94.44,
        94.73,
        57.17,
        88.73333333333333,
        92.84666666666666,
        93.73833333333333,
        94.235
    ],
    "test_loss": [
        0.21493080699630082,
        0.08863117631338537,
        0.058745002800947986,
        0.04460996391373919,
        0.03380171745625558,
        0.26365846970677376,
        0.09243019228149206,
        0.06113915615598671,
        0.04368838667403906,
        0.03529964902845677,
        0.2535166390091181,
        0.08541899626748636,
        0.05690979341731872,
        0.0398170694981236,
        0.030186949555238242,
        0.2437049570819363,
        0.07747039885120466,
        0.05021835283981636,
        0.034984272676985714,
        0.02565691770624835,
        0.24549669743236155,
        0.06976618762640283,
        0.04441376488364767,
        0.030151271392416676,
        0.02258877748181112,
        0.25573190444801003,
        0.06551321969763375,
        0.03940921717393212,
        0.027338401289307514,
        0.019431209204587505,
        0.26738251218944786,
        0.06178730803658254,
        0.03612661834264873,
        0.023555938531237188,
        0.01797628552178503,
        0.2885945243705064,
        0.061461094255326316,
        0.0357224933373509,
        0.02349006097362144,
        0.01711513566033682,
        0.3168707040483132,
        0.06276605943171308,
        0.035894835686311126,
        0.02445321002457058,
        0.01756037316925358,
        0.358186914248392,
        0.066480309775332,
        0.03975874768418725,
        0.027036407501465874,
        0.01949645351144136,
        0.4180937083829194,
        0.076881672071293,
        0.04638014282518998,
        0.03222657504747622,
        0.023785552376619307,
        0.5083477882482111,
        0.09251757710985839,
        0.05641788140474819,
        0.03992486701672897,
        0.030623410678643267,
        0.6208334498181939,
        0.10503449185844511,
        0.06639690246642567,
        0.04897166355419904,
        0.038659153133630754,
        0.7695286440551281,
        0.11914170936308802,
        0.07568311827909201,
        0.0570504810414277,
        0.04659600733174011,
        0.9241927875876427,
        0.13582999373506754,
        0.08852935654949397,
        0.06885219862265513,
        0.0572999337669462,
        1.1153450570106507,
        0.17052096830308439,
        0.11027998896408826,
        0.08390512810181826,
        0.06981473491014913,
        1.5826870404481888,
        0.6544932938218117,
        0.36983015649020673,
        0.23117610580474138,
        0.16803374844789504,
        1.5934088159799575,
        0.682659365028143,
        0.4438294886946678,
        0.2880861741155386,
        0.2017838671579957,
        1.7713978329896927,
        0.7323828607797622,
        0.4885403407514095,
        0.3631159556657076,
        0.2783335468620062,
        1.957659455895424,
        0.853906905412674,
        0.5775713683664798,
        0.40947125977277754,
        0.3067533533722162
    ],
    "train_acc": [
        96.37,
        97.5,
        97.46000000000001,
        97.47,
        97.76,
        96.44,
        97.43,
        97.35000000000001,
        97.58,
        97.50999999999999,
        96.78,
        97.47,
        97.76,
        98.18,
        98.04,
        97.02,
        97.61999999999999,
        97.77,
        97.89999999999999,
        97.78999999999999,
        97.04,
        97.92,
        97.89,
        97.88,
        97.98,
        97.13000000000001,
        97.78,
        97.95,
        97.6,
        98.14,
        97.18,
        97.85000000000001,
        97.98,
        98.17,
        98.11,
        97.35000000000001,
        97.84,
        98.18,
        98.2,
        98.2,
        97.23,
        98.00999999999999,
        98.16,
        98.09,
        98.15,
        96.99,
        97.92999999999999,
        98.00999999999999,
        98.11,
        98.09,
        96.75,
        97.72,
        98.07000000000001,
        98.08,
        98.06,
        96.07,
        97.50999999999999,
        97.85000000000001,
        97.89,
        97.81,
        95.84,
        97.33000000000001,
        97.52,
        97.74000000000001,
        97.78,
        95.13000000000001,
        96.99,
        97.46000000000001,
        97.54,
        97.66,
        94.81,
        96.77,
        97.18,
        97.41,
        97.55,
        93.81,
        95.78,
        96.65,
        97.06,
        97.27,
        78.11,
        92.83,
        94.43,
        95.33,
        95.88,
        71.00999999999999,
        92.78999999999999,
        94.22,
        94.95,
        95.39999999999999,
        67.78999999999999,
        91.11,
        93.45,
        94.17999999999999,
        94.28,
        57.49999999999999,
        88.94,
        92.62,
        93.14,
        93.49
    ],
    "train_loss": [
        0.11532173749661731,
        0.08104697599432649,
        0.07774840040455856,
        0.08462397506862075,
        0.08280928849666463,
        0.11451219691487843,
        0.08268134223721074,
        0.08244230747669043,
        0.07620382640569354,
        0.07589957241211533,
        0.10534760787034642,
        0.07783781297081066,
        0.07191031712001401,
        0.06087144520022198,
        0.06319969662250449,
        0.09537115056223855,
        0.07364694911618522,
        0.06841988401336896,
        0.0700452495003844,
        0.07725627973053917,
        0.09504707507276071,
        0.06792593379588631,
        0.06905170797069228,
        0.06902117360645381,
        0.0730131203049904,
        0.09463958435519013,
        0.07269509892051894,
        0.06487759969595953,
        0.08175785776121754,
        0.06590648619757832,
        0.09106659473750942,
        0.06857457794360593,
        0.06400503276451351,
        0.06233618166827468,
        0.0653445689353749,
        0.08979078054338872,
        0.06567898208085826,
        0.05998206309120946,
        0.059181114893983824,
        0.06720020457151385,
        0.09446582290159906,
        0.06357409099596524,
        0.05965043354115845,
        0.06085596377591876,
        0.06461073046053124,
        0.09831121331359634,
        0.0695062229816919,
        0.06256714216043091,
        0.06129443648544525,
        0.0644625683955034,
        0.11228143746133692,
        0.0738142996630492,
        0.06499352540491807,
        0.06371547405198105,
        0.06549635914734336,
        0.1363125940349823,
        0.08426245902302469,
        0.07221113921918287,
        0.06928412568153156,
        0.07021176388409145,
        0.1449723305281051,
        0.09464695042523438,
        0.07849821367462774,
        0.07379545289800017,
        0.07312909730927583,
        0.1716746365328035,
        0.10197897359706506,
        0.0863968957226701,
        0.081417270587523,
        0.07540004277981059,
        0.18560940062928344,
        0.1150073226942809,
        0.0952926241781585,
        0.08688268102259336,
        0.07935186867284293,
        0.22155754736619082,
        0.13895970462503549,
        0.10946485805074255,
        0.09566310106659542,
        0.08789033143262485,
        0.845633935071751,
        0.49206071199771173,
        0.2959907433230006,
        0.21441095451751868,
        0.17737282274993593,
        0.8674879752233357,
        0.5506128122706613,
        0.36974747818030285,
        0.24977339875555324,
        0.20240031820749807,
        0.9432904770274362,
        0.5839073334982295,
        0.43069442553434545,
        0.3307054281056284,
        0.26804163623712735,
        1.1196526349661593,
        0.6916714817463995,
        0.48948474023156535,
        0.36573218076885816,
        0.2917666671697251
    ],
    "sparsity": [
        0.0,
        0.0,
        0.0,
        0.0,
        0.0,
        0.2,
        0.2,
        0.2,
        0.2,
        0.2,
        0.3599977495217734,
        0.3599977495217734,
        0.3599977495217734,
        0.3599977495217734,
        0.3599977495217734,
        0.4879899478639211,
        0.4879899478639211,
        0.4879899478639211,
        0.4879899478639211,
        0.4879899478639211,
        0.5903829563782304,
        0.5903829563782304,
        0.5903829563782304,
        0.5903829563782304,
        0.5903829563782304,
        0.6722966130302689,
        0.6722966130302689,
        0.6722966130302689,
        0.6722966130302689,
        0.6722966130302689,
        0.7378267881924909,
        0.7378267881924909,
        0.7378267881924909,
        0.7378267881924909,
        0.7378267881924909,
        0.7902516784816773,
        0.7902516784816773,
        0.7902516784816773,
        0.7902516784816773,
        0.7902516784816773,
        0.8321893402347998,
        0.8321893402347998,
        0.8321893402347998,
        0.8321893402347998,
        0.8321893402347998,
        0.8657364689996624,
        0.8657364689996624,
        0.8657364689996624,
        0.8657364689996624,
        0.8657364689996624,
        0.8925809234462323,
        0.8925809234462323,
        0.8925809234462323,
        0.8925809234462323,
        0.8925809234462323,
        0.9140504857282172,
        0.9140504857282172,
        0.9140504857282172,
        0.9140504857282172,
        0.9140504857282172,
        0.9312291361914407,
        0.9312291361914407,
        0.9312291361914407,
        0.9312291361914407,
        0.9312291361914407,
        0.944968305764975,
        0.944968305764975,
        0.944968305764975,
        0.944968305764975,
        0.944968305764975,
        0.9559618919020292,
        0.9559618919020292,
        0.9559618919020292,
        0.9559618919020292,
        0.9559618919020292,
        0.9647612617681257,
        0.9647612617681257,
        0.9647612617681257,
        0.9647612617681257,
        0.9647612617681257,
        0.9717977570233675,
        0.9717977570233675,
        0.9717977570233675,
        0.9717977570233675,
        0.9717977570233675,
        0.9774314541840141,
        0.9774314541840141,
        0.9774314541840141,
        0.9774314541840141,
        0.9774314541840141,
        0.981928659840216,
        0.981928659840216,
        0.981928659840216,
        0.981928659840216,
        0.981928659840216,
        0.9855294250028132,
        0.9855294250028132,
        0.9855294250028132,
        0.9855294250028132,
        0.9855294250028132
    ]
}