{
    "args": {
        "load_last_pretrained": false,
        "model": "lenet",
        "dataset": "mnist",
        "epochs": 100,
        "batch_size": 60,
        "initialization": "kaiming-normal",
        "learning_rate": 0.0012,
        "forget_model": false,
        "disable_cuda": false,
        "pruning_rate": 0.2,
        "pruning_interval": 5,
        "seed": 52
    },
    "test_acc": [
        97.19666666666666,
        98.09666666666666,
        98.83333333333333,
        98.70333333333333,
        99.26166666666667,
        96.93166666666667,
        98.13499999999999,
        98.57000000000001,
        98.98833333333333,
        99.18833333333333,
        97.26833333333333,
        98.18666666666667,
        98.765,
        99.225,
        99.45666666666668,
        97.49,
        98.55666666666667,
        98.96333333333334,
        99.15833333333333,
        99.19166666666666,
        97.47666666666667,
        98.74000000000001,
        98.905,
        99.55166666666668,
        99.36500000000001,
        97.55666666666667,
        98.79333333333334,
        99.335,
        99.54333333333332,
        99.595,
        97.80666666666666,
        98.96833333333333,
        99.27,
        99.66000000000001,
        99.76166666666667,
        97.93166666666666,
        98.96000000000001,
        99.45,
        99.63499999999999,
        99.64333333333333,
        97.64500000000001,
        98.90666666666667,
        99.42999999999999,
        99.69666666666667,
        99.70333333333333,
        97.49833333333333,
        98.82,
        99.30166666666666,
        99.58333333333333,
        99.71333333333334,
        97.04666666666667,
        98.52,
        99.155,
        99.34166666666667,
        99.56833333333334,
        96.665,
        98.29166666666667,
        98.82333333333332,
        99.18666666666667,
        99.43166666666666,
        95.95666666666666,
        97.91166666666666,
        98.63666666666666,
        98.92166666666667,
        99.23833333333333,
        95.57833333333333,
        97.425,
        98.23666666666668,
        98.56166666666667,
        98.89,
        94.76166666666667,
        96.94666666666667,
        97.77166666666666,
        98.18666666666667,
        98.42333333333333,
        79.75999999999999,
        94.06833333333333,
        95.825,
        96.69666666666666,
        97.24833333333333,
        61.913333333333334,
        73.275,
        74.595,
        75.425,
        75.90166666666667,
        59.08333333333333,
        72.01666666666667,
        73.93833333333333,
        74.63833333333334,
        75.23833333333333,
        57.08166666666666,
        71.05333333333334,
        71.91666666666666,
        73.03333333333333,
        74.15833333333333,
        55.86333333333333,
        62.925,
        71.17833333333333,
        71.65166666666667,
        72.61333333333333
    ],
    "test_loss": [
        0.21073312431853264,
        0.08637108953110874,
        0.060419507820974105,
        0.04321536437497707,
        0.03489207980650826,
        0.2675772760277614,
        0.09406974424654618,
        0.06265402544639073,
        0.045838960558758114,
        0.035117779259278906,
        0.25433284747600554,
        0.08426674542017282,
        0.056082819290808404,
        0.03976811559335329,
        0.02893008749803994,
        0.251002450492233,
        0.07761303901730571,
        0.04923955123673659,
        0.035195285626046825,
        0.026248815429920795,
        0.24631876657623797,
        0.0708843849026598,
        0.0428730467063142,
        0.03126214105368126,
        0.02093064239108935,
        0.2534044055379927,
        0.06340187865658663,
        0.03739519059681334,
        0.025930515765910968,
        0.01830299033978372,
        0.2630601338529959,
        0.06004542240733281,
        0.03535151491058059,
        0.02384031862334814,
        0.016734931564016734,
        0.28306571771577,
        0.05940650834422558,
        0.033386792938923465,
        0.02271793721517315,
        0.015516486883047036,
        0.30512246310897173,
        0.06245118770655245,
        0.03585693651298061,
        0.02356164726871066,
        0.01696237051911885,
        0.35458737147506325,
        0.06830274241324515,
        0.04007307887170464,
        0.027556212968134788,
        0.02021325023288955,
        0.4301077138707042,
        0.0783476630449295,
        0.047081934143556284,
        0.03298857795214281,
        0.024622264847159386,
        0.5198329495359212,
        0.08948086832556873,
        0.05461409679753706,
        0.0387839969273191,
        0.03003635335038416,
        0.6406114448048175,
        0.10409317353181541,
        0.06496433676825836,
        0.04761234603472985,
        0.03822891815984621,
        0.7715297509282827,
        0.12119631547201425,
        0.07858029648289085,
        0.05861231785267591,
        0.04718773327488452,
        0.9711838736981153,
        0.13893825905956328,
        0.09282230132259428,
        0.07218116177339107,
        0.060584842975717035,
        1.4146812991499902,
        0.5200894611179828,
        0.2966668016090989,
        0.15494216518476606,
        0.11602609336934984,
        1.6214443687796594,
        0.9529563296437263,
        0.6548625220656394,
        0.5361171774864196,
        0.49345105969905856,
        1.859555906534195,
        1.088987991154194,
        0.7958187701404095,
        0.5982638193964959,
        0.5223019449710846,
        1.9122561638355255,
        1.1134370731115342,
        0.8874954957365989,
        0.7485943640172481,
        0.6316518737375736,
        1.9594163748025895,
        1.2442185477018357,
        0.989434382557869,
        0.8072538489103317,
        0.6696606496870517
    ],
    "train_acc": [
        96.72,
        97.35000000000001,
        97.68,
        97.38,
        98.00999999999999,
        96.46000000000001,
        97.41,
        97.61,
        97.75,
        97.78,
        96.74000000000001,
        97.36,
        97.67,
        97.96000000000001,
        98.02,
        96.87,
        97.7,
        97.74000000000001,
        97.67,
        97.69,
        96.98,
        97.61999999999999,
        97.84,
        98.04,
        98.06,
        97.05,
        97.8,
        98.25,
        98.22999999999999,
        98.07000000000001,
        97.25,
        97.84,
        98.05,
        98.21,
        98.11999999999999,
        97.34,
        97.94,
        98.17,
        98.16,
        98.11,
        97.16,
        97.97,
        97.98,
        98.29,
        98.16,
        96.91,
        97.89,
        98.02,
        98.11999999999999,
        98.21,
        96.57,
        97.59,
        97.88,
        98.00999999999999,
        98.14,
        96.31,
        97.52,
        97.82,
        98.0,
        97.99,
        95.73,
        97.16,
        97.74000000000001,
        97.85000000000001,
        97.91,
        95.27,
        96.95,
        97.19,
        97.59,
        97.81,
        94.47,
        96.41999999999999,
        96.87,
        97.24000000000001,
        97.36,
        79.99000000000001,
        94.17,
        95.34,
        96.08,
        96.41999999999999,
        61.309999999999995,
        72.6,
        73.54,
        74.44,
        74.89,
        59.099999999999994,
        71.37,
        73.1,
        73.83,
        74.15,
        57.16,
        70.76,
        71.3,
        72.48,
        73.44000000000001,
        55.96,
        62.739999999999995,
        70.64,
        71.24000000000001,
        71.85000000000001
    ],
    "train_loss": [
        0.10602354792554579,
        0.08368791846564029,
        0.07556428556319349,
        0.08647530397656791,
        0.06954973549679658,
        0.11355794172087115,
        0.08520869297828682,
        0.07669654385671912,
        0.07076268014776894,
        0.07455316513970572,
        0.1047053620899598,
        0.08528779302640054,
        0.07820181624021404,
        0.06712125716549706,
        0.06909190758178847,
        0.10045706346341057,
        0.07352336113826333,
        0.07193777180509642,
        0.07075251442168332,
        0.07645063186838141,
        0.09265871454186425,
        0.07440430388791476,
        0.07331901153446381,
        0.05967362590892586,
        0.07393516447467584,
        0.09793856238645172,
        0.07221449186055068,
        0.05996585772707389,
        0.06157983023140713,
        0.06823553289405299,
        0.09315963394516064,
        0.0667944741714188,
        0.06607062067950847,
        0.05961395344908857,
        0.06689335141731091,
        0.08953714510704765,
        0.06688924137402527,
        0.060458093779133686,
        0.05937343594356033,
        0.06871519497965886,
        0.09585620587256675,
        0.06599700220018447,
        0.06331094277570927,
        0.05885015125107578,
        0.0671881016892448,
        0.10459050900877236,
        0.07082145722739086,
        0.061612231873009286,
        0.06356322428791555,
        0.06402064727139688,
        0.11745638966359599,
        0.07821809362151666,
        0.06896893767929987,
        0.06545911112543709,
        0.06641947961318959,
        0.1282539828541036,
        0.08380811996646449,
        0.07436790242149846,
        0.06920878550255236,
        0.07055843021779204,
        0.1466898459071171,
        0.09261611042666935,
        0.07592715223146948,
        0.07404944772168459,
        0.0703699580368636,
        0.16590282506125417,
        0.1071015809868981,
        0.0924519942125339,
        0.07931833430109712,
        0.07590067390670364,
        0.18972435785446337,
        0.12245717110435762,
        0.10197097774661944,
        0.090636743305106,
        0.087051924744699,
        0.6967261062410777,
        0.4000987311501703,
        0.22098667469031796,
        0.1530033244924274,
        0.13299507336568334,
        1.1442295855390812,
        0.7943941890122648,
        0.5961066075784718,
        0.5403754293561696,
        0.5156908488559152,
        1.315751639668813,
        0.9434393787098502,
        0.687879045209485,
        0.5693122981908079,
        0.5349530931004507,
        1.3337400216542319,
        0.9933099978698228,
        0.8325679377167524,
        0.7124123842773323,
        0.6164732982298571,
        1.4608222710158296,
        1.0972787587942479,
        0.9153865111802153,
        0.7382556075107551,
        0.6483046953192728
    ],
    "sparsity": [
        0.0,
        0.0,
        0.0,
        0.0,
        0.0,
        0.2,
        0.2,
        0.2,
        0.2,
        0.2,
        0.3599977495217734,
        0.3599977495217734,
        0.3599977495217734,
        0.3599977495217734,
        0.3599977495217734,
        0.4879899478639211,
        0.4879899478639211,
        0.4879899478639211,
        0.4879899478639211,
        0.4879899478639211,
        0.5903829563782304,
        0.5903829563782304,
        0.5903829563782304,
        0.5903829563782304,
        0.5903829563782304,
        0.6722966130302689,
        0.6722966130302689,
        0.6722966130302689,
        0.6722966130302689,
        0.6722966130302689,
        0.7378267881924909,
        0.7378267881924909,
        0.7378267881924909,
        0.7378267881924909,
        0.7378267881924909,
        0.7902516784816773,
        0.7902516784816773,
        0.7902516784816773,
        0.7902516784816773,
        0.7902516784816773,
        0.8321893402347998,
        0.8321893402347998,
        0.8321893402347998,
        0.8321893402347998,
        0.8321893402347998,
        0.8657364689996624,
        0.8657364689996624,
        0.8657364689996624,
        0.8657364689996624,
        0.8657364689996624,
        0.8925809234462323,
        0.8925809234462323,
        0.8925809234462323,
        0.8925809234462323,
        0.8925809234462323,
        0.9140504857282172,
        0.9140504857282172,
        0.9140504857282172,
        0.9140504857282172,
        0.9140504857282172,
        0.9312291361914407,
        0.9312291361914407,
        0.9312291361914407,
        0.9312291361914407,
        0.9312291361914407,
        0.944968305764975,
        0.944968305764975,
        0.944968305764975,
        0.944968305764975,
        0.944968305764975,
        0.9559618919020292,
        0.9559618919020292,
        0.9559618919020292,
        0.9559618919020292,
        0.9559618919020292,
        0.9647612617681257,
        0.9647612617681257,
        0.9647612617681257,
        0.9647612617681257,
        0.9647612617681257,
        0.9717977570233675,
        0.9717977570233675,
        0.9717977570233675,
        0.9717977570233675,
        0.9717977570233675,
        0.9774314541840141,
        0.9774314541840141,
        0.9774314541840141,
        0.9774314541840141,
        0.9774314541840141,
        0.981928659840216,
        0.981928659840216,
        0.981928659840216,
        0.981928659840216,
        0.981928659840216,
        0.9855294250028132,
        0.9855294250028132,
        0.9855294250028132,
        0.9855294250028132,
        0.9855294250028132
    ]
}