{
    "args": {
        "load_last_pretrained": false,
        "model": "lenet",
        "dataset": "mnist",
        "epochs": 100,
        "batch_size": 60,
        "initialization": "xavier-normal-half",
        "learning_rate": 0.0012,
        "forget_model": false,
        "disable_cuda": false,
        "pruning_rate": 0.2,
        "pruning_interval": 5,
        "seed": 52
    },
    "test_acc": [
        96.75833333333334,
        98.15333333333334,
        98.67666666666666,
        98.90166666666667,
        99.15166666666667,
        96.94333333333334,
        98.27166666666668,
        98.61999999999999,
        98.88666666666667,
        99.24666666666667,
        97.15,
        98.205,
        98.67166666666667,
        99.17833333333334,
        99.48,
        97.52833333333332,
        98.505,
        98.96166666666667,
        99.11666666666666,
        99.33333333333333,
        97.465,
        98.65166666666667,
        98.95333333333333,
        99.53833333333333,
        99.46000000000001,
        97.48,
        98.72333333333333,
        99.24166666666666,
        99.55666666666667,
        99.61333333333333,
        97.85666666666667,
        98.82166666666666,
        99.26,
        99.625,
        99.735,
        97.94,
        98.87833333333333,
        99.47666666666667,
        99.57166666666667,
        99.72,
        97.67,
        98.93333333333332,
        99.48833333333333,
        99.67166666666667,
        99.75833333333334,
        97.41666666666666,
        98.76666666666667,
        99.155,
        99.57000000000001,
        99.74,
        96.83333333333334,
        98.43666666666667,
        98.99166666666666,
        99.38,
        99.46333333333334,
        96.315,
        98.03,
        98.69,
        99.15166666666667,
        99.36500000000001,
        95.795,
        97.64500000000001,
        98.42833333333333,
        98.76666666666667,
        99.11999999999999,
        95.135,
        97.155,
        98.005,
        98.32499999999999,
        98.65166666666667,
        80.495,
        95.23333333333333,
        96.71666666666667,
        97.37166666666667,
        97.65166666666667,
        84.64833333333334,
        93.69833333333332,
        95.345,
        95.99499999999999,
        96.52333333333334,
        77.02833333333334,
        92.43666666666667,
        94.68833333333333,
        95.37,
        95.98833333333333,
        68.37166666666667,
        90.53833333333333,
        92.88666666666666,
        94.08166666666666,
        95.05666666666667,
        67.31666666666666,
        90.74333333333333,
        92.83666666666667,
        94.035,
        94.65333333333334,
        60.09833333333333,
        87.56333333333333,
        91.76166666666667,
        93.05,
        93.74166666666667
    ],
    "test_loss": [
        0.252106369368732,
        0.09779983205720783,
        0.0664731896148296,
        0.04834886758436915,
        0.036756438543787226,
        0.26154879374895246,
        0.09049534051632509,
        0.06068545919621829,
        0.04412810600502416,
        0.0331926452080952,
        0.25112968222610654,
        0.0821941099325195,
        0.05446304339612834,
        0.03931116397562437,
        0.02936954607471125,
        0.2519906823132187,
        0.07701548440963961,
        0.049372800135519354,
        0.03340244221207104,
        0.025337629070389084,
        0.2465471320208162,
        0.07175248245010152,
        0.044058927024016155,
        0.031135828741593288,
        0.021588375888502924,
        0.25719097821787,
        0.06634829693380744,
        0.0386734670442529,
        0.026822451767278835,
        0.01850698222455685,
        0.2669025755189359,
        0.06177036519907415,
        0.03573698565270752,
        0.02433783220872283,
        0.016896706054365496,
        0.2873993368986994,
        0.060226743444800376,
        0.033838567230501215,
        0.02328555313416291,
        0.01581988504709443,
        0.30789999808929863,
        0.062386077041737736,
        0.03498939004028216,
        0.02361664823500905,
        0.016432284825394165,
        0.36300300364196303,
        0.07127049526711926,
        0.0415990851133829,
        0.02798472906142706,
        0.02044819382415153,
        0.4340325512699783,
        0.08398205122631043,
        0.05010983678745106,
        0.03461213550018147,
        0.025503564031096174,
        0.5280284505840391,
        0.09883472118899227,
        0.06012972616124898,
        0.04268027070118114,
        0.032668274023919364,
        0.6537095851823688,
        0.11207120619388297,
        0.07150170040735974,
        0.052476284907199446,
        0.041702793324599044,
        0.824791123021394,
        0.13111881731264294,
        0.08637716457527131,
        0.06691632303083316,
        0.05477068991912529,
        1.3395112127661706,
        0.4802618577927351,
        0.22435037364810706,
        0.13144584564864636,
        0.10061519880406558,
        1.2604407405257225,
        0.5303509344756603,
        0.3562498223483562,
        0.23715139662474394,
        0.17010539538413286,
        1.5732596670985222,
        0.6532094509899616,
        0.3988809450417757,
        0.24839597658813,
        0.17986700157076121,
        1.6654530945420265,
        0.7557279708981514,
        0.5148103211820125,
        0.35186077271401883,
        0.252325260668993,
        1.7916456015706061,
        0.7644332268238068,
        0.5308652982413768,
        0.37054176127910615,
        0.2594761221036315,
        1.893912966966629,
        0.9348806820511818,
        0.618438397526741,
        0.4398432637155056,
        0.31376388181000947
    ],
    "train_acc": [
        96.46000000000001,
        97.24000000000001,
        97.41,
        97.75,
        97.82,
        96.50999999999999,
        97.48,
        97.66,
        97.75,
        97.98,
        96.78999999999999,
        97.5,
        97.64,
        98.00999999999999,
        98.14,
        97.1,
        97.72999999999999,
        97.78999999999999,
        97.76,
        97.89,
        96.97,
        97.84,
        97.88,
        98.32,
        98.03,
        96.99,
        97.72999999999999,
        98.24000000000001,
        98.16,
        98.04,
        97.39,
        97.99,
        98.03,
        98.2,
        98.19,
        97.38,
        97.89,
        98.22999999999999,
        98.24000000000001,
        98.02,
        97.28999999999999,
        98.05,
        98.16,
        98.3,
        98.15,
        96.99,
        97.84,
        98.00999999999999,
        98.21,
        98.26,
        96.59,
        97.61999999999999,
        98.04,
        98.03,
        98.04,
        96.11,
        97.35000000000001,
        97.76,
        97.91,
        97.98,
        95.67,
        97.0,
        97.56,
        97.65,
        97.81,
        95.06,
        96.78,
        97.13000000000001,
        97.38,
        97.72,
        80.60000000000001,
        94.84,
        95.84,
        96.33,
        96.58,
        84.52,
        93.47999999999999,
        94.85,
        95.44,
        96.03,
        77.46,
        92.46,
        94.3,
        95.07,
        95.47,
        68.54,
        90.27,
        92.64,
        93.53,
        94.37,
        67.66,
        90.49000000000001,
        92.45,
        93.76,
        94.33,
        60.3,
        87.67,
        92.0,
        92.80000000000001,
        93.49
    ],
    "train_loss": [
        0.11868674319215164,
        0.08210462423788752,
        0.08151180637320002,
        0.07671546464657668,
        0.07400294214809135,
        0.11483291129464518,
        0.086018636483911,
        0.07467103013099578,
        0.07407198903990163,
        0.06956473281739481,
        0.10529679993535587,
        0.08054264363816041,
        0.07941333739181791,
        0.06524909620485575,
        0.06377578672115039,
        0.09834357525060276,
        0.07377340273184334,
        0.0708769721001342,
        0.07132384241670146,
        0.07334911559212083,
        0.09401524004465092,
        0.07250535571222712,
        0.06973092379620087,
        0.05896083771914779,
        0.0674934787344617,
        0.10139621817088591,
        0.07467149676821992,
        0.05991443454477557,
        0.06304431396946422,
        0.07017892995161913,
        0.08937761584620275,
        0.06874602264027574,
        0.06515320838069331,
        0.05827167500465729,
        0.06432143426437523,
        0.09231795521151877,
        0.0711755272792931,
        0.059591534534262906,
        0.06223476554746712,
        0.06982770244508855,
        0.0945473694114271,
        0.06301769911183301,
        0.05963368225817619,
        0.05802402368044023,
        0.06410844507906029,
        0.10624105110764503,
        0.07358958678944649,
        0.06392845627851784,
        0.06191714062818331,
        0.06309435662498397,
        0.12202803664534034,
        0.07849352975783055,
        0.06932468502085187,
        0.06740175759904979,
        0.06964397586918364,
        0.1368439333948368,
        0.08933575757818218,
        0.07687553299401334,
        0.07092524292839769,
        0.07213858375325799,
        0.1543618056722387,
        0.10540400718723586,
        0.08457252104393022,
        0.08266861135318518,
        0.07636571293808296,
        0.18297990297753655,
        0.11673066110355769,
        0.09846156024691945,
        0.09006025753134561,
        0.08610078124162145,
        0.7030046118233733,
        0.3313092522456974,
        0.18735555800313722,
        0.14487579259686842,
        0.13092107679360285,
        0.6740833545873265,
        0.4426449405219027,
        0.3138626417713965,
        0.22091075724470402,
        0.17887619280529593,
        0.830858341591087,
        0.526948006210213,
        0.3167568954254339,
        0.22985460738578956,
        0.1870765492186218,
        0.9298609673619984,
        0.6308383188561765,
        0.44116115088234403,
        0.31473817288161754,
        0.2519963734788809,
        0.9635369531408755,
        0.6371546482254645,
        0.45669665325901465,
        0.3279715640816146,
        0.2532614395022392,
        1.2404901317493644,
        0.7420788146778495,
        0.5319389078074587,
        0.3858622549001328,
        0.30000097969335
    ],
    "sparsity": [
        0.0,
        0.0,
        0.0,
        0.0,
        0.0,
        0.2,
        0.2,
        0.2,
        0.2,
        0.2,
        0.3599977495217734,
        0.3599977495217734,
        0.3599977495217734,
        0.3599977495217734,
        0.3599977495217734,
        0.4879899478639211,
        0.4879899478639211,
        0.4879899478639211,
        0.4879899478639211,
        0.4879899478639211,
        0.5903829563782304,
        0.5903829563782304,
        0.5903829563782304,
        0.5903829563782304,
        0.5903829563782304,
        0.6722966130302689,
        0.6722966130302689,
        0.6722966130302689,
        0.6722966130302689,
        0.6722966130302689,
        0.7378267881924909,
        0.7378267881924909,
        0.7378267881924909,
        0.7378267881924909,
        0.7378267881924909,
        0.7902516784816773,
        0.7902516784816773,
        0.7902516784816773,
        0.7902516784816773,
        0.7902516784816773,
        0.8321893402347998,
        0.8321893402347998,
        0.8321893402347998,
        0.8321893402347998,
        0.8321893402347998,
        0.8657364689996624,
        0.8657364689996624,
        0.8657364689996624,
        0.8657364689996624,
        0.8657364689996624,
        0.8925809234462323,
        0.8925809234462323,
        0.8925809234462323,
        0.8925809234462323,
        0.8925809234462323,
        0.9140504857282172,
        0.9140504857282172,
        0.9140504857282172,
        0.9140504857282172,
        0.9140504857282172,
        0.9312291361914407,
        0.9312291361914407,
        0.9312291361914407,
        0.9312291361914407,
        0.9312291361914407,
        0.944968305764975,
        0.944968305764975,
        0.944968305764975,
        0.944968305764975,
        0.944968305764975,
        0.9559618919020292,
        0.9559618919020292,
        0.9559618919020292,
        0.9559618919020292,
        0.9559618919020292,
        0.9647612617681257,
        0.9647612617681257,
        0.9647612617681257,
        0.9647612617681257,
        0.9647612617681257,
        0.9717977570233675,
        0.9717977570233675,
        0.9717977570233675,
        0.9717977570233675,
        0.9717977570233675,
        0.9774314541840141,
        0.9774314541840141,
        0.9774314541840141,
        0.9774314541840141,
        0.9774314541840141,
        0.981928659840216,
        0.981928659840216,
        0.981928659840216,
        0.981928659840216,
        0.981928659840216,
        0.9855294250028132,
        0.9855294250028132,
        0.9855294250028132,
        0.9855294250028132,
        0.9855294250028132
    ]
}