{
    "args": {
        "load_last_pretrained": false,
        "model": "lenet",
        "dataset": "mnist",
        "epochs": 100,
        "batch_size": 60,
        "initialization": "xavier-normal-half",
        "learning_rate": 0.0012,
        "forget_model": false,
        "disable_cuda": false,
        "pruning_rate": 0.2,
        "pruning_interval": 5,
        "seed": 43
    },
    "test_acc": [
        96.73166666666667,
        98.23833333333334,
        98.545,
        99.11333333333333,
        99.15166666666667,
        97.17166666666667,
        98.165,
        98.88333333333334,
        99.19,
        99.3,
        97.36833333333334,
        98.28333333333333,
        98.67,
        99.13166666666666,
        99.27166666666668,
        97.575,
        98.51666666666667,
        98.91166666666666,
        99.235,
        99.59666666666666,
        97.50833333333333,
        98.76666666666667,
        99.16833333333334,
        99.29833333333333,
        99.69666666666667,
        97.65666666666667,
        98.84333333333333,
        99.31166666666667,
        99.51833333333333,
        99.55333333333334,
        97.94,
        98.94500000000001,
        99.29166666666667,
        99.57000000000001,
        99.77333333333334,
        97.87,
        98.995,
        99.52166666666666,
        99.54166666666666,
        99.705,
        97.905,
        98.94,
        99.345,
        99.63833333333334,
        99.735,
        97.53666666666668,
        98.93333333333332,
        99.34166666666667,
        99.58166666666666,
        99.70666666666666,
        97.37166666666667,
        98.54,
        99.10666666666667,
        99.41333333333333,
        99.63333333333333,
        96.70166666666667,
        98.23333333333333,
        98.86666666666667,
        99.20666666666666,
        99.37166666666667,
        95.97333333333333,
        97.80666666666666,
        98.39166666666667,
        98.88166666666666,
        99.125,
        95.20833333333333,
        97.20333333333333,
        98.11999999999999,
        98.62166666666667,
        98.66833333333334,
        94.73333333333333,
        96.90166666666667,
        97.69833333333334,
        98.01833333333333,
        98.33666666666666,
        93.66666666666667,
        96.27,
        97.265,
        97.64833333333334,
        98.005,
        88.255,
        95.28666666666666,
        96.50166666666667,
        97.06333333333333,
        97.42833333333333,
        88.62666666666667,
        94.82000000000001,
        96.00833333333333,
        96.71666666666667,
        97.08,
        85.55,
        94.64,
        95.85666666666667,
        96.45833333333333,
        96.87,
        58.251666666666665,
        80.10666666666667,
        83.41833333333334,
        84.23833333333334,
        84.50833333333333
    ],
    "test_loss": [
        0.25611224233545365,
        0.10129373010387645,
        0.06580072026280687,
        0.04923176948807668,
        0.037505181733577045,
        0.2646808378212154,
        0.09217883058590814,
        0.060285108371870594,
        0.045320422113582025,
        0.033021291212731736,
        0.25108118296042087,
        0.08650835462170653,
        0.056550452471943576,
        0.04087057631649077,
        0.030848961857758695,
        0.24290393508039415,
        0.0772883779653348,
        0.049830204966478046,
        0.035290541530470364,
        0.026819289448700146,
        0.24636456672567875,
        0.07128536458080635,
        0.044369023921201005,
        0.03078543624316808,
        0.023004650995397242,
        0.2560997043028474,
        0.06791174390818924,
        0.0406567325941287,
        0.027587259366351646,
        0.0198946949273668,
        0.2611421707402915,
        0.06026300848345272,
        0.03613777963980101,
        0.024641977367165963,
        0.017546291413513247,
        0.2820546713080257,
        0.057741968736052515,
        0.03327038931439165,
        0.02149316837551305,
        0.015903685850149486,
        0.30999974298663435,
        0.06146154284616932,
        0.03514940366882365,
        0.023693819353182335,
        0.017038760714203818,
        0.34785007386282085,
        0.06611200940445996,
        0.03819901652284898,
        0.025962240543100052,
        0.019067372466321102,
        0.4080271253287792,
        0.07497392356954515,
        0.04376383807999082,
        0.029564176429004874,
        0.021649532336479753,
        0.4965105951726437,
        0.09289586341381073,
        0.057922822537831965,
        0.041841109633911404,
        0.03149446926161181,
        0.6277401093021036,
        0.10992971497029067,
        0.07168714025104418,
        0.053421437326818706,
        0.04210407345113344,
        0.7809942891560495,
        0.13267148202098905,
        0.08413046529237181,
        0.06200360281951726,
        0.04952108404552564,
        0.9569631644189358,
        0.14616735590808094,
        0.09843327424675226,
        0.07771878132177516,
        0.0660792456115596,
        1.1886668369993567,
        0.17515783182345332,
        0.11514744923636318,
        0.09032348467130213,
        0.07674258368369193,
        1.43616030138731,
        0.31816887970268726,
        0.18391468746215106,
        0.13633543921262026,
        0.11193212665989995,
        1.4497014075815677,
        0.3395753760784864,
        0.19769529137015343,
        0.1475672768354416,
        0.12205509875528514,
        1.6343542001247406,
        0.3799441849142313,
        0.21099560163915157,
        0.1574793667010963,
        0.13129916647076606,
        1.9514394861459732,
        0.9869608969092369,
        0.719750968515873,
        0.5532995315492153,
        0.44872618502378464
    ],
    "train_acc": [
        96.15,
        97.28,
        97.69,
        97.95,
        97.53,
        96.75,
        97.28,
        97.66,
        97.89999999999999,
        97.83,
        96.82,
        97.53,
        97.6,
        98.11,
        97.77,
        97.06,
        97.53,
        97.82,
        97.78,
        98.06,
        96.94,
        97.75,
        97.89,
        97.87,
        98.08,
        97.02,
        97.83,
        97.99,
        97.89,
        97.86,
        97.39,
        97.87,
        98.00999999999999,
        98.1,
        98.34,
        97.35000000000001,
        97.96000000000001,
        98.18,
        98.09,
        98.02,
        97.28,
        97.88,
        98.04,
        98.14,
        98.25,
        97.04,
        97.95,
        98.09,
        98.09,
        98.29,
        96.74000000000001,
        97.7,
        97.87,
        97.96000000000001,
        98.11,
        96.17999999999999,
        97.49,
        97.82,
        98.02,
        98.14,
        95.83,
        97.08,
        97.57000000000001,
        97.75,
        97.87,
        95.13000000000001,
        96.61,
        97.31,
        97.52,
        97.63,
        94.64,
        96.28,
        96.92,
        97.25,
        97.32,
        93.85,
        95.67,
        96.41,
        96.85000000000001,
        96.99,
        88.16000000000001,
        94.76,
        95.76,
        96.07,
        96.33,
        88.28,
        94.17,
        95.11,
        95.89,
        96.03,
        85.58,
        94.14,
        95.13000000000001,
        95.56,
        95.88,
        59.150000000000006,
        80.43,
        83.25,
        83.84,
        84.09
    ],
    "train_loss": [
        0.11973824707824669,
        0.08456125709334177,
        0.07862230493480753,
        0.0677892948963685,
        0.08168751350882837,
        0.10873804809135235,
        0.09123121381006734,
        0.0692268274264399,
        0.06684249903502021,
        0.07206560127732684,
        0.10492788456536517,
        0.08100230350510446,
        0.07599747598500264,
        0.06401170978133014,
        0.07565081409320883,
        0.09645153123126951,
        0.07678097193157245,
        0.06857359817970968,
        0.07266746719178191,
        0.0676761785177737,
        0.10015464196550454,
        0.07035392219434955,
        0.07044575730628685,
        0.072361722623394,
        0.060207292114448606,
        0.09567493504794415,
        0.06741183607220025,
        0.06500309958362473,
        0.06827747064271752,
        0.07252907634240123,
        0.08764930383977063,
        0.06603963833726095,
        0.06461159699675934,
        0.06309303584854359,
        0.05939486121980496,
        0.08793229125663192,
        0.06330322910763858,
        0.05970597232295992,
        0.06308429304114403,
        0.06701082459575647,
        0.09284811756367277,
        0.06805781343907207,
        0.06155423456552009,
        0.05984117173517268,
        0.06270977775294412,
        0.10005324769452839,
        0.06839274492917839,
        0.06323561842851676,
        0.06249381232139526,
        0.062454910571045595,
        0.11663885913164673,
        0.07880473845153155,
        0.06878931852737943,
        0.06900470484672727,
        0.06636991546960537,
        0.12918153623799364,
        0.0885619332813128,
        0.07577943874378047,
        0.07262463888716689,
        0.06952053368855603,
        0.15110452198785937,
        0.10122979679953552,
        0.08517196187247594,
        0.07744992858852946,
        0.07654875336622005,
        0.1797795802087127,
        0.11482305512456836,
        0.09533547204612436,
        0.08433802540185387,
        0.08341522848451075,
        0.19753200377889735,
        0.12879852528968258,
        0.10917318528685384,
        0.10187367935703989,
        0.09725648654669435,
        0.23190784521267085,
        0.14936768848025156,
        0.12018010383862221,
        0.10943099262449377,
        0.10623195436699483,
        0.4790133037966882,
        0.23565779082075564,
        0.1755226872816771,
        0.1487781003251404,
        0.13400285761290326,
        0.5075614782507548,
        0.25134564155411576,
        0.18813316358956034,
        0.15837267239739794,
        0.14327346664033608,
        0.608749595944753,
        0.26962454045961004,
        0.19716202739826932,
        0.1674252711236477,
        0.15103860973508773,
        1.2621192689427359,
        0.8133654680080756,
        0.642944467995695,
        0.5008672345541194,
        0.4371909295727393
    ],
    "sparsity": [
        0.0,
        0.0,
        0.0,
        0.0,
        0.0,
        0.2,
        0.2,
        0.2,
        0.2,
        0.2,
        0.3599977495217734,
        0.3599977495217734,
        0.3599977495217734,
        0.3599977495217734,
        0.3599977495217734,
        0.4879899478639211,
        0.4879899478639211,
        0.4879899478639211,
        0.4879899478639211,
        0.4879899478639211,
        0.5903829563782304,
        0.5903829563782304,
        0.5903829563782304,
        0.5903829563782304,
        0.5903829563782304,
        0.6722966130302689,
        0.6722966130302689,
        0.6722966130302689,
        0.6722966130302689,
        0.6722966130302689,
        0.7378267881924909,
        0.7378267881924909,
        0.7378267881924909,
        0.7378267881924909,
        0.7378267881924909,
        0.7902516784816773,
        0.7902516784816773,
        0.7902516784816773,
        0.7902516784816773,
        0.7902516784816773,
        0.8321893402347998,
        0.8321893402347998,
        0.8321893402347998,
        0.8321893402347998,
        0.8321893402347998,
        0.8657364689996624,
        0.8657364689996624,
        0.8657364689996624,
        0.8657364689996624,
        0.8657364689996624,
        0.8925809234462323,
        0.8925809234462323,
        0.8925809234462323,
        0.8925809234462323,
        0.8925809234462323,
        0.9140504857282172,
        0.9140504857282172,
        0.9140504857282172,
        0.9140504857282172,
        0.9140504857282172,
        0.9312291361914407,
        0.9312291361914407,
        0.9312291361914407,
        0.9312291361914407,
        0.9312291361914407,
        0.944968305764975,
        0.944968305764975,
        0.944968305764975,
        0.944968305764975,
        0.944968305764975,
        0.9559618919020292,
        0.9559618919020292,
        0.9559618919020292,
        0.9559618919020292,
        0.9559618919020292,
        0.9647612617681257,
        0.9647612617681257,
        0.9647612617681257,
        0.9647612617681257,
        0.9647612617681257,
        0.9717977570233675,
        0.9717977570233675,
        0.9717977570233675,
        0.9717977570233675,
        0.9717977570233675,
        0.9774314541840141,
        0.9774314541840141,
        0.9774314541840141,
        0.9774314541840141,
        0.9774314541840141,
        0.981928659840216,
        0.981928659840216,
        0.981928659840216,
        0.981928659840216,
        0.981928659840216,
        0.9855294250028132,
        0.9855294250028132,
        0.9855294250028132,
        0.9855294250028132,
        0.9855294250028132
    ]
}