{
    "args": {
        "load_last_pretrained": false,
        "model": "conv6",
        "dataset": "cifar10",
        "epochs": 100,
        "batch_size": 60,
        "initialization": "xavier-uniform",
        "learning_rate": 0.0003,
        "forget_model": false,
        "disable_cuda": false,
        "pruning_rate": 0.2,
        "pruning_interval": 5,
        "seed": 43
    },
    "test_acc": [
        57.982,
        70.206,
        77.538,
        82.648,
        87.384,
        46.148,
        58.077999999999996,
        64.242,
        70.796,
        75.322,
        39.628,
        51.49399999999999,
        59.842,
        66.93599999999999,
        71.706,
        30.669999999999998,
        49.354,
        60.25,
        65.632,
        70.66799999999999,
        29.927999999999997,
        47.764,
        58.512,
        64.996,
        70.284,
        24.788,
        45.486,
        59.838,
        65.924,
        69.992,
        35.008,
        48.056,
        58.931999999999995,
        64.32,
        68.522,
        37.218,
        48.087999999999994,
        55.62200000000001,
        60.836,
        64.716,
        10.0,
        12.634,
        38.542,
        46.022,
        53.272,
        31.618000000000002,
        40.426,
        48.824,
        52.812000000000005,
        57.592,
        10.02,
        32.484,
        42.434,
        46.926,
        51.002,
        10.190000000000001,
        30.72,
        42.698,
        46.942,
        48.903999999999996,
        10.0,
        10.0,
        10.0,
        10.0,
        10.02,
        10.23,
        27.744000000000003,
        31.018,
        33.367999999999995,
        36.84,
        10.0,
        12.82,
        28.648,
        32.066,
        34.692,
        10.0,
        10.0,
        10.0,
        10.0,
        10.0,
        10.0,
        10.0,
        10.0,
        10.0,
        10.0,
        10.0,
        10.0,
        10.0,
        10.0,
        10.0,
        10.0,
        10.0,
        10.0,
        15.165999999999999,
        21.176000000000002,
        10.0,
        10.0,
        10.0,
        10.0,
        10.0
    ],
    "test_loss": [
        1.5684684525004966,
        1.0595427184796733,
        0.8178710604457261,
        0.6587885764720057,
        0.5319208636415377,
        1.7777311400257998,
        1.3090927785249065,
        1.0721362370381253,
        0.9123566069191308,
        0.7868347129733156,
        1.9748514509029527,
        1.4438809322939217,
        1.1867794685369486,
        0.9937772097275983,
        0.8555205838142825,
        2.062848043384598,
        1.540579151478317,
        1.261156148904805,
        1.0408564757385985,
        0.8867266676265845,
        2.1553081093932227,
        1.5858202279328728,
        1.2897932818896478,
        1.0686722407095153,
        0.9255059061290549,
        2.2656433888190657,
        1.6730029504362056,
        1.2988353078599741,
        1.049727761559635,
        0.9281167664187704,
        2.132880903548188,
        1.555673871108954,
        1.3012357389898324,
        1.0834089036611059,
        0.960348714455712,
        1.9580272038777669,
        1.5190638532455591,
        1.3197276572958172,
        1.1664800569593763,
        1.0560246235032162,
        2.3026235832584847,
        2.301985708357905,
        1.9990455907025784,
        1.5675726512924943,
        1.3849033746930908,
        1.9992554259243058,
        1.6922341916772674,
        1.496528506136055,
        1.3578585405572712,
        1.2505681825627526,
        2.302313459862908,
        2.0099713553627616,
        1.627732101247179,
        1.4685105637108966,
        1.3761759756280363,
        2.302607476282463,
        2.216276527880479,
        1.7019340964815886,
        1.5166197137581072,
        1.44052325149806,
        2.302749779298723,
        2.3026413039909563,
        2.3026087049671786,
        2.3025963240676073,
        2.302541075278815,
        2.3018470176404042,
        2.0343275526158817,
        1.8331006689609097,
        1.7794504248552756,
        1.7250242208977111,
        2.3027373235002697,
        2.302471425321748,
        2.1055605225711704,
        1.8371864062704915,
        1.7774873598874044,
        2.302734161452424,
        2.302644838532098,
        2.302617134807779,
        2.302609491405441,
        2.3026069851516247,
        2.302740505845141,
        2.3026454345785456,
        2.3026160927985213,
        2.3026084588300124,
        2.3026067761780262,
        2.302733721207086,
        2.3026453794049417,
        2.302618253717034,
        2.3026124050291323,
        2.302606513460191,
        2.3027370373408,
        2.302648983127493,
        2.3026204435087796,
        2.302567681534399,
        2.182657648047669,
        2.3027345353750874,
        2.3026409429326047,
        2.302615744032734,
        2.302608257289127,
        2.30260989277197
    ],
    "train_acc": [
        56.230000000000004,
        67.47999999999999,
        72.13000000000001,
        74.76,
        76.46,
        46.64,
        56.81,
        62.339999999999996,
        68.07,
        71.76,
        38.92,
        50.949999999999996,
        58.60999999999999,
        65.07,
        69.02000000000001,
        30.37,
        48.79,
        59.709999999999994,
        64.37,
        68.92,
        30.28,
        47.24,
        58.29,
        64.18,
        69.36,
        25.490000000000002,
        45.22,
        59.099999999999994,
        65.25,
        68.75,
        35.31,
        47.63,
        58.15,
        64.02,
        67.43,
        36.33,
        47.25,
        54.620000000000005,
        59.48,
        63.73,
        10.0,
        12.620000000000001,
        38.379999999999995,
        46.14,
        52.459999999999994,
        31.080000000000002,
        39.45,
        48.17,
        52.239999999999995,
        56.940000000000005,
        10.02,
        32.43,
        41.730000000000004,
        46.02,
        49.9,
        10.16,
        31.1,
        42.64,
        46.35,
        48.199999999999996,
        10.0,
        10.0,
        10.0,
        10.0,
        10.01,
        10.23,
        27.689999999999998,
        30.819999999999997,
        32.81,
        36.47,
        10.0,
        12.770000000000001,
        28.88,
        32.21,
        34.44,
        10.0,
        10.0,
        10.0,
        10.0,
        10.0,
        10.0,
        10.0,
        10.0,
        10.0,
        10.0,
        10.0,
        10.0,
        10.0,
        10.0,
        10.0,
        10.0,
        10.0,
        10.0,
        15.8,
        22.2,
        10.0,
        10.0,
        10.0,
        10.0,
        10.0
    ],
    "train_loss": [
        1.2200677145027115,
        0.9218708155397883,
        0.7964777120216164,
        0.7219319721895777,
        0.7042663113442723,
        1.4468498486958579,
        1.1915920780090514,
        1.0540520870043133,
        0.9037549731260288,
        0.805046277845691,
        1.5944836239614886,
        1.3397768764438744,
        1.1523853294149844,
        0.9740348240572535,
        0.8708831807096561,
        1.8012726064213735,
        1.3804991666428343,
        1.1181717493576917,
        0.9832152395905135,
        0.882100593544052,
        1.824414567319219,
        1.4099783283507752,
        1.1504564927723593,
        1.0090894749064645,
        0.8699011376161061,
        1.9565404482230455,
        1.4703943722262354,
        1.12617115560406,
        0.9765744487682503,
        0.8838853707570515,
        1.7196625135615915,
        1.4087257378115625,
        1.1581336034986074,
        1.0192199467185015,
        0.9321129086488735,
        1.6597237943889138,
        1.4074928125221573,
        1.2489217837413629,
        1.1027397324225146,
        1.0104300640300363,
        2.302397845034114,
        2.3004246443331597,
        1.6723282958219152,
        1.4588854384279537,
        1.3068878643527002,
        1.7837287623011424,
        1.5914098895238544,
        1.405542712725565,
        1.3054838009223253,
        1.1942410786708673,
        2.300379226307669,
        1.7606004854876125,
        1.5405994161160406,
        1.445008599829531,
        1.3571447997749924,
        2.30216148085223,
        1.9046882962038416,
        1.5692668782022898,
        1.4574856401203635,
        1.4122517472969558,
        2.3026502803414166,
        2.302595398383226,
        2.3025746930859046,
        2.302554867224779,
        2.302426075507067,
        2.285634527663271,
        1.880527146562131,
        1.7882675439297795,
        1.744207210169581,
        1.683719673556482,
        2.3026512197391718,
        2.300634476952924,
        1.897846660928098,
        1.7929017308229458,
        1.7525118603677807,
        2.3026487284791686,
        2.30259838789523,
        2.302590989780997,
        2.3025868267356278,
        2.302586078643799,
        2.3026567704663305,
        2.3026091609886308,
        2.302588736939573,
        2.3025870523053014,
        2.302586271377381,
        2.3026433447877803,
        2.3026085271092946,
        2.302590767066636,
        2.3025868053207854,
        2.302565083532276,
        2.302650343158288,
        2.3026020212801632,
        2.302594024977998,
        2.301239569030122,
        2.11242111071855,
        2.302647640605173,
        2.302603648808188,
        2.302587814673692,
        2.302588422855217,
        2.302585324841345
    ],
    "sparsity": [
        0.0,
        0.0,
        0.0,
        0.0,
        0.0,
        0.19999672942921468,
        0.19999672942921468,
        0.19999672942921468,
        0.19999672942921468,
        0.19999672942921468,
        0.35999482012302647,
        0.35999482012302647,
        0.35999482012302647,
        0.35999482012302647,
        0.35999482012302647,
        0.48799081765153574,
        0.48799081765153574,
        0.48799081765153574,
        0.48799081765153574,
        0.48799081765153574,
        0.5903897371256633,
        0.5903897371256633,
        0.5903897371256633,
        0.5903897371256633,
        0.5903897371256633,
        0.6723086959173553,
        0.6723086959173553,
        0.6723086959173553,
        0.6723086959173553,
        0.6723086959173553,
        0.737844304919734,
        0.737844304919734,
        0.737844304919734,
        0.737844304919734,
        0.737844304919734,
        0.7902724385464169,
        0.7902724385464169,
        0.7902724385464169,
        0.7902724385464169,
        0.7902724385464169,
        0.8322148570539583,
        0.8322148570539583,
        0.8322148570539583,
        0.8322148570539583,
        0.8322148570539583,
        0.8657678195281362,
        0.8657678195281362,
        0.8657678195281362,
        0.8657678195281362,
        0.8657678195281362,
        0.8926116922021637,
        0.8926116922021637,
        0.8926116922021637,
        0.8926116922021637,
        0.8926116922021637,
        0.9140847572838705,
        0.9140847572838705,
        0.9140847572838705,
        0.9140847572838705,
        0.9140847572838705,
        0.931263651318261,
        0.931263651318261,
        0.931263651318261,
        0.931263651318261,
        0.931263651318261,
        0.9450088879970936,
        0.9450088879970936,
        0.9450088879970936,
        0.9450088879970936,
        0.9450088879970936,
        0.9560037514330846,
        0.9560037514330846,
        0.9560037514330846,
        0.9560037514330846,
        0.9560037514330846,
        0.9647984930624122,
        0.9647984930624122,
        0.9647984930624122,
        0.9647984930624122,
        0.9647984930624122,
        0.9718355238791444,
        0.9718355238791444,
        0.9718355238791444,
        0.9718355238791444,
        0.9718355238791444,
        0.9774639994130652,
        0.9774639994130652,
        0.9774639994130652,
        0.9774639994130652,
        0.9774639994130652,
        0.9819672218092267,
        0.9819672218092267,
        0.9819672218092267,
        0.9819672218092267,
        0.9819672218092267,
        0.9855697113323509,
        0.9855697113323509,
        0.9855697113323509,
        0.9855697113323509,
        0.9855697113323509
    ]
}