{
    "args": {
        "load_last_pretrained": false,
        "model": "lenet",
        "dataset": "mnist",
        "epochs": 100,
        "batch_size": 60,
        "initialization": "kaiming-normal",
        "learning_rate": 0.0012,
        "forget_model": false,
        "disable_cuda": false,
        "pruning_rate": 0.2,
        "pruning_interval": 5,
        "seed": 46
    },
    "test_acc": [
        97.30166666666666,
        98.32666666666667,
        98.625,
        99.13166666666666,
        99.20333333333333,
        97.20333333333333,
        98.20666666666666,
        98.59333333333333,
        99.14833333333334,
        99.42333333333333,
        96.89999999999999,
        98.41833333333334,
        98.905,
        99.18,
        99.25,
        97.18166666666667,
        98.45333333333333,
        99.06666666666666,
        99.31333333333333,
        99.54166666666666,
        97.44,
        98.27333333333334,
        99.09166666666667,
        99.30666666666667,
        99.56833333333334,
        97.66833333333334,
        98.92666666666666,
        99.36,
        99.43666666666667,
        99.71833333333333,
        97.695,
        98.835,
        99.035,
        99.09166666666667,
        99.72999999999999,
        97.78333333333333,
        98.97333333333333,
        99.385,
        99.53833333333333,
        99.63,
        97.56833333333333,
        98.725,
        99.335,
        99.55666666666667,
        99.595,
        97.395,
        98.685,
        99.19,
        99.55666666666667,
        99.665,
        96.965,
        98.43166666666666,
        98.89166666666667,
        99.20333333333333,
        99.52,
        96.47333333333333,
        98.05833333333334,
        98.60666666666667,
        99.03166666666667,
        99.32666666666667,
        96.02833333333334,
        97.69333333333333,
        98.55833333333334,
        98.88666666666667,
        99.13833333333332,
        95.43166666666667,
        97.26,
        98.00833333333333,
        98.49333333333334,
        98.76833333333333,
        94.80166666666666,
        96.875,
        97.69666666666666,
        98.265,
        98.51666666666667,
        93.33333333333333,
        96.08,
        97.07333333333334,
        97.62833333333333,
        97.95166666666667,
        92.61666666666667,
        95.69666666666666,
        96.71499999999999,
        97.11833333333333,
        97.435,
        90.53333333333333,
        95.325,
        96.38,
        96.82166666666666,
        97.24833333333333,
        88.95333333333333,
        94.73833333333333,
        96.045,
        96.55,
        96.91166666666666,
        84.68833333333333,
        94.10666666666667,
        95.34,
        95.94,
        96.17999999999999
    ],
    "test_loss": [
        0.2159637655764818,
        0.08909776521101594,
        0.06170863847155124,
        0.043716678930679334,
        0.034327606790320715,
        0.2693570804558694,
        0.09130611728643999,
        0.05984891477576457,
        0.04465421188762411,
        0.0339418544053915,
        0.2534478835761547,
        0.08559580036066472,
        0.05677170479309279,
        0.041451239412010184,
        0.029153634366579355,
        0.2523766077309847,
        0.07809088976867497,
        0.05086734393169172,
        0.03540808038215618,
        0.02656102925920277,
        0.251946397726424,
        0.07418118019308895,
        0.04693463850836269,
        0.03162695027113659,
        0.022933430820063223,
        0.25504095991235226,
        0.06621149033820256,
        0.039618088532122786,
        0.026828691121772864,
        0.020162413773941807,
        0.27218913706205783,
        0.06397697294084355,
        0.03778220545605291,
        0.025543320474098435,
        0.017535318925889443,
        0.28600199733488263,
        0.06264498374518007,
        0.03618014265573583,
        0.024995663722453175,
        0.017774476891965606,
        0.32274740157648923,
        0.06757550549134612,
        0.03902038111677393,
        0.02711219387478195,
        0.019087777036998887,
        0.3651752717513591,
        0.07213279569614679,
        0.042404289911035446,
        0.028461587577476168,
        0.02097838825976942,
        0.435254142427817,
        0.08341511593479663,
        0.05102592758229002,
        0.0365185914238682,
        0.027301000591833144,
        0.5458454327657819,
        0.09765406129229814,
        0.06112618032097816,
        0.04431479337136261,
        0.03380393730918877,
        0.6465228202752769,
        0.10546245668642223,
        0.06757502245949581,
        0.05004584632790648,
        0.03998396929423325,
        0.7914869530089199,
        0.12303094615973532,
        0.08131244546175002,
        0.06256125175906345,
        0.050778229964664204,
        0.9843390534296632,
        0.14233795268461108,
        0.09248151955008507,
        0.07118677639169618,
        0.058997346914839,
        1.2456774370074273,
        0.25334895178675654,
        0.1543507557362318,
        0.11380143566988409,
        0.09167426640354097,
        1.3152634731829167,
        0.2716401829048991,
        0.1705040406510234,
        0.13062610521912574,
        0.10845835867896676,
        1.581743468940258,
        0.32642377227544783,
        0.19032797650620342,
        0.14327326932176948,
        0.11903555457293988,
        1.7216081889569759,
        0.36765859311819077,
        0.20892446726560593,
        0.1559684801697731,
        0.12984310995601117,
        1.8835584800839424,
        0.4259606693089008,
        0.23357949958741664,
        0.1793291010670364,
        0.15248432863131164
    ],
    "train_acc": [
        96.86,
        97.23,
        97.39,
        98.08,
        97.85000000000001,
        96.74000000000001,
        97.55,
        97.58,
        97.65,
        98.05,
        96.5,
        97.54,
        97.78999999999999,
        97.83,
        97.91,
        96.77,
        97.71,
        98.06,
        98.19,
        97.87,
        96.75,
        97.37,
        97.87,
        97.88,
        98.11,
        97.02,
        97.82,
        98.1,
        98.14,
        98.11,
        97.15,
        97.83,
        97.88,
        97.72,
        98.22999999999999,
        97.11999999999999,
        98.03,
        98.1,
        98.05,
        98.1,
        96.97,
        97.87,
        98.1,
        98.13,
        97.96000000000001,
        97.04,
        97.69,
        98.11999999999999,
        98.1,
        98.05,
        96.36,
        97.54,
        97.82,
        97.89999999999999,
        98.07000000000001,
        96.04,
        97.17,
        97.39,
        97.72,
        97.77,
        95.57,
        97.06,
        97.6,
        97.78,
        97.92999999999999,
        95.02000000000001,
        96.71,
        97.21,
        97.44,
        97.63,
        94.59,
        96.3,
        97.06,
        97.43,
        97.42,
        93.23,
        95.62,
        96.44,
        96.71,
        96.97,
        92.88,
        95.48,
        96.27,
        96.67,
        96.82,
        90.63,
        95.33,
        95.89999999999999,
        96.1,
        96.47,
        89.28,
        94.58,
        95.7,
        96.0,
        96.28999999999999,
        85.3,
        94.11,
        95.00999999999999,
        95.63000000000001,
        95.82000000000001
    ],
    "train_loss": [
        0.1037821031069595,
        0.08952112975781282,
        0.08122391826166453,
        0.0679688975563507,
        0.07507040707009682,
        0.10853134005324926,
        0.07887563817788606,
        0.08229085615094373,
        0.07124094323054357,
        0.06352392146377796,
        0.11476629959073609,
        0.07872707971154216,
        0.074007295844463,
        0.06747186348862767,
        0.06927876459005217,
        0.10405306548750151,
        0.06998939652060031,
        0.06413541226173768,
        0.060023719920988705,
        0.0698110595422875,
        0.10172635753510777,
        0.08298561174957873,
        0.06379716677248233,
        0.07113423468830889,
        0.06574466347803841,
        0.09441425766472421,
        0.066012657470555,
        0.0624350752112662,
        0.06937254666947498,
        0.06359213655940006,
        0.09365559639241881,
        0.06633402630798295,
        0.07053721188442101,
        0.07678350664586008,
        0.06170765547852818,
        0.09086647975498331,
        0.06369307955091227,
        0.058353169921584826,
        0.06489296076459598,
        0.06442120549349883,
        0.0973167278675619,
        0.06871818675252492,
        0.06207602406771084,
        0.06111331604571712,
        0.06963262163363342,
        0.10476947746457096,
        0.07253504458335257,
        0.06643251127223233,
        0.06125510030308973,
        0.06515284037303938,
        0.1210204592409605,
        0.08118653839487515,
        0.07101923995233046,
        0.06797574056329173,
        0.06583054958142809,
        0.1394514850714428,
        0.09248232065203661,
        0.08151921495784097,
        0.07385984854772687,
        0.07087663366476041,
        0.15091456252033125,
        0.09887823270087293,
        0.08056365348075233,
        0.07503830733943262,
        0.0701256757462676,
        0.1702914810600038,
        0.11062590811334684,
        0.09189064196773811,
        0.08273000773990494,
        0.07843314158635403,
        0.19336744226113764,
        0.12359371260477754,
        0.10164247358407447,
        0.08959928429044203,
        0.08885406941443147,
        0.3645676784886571,
        0.1991243274982818,
        0.14951057683029575,
        0.1263107463249011,
        0.11454234871187967,
        0.3897863849551378,
        0.21165514224303697,
        0.16062727740067922,
        0.13703739732325435,
        0.12496419537611707,
        0.5021934603859565,
        0.23700416110411376,
        0.1762848588788581,
        0.15051237772592527,
        0.13492919219111255,
        0.5837912773657702,
        0.26307104157651967,
        0.18990842815109354,
        0.15982375697729118,
        0.14331482691009959,
        0.738265802046496,
        0.2864370856456414,
        0.21240800043601477,
        0.1801642575886792,
        0.16425343890657682
    ],
    "sparsity": [
        0.0,
        0.0,
        0.0,
        0.0,
        0.0,
        0.2,
        0.2,
        0.2,
        0.2,
        0.2,
        0.3599977495217734,
        0.3599977495217734,
        0.3599977495217734,
        0.3599977495217734,
        0.3599977495217734,
        0.4879899478639211,
        0.4879899478639211,
        0.4879899478639211,
        0.4879899478639211,
        0.4879899478639211,
        0.5903829563782304,
        0.5903829563782304,
        0.5903829563782304,
        0.5903829563782304,
        0.5903829563782304,
        0.6722966130302689,
        0.6722966130302689,
        0.6722966130302689,
        0.6722966130302689,
        0.6722966130302689,
        0.7378267881924909,
        0.7378267881924909,
        0.7378267881924909,
        0.7378267881924909,
        0.7378267881924909,
        0.7902516784816773,
        0.7902516784816773,
        0.7902516784816773,
        0.7902516784816773,
        0.7902516784816773,
        0.8321893402347998,
        0.8321893402347998,
        0.8321893402347998,
        0.8321893402347998,
        0.8321893402347998,
        0.8657364689996624,
        0.8657364689996624,
        0.8657364689996624,
        0.8657364689996624,
        0.8657364689996624,
        0.8925809234462323,
        0.8925809234462323,
        0.8925809234462323,
        0.8925809234462323,
        0.8925809234462323,
        0.9140504857282172,
        0.9140504857282172,
        0.9140504857282172,
        0.9140504857282172,
        0.9140504857282172,
        0.9312291361914407,
        0.9312291361914407,
        0.9312291361914407,
        0.9312291361914407,
        0.9312291361914407,
        0.944968305764975,
        0.944968305764975,
        0.944968305764975,
        0.944968305764975,
        0.944968305764975,
        0.9559618919020292,
        0.9559618919020292,
        0.9559618919020292,
        0.9559618919020292,
        0.9559618919020292,
        0.9647612617681257,
        0.9647612617681257,
        0.9647612617681257,
        0.9647612617681257,
        0.9647612617681257,
        0.9717977570233675,
        0.9717977570233675,
        0.9717977570233675,
        0.9717977570233675,
        0.9717977570233675,
        0.9774314541840141,
        0.9774314541840141,
        0.9774314541840141,
        0.9774314541840141,
        0.9774314541840141,
        0.981928659840216,
        0.981928659840216,
        0.981928659840216,
        0.981928659840216,
        0.981928659840216,
        0.9855294250028132,
        0.9855294250028132,
        0.9855294250028132,
        0.9855294250028132,
        0.9855294250028132
    ]
}