{
    "args": {
        "load_last_pretrained": false,
        "model": "lenet",
        "dataset": "mnist",
        "epochs": 100,
        "batch_size": 60,
        "initialization": "kaiming-uniform",
        "learning_rate": 0.0012,
        "forget_model": false,
        "disable_cuda": false,
        "pruning_rate": 0.2,
        "pruning_interval": 5,
        "seed": 45
    },
    "test_acc": [
        97.185,
        98.55666666666667,
        98.95,
        98.83666666666666,
        99.13166666666666,
        97.03333333333333,
        98.10166666666666,
        98.22666666666666,
        98.97666666666667,
        99.38333333333334,
        97.17833333333333,
        98.30333333333333,
        98.79,
        98.97666666666667,
        99.47,
        97.43333333333334,
        98.14666666666668,
        98.88333333333334,
        99.24333333333333,
        99.25500000000001,
        97.53166666666667,
        98.69333333333333,
        99.02499999999999,
        99.30166666666666,
        99.655,
        97.165,
        98.82,
        99.08666666666667,
        99.51833333333333,
        99.61166666666666,
        97.845,
        98.87,
        99.27,
        99.48,
        99.655,
        97.81833333333333,
        98.81166666666667,
        99.33,
        99.55000000000001,
        99.705,
        97.72999999999999,
        98.89,
        99.35666666666667,
        99.53999999999999,
        99.75333333333334,
        97.49666666666667,
        98.73666666666666,
        99.25500000000001,
        99.37166666666667,
        99.59833333333333,
        96.87666666666667,
        98.30166666666666,
        99.07666666666667,
        99.19333333333333,
        99.54666666666667,
        96.41999999999999,
        98.11999999999999,
        98.79166666666667,
        99.20666666666666,
        99.42666666666666,
        95.88666666666667,
        97.91166666666666,
        98.40166666666667,
        98.92666666666666,
        99.13833333333332,
        95.295,
        97.28333333333333,
        98.11999999999999,
        98.61166666666666,
        98.83333333333333,
        94.86333333333333,
        97.25,
        97.96666666666667,
        98.385,
        98.64166666666667,
        94.38,
        96.73166666666667,
        97.56833333333333,
        98.005,
        98.37333333333333,
        91.53666666666666,
        95.88166666666666,
        96.995,
        97.44833333333334,
        97.76333333333334,
        90.34833333333333,
        95.24666666666667,
        96.53833333333334,
        97.05666666666667,
        97.36,
        87.80333333333333,
        94.78666666666666,
        96.20666666666666,
        96.74166666666667,
        97.04833333333333,
        53.998333333333335,
        71.88166666666666,
        74.57000000000001,
        75.68666666666667,
        76.12666666666667
    ],
    "test_loss": [
        0.21307561555597931,
        0.08675653839344159,
        0.05867739882436581,
        0.04221059927344322,
        0.034689388530008726,
        0.2679491625968367,
        0.09144156202347949,
        0.0601601229486987,
        0.04604887703910936,
        0.033108880583313294,
        0.2554339054282755,
        0.08492708540800958,
        0.05629843213339336,
        0.03984121173503809,
        0.0307007154324092,
        0.2510270409970544,
        0.07895721342973411,
        0.0501803476701607,
        0.03632695942732971,
        0.026549552864307772,
        0.25263749245833605,
        0.0734352872595191,
        0.04436534846085124,
        0.03021637510578148,
        0.022337171850231242,
        0.2610357969338074,
        0.06807578972587362,
        0.041487810357473794,
        0.0279378879169235,
        0.019919178440322868,
        0.2720638134600595,
        0.062439864950021726,
        0.03782919837837107,
        0.025484218009223694,
        0.018090963883325456,
        0.2883627809425816,
        0.06271048397361301,
        0.03611490923969541,
        0.02426907856896287,
        0.017640300958213628,
        0.3213124957382679,
        0.06357694589043968,
        0.03682629092223942,
        0.025291269381530583,
        0.017676269365096232,
        0.3633797093341127,
        0.06997127714380622,
        0.04080997022241354,
        0.027683931346517057,
        0.020034175120366853,
        0.43863577164337036,
        0.08469251106726006,
        0.049628193971002474,
        0.033990073650842535,
        0.025053135681082493,
        0.5221031049191952,
        0.09748744100425392,
        0.05830255576898344,
        0.041042701359605416,
        0.031195133649744092,
        0.6254627464078367,
        0.10656399885565042,
        0.06657181889703498,
        0.04916263497946784,
        0.03857490875327494,
        0.7740730367004871,
        0.12835114160366357,
        0.08097719156276435,
        0.060012384987203404,
        0.04830202636658214,
        0.9462521196007728,
        0.13742634431831538,
        0.08737937604729086,
        0.06687061246857047,
        0.055478993789758534,
        1.119518535450101,
        0.1518594869673252,
        0.09924927807692438,
        0.07692631228733808,
        0.06465521428734064,
        1.4052749315202235,
        0.27953704419732095,
        0.16163667594268918,
        0.11994312258064747,
        0.09788878736272454,
        1.502908088207245,
        0.31226872332394123,
        0.1800324219763279,
        0.13420480171963572,
        0.1109273415300995,
        1.6726244253516198,
        0.36742268327623606,
        0.1975909223333001,
        0.14674897289648653,
        0.122502840122208,
        2.0181164846420288,
        1.1143613266944885,
        0.8607640075683594,
        0.7299664092361927,
        0.6400304673910141
    ],
    "train_acc": [
        96.49,
        97.41,
        97.82,
        97.56,
        97.8,
        96.67,
        97.45,
        97.42,
        97.8,
        98.11999999999999,
        96.54,
        97.42,
        97.76,
        97.71,
        98.1,
        97.02,
        97.23,
        97.81,
        97.89999999999999,
        97.68,
        96.87,
        97.77,
        97.91,
        97.88,
        98.33,
        96.59,
        97.89999999999999,
        97.8,
        98.22,
        98.1,
        97.24000000000001,
        97.86,
        97.92999999999999,
        98.13,
        98.18,
        97.06,
        97.91,
        98.13,
        98.15,
        98.2,
        96.98,
        97.77,
        98.1,
        98.16,
        98.18,
        96.78999999999999,
        97.7,
        98.03,
        98.00999999999999,
        98.11999999999999,
        96.41,
        97.44,
        97.96000000000001,
        97.81,
        98.02,
        95.89999999999999,
        97.34,
        97.81,
        98.0,
        98.0,
        95.71,
        97.04,
        97.5,
        97.72,
        97.71,
        95.38,
        96.72,
        97.05,
        97.5,
        97.58,
        94.93,
        96.57,
        97.3,
        97.48,
        97.55,
        94.64,
        96.41999999999999,
        96.76,
        97.11999999999999,
        97.22,
        92.01,
        95.65,
        96.39,
        96.78999999999999,
        97.08,
        90.88000000000001,
        95.05,
        96.04,
        96.48,
        96.73,
        88.41,
        94.69,
        95.78,
        96.11,
        96.25,
        54.339999999999996,
        72.11,
        74.6,
        75.64,
        76.02
    ],
    "train_loss": [
        0.11151293598806965,
        0.08190481811984927,
        0.07544244853026807,
        0.0841245497068011,
        0.07471200497472424,
        0.11189743198878216,
        0.08371069070654447,
        0.08830224718720078,
        0.07323298362100464,
        0.06572294446798654,
        0.10670537068815289,
        0.08298634657982046,
        0.07792553552816772,
        0.07561352647963666,
        0.0672192346133169,
        0.10230407736704734,
        0.08909042733916622,
        0.07362053645942025,
        0.07119967312758375,
        0.07932186019913612,
        0.10467764002990401,
        0.07107508188102417,
        0.06433545166074471,
        0.07204795473890971,
        0.06448494376019369,
        0.11271499048271579,
        0.06785394680479954,
        0.07214464687095386,
        0.06192367150821907,
        0.06854515381834977,
        0.0933997263228465,
        0.06942076547751705,
        0.06625346562958986,
        0.06440738408999172,
        0.06422251124181756,
        0.09695137002154025,
        0.0719166189295513,
        0.06247447351409223,
        0.06334997436887735,
        0.06285427300423986,
        0.09787611981775768,
        0.07190101135600202,
        0.061172337215505315,
        0.06201912925305392,
        0.06584579781538523,
        0.10498604082508002,
        0.07476100981274542,
        0.06202562086557423,
        0.06541542871367231,
        0.06661911879339907,
        0.12468549817755907,
        0.08568334902921122,
        0.06657437086635141,
        0.07407546595915661,
        0.06660389090040532,
        0.13927222300923156,
        0.09265493458794977,
        0.07738392269461901,
        0.07047201642727557,
        0.07011983734918033,
        0.1549460261301723,
        0.09975718029824916,
        0.08525734063527898,
        0.08039594589158179,
        0.07734866052709832,
        0.17039524043302337,
        0.1128869961144146,
        0.0966096817220221,
        0.08450938799714078,
        0.085073027949401,
        0.1853787758036288,
        0.12022346760073822,
        0.10025321027475917,
        0.09080754873248006,
        0.08794643561645762,
        0.20437859348997384,
        0.12806907783591462,
        0.1110051827349081,
        0.10111579483285725,
        0.09725050346278948,
        0.4179869594866644,
        0.20605254695265593,
        0.1539274260267883,
        0.12928394404446295,
        0.11667932343005599,
        0.47534788315167686,
        0.2246306395816232,
        0.1665410759250918,
        0.14141280775120157,
        0.12775761530383262,
        0.594046422285948,
        0.25224946363421974,
        0.1818930266235403,
        0.15443242838728927,
        0.1409204113492352,
        1.3994650255420251,
        0.9550637342258842,
        0.790449858068706,
        0.7007179781348406,
        0.6173686608226
    ],
    "sparsity": [
        0.0,
        0.0,
        0.0,
        0.0,
        0.0,
        0.2,
        0.2,
        0.2,
        0.2,
        0.2,
        0.3599977495217734,
        0.3599977495217734,
        0.3599977495217734,
        0.3599977495217734,
        0.3599977495217734,
        0.4879899478639211,
        0.4879899478639211,
        0.4879899478639211,
        0.4879899478639211,
        0.4879899478639211,
        0.5903829563782304,
        0.5903829563782304,
        0.5903829563782304,
        0.5903829563782304,
        0.5903829563782304,
        0.6722966130302689,
        0.6722966130302689,
        0.6722966130302689,
        0.6722966130302689,
        0.6722966130302689,
        0.7378267881924909,
        0.7378267881924909,
        0.7378267881924909,
        0.7378267881924909,
        0.7378267881924909,
        0.7902516784816773,
        0.7902516784816773,
        0.7902516784816773,
        0.7902516784816773,
        0.7902516784816773,
        0.8321893402347998,
        0.8321893402347998,
        0.8321893402347998,
        0.8321893402347998,
        0.8321893402347998,
        0.8657364689996624,
        0.8657364689996624,
        0.8657364689996624,
        0.8657364689996624,
        0.8657364689996624,
        0.8925809234462323,
        0.8925809234462323,
        0.8925809234462323,
        0.8925809234462323,
        0.8925809234462323,
        0.9140504857282172,
        0.9140504857282172,
        0.9140504857282172,
        0.9140504857282172,
        0.9140504857282172,
        0.9312291361914407,
        0.9312291361914407,
        0.9312291361914407,
        0.9312291361914407,
        0.9312291361914407,
        0.944968305764975,
        0.944968305764975,
        0.944968305764975,
        0.944968305764975,
        0.944968305764975,
        0.9559618919020292,
        0.9559618919020292,
        0.9559618919020292,
        0.9559618919020292,
        0.9559618919020292,
        0.9647612617681257,
        0.9647612617681257,
        0.9647612617681257,
        0.9647612617681257,
        0.9647612617681257,
        0.9717977570233675,
        0.9717977570233675,
        0.9717977570233675,
        0.9717977570233675,
        0.9717977570233675,
        0.9774314541840141,
        0.9774314541840141,
        0.9774314541840141,
        0.9774314541840141,
        0.9774314541840141,
        0.981928659840216,
        0.981928659840216,
        0.981928659840216,
        0.981928659840216,
        0.981928659840216,
        0.9855294250028132,
        0.9855294250028132,
        0.9855294250028132,
        0.9855294250028132,
        0.9855294250028132
    ]
}