{
    "args": {
        "load_last_pretrained": false,
        "model": "lenet",
        "dataset": "mnist",
        "epochs": 100,
        "batch_size": 60,
        "initialization": "xavier-uniform",
        "learning_rate": 0.0012,
        "forget_model": false,
        "disable_cuda": false,
        "pruning_rate": 0.2,
        "pruning_interval": 5,
        "seed": 48
    },
    "test_acc": [
        96.17999999999999,
        98.43666666666667,
        98.55000000000001,
        98.62666666666667,
        98.97166666666666,
        96.89999999999999,
        98.30666666666666,
        98.88833333333334,
        98.44833333333334,
        99.215,
        97.12166666666666,
        98.25500000000001,
        98.81333333333333,
        99.02333333333333,
        99.30333333333333,
        97.38166666666666,
        98.45166666666667,
        99.15,
        99.34833333333334,
        99.49333333333334,
        97.455,
        98.67833333333334,
        99.33999999999999,
        99.28166666666667,
        99.62,
        97.78999999999999,
        98.90333333333334,
        99.25333333333334,
        99.50666666666666,
        99.67,
        97.90333333333334,
        98.86500000000001,
        99.22833333333332,
        99.51,
        99.65333333333334,
        97.655,
        98.91333333333333,
        99.34333333333333,
        99.60166666666666,
        99.395,
        97.655,
        98.92833333333333,
        99.295,
        99.57333333333334,
        99.60166666666666,
        97.45166666666667,
        98.68,
        99.24666666666667,
        99.55000000000001,
        99.565,
        96.955,
        98.535,
        99.14,
        99.44166666666666,
        99.51,
        96.54666666666667,
        98.235,
        98.85166666666667,
        99.25,
        99.41833333333334,
        96.16666666666667,
        97.89,
        98.48,
        98.92833333333333,
        99.115,
        95.035,
        97.16833333333334,
        98.005,
        98.40333333333334,
        98.68333333333334,
        94.49,
        96.86333333333333,
        97.69166666666666,
        98.11999999999999,
        98.39166666666667,
        92.54166666666667,
        95.87333333333333,
        96.81833333333333,
        97.34,
        97.73166666666665,
        91.795,
        95.63666666666667,
        96.58833333333334,
        97.11333333333333,
        97.33333333333334,
        90.375,
        95.04333333333334,
        95.95833333333333,
        96.57166666666667,
        96.92,
        87.23833333333333,
        94.65333333333334,
        95.91333333333333,
        96.41833333333332,
        96.72666666666667,
        62.47166666666667,
        74.03,
        75.29,
        75.83666666666666,
        76.13166666666666
    ],
    "test_loss": [
        0.21821620250307022,
        0.08791577726323158,
        0.059427198379300536,
        0.04497766906331526,
        0.035360915966593895,
        0.26965182001143695,
        0.09346822358854115,
        0.06086116721946746,
        0.04494053439388517,
        0.033205390862422066,
        0.2573519133590162,
        0.08544667837116868,
        0.05697756358818151,
        0.03979103267285973,
        0.02993990663313889,
        0.24937979176081718,
        0.07756606986979023,
        0.04960132381448056,
        0.035637878891371655,
        0.02629634122387506,
        0.2496387767251581,
        0.07019129517278634,
        0.04368862704234198,
        0.031068852074851747,
        0.02335820311741554,
        0.2562510845530778,
        0.06689592070435174,
        0.039802201171871276,
        0.02836913535601343,
        0.01978599053819198,
        0.2652430008761585,
        0.062261406992562114,
        0.03769846498616971,
        0.025705581026501022,
        0.017841140964592342,
        0.28877249793335796,
        0.06536464326037093,
        0.0378524406128563,
        0.025152064904686994,
        0.01743416765073198,
        0.32221595161408184,
        0.06436751170968637,
        0.037332178507349455,
        0.02526905216817977,
        0.018174318660108837,
        0.36018963827565315,
        0.07131907939491794,
        0.04117796574253589,
        0.02812131986254826,
        0.020481854590820147,
        0.4252463688608259,
        0.07992748557543382,
        0.04765406356984749,
        0.03330339862854453,
        0.02467134974448709,
        0.503084292827174,
        0.09423905861144885,
        0.05698763969610445,
        0.03999605124187656,
        0.031386412607156675,
        0.620797789093107,
        0.10518139986135065,
        0.06674681843444705,
        0.04972885555261746,
        0.039455445708008484,
        0.7681446320824326,
        0.1301044026836753,
        0.08699963897932321,
        0.06690094360942021,
        0.05447247561160475,
        0.9795000643134117,
        0.14803624197747559,
        0.09825250787753612,
        0.07742912273434922,
        0.06496579420845956,
        1.3084279417544604,
        0.25110724875330925,
        0.15696355706453324,
        0.12068087650835514,
        0.10038394817151129,
        1.382818351238966,
        0.28018981955945493,
        0.17052168939635157,
        0.13096131350845097,
        0.10999144930578768,
        1.5778123638927937,
        0.32292368160933255,
        0.19368809984996915,
        0.14883498048409818,
        0.12543842747062445,
        1.721628166615963,
        0.3674478268921375,
        0.20659454454481602,
        0.15777647180110216,
        0.13349369519203902,
        2.0680720800161363,
        0.9616023012399674,
        0.6551113227009773,
        0.5740825151205062,
        0.5381104676127434
    ],
    "train_acc": [
        95.34,
        97.44,
        97.55,
        97.39999999999999,
        97.64,
        96.50999999999999,
        97.39,
        97.78999999999999,
        97.24000000000001,
        97.92,
        96.52,
        97.08,
        97.84,
        97.8,
        97.82,
        96.76,
        97.64,
        98.0,
        98.1,
        98.08,
        96.67,
        97.72,
        97.92,
        97.87,
        98.11999999999999,
        97.14,
        97.89999999999999,
        98.06,
        98.2,
        98.05,
        97.3,
        97.84,
        98.00999999999999,
        98.04,
        97.96000000000001,
        97.03,
        97.88,
        97.92999999999999,
        98.22,
        97.82,
        97.05,
        97.82,
        98.17,
        98.18,
        98.02,
        96.94,
        97.48,
        97.83,
        97.99,
        98.00999999999999,
        96.41999999999999,
        97.57000000000001,
        97.78999999999999,
        97.99,
        97.92999999999999,
        96.24000000000001,
        97.41,
        97.74000000000001,
        97.78,
        97.89,
        95.7,
        97.15,
        97.58,
        97.68,
        97.74000000000001,
        94.94,
        96.73,
        97.21,
        97.53,
        97.6,
        94.46,
        96.41999999999999,
        97.08,
        97.18,
        97.28999999999999,
        92.82000000000001,
        95.6,
        96.1,
        96.50999999999999,
        96.76,
        92.29,
        95.28999999999999,
        95.93,
        96.28999999999999,
        96.31,
        90.88000000000001,
        94.73,
        95.58,
        95.92,
        96.11,
        87.9,
        94.61,
        95.45,
        95.86,
        96.19,
        62.79,
        74.09,
        75.17,
        75.64,
        75.53
    ],
    "train_loss": [
        0.13818764556645455,
        0.07934694499346222,
        0.08537680897680473,
        0.08663569377250077,
        0.08224919363772663,
        0.10855443283223999,
        0.08278660348778268,
        0.07064054440428129,
        0.08452978473390915,
        0.06729081369278406,
        0.11394288600561861,
        0.09015060514546261,
        0.07099543273738937,
        0.07471363254666641,
        0.07377126417192491,
        0.10053569888194164,
        0.08151810330723575,
        0.06474359214311455,
        0.06359607837766598,
        0.06844421123498827,
        0.1035599964308346,
        0.07431804833788715,
        0.06611769713885235,
        0.07101815113063042,
        0.06356873418728007,
        0.09289337200542053,
        0.0691374478287281,
        0.06115484217455064,
        0.06021567911689008,
        0.0658048440947638,
        0.09033372163393362,
        0.07078440690658495,
        0.0666006378770923,
        0.062011967551501325,
        0.06444557817460422,
        0.09796940848164394,
        0.06920176229305833,
        0.06563073575558018,
        0.06337023635665345,
        0.07192089595318867,
        0.09952198016920133,
        0.06620177309012074,
        0.06380832468335165,
        0.062165179441147626,
        0.06898858348008044,
        0.10948222355281342,
        0.07631822358426488,
        0.06742691721984681,
        0.06327978225249217,
        0.06799378366039474,
        0.11988113156915782,
        0.0799351714239149,
        0.06963019030904788,
        0.06454161146772791,
        0.07018132416690381,
        0.1326001564118855,
        0.08751576591260776,
        0.07435628526403519,
        0.07028050884788488,
        0.07091717511376444,
        0.14848778800603873,
        0.09642112552896588,
        0.08267959372090276,
        0.074075607998397,
        0.07161600455993083,
        0.17605449553735242,
        0.11377287912600768,
        0.09576477008330786,
        0.08733218598798542,
        0.08513377694981898,
        0.19868347381135662,
        0.12436426316058921,
        0.10491056632373237,
        0.09710966473623753,
        0.09396217994860367,
        0.3625013153710051,
        0.19736594778156566,
        0.15681063678271756,
        0.1343138093340718,
        0.12510958219136664,
        0.41495446869713104,
        0.21526368845722632,
        0.1675798774300935,
        0.14672645762518138,
        0.13997946651708223,
        0.4920326001986772,
        0.24258215845880393,
        0.18846187544261625,
        0.1620471300166881,
        0.1485109174635239,
        0.6083866616566024,
        0.26157470377619396,
        0.1934482212105911,
        0.16794918684991533,
        0.15371490486278505,
        1.4361954384935116,
        0.7432256365964512,
        0.6176800376283909,
        0.5693867213711767,
        0.5478659348930427
    ],
    "sparsity": [
        0.0,
        0.0,
        0.0,
        0.0,
        0.0,
        0.2,
        0.2,
        0.2,
        0.2,
        0.2,
        0.3599977495217734,
        0.3599977495217734,
        0.3599977495217734,
        0.3599977495217734,
        0.3599977495217734,
        0.4879899478639211,
        0.4879899478639211,
        0.4879899478639211,
        0.4879899478639211,
        0.4879899478639211,
        0.5903829563782304,
        0.5903829563782304,
        0.5903829563782304,
        0.5903829563782304,
        0.5903829563782304,
        0.6722966130302689,
        0.6722966130302689,
        0.6722966130302689,
        0.6722966130302689,
        0.6722966130302689,
        0.7378267881924909,
        0.7378267881924909,
        0.7378267881924909,
        0.7378267881924909,
        0.7378267881924909,
        0.7902516784816773,
        0.7902516784816773,
        0.7902516784816773,
        0.7902516784816773,
        0.7902516784816773,
        0.8321893402347998,
        0.8321893402347998,
        0.8321893402347998,
        0.8321893402347998,
        0.8321893402347998,
        0.8657364689996624,
        0.8657364689996624,
        0.8657364689996624,
        0.8657364689996624,
        0.8657364689996624,
        0.8925809234462323,
        0.8925809234462323,
        0.8925809234462323,
        0.8925809234462323,
        0.8925809234462323,
        0.9140504857282172,
        0.9140504857282172,
        0.9140504857282172,
        0.9140504857282172,
        0.9140504857282172,
        0.9312291361914407,
        0.9312291361914407,
        0.9312291361914407,
        0.9312291361914407,
        0.9312291361914407,
        0.944968305764975,
        0.944968305764975,
        0.944968305764975,
        0.944968305764975,
        0.944968305764975,
        0.9559618919020292,
        0.9559618919020292,
        0.9559618919020292,
        0.9559618919020292,
        0.9559618919020292,
        0.9647612617681257,
        0.9647612617681257,
        0.9647612617681257,
        0.9647612617681257,
        0.9647612617681257,
        0.9717977570233675,
        0.9717977570233675,
        0.9717977570233675,
        0.9717977570233675,
        0.9717977570233675,
        0.9774314541840141,
        0.9774314541840141,
        0.9774314541840141,
        0.9774314541840141,
        0.9774314541840141,
        0.981928659840216,
        0.981928659840216,
        0.981928659840216,
        0.981928659840216,
        0.981928659840216,
        0.9855294250028132,
        0.9855294250028132,
        0.9855294250028132,
        0.9855294250028132,
        0.9855294250028132
    ]
}