{
    "args": {
        "load_last_pretrained": false,
        "model": "lenet",
        "dataset": "mnist",
        "epochs": 100,
        "batch_size": 60,
        "initialization": "xavier-uniform-half",
        "learning_rate": 0.0012,
        "forget_model": false,
        "disable_cuda": false,
        "pruning_rate": 0.2,
        "pruning_interval": 5,
        "seed": 44
    },
    "test_acc": [
        96.7,
        97.99,
        98.41,
        99.11166666666666,
        99.07333333333334,
        96.74333333333334,
        98.15833333333333,
        98.615,
        98.74833333333333,
        99.15,
        96.90833333333333,
        98.25333333333333,
        98.98833333333333,
        99.17166666666667,
        99.20833333333333,
        97.34333333333333,
        98.46666666666667,
        98.96666666666667,
        99.29333333333334,
        99.34833333333334,
        97.52499999999999,
        98.64,
        99.14666666666668,
        99.49833333333333,
        99.50833333333333,
        97.86833333333334,
        98.665,
        99.11999999999999,
        99.565,
        99.52666666666666,
        97.84666666666666,
        98.77333333333334,
        99.21333333333334,
        99.52166666666666,
        99.67,
        97.90166666666667,
        98.955,
        99.41666666666666,
        99.66833333333334,
        99.66666666666667,
        97.88833333333334,
        98.96333333333334,
        99.19166666666666,
        99.63166666666666,
        99.59333333333333,
        97.70333333333333,
        98.76666666666667,
        99.32166666666666,
        99.55666666666667,
        99.67,
        97.18166666666667,
        98.57333333333334,
        99.10333333333334,
        99.40833333333333,
        99.52333333333333,
        96.65333333333334,
        98.14,
        98.90333333333334,
        99.25,
        99.455,
        96.21666666666667,
        98.04,
        98.72666666666666,
        98.84333333333333,
        99.29666666666667,
        95.22333333333334,
        97.33500000000001,
        98.1,
        98.50333333333333,
        98.81666666666666,
        94.395,
        96.84666666666666,
        97.75833333333334,
        98.24666666666667,
        98.51166666666667,
        92.04,
        95.80499999999999,
        97.10333333333332,
        97.71166666666666,
        97.925,
        92.685,
        95.975,
        96.93666666666667,
        97.45666666666666,
        97.725,
        90.97166666666666,
        95.32000000000001,
        96.53,
        96.98666666666666,
        97.39,
        87.62,
        94.08166666666666,
        95.405,
        95.92833333333334,
        96.34666666666666,
        82.84,
        93.55333333333333,
        94.95166666666667,
        95.54833333333333,
        96.015
    ],
    "test_loss": [
        0.25707718400191515,
        0.09902070012036711,
        0.06648444112227299,
        0.04785218676889781,
        0.037744857188576134,
        0.2621063367780298,
        0.09458709934563377,
        0.06101069577992894,
        0.04533966365479864,
        0.03338182079172111,
        0.2519964953344315,
        0.08367550455126911,
        0.05581126550841145,
        0.03953378397799679,
        0.030152254366665146,
        0.2466130076162517,
        0.07828838462010027,
        0.049791463449713774,
        0.03608251182443928,
        0.025529016793821937,
        0.2441613757731393,
        0.07211825903085992,
        0.04361366712651216,
        0.031041961622657255,
        0.02230596293092822,
        0.2501731591504067,
        0.06459014478418976,
        0.03963332956493832,
        0.02652409573656041,
        0.020679446168243885,
        0.26944914247933777,
        0.06149749922077172,
        0.03686795574240386,
        0.024869838879676535,
        0.017660111391654937,
        0.28304307811520996,
        0.05990717610204593,
        0.03482768464274705,
        0.02321492315485375,
        0.01677306636085268,
        0.3106617478104308,
        0.05965319895418361,
        0.03462690536386799,
        0.023390115675516427,
        0.016974650124990148,
        0.34856459993403405,
        0.06476937881857157,
        0.03800474546966143,
        0.025600410904269667,
        0.01791458031174261,
        0.40625927258469163,
        0.07553072800766676,
        0.045178369867149744,
        0.031082978816470132,
        0.02338005748859723,
        0.5093665222041309,
        0.09294450153224171,
        0.055745486026629806,
        0.038789162734523416,
        0.029506624684785494,
        0.6188214094638824,
        0.1008426419608295,
        0.0628719522524625,
        0.04550240650167689,
        0.03601686182385311,
        0.7455459881350398,
        0.1302625526348129,
        0.08237558451341465,
        0.061674298664554955,
        0.049625195031054316,
        0.9809630201943219,
        0.14681402321346104,
        0.09481060378067195,
        0.07243409458780661,
        0.06019228194328025,
        1.2512675957232713,
        0.24882874753698705,
        0.1364485300704837,
        0.09701651547476649,
        0.07844428236735984,
        1.2912446263879538,
        0.21113092073425652,
        0.12619184763915836,
        0.1002962087020278,
        0.086582475412637,
        1.495643711924553,
        0.2572504708394408,
        0.14405792766064404,
        0.1117118297535926,
        0.09640387827344239,
        1.698358241558075,
        0.4035440767407417,
        0.21693937696516513,
        0.1644136011749506,
        0.14008289943821728,
        1.8716877435445785,
        0.4887720646709204,
        0.24404043750464915,
        0.18321045982092618,
        0.1556286046989262
    ],
    "train_acc": [
        96.41999999999999,
        97.33000000000001,
        97.33000000000001,
        98.05,
        97.68,
        96.09,
        97.26,
        97.42,
        97.45,
        97.85000000000001,
        96.58,
        97.38,
        97.82,
        97.89,
        97.81,
        96.82,
        97.53,
        97.77,
        97.97,
        97.85000000000001,
        96.76,
        97.66,
        98.04,
        98.07000000000001,
        98.0,
        97.26,
        97.82,
        97.52,
        98.07000000000001,
        97.99,
        97.33000000000001,
        97.78999999999999,
        97.89,
        97.99,
        98.28,
        97.28,
        98.0,
        98.11,
        98.05,
        98.16,
        97.15,
        97.86,
        98.00999999999999,
        98.15,
        98.00999999999999,
        97.04,
        97.7,
        98.00999999999999,
        97.99,
        98.08,
        96.67999999999999,
        97.63,
        97.77,
        98.00999999999999,
        98.14,
        96.3,
        97.32,
        97.76,
        97.78999999999999,
        98.07000000000001,
        95.8,
        97.44,
        97.74000000000001,
        97.76,
        97.87,
        95.00999999999999,
        96.77,
        97.18,
        97.36,
        97.55,
        94.14,
        96.31,
        96.95,
        97.2,
        97.32,
        91.86999999999999,
        95.39999999999999,
        96.34,
        96.78999999999999,
        96.99,
        92.67,
        95.45,
        96.09,
        96.61,
        96.73,
        91.36999999999999,
        94.82000000000001,
        95.92,
        96.2,
        96.52,
        87.22999999999999,
        93.92,
        94.75,
        95.34,
        95.67,
        82.71,
        93.39,
        94.6,
        94.86,
        95.16
    ],
    "train_loss": [
        0.11872962302344288,
        0.08779482300320786,
        0.0830797062054678,
        0.06613164915547087,
        0.07872930682448302,
        0.12250621348039475,
        0.0841372159315262,
        0.08431486418320167,
        0.0815452301796682,
        0.0739476173847055,
        0.11570412942213927,
        0.08539838548526614,
        0.06742887432034501,
        0.06726189291601008,
        0.07279729249212377,
        0.10354728756394393,
        0.08000869304778244,
        0.06817469908367887,
        0.0693406562270697,
        0.07264304442768972,
        0.10336490843757362,
        0.07130123893200548,
        0.06389933728897375,
        0.06254641646742375,
        0.06906168148915623,
        0.0958071397394388,
        0.07309670897875495,
        0.0794313377721659,
        0.0649755162759935,
        0.07024492460866263,
        0.09156536169260919,
        0.07301088929745163,
        0.0687638698494296,
        0.06679443442813417,
        0.06305121226496939,
        0.09219507489933404,
        0.06952937458876052,
        0.06307345726262377,
        0.06411005183461842,
        0.06989771718700266,
        0.09855517362450768,
        0.06805255541209868,
        0.06905051512423412,
        0.06045905475973146,
        0.07193408356449695,
        0.10091453207333288,
        0.07473964929792606,
        0.06495156172456633,
        0.06789772850628607,
        0.06892283348430055,
        0.11845339813498323,
        0.07900472023541075,
        0.07299878582927193,
        0.06622028198165673,
        0.06642012628182925,
        0.13400683041193528,
        0.08864276100530061,
        0.07316629277698383,
        0.07108096901360832,
        0.06789884084144128,
        0.14392463435714473,
        0.09319624833450346,
        0.07923240391927922,
        0.07556845703089755,
        0.07228067512261475,
        0.18179885998457493,
        0.11855905544860455,
        0.0969657184623048,
        0.089279477069054,
        0.0847469444657135,
        0.20318441793411793,
        0.1312796171464606,
        0.1057956357692887,
        0.09601687293633551,
        0.0913360178816372,
        0.37740782492175073,
        0.18734215373942953,
        0.13454860961901213,
        0.11340868377690008,
        0.1057503525234625,
        0.3288729926961625,
        0.16270525189127752,
        0.13287569994028814,
        0.12120981338227581,
        0.11573147961680225,
        0.41724315972742204,
        0.1868173897623302,
        0.14501990570859638,
        0.13320197136013093,
        0.12310587765347815,
        0.6780752007832784,
        0.267614167429016,
        0.19417276895956365,
        0.16743773034589735,
        0.15457331371343064,
        0.8960554017992077,
        0.3070343969289414,
        0.21622657329736356,
        0.18383389260776029,
        0.16865726076289564
    ],
    "sparsity": [
        0.0,
        0.0,
        0.0,
        0.0,
        0.0,
        0.2,
        0.2,
        0.2,
        0.2,
        0.2,
        0.3599977495217734,
        0.3599977495217734,
        0.3599977495217734,
        0.3599977495217734,
        0.3599977495217734,
        0.4879899478639211,
        0.4879899478639211,
        0.4879899478639211,
        0.4879899478639211,
        0.4879899478639211,
        0.5903829563782304,
        0.5903829563782304,
        0.5903829563782304,
        0.5903829563782304,
        0.5903829563782304,
        0.6722966130302689,
        0.6722966130302689,
        0.6722966130302689,
        0.6722966130302689,
        0.6722966130302689,
        0.7378267881924909,
        0.7378267881924909,
        0.7378267881924909,
        0.7378267881924909,
        0.7378267881924909,
        0.7902516784816773,
        0.7902516784816773,
        0.7902516784816773,
        0.7902516784816773,
        0.7902516784816773,
        0.8321893402347998,
        0.8321893402347998,
        0.8321893402347998,
        0.8321893402347998,
        0.8321893402347998,
        0.8657364689996624,
        0.8657364689996624,
        0.8657364689996624,
        0.8657364689996624,
        0.8657364689996624,
        0.8925809234462323,
        0.8925809234462323,
        0.8925809234462323,
        0.8925809234462323,
        0.8925809234462323,
        0.9140504857282172,
        0.9140504857282172,
        0.9140504857282172,
        0.9140504857282172,
        0.9140504857282172,
        0.9312291361914407,
        0.9312291361914407,
        0.9312291361914407,
        0.9312291361914407,
        0.9312291361914407,
        0.944968305764975,
        0.944968305764975,
        0.944968305764975,
        0.944968305764975,
        0.944968305764975,
        0.9559618919020292,
        0.9559618919020292,
        0.9559618919020292,
        0.9559618919020292,
        0.9559618919020292,
        0.9647612617681257,
        0.9647612617681257,
        0.9647612617681257,
        0.9647612617681257,
        0.9647612617681257,
        0.9717977570233675,
        0.9717977570233675,
        0.9717977570233675,
        0.9717977570233675,
        0.9717977570233675,
        0.9774314541840141,
        0.9774314541840141,
        0.9774314541840141,
        0.9774314541840141,
        0.9774314541840141,
        0.981928659840216,
        0.981928659840216,
        0.981928659840216,
        0.981928659840216,
        0.981928659840216,
        0.9855294250028132,
        0.9855294250028132,
        0.9855294250028132,
        0.9855294250028132,
        0.9855294250028132
    ]
}