{
    "args": {
        "load_last_pretrained": false,
        "model": "lenet",
        "dataset": "mnist",
        "epochs": 100,
        "batch_size": 60,
        "initialization": "xavier-uniform-double",
        "learning_rate": 0.0012,
        "forget_model": false,
        "disable_cuda": false,
        "pruning_rate": 0.2,
        "pruning_interval": 5,
        "seed": 45
    },
    "test_acc": [
        97.295,
        98.27833333333334,
        98.74166666666667,
        98.93333333333332,
        99.02499999999999,
        96.79833333333333,
        98.08333333333333,
        98.38,
        98.92999999999999,
        99.27833333333334,
        97.06166666666667,
        98.31666666666666,
        98.81,
        99.08166666666666,
        99.36833333333334,
        97.295,
        98.225,
        99.18,
        99.22166666666666,
        99.32666666666667,
        97.49,
        98.60833333333333,
        98.84666666666668,
        99.385,
        99.62166666666667,
        97.33500000000001,
        98.80333333333333,
        99.27,
        99.52499999999999,
        99.70833333333333,
        97.75166666666667,
        98.98333333333333,
        99.26666666666667,
        99.43166666666666,
        99.63,
        97.91833333333332,
        98.83833333333332,
        99.425,
        99.625,
        99.64,
        97.58166666666666,
        98.93666666666667,
        99.46666666666667,
        99.55000000000001,
        99.74,
        97.38666666666667,
        98.74666666666667,
        99.2,
        99.405,
        99.64333333333333,
        96.88333333333333,
        98.49666666666667,
        99.14166666666667,
        99.385,
        99.60666666666667,
        96.52833333333334,
        98.09833333333333,
        98.83666666666666,
        99.27,
        99.425,
        95.72166666666668,
        97.81333333333333,
        98.40666666666667,
        98.86666666666667,
        99.03999999999999,
        95.37666666666667,
        97.35333333333334,
        98.16166666666668,
        98.61,
        98.85333333333334,
        94.55833333333334,
        96.84,
        97.67666666666666,
        98.14666666666668,
        98.48333333333333,
        93.79833333333333,
        96.40166666666666,
        97.26833333333333,
        97.74833333333333,
        98.10666666666667,
        90.66166666666666,
        95.56666666666666,
        96.57666666666667,
        97.13333333333334,
        97.41499999999999,
        90.12,
        95.26666666666667,
        96.30166666666666,
        96.84666666666666,
        97.13000000000001,
        85.39333333333333,
        93.28,
        94.70166666666667,
        95.41833333333334,
        95.85666666666667,
        51.895,
        82.80666666666666,
        84.47166666666666,
        85.205,
        85.61333333333333
    ],
    "test_loss": [
        0.22334413544088602,
        0.09030318697076291,
        0.059481673282338304,
        0.04526127075578552,
        0.03660260799784737,
        0.28373796363919973,
        0.09516924928827211,
        0.06440233337972313,
        0.04937081110768486,
        0.03504687885585008,
        0.25707374379225073,
        0.08590863105235622,
        0.057414514590753245,
        0.04067054611211643,
        0.031222509407787584,
        0.2508818575879559,
        0.07965075830975547,
        0.050619456948130394,
        0.03498150329198688,
        0.026164866897423054,
        0.2518527719546109,
        0.07239891898725181,
        0.04390326752117835,
        0.031080120321945286,
        0.022892989076586674,
        0.2615856529716402,
        0.06795255907601677,
        0.0412813047071686,
        0.028607659303874242,
        0.021087780361587646,
        0.2759726115269586,
        0.06309119293093682,
        0.0373395806599874,
        0.024670587745611556,
        0.0179842355918081,
        0.29156385060120377,
        0.06150990246492438,
        0.03470129633951001,
        0.02329118901968468,
        0.016860651401628273,
        0.3188099261457101,
        0.06422372660506517,
        0.036213038709713145,
        0.02431831032433547,
        0.017289558255841258,
        0.3684651671666652,
        0.07081845319038257,
        0.04052991725760512,
        0.02738155921042198,
        0.02025628602685174,
        0.42991309591196475,
        0.08090167489182204,
        0.04660219806246459,
        0.03156261896598153,
        0.023421415748191066,
        0.5162580463141203,
        0.09371090943366289,
        0.05703664751769975,
        0.04067290552472696,
        0.031060126914875582,
        0.6549652387984097,
        0.11224889941327273,
        0.06920246120821684,
        0.05058953045622911,
        0.03973129979707301,
        0.7915967559888959,
        0.12454736567568034,
        0.07901780133834109,
        0.059798568335361776,
        0.04786416984943207,
        0.9812544038929045,
        0.1473546398449689,
        0.096138817130588,
        0.07402193650091067,
        0.061811419578269126,
        1.185004885673523,
        0.1684683528598398,
        0.11005402115825563,
        0.08598213061504066,
        0.07311695137433707,
        1.4319108254313468,
        0.2879842767342925,
        0.1703683687597513,
        0.12806904961541296,
        0.10543739423714578,
        1.4864897217452526,
        0.3089432644993067,
        0.18337427935749293,
        0.13975805472210048,
        0.11684041751548647,
        1.707424205005169,
        0.4234031035006046,
        0.2520451136678457,
        0.19358190008997916,
        0.1639269656203687,
        2.0729816142320634,
        0.86218043166399,
        0.4809319096207619,
        0.39054850687086584,
        0.3519265220761299
    ],
    "train_acc": [
        96.50999999999999,
        97.19,
        97.49,
        97.55,
        97.42,
        96.28,
        97.28999999999999,
        97.42,
        97.59,
        97.88,
        96.47,
        97.52,
        97.61,
        97.87,
        97.83,
        96.73,
        97.38,
        98.06,
        97.82,
        97.76,
        96.88,
        97.65,
        97.54,
        98.09,
        98.19,
        96.55,
        97.75,
        97.98,
        98.16,
        98.22,
        97.24000000000001,
        97.82,
        97.96000000000001,
        98.11999999999999,
        98.14,
        97.2,
        97.84,
        98.24000000000001,
        98.34,
        98.18,
        96.97,
        97.95,
        98.2,
        98.17,
        98.21,
        96.87,
        97.75,
        98.05,
        98.00999999999999,
        98.13,
        96.59,
        97.63,
        97.99,
        98.05,
        98.18,
        96.05,
        97.36,
        97.81,
        97.86,
        97.99,
        95.30999999999999,
        97.13000000000001,
        97.45,
        97.67,
        97.75,
        95.1,
        96.88,
        97.32,
        97.58,
        97.42,
        94.34,
        96.17,
        96.73,
        97.11999999999999,
        97.23,
        93.71000000000001,
        96.0,
        96.31,
        96.89,
        97.02,
        90.56,
        95.05,
        95.96000000000001,
        96.37,
        96.47,
        89.98,
        94.97,
        95.76,
        96.17,
        96.28999999999999,
        85.38,
        93.10000000000001,
        94.42,
        95.07,
        95.37,
        51.839999999999996,
        82.42,
        84.1,
        84.65,
        84.97
    ],
    "train_loss": [
        0.1133428226353344,
        0.09554731097730423,
        0.0889986475224155,
        0.08329719458121115,
        0.09216961787294173,
        0.11865488885940906,
        0.08746820491944958,
        0.083400356167827,
        0.07508752777514432,
        0.07110964543357615,
        0.11097951025930708,
        0.08274510708598498,
        0.07675699042546713,
        0.07344336888242602,
        0.069835076009587,
        0.10382682380606671,
        0.0851811364482709,
        0.06244312096066483,
        0.06900439446535475,
        0.07408441083148835,
        0.10417595268701187,
        0.07707575242687574,
        0.07378248721890955,
        0.06719830464627483,
        0.06331926726765406,
        0.10792512870477346,
        0.06912539547872534,
        0.0651146771573088,
        0.05959640141795417,
        0.05933897470439154,
        0.09118335829032752,
        0.0686027041669868,
        0.06208095977621008,
        0.0627049280931437,
        0.06120017097658522,
        0.09046272978097379,
        0.06665250832984547,
        0.057460569713855845,
        0.057471208446547614,
        0.0631749834474957,
        0.09746580672991312,
        0.06867022244092412,
        0.059153122166562044,
        0.06095866160746106,
        0.06168408438122084,
        0.10733076094086477,
        0.0725209675645623,
        0.06255236497806932,
        0.065906009441632,
        0.06065216834948281,
        0.12115041756567484,
        0.07906648787128889,
        0.06212239447579591,
        0.06460682575348319,
        0.06235970970812047,
        0.1336012462789784,
        0.08907632324509993,
        0.07508209497461509,
        0.06946178471033801,
        0.0718346694798047,
        0.16130746896573883,
        0.10219095928404859,
        0.08389165808173443,
        0.07992275729273518,
        0.07803050344140676,
        0.17046153184004173,
        0.10841936197600321,
        0.09311936990341205,
        0.08270055502876193,
        0.08451786322218037,
        0.1987325105659976,
        0.1309123142862213,
        0.10829485734801984,
        0.0945015257854617,
        0.09232482445861274,
        0.23259839781387123,
        0.14066662260158333,
        0.12075963988342507,
        0.10758098062618586,
        0.10063320383273378,
        0.4411750482227988,
        0.22049047815764022,
        0.16699765682845058,
        0.14426200147606655,
        0.1304229255319534,
        0.4755638306012411,
        0.23492729940457258,
        0.17772843978719083,
        0.15361461934527595,
        0.139833355199791,
        0.6597883203429377,
        0.31013823742281177,
        0.23233004378344485,
        0.19652836618130792,
        0.17833515417254614,
        1.4570578329577417,
        0.5790513272057036,
        0.4399929271486705,
        0.3894830444258844,
        0.36534364940877445
    ],
    "sparsity": [
        0.0,
        0.0,
        0.0,
        0.0,
        0.0,
        0.2,
        0.2,
        0.2,
        0.2,
        0.2,
        0.3599977495217734,
        0.3599977495217734,
        0.3599977495217734,
        0.3599977495217734,
        0.3599977495217734,
        0.4879899478639211,
        0.4879899478639211,
        0.4879899478639211,
        0.4879899478639211,
        0.4879899478639211,
        0.5903829563782304,
        0.5903829563782304,
        0.5903829563782304,
        0.5903829563782304,
        0.5903829563782304,
        0.6722966130302689,
        0.6722966130302689,
        0.6722966130302689,
        0.6722966130302689,
        0.6722966130302689,
        0.7378267881924909,
        0.7378267881924909,
        0.7378267881924909,
        0.7378267881924909,
        0.7378267881924909,
        0.7902516784816773,
        0.7902516784816773,
        0.7902516784816773,
        0.7902516784816773,
        0.7902516784816773,
        0.8321893402347998,
        0.8321893402347998,
        0.8321893402347998,
        0.8321893402347998,
        0.8321893402347998,
        0.8657364689996624,
        0.8657364689996624,
        0.8657364689996624,
        0.8657364689996624,
        0.8657364689996624,
        0.8925809234462323,
        0.8925809234462323,
        0.8925809234462323,
        0.8925809234462323,
        0.8925809234462323,
        0.9140504857282172,
        0.9140504857282172,
        0.9140504857282172,
        0.9140504857282172,
        0.9140504857282172,
        0.9312291361914407,
        0.9312291361914407,
        0.9312291361914407,
        0.9312291361914407,
        0.9312291361914407,
        0.944968305764975,
        0.944968305764975,
        0.944968305764975,
        0.944968305764975,
        0.944968305764975,
        0.9559618919020292,
        0.9559618919020292,
        0.9559618919020292,
        0.9559618919020292,
        0.9559618919020292,
        0.9647612617681257,
        0.9647612617681257,
        0.9647612617681257,
        0.9647612617681257,
        0.9647612617681257,
        0.9717977570233675,
        0.9717977570233675,
        0.9717977570233675,
        0.9717977570233675,
        0.9717977570233675,
        0.9774314541840141,
        0.9774314541840141,
        0.9774314541840141,
        0.9774314541840141,
        0.9774314541840141,
        0.981928659840216,
        0.981928659840216,
        0.981928659840216,
        0.981928659840216,
        0.981928659840216,
        0.9855294250028132,
        0.9855294250028132,
        0.9855294250028132,
        0.9855294250028132,
        0.9855294250028132
    ]
}