{
    "args": {
        "load_last_pretrained": false,
        "model": "lenet",
        "dataset": "mnist",
        "epochs": 100,
        "batch_size": 60,
        "initialization": "xavier-normal",
        "learning_rate": 0.0012,
        "forget_model": false,
        "disable_cuda": false,
        "pruning_rate": 0.2,
        "pruning_interval": 5,
        "seed": 48
    },
    "test_acc": [
        96.73666666666666,
        98.22333333333333,
        98.38333333333334,
        98.62166666666667,
        99.075,
        96.98666666666666,
        98.2,
        98.655,
        98.85333333333334,
        99.2,
        97.13666666666667,
        98.36333333333333,
        98.89333333333333,
        99.18333333333334,
        99.28,
        97.37333333333333,
        98.50666666666666,
        99.07333333333334,
        99.41666666666666,
        99.38166666666667,
        97.51333333333334,
        98.56333333333333,
        99.24333333333333,
        99.43666666666667,
        99.48,
        97.895,
        98.85833333333333,
        99.12166666666667,
        99.58,
        99.64333333333333,
        97.96833333333333,
        99.02666666666666,
        99.21166666666666,
        99.50333333333333,
        99.705,
        97.82166666666666,
        98.97666666666667,
        99.29166666666667,
        99.64833333333334,
        99.65333333333334,
        97.70666666666666,
        98.99,
        99.31666666666666,
        99.63833333333334,
        99.71166666666666,
        97.46000000000001,
        98.64833333333334,
        99.27333333333334,
        99.47166666666666,
        99.68,
        96.76833333333333,
        98.49333333333334,
        99.07666666666667,
        99.37666666666667,
        99.47166666666666,
        96.56833333333333,
        98.14166666666667,
        98.81166666666667,
        99.15,
        99.34333333333333,
        95.78166666666667,
        97.66666666666667,
        98.35833333333333,
        98.80666666666667,
        98.97833333333334,
        94.79666666666667,
        97.3,
        98.12333333333333,
        98.44833333333334,
        98.78833333333333,
        94.15833333333333,
        96.49166666666666,
        97.49833333333333,
        98.04833333333333,
        98.31666666666666,
        92.88,
        96.095,
        96.99,
        97.50333333333333,
        97.84833333333334,
        91.65833333333333,
        95.44166666666666,
        96.375,
        97.02166666666666,
        97.28166666666667,
        84.36833333333334,
        94.81333333333333,
        96.13000000000001,
        96.76,
        97.07000000000001,
        76.22,
        92.45666666666666,
        94.40166666666666,
        95.04,
        95.48166666666667,
        64.405,
        82.26,
        83.83,
        84.68,
        85.08833333333334
    ],
    "test_loss": [
        0.2165182270873338,
        0.08756373966112733,
        0.06126547234307509,
        0.04469620033993851,
        0.035320146384241524,
        0.27029533320106564,
        0.09406499022850767,
        0.06232986614969559,
        0.044995373192301485,
        0.03494008009287063,
        0.2535281460881233,
        0.08450599824637174,
        0.055581957043847066,
        0.04025687863159692,
        0.030411249210708775,
        0.24725029445812105,
        0.07725345190381631,
        0.049276862075435926,
        0.035977405360376,
        0.026426763026829576,
        0.24934619026631116,
        0.0713371168654412,
        0.04464793263340835,
        0.030646472845575774,
        0.023323288120242067,
        0.25140712086390704,
        0.06312590918503702,
        0.03858846755535342,
        0.027082853353145767,
        0.017923987740228766,
        0.2609315284928307,
        0.05926993425795808,
        0.035133923453628084,
        0.02412619911026559,
        0.01686072913330281,
        0.28559576308354734,
        0.060939591052476316,
        0.03537851028400473,
        0.0237895057881251,
        0.016876560131029693,
        0.3221349509563297,
        0.06269841781631112,
        0.03605443499807734,
        0.024612021804263348,
        0.017257882424630226,
        0.36026105493493377,
        0.07104808901203796,
        0.04104992920882069,
        0.028043859473778868,
        0.02038471832795767,
        0.4384926769770682,
        0.08039901954168453,
        0.04889080288284458,
        0.0343505578499753,
        0.026208706279285253,
        0.5272120300456882,
        0.09274322588834912,
        0.057915529748424885,
        0.04175923188100569,
        0.032973413471947426,
        0.6526886474229395,
        0.11361261556204408,
        0.07133151996787637,
        0.05281498836260289,
        0.04215067003760487,
        0.800389703784138,
        0.13378079653717578,
        0.08294963137246668,
        0.06265699661662802,
        0.050903537657810374,
        0.9465330902710557,
        0.15940478734485805,
        0.1053954651299864,
        0.0806112684351392,
        0.0667558682593517,
        1.1798757957071067,
        0.18355590882338582,
        0.12359183570928872,
        0.09804939058050513,
        0.08420906060840934,
        1.4083047411143779,
        0.2128737749904394,
        0.14236035234387964,
        0.11440426600817591,
        0.09951418388169259,
        1.6689902499914169,
        0.3099338651895523,
        0.15518866190314293,
        0.1237942771948874,
        0.10771882580779493,
        1.8566986095905305,
        0.524825825497508,
        0.2689074398428202,
        0.2049451287202537,
        0.17520377650111912,
        1.9630702892541885,
        0.818293439656496,
        0.48958266781270504,
        0.4015969906896353,
        0.3604429036676884
    ],
    "train_acc": [
        96.09,
        97.27,
        97.22,
        97.44,
        97.88,
        96.54,
        97.22,
        97.50999999999999,
        97.68,
        97.71,
        96.56,
        97.3,
        97.78,
        97.95,
        98.00999999999999,
        97.02,
        97.76,
        97.92999999999999,
        98.19,
        98.11999999999999,
        96.78999999999999,
        97.7,
        98.02,
        97.94,
        97.97,
        97.27,
        97.6,
        97.92,
        98.13,
        98.18,
        97.39999999999999,
        97.89,
        97.96000000000001,
        97.91,
        98.07000000000001,
        97.25,
        97.89,
        97.87,
        98.13,
        97.94,
        97.02,
        97.92,
        98.04,
        98.06,
        98.1,
        96.96000000000001,
        97.72,
        97.92,
        97.91,
        98.07000000000001,
        96.27,
        97.58,
        97.61999999999999,
        97.97,
        97.81,
        96.38,
        97.39,
        97.75,
        97.67,
        97.85000000000001,
        95.50999999999999,
        96.93,
        97.44,
        97.42,
        97.69,
        94.53,
        96.82,
        97.28999999999999,
        97.36,
        97.44,
        94.1,
        96.24000000000001,
        96.85000000000001,
        97.13000000000001,
        97.28,
        93.15,
        95.81,
        96.49,
        96.94,
        97.00999999999999,
        92.01,
        95.1,
        95.78999999999999,
        96.26,
        96.53,
        84.11,
        94.67,
        95.59,
        96.17999999999999,
        96.36,
        75.87,
        92.77,
        94.25,
        94.77,
        95.07,
        64.09,
        82.77,
        83.71,
        84.72,
        85.03
    ],
    "train_loss": [
        0.12016713490408516,
        0.08503490114238804,
        0.08823905102448527,
        0.08246776439851808,
        0.07339807411183151,
        0.10761463746406183,
        0.08581645413396691,
        0.07599976766452997,
        0.07955099595989475,
        0.07399810543025893,
        0.1138663501673919,
        0.08347213754017731,
        0.0740920932667921,
        0.0679973493397102,
        0.07511190411949831,
        0.09634652966912279,
        0.07570633173970405,
        0.06398523025476781,
        0.062020486526743336,
        0.06729220387959452,
        0.10041317601359176,
        0.07696769936958295,
        0.06539544685531831,
        0.06530428267607583,
        0.07029825127104988,
        0.08689180929436834,
        0.07277400913776573,
        0.0633427433761584,
        0.05976869169295721,
        0.06487185535826971,
        0.08948314653899142,
        0.06436430805636023,
        0.06463142917393902,
        0.06324138363243309,
        0.06414835674609448,
        0.09075122834657302,
        0.06877950459584861,
        0.07011305922670234,
        0.06376425776432665,
        0.07195542962342628,
        0.09646833753826732,
        0.067680141047859,
        0.06515915183772886,
        0.06368063219535738,
        0.06413025756556162,
        0.1084262159524742,
        0.07647557416094278,
        0.0689526634502732,
        0.06791084983719312,
        0.06841883219535948,
        0.12714928294905645,
        0.08186874228312138,
        0.07238523111104252,
        0.06705405995804638,
        0.06873843316365212,
        0.13124962518002817,
        0.08779417311850779,
        0.07310138195530026,
        0.07049419540175778,
        0.06836270279819871,
        0.15583878719878053,
        0.10457679477079722,
        0.08706646831706166,
        0.08073661013221937,
        0.07729471827199136,
        0.1833733802293232,
        0.11035017365823963,
        0.09077483976906735,
        0.08445926798607953,
        0.08175280874924076,
        0.20750886167282473,
        0.13506273866190524,
        0.10985772888605555,
        0.09846292710500563,
        0.09337525094809111,
        0.2462968609022523,
        0.1528278141098465,
        0.12454124035949479,
        0.1099568396014814,
        0.10560790313307397,
        0.2940904896059436,
        0.17409607368761193,
        0.14315365067499128,
        0.12623384621685851,
        0.11957606161292085,
        0.6269801398237308,
        0.18906465228535457,
        0.15098334776382602,
        0.13233891943703868,
        0.12495206380095668,
        0.9889591921589331,
        0.3298145503162624,
        0.23551259082769918,
        0.2040232032492846,
        0.18612746800669652,
        1.3240125493375128,
        0.5629453871421471,
        0.4328227944359808,
        0.3826102411854053,
        0.3550634039733224
    ],
    "sparsity": [
        0.0,
        0.0,
        0.0,
        0.0,
        0.0,
        0.2,
        0.2,
        0.2,
        0.2,
        0.2,
        0.3599977495217734,
        0.3599977495217734,
        0.3599977495217734,
        0.3599977495217734,
        0.3599977495217734,
        0.4879899478639211,
        0.4879899478639211,
        0.4879899478639211,
        0.4879899478639211,
        0.4879899478639211,
        0.5903829563782304,
        0.5903829563782304,
        0.5903829563782304,
        0.5903829563782304,
        0.5903829563782304,
        0.6722966130302689,
        0.6722966130302689,
        0.6722966130302689,
        0.6722966130302689,
        0.6722966130302689,
        0.7378267881924909,
        0.7378267881924909,
        0.7378267881924909,
        0.7378267881924909,
        0.7378267881924909,
        0.7902516784816773,
        0.7902516784816773,
        0.7902516784816773,
        0.7902516784816773,
        0.7902516784816773,
        0.8321893402347998,
        0.8321893402347998,
        0.8321893402347998,
        0.8321893402347998,
        0.8321893402347998,
        0.8657364689996624,
        0.8657364689996624,
        0.8657364689996624,
        0.8657364689996624,
        0.8657364689996624,
        0.8925809234462323,
        0.8925809234462323,
        0.8925809234462323,
        0.8925809234462323,
        0.8925809234462323,
        0.9140504857282172,
        0.9140504857282172,
        0.9140504857282172,
        0.9140504857282172,
        0.9140504857282172,
        0.9312291361914407,
        0.9312291361914407,
        0.9312291361914407,
        0.9312291361914407,
        0.9312291361914407,
        0.944968305764975,
        0.944968305764975,
        0.944968305764975,
        0.944968305764975,
        0.944968305764975,
        0.9559618919020292,
        0.9559618919020292,
        0.9559618919020292,
        0.9559618919020292,
        0.9559618919020292,
        0.9647612617681257,
        0.9647612617681257,
        0.9647612617681257,
        0.9647612617681257,
        0.9647612617681257,
        0.9717977570233675,
        0.9717977570233675,
        0.9717977570233675,
        0.9717977570233675,
        0.9717977570233675,
        0.9774314541840141,
        0.9774314541840141,
        0.9774314541840141,
        0.9774314541840141,
        0.9774314541840141,
        0.981928659840216,
        0.981928659840216,
        0.981928659840216,
        0.981928659840216,
        0.981928659840216,
        0.9855294250028132,
        0.9855294250028132,
        0.9855294250028132,
        0.9855294250028132,
        0.9855294250028132
    ]
}