{
    "args": {
        "load_last_pretrained": false,
        "model": "lenet",
        "dataset": "mnist",
        "epochs": 100,
        "batch_size": 60,
        "initialization": "xavier-uniform-half",
        "learning_rate": 0.0012,
        "forget_model": false,
        "disable_cuda": false,
        "pruning_rate": 0.2,
        "pruning_interval": 5,
        "seed": 42
    },
    "test_acc": [
        96.00166666666667,
        97.95166666666667,
        98.43666666666667,
        98.85666666666667,
        98.98666666666666,
        97.015,
        97.47666666666667,
        98.43666666666667,
        99.09166666666667,
        99.155,
        97.23,
        98.48166666666667,
        99.02666666666666,
        99.06166666666667,
        99.265,
        97.315,
        98.38833333333334,
        99.03,
        99.26833333333333,
        99.42999999999999,
        97.55833333333334,
        98.51666666666667,
        98.97333333333333,
        99.23833333333333,
        99.38166666666667,
        97.72666666666666,
        98.74000000000001,
        99.32166666666666,
        99.58,
        99.605,
        97.99166666666666,
        98.94166666666668,
        99.49333333333334,
        99.72333333333333,
        99.77333333333334,
        97.80666666666666,
        98.94166666666668,
        99.37,
        99.53333333333333,
        99.79166666666667,
        97.71666666666667,
        98.885,
        99.47833333333334,
        99.63166666666666,
        99.72166666666666,
        97.74166666666667,
        98.625,
        99.28166666666667,
        99.48666666666666,
        99.69333333333333,
        97.5,
        98.81833333333333,
        99.315,
        99.55333333333334,
        99.65833333333333,
        97.03333333333333,
        98.495,
        99.07000000000001,
        99.40666666666667,
        99.53166666666667,
        96.59833333333333,
        98.15666666666667,
        98.68166666666667,
        99.12333333333333,
        99.31666666666666,
        95.83666666666667,
        97.69,
        98.35000000000001,
        98.87166666666667,
        99.03999999999999,
        95.17666666666666,
        97.165,
        97.87,
        98.34166666666667,
        98.605,
        93.87166666666667,
        96.54166666666667,
        97.32,
        97.765,
        98.09166666666667,
        92.06666666666666,
        95.75666666666666,
        96.73166666666667,
        97.255,
        97.54,
        80.84833333333333,
        93.64166666666667,
        95.44833333333334,
        96.11833333333333,
        96.44166666666666,
        81.29666666666667,
        93.88166666666666,
        95.43833333333333,
        95.98333333333333,
        96.31833333333333,
        57.63,
        72.885,
        82.26666666666667,
        83.40833333333333,
        83.43166666666667
    ],
    "test_loss": [
        0.25274921309389176,
        0.09760924471355975,
        0.06667841463093646,
        0.048698314490844496,
        0.03748308518127305,
        0.26684524698741735,
        0.09348235593456775,
        0.0629467587354593,
        0.0458504092580406,
        0.033102557213802355,
        0.2521685840990394,
        0.08642229375895112,
        0.0570773355391575,
        0.040286069104797206,
        0.02966495048411889,
        0.24730620907805861,
        0.07745462711644359,
        0.04963556829071604,
        0.03419602568709525,
        0.0254393155251164,
        0.24606637439318002,
        0.070469307734631,
        0.04285733323043678,
        0.029291747120034416,
        0.02229758840377326,
        0.2505944318920374,
        0.0636550877590198,
        0.03844610682502389,
        0.026805167867278216,
        0.018370077634783228,
        0.26016359120607374,
        0.05875629342114553,
        0.03379802199662663,
        0.021674286903173197,
        0.016530432763160206,
        0.27632461944501846,
        0.05789138480951078,
        0.033112655111588535,
        0.02114267449826002,
        0.015298421831612358,
        0.3050444654924795,
        0.061262427801731974,
        0.034330507440492514,
        0.022877327364753,
        0.01595761559517996,
        0.34871944997087123,
        0.06432804436516017,
        0.037574063898297025,
        0.02588644403551007,
        0.018143632647406774,
        0.409764535529539,
        0.0691327003184706,
        0.0406891609292943,
        0.027607537610339933,
        0.019656518884643447,
        0.47656634686514737,
        0.08170725209172815,
        0.04960020803078078,
        0.03419017833838006,
        0.025133272875391414,
        0.5894462132304907,
        0.09528198270127178,
        0.059144586708396674,
        0.04266156982048415,
        0.03295766855578404,
        0.7228300589639693,
        0.11237055172771215,
        0.07043615421559661,
        0.05218528503901325,
        0.04140308040985838,
        0.8884995923154057,
        0.1339349239785224,
        0.08850690391100943,
        0.06739200513251126,
        0.05508718705642968,
        1.1229236993044616,
        0.16353141846694053,
        0.11019494846835733,
        0.08732338879723102,
        0.07488839458161965,
        1.3970529748946428,
        0.20037762830033898,
        0.1298014053069055,
        0.1036596839800477,
        0.08931665938626974,
        1.6919907419681548,
        0.4240435560047626,
        0.2285894839838147,
        0.17055424016341567,
        0.14390447127074002,
        1.7430206552743912,
        0.4240296758264303,
        0.2303172365128994,
        0.17597588339075446,
        0.14990813568979502,
        1.9817642731666565,
        1.051319944679737,
        0.7133189955055713,
        0.5780431420207024,
        0.5093251215815544
    ],
    "train_acc": [
        95.54,
        97.06,
        97.36,
        97.63,
        97.67,
        96.56,
        96.77,
        97.72,
        97.77,
        97.47,
        96.66,
        97.5,
        97.91,
        97.66,
        97.75,
        96.72,
        97.63,
        97.85000000000001,
        97.94,
        97.91,
        97.06,
        97.71,
        97.71,
        97.8,
        98.00999999999999,
        97.14,
        97.78,
        98.02,
        98.0,
        98.05,
        97.21,
        97.77,
        97.99,
        98.1,
        98.3,
        97.17,
        97.83,
        98.03,
        98.1,
        98.05,
        97.03,
        97.89999999999999,
        98.17,
        98.13,
        98.11,
        97.02,
        97.56,
        97.97,
        98.03,
        98.18,
        97.04,
        97.83,
        98.04,
        98.2,
        98.17,
        96.63000000000001,
        97.7,
        97.91,
        98.06,
        98.11,
        95.93,
        97.47,
        97.71,
        97.98,
        97.99,
        95.46,
        96.98,
        97.39999999999999,
        97.87,
        97.85000000000001,
        94.97,
        96.61999999999999,
        97.05,
        97.54,
        97.7,
        93.93,
        96.03,
        96.78999999999999,
        97.09,
        97.25,
        92.41,
        95.39999999999999,
        96.22,
        96.59,
        96.85000000000001,
        81.47999999999999,
        93.46,
        94.97,
        95.41,
        95.85000000000001,
        81.12,
        93.57,
        94.69,
        95.38,
        95.7,
        58.34,
        74.03,
        82.58,
        83.28999999999999,
        83.32000000000001
    ],
    "train_loss": [
        0.14226719645593694,
        0.0932565519368711,
        0.08413554566722742,
        0.07702714372370503,
        0.0829979975792875,
        0.10980132773719327,
        0.1023654602412246,
        0.07340096059941247,
        0.06972038108035698,
        0.07903285620630925,
        0.10390075104879941,
        0.07831353768371715,
        0.065926450190363,
        0.07795004242428852,
        0.07510122936637235,
        0.1026789202260043,
        0.0768171033437202,
        0.0674427271943294,
        0.06928028598843243,
        0.07209578479332068,
        0.0965876867715827,
        0.07676093263863892,
        0.0739503045758779,
        0.07181210233829916,
        0.07306382092378871,
        0.09200254977195563,
        0.06909595985344784,
        0.0632939757667705,
        0.06356530200235523,
        0.06821083765083778,
        0.09025745460774727,
        0.0698625383435743,
        0.06444318488262549,
        0.06546759468619712,
        0.06399738688327226,
        0.08946308380963203,
        0.06803270231954708,
        0.06182373883788234,
        0.0616635519036644,
        0.06645639848942077,
        0.09457654663233343,
        0.06672318212264133,
        0.059436501276367036,
        0.06405725661096369,
        0.06536108719026057,
        0.09877912072230599,
        0.07534089626766696,
        0.06373806641239138,
        0.06540818301637373,
        0.06027328339335648,
        0.10199568208173185,
        0.07058612158533163,
        0.062810404162748,
        0.059186053377280605,
        0.06034474748236958,
        0.1188649937265112,
        0.07913468503198046,
        0.0668291103507498,
        0.06334591233784968,
        0.06437912441212908,
        0.13951645555075057,
        0.08965284143111663,
        0.07654031369734757,
        0.07038782701916814,
        0.07037424627819773,
        0.1595522748629847,
        0.10455323297329648,
        0.08781034906233053,
        0.07719840692540263,
        0.0772236079942368,
        0.1827969371514049,
        0.12188139811024337,
        0.09994851996073734,
        0.08830632658641853,
        0.08440977827406036,
        0.22055938639148268,
        0.13884580084039067,
        0.1164298835572993,
        0.10487611744619772,
        0.09841429611701451,
        0.28384600454818704,
        0.1630366177571391,
        0.13281897038868265,
        0.11959492644395478,
        0.11403010509528978,
        0.679875117932965,
        0.2904010409277356,
        0.20616369408940127,
        0.1762863817418407,
        0.16206939304303267,
        0.7019847138913092,
        0.2921538863353387,
        0.2151410287011883,
        0.18366481954912225,
        0.16757898657264825,
        1.3646324930076827,
        0.8178398566331692,
        0.6391153514028309,
        0.556901875905648,
        0.5035192789788732
    ],
    "sparsity": [
        0.0,
        0.0,
        0.0,
        0.0,
        0.0,
        0.2,
        0.2,
        0.2,
        0.2,
        0.2,
        0.3599977495217734,
        0.3599977495217734,
        0.3599977495217734,
        0.3599977495217734,
        0.3599977495217734,
        0.4879899478639211,
        0.4879899478639211,
        0.4879899478639211,
        0.4879899478639211,
        0.4879899478639211,
        0.5903829563782304,
        0.5903829563782304,
        0.5903829563782304,
        0.5903829563782304,
        0.5903829563782304,
        0.6722966130302689,
        0.6722966130302689,
        0.6722966130302689,
        0.6722966130302689,
        0.6722966130302689,
        0.7378267881924909,
        0.7378267881924909,
        0.7378267881924909,
        0.7378267881924909,
        0.7378267881924909,
        0.7902516784816773,
        0.7902516784816773,
        0.7902516784816773,
        0.7902516784816773,
        0.7902516784816773,
        0.8321893402347998,
        0.8321893402347998,
        0.8321893402347998,
        0.8321893402347998,
        0.8321893402347998,
        0.8657364689996624,
        0.8657364689996624,
        0.8657364689996624,
        0.8657364689996624,
        0.8657364689996624,
        0.8925809234462323,
        0.8925809234462323,
        0.8925809234462323,
        0.8925809234462323,
        0.8925809234462323,
        0.9140504857282172,
        0.9140504857282172,
        0.9140504857282172,
        0.9140504857282172,
        0.9140504857282172,
        0.9312291361914407,
        0.9312291361914407,
        0.9312291361914407,
        0.9312291361914407,
        0.9312291361914407,
        0.944968305764975,
        0.944968305764975,
        0.944968305764975,
        0.944968305764975,
        0.944968305764975,
        0.9559618919020292,
        0.9559618919020292,
        0.9559618919020292,
        0.9559618919020292,
        0.9559618919020292,
        0.9647612617681257,
        0.9647612617681257,
        0.9647612617681257,
        0.9647612617681257,
        0.9647612617681257,
        0.9717977570233675,
        0.9717977570233675,
        0.9717977570233675,
        0.9717977570233675,
        0.9717977570233675,
        0.9774314541840141,
        0.9774314541840141,
        0.9774314541840141,
        0.9774314541840141,
        0.9774314541840141,
        0.981928659840216,
        0.981928659840216,
        0.981928659840216,
        0.981928659840216,
        0.981928659840216,
        0.9855294250028132,
        0.9855294250028132,
        0.9855294250028132,
        0.9855294250028132,
        0.9855294250028132
    ]
}