{
    "args": {
        "load_last_pretrained": false,
        "model": "lenet",
        "dataset": "mnist",
        "epochs": 100,
        "batch_size": 60,
        "initialization": "kaiming-normal",
        "learning_rate": 0.0012,
        "forget_model": false,
        "disable_cuda": false,
        "pruning_rate": 0.2,
        "pruning_interval": 5,
        "seed": 45
    },
    "test_acc": [
        97.08833333333334,
        98.475,
        98.695,
        99.00833333333333,
        99.33333333333333,
        96.97666666666666,
        98.24833333333333,
        98.16333333333334,
        98.99666666666667,
        99.28333333333333,
        97.24666666666667,
        98.375,
        98.68166666666667,
        99.175,
        99.36500000000001,
        97.19833333333334,
        98.23333333333333,
        99.05000000000001,
        99.245,
        99.38333333333334,
        97.39166666666667,
        98.545,
        98.97500000000001,
        99.32833333333333,
        99.465,
        97.11833333333333,
        98.79333333333334,
        99.08,
        99.42166666666667,
        99.50833333333333,
        97.59,
        98.89333333333333,
        99.18166666666667,
        99.43833333333333,
        99.68,
        97.78999999999999,
        98.72333333333333,
        99.29166666666667,
        99.52333333333333,
        99.66666666666667,
        97.565,
        98.9,
        99.37833333333333,
        99.51,
        99.67166666666667,
        97.595,
        98.82833333333333,
        99.25500000000001,
        99.43833333333333,
        99.64,
        96.95833333333333,
        98.44333333333334,
        99.10833333333333,
        99.34833333333334,
        99.59,
        96.56666666666666,
        98.11666666666666,
        98.89,
        99.21833333333333,
        99.40833333333333,
        95.99499999999999,
        97.86,
        98.44000000000001,
        98.89666666666666,
        99.17833333333334,
        95.74833333333333,
        97.46333333333334,
        98.155,
        98.575,
        98.875,
        94.79333333333332,
        97.10833333333333,
        97.85333333333334,
        98.29166666666667,
        98.64666666666668,
        92.83666666666667,
        96.43666666666667,
        97.37833333333333,
        97.86666666666667,
        98.15666666666667,
        92.22166666666666,
        96.15833333333333,
        97.13666666666667,
        97.48333333333333,
        97.73833333333334,
        88.39333333333333,
        94.07,
        95.44,
        96.0,
        96.41,
        83.04666666666667,
        93.57,
        94.97666666666666,
        95.705,
        96.075,
        78.28500000000001,
        93.19333333333333,
        94.63000000000001,
        95.32666666666667,
        95.705
    ],
    "test_loss": [
        0.2168315443918109,
        0.08885238686250523,
        0.059511423238087446,
        0.04348717257328099,
        0.034337395794020266,
        0.26856262135505676,
        0.09090770717011765,
        0.06126533956569619,
        0.045056299299467355,
        0.033288432146655396,
        0.25137114801071586,
        0.08348587132268585,
        0.0559068051596405,
        0.040543743303976955,
        0.03092383977927966,
        0.2514420806067064,
        0.07976334872981533,
        0.0509681638617767,
        0.03599918368505314,
        0.02634509173037077,
        0.2561047472562641,
        0.07430668497737497,
        0.045439556477125734,
        0.032092723140027375,
        0.022670264533895534,
        0.26556424316298216,
        0.06923844897886738,
        0.04226646334410179,
        0.028961112227581905,
        0.021416154710168486,
        0.28499754337314515,
        0.06656040874728933,
        0.03938241269323044,
        0.026250725519901607,
        0.018787209266214633,
        0.30027579393889753,
        0.06373893555579707,
        0.03653865042782854,
        0.024960360322729684,
        0.018597172648704145,
        0.32950449456926434,
        0.06561160633666441,
        0.03768539601017255,
        0.02580598713835934,
        0.018670723176328466,
        0.36835001447610555,
        0.06766579242609441,
        0.03993705322034657,
        0.027553140191943385,
        0.01983434058801504,
        0.43418584170751273,
        0.08126374276727438,
        0.04835890566580929,
        0.03376931140496163,
        0.025356629312154835,
        0.5332812770623714,
        0.09214011486526578,
        0.05596657233824953,
        0.03983692454686388,
        0.03076805476984009,
        0.6298541938066482,
        0.10598108538147062,
        0.06690708551649004,
        0.04875568011845462,
        0.03818611061864067,
        0.7953623574674129,
        0.11785447796806693,
        0.07664224796183407,
        0.05902192354528234,
        0.048163456671871246,
        1.0093322719410063,
        0.13540944187436252,
        0.08742031753156335,
        0.06814056581119075,
        0.0572785151344724,
        1.280245224148035,
        0.23144134167209268,
        0.11660097149666399,
        0.08559950322285295,
        0.07154647189890966,
        1.3745449084192514,
        0.20981562738493084,
        0.11982253456488251,
        0.09645466142566875,
        0.0842838712693192,
        1.6703696835637092,
        0.40196244360506533,
        0.21942247647047042,
        0.16624265794083476,
        0.1406713024098426,
        1.8770821063518524,
        0.4983531979620457,
        0.237272096991539,
        0.177729355186224,
        0.15172685944475234,
        1.9761095184087754,
        0.5570150884091855,
        0.2541306558921933,
        0.19043785846605896,
        0.1638994068838656
    ],
    "train_acc": [
        96.47,
        97.52,
        97.56,
        97.72,
        97.84,
        96.53,
        97.36,
        97.43,
        97.84,
        97.8,
        96.67,
        97.49,
        97.57000000000001,
        97.72,
        97.91,
        96.76,
        97.32,
        97.87,
        97.91,
        97.89999999999999,
        96.87,
        97.78999999999999,
        97.75,
        97.98,
        98.08,
        96.47,
        97.76,
        97.89,
        98.14,
        98.00999999999999,
        97.04,
        97.87,
        98.02,
        98.11999999999999,
        98.2,
        97.16,
        97.72999999999999,
        98.02,
        98.19,
        98.16,
        97.02,
        97.92999999999999,
        98.22,
        98.1,
        98.02,
        96.98,
        97.78999999999999,
        98.04,
        97.98,
        98.18,
        96.53,
        97.53,
        98.14,
        98.08,
        98.06,
        96.37,
        97.41,
        97.84,
        98.05,
        98.00999999999999,
        95.96000000000001,
        97.16,
        97.64,
        97.61,
        97.87,
        95.56,
        97.00999999999999,
        97.39999999999999,
        97.59,
        97.84,
        94.88,
        96.45,
        97.04,
        97.35000000000001,
        97.68,
        93.28,
        96.02000000000001,
        96.69,
        97.11,
        97.28999999999999,
        92.97999999999999,
        95.77,
        96.54,
        96.76,
        97.05,
        89.34,
        94.14,
        95.1,
        95.59,
        95.86,
        84.27,
        93.81,
        94.91000000000001,
        95.44,
        95.78999999999999,
        79.41,
        93.67999999999999,
        94.54,
        95.21,
        95.54
    ],
    "train_loss": [
        0.11461662080607371,
        0.07978848104147676,
        0.0839510197907374,
        0.07319287808394495,
        0.07497888152811029,
        0.113122747653348,
        0.08085791951513843,
        0.0844295403284361,
        0.0721637370346482,
        0.0748603770172664,
        0.10647214484027402,
        0.08178779456072939,
        0.08204572185634183,
        0.07492915249267916,
        0.07307109349960751,
        0.10856572417598107,
        0.08710239281944797,
        0.07117702849739103,
        0.06882082480340526,
        0.0756566628331352,
        0.10590997535713062,
        0.07496728405389867,
        0.070700120692515,
        0.06758289435504751,
        0.0698236055573878,
        0.11221116620065745,
        0.07085761543179299,
        0.0705723636602414,
        0.06515013841733694,
        0.07045423822696349,
        0.10051755945081126,
        0.07121962200972938,
        0.06556604569220169,
        0.068062160443654,
        0.06260184904725659,
        0.09641337502903924,
        0.07171012276593974,
        0.062227010970215824,
        0.06325541149677073,
        0.06029394370992389,
        0.10099246586020479,
        0.07022572669317712,
        0.06293955392589023,
        0.06513208397427117,
        0.06517051393026765,
        0.10056940657449161,
        0.07183102102292155,
        0.062346745932106665,
        0.06552545200339044,
        0.06575553687596081,
        0.11998653773798379,
        0.07970332360162796,
        0.06516510025670606,
        0.06666538705017619,
        0.06515767550636864,
        0.12844129821319067,
        0.08726928056312536,
        0.07287647182534555,
        0.06766791781689414,
        0.0710189732030023,
        0.14707761246733322,
        0.09833359568307322,
        0.08090100867651448,
        0.07816643664379141,
        0.07187554956982638,
        0.15571358443020347,
        0.1043554605904989,
        0.09202303505407836,
        0.08089595617626064,
        0.07970379278047043,
        0.18569938412415768,
        0.11847274100218347,
        0.09864692932028256,
        0.08763977149389908,
        0.08367634958637778,
        0.3643751902851516,
        0.15643386868481152,
        0.11797402277142702,
        0.10183680008449954,
        0.0952934638268041,
        0.34607196916006283,
        0.15022350769646153,
        0.12249917741084171,
        0.11090554936069572,
        0.10605560987630112,
        0.6559562518925011,
        0.2623462370502021,
        0.19076414205535444,
        0.1619700471798103,
        0.14821688543090564,
        0.9383722497317606,
        0.2898147886920118,
        0.2001727497104756,
        0.1691382527128308,
        0.15520904005733793,
        1.1187382058469122,
        0.3080868651410063,
        0.2095703388045648,
        0.17770356388238376,
        0.1613380817952984
    ],
    "sparsity": [
        0.0,
        0.0,
        0.0,
        0.0,
        0.0,
        0.2,
        0.2,
        0.2,
        0.2,
        0.2,
        0.3599977495217734,
        0.3599977495217734,
        0.3599977495217734,
        0.3599977495217734,
        0.3599977495217734,
        0.4879899478639211,
        0.4879899478639211,
        0.4879899478639211,
        0.4879899478639211,
        0.4879899478639211,
        0.5903829563782304,
        0.5903829563782304,
        0.5903829563782304,
        0.5903829563782304,
        0.5903829563782304,
        0.6722966130302689,
        0.6722966130302689,
        0.6722966130302689,
        0.6722966130302689,
        0.6722966130302689,
        0.7378267881924909,
        0.7378267881924909,
        0.7378267881924909,
        0.7378267881924909,
        0.7378267881924909,
        0.7902516784816773,
        0.7902516784816773,
        0.7902516784816773,
        0.7902516784816773,
        0.7902516784816773,
        0.8321893402347998,
        0.8321893402347998,
        0.8321893402347998,
        0.8321893402347998,
        0.8321893402347998,
        0.8657364689996624,
        0.8657364689996624,
        0.8657364689996624,
        0.8657364689996624,
        0.8657364689996624,
        0.8925809234462323,
        0.8925809234462323,
        0.8925809234462323,
        0.8925809234462323,
        0.8925809234462323,
        0.9140504857282172,
        0.9140504857282172,
        0.9140504857282172,
        0.9140504857282172,
        0.9140504857282172,
        0.9312291361914407,
        0.9312291361914407,
        0.9312291361914407,
        0.9312291361914407,
        0.9312291361914407,
        0.944968305764975,
        0.944968305764975,
        0.944968305764975,
        0.944968305764975,
        0.944968305764975,
        0.9559618919020292,
        0.9559618919020292,
        0.9559618919020292,
        0.9559618919020292,
        0.9559618919020292,
        0.9647612617681257,
        0.9647612617681257,
        0.9647612617681257,
        0.9647612617681257,
        0.9647612617681257,
        0.9717977570233675,
        0.9717977570233675,
        0.9717977570233675,
        0.9717977570233675,
        0.9717977570233675,
        0.9774314541840141,
        0.9774314541840141,
        0.9774314541840141,
        0.9774314541840141,
        0.9774314541840141,
        0.981928659840216,
        0.981928659840216,
        0.981928659840216,
        0.981928659840216,
        0.981928659840216,
        0.9855294250028132,
        0.9855294250028132,
        0.9855294250028132,
        0.9855294250028132,
        0.9855294250028132
    ]
}