{
    "args": {
        "load_last_pretrained": false,
        "model": "lenet",
        "dataset": "mnist",
        "epochs": 100,
        "batch_size": 60,
        "initialization": "xavier-normal-double",
        "learning_rate": 0.0012,
        "forget_model": false,
        "disable_cuda": false,
        "pruning_rate": 0.2,
        "pruning_interval": 5,
        "seed": 44
    },
    "test_acc": [
        96.73833333333334,
        98.22666666666666,
        98.56833333333334,
        99.15666666666667,
        99.00333333333333,
        96.70166666666667,
        97.92666666666666,
        98.77,
        98.94,
        99.12166666666667,
        97.015,
        98.31666666666666,
        98.90333333333334,
        99.11833333333333,
        99.35000000000001,
        97.32666666666667,
        98.41833333333334,
        98.36500000000001,
        99.225,
        99.42999999999999,
        97.51333333333334,
        98.64,
        99.17666666666666,
        99.46333333333334,
        99.4,
        97.60666666666667,
        98.56166666666667,
        99.26666666666667,
        99.57666666666667,
        99.57000000000001,
        97.695,
        98.75166666666667,
        99.18666666666667,
        99.565,
        99.67166666666667,
        97.78166666666667,
        98.92833333333333,
        99.32666666666667,
        99.59166666666667,
        99.67833333333334,
        97.52166666666666,
        98.79833333333333,
        99.08333333333333,
        99.58333333333333,
        99.56666666666666,
        97.33666666666667,
        98.57000000000001,
        99.24666666666667,
        99.47,
        99.67666666666666,
        96.77666666666667,
        98.38166666666666,
        99.11833333333333,
        99.405,
        99.42833333333333,
        96.41166666666666,
        98.11999999999999,
        98.88666666666667,
        99.21833333333333,
        99.435,
        95.75333333333333,
        97.695,
        98.44166666666668,
        98.715,
        99.14333333333335,
        94.85666666666667,
        97.13166666666667,
        98.07166666666667,
        98.50833333333333,
        98.79833333333333,
        94.5,
        96.88833333333334,
        97.69666666666666,
        98.205,
        98.43833333333333,
        93.69,
        96.16,
        97.18,
        97.74000000000001,
        98.02333333333333,
        89.55,
        94.52666666666667,
        95.82666666666667,
        96.525,
        96.80833333333332,
        88.48333333333333,
        94.24166666666667,
        95.54166666666667,
        96.08666666666666,
        96.50833333333333,
        83.13166666666667,
        93.62166666666667,
        95.02166666666668,
        95.75166666666667,
        96.14166666666667,
        72.82833333333333,
        92.66666666666666,
        94.52333333333334,
        95.19999999999999,
        95.61833333333334
    ],
    "test_loss": [
        0.22666749644558876,
        0.08980836198106408,
        0.06211556488228962,
        0.044312915449379944,
        0.035706896925257754,
        0.28159657804109156,
        0.09816378184431232,
        0.06364623071160168,
        0.046776122368872165,
        0.03623823727486888,
        0.2615310759730637,
        0.0861665221308358,
        0.0570367087747436,
        0.04144607212740811,
        0.030228295249544318,
        0.25538336918130516,
        0.08217002291744575,
        0.05205639150738716,
        0.03815407389437314,
        0.027268346633994953,
        0.25646010650694373,
        0.07676042410777882,
        0.04640803555701859,
        0.03258683019102318,
        0.02353434558209847,
        0.260791504021734,
        0.06819232719345018,
        0.04179729400412179,
        0.02773431860137498,
        0.02091925486258697,
        0.27666307776793836,
        0.06583292269939557,
        0.03929657326522283,
        0.026077502482396084,
        0.018687903645739426,
        0.2926528855757788,
        0.06218582800822332,
        0.03650840676482767,
        0.023984744660556317,
        0.017877213535364717,
        0.3232741010254249,
        0.06529936877032742,
        0.03752605415019207,
        0.025084532983775717,
        0.01863139735852019,
        0.3774873777488247,
        0.07194821116700768,
        0.0417507545936387,
        0.0281199377826415,
        0.02044713650632184,
        0.43054791215062144,
        0.08233255449216813,
        0.04869344454468228,
        0.03364302805892658,
        0.025216010954522063,
        0.5197700800150633,
        0.0970509871840477,
        0.05785254154866561,
        0.040421965651446956,
        0.030784039771009703,
        0.6374807913079857,
        0.11554283093474806,
        0.07191976735834033,
        0.0529102787305601,
        0.042257349458988756,
        0.8228869620151817,
        0.13895318718999625,
        0.08592743926402181,
        0.06340861409250646,
        0.051448556796181946,
        0.9614151720404625,
        0.14786359272524716,
        0.09623953155614436,
        0.07403903853846713,
        0.061704446631483736,
        1.1307698897868395,
        0.17356393209844828,
        0.11649326628353447,
        0.09056097438558935,
        0.07511897731339559,
        1.4676575309634208,
        0.32748334093391895,
        0.20176894374936818,
        0.15345999229885637,
        0.12781110488437117,
        1.579695730894804,
        0.36876769743859766,
        0.21791745387017727,
        0.16702767953649164,
        0.14067628724873066,
        1.7622532457709312,
        0.4254391607642174,
        0.2403205248489976,
        0.18324332056567072,
        0.15490167908743024,
        1.9875703604221344,
        0.5421227781027556,
        0.2684115267843008,
        0.20330629915744067,
        0.17308644410222768
    ],
    "train_acc": [
        95.56,
        97.17,
        97.11,
        97.78,
        97.48,
        96.05,
        97.2,
        97.55,
        97.59,
        97.69,
        96.44,
        97.32,
        97.69,
        97.7,
        98.06,
        96.61,
        97.35000000000001,
        97.16,
        97.87,
        97.85000000000001,
        97.0,
        97.66,
        98.08,
        98.04,
        97.89999999999999,
        96.96000000000001,
        97.61999999999999,
        97.82,
        98.2,
        98.0,
        97.27,
        97.47,
        97.76,
        97.91,
        98.09,
        97.22,
        97.75,
        98.08,
        98.05,
        98.06,
        96.87,
        97.81,
        97.88,
        98.1,
        98.04,
        96.89,
        97.67,
        98.06,
        98.02,
        98.14,
        96.41,
        97.63,
        97.86,
        97.94,
        98.00999999999999,
        96.14,
        97.3,
        97.82,
        97.97,
        97.98,
        95.34,
        97.13000000000001,
        97.47,
        97.64,
        97.72999999999999,
        94.62,
        96.54,
        97.2,
        97.59,
        97.56,
        94.34,
        96.28999999999999,
        96.97,
        97.34,
        97.34,
        93.57,
        95.58,
        96.57,
        96.86,
        97.17,
        89.77000000000001,
        94.28,
        95.33,
        96.14,
        96.3,
        88.67,
        94.15,
        95.02000000000001,
        95.38,
        95.84,
        83.39,
        93.60000000000001,
        94.67,
        95.28999999999999,
        95.5,
        72.82,
        93.10000000000001,
        94.41000000000001,
        94.78999999999999,
        95.11
    ],
    "train_loss": [
        0.138276052075678,
        0.09778837134648939,
        0.09428607735052304,
        0.07714477438524277,
        0.0896672978216481,
        0.12788995904123,
        0.09059493905658315,
        0.07732264538613444,
        0.07511762023658052,
        0.07417124129544586,
        0.114938615001515,
        0.0826964198756673,
        0.07243922037842075,
        0.07546803187634685,
        0.07086820425786368,
        0.10656467835770217,
        0.08024174782230023,
        0.08696854143113478,
        0.07397849760840865,
        0.07249825851086243,
        0.10334589194595635,
        0.0719965559926754,
        0.0646983450508682,
        0.06672752898710663,
        0.07143631439989231,
        0.09832572885147647,
        0.0738584817147362,
        0.07083974383537195,
        0.05860144735737787,
        0.06994574213260019,
        0.09635088441636927,
        0.07526420108265729,
        0.0711431166053956,
        0.06975471761362058,
        0.06544104097431949,
        0.09415383463792369,
        0.06907783616557271,
        0.06267832618061743,
        0.06278759348526887,
        0.06830879975902196,
        0.10441963647877028,
        0.07133259167504347,
        0.0707240375860254,
        0.06112896026151177,
        0.06734729062418682,
        0.10702984136512536,
        0.07650102888272997,
        0.06318484637384375,
        0.06381999733885695,
        0.06452019551882526,
        0.12650575062739636,
        0.0820686021585486,
        0.06989726589987065,
        0.06691032649341323,
        0.06979152919797081,
        0.13481893926903515,
        0.09103832473074962,
        0.07523533278340083,
        0.06989297663798545,
        0.0688265165576187,
        0.16046686682426287,
        0.10180159542754204,
        0.08581096672837785,
        0.08580928302542892,
        0.07839582648552107,
        0.18836451386530956,
        0.1223664526453989,
        0.09768731455446895,
        0.08880287777175179,
        0.08599816025708786,
        0.2004336462004813,
        0.13051993460087719,
        0.1077553456269963,
        0.0951613701857671,
        0.09440367836449406,
        0.23059380108010982,
        0.1518334587087888,
        0.12318228054122475,
        0.11201451713230438,
        0.10333742223635405,
        0.4856656855808761,
        0.24950334211131056,
        0.18855448629327876,
        0.16025047631053155,
        0.14680606527198217,
        0.56973827866737,
        0.26624804467498187,
        0.2000045975346765,
        0.17349928499249642,
        0.15591123864099293,
        0.7189248907351922,
        0.2954287016820051,
        0.22012653607808189,
        0.18588596287958636,
        0.1712621794400101,
        1.0707657401433248,
        0.3310540322058215,
        0.24007925301968694,
        0.20538712587363706,
        0.1863367420113729
    ],
    "sparsity": [
        0.0,
        0.0,
        0.0,
        0.0,
        0.0,
        0.2,
        0.2,
        0.2,
        0.2,
        0.2,
        0.3599977495217734,
        0.3599977495217734,
        0.3599977495217734,
        0.3599977495217734,
        0.3599977495217734,
        0.4879899478639211,
        0.4879899478639211,
        0.4879899478639211,
        0.4879899478639211,
        0.4879899478639211,
        0.5903829563782304,
        0.5903829563782304,
        0.5903829563782304,
        0.5903829563782304,
        0.5903829563782304,
        0.6722966130302689,
        0.6722966130302689,
        0.6722966130302689,
        0.6722966130302689,
        0.6722966130302689,
        0.7378267881924909,
        0.7378267881924909,
        0.7378267881924909,
        0.7378267881924909,
        0.7378267881924909,
        0.7902516784816773,
        0.7902516784816773,
        0.7902516784816773,
        0.7902516784816773,
        0.7902516784816773,
        0.8321893402347998,
        0.8321893402347998,
        0.8321893402347998,
        0.8321893402347998,
        0.8321893402347998,
        0.8657364689996624,
        0.8657364689996624,
        0.8657364689996624,
        0.8657364689996624,
        0.8657364689996624,
        0.8925809234462323,
        0.8925809234462323,
        0.8925809234462323,
        0.8925809234462323,
        0.8925809234462323,
        0.9140504857282172,
        0.9140504857282172,
        0.9140504857282172,
        0.9140504857282172,
        0.9140504857282172,
        0.9312291361914407,
        0.9312291361914407,
        0.9312291361914407,
        0.9312291361914407,
        0.9312291361914407,
        0.944968305764975,
        0.944968305764975,
        0.944968305764975,
        0.944968305764975,
        0.944968305764975,
        0.9559618919020292,
        0.9559618919020292,
        0.9559618919020292,
        0.9559618919020292,
        0.9559618919020292,
        0.9647612617681257,
        0.9647612617681257,
        0.9647612617681257,
        0.9647612617681257,
        0.9647612617681257,
        0.9717977570233675,
        0.9717977570233675,
        0.9717977570233675,
        0.9717977570233675,
        0.9717977570233675,
        0.9774314541840141,
        0.9774314541840141,
        0.9774314541840141,
        0.9774314541840141,
        0.9774314541840141,
        0.981928659840216,
        0.981928659840216,
        0.981928659840216,
        0.981928659840216,
        0.981928659840216,
        0.9855294250028132,
        0.9855294250028132,
        0.9855294250028132,
        0.9855294250028132,
        0.9855294250028132
    ]
}