{
    "args": {
        "load_last_pretrained": false,
        "model": "lenet",
        "dataset": "mnist",
        "epochs": 100,
        "batch_size": 60,
        "initialization": "xavier-normal-double",
        "learning_rate": 0.0012,
        "forget_model": false,
        "disable_cuda": false,
        "pruning_rate": 0.2,
        "pruning_interval": 5,
        "seed": 46
    },
    "test_acc": [
        97.42166666666667,
        98.57333333333334,
        98.92833333333333,
        99.11833333333333,
        99.14500000000001,
        96.97833333333334,
        97.77666666666667,
        98.53,
        98.92,
        99.35166666666667,
        97.09833333333333,
        98.32,
        98.86,
        99.19,
        99.21333333333334,
        97.34833333333334,
        98.55666666666667,
        99.03333333333333,
        99.19833333333334,
        99.54333333333332,
        97.75666666666667,
        98.63833333333332,
        99.005,
        99.445,
        99.62833333333333,
        97.70333333333333,
        98.745,
        99.30666666666667,
        99.505,
        99.64666666666666,
        97.88666666666667,
        99.0,
        99.11166666666666,
        99.29333333333334,
        99.67333333333333,
        97.97166666666666,
        99.10166666666666,
        99.44833333333334,
        99.625,
        99.59166666666667,
        97.78,
        98.92666666666666,
        99.30666666666667,
        99.505,
        99.76333333333334,
        97.68833333333333,
        98.79333333333334,
        99.27833333333334,
        99.62,
        99.615,
        97.09166666666667,
        98.48666666666666,
        99.03166666666667,
        99.29,
        99.63166666666666,
        96.55666666666667,
        98.22999999999999,
        98.81833333333333,
        99.27166666666668,
        99.49333333333334,
        96.145,
        97.84333333333333,
        98.655,
        99.04833333333333,
        99.22999999999999,
        95.27333333333333,
        97.39666666666666,
        98.23666666666668,
        98.67666666666666,
        98.91666666666666,
        94.77166666666666,
        96.86833333333334,
        97.85166666666667,
        98.45333333333333,
        98.59666666666666,
        94.08166666666666,
        96.56333333333333,
        97.48,
        98.05333333333334,
        98.31833333333333,
        91.53333333333333,
        95.87666666666667,
        96.88166666666666,
        97.33166666666668,
        97.65833333333333,
        91.00666666666667,
        95.56833333333333,
        96.55166666666666,
        96.98666666666666,
        97.33333333333334,
        58.69833333333333,
        82.15,
        84.30333333333333,
        84.91666666666666,
        85.265,
        45.79,
        64.21333333333334,
        65.95,
        66.40333333333334,
        66.64999999999999
    ],
    "test_loss": [
        0.24128356735873968,
        0.09117509289016015,
        0.06367617315356619,
        0.047723519312916324,
        0.037649440393201075,
        0.2829347643274814,
        0.09793224526708946,
        0.06543596279807389,
        0.04912158397643361,
        0.035395269597531295,
        0.25309431487321854,
        0.08568984487187117,
        0.05643338869302533,
        0.040161821681191215,
        0.029809783639590023,
        0.2500754609722644,
        0.07711891080718487,
        0.049988434695405884,
        0.035528851082897744,
        0.026225232047523604,
        0.24539184692874552,
        0.0686519466158934,
        0.043193522688932715,
        0.030605274071625898,
        0.022566485298186306,
        0.25097907934337854,
        0.06443326982622966,
        0.039218670044559985,
        0.02562565771950176,
        0.019863114892534214,
        0.2614979876289144,
        0.0588523903072346,
        0.03524432096153032,
        0.023405653946858365,
        0.016863707270647864,
        0.27833516155183313,
        0.05815538176801056,
        0.03375559705705382,
        0.02244191748718731,
        0.016478762374317737,
        0.31239258717000484,
        0.06275345209799707,
        0.03532107858173549,
        0.02456244358915137,
        0.016579748836287763,
        0.3496487554805353,
        0.06570894574327395,
        0.03932810246315785,
        0.026665545101161117,
        0.018864459086762507,
        0.42311335030943154,
        0.07822858635848388,
        0.04726694490993395,
        0.03321226706134621,
        0.024426939555094576,
        0.5261071761604399,
        0.09122033827565611,
        0.0543568364023231,
        0.03858146851370111,
        0.029485289428266698,
        0.6209535120837391,
        0.10254478845279663,
        0.06330640873359517,
        0.04582512257155031,
        0.03645650597079657,
        0.7844956607110798,
        0.12512171144317835,
        0.07827346131578088,
        0.05769562920276076,
        0.046275717771379274,
        0.9454047524333,
        0.14318219566438348,
        0.09185873575601727,
        0.06943320538243279,
        0.05742385630193166,
        1.1895124508216977,
        0.16362537675909697,
        0.10648169224429875,
        0.08194878810457885,
        0.06825616799294948,
        1.4523308183550834,
        0.2929949425905943,
        0.16987885043025017,
        0.12568719029799102,
        0.10243287110514938,
        1.4846473541855811,
        0.31519441661238673,
        0.1825227111130953,
        0.13683577498421073,
        0.11342510579898954,
        1.9110755980014802,
        0.9354687312245369,
        0.6497162198424339,
        0.5071155018508434,
        0.4412004997879267,
        2.0725803122520445,
        1.3884309712648393,
        1.129049056470394,
        0.9653279515504837,
        0.883353175163269
    ],
    "train_acc": [
        96.59,
        97.18,
        97.50999999999999,
        97.66,
        97.54,
        96.34,
        97.11,
        97.54,
        97.50999999999999,
        97.85000000000001,
        96.63000000000001,
        97.33000000000001,
        97.72,
        97.98,
        97.76,
        96.61999999999999,
        97.78,
        97.99,
        98.14,
        98.04,
        97.1,
        97.61999999999999,
        97.86,
        97.97,
        98.06,
        97.07000000000001,
        97.78999999999999,
        98.04,
        98.1,
        98.2,
        97.5,
        98.00999999999999,
        97.78,
        97.81,
        98.29,
        97.45,
        98.00999999999999,
        98.11999999999999,
        98.18,
        98.08,
        97.22,
        97.84,
        97.94,
        97.89999999999999,
        98.02,
        97.22,
        97.82,
        98.02,
        98.15,
        98.0,
        96.59,
        97.47,
        97.83,
        97.98,
        98.04,
        96.23,
        97.52,
        97.75,
        97.83,
        98.02,
        95.78999999999999,
        97.09,
        97.61999999999999,
        97.78,
        97.94,
        95.22,
        96.7,
        97.31,
        97.57000000000001,
        97.75,
        94.69999999999999,
        96.38,
        96.91,
        97.22,
        97.50999999999999,
        93.97999999999999,
        95.99,
        96.7,
        96.97,
        97.18,
        91.77,
        95.19,
        96.1,
        96.43,
        96.59,
        91.11,
        94.94,
        95.50999999999999,
        95.93,
        96.15,
        58.77,
        82.04,
        83.86,
        84.28999999999999,
        84.49,
        45.35,
        63.470000000000006,
        65.10000000000001,
        65.5,
        65.55
    ],
    "train_loss": [
        0.1127875031524165,
        0.09206585853477706,
        0.08405931077445829,
        0.08352847491087069,
        0.09466004548113358,
        0.12056605801164746,
        0.09090926181134618,
        0.08196904450030384,
        0.08201605373781598,
        0.07068739580283287,
        0.10620474453714347,
        0.08208031990303251,
        0.07394906078203174,
        0.0665466849814855,
        0.07984571188896013,
        0.10506017352761088,
        0.07241612916092896,
        0.06870002998457385,
        0.062022254845506684,
        0.07149731855951724,
        0.09094873522993868,
        0.0743728751946843,
        0.06932106604423195,
        0.06557263246692806,
        0.06951411460626669,
        0.09566173368986852,
        0.07171628613604936,
        0.06275261558374826,
        0.06487676747035916,
        0.066830341067391,
        0.08812115318002459,
        0.06648227355783125,
        0.06607880518446861,
        0.07307097240292584,
        0.06365007984774008,
        0.0878354433176671,
        0.06373233362073134,
        0.0594818780232154,
        0.06320973019942384,
        0.06701057010175504,
        0.09600651009331741,
        0.06776475089373524,
        0.064305809912032,
        0.06874590530827039,
        0.06690972664342597,
        0.09717069796013261,
        0.07022951510428133,
        0.06433729645182674,
        0.0617957665538973,
        0.06631627154374818,
        0.11799467024867406,
        0.08084720883429229,
        0.07171975738999105,
        0.06548170049250973,
        0.0660003463062876,
        0.13626035822633498,
        0.08653821166560142,
        0.07447398114046026,
        0.06710110841497421,
        0.0673675850461778,
        0.15182329442151293,
        0.09805926662719178,
        0.08020917076372101,
        0.07179699345871048,
        0.06819914734063524,
        0.1724215663835674,
        0.11094541641364912,
        0.08887920804700987,
        0.08010927277120823,
        0.07709760364412727,
        0.19802616063706174,
        0.1288920221794508,
        0.10345184270984041,
        0.09006430620807195,
        0.08705383214073445,
        0.22405006682979847,
        0.142062844987401,
        0.11405410797162327,
        0.10370637513808682,
        0.09766145679865501,
        0.4520351670816273,
        0.223192249541868,
        0.16642748966010032,
        0.14283719699004452,
        0.1279362171419902,
        0.4830231618381546,
        0.2419739303563883,
        0.18388313447643898,
        0.15932915598421754,
        0.14456118191564513,
        1.1911841488170052,
        0.7811696026139631,
        0.5852534039291793,
        0.5036713004469158,
        0.46249479055404663,
        1.6440951367338261,
        1.2441554412156521,
        1.0587304830551147,
        0.9543926062698136,
        0.9095981520806958
    ],
    "sparsity": [
        0.0,
        0.0,
        0.0,
        0.0,
        0.0,
        0.2,
        0.2,
        0.2,
        0.2,
        0.2,
        0.3599977495217734,
        0.3599977495217734,
        0.3599977495217734,
        0.3599977495217734,
        0.3599977495217734,
        0.4879899478639211,
        0.4879899478639211,
        0.4879899478639211,
        0.4879899478639211,
        0.4879899478639211,
        0.5903829563782304,
        0.5903829563782304,
        0.5903829563782304,
        0.5903829563782304,
        0.5903829563782304,
        0.6722966130302689,
        0.6722966130302689,
        0.6722966130302689,
        0.6722966130302689,
        0.6722966130302689,
        0.7378267881924909,
        0.7378267881924909,
        0.7378267881924909,
        0.7378267881924909,
        0.7378267881924909,
        0.7902516784816773,
        0.7902516784816773,
        0.7902516784816773,
        0.7902516784816773,
        0.7902516784816773,
        0.8321893402347998,
        0.8321893402347998,
        0.8321893402347998,
        0.8321893402347998,
        0.8321893402347998,
        0.8657364689996624,
        0.8657364689996624,
        0.8657364689996624,
        0.8657364689996624,
        0.8657364689996624,
        0.8925809234462323,
        0.8925809234462323,
        0.8925809234462323,
        0.8925809234462323,
        0.8925809234462323,
        0.9140504857282172,
        0.9140504857282172,
        0.9140504857282172,
        0.9140504857282172,
        0.9140504857282172,
        0.9312291361914407,
        0.9312291361914407,
        0.9312291361914407,
        0.9312291361914407,
        0.9312291361914407,
        0.944968305764975,
        0.944968305764975,
        0.944968305764975,
        0.944968305764975,
        0.944968305764975,
        0.9559618919020292,
        0.9559618919020292,
        0.9559618919020292,
        0.9559618919020292,
        0.9559618919020292,
        0.9647612617681257,
        0.9647612617681257,
        0.9647612617681257,
        0.9647612617681257,
        0.9647612617681257,
        0.9717977570233675,
        0.9717977570233675,
        0.9717977570233675,
        0.9717977570233675,
        0.9717977570233675,
        0.9774314541840141,
        0.9774314541840141,
        0.9774314541840141,
        0.9774314541840141,
        0.9774314541840141,
        0.981928659840216,
        0.981928659840216,
        0.981928659840216,
        0.981928659840216,
        0.981928659840216,
        0.9855294250028132,
        0.9855294250028132,
        0.9855294250028132,
        0.9855294250028132,
        0.9855294250028132
    ]
}