{
    "args": {
        "load_last_pretrained": false,
        "model": "lenet",
        "dataset": "mnist",
        "epochs": 100,
        "batch_size": 60,
        "initialization": "normal",
        "learning_rate": 0.0012,
        "forget_model": false,
        "disable_cuda": false,
        "pruning_rate": 0.2,
        "pruning_interval": 5,
        "seed": 47
    },
    "test_acc": [
        88.69500000000001,
        92.10000000000001,
        94.095,
        95.15833333333333,
        96.19,
        90.79333333333334,
        92.705,
        94.525,
        96.05666666666667,
        97.18833333333333,
        95.45833333333333,
        96.74333333333334,
        98.05,
        98.58666666666667,
        98.67666666666666,
        97.11333333333333,
        98.25666666666667,
        98.68833333333333,
        99.01666666666667,
        99.41833333333334,
        97.39,
        98.35166666666667,
        99.03999999999999,
        99.39,
        99.35333333333334,
        97.71,
        98.82333333333332,
        99.12333333333333,
        99.5,
        99.535,
        97.72333333333333,
        98.81666666666666,
        99.34833333333334,
        99.46166666666667,
        99.67333333333333,
        97.82833333333333,
        98.84166666666667,
        99.39166666666667,
        99.61333333333333,
        99.67,
        97.73666666666668,
        98.92333333333333,
        99.51333333333334,
        99.48833333333333,
        99.76333333333334,
        97.50999999999999,
        98.83333333333333,
        99.2,
        99.54333333333332,
        99.64333333333333,
        97.26833333333333,
        98.57000000000001,
        99.18166666666667,
        99.38166666666667,
        99.575,
        96.98666666666666,
        98.42333333333333,
        98.93666666666667,
        99.27,
        99.48833333333333,
        96.41833333333332,
        98.02666666666666,
        98.52499999999999,
        98.91333333333333,
        98.97833333333334,
        95.71166666666666,
        97.57166666666667,
        98.28,
        98.74666666666667,
        98.95666666666668,
        94.29833333333333,
        96.93333333333334,
        97.71333333333332,
        98.20666666666666,
        98.44333333333334,
        91.14999999999999,
        96.395,
        97.26833333333333,
        97.725,
        98.08666666666667,
        89.23333333333333,
        96.02833333333334,
        96.94,
        97.505,
        97.77166666666666,
        82.78,
        93.76333333333334,
        95.11166666666668,
        95.96333333333334,
        96.41833333333332,
        73.97,
        92.78999999999999,
        94.80166666666666,
        95.565,
        96.035,
        66.03333333333333,
        92.135,
        94.15833333333333,
        94.99833333333333,
        95.52666666666667
    ],
    "test_loss": [
        79.15848755669593,
        16.986802826032044,
        9.846648415468353,
        6.422533060485653,
        4.299793885262512,
        0.9379434581547975,
        0.2880133476704359,
        0.2231639039516449,
        0.1661050310153514,
        0.1240624929848127,
        0.4024775798842311,
        0.1319814845789224,
        0.08729569564061239,
        0.06553357500489801,
        0.049696267085266296,
        0.2676542178858072,
        0.08985649641230703,
        0.059029365934897216,
        0.04310019417037256,
        0.032826873478479686,
        0.2500313932094723,
        0.07482958882348612,
        0.048188502366887404,
        0.035147647804464215,
        0.02455497794089024,
        0.25169564865902067,
        0.06695605552382768,
        0.04197986554913223,
        0.029763305300555657,
        0.022169690263690426,
        0.26045799753349275,
        0.06205820508208126,
        0.037461795137845914,
        0.025849007233249722,
        0.01879640498603112,
        0.27789902909845116,
        0.06038748302380555,
        0.034571247843327,
        0.023295455077226506,
        0.01698795302308281,
        0.2999088642001152,
        0.061225059972610324,
        0.03650060270284303,
        0.02449254211538937,
        0.017274763427965807,
        0.34160835861600936,
        0.06555797642073594,
        0.03851634708372876,
        0.026080966823792552,
        0.018657481432077475,
        0.3997061723545194,
        0.07365452551655471,
        0.04433825711766258,
        0.031240843732957727,
        0.022931918211368613,
        0.48280908511579035,
        0.08320038704853505,
        0.05021994581026956,
        0.03616932244761847,
        0.028232757092569956,
        0.5872068306654692,
        0.10091009530145675,
        0.0644096116675064,
        0.04787798382807523,
        0.0379355714134872,
        0.7390229898095131,
        0.11655036715231835,
        0.07583062680717557,
        0.057068193373270334,
        0.04628707660804503,
        1.084741940766573,
        0.15709066793322563,
        0.09728169583529234,
        0.07565201438963413,
        0.06334358208067715,
        1.29458243522048,
        0.25665085153281686,
        0.1169274485129863,
        0.09006897643115372,
        0.07660272355936468,
        1.4397288206219674,
        0.2661885442323983,
        0.12759301760420202,
        0.09993620067741722,
        0.08595451240614056,
        1.7311724518537521,
        0.609879872187972,
        0.2272741223499179,
        0.16019110845401882,
        0.13405110804736614,
        1.8490019819140435,
        0.6574913729280233,
        0.24235295034199952,
        0.17440684746950866,
        0.1483670141454786,
        1.9938850004673003,
        0.7478045988678932,
        0.2655808254703879,
        0.19346651953086258,
        0.166333304207772
    ],
    "train_acc": [
        88.23,
        91.0,
        92.25,
        92.57,
        93.26,
        90.86999999999999,
        92.64,
        94.17999999999999,
        95.47,
        96.57,
        95.28999999999999,
        96.2,
        96.93,
        97.54,
        97.42,
        96.61,
        97.36,
        97.55,
        97.75,
        98.05,
        96.95,
        97.6,
        97.83,
        98.15,
        97.8,
        97.15,
        98.07000000000001,
        97.92,
        98.37,
        98.17,
        97.14,
        97.92999999999999,
        98.15,
        98.17,
        98.18,
        97.24000000000001,
        97.8,
        98.25,
        98.14,
        98.27,
        97.2,
        97.98,
        98.3,
        98.15,
        98.27,
        97.04,
        98.06,
        98.09,
        98.38,
        98.19,
        96.88,
        97.77,
        98.03,
        98.19,
        98.08,
        96.58,
        97.83,
        98.14,
        98.08,
        98.19,
        96.05,
        97.45,
        97.75,
        97.98,
        98.0,
        95.37,
        96.91,
        97.34,
        97.82,
        97.8,
        94.1,
        96.31,
        96.84,
        97.2,
        97.49,
        91.31,
        95.98,
        96.69,
        96.89,
        97.18,
        89.74,
        95.50999999999999,
        96.36,
        96.78999999999999,
        96.92,
        83.77,
        93.58999999999999,
        94.8,
        95.49,
        95.74000000000001,
        75.05,
        92.83,
        94.43,
        95.14,
        95.33,
        67.21000000000001,
        92.41,
        94.13,
        94.67,
        95.00999999999999
    ],
    "train_loss": [
        23.491480183458613,
        14.163239725168326,
        10.459325143498575,
        8.624583444195594,
        7.716139312344359,
        0.318393844821139,
        0.2556821822584746,
        0.19359723775240475,
        0.1452027849161518,
        0.1112884560399159,
        0.1577342921299135,
        0.11988184847004578,
        0.09607526885546343,
        0.07655449301035082,
        0.08393984560124175,
        0.10725053458915142,
        0.08007919453753683,
        0.07569118695679361,
        0.06975379441815992,
        0.06395306170591805,
        0.10088185212033951,
        0.07995093258900825,
        0.06634318265048954,
        0.06461517445179829,
        0.07541278526075408,
        0.09335759644602944,
        0.06241783269326911,
        0.06492025754972176,
        0.05961540741650778,
        0.06296840388624801,
        0.09122953869536252,
        0.0654462167901171,
        0.06143952234547786,
        0.0628132754135152,
        0.061294477264442856,
        0.0926083380713345,
        0.06823363013197473,
        0.05847395771994495,
        0.060244289330697566,
        0.06004697910487696,
        0.09477834338266514,
        0.06708918993840897,
        0.056453988187483505,
        0.06267912474929349,
        0.05906136847285186,
        0.09977744293293196,
        0.0665225076606263,
        0.06076087785221101,
        0.05686850545120643,
        0.06157384422073743,
        0.10712912195769256,
        0.07343249906044075,
        0.06368787801673936,
        0.06036275146601577,
        0.06072823996697469,
        0.11588866873727945,
        0.07687658666002893,
        0.06597087243962252,
        0.06576747567571342,
        0.06504364240904824,
        0.13647306843209053,
        0.08886376955172794,
        0.07839973288181121,
        0.07033912921575328,
        0.07340004055727341,
        0.15827319331600995,
        0.10366297434056233,
        0.08864654942476999,
        0.07832559556588754,
        0.07469967388112968,
        0.2646131285739516,
        0.12905038789494666,
        0.10511793245277005,
        0.09558116900037505,
        0.08827218598780964,
        0.5007022838749572,
        0.14749400090136214,
        0.11474101777428282,
        0.1071308589997718,
        0.0983746104767758,
        0.5584079130680976,
        0.16268368705571767,
        0.1289587269152353,
        0.11408822800584896,
        0.1074393209638799,
        0.9451934084920826,
        0.3157968220418085,
        0.19430908462601507,
        0.16435924337474173,
        0.14993757824831738,
        1.0428261935353993,
        0.32207313786723657,
        0.2089578064080484,
        0.17810457430690704,
        0.16421461547027805,
        1.216903762189214,
        0.3577597675744645,
        0.22276512138590127,
        0.1931818927119592,
        0.17976082841347077
    ],
    "sparsity": [
        0.0,
        0.0,
        0.0,
        0.0,
        0.0,
        0.2,
        0.2,
        0.2,
        0.2,
        0.2,
        0.3599977495217734,
        0.3599977495217734,
        0.3599977495217734,
        0.3599977495217734,
        0.3599977495217734,
        0.4879899478639211,
        0.4879899478639211,
        0.4879899478639211,
        0.4879899478639211,
        0.4879899478639211,
        0.5903829563782304,
        0.5903829563782304,
        0.5903829563782304,
        0.5903829563782304,
        0.5903829563782304,
        0.6722966130302689,
        0.6722966130302689,
        0.6722966130302689,
        0.6722966130302689,
        0.6722966130302689,
        0.7378267881924909,
        0.7378267881924909,
        0.7378267881924909,
        0.7378267881924909,
        0.7378267881924909,
        0.7902516784816773,
        0.7902516784816773,
        0.7902516784816773,
        0.7902516784816773,
        0.7902516784816773,
        0.8321893402347998,
        0.8321893402347998,
        0.8321893402347998,
        0.8321893402347998,
        0.8321893402347998,
        0.8657364689996624,
        0.8657364689996624,
        0.8657364689996624,
        0.8657364689996624,
        0.8657364689996624,
        0.8925809234462323,
        0.8925809234462323,
        0.8925809234462323,
        0.8925809234462323,
        0.8925809234462323,
        0.9140504857282172,
        0.9140504857282172,
        0.9140504857282172,
        0.9140504857282172,
        0.9140504857282172,
        0.9312291361914407,
        0.9312291361914407,
        0.9312291361914407,
        0.9312291361914407,
        0.9312291361914407,
        0.944968305764975,
        0.944968305764975,
        0.944968305764975,
        0.944968305764975,
        0.944968305764975,
        0.9559618919020292,
        0.9559618919020292,
        0.9559618919020292,
        0.9559618919020292,
        0.9559618919020292,
        0.9647612617681257,
        0.9647612617681257,
        0.9647612617681257,
        0.9647612617681257,
        0.9647612617681257,
        0.9717977570233675,
        0.9717977570233675,
        0.9717977570233675,
        0.9717977570233675,
        0.9717977570233675,
        0.9774314541840141,
        0.9774314541840141,
        0.9774314541840141,
        0.9774314541840141,
        0.9774314541840141,
        0.981928659840216,
        0.981928659840216,
        0.981928659840216,
        0.981928659840216,
        0.981928659840216,
        0.9855294250028132,
        0.9855294250028132,
        0.9855294250028132,
        0.9855294250028132,
        0.9855294250028132
    ]
}