{
    "args": {
        "load_last_pretrained": false,
        "model": "conv6",
        "dataset": "cifar10",
        "epochs": 100,
        "batch_size": 60,
        "initialization": "xavier-normal",
        "learning_rate": 0.0003,
        "forget_model": false,
        "disable_cuda": false,
        "pruning_rate": 0.2,
        "pruning_interval": 5,
        "seed": 44
    },
    "test_acc": [
        57.19,
        71.98,
        77.79,
        83.368,
        86.426,
        45.382,
        55.903999999999996,
        66.144,
        69.32000000000001,
        74.846,
        41.705999999999996,
        55.181999999999995,
        63.036,
        68.414,
        72.494,
        40.786,
        50.866,
        63.507999999999996,
        68.186,
        70.272,
        31.566,
        50.624,
        59.518,
        65.372,
        69.306,
        33.892,
        48.734,
        53.70399999999999,
        63.052,
        66.94,
        36.13,
        51.822,
        58.464000000000006,
        61.519999999999996,
        66.656,
        32.696,
        46.098,
        57.833999999999996,
        61.878,
        66.262,
        28.462,
        40.934,
        48.126000000000005,
        55.879999999999995,
        58.553999999999995,
        10.0,
        24.312,
        38.796,
        46.386,
        53.083999999999996,
        10.048,
        27.664,
        41.116,
        43.036,
        51.641999999999996,
        10.0,
        12.774,
        28.933999999999997,
        37.572,
        44.122,
        10.0,
        28.912,
        32.164,
        40.861999999999995,
        45.67,
        10.0,
        10.532,
        18.808,
        30.814000000000004,
        39.344,
        12.028,
        21.61,
        26.979999999999997,
        33.434000000000005,
        37.196,
        10.0,
        10.0,
        10.0,
        10.0,
        10.0,
        10.0,
        10.0,
        10.0,
        10.0,
        10.0,
        10.0,
        10.0,
        10.0,
        10.0,
        10.0,
        10.0,
        10.0,
        10.0,
        10.0,
        10.0,
        10.0,
        10.0,
        10.0,
        10.0,
        10.0
    ],
    "test_loss": [
        1.5313971273475986,
        1.0236846658823302,
        0.7800848153497961,
        0.623130688957459,
        0.49443218874917044,
        1.7767769262659179,
        1.346146497080366,
        1.0962296512772998,
        0.930752853838374,
        0.8003382727825384,
        1.9088230101610546,
        1.4248221756028328,
        1.1655108760729682,
        0.9877387139437009,
        0.8544289010534469,
        1.8666164599162498,
        1.4138911124899518,
        1.1609238316829829,
        1.000802602413461,
        0.8896898936024673,
        2.0944157821668994,
        1.5053222532466732,
        1.204691676355952,
        1.013838463121181,
        0.895672719112689,
        1.9164546849630433,
        1.5451905877470113,
        1.2783013194156208,
        1.108446130864054,
        0.9888435560021754,
        1.9637735823361422,
        1.4807163266112193,
        1.2465768021216495,
        1.1080554996034224,
        1.0082887608370334,
        2.0939018075986446,
        1.6052029302937807,
        1.323302755181452,
        1.1220463956717392,
        1.0140183462942247,
        2.203378686373182,
        1.72357554229901,
        1.4849079961685254,
        1.310085094518227,
        1.146265468794665,
        2.3026837021898596,
        2.1404642419849367,
        1.7676018979623735,
        1.5337997151793337,
        1.3454180139717724,
        2.301366717981206,
        2.01606739696553,
        1.7066247803415897,
        1.5157403241244438,
        1.4023442132581625,
        2.3028930311294484,
        2.302490258960129,
        2.234531517509076,
        1.7816746705155864,
        1.57306266216923,
        2.3027894236772752,
        2.1493826238371487,
        1.8170145828661015,
        1.69984396227258,
        1.5309264036677153,
        2.302875909016287,
        2.302192319497216,
        2.26577687520775,
        1.9143813033755734,
        1.7135850255437892,
        2.302403391122246,
        2.2064251143583578,
        2.031295628713475,
        1.8251016647409763,
        1.7218539223110647,
        2.302921185390555,
        2.3026951468534036,
        2.3026263759576446,
        2.3025991342050567,
        2.302523931725134,
        2.3028866178411946,
        2.302681229669127,
        2.302625512047637,
        2.302612262949955,
        2.30260919238166,
        2.3029139619365298,
        2.3026898135955958,
        2.3026247439052847,
        2.3026084396764817,
        2.302606471150899,
        2.3028889291292187,
        2.3026860292009315,
        2.3026385521717208,
        2.3026124727811745,
        2.302605432857998,
        2.302901805733605,
        2.302692017681021,
        2.302632986784553,
        2.3026137480632864,
        2.302609477969382
    ],
    "train_acc": [
        55.81,
        68.67,
        73.02,
        75.11,
        75.82,
        45.69,
        54.6,
        64.60000000000001,
        67.11,
        71.21,
        41.42,
        54.669999999999995,
        61.33,
        66.73,
        69.45,
        40.37,
        51.17,
        62.27,
        66.64999999999999,
        67.97999999999999,
        31.900000000000002,
        50.11,
        58.32000000000001,
        64.28,
        67.82000000000001,
        33.14,
        47.92,
        53.410000000000004,
        62.32,
        65.60000000000001,
        36.51,
        51.32,
        57.809999999999995,
        60.809999999999995,
        65.16999999999999,
        32.47,
        46.07,
        57.16,
        61.040000000000006,
        65.27,
        28.749999999999996,
        39.95,
        47.36,
        55.71,
        57.86,
        10.0,
        24.279999999999998,
        38.09,
        46.11,
        52.42,
        9.99,
        27.639999999999997,
        40.660000000000004,
        42.42,
        50.92,
        10.0,
        12.889999999999999,
        29.020000000000003,
        37.96,
        43.580000000000005,
        10.0,
        29.470000000000002,
        31.900000000000002,
        40.58,
        45.01,
        10.0,
        10.440000000000001,
        19.24,
        30.43,
        39.23,
        12.1,
        21.78,
        27.32,
        33.17,
        36.79,
        10.0,
        10.0,
        10.0,
        10.0,
        10.0,
        10.0,
        10.0,
        10.0,
        10.0,
        10.0,
        10.0,
        10.0,
        10.0,
        10.0,
        10.0,
        10.0,
        10.0,
        10.0,
        10.0,
        10.0,
        10.0,
        10.0,
        10.0,
        10.0,
        10.0
    ],
    "train_loss": [
        1.2141152213433546,
        0.8868157438889235,
        0.7782645896523298,
        0.7213117849684048,
        0.7181440961218166,
        1.4937961886742872,
        1.248945539226075,
        1.0129438656532836,
        0.9632693646910662,
        0.8307575733361844,
        1.5930739220031007,
        1.2633406812559345,
        1.0676247077787708,
        0.9353867237439413,
        0.857905871496943,
        1.560600107301495,
        1.3502395231566744,
        1.0616845891861144,
        0.9310738094552549,
        0.8934647423064638,
        1.7273906305164635,
        1.356396470955032,
        1.1413536453675368,
        1.002215783753081,
        0.9148237930086558,
        1.737803595508644,
        1.3950677503368811,
        1.3018162985761723,
        1.0511409886582883,
        0.9649026636591929,
        1.6604644338527839,
        1.3160044069061736,
        1.1598012518739986,
        1.087804526269079,
        0.9725386411130071,
        1.7592111726007063,
        1.4366640573490166,
        1.1773360132457253,
        1.0909885289426335,
        0.9761259402343613,
        1.8295966743709084,
        1.561308679466476,
        1.4235270437366234,
        1.236064587167637,
        1.1538447891166823,
        2.3018415573828235,
        1.8729627268043108,
        1.656146678382051,
        1.4502684299103514,
        1.301437109887243,
        2.290673023212456,
        1.828873194620281,
        1.5669118758447156,
        1.5522213667452693,
        1.328875525268966,
        2.30265799825063,
        2.3021707463407233,
        1.9368380193938752,
        1.6656850455049983,
        1.5123625800995055,
        2.302132600795723,
        1.8651137280606938,
        1.7687377815475007,
        1.6162315792666224,
        1.467164757009038,
        2.302631802187708,
        2.30137040086849,
        2.1263602243925996,
        1.802925759446835,
        1.6119763893995456,
        2.3002756055957545,
        2.1060533801952523,
        1.9222999133035807,
        1.7847548387721628,
        1.6941175053933424,
        2.302746381588325,
        2.3026294651145705,
        2.3025926815535493,
        2.3025661328595555,
        2.3023077128176204,
        2.302725409319301,
        2.3026211061877406,
        2.3025935481408397,
        2.3025895335717115,
        2.302586352753782,
        2.3027406095744607,
        2.3026234646757207,
        2.302596637588775,
        2.3025872650260695,
        2.3025852234777577,
        2.3027329858905543,
        2.3026238986831937,
        2.302596910271102,
        2.302586125756452,
        2.3025881316133603,
        2.3027328588291556,
        2.3026332541140255,
        2.3025964905401906,
        2.302592475971062,
        2.302586923816247
    ],
    "sparsity": [
        0.0,
        0.0,
        0.0,
        0.0,
        0.0,
        0.19999672942921468,
        0.19999672942921468,
        0.19999672942921468,
        0.19999672942921468,
        0.19999672942921468,
        0.35999482012302647,
        0.35999482012302647,
        0.35999482012302647,
        0.35999482012302647,
        0.35999482012302647,
        0.48799081765153574,
        0.48799081765153574,
        0.48799081765153574,
        0.48799081765153574,
        0.48799081765153574,
        0.5903897371256633,
        0.5903897371256633,
        0.5903897371256633,
        0.5903897371256633,
        0.5903897371256633,
        0.6723086959173553,
        0.6723086959173553,
        0.6723086959173553,
        0.6723086959173553,
        0.6723086959173553,
        0.737844304919734,
        0.737844304919734,
        0.737844304919734,
        0.737844304919734,
        0.737844304919734,
        0.7902724385464169,
        0.7902724385464169,
        0.7902724385464169,
        0.7902724385464169,
        0.7902724385464169,
        0.8322148570539583,
        0.8322148570539583,
        0.8322148570539583,
        0.8322148570539583,
        0.8322148570539583,
        0.8657678195281362,
        0.8657678195281362,
        0.8657678195281362,
        0.8657678195281362,
        0.8657678195281362,
        0.8926116922021637,
        0.8926116922021637,
        0.8926116922021637,
        0.8926116922021637,
        0.8926116922021637,
        0.9140847572838705,
        0.9140847572838705,
        0.9140847572838705,
        0.9140847572838705,
        0.9140847572838705,
        0.931263651318261,
        0.931263651318261,
        0.931263651318261,
        0.931263651318261,
        0.931263651318261,
        0.9450088879970936,
        0.9450088879970936,
        0.9450088879970936,
        0.9450088879970936,
        0.9450088879970936,
        0.9560037514330846,
        0.9560037514330846,
        0.9560037514330846,
        0.9560037514330846,
        0.9560037514330846,
        0.9647984930624122,
        0.9647984930624122,
        0.9647984930624122,
        0.9647984930624122,
        0.9647984930624122,
        0.9718355238791444,
        0.9718355238791444,
        0.9718355238791444,
        0.9718355238791444,
        0.9718355238791444,
        0.9774639994130652,
        0.9774639994130652,
        0.9774639994130652,
        0.9774639994130652,
        0.9774639994130652,
        0.9819672218092267,
        0.9819672218092267,
        0.9819672218092267,
        0.9819672218092267,
        0.9819672218092267,
        0.9855697113323509,
        0.9855697113323509,
        0.9855697113323509,
        0.9855697113323509,
        0.9855697113323509
    ]
}