{
    "args": {
        "load_last_pretrained": false,
        "model": "lenet",
        "dataset": "mnist",
        "epochs": 100,
        "batch_size": 60,
        "initialization": "kaiming-normal",
        "learning_rate": 0.0012,
        "forget_model": false,
        "disable_cuda": false,
        "pruning_rate": 0.2,
        "pruning_interval": 5,
        "seed": 51
    },
    "test_acc": [
        96.98833333333333,
        97.80499999999999,
        98.57666666666667,
        98.93333333333332,
        99.08,
        96.57,
        97.76833333333333,
        98.74666666666667,
        98.88833333333334,
        99.33833333333332,
        97.09,
        98.31333333333333,
        98.825,
        99.07833333333333,
        99.40833333333333,
        97.38333333333333,
        98.555,
        98.89333333333333,
        99.09833333333333,
        99.42333333333333,
        97.73833333333334,
        98.46166666666667,
        99.19,
        99.29166666666667,
        99.58333333333333,
        97.78333333333333,
        98.95666666666668,
        99.26166666666667,
        99.52,
        99.56833333333334,
        97.31,
        98.91,
        99.31833333333333,
        99.58,
        99.74,
        97.95666666666666,
        99.01666666666667,
        99.30166666666666,
        99.63,
        99.72,
        97.58,
        98.94833333333334,
        99.21,
        99.48666666666666,
        99.63833333333334,
        97.31833333333333,
        98.63166666666666,
        99.295,
        99.535,
        99.62,
        97.09,
        98.605,
        99.14666666666668,
        99.35666666666667,
        99.43833333333333,
        96.51833333333333,
        98.26,
        98.88,
        99.21,
        99.405,
        95.84166666666667,
        97.76166666666667,
        98.52499999999999,
        98.985,
        99.05833333333334,
        95.36666666666666,
        97.435,
        98.14500000000001,
        98.53,
        98.8,
        94.645,
        96.75,
        97.65666666666667,
        98.12666666666667,
        98.465,
        92.13666666666667,
        96.14333333333333,
        97.15166666666667,
        97.67166666666667,
        97.96000000000001,
        91.53999999999999,
        95.24000000000001,
        96.36,
        96.99833333333333,
        97.34666666666666,
        87.66333333333334,
        94.20333333333333,
        95.70166666666667,
        96.45666666666666,
        96.86166666666666,
        80.32666666666667,
        93.15666666666667,
        94.88333333333333,
        95.75,
        96.19333333333333,
        54.245,
        69.96,
        72.22833333333334,
        72.35000000000001,
        72.41833333333332
    ],
    "test_loss": [
        0.21854190834797918,
        0.08773624782683327,
        0.05749883389449678,
        0.043769032064359635,
        0.03558081473968923,
        0.26884832365531475,
        0.0927163497642614,
        0.061667631204007194,
        0.04619557611446362,
        0.034056839335011316,
        0.2539027339350432,
        0.08465506884641945,
        0.05607047901628539,
        0.04185539857548429,
        0.029689322048798202,
        0.24705123309977353,
        0.07963599651982077,
        0.049509708259254694,
        0.03675258672155905,
        0.02734094301261939,
        0.24995086265262217,
        0.07004160138848238,
        0.04391898238682188,
        0.030005646300443913,
        0.023237512765219435,
        0.2535728738196194,
        0.0653597210040316,
        0.03851967982074712,
        0.027055736656358933,
        0.01877162504120497,
        0.2664350021928549,
        0.06006743801315315,
        0.035962805027258585,
        0.02276058631174965,
        0.016489275647705654,
        0.2847745714839548,
        0.05871578238811344,
        0.03411460103141144,
        0.02317900256004941,
        0.015882110869308234,
        0.31283312243130057,
        0.06330451524513774,
        0.036600186308613045,
        0.023962276650068816,
        0.017363815570875886,
        0.3696151235550642,
        0.07301679184939712,
        0.042304529850371184,
        0.029457766084058676,
        0.020577272625814658,
        0.43717750601284205,
        0.07955563710210845,
        0.0466252199113369,
        0.03204158131068107,
        0.023989243131538388,
        0.5231448972523213,
        0.09341750397905707,
        0.0564627267709584,
        0.04055458144983277,
        0.03100373832049081,
        0.63514463051036,
        0.10764253970980645,
        0.06658122117538005,
        0.04885711568244733,
        0.038818612284958365,
        0.7905433042235672,
        0.12533001717180015,
        0.08010958227654918,
        0.061310732799582185,
        0.04986932852398604,
        0.9687088583558798,
        0.14701589567027987,
        0.09740669722761959,
        0.07567394482763484,
        0.06282785501563921,
        1.2834458351135254,
        0.25895808857679364,
        0.1502741250321269,
        0.11107051765546203,
        0.08999317072331905,
        1.2756640476286412,
        0.29620081067830323,
        0.17971771159023048,
        0.13453378117829562,
        0.11112195816449821,
        1.521899719119072,
        0.37037824565172195,
        0.21286253685504197,
        0.15833803244307637,
        0.13087974783033132,
        1.7121720068454742,
        0.44450115303695203,
        0.24622120986133814,
        0.18223462147265673,
        0.1525528263002634,
        2.015395562529564,
        1.2171359887123108,
        0.9246119049191475,
        0.7597408028542996,
        0.650344481408596
    ],
    "train_acc": [
        96.24000000000001,
        96.7,
        97.46000000000001,
        97.61999999999999,
        97.81,
        96.33,
        96.99,
        97.69,
        97.83,
        98.02,
        96.59,
        97.52,
        97.7,
        97.57000000000001,
        98.19,
        96.85000000000001,
        97.5,
        97.65,
        97.86,
        98.08,
        97.03,
        97.47,
        97.92999999999999,
        97.85000000000001,
        98.25,
        97.17,
        97.97,
        98.04,
        98.04,
        98.21,
        97.0,
        97.98,
        97.98,
        98.15,
        98.29,
        97.23,
        97.85000000000001,
        98.02,
        98.11999999999999,
        98.1,
        96.92,
        97.8,
        97.95,
        98.15,
        97.89,
        96.88,
        97.65,
        98.11999999999999,
        98.1,
        97.94,
        96.67999999999999,
        97.7,
        97.86,
        98.00999999999999,
        97.88,
        96.22,
        97.55,
        97.71,
        97.88,
        98.0,
        95.46,
        97.05,
        97.42,
        97.68,
        97.67,
        94.84,
        96.61999999999999,
        97.08,
        97.46000000000001,
        97.36,
        94.3,
        95.88,
        96.74000000000001,
        96.95,
        97.14,
        92.29,
        95.58,
        96.15,
        96.52,
        96.71,
        91.78,
        94.94,
        95.78,
        96.23,
        96.54,
        87.36,
        93.82000000000001,
        95.08,
        95.67999999999999,
        95.94,
        80.23,
        92.93,
        94.47,
        95.13000000000001,
        95.55,
        54.800000000000004,
        70.36,
        71.85000000000001,
        71.85000000000001,
        71.99
    ],
    "train_loss": [
        0.11581566108914906,
        0.10181034206340235,
        0.07929045936123406,
        0.07859265322038558,
        0.07345671488653902,
        0.12052457409347603,
        0.09626511126912818,
        0.07725993387155726,
        0.07347009587450187,
        0.0667011661916514,
        0.10814569274264717,
        0.08019521937309625,
        0.07424050186827645,
        0.0736073948900232,
        0.06377309543034619,
        0.10261259151031514,
        0.07808234078620008,
        0.07145562662023627,
        0.06776654500441771,
        0.0651206251960192,
        0.092409081210544,
        0.0773886072527461,
        0.06379833989665136,
        0.06890208643866692,
        0.062399862954549176,
        0.08962753233304638,
        0.06561667041596539,
        0.0645611320641784,
        0.06493318053436449,
        0.06368416615498314,
        0.10170212956870388,
        0.06742752368232893,
        0.06696222582274301,
        0.06193448542436016,
        0.06236435800182918,
        0.09111189343102143,
        0.06571573220907215,
        0.06628315070432103,
        0.06286422635096092,
        0.061798275001193705,
        0.10203379961455654,
        0.07174718448011104,
        0.06716715115607677,
        0.06778861558508173,
        0.06932822101164615,
        0.1116880208008482,
        0.07736838726371438,
        0.0675401260747301,
        0.06510665036827147,
        0.06884458252928682,
        0.11923493888831424,
        0.07710060850901161,
        0.0701253216108586,
        0.06850327957703169,
        0.07177770020256187,
        0.13611659497959527,
        0.08737312401728538,
        0.07464969874231402,
        0.07031003336427723,
        0.0707721758876442,
        0.15516541262497446,
        0.09978270363397226,
        0.08389622347239784,
        0.07725030555345207,
        0.07686451781251116,
        0.17501020170525164,
        0.11384633695427886,
        0.09490371363036736,
        0.08723871706577832,
        0.08370836243356862,
        0.20206263710460262,
        0.1351332316052414,
        0.11099738349948457,
        0.10097759518727749,
        0.09446229505308061,
        0.3874833662352876,
        0.19953994640333209,
        0.14970943565943284,
        0.12704639220442956,
        0.11782335994129409,
        0.42641318040693593,
        0.23160105930295533,
        0.17191384538651228,
        0.14603513871838233,
        0.13118715329976852,
        0.5698018486271361,
        0.27123936328166975,
        0.19791602762694843,
        0.16506302391296018,
        0.14842266982008598,
        0.7244313195080101,
        0.3119173494284738,
        0.22457533062039736,
        0.18744709617095792,
        0.16841857320445028,
        1.4808195158393083,
        1.0290836152916183,
        0.8493622470044804,
        0.7139729072233874,
        0.645020895197006
    ],
    "sparsity": [
        0.0,
        0.0,
        0.0,
        0.0,
        0.0,
        0.2,
        0.2,
        0.2,
        0.2,
        0.2,
        0.3599977495217734,
        0.3599977495217734,
        0.3599977495217734,
        0.3599977495217734,
        0.3599977495217734,
        0.4879899478639211,
        0.4879899478639211,
        0.4879899478639211,
        0.4879899478639211,
        0.4879899478639211,
        0.5903829563782304,
        0.5903829563782304,
        0.5903829563782304,
        0.5903829563782304,
        0.5903829563782304,
        0.6722966130302689,
        0.6722966130302689,
        0.6722966130302689,
        0.6722966130302689,
        0.6722966130302689,
        0.7378267881924909,
        0.7378267881924909,
        0.7378267881924909,
        0.7378267881924909,
        0.7378267881924909,
        0.7902516784816773,
        0.7902516784816773,
        0.7902516784816773,
        0.7902516784816773,
        0.7902516784816773,
        0.8321893402347998,
        0.8321893402347998,
        0.8321893402347998,
        0.8321893402347998,
        0.8321893402347998,
        0.8657364689996624,
        0.8657364689996624,
        0.8657364689996624,
        0.8657364689996624,
        0.8657364689996624,
        0.8925809234462323,
        0.8925809234462323,
        0.8925809234462323,
        0.8925809234462323,
        0.8925809234462323,
        0.9140504857282172,
        0.9140504857282172,
        0.9140504857282172,
        0.9140504857282172,
        0.9140504857282172,
        0.9312291361914407,
        0.9312291361914407,
        0.9312291361914407,
        0.9312291361914407,
        0.9312291361914407,
        0.944968305764975,
        0.944968305764975,
        0.944968305764975,
        0.944968305764975,
        0.944968305764975,
        0.9559618919020292,
        0.9559618919020292,
        0.9559618919020292,
        0.9559618919020292,
        0.9559618919020292,
        0.9647612617681257,
        0.9647612617681257,
        0.9647612617681257,
        0.9647612617681257,
        0.9647612617681257,
        0.9717977570233675,
        0.9717977570233675,
        0.9717977570233675,
        0.9717977570233675,
        0.9717977570233675,
        0.9774314541840141,
        0.9774314541840141,
        0.9774314541840141,
        0.9774314541840141,
        0.9774314541840141,
        0.981928659840216,
        0.981928659840216,
        0.981928659840216,
        0.981928659840216,
        0.981928659840216,
        0.9855294250028132,
        0.9855294250028132,
        0.9855294250028132,
        0.9855294250028132,
        0.9855294250028132
    ]
}