{
    "args": {
        "load_last_pretrained": false,
        "model": "lenet",
        "dataset": "mnist",
        "epochs": 100,
        "batch_size": 60,
        "initialization": "kaiming-uniform",
        "learning_rate": 0.0012,
        "forget_model": false,
        "disable_cuda": false,
        "pruning_rate": 0.2,
        "pruning_interval": 5,
        "seed": 48
    },
    "test_acc": [
        96.42166666666667,
        98.395,
        98.68833333333333,
        98.68833333333333,
        98.99833333333333,
        97.165,
        98.42,
        98.70666666666666,
        98.48666666666666,
        99.31666666666666,
        97.15,
        98.28333333333333,
        98.98166666666667,
        99.115,
        99.34166666666667,
        97.40833333333333,
        98.43499999999999,
        99.17,
        99.34166666666667,
        99.36166666666666,
        97.58666666666667,
        98.63666666666666,
        99.325,
        99.37666666666667,
        99.53,
        97.80333333333333,
        98.88666666666667,
        99.11833333333333,
        99.49166666666667,
        99.58833333333334,
        98.02,
        98.93333333333332,
        99.20166666666667,
        99.46333333333334,
        99.62833333333333,
        97.91166666666666,
        98.935,
        99.39833333333333,
        99.65166666666667,
        99.75,
        97.74333333333334,
        99.035,
        99.28166666666667,
        99.58333333333333,
        99.63499999999999,
        97.465,
        98.68166666666667,
        99.18166666666667,
        99.495,
        99.63833333333334,
        96.76166666666667,
        98.50166666666667,
        99.09666666666666,
        99.33999999999999,
        99.51666666666667,
        96.475,
        98.21166666666666,
        98.74333333333334,
        99.18,
        99.31666666666666,
        95.94,
        97.82333333333332,
        98.37166666666667,
        98.80166666666666,
        99.05166666666668,
        95.27,
        97.40166666666667,
        98.095,
        98.475,
        98.77666666666667,
        94.70833333333334,
        97.02499999999999,
        97.92333333333333,
        98.32499999999999,
        98.5,
        92.96333333333334,
        96.295,
        97.26166666666667,
        97.67166666666667,
        98.02833333333332,
        77.53,
        83.50999999999999,
        85.00666666666666,
        85.78333333333333,
        86.29333333333334,
        74.23833333333333,
        82.85833333333333,
        84.46166666666667,
        85.165,
        85.63333333333333,
        69.51166666666667,
        80.89666666666666,
        83.32166666666667,
        84.18833333333333,
        84.76666666666667,
        54.775,
        79.88,
        82.36666666666666,
        83.47666666666666,
        83.88333333333333
    ],
    "test_loss": [
        0.2139352738726884,
        0.08691253984160721,
        0.05870683911186643,
        0.04285997847508406,
        0.036670018239092314,
        0.26743195234797895,
        0.09142304600402713,
        0.06018429300282151,
        0.044071058124769476,
        0.03303206151531776,
        0.2525538233872503,
        0.08321767849149182,
        0.05556729483581148,
        0.03820746902533574,
        0.02964322290348355,
        0.2495336518380791,
        0.07817690799850971,
        0.04970621522818692,
        0.03477041005785577,
        0.025832392834941858,
        0.246397180268541,
        0.06994786113814916,
        0.04339511641045101,
        0.030363657773879824,
        0.023032090856519062,
        0.2552664197655395,
        0.06515814444050193,
        0.039133000233210626,
        0.027978048559103626,
        0.01963029653081321,
        0.2600132042672485,
        0.05903295625676401,
        0.03423467715340667,
        0.023434414630231912,
        0.016238001147095928,
        0.2834950498659164,
        0.05976560552930459,
        0.0349461196315242,
        0.02266208559164079,
        0.015541820699756499,
        0.30765273491293194,
        0.06142553024785593,
        0.03571659585798625,
        0.02388260785205057,
        0.016791644588462076,
        0.35115577062219383,
        0.07163391953893006,
        0.042522842564154416,
        0.02926429246610496,
        0.021399693160667085,
        0.43024396429024636,
        0.08094786568917334,
        0.04873322227527387,
        0.03478692494833376,
        0.02560232082015136,
        0.5179506960511208,
        0.09249087749514728,
        0.057553816768573594,
        0.041576408934080974,
        0.03232527212321293,
        0.643639222446829,
        0.1100524007473141,
        0.0708177443696186,
        0.05361155619099736,
        0.0428546657031402,
        0.7936966373026371,
        0.12292694518715143,
        0.0803869780646637,
        0.06324400060204789,
        0.05297498493967578,
        0.9508683553114533,
        0.14145185499824584,
        0.09167115113604814,
        0.07105315776402131,
        0.05959893332794309,
        1.1930446806401014,
        0.24427236648648978,
        0.14774855095893144,
        0.11023687654919923,
        0.08988407049514353,
        1.6790289640426637,
        0.7070163770616055,
        0.44058074614405635,
        0.3420050278156996,
        0.3061171040683985,
        1.7830574578046798,
        0.8333199976980686,
        0.5098265372812748,
        0.40894381888210773,
        0.357096465870738,
        1.9217065510749818,
        0.9699915264248848,
        0.5929564397633076,
        0.47037327916920185,
        0.40112100836634634,
        2.041888486146927,
        1.0534009127616881,
        0.6264510856866836,
        0.504555360853672,
        0.4360347911268473
    ],
    "train_acc": [
        95.71,
        97.46000000000001,
        97.66,
        97.5,
        97.94,
        96.72,
        97.39999999999999,
        97.78,
        97.25,
        97.91,
        96.58,
        97.44,
        97.97,
        97.83,
        97.86,
        97.07000000000001,
        97.55,
        97.96000000000001,
        98.04,
        97.81,
        96.97,
        97.85000000000001,
        98.1,
        98.02,
        97.99,
        97.38,
        97.86,
        98.18,
        98.27,
        98.09,
        97.34,
        97.94,
        97.94,
        97.94,
        98.03,
        97.25,
        97.92,
        98.03,
        98.28,
        98.24000000000001,
        97.31,
        97.84,
        98.19,
        98.27,
        98.11,
        97.05,
        97.83,
        98.11,
        98.19,
        98.21,
        96.37,
        97.66,
        98.02,
        98.0,
        98.14,
        96.33,
        97.47,
        97.71,
        97.77,
        97.89999999999999,
        95.65,
        97.28999999999999,
        97.53,
        97.72999999999999,
        97.85000000000001,
        95.19,
        96.95,
        97.39,
        97.55,
        97.78,
        94.47,
        96.47,
        97.15,
        97.41,
        97.46000000000001,
        93.14,
        95.86,
        96.67999999999999,
        96.97,
        97.11,
        77.98,
        83.21,
        84.66,
        85.41,
        85.84,
        74.09,
        82.78,
        83.99,
        84.61999999999999,
        85.11,
        69.36,
        80.94,
        83.08,
        83.83,
        84.48,
        54.74,
        80.36,
        82.39,
        83.27,
        83.64
    ],
    "train_loss": [
        0.1308284034606761,
        0.0839274961537609,
        0.07806798275894747,
        0.08422757703030181,
        0.07443132501619751,
        0.10346984693189402,
        0.08130947675020574,
        0.07512227122387487,
        0.08405849154101695,
        0.06647573396302815,
        0.11243945114247635,
        0.08546152193110414,
        0.07039854961341459,
        0.06919910751623352,
        0.07403113641099959,
        0.09910198980328923,
        0.08129315228273946,
        0.06284319204668665,
        0.06412543191345865,
        0.07427172541888821,
        0.09610451580008525,
        0.0713638655038294,
        0.06102425935134448,
        0.06697055140268308,
        0.06576261133398906,
        0.08859009998376498,
        0.069468237205916,
        0.058579930401278915,
        0.05711777772354297,
        0.06466642800651624,
        0.08645331938221247,
        0.06670744057108988,
        0.06567550838149772,
        0.06154001679084637,
        0.06299772868100219,
        0.08987989416624793,
        0.06498792683454732,
        0.06044453802563161,
        0.058272729958212394,
        0.0630489995781176,
        0.09058025823404153,
        0.06429764764483817,
        0.061470909775576336,
        0.059725018142176026,
        0.06174554581430456,
        0.10431199725494235,
        0.07210401346918173,
        0.06598588581960983,
        0.062219033180875426,
        0.06158910142703952,
        0.12313333878706316,
        0.07621075534178111,
        0.0646426451537468,
        0.060613100893773184,
        0.06026988041630394,
        0.13061135721777728,
        0.08727790010970331,
        0.07443972001086452,
        0.07230627655280297,
        0.07101764016740113,
        0.15019408653596203,
        0.09690463977369541,
        0.08432017242212496,
        0.07870078099261367,
        0.07414614324720052,
        0.16850533764697834,
        0.10779047706080767,
        0.09227727381456755,
        0.0846030762486026,
        0.08209323577170154,
        0.19357420650204857,
        0.12184274210009033,
        0.09884706215408748,
        0.09068789306894212,
        0.08954364273273302,
        0.35301038319479205,
        0.18963104120628563,
        0.14260771667618238,
        0.1203475550129385,
        0.11001375033157672,
        1.024282341945671,
        0.5352166991033954,
        0.3863148446568472,
        0.3361525869298124,
        0.3162610748570836,
        1.1937413658210618,
        0.5986849239129506,
        0.4634379205589523,
        0.390542640122111,
        0.35947844975008936,
        1.3610251349603344,
        0.7014313486521829,
        0.5288121247006033,
        0.44721802069755373,
        0.3976821016051812,
        1.4920591465727298,
        0.7379606541045411,
        0.5564944376488645,
        0.4743400364221927,
        0.4302488425356185
    ],
    "sparsity": [
        0.0,
        0.0,
        0.0,
        0.0,
        0.0,
        0.2,
        0.2,
        0.2,
        0.2,
        0.2,
        0.3599977495217734,
        0.3599977495217734,
        0.3599977495217734,
        0.3599977495217734,
        0.3599977495217734,
        0.4879899478639211,
        0.4879899478639211,
        0.4879899478639211,
        0.4879899478639211,
        0.4879899478639211,
        0.5903829563782304,
        0.5903829563782304,
        0.5903829563782304,
        0.5903829563782304,
        0.5903829563782304,
        0.6722966130302689,
        0.6722966130302689,
        0.6722966130302689,
        0.6722966130302689,
        0.6722966130302689,
        0.7378267881924909,
        0.7378267881924909,
        0.7378267881924909,
        0.7378267881924909,
        0.7378267881924909,
        0.7902516784816773,
        0.7902516784816773,
        0.7902516784816773,
        0.7902516784816773,
        0.7902516784816773,
        0.8321893402347998,
        0.8321893402347998,
        0.8321893402347998,
        0.8321893402347998,
        0.8321893402347998,
        0.8657364689996624,
        0.8657364689996624,
        0.8657364689996624,
        0.8657364689996624,
        0.8657364689996624,
        0.8925809234462323,
        0.8925809234462323,
        0.8925809234462323,
        0.8925809234462323,
        0.8925809234462323,
        0.9140504857282172,
        0.9140504857282172,
        0.9140504857282172,
        0.9140504857282172,
        0.9140504857282172,
        0.9312291361914407,
        0.9312291361914407,
        0.9312291361914407,
        0.9312291361914407,
        0.9312291361914407,
        0.944968305764975,
        0.944968305764975,
        0.944968305764975,
        0.944968305764975,
        0.944968305764975,
        0.9559618919020292,
        0.9559618919020292,
        0.9559618919020292,
        0.9559618919020292,
        0.9559618919020292,
        0.9647612617681257,
        0.9647612617681257,
        0.9647612617681257,
        0.9647612617681257,
        0.9647612617681257,
        0.9717977570233675,
        0.9717977570233675,
        0.9717977570233675,
        0.9717977570233675,
        0.9717977570233675,
        0.9774314541840141,
        0.9774314541840141,
        0.9774314541840141,
        0.9774314541840141,
        0.9774314541840141,
        0.981928659840216,
        0.981928659840216,
        0.981928659840216,
        0.981928659840216,
        0.981928659840216,
        0.9855294250028132,
        0.9855294250028132,
        0.9855294250028132,
        0.9855294250028132,
        0.9855294250028132
    ]
}