{
    "args": {
        "load_last_pretrained": false,
        "model": "lenet",
        "dataset": "mnist",
        "epochs": 100,
        "batch_size": 60,
        "initialization": "normal",
        "learning_rate": 0.0012,
        "forget_model": false,
        "disable_cuda": false,
        "pruning_rate": 0.2,
        "pruning_interval": 5,
        "seed": 52
    },
    "test_acc": [
        88.74833333333333,
        92.34666666666666,
        94.19333333333333,
        95.015,
        96.30499999999999,
        89.98,
        92.17333333333333,
        94.145,
        95.71,
        97.005,
        94.83833333333334,
        96.88833333333334,
        97.69,
        98.62666666666667,
        98.84666666666668,
        97.03,
        98.30166666666666,
        98.75833333333334,
        98.85833333333333,
        99.09833333333333,
        97.28666666666666,
        98.47833333333334,
        98.81166666666667,
        99.35000000000001,
        99.31,
        97.425,
        98.6,
        99.08333333333333,
        99.36166666666666,
        99.43166666666666,
        97.73666666666668,
        98.89833333333333,
        99.18666666666667,
        99.47833333333334,
        99.7,
        97.83,
        98.83166666666666,
        99.31166666666667,
        99.54499999999999,
        99.495,
        97.605,
        98.81,
        99.36166666666666,
        99.63499999999999,
        99.69666666666667,
        97.49833333333333,
        98.795,
        99.23833333333333,
        99.53999999999999,
        99.70666666666666,
        97.09666666666666,
        98.505,
        98.99333333333334,
        99.29333333333334,
        99.58166666666666,
        96.75166666666667,
        98.33333333333333,
        98.80666666666667,
        99.225,
        99.43833333333333,
        96.13333333333334,
        97.92833333333333,
        98.71333333333332,
        99.01166666666667,
        99.28833333333333,
        95.265,
        97.16333333333334,
        97.98833333333333,
        98.345,
        98.64500000000001,
        94.51166666666667,
        96.88,
        97.76166666666667,
        98.13499999999999,
        98.45166666666667,
        93.72666666666667,
        96.38166666666666,
        97.375,
        97.81,
        98.10666666666667,
        92.78166666666667,
        96.015,
        97.02833333333334,
        97.545,
        97.82833333333333,
        91.49333333333334,
        95.54333333333334,
        96.49,
        97.03500000000001,
        97.28,
        72.685,
        89.515,
        92.715,
        93.74333333333334,
        94.21833333333333,
        48.455,
        61.06166666666667,
        63.57166666666667,
        63.93333333333333,
        64.12666666666667
    ],
    "test_loss": [
        81.50952160263061,
        19.954033721968532,
        11.748663809604944,
        7.671413028535206,
        5.263408708214149,
        1.006662475824356,
        0.3077763439491391,
        0.2402632467970252,
        0.18254767018184065,
        0.13623564217425882,
        0.4231737918667495,
        0.14219005094654857,
        0.09555530038941652,
        0.0707201296496205,
        0.05241583472117781,
        0.2752564204670489,
        0.09108226764085703,
        0.06002385355602018,
        0.04345473607658641,
        0.03324398286390351,
        0.25360506390966475,
        0.07968265190953389,
        0.05013548654550686,
        0.037444364680617584,
        0.02664780960517237,
        0.25088829082250597,
        0.06894627652247437,
        0.04278367191401776,
        0.030403682968521025,
        0.02219045948603889,
        0.26436306224111467,
        0.06587075296742842,
        0.03979760043951683,
        0.027937114240252414,
        0.020837006798246877,
        0.28103819061629476,
        0.06319922800781205,
        0.03668178973218892,
        0.02636541571095586,
        0.018317155127442676,
        0.30251900598127396,
        0.0641564793009311,
        0.037867078452836725,
        0.025722023229754996,
        0.018536152139451586,
        0.3457616337267682,
        0.06716727690584957,
        0.04000764586101286,
        0.02757352154268301,
        0.020548823643417563,
        0.414185964114964,
        0.0776271601896733,
        0.047107306617079306,
        0.03302634181047324,
        0.024495505248429254,
        0.4913936361838132,
        0.08798739110957832,
        0.054049765604548154,
        0.03860040364228189,
        0.029747867015190423,
        0.60075450931862,
        0.10079796548187733,
        0.06301799045549705,
        0.045523519079666584,
        0.03581239846884273,
        0.8628232473656535,
        0.13652452600561082,
        0.08852043062355369,
        0.06707996064890176,
        0.054231201531365514,
        0.9749847305193543,
        0.14916393412835896,
        0.09777409079112112,
        0.07555201296973973,
        0.06296724756155163,
        1.1957672793269158,
        0.18165077643468977,
        0.11158835247531533,
        0.08728834710177034,
        0.07427756283478812,
        1.3306467744410038,
        0.20463739493116737,
        0.12318673699814826,
        0.09655064005497843,
        0.08277818453172221,
        1.493544026851654,
        0.23268405080214144,
        0.1402118174545467,
        0.1121444540489465,
        0.0970930277183652,
        1.7731795264482497,
        0.6876142595112323,
        0.48012787729501727,
        0.3849444342404604,
        0.3218668728321791,
        2.0628271631002426,
        1.3730991736650466,
        1.1441647099256516,
        1.0169377080202102,
        0.9257027001976967
    ],
    "train_acc": [
        88.42999999999999,
        91.29,
        92.35,
        92.91,
        93.62,
        90.41,
        92.14,
        94.14,
        95.11,
        96.55,
        94.83,
        96.33,
        96.65,
        97.63,
        97.84,
        96.26,
        97.5,
        97.45,
        97.36,
        97.54,
        96.78,
        97.58,
        97.68,
        98.07000000000001,
        97.81,
        96.78,
        97.58,
        97.72,
        97.87,
        97.81,
        97.03,
        97.76,
        97.89999999999999,
        97.85000000000001,
        98.11,
        97.1,
        97.74000000000001,
        98.0,
        98.07000000000001,
        98.0,
        96.99,
        97.92999999999999,
        97.8,
        98.18,
        98.03,
        96.86,
        97.86,
        98.03,
        98.05,
        98.0,
        96.53,
        97.6,
        97.92999999999999,
        98.0,
        98.09,
        96.24000000000001,
        97.42,
        97.75,
        97.84,
        98.00999999999999,
        96.13000000000001,
        97.28,
        97.78,
        97.89,
        98.0,
        95.14,
        96.56,
        97.23,
        97.50999999999999,
        97.54,
        94.54,
        96.41,
        97.03,
        97.32,
        97.47,
        93.94,
        96.04,
        96.65,
        96.96000000000001,
        97.18,
        92.96,
        95.71,
        96.3,
        96.7,
        96.89,
        91.97,
        95.15,
        95.97,
        96.5,
        96.5,
        73.37,
        89.9,
        92.58999999999999,
        93.73,
        94.08,
        48.24,
        60.74,
        63.01,
        63.28,
        63.5
    ],
    "train_loss": [
        27.165981276306564,
        16.601306873167346,
        12.324142946527077,
        11.011718803358649,
        9.058525594408641,
        0.3378546768855192,
        0.2700263903348032,
        0.2018874307458629,
        0.16298782100488327,
        0.11932066861473158,
        0.17976419507207986,
        0.1208830127592929,
        0.10594248798993712,
        0.07669749346834992,
        0.07552992685664513,
        0.11688504146110869,
        0.08187823586059946,
        0.07700542332381456,
        0.08188392738895324,
        0.08017497942476215,
        0.10187228853831035,
        0.08053243101133915,
        0.07447876048157226,
        0.06354986549171056,
        0.07412151383824402,
        0.10290932151193391,
        0.07825685866054392,
        0.06818166547761617,
        0.06886579833986115,
        0.07433457174345372,
        0.09863992313112685,
        0.07104264356998984,
        0.06768427558123374,
        0.06955537789300485,
        0.06779923034179398,
        0.09508096460186079,
        0.07334023807755487,
        0.06603735984612569,
        0.06053553232686137,
        0.07207758772684662,
        0.09635215530919279,
        0.06829586958033061,
        0.06615143656468543,
        0.06098157180888679,
        0.06829851143923728,
        0.10481427143701537,
        0.07210973918181426,
        0.06308375375936488,
        0.06483864003491259,
        0.06766534219238025,
        0.11618317285006097,
        0.07741561806955916,
        0.06917862944907235,
        0.06570214586901273,
        0.06442995814252421,
        0.12473576363109186,
        0.08199749016453942,
        0.07525041092097938,
        0.06756858693569631,
        0.06708723973151029,
        0.14058484111405062,
        0.09283164375556444,
        0.07423276941621018,
        0.07186076328615675,
        0.06857527463563054,
        0.19194586102120176,
        0.11662683832252811,
        0.09671682368651657,
        0.08694398781273537,
        0.08600757730020556,
        0.2024055383653341,
        0.12573947188650778,
        0.10453518625058814,
        0.09367561474732475,
        0.08933737955730922,
        0.28262083089637186,
        0.14177662285859,
        0.11811543049703459,
        0.10546561474437842,
        0.09945087325564045,
        0.31916902049215967,
        0.15580872412837907,
        0.1257389232203989,
        0.11177921434585562,
        0.10670372946912836,
        0.3767227750873851,
        0.17181684969071143,
        0.13959181651160746,
        0.1255780041195497,
        0.12033398613935994,
        0.9052935474647019,
        0.5466576968124527,
        0.4375117159710673,
        0.3654576381166538,
        0.3177382308922842,
        1.5913401627968886,
        1.2362197380579873,
        1.0809741444930345,
        0.9833707202694373,
        0.9088197396900839
    ],
    "sparsity": [
        0.0,
        0.0,
        0.0,
        0.0,
        0.0,
        0.2,
        0.2,
        0.2,
        0.2,
        0.2,
        0.3599977495217734,
        0.3599977495217734,
        0.3599977495217734,
        0.3599977495217734,
        0.3599977495217734,
        0.4879899478639211,
        0.4879899478639211,
        0.4879899478639211,
        0.4879899478639211,
        0.4879899478639211,
        0.5903829563782304,
        0.5903829563782304,
        0.5903829563782304,
        0.5903829563782304,
        0.5903829563782304,
        0.6722966130302689,
        0.6722966130302689,
        0.6722966130302689,
        0.6722966130302689,
        0.6722966130302689,
        0.7378267881924909,
        0.7378267881924909,
        0.7378267881924909,
        0.7378267881924909,
        0.7378267881924909,
        0.7902516784816773,
        0.7902516784816773,
        0.7902516784816773,
        0.7902516784816773,
        0.7902516784816773,
        0.8321893402347998,
        0.8321893402347998,
        0.8321893402347998,
        0.8321893402347998,
        0.8321893402347998,
        0.8657364689996624,
        0.8657364689996624,
        0.8657364689996624,
        0.8657364689996624,
        0.8657364689996624,
        0.8925809234462323,
        0.8925809234462323,
        0.8925809234462323,
        0.8925809234462323,
        0.8925809234462323,
        0.9140504857282172,
        0.9140504857282172,
        0.9140504857282172,
        0.9140504857282172,
        0.9140504857282172,
        0.9312291361914407,
        0.9312291361914407,
        0.9312291361914407,
        0.9312291361914407,
        0.9312291361914407,
        0.944968305764975,
        0.944968305764975,
        0.944968305764975,
        0.944968305764975,
        0.944968305764975,
        0.9559618919020292,
        0.9559618919020292,
        0.9559618919020292,
        0.9559618919020292,
        0.9559618919020292,
        0.9647612617681257,
        0.9647612617681257,
        0.9647612617681257,
        0.9647612617681257,
        0.9647612617681257,
        0.9717977570233675,
        0.9717977570233675,
        0.9717977570233675,
        0.9717977570233675,
        0.9717977570233675,
        0.9774314541840141,
        0.9774314541840141,
        0.9774314541840141,
        0.9774314541840141,
        0.9774314541840141,
        0.981928659840216,
        0.981928659840216,
        0.981928659840216,
        0.981928659840216,
        0.981928659840216,
        0.9855294250028132,
        0.9855294250028132,
        0.9855294250028132,
        0.9855294250028132,
        0.9855294250028132
    ]
}