{
    "args": {
        "load_last_pretrained": false,
        "model": "lenet",
        "dataset": "mnist",
        "epochs": 100,
        "batch_size": 60,
        "initialization": "uniform",
        "learning_rate": 0.0012,
        "forget_model": false,
        "disable_cuda": false,
        "pruning_rate": 0.2,
        "pruning_interval": 5,
        "seed": 42
    },
    "test_acc": [
        73.93333333333332,
        78.09833333333333,
        88.98666666666666,
        85.84,
        85.11,
        72.75,
        84.355,
        88.1,
        90.10166666666667,
        91.41833333333334,
        90.745,
        92.455,
        93.83500000000001,
        95.07833333333333,
        96.03333333333333,
        94.67,
        96.085,
        97.15333333333334,
        97.75166666666667,
        98.23833333333334,
        96.10499999999999,
        97.47333333333333,
        98.10166666666666,
        98.58833333333334,
        98.73833333333333,
        96.91,
        98.17666666666666,
        98.83666666666666,
        99.14,
        99.05333333333334,
        97.47833333333334,
        98.58,
        99.09,
        99.35833333333333,
        99.53,
        97.24333333333334,
        98.63,
        98.75666666666667,
        99.245,
        99.49833333333333,
        97.33833333333334,
        98.505,
        99.19666666666667,
        99.405,
        99.53,
        97.235,
        98.315,
        99.05833333333334,
        99.32333333333332,
        99.54499999999999,
        96.92666666666668,
        98.45333333333333,
        98.97666666666667,
        99.27666666666667,
        99.47500000000001,
        96.50666666666666,
        98.14666666666668,
        98.72666666666666,
        99.05000000000001,
        99.285,
        96.01833333333335,
        97.75666666666667,
        98.43499999999999,
        98.81833333333333,
        99.08666666666667,
        95.36666666666666,
        97.495,
        98.19166666666666,
        98.54,
        98.85000000000001,
        94.77833333333334,
        96.93833333333333,
        97.79666666666667,
        98.12666666666667,
        98.50333333333333,
        93.81,
        96.44166666666666,
        97.36,
        97.87333333333333,
        98.13166666666666,
        91.35,
        95.61833333333334,
        96.67166666666667,
        97.17666666666666,
        97.44500000000001,
        89.87166666666667,
        94.53833333333334,
        95.93666666666667,
        96.59833333333333,
        96.90166666666667,
        66.35,
        88.21833333333333,
        92.61,
        93.66333333333333,
        94.44166666666666,
        50.31833333333333,
        70.17166666666667,
        73.89166666666667,
        75.14166666666667,
        75.55333333333333
    ],
    "test_loss": [
        502.7310255420208,
        32.826164063453675,
        34.83595261722803,
        32.60258426487446,
        34.70055329561234,
        2.0735992459058763,
        1.2404781967401504,
        0.6272495207488537,
        0.42113078348338606,
        0.3361483693420887,
        0.7117141654938459,
        0.3032740104272962,
        0.24760164639353752,
        0.20270900932699443,
        0.16304649714380504,
        0.3487151026017964,
        0.16616841097921134,
        0.12027951701916755,
        0.09054074803227559,
        0.07125411956384778,
        0.2821956616137177,
        0.11359532291349024,
        0.07705214420612902,
        0.05804330915212631,
        0.044752719399984923,
        0.26725558896176516,
        0.08691005408298225,
        0.05859540402167477,
        0.04363588797557168,
        0.0336193715237896,
        0.27766348726674916,
        0.07579561957949772,
        0.04872641141840722,
        0.03526794187142514,
        0.028327021228149535,
        0.30018697994202376,
        0.07364586874679663,
        0.04595316365128383,
        0.0328075466316659,
        0.024908803903264925,
        0.331142625075765,
        0.07330060817999766,
        0.04432472608285025,
        0.03157043064094614,
        0.024127080528181976,
        0.37448541569523514,
        0.07771000611456111,
        0.048306667159777134,
        0.03420903989113867,
        0.02553917108650785,
        0.436141790708527,
        0.08401889856811613,
        0.05160488575650379,
        0.03756796216184739,
        0.028438366884132846,
        0.5185960129629821,
        0.09457389212865383,
        0.059820460301591084,
        0.04375593664136249,
        0.033661243497102984,
        0.6337848134189844,
        0.10913625745195896,
        0.0701810465194285,
        0.052782127487938854,
        0.04237917103338987,
        0.8084196936041117,
        0.12115627619437873,
        0.07818483864143491,
        0.05974965996062383,
        0.04941606437903829,
        0.9300626350194215,
        0.14066049042530357,
        0.09297137952130288,
        0.07198606392694637,
        0.06114779949514195,
        1.1815177768319844,
        0.166090823745355,
        0.11082566708792001,
        0.08675431025028228,
        0.07434161981800572,
        1.4421444352865218,
        0.2426202049292624,
        0.13717106408253313,
        0.10922999587282538,
        0.09448701179306954,
        1.672754010617733,
        0.34371148665249346,
        0.1832088570408523,
        0.1380145755149424,
        0.11738099937234074,
        1.8988358070254325,
        0.7242624003589153,
        0.45364773020148275,
        0.3371942015141249,
        0.2709993207603693,
        2.0339804207086565,
        1.1472179094552994,
        0.8988174637556076,
        0.7208002469837665,
        0.6072166976332665
    ],
    "train_acc": [
        74.56,
        78.61,
        89.33,
        86.7,
        85.32,
        73.7,
        85.26,
        88.92999999999999,
        90.53,
        91.66,
        90.95,
        92.5,
        93.65,
        94.65,
        95.54,
        94.61,
        95.65,
        96.67,
        96.95,
        97.48,
        95.69,
        96.87,
        97.3,
        97.45,
        97.53,
        96.37,
        97.39999999999999,
        97.61999999999999,
        97.71,
        97.72,
        96.83,
        97.57000000000001,
        97.84,
        97.8,
        98.03,
        96.69,
        97.64,
        97.52,
        97.84,
        97.92,
        96.84,
        97.55,
        97.99,
        97.98,
        97.92,
        96.78,
        97.42,
        97.85000000000001,
        97.75,
        98.04,
        96.63000000000001,
        97.58,
        97.74000000000001,
        97.91,
        98.02,
        96.26,
        97.3,
        97.64,
        97.7,
        97.91,
        95.67,
        97.02,
        97.46000000000001,
        97.46000000000001,
        97.66,
        95.22,
        96.75,
        97.11,
        97.39,
        97.55,
        94.67,
        96.41,
        96.98,
        97.24000000000001,
        97.48,
        93.95,
        96.03,
        96.52,
        96.83,
        96.92,
        91.86999999999999,
        95.17,
        95.81,
        96.32,
        96.52,
        90.39,
        94.58,
        95.6,
        96.00999999999999,
        96.24000000000001,
        67.0,
        88.41,
        92.56,
        93.38,
        94.05,
        50.339999999999996,
        70.45,
        73.83999999999999,
        74.85000000000001,
        74.83999999999999
    ],
    "train_loss": [
        41.94684679065636,
        37.924399695710505,
        15.241273738833529,
        22.478181504382345,
        28.136387450966293,
        1.7067520368598892,
        0.8093391432019765,
        0.4703989400121266,
        0.35263091138380015,
        0.2961257812594939,
        0.3322490106621188,
        0.2620984305610914,
        0.21686813451662035,
        0.17904184787662444,
        0.15033993411608443,
        0.19006582891602003,
        0.14432524982282144,
        0.11393490657879564,
        0.10132866276952321,
        0.08456709145005056,
        0.14040114535409176,
        0.10019853022395672,
        0.09008976393295619,
        0.08415225059251318,
        0.07740343481017846,
        0.11593324159589892,
        0.08285912248434242,
        0.0717190165340365,
        0.07162184490749758,
        0.07403948594565771,
        0.10616851961630547,
        0.07558351366719354,
        0.07168629550525618,
        0.06790850069067123,
        0.06379314008988664,
        0.10831572216361048,
        0.07422489848010197,
        0.07688347394940649,
        0.06799214055084116,
        0.06759969154087002,
        0.10929595254093943,
        0.07751963742099657,
        0.06553484233860261,
        0.06566393624957718,
        0.0704837347859026,
        0.11226863279091027,
        0.0851326029452155,
        0.06841991296383793,
        0.07019743159647562,
        0.06470467259620824,
        0.11907245041412151,
        0.080867912135126,
        0.07377070996737453,
        0.06972919230580799,
        0.0684735081297998,
        0.13356545008718967,
        0.09299914059814757,
        0.0813422038939274,
        0.07587925632049268,
        0.07322759141247652,
        0.1525529789665859,
        0.10214326858052059,
        0.08706394951333275,
        0.08378715616299542,
        0.08061712302273129,
        0.17007285472518668,
        0.11293588696928795,
        0.09505069703644442,
        0.08859256047735961,
        0.08474603920483482,
        0.19073685796228712,
        0.12566557237711137,
        0.10557183977439553,
        0.09708226995520339,
        0.09164175448916898,
        0.22580375821290616,
        0.14188246662076004,
        0.11792620954600101,
        0.1091226396000314,
        0.10600091726658586,
        0.4114893096649718,
        0.17266680460847067,
        0.1420348929129764,
        0.1297376628150929,
        0.12498996912050032,
        0.5824257854573027,
        0.2293021885934704,
        0.16547744529332944,
        0.14531014052158345,
        0.13624890718586788,
        1.0282618132180084,
        0.5365846919085451,
        0.3906624293969777,
        0.3084163752323139,
        0.2671703412504253,
        1.4428674403778807,
        0.9883626089124622,
        0.8266041782087908,
        0.6606642022104321,
        0.5844329402832213
    ],
    "sparsity": [
        0.0,
        0.0,
        0.0,
        0.0,
        0.0,
        0.2,
        0.2,
        0.2,
        0.2,
        0.2,
        0.3599977495217734,
        0.3599977495217734,
        0.3599977495217734,
        0.3599977495217734,
        0.3599977495217734,
        0.4879899478639211,
        0.4879899478639211,
        0.4879899478639211,
        0.4879899478639211,
        0.4879899478639211,
        0.5903829563782304,
        0.5903829563782304,
        0.5903829563782304,
        0.5903829563782304,
        0.5903829563782304,
        0.6722966130302689,
        0.6722966130302689,
        0.6722966130302689,
        0.6722966130302689,
        0.6722966130302689,
        0.7378267881924909,
        0.7378267881924909,
        0.7378267881924909,
        0.7378267881924909,
        0.7378267881924909,
        0.7902516784816773,
        0.7902516784816773,
        0.7902516784816773,
        0.7902516784816773,
        0.7902516784816773,
        0.8321893402347998,
        0.8321893402347998,
        0.8321893402347998,
        0.8321893402347998,
        0.8321893402347998,
        0.8657364689996624,
        0.8657364689996624,
        0.8657364689996624,
        0.8657364689996624,
        0.8657364689996624,
        0.8925809234462323,
        0.8925809234462323,
        0.8925809234462323,
        0.8925809234462323,
        0.8925809234462323,
        0.9140504857282172,
        0.9140504857282172,
        0.9140504857282172,
        0.9140504857282172,
        0.9140504857282172,
        0.9312291361914407,
        0.9312291361914407,
        0.9312291361914407,
        0.9312291361914407,
        0.9312291361914407,
        0.944968305764975,
        0.944968305764975,
        0.944968305764975,
        0.944968305764975,
        0.944968305764975,
        0.9559618919020292,
        0.9559618919020292,
        0.9559618919020292,
        0.9559618919020292,
        0.9559618919020292,
        0.9647612617681257,
        0.9647612617681257,
        0.9647612617681257,
        0.9647612617681257,
        0.9647612617681257,
        0.9717977570233675,
        0.9717977570233675,
        0.9717977570233675,
        0.9717977570233675,
        0.9717977570233675,
        0.9774314541840141,
        0.9774314541840141,
        0.9774314541840141,
        0.9774314541840141,
        0.9774314541840141,
        0.981928659840216,
        0.981928659840216,
        0.981928659840216,
        0.981928659840216,
        0.981928659840216,
        0.9855294250028132,
        0.9855294250028132,
        0.9855294250028132,
        0.9855294250028132,
        0.9855294250028132
    ]
}