{
    "args": {
        "load_last_pretrained": false,
        "model": "lenet",
        "dataset": "mnist",
        "epochs": 100,
        "batch_size": 60,
        "initialization": "kaiming-normal",
        "learning_rate": 0.0012,
        "forget_model": false,
        "disable_cuda": false,
        "pruning_rate": 0.2,
        "pruning_interval": 5,
        "seed": 42
    },
    "test_acc": [
        96.76666666666667,
        98.2,
        98.335,
        98.63666666666666,
        99.11999999999999,
        96.83,
        97.495,
        98.42833333333333,
        98.89,
        98.91666666666666,
        97.24833333333333,
        98.39166666666667,
        98.97666666666667,
        99.08166666666666,
        99.22333333333333,
        97.59166666666667,
        98.54333333333334,
        99.01833333333333,
        99.195,
        99.46000000000001,
        97.62666666666667,
        98.64833333333334,
        98.765,
        99.21,
        99.41499999999999,
        97.75500000000001,
        98.60333333333332,
        99.31833333333333,
        99.65166666666667,
        99.45166666666667,
        97.855,
        98.91333333333333,
        99.51333333333334,
        99.58333333333333,
        99.77000000000001,
        97.58666666666667,
        98.86166666666666,
        99.16833333333334,
        99.37666666666667,
        99.74499999999999,
        97.56,
        98.81,
        99.33666666666666,
        99.61166666666666,
        99.675,
        97.38833333333334,
        98.46333333333334,
        99.16333333333334,
        99.315,
        99.62,
        97.01166666666666,
        98.63166666666666,
        99.06333333333333,
        99.37833333333333,
        99.54666666666667,
        96.56,
        98.285,
        98.90833333333333,
        99.13666666666666,
        99.385,
        95.87166666666667,
        97.845,
        98.42166666666667,
        98.925,
        99.15,
        95.25166666666667,
        97.33500000000001,
        98.07666666666667,
        98.44000000000001,
        98.68166666666667,
        94.30166666666666,
        96.84333333333333,
        97.75,
        98.11166666666666,
        98.46000000000001,
        88.62,
        94.37166666666667,
        95.98666666666666,
        96.785,
        97.24000000000001,
        80.91833333333334,
        94.01166666666667,
        95.26666666666667,
        95.88666666666667,
        96.35166666666667,
        76.82166666666667,
        91.74833333333333,
        94.22500000000001,
        94.905,
        95.56333333333333,
        65.505,
        82.62166666666667,
        84.47166666666666,
        85.11666666666666,
        85.54166666666667,
        64.075,
        82.59666666666666,
        84.5,
        84.745,
        85.43333333333332
    ],
    "test_loss": [
        0.21817412975337355,
        0.08770724904583767,
        0.059758746898383834,
        0.04375094018602976,
        0.03438174741205876,
        0.2702780605107546,
        0.09475349175464362,
        0.06327240073913708,
        0.04595287708856631,
        0.03360083561867941,
        0.2518011030163616,
        0.08426179176941515,
        0.054827829813119025,
        0.04013117367657833,
        0.029148142599849963,
        0.24429774223733694,
        0.07699347232677974,
        0.05146953880728688,
        0.034892986793478485,
        0.026456107474048623,
        0.24496807274408638,
        0.07036072668386623,
        0.043274843566236086,
        0.03011244560650084,
        0.023436651084484766,
        0.25630402111820877,
        0.06479836520180106,
        0.03935112681053579,
        0.027610943567124194,
        0.018621277379701495,
        0.266479980497621,
        0.060511170549085364,
        0.03557134819368366,
        0.023766297320020384,
        0.017686154810682638,
        0.29055515002273025,
        0.06276824933849275,
        0.03619017421582248,
        0.02380457133683376,
        0.017018957349122503,
        0.323741518988274,
        0.06482417700160295,
        0.03719925158959814,
        0.025392399341566486,
        0.018236917769303546,
        0.378182792795822,
        0.07131506336852908,
        0.042069711289368567,
        0.028905869794543834,
        0.020765599036996717,
        0.4417221568096429,
        0.08023923099553212,
        0.04818578656832687,
        0.03376604452909669,
        0.024961821520118974,
        0.5211985437497496,
        0.09135270444862545,
        0.055241463554790246,
        0.04002716999524273,
        0.030603700574254617,
        0.626088016089052,
        0.10843273622123524,
        0.067049964254722,
        0.04989468037872575,
        0.03992123230535071,
        0.7801986535936594,
        0.1255807196041569,
        0.081663383574225,
        0.0623677566726692,
        0.05078084700438194,
        0.9500146833397448,
        0.14904003920778633,
        0.09608260045107454,
        0.0731795473950915,
        0.06106704386556521,
        1.3011488173902035,
        0.38036694638431073,
        0.22683521977812052,
        0.1415383603591472,
        0.11168005343526602,
        1.4743049161434174,
        0.48826462522149083,
        0.28750122101604936,
        0.18952122209966182,
        0.14859582834877075,
        1.6763927305936814,
        0.6315243049860001,
        0.4227958027869463,
        0.28606911999732254,
        0.20535630601271987,
        1.825094612121582,
        0.942180162191391,
        0.637353624522686,
        0.443717185780406,
        0.37287122026085856,
        1.9218812388181687,
        0.9931290642619133,
        0.6861733877658844,
        0.4740689375400543,
        0.3874872204363346
    ],
    "train_acc": [
        96.06,
        97.24000000000001,
        97.13000000000001,
        97.57000000000001,
        97.49,
        96.52,
        96.58,
        97.61,
        97.92,
        97.67,
        96.89999999999999,
        97.47,
        97.89999999999999,
        97.69,
        97.82,
        97.06,
        97.56,
        97.78999999999999,
        97.77,
        97.86,
        97.02,
        97.66,
        97.53,
        97.87,
        98.15,
        97.05,
        97.65,
        97.99,
        98.06,
        97.75,
        97.26,
        97.91,
        98.08,
        98.04,
        98.44000000000001,
        97.07000000000001,
        97.8,
        97.8,
        98.09,
        98.13,
        97.04,
        97.94,
        98.07000000000001,
        98.14,
        98.18,
        96.8,
        97.47,
        97.95,
        97.92,
        98.09,
        96.69,
        97.66,
        97.8,
        98.07000000000001,
        98.14,
        96.17999999999999,
        97.43,
        97.89,
        98.00999999999999,
        97.94,
        95.56,
        97.17,
        97.53,
        97.77,
        97.83,
        94.95,
        96.66,
        97.11,
        97.3,
        97.47,
        94.28999999999999,
        96.13000000000001,
        96.93,
        97.05,
        97.25,
        89.03,
        94.08999999999999,
        95.25,
        95.84,
        96.25,
        81.46,
        93.65,
        94.64,
        95.17,
        95.52000000000001,
        77.41,
        91.92,
        93.85,
        94.36,
        94.97,
        65.95,
        82.22,
        84.07,
        84.71,
        84.75,
        63.7,
        82.21000000000001,
        83.65,
        83.87,
        84.45
    ],
    "train_loss": [
        0.12237756661959216,
        0.09106913466469391,
        0.09224654756372092,
        0.0820990600441945,
        0.08445091462679469,
        0.11572066517714076,
        0.10516699768803613,
        0.08145168738322567,
        0.07577059790492058,
        0.0817832077377961,
        0.10480439748815791,
        0.0798205582558841,
        0.06582823885509934,
        0.075888384951273,
        0.07384631857638453,
        0.09473911769308908,
        0.07610304314855063,
        0.07344496360712288,
        0.07427486849211234,
        0.07637264260716882,
        0.09448010957392747,
        0.0735563644386471,
        0.07943728613851224,
        0.07519130420405418,
        0.06766802225189429,
        0.0926300995888378,
        0.07472682317919628,
        0.06113976077594889,
        0.061803884159781955,
        0.07568415464180896,
        0.09117049460081819,
        0.0651732270304716,
        0.060601275061496984,
        0.06201590481911323,
        0.05467875795104279,
        0.09833944093123703,
        0.06853119167638663,
        0.06577296258078631,
        0.06796623548997488,
        0.06255983131429499,
        0.09781811599937563,
        0.06733473334294147,
        0.059137124345152677,
        0.06059872725780518,
        0.06304260701516888,
        0.1095216729438412,
        0.08043594919089339,
        0.0639484725658319,
        0.06989488536687177,
        0.06095796463206622,
        0.11786251430940664,
        0.07806831227425864,
        0.0695470329945695,
        0.06682041145353662,
        0.06604745152161016,
        0.13310984013501756,
        0.08828116892028355,
        0.07405120646581054,
        0.07084864357759629,
        0.06931327534128472,
        0.15242872391632217,
        0.0981020917000617,
        0.08282987244181826,
        0.07433236941338299,
        0.07217911182356229,
        0.17042315577318567,
        0.1116850648053035,
        0.09408050063930586,
        0.08719131285129506,
        0.08352664496727333,
        0.20396820471404556,
        0.1298061317267889,
        0.10440036554647955,
        0.09694310742246355,
        0.08856796155109288,
        0.497838195926415,
        0.3031481607053094,
        0.1899348769314632,
        0.1490516057516822,
        0.13278428104867834,
        0.6587837015440364,
        0.39248085129046867,
        0.2394932421024688,
        0.18363268459271528,
        0.1622670795545428,
        0.8231563478886724,
        0.5135006304986462,
        0.36018445436469093,
        0.24905096601226373,
        0.20571727185192223,
        1.1764837289284804,
        0.7771129094198078,
        0.5305295415267259,
        0.415258588726649,
        0.3835056325097284,
        1.240465679568445,
        0.8270947169400975,
        0.5810668445275929,
        0.4368474410322612,
        0.3933082517392621
    ],
    "sparsity": [
        0.0,
        0.0,
        0.0,
        0.0,
        0.0,
        0.2,
        0.2,
        0.2,
        0.2,
        0.2,
        0.3599977495217734,
        0.3599977495217734,
        0.3599977495217734,
        0.3599977495217734,
        0.3599977495217734,
        0.4879899478639211,
        0.4879899478639211,
        0.4879899478639211,
        0.4879899478639211,
        0.4879899478639211,
        0.5903829563782304,
        0.5903829563782304,
        0.5903829563782304,
        0.5903829563782304,
        0.5903829563782304,
        0.6722966130302689,
        0.6722966130302689,
        0.6722966130302689,
        0.6722966130302689,
        0.6722966130302689,
        0.7378267881924909,
        0.7378267881924909,
        0.7378267881924909,
        0.7378267881924909,
        0.7378267881924909,
        0.7902516784816773,
        0.7902516784816773,
        0.7902516784816773,
        0.7902516784816773,
        0.7902516784816773,
        0.8321893402347998,
        0.8321893402347998,
        0.8321893402347998,
        0.8321893402347998,
        0.8321893402347998,
        0.8657364689996624,
        0.8657364689996624,
        0.8657364689996624,
        0.8657364689996624,
        0.8657364689996624,
        0.8925809234462323,
        0.8925809234462323,
        0.8925809234462323,
        0.8925809234462323,
        0.8925809234462323,
        0.9140504857282172,
        0.9140504857282172,
        0.9140504857282172,
        0.9140504857282172,
        0.9140504857282172,
        0.9312291361914407,
        0.9312291361914407,
        0.9312291361914407,
        0.9312291361914407,
        0.9312291361914407,
        0.944968305764975,
        0.944968305764975,
        0.944968305764975,
        0.944968305764975,
        0.944968305764975,
        0.9559618919020292,
        0.9559618919020292,
        0.9559618919020292,
        0.9559618919020292,
        0.9559618919020292,
        0.9647612617681257,
        0.9647612617681257,
        0.9647612617681257,
        0.9647612617681257,
        0.9647612617681257,
        0.9717977570233675,
        0.9717977570233675,
        0.9717977570233675,
        0.9717977570233675,
        0.9717977570233675,
        0.9774314541840141,
        0.9774314541840141,
        0.9774314541840141,
        0.9774314541840141,
        0.9774314541840141,
        0.981928659840216,
        0.981928659840216,
        0.981928659840216,
        0.981928659840216,
        0.981928659840216,
        0.9855294250028132,
        0.9855294250028132,
        0.9855294250028132,
        0.9855294250028132,
        0.9855294250028132
    ]
}