{
    "args": {
        "load_last_pretrained": false,
        "model": "conv6",
        "dataset": "CIFAR10",
        "epochs": 100,
        "batch_size": 60,
        "initialization": "xavier-normal",
        "learning_rate": 0.0003,
        "forget_model": false,
        "disable_cuda": false,
        "pruning_rate": 0.2,
        "pruning_interval": 5,
        "seed": 42
    },
    "test_acc": [
        56.82000000000001,
        69.65,
        77.468,
        81.22399999999999,
        85.726,
        45.216,
        56.03399999999999,
        64.776,
        70.588,
        74.484,
        40.472,
        54.772,
        64.67,
        69.39,
        74.424,
        31.466,
        45.728,
        57.938,
        63.658,
        67.24,
        27.05,
        46.038000000000004,
        56.882,
        64.386,
        68.91199999999999,
        39.912,
        49.61,
        56.779999999999994,
        63.28,
        65.19200000000001,
        30.232,
        45.582,
        54.734,
        61.23,
        64.092,
        23.03,
        40.251999999999995,
        44.584,
        50.596,
        56.208000000000006,
        18.986,
        36.544,
        45.038,
        52.916,
        58.053999999999995,
        26.556,
        32.635999999999996,
        44.044,
        48.168,
        55.001999999999995,
        10.0,
        34.816,
        43.13,
        47.5,
        52.22599999999999,
        17.363999999999997,
        34.502,
        42.077999999999996,
        45.684000000000005,
        47.916,
        10.0,
        10.0,
        10.0,
        10.0,
        14.658,
        18.240000000000002,
        29.520000000000003,
        31.722,
        35.234,
        40.78,
        10.0,
        26.024,
        29.964000000000002,
        34.248,
        40.266000000000005,
        10.0,
        10.0,
        10.0,
        15.526000000000002,
        22.916,
        10.0,
        10.0,
        10.0,
        10.0,
        10.0,
        10.0,
        10.0,
        10.0,
        10.0,
        10.0,
        10.0,
        10.0,
        10.0,
        10.0,
        10.0,
        10.0,
        10.0,
        10.0,
        10.0,
        10.0
    ],
    "test_loss": [
        1.5545698827405057,
        1.0486126605698245,
        0.8125706998993167,
        0.6472509002013744,
        0.5317540857181561,
        1.7769002481330214,
        1.3587968098602707,
        1.1247511614712593,
        0.947001328356832,
        0.8107293919979526,
        1.9059831026932603,
        1.394212968129334,
        1.1193466638918403,
        0.9479569342496584,
        0.8231050069097706,
        2.198746378187367,
        1.630563848596111,
        1.340214424424892,
        1.112217905638601,
        0.958123560289113,
        2.1730074688113277,
        1.6261330697176268,
        1.316682733363099,
        1.1018752240591483,
        0.9710399896549664,
        1.9536660536587667,
        1.485241236303636,
        1.2399148481498234,
        1.0979131952607089,
        0.9967424476461159,
        1.9582358284248151,
        1.6684251531994314,
        1.3800899427142932,
        1.1790723058817199,
        1.0495109709618475,
        2.270498238879142,
        1.8031569211888943,
        1.564045812300355,
        1.4347876093084577,
        1.307870746445027,
        2.2543157879397167,
        1.8218085971667612,
        1.5619344219601126,
        1.382398978697596,
        1.2342201977325,
        2.091615625851446,
        1.7854802435536465,
        1.6413051177271836,
        1.4201396799487747,
        1.3058361544025887,
        2.302433284066564,
        2.0273593146738103,
        1.6063322982342123,
        1.469744503069267,
        1.367887124383478,
        2.29449106349076,
        1.9060155374826573,
        1.6539578736543084,
        1.5116345985330266,
        1.4251781467625277,
        2.3028337309400526,
        2.302663173321054,
        2.3026163861048308,
        2.3026005304117,
        2.3021606721466394,
        2.287551910185414,
        2.007641053171181,
        1.8204761646348508,
        1.753374058994458,
        1.66502518119286,
        2.302752455075582,
        2.1698260706105676,
        1.8949241170780264,
        1.7954303779476266,
        1.682552658539596,
        2.3028378972618415,
        2.302662798826643,
        2.3024989109245135,
        2.2958880194085394,
        2.1643621288329293,
        2.3028549207486124,
        2.302670311584747,
        2.3026244806157026,
        2.3026102066611784,
        2.3026051401234358,
        2.302838822062925,
        2.302676925270392,
        2.3026263705260464,
        2.30261030614519,
        2.3026054191360656,
        2.302835164310263,
        2.302669678946479,
        2.302628935098076,
        2.302614702881097,
        2.30260921067757,
        2.3028292533019177,
        2.3026674834372614,
        2.302623848263308,
        2.3026135090729603,
        2.3026090280043423
    ],
    "train_acc": [
        55.13,
        66.61,
        73.55000000000001,
        75.16000000000001,
        76.48,
        45.53,
        55.300000000000004,
        63.12,
        67.62,
        70.78,
        40.71,
        54.15,
        63.46000000000001,
        67.49000000000001,
        71.64,
        32.04,
        46.089999999999996,
        56.989999999999995,
        61.88,
        64.58,
        27.16,
        45.95,
        56.489999999999995,
        63.53,
        67.16,
        39.57,
        49.3,
        55.95,
        62.019999999999996,
        63.800000000000004,
        30.830000000000002,
        45.68,
        54.410000000000004,
        60.370000000000005,
        62.74999999999999,
        23.200000000000003,
        40.79,
        43.95,
        49.57,
        55.81,
        18.55,
        36.449999999999996,
        44.47,
        53.02,
        57.620000000000005,
        26.450000000000003,
        32.32,
        43.35,
        46.6,
        54.58,
        10.0,
        35.449999999999996,
        42.83,
        46.94,
        52.22,
        17.29,
        34.2,
        41.27,
        45.01,
        46.92,
        10.0,
        10.0,
        10.0,
        10.0,
        14.77,
        18.58,
        30.12,
        32.42,
        34.760000000000005,
        40.510000000000005,
        10.0,
        25.88,
        29.53,
        34.13,
        40.11,
        10.0,
        10.0,
        10.0,
        16.14,
        22.95,
        10.0,
        10.0,
        10.0,
        10.0,
        10.0,
        10.0,
        10.0,
        10.0,
        10.0,
        10.0,
        10.0,
        10.0,
        10.0,
        10.0,
        10.0,
        10.0,
        10.0,
        10.0,
        10.0,
        10.0
    ],
    "train_loss": [
        1.2392033188642857,
        0.9377700979124286,
        0.7649853407979725,
        0.7182645124946526,
        0.6920684947225149,
        1.4675737198241456,
        1.2363961781570298,
        1.0272580060416352,
        0.9153012754674443,
        0.8395205721883716,
        1.62607176646501,
        1.2442908319170602,
        1.0321200222312332,
        0.9102184847443403,
        0.8192557100050464,
        1.8680267833664033,
        1.460079373713739,
        1.1839139582868108,
        1.0625022292850974,
        0.9881620378551369,
        1.8201377448921432,
        1.458260074347079,
        1.1908948499999361,
        1.017963681749241,
        0.9240407950863867,
        1.5984821062601968,
        1.3776849908029247,
        1.184226550741824,
        1.0498251832887797,
        1.01139870517982,
        1.7584732271240142,
        1.4799017556413205,
        1.2463938993608166,
        1.0860647552027674,
        1.023204434060765,
        2.06475238957091,
        1.6094440450211485,
        1.4993648521914453,
        1.3634887105690505,
        1.2312821135549488,
        2.0443265944897773,
        1.6940332879563291,
        1.463527693006093,
        1.2857467789136008,
        1.166295894962585,
        1.8166174653047573,
        1.7201011694833903,
        1.4966163278339866,
        1.407805604849033,
        1.2405811844471686,
        2.297600800405719,
        1.7377159566936378,
        1.5220177880304302,
        1.418346582772489,
        1.311524406164706,
        2.210677865022671,
        1.7286750192413787,
        1.565856624506191,
        1.4561239609461345,
        1.4292704091814463,
        2.3026814061010668,
        2.302606479850358,
        2.3025841070506385,
        2.3025683314500456,
        2.297616503195848,
        2.19124971321243,
        1.861571255558265,
        1.7901812484878266,
        1.7148913744680896,
        1.619477085010734,
        2.3020976075155293,
        1.9663283018294924,
        1.834436375937776,
        1.7356295235856565,
        1.6243895356526632,
        2.302703410565496,
        2.3025911525337994,
        2.302151542937684,
        2.2695250982295967,
        2.0355168438243294,
        2.302700658044415,
        2.302615479794805,
        2.3025944504195346,
        2.302585366243374,
        2.3025848451488744,
        2.3026953471634917,
        2.3026175755940512,
        2.3025931783778937,
        2.3025866996742295,
        2.302586001550366,
        2.302703663260637,
        2.302619158864735,
        2.3025958209694504,
        2.3025871451029523,
        2.3025874035087175,
        2.302689606558063,
        2.3026173828604692,
        2.3025944932492193,
        2.302588588463332,
        2.302584795180909
    ],
    "sparsity": [
        0.0,
        0.0,
        0.0,
        0.0,
        0.0,
        0.19999672942921468,
        0.19999672942921468,
        0.19999672942921468,
        0.19999672942921468,
        0.19999672942921468,
        0.35999482012302647,
        0.35999482012302647,
        0.35999482012302647,
        0.35999482012302647,
        0.35999482012302647,
        0.48799081765153574,
        0.48799081765153574,
        0.48799081765153574,
        0.48799081765153574,
        0.48799081765153574,
        0.5903897371256633,
        0.5903897371256633,
        0.5903897371256633,
        0.5903897371256633,
        0.5903897371256633,
        0.6723086959173553,
        0.6723086959173553,
        0.6723086959173553,
        0.6723086959173553,
        0.6723086959173553,
        0.737844304919734,
        0.737844304919734,
        0.737844304919734,
        0.737844304919734,
        0.737844304919734,
        0.7902724385464169,
        0.7902724385464169,
        0.7902724385464169,
        0.7902724385464169,
        0.7902724385464169,
        0.8322148570539583,
        0.8322148570539583,
        0.8322148570539583,
        0.8322148570539583,
        0.8322148570539583,
        0.8657678195281362,
        0.8657678195281362,
        0.8657678195281362,
        0.8657678195281362,
        0.8657678195281362,
        0.8926116922021637,
        0.8926116922021637,
        0.8926116922021637,
        0.8926116922021637,
        0.8926116922021637,
        0.9140847572838705,
        0.9140847572838705,
        0.9140847572838705,
        0.9140847572838705,
        0.9140847572838705,
        0.931263651318261,
        0.931263651318261,
        0.931263651318261,
        0.931263651318261,
        0.931263651318261,
        0.9450088879970936,
        0.9450088879970936,
        0.9450088879970936,
        0.9450088879970936,
        0.9450088879970936,
        0.9560037514330846,
        0.9560037514330846,
        0.9560037514330846,
        0.9560037514330846,
        0.9560037514330846,
        0.9647984930624122,
        0.9647984930624122,
        0.9647984930624122,
        0.9647984930624122,
        0.9647984930624122,
        0.9718355238791444,
        0.9718355238791444,
        0.9718355238791444,
        0.9718355238791444,
        0.9718355238791444,
        0.9774639994130652,
        0.9774639994130652,
        0.9774639994130652,
        0.9774639994130652,
        0.9774639994130652,
        0.9819672218092267,
        0.9819672218092267,
        0.9819672218092267,
        0.9819672218092267,
        0.9819672218092267,
        0.9855697113323509,
        0.9855697113323509,
        0.9855697113323509,
        0.9855697113323509,
        0.9855697113323509
    ]
}