{
    "args": {
        "load_last_pretrained": false,
        "model": "lenet",
        "dataset": "mnist",
        "epochs": 100,
        "batch_size": 60,
        "initialization": "kaiming-uniform",
        "learning_rate": 0.0012,
        "forget_model": false,
        "disable_cuda": false,
        "pruning_rate": 0.2,
        "pruning_interval": 5,
        "seed": 50
    },
    "test_acc": [
        96.99833333333333,
        98.12333333333333,
        98.42333333333333,
        99.00999999999999,
        98.90833333333333,
        97.09166666666667,
        97.83666666666667,
        98.60166666666666,
        99.04166666666666,
        99.11166666666666,
        97.10166666666666,
        98.45166666666667,
        98.78833333333333,
        99.245,
        99.4,
        97.495,
        98.59333333333333,
        99.09666666666666,
        99.405,
        99.41666666666666,
        97.705,
        98.59,
        99.21333333333334,
        99.20833333333333,
        99.675,
        97.89999999999999,
        98.835,
        99.24666666666667,
        99.49333333333334,
        99.74666666666666,
        97.99666666666667,
        98.94666666666667,
        99.16666666666667,
        99.64333333333333,
        99.6,
        97.81833333333333,
        98.95,
        99.41666666666666,
        99.44666666666667,
        99.56166666666667,
        97.74333333333334,
        98.91833333333334,
        99.40833333333333,
        99.55666666666667,
        99.7,
        97.52333333333333,
        98.77,
        99.25333333333334,
        99.56333333333333,
        99.72666666666666,
        97.28833333333333,
        98.58833333333334,
        99.11166666666666,
        99.455,
        99.49833333333333,
        96.84,
        98.19,
        98.88,
        99.32333333333332,
        99.55666666666667,
        96.21666666666667,
        98.05166666666668,
        98.74666666666667,
        99.08166666666666,
        99.27166666666668,
        95.39333333333333,
        97.63,
        98.35166666666667,
        98.74833333333333,
        98.96833333333333,
        94.44666666666667,
        96.845,
        97.815,
        98.26166666666667,
        98.535,
        87.09833333333333,
        93.47333333333333,
        95.49499999999999,
        96.47833333333334,
        96.86833333333334,
        88.16166666666668,
        92.35333333333332,
        94.79666666666667,
        95.84333333333333,
        96.35666666666667,
        85.45666666666666,
        90.94833333333334,
        93.06,
        94.01166666666667,
        94.75166666666667,
        81.59666666666666,
        89.185,
        92.16666666666666,
        92.68666666666667,
        93.36,
        63.321666666666665,
        88.435,
        91.83,
        92.78666666666666,
        93.29499999999999
    ],
    "test_loss": [
        0.21575486303120853,
        0.08876192032033578,
        0.06003154956852086,
        0.04313735736941453,
        0.03485767912631854,
        0.26932354713231327,
        0.09514891722146422,
        0.06169502364774235,
        0.04537129988882225,
        0.03291798741294769,
        0.2508749589007348,
        0.08210975874611176,
        0.0542481179847382,
        0.03866014438658021,
        0.029082061615074054,
        0.24559267242625354,
        0.07403029208024964,
        0.047950773342745376,
        0.03276617313968018,
        0.026010561169707215,
        0.24834005877096205,
        0.06826586977485567,
        0.0418495893557556,
        0.028736189234943595,
        0.02093344340888143,
        0.24603057701699435,
        0.062337751326616855,
        0.03654217046278063,
        0.025951028330076953,
        0.018224873185012258,
        0.2653314042445272,
        0.05860424311202951,
        0.033942648864001966,
        0.023015615104843165,
        0.016619929479609708,
        0.282948385595344,
        0.05930560653400607,
        0.034779852317995394,
        0.022811287347984033,
        0.01666264420119114,
        0.3239536575451493,
        0.0620538415228948,
        0.03631097946618684,
        0.0243028584405547,
        0.018148196041584016,
        0.3718461909061298,
        0.06743252325989306,
        0.04031099545792677,
        0.02702335129014682,
        0.019885198840202064,
        0.4325356384413317,
        0.07503657279256731,
        0.04518355444353074,
        0.031210026668733917,
        0.02327363670623163,
        0.5062027181331068,
        0.08571001980733127,
        0.0511682889778167,
        0.03673811915202532,
        0.02762340950977523,
        0.6064971508234739,
        0.10001296751853078,
        0.060041142101865265,
        0.043150082236272286,
        0.03399051084904931,
        0.7403702574335038,
        0.12262791998963803,
        0.07554670150391757,
        0.05599075494031422,
        0.04424684516340494,
        0.9235904703959823,
        0.14761595925688745,
        0.09457119031157345,
        0.07170787183288485,
        0.05865378585318103,
        1.3886717971563338,
        0.5385263898968696,
        0.3330345401763916,
        0.19632134830206632,
        0.14164850885048508,
        1.5537063879966735,
        0.6203907492756844,
        0.34665045338869094,
        0.22074289323389532,
        0.16331179016828537,
        1.650597662448883,
        0.657580195903778,
        0.41481761913001536,
        0.2941035520657897,
        0.2230673613101244,
        1.8273749326467514,
        0.805505005389452,
        0.5342199795246124,
        0.40394419722259045,
        0.31225824911147354,
        2.024110134363174,
        0.8799499319493771,
        0.5472218698263168,
        0.4133692490458488,
        0.3274557413831353
    ],
    "train_acc": [
        96.26,
        97.04,
        97.25,
        97.69,
        97.45,
        96.75,
        96.89999999999999,
        97.49,
        97.71,
        97.78999999999999,
        96.49,
        97.48,
        97.72999999999999,
        97.92,
        97.89999999999999,
        97.21,
        97.89999999999999,
        98.02,
        98.11,
        98.14,
        97.28,
        97.75,
        98.15,
        97.82,
        98.19,
        97.31,
        97.87,
        98.0,
        98.05,
        98.22999999999999,
        97.31,
        97.89999999999999,
        97.94,
        98.14,
        97.92999999999999,
        97.31,
        97.96000000000001,
        98.03,
        98.17,
        98.06,
        97.17,
        97.86,
        98.18,
        98.11999999999999,
        98.07000000000001,
        96.92,
        97.86,
        98.21,
        98.06,
        98.03,
        96.76,
        97.6,
        97.92999999999999,
        98.04,
        97.97,
        96.45,
        97.34,
        97.61,
        97.89999999999999,
        97.86,
        95.97,
        97.31,
        97.69,
        97.75,
        97.83,
        95.17,
        96.91,
        97.46000000000001,
        97.68,
        97.59,
        94.26,
        96.28999999999999,
        96.89999999999999,
        97.11999999999999,
        97.41,
        87.62,
        93.34,
        94.94,
        96.04,
        96.26,
        88.63,
        92.09,
        94.35,
        95.12,
        95.49,
        85.88,
        91.27,
        92.89,
        93.69,
        94.28999999999999,
        82.86,
        89.83,
        92.2,
        92.46,
        93.16,
        64.51,
        88.9,
        91.58,
        92.46,
        92.80000000000001
    ],
    "train_loss": [
        0.1237196216170124,
        0.09397488675208505,
        0.08675130887353001,
        0.08403486376670105,
        0.09014773185917004,
        0.10779968779087959,
        0.09479027068588192,
        0.08141346540564147,
        0.07192363462433174,
        0.07707049972259211,
        0.11019967756273147,
        0.07794445878296287,
        0.07146967755223507,
        0.06685165047135293,
        0.06980235925540998,
        0.09418957103824543,
        0.0695122438231985,
        0.06678759918023949,
        0.06464523351249357,
        0.06703025189717718,
        0.096955199826308,
        0.0732575600944504,
        0.06161851596162504,
        0.07174582684079386,
        0.0641746330054053,
        0.08969086732068461,
        0.06842357328462743,
        0.06424584299741413,
        0.06475901224547272,
        0.06458737101743255,
        0.08957213613422152,
        0.0690591246597915,
        0.06935846704353918,
        0.06427683551833424,
        0.07459999114019841,
        0.09296606843844948,
        0.06823399349695775,
        0.060775716701232475,
        0.06645732370977608,
        0.07142737175644345,
        0.09540824160470578,
        0.06801756517961621,
        0.06216172487711991,
        0.06503249016662914,
        0.06392652579547675,
        0.10555796413319911,
        0.07230301196603271,
        0.06259000653116602,
        0.06430306496143252,
        0.06684165727538838,
        0.11146761682219133,
        0.07344697756570077,
        0.06835812522644946,
        0.06371751002211704,
        0.06772378471423454,
        0.12770807763148925,
        0.09084933572365138,
        0.07834471559464307,
        0.07032480579661485,
        0.07277700218684346,
        0.14553788283137148,
        0.09205312917042456,
        0.07795093080843102,
        0.07538301284804182,
        0.07410465268568767,
        0.17426223098160978,
        0.10735533171205107,
        0.08770284121633022,
        0.0812890119069886,
        0.07764370339639586,
        0.20303996545290517,
        0.12565487735865716,
        0.1019246965384635,
        0.09291084130534423,
        0.08805079827040523,
        0.6551954533882484,
        0.43038717197800824,
        0.2526585606043924,
        0.17318355051164855,
        0.14789513325664455,
        0.8823411486106004,
        0.43589602758784496,
        0.28263060355971675,
        0.20130574460068862,
        0.1741749358302105,
        0.8829234934852509,
        0.505287880312183,
        0.33998279309201385,
        0.26269145912217523,
        0.21617796202887318,
        1.1003963311989151,
        0.6043272867888033,
        0.46826530912679115,
        0.356102370216461,
        0.28614946802754604,
        1.2672872307771694,
        0.6404002562254488,
        0.4601007835593766,
        0.37040518027936625,
        0.30638738329003673
    ],
    "sparsity": [
        0.0,
        0.0,
        0.0,
        0.0,
        0.0,
        0.2,
        0.2,
        0.2,
        0.2,
        0.2,
        0.3599977495217734,
        0.3599977495217734,
        0.3599977495217734,
        0.3599977495217734,
        0.3599977495217734,
        0.4879899478639211,
        0.4879899478639211,
        0.4879899478639211,
        0.4879899478639211,
        0.4879899478639211,
        0.5903829563782304,
        0.5903829563782304,
        0.5903829563782304,
        0.5903829563782304,
        0.5903829563782304,
        0.6722966130302689,
        0.6722966130302689,
        0.6722966130302689,
        0.6722966130302689,
        0.6722966130302689,
        0.7378267881924909,
        0.7378267881924909,
        0.7378267881924909,
        0.7378267881924909,
        0.7378267881924909,
        0.7902516784816773,
        0.7902516784816773,
        0.7902516784816773,
        0.7902516784816773,
        0.7902516784816773,
        0.8321893402347998,
        0.8321893402347998,
        0.8321893402347998,
        0.8321893402347998,
        0.8321893402347998,
        0.8657364689996624,
        0.8657364689996624,
        0.8657364689996624,
        0.8657364689996624,
        0.8657364689996624,
        0.8925809234462323,
        0.8925809234462323,
        0.8925809234462323,
        0.8925809234462323,
        0.8925809234462323,
        0.9140504857282172,
        0.9140504857282172,
        0.9140504857282172,
        0.9140504857282172,
        0.9140504857282172,
        0.9312291361914407,
        0.9312291361914407,
        0.9312291361914407,
        0.9312291361914407,
        0.9312291361914407,
        0.944968305764975,
        0.944968305764975,
        0.944968305764975,
        0.944968305764975,
        0.944968305764975,
        0.9559618919020292,
        0.9559618919020292,
        0.9559618919020292,
        0.9559618919020292,
        0.9559618919020292,
        0.9647612617681257,
        0.9647612617681257,
        0.9647612617681257,
        0.9647612617681257,
        0.9647612617681257,
        0.9717977570233675,
        0.9717977570233675,
        0.9717977570233675,
        0.9717977570233675,
        0.9717977570233675,
        0.9774314541840141,
        0.9774314541840141,
        0.9774314541840141,
        0.9774314541840141,
        0.9774314541840141,
        0.981928659840216,
        0.981928659840216,
        0.981928659840216,
        0.981928659840216,
        0.981928659840216,
        0.9855294250028132,
        0.9855294250028132,
        0.9855294250028132,
        0.9855294250028132,
        0.9855294250028132
    ]
}