{
    "args": {
        "load_last_pretrained": false,
        "model": "lenet",
        "dataset": "mnist",
        "epochs": 100,
        "batch_size": 60,
        "initialization": "xavier-uniform-double",
        "learning_rate": 0.0012,
        "forget_model": false,
        "disable_cuda": false,
        "pruning_rate": 0.2,
        "pruning_interval": 5,
        "seed": 48
    },
    "test_acc": [
        96.91499999999999,
        98.19666666666666,
        98.64333333333335,
        98.15666666666667,
        98.92166666666667,
        96.99,
        98.07000000000001,
        98.69333333333333,
        98.28,
        99.185,
        97.07166666666667,
        98.36166666666666,
        98.96666666666667,
        99.16166666666668,
        99.33166666666666,
        97.31166666666667,
        98.50666666666666,
        99.09166666666667,
        99.29,
        99.40666666666667,
        97.36833333333334,
        98.56166666666667,
        99.30333333333333,
        99.38,
        99.45,
        97.88166666666666,
        98.825,
        99.275,
        99.59833333333333,
        99.675,
        97.88666666666667,
        98.96166666666667,
        99.14,
        99.47500000000001,
        99.625,
        97.85166666666667,
        98.98166666666667,
        99.34833333333334,
        99.59833333333333,
        99.705,
        97.66166666666666,
        98.97666666666667,
        99.35833333333333,
        99.63,
        99.68333333333334,
        97.46666666666667,
        98.78833333333333,
        99.345,
        99.47,
        99.52166666666666,
        96.87666666666667,
        98.41,
        98.98,
        99.38166666666667,
        99.53999999999999,
        96.38833333333334,
        98.18166666666667,
        98.75666666666667,
        99.18,
        99.265,
        96.07166666666667,
        97.89166666666667,
        98.52166666666666,
        98.91,
        99.15833333333333,
        94.95,
        97.255,
        98.12333333333333,
        98.44833333333334,
        98.77666666666667,
        94.33833333333334,
        96.75833333333334,
        97.75,
        98.14833333333334,
        98.43499999999999,
        92.545,
        95.89166666666667,
        96.87333333333333,
        97.38333333333333,
        97.85166666666667,
        88.98833333333333,
        94.90666666666667,
        95.90833333333333,
        96.61166666666666,
        97.03500000000001,
        88.38666666666667,
        94.15833333333333,
        95.35,
        96.025,
        96.42833333333334,
        83.63000000000001,
        93.51,
        94.99666666666667,
        95.64833333333334,
        96.03666666666668,
        70.66,
        91.92833333333333,
        93.71166666666667,
        94.45833333333333,
        94.84333333333333
    ],
    "test_loss": [
        0.2285570577615872,
        0.0918779457625933,
        0.061766892820014616,
        0.04759816574843717,
        0.03688472060434288,
        0.2761390344686806,
        0.09625543518178165,
        0.06411443470744416,
        0.04663842732517515,
        0.03509565550167463,
        0.257513172452338,
        0.08739151678374037,
        0.057523033298784866,
        0.039803491792059505,
        0.03126297603768762,
        0.2493805898167193,
        0.0790736138317734,
        0.05115046918799635,
        0.0357676790059777,
        0.02677628724288661,
        0.2523817064361647,
        0.07247182546788826,
        0.04587770396354608,
        0.031866385165136304,
        0.023879504293960054,
        0.2554333019955084,
        0.06538589966157451,
        0.03966054459102452,
        0.028261660545249468,
        0.02013323813721945,
        0.26884095459617674,
        0.06174318120582029,
        0.036693606573273425,
        0.02553360139555298,
        0.018075752016797196,
        0.29232527868635955,
        0.061190928347408774,
        0.03516133607761003,
        0.02413488837867044,
        0.016453470955049853,
        0.319325620489195,
        0.06246220510732382,
        0.035844092827057465,
        0.024633441296988166,
        0.017385715416341554,
        0.35407516900263725,
        0.07016400603251531,
        0.04027907327748835,
        0.027649879882344977,
        0.020240012802067213,
        0.4241915221270174,
        0.08114923997269943,
        0.04902720073028467,
        0.03424161633162293,
        0.025207965085166508,
        0.507743203099817,
        0.09547878336627036,
        0.05826340828300454,
        0.041429975380655376,
        0.03133105839358177,
        0.613239702925086,
        0.10555112016014755,
        0.06552576510887594,
        0.04840041661425493,
        0.03821055899956263,
        0.7518459733650088,
        0.13025490535143763,
        0.0817608863664791,
        0.061980186323169616,
        0.05076438954332843,
        0.9505209785848856,
        0.1531493067611009,
        0.09827290220744908,
        0.07540838124556468,
        0.06274264064012096,
        1.231782486230135,
        0.259489585980773,
        0.159597056876868,
        0.1190932869836688,
        0.09678169234842061,
        1.4421335772275925,
        0.33841822313517333,
        0.1910465634651482,
        0.14381095673516392,
        0.12005063517205417,
        1.6221704291701318,
        0.3713567560762167,
        0.21452307928353548,
        0.16535416750237344,
        0.13996542679890991,
        1.8260251287817955,
        0.4641269318163395,
        0.24455524376034737,
        0.18550671727955342,
        0.15774198027327657,
        2.0423332842588424,
        0.6654780620187521,
        0.2960591626688838,
        0.2262980507388711,
        0.19587755365669726
    ],
    "train_acc": [
        96.06,
        96.96000000000001,
        97.33000000000001,
        96.7,
        97.7,
        96.45,
        97.19,
        97.75,
        97.06,
        97.8,
        96.38,
        97.38,
        97.86,
        97.89999999999999,
        97.98,
        96.78,
        97.58,
        97.98,
        97.98,
        97.89999999999999,
        96.65,
        97.55,
        98.04,
        97.92999999999999,
        97.8,
        97.17,
        97.72,
        98.07000000000001,
        98.2,
        97.95,
        97.23,
        97.7,
        97.75,
        97.78999999999999,
        97.91,
        97.33000000000001,
        97.91,
        97.84,
        98.19,
        98.1,
        97.1,
        97.8,
        97.98,
        98.0,
        98.06,
        96.89999999999999,
        97.64,
        97.98,
        98.00999999999999,
        97.98,
        96.28,
        97.50999999999999,
        97.63,
        97.99,
        97.91,
        96.13000000000001,
        97.43,
        97.69,
        97.91,
        97.92,
        95.78999999999999,
        97.07000000000001,
        97.47,
        97.75,
        97.75,
        95.07,
        96.82,
        97.31,
        97.49,
        97.64,
        94.65,
        96.43,
        97.00999999999999,
        97.15,
        97.31,
        92.95,
        95.7,
        96.52,
        96.85000000000001,
        97.00999999999999,
        89.63,
        94.78999999999999,
        95.72,
        96.13000000000001,
        96.39,
        89.31,
        94.04,
        95.08,
        95.63000000000001,
        95.84,
        84.5,
        93.78,
        94.81,
        95.37,
        95.76,
        72.1,
        91.97999999999999,
        93.57,
        94.35,
        94.65
    ],
    "train_loss": [
        0.1276773423413763,
        0.10002149808259603,
        0.09163985308817403,
        0.10918068349525935,
        0.09192618422773471,
        0.10879104234233587,
        0.08950437906806073,
        0.07384329815088453,
        0.0939859760699314,
        0.07411564881376599,
        0.11500888864348034,
        0.08581364723089747,
        0.06861135593899888,
        0.06807741749066927,
        0.07266942990461397,
        0.1010753230476183,
        0.07964079500270818,
        0.06874328973831352,
        0.0671748993228173,
        0.07471222702405432,
        0.1040952078507332,
        0.07701406049023489,
        0.06548305453654535,
        0.06855948720337171,
        0.07320397984847136,
        0.08883082484101464,
        0.07147458163619845,
        0.06016408439800924,
        0.05859494110144825,
        0.0676005753961428,
        0.09359969356526693,
        0.06905814386558479,
        0.06931756170394045,
        0.06957514332691041,
        0.07154506055985349,
        0.09332901970511247,
        0.06937119161743603,
        0.06699989214093385,
        0.06273017076407364,
        0.06901758353568858,
        0.0961303773118618,
        0.06734289670039616,
        0.06546454839540847,
        0.06424871887447045,
        0.0671796084745525,
        0.10723351334182624,
        0.07173388998420117,
        0.06538063427154532,
        0.0674090749837882,
        0.0694764193048433,
        0.12242071898821406,
        0.08264342935276246,
        0.07422388030751469,
        0.06532162116160115,
        0.06704496788028293,
        0.1362357766417686,
        0.08742315411946909,
        0.07632697497154335,
        0.07013197454155429,
        0.07190830989679445,
        0.14639058791680964,
        0.097449282981723,
        0.08421604446564873,
        0.0739318860059013,
        0.073108048473825,
        0.17492281888684114,
        0.10937844755540709,
        0.08909123950543071,
        0.08321815160030645,
        0.08051805269575404,
        0.20288329539140185,
        0.12601622823670416,
        0.10379752756548143,
        0.09333944199662544,
        0.0895359194725975,
        0.364587620346846,
        0.19951012565525705,
        0.15140604720768813,
        0.12857959398297136,
        0.11650969770675648,
        0.5350504344451927,
        0.23968193903119264,
        0.17425716576908162,
        0.14908796200852195,
        0.13223549953388597,
        0.5976921184334213,
        0.26220034509004947,
        0.19931591137083704,
        0.16965639950361794,
        0.15412890306579138,
        0.8170445365106275,
        0.3025096966299468,
        0.2178558869633132,
        0.18558780579063708,
        0.17040013707058874,
        1.3449057461972722,
        0.3729967143899666,
        0.2609868910676705,
        0.22319370218201312,
        0.2044253468201189
    ],
    "sparsity": [
        0.0,
        0.0,
        0.0,
        0.0,
        0.0,
        0.2,
        0.2,
        0.2,
        0.2,
        0.2,
        0.3599977495217734,
        0.3599977495217734,
        0.3599977495217734,
        0.3599977495217734,
        0.3599977495217734,
        0.4879899478639211,
        0.4879899478639211,
        0.4879899478639211,
        0.4879899478639211,
        0.4879899478639211,
        0.5903829563782304,
        0.5903829563782304,
        0.5903829563782304,
        0.5903829563782304,
        0.5903829563782304,
        0.6722966130302689,
        0.6722966130302689,
        0.6722966130302689,
        0.6722966130302689,
        0.6722966130302689,
        0.7378267881924909,
        0.7378267881924909,
        0.7378267881924909,
        0.7378267881924909,
        0.7378267881924909,
        0.7902516784816773,
        0.7902516784816773,
        0.7902516784816773,
        0.7902516784816773,
        0.7902516784816773,
        0.8321893402347998,
        0.8321893402347998,
        0.8321893402347998,
        0.8321893402347998,
        0.8321893402347998,
        0.8657364689996624,
        0.8657364689996624,
        0.8657364689996624,
        0.8657364689996624,
        0.8657364689996624,
        0.8925809234462323,
        0.8925809234462323,
        0.8925809234462323,
        0.8925809234462323,
        0.8925809234462323,
        0.9140504857282172,
        0.9140504857282172,
        0.9140504857282172,
        0.9140504857282172,
        0.9140504857282172,
        0.9312291361914407,
        0.9312291361914407,
        0.9312291361914407,
        0.9312291361914407,
        0.9312291361914407,
        0.944968305764975,
        0.944968305764975,
        0.944968305764975,
        0.944968305764975,
        0.944968305764975,
        0.9559618919020292,
        0.9559618919020292,
        0.9559618919020292,
        0.9559618919020292,
        0.9559618919020292,
        0.9647612617681257,
        0.9647612617681257,
        0.9647612617681257,
        0.9647612617681257,
        0.9647612617681257,
        0.9717977570233675,
        0.9717977570233675,
        0.9717977570233675,
        0.9717977570233675,
        0.9717977570233675,
        0.9774314541840141,
        0.9774314541840141,
        0.9774314541840141,
        0.9774314541840141,
        0.9774314541840141,
        0.981928659840216,
        0.981928659840216,
        0.981928659840216,
        0.981928659840216,
        0.981928659840216,
        0.9855294250028132,
        0.9855294250028132,
        0.9855294250028132,
        0.9855294250028132,
        0.9855294250028132
    ]
}