{
    "args": {
        "load_last_pretrained": false,
        "model": "conv6",
        "dataset": "cifar10",
        "epochs": 100,
        "batch_size": 60,
        "initialization": "kaiming-uniform",
        "learning_rate": 0.0003,
        "forget_model": false,
        "disable_cuda": false,
        "pruning_rate": 0.2,
        "pruning_interval": 5,
        "seed": 43
    },
    "test_acc": [
        65.902,
        76.866,
        82.68799999999999,
        88.492,
        92.61399999999999,
        44.116,
        53.59,
        61.650000000000006,
        68.446,
        76.444,
        14.264,
        40.896,
        54.998000000000005,
        62.222,
        69.232,
        30.42,
        47.082,
        58.85,
        64.91,
        67.428,
        39.726,
        51.690000000000005,
        60.718,
        65.726,
        70.458,
        32.036,
        51.162,
        61.912,
        66.642,
        70.416,
        32.806000000000004,
        49.87,
        59.926,
        65.288,
        68.64,
        27.622000000000003,
        42.75,
        54.198,
        63.302,
        66.968,
        33.188,
        43.572,
        50.714000000000006,
        56.15599999999999,
        59.577999999999996,
        23.65,
        31.898,
        44.83,
        50.26199999999999,
        57.282,
        10.0,
        10.0,
        10.016,
        22.598,
        44.4,
        28.99,
        39.736,
        46.052,
        49.653999999999996,
        51.94800000000001,
        10.0,
        10.0,
        10.0,
        27.82,
        41.326,
        10.0,
        14.041999999999998,
        25.144,
        38.038,
        43.828,
        10.0,
        10.0,
        10.0,
        10.0,
        10.0,
        10.0,
        10.0,
        9.764000000000001,
        25.028,
        31.812,
        10.0,
        10.0,
        10.0,
        10.0,
        10.0,
        10.0,
        10.0,
        10.0,
        10.0,
        10.0,
        10.0,
        10.0,
        10.0,
        10.0,
        10.0,
        10.0,
        10.0,
        10.0,
        10.0,
        10.0
    ],
    "test_loss": [
        1.3934081752809118,
        0.8922069922839995,
        0.6848427312765761,
        0.5191491435436036,
        0.38235293511006474,
        1.855525962883334,
        1.419280860063841,
        1.1729515142006268,
        0.9626515417647876,
        0.791201963484716,
        2.302734852694779,
        1.8530366453621314,
        1.3712831376124914,
        1.106947318541346,
        0.948849522953125,
        2.130214298514725,
        1.5720690590300435,
        1.3038763941334877,
        1.0893172542397067,
        0.93848974920577,
        1.9145786233371396,
        1.44697375377591,
        1.1866196227445305,
        1.0246628751571802,
        0.9026397184359369,
        2.1426053360211763,
        1.525275392355107,
        1.2166470056243366,
        1.0112704476006598,
        0.8997594628402655,
        2.0529307618701487,
        1.5657351380057758,
        1.2478820446440928,
        1.0550383972607071,
        0.9391650013643489,
        2.228194970592892,
        1.6880527690446063,
        1.3639370415279333,
        1.122542912511231,
        0.9855687655419183,
        2.0754901565236152,
        1.7075009754807544,
        1.4631875001555152,
        1.3130150753245364,
        1.1927173855922204,
        2.201343923449802,
        1.811728751630806,
        1.6072372804156883,
        1.3921795343037704,
        1.2477624848735132,
        2.3026335045016353,
        2.30243506048509,
        2.302245516285336,
        2.301043241144084,
        1.8402029454565163,
        2.124453427265588,
        1.744332440036664,
        1.5290521743486254,
        1.4307385964645185,
        1.3579558436390307,
        2.302686864523579,
        2.302552118861704,
        2.302370939609244,
        2.1728131287961268,
        1.7398584902429466,
        2.3026968057778814,
        2.2931167404714534,
        2.118461948504551,
        1.8178458090880507,
        1.5972645329914505,
        2.302757816349002,
        2.302643193615426,
        2.30260875756792,
        2.302594737183276,
        2.3025841307011152,
        2.3027614269325203,
        2.302652721496509,
        2.302019116689833,
        2.1610108040791336,
        1.8573226461307608,
        2.3027714510901656,
        2.3026569970220114,
        2.3026226627455055,
        2.302609454241874,
        2.3026081635225877,
        2.30275942438798,
        2.3026588935074477,
        2.302624355688941,
        2.3026136380019517,
        2.3026099496608157,
        2.3027647828026643,
        2.3026553841231823,
        2.302625758756551,
        2.3026102944243725,
        2.3026090325783195,
        2.3027640118015755,
        2.3026537294868086,
        2.3026194132203393,
        2.302609803007661,
        2.302609546007298
    ],
    "train_acc": [
        63.480000000000004,
        71.82,
        75.03,
        76.75,
        77.42999999999999,
        44.48,
        52.559999999999995,
        59.36,
        65.13,
        71.34,
        14.610000000000001,
        40.300000000000004,
        54.50000000000001,
        60.75000000000001,
        66.95,
        30.349999999999998,
        46.300000000000004,
        57.720000000000006,
        63.56,
        65.9,
        40.04,
        50.849999999999994,
        59.650000000000006,
        64.7,
        68.87,
        31.69,
        50.31,
        61.06,
        65.75999999999999,
        68.60000000000001,
        32.58,
        49.02,
        59.77,
        64.36,
        67.02,
        28.07,
        42.32,
        53.63,
        62.74999999999999,
        65.62,
        33.68,
        43.81,
        49.9,
        55.22,
        58.160000000000004,
        23.87,
        31.46,
        44.47,
        49.88,
        57.089999999999996,
        10.0,
        10.0,
        10.02,
        22.7,
        44.629999999999995,
        29.110000000000003,
        39.4,
        45.43,
        48.74,
        51.41,
        10.0,
        10.0,
        10.0,
        28.389999999999997,
        41.61,
        10.0,
        14.11,
        25.41,
        38.17,
        43.82,
        10.0,
        10.0,
        10.0,
        10.0,
        10.0,
        10.0,
        10.0,
        10.08,
        25.509999999999998,
        31.740000000000002,
        10.0,
        10.0,
        10.0,
        10.0,
        10.0,
        10.0,
        10.0,
        10.0,
        10.0,
        10.0,
        10.0,
        10.0,
        10.0,
        10.0,
        10.0,
        10.0,
        10.0,
        10.0,
        10.0,
        10.0
    ],
    "train_loss": [
        1.0528798745777792,
        0.8046513931479996,
        0.7330837758358367,
        0.6849487129442706,
        0.7017526373177946,
        1.5183844073803838,
        1.2994279525950998,
        1.1289099851054345,
        0.9875578791081548,
        0.8176366253170425,
        2.3009483585814516,
        1.5813194734607627,
        1.2717572086585496,
        1.0878038302867,
        0.9291773024433387,
        1.7994206137285975,
        1.4307349998793917,
        1.1661096957629313,
        1.0207967183547106,
        0.9498619212361867,
        1.6252258330762028,
        1.3274474657938151,
        1.0988473231920939,
        0.9929935204054781,
        0.8765643924296259,
        1.7532755350638292,
        1.3434200208344145,
        1.0845380047124302,
        0.9548669179042656,
        0.8756456321584964,
        1.744122871381794,
        1.3774585559696495,
        1.1408265043875414,
        1.0023536749942574,
        0.9219181826728546,
        1.8262531835875826,
        1.505047135724279,
        1.2638063723455646,
        1.034641602439081,
        0.951349728478643,
        1.826918689076772,
        1.5457337502233996,
        1.368052723878872,
        1.2392640531419994,
        1.1582077277634673,
        1.9654604589153906,
        1.734868445082339,
        1.4929218035258218,
        1.3337771307208581,
        1.1834229038147155,
        2.3024884897791695,
        2.3023369897625403,
        2.302029585410021,
        2.296715690704163,
        1.4870893027254208,
        1.8508883971654013,
        1.6250706996746407,
        1.4686962373242407,
        1.3815543101933188,
        1.3333108931958317,
        2.3025727557564926,
        2.3024778423195116,
        2.301953020210038,
        1.8495782342499603,
        1.5769053147938437,
        2.3024992714385073,
        2.2393511812130136,
        1.9830105254750052,
        1.6619643080020379,
        1.5205932141777998,
        2.30265732867989,
        2.30259383081676,
        2.3025778167975877,
        2.302563781509856,
        2.302556813120128,
        2.3026628694134557,
        2.302587392087468,
        2.2946740267519465,
        1.964978365127198,
        1.8059788492625346,
        2.302675626948922,
        2.302616983116744,
        2.302588681260983,
        2.3025869009737483,
        2.3025843668840604,
        2.302662501078166,
        2.3026162707163187,
        2.302594030688623,
        2.3025882129897615,
        2.302587674763388,
        2.3026663057818384,
        2.302607422103425,
        2.3025964905401906,
        2.3025867610634445,
        2.3025854404814945,
        2.3026638673451134,
        2.3026093423009635,
        2.3025901674510476,
        2.30258962351405,
        2.3025852763010355
    ],
    "sparsity": [
        0.0,
        0.0,
        0.0,
        0.0,
        0.0,
        0.19999672942921468,
        0.19999672942921468,
        0.19999672942921468,
        0.19999672942921468,
        0.19999672942921468,
        0.35999482012302647,
        0.35999482012302647,
        0.35999482012302647,
        0.35999482012302647,
        0.35999482012302647,
        0.48799081765153574,
        0.48799081765153574,
        0.48799081765153574,
        0.48799081765153574,
        0.48799081765153574,
        0.5903897371256633,
        0.5903897371256633,
        0.5903897371256633,
        0.5903897371256633,
        0.5903897371256633,
        0.6723086959173553,
        0.6723086959173553,
        0.6723086959173553,
        0.6723086959173553,
        0.6723086959173553,
        0.737844304919734,
        0.737844304919734,
        0.737844304919734,
        0.737844304919734,
        0.737844304919734,
        0.7902724385464169,
        0.7902724385464169,
        0.7902724385464169,
        0.7902724385464169,
        0.7902724385464169,
        0.8322148570539583,
        0.8322148570539583,
        0.8322148570539583,
        0.8322148570539583,
        0.8322148570539583,
        0.8657678195281362,
        0.8657678195281362,
        0.8657678195281362,
        0.8657678195281362,
        0.8657678195281362,
        0.8926116922021637,
        0.8926116922021637,
        0.8926116922021637,
        0.8926116922021637,
        0.8926116922021637,
        0.9140847572838705,
        0.9140847572838705,
        0.9140847572838705,
        0.9140847572838705,
        0.9140847572838705,
        0.931263651318261,
        0.931263651318261,
        0.931263651318261,
        0.931263651318261,
        0.931263651318261,
        0.9450088879970936,
        0.9450088879970936,
        0.9450088879970936,
        0.9450088879970936,
        0.9450088879970936,
        0.9560037514330846,
        0.9560037514330846,
        0.9560037514330846,
        0.9560037514330846,
        0.9560037514330846,
        0.9647984930624122,
        0.9647984930624122,
        0.9647984930624122,
        0.9647984930624122,
        0.9647984930624122,
        0.9718355238791444,
        0.9718355238791444,
        0.9718355238791444,
        0.9718355238791444,
        0.9718355238791444,
        0.9774639994130652,
        0.9774639994130652,
        0.9774639994130652,
        0.9774639994130652,
        0.9774639994130652,
        0.9819672218092267,
        0.9819672218092267,
        0.9819672218092267,
        0.9819672218092267,
        0.9819672218092267,
        0.9855697113323509,
        0.9855697113323509,
        0.9855697113323509,
        0.9855697113323509,
        0.9855697113323509
    ]
}