{
    "args": {
        "load_last_pretrained": false,
        "model": "lenet",
        "dataset": "mnist",
        "epochs": 100,
        "batch_size": 60,
        "initialization": "xavier-uniform-double",
        "learning_rate": 0.0012,
        "forget_model": false,
        "disable_cuda": false,
        "pruning_rate": 0.2,
        "pruning_interval": 5,
        "seed": 50
    },
    "test_acc": [
        97.095,
        97.97333333333333,
        98.71,
        99.065,
        99.00166666666667,
        96.955,
        98.16166666666668,
        98.74166666666667,
        99.05333333333334,
        98.98666666666666,
        97.045,
        98.54,
        98.82,
        98.94,
        99.20166666666667,
        97.42333333333333,
        98.50333333333333,
        98.965,
        99.40833333333333,
        99.575,
        97.58833333333334,
        98.47666666666667,
        99.13166666666666,
        99.24333333333333,
        99.66166666666668,
        97.795,
        98.72,
        99.20333333333333,
        99.27166666666668,
        99.63333333333333,
        97.845,
        98.88833333333334,
        99.24,
        99.4,
        99.48333333333333,
        97.80333333333333,
        98.81,
        99.33666666666666,
        99.53999999999999,
        99.54499999999999,
        97.65833333333333,
        98.86666666666667,
        99.35666666666667,
        99.51833333333333,
        99.71333333333334,
        97.47333333333333,
        98.72333333333333,
        99.22333333333333,
        99.53999999999999,
        99.665,
        97.14333333333333,
        98.46666666666667,
        99.06333333333333,
        99.4,
        99.51833333333333,
        96.61833333333333,
        98.04166666666667,
        98.78666666666666,
        99.115,
        99.38333333333334,
        96.02833333333334,
        97.49666666666667,
        98.27666666666667,
        98.75833333333334,
        99.03833333333333,
        95.675,
        97.51333333333334,
        98.21,
        98.66,
        98.85666666666667,
        94.27333333333333,
        96.93666666666667,
        97.725,
        98.11166666666666,
        98.37333333333333,
        93.77,
        96.67,
        97.48166666666667,
        97.99333333333334,
        98.16666666666667,
        92.84,
        96.44166666666666,
        97.26666666666667,
        97.65333333333334,
        97.89833333333333,
        90.645,
        95.28166666666667,
        96.39333333333333,
        96.80499999999999,
        97.14166666666667,
        66.17333333333333,
        93.04,
        94.935,
        95.59333333333333,
        96.13666666666667,
        70.7,
        87.31166666666667,
        90.46166666666666,
        91.33833333333334,
        92.18666666666667
    ],
    "test_loss": [
        0.2304437094591558,
        0.09265793693671003,
        0.06216255799750797,
        0.04531567650256329,
        0.03666496225056471,
        0.27333271557092664,
        0.0954712240579538,
        0.06197203344292939,
        0.04678598740766756,
        0.03603381190483924,
        0.2525213539563119,
        0.0850435666036792,
        0.056697568853618575,
        0.03996441990847234,
        0.030689293915202143,
        0.248245639314875,
        0.07695992852281779,
        0.05023028483026428,
        0.03483737485896563,
        0.027409454358625226,
        0.2490098483748734,
        0.07220491826208308,
        0.04462652261205949,
        0.031236939331749453,
        0.023104514615100925,
        0.2521962001156062,
        0.06705074021266773,
        0.04001878648798447,
        0.02801871184655465,
        0.020057498874375596,
        0.26769342988636347,
        0.06333685500407592,
        0.037243980517145246,
        0.024672610107721992,
        0.018117500377673422,
        0.28720382932946087,
        0.06176475054537878,
        0.0367632729744073,
        0.02470865024073282,
        0.018495404384302673,
        0.3262237152680755,
        0.06542695592576638,
        0.0381313764648512,
        0.025715394868748263,
        0.01923310337844305,
        0.36158030696958304,
        0.06823279197188094,
        0.04022394085070118,
        0.02721842885419028,
        0.020029318227956536,
        0.4207142442017794,
        0.07902721796929836,
        0.04847698698448948,
        0.03329788940877188,
        0.02495525807229569,
        0.5113048659171909,
        0.09570584824122488,
        0.0589669573251158,
        0.04310493405011948,
        0.03314304250420537,
        0.6196093198470771,
        0.11244484924059361,
        0.07369822041131556,
        0.05500207906030118,
        0.043871745357522744,
        0.7580590814724565,
        0.11904605981055646,
        0.07857053490541875,
        0.06033477424550802,
        0.049502436879090964,
        1.0042987700253725,
        0.18111393646523358,
        0.09834646155405789,
        0.07625080582685768,
        0.06434746067086235,
        1.126330951616168,
        0.1684572743549943,
        0.10469582927133889,
        0.08315697360411287,
        0.07088453743513673,
        1.2872574193328619,
        0.2024212260786444,
        0.11776290478743613,
        0.0935906659513712,
        0.0814008840629831,
        1.4998787100613118,
        0.2582789797820151,
        0.1515430976115167,
        0.12322167890612036,
        0.10843801596667618,
        1.8982384168505668,
        0.5995313580185175,
        0.22899180705845357,
        0.1676986746005714,
        0.14467821420542895,
        2.002861541867256,
        0.880440295279026,
        0.5616407183110714,
        0.4307218745946884,
        0.34896926967799663
    ],
    "train_acc": [
        96.3,
        96.92,
        97.56,
        97.7,
        97.53,
        96.43,
        97.28,
        97.49,
        97.72,
        97.68,
        96.39,
        97.65,
        97.7,
        97.59,
        97.77,
        97.03,
        97.85000000000001,
        97.86,
        98.19,
        98.02,
        97.05,
        97.7,
        97.98,
        97.82,
        98.25,
        97.31,
        97.89999999999999,
        98.1,
        97.94,
        98.11,
        97.2,
        97.91,
        97.97,
        97.89999999999999,
        97.87,
        97.26,
        97.78999999999999,
        97.94,
        98.2,
        98.03,
        97.15,
        98.02,
        98.15,
        98.06,
        98.22,
        97.0,
        97.71,
        98.13,
        98.19,
        98.22999999999999,
        96.66,
        97.72999999999999,
        97.82,
        97.96000000000001,
        97.89999999999999,
        96.06,
        97.27,
        97.63,
        97.81,
        97.87,
        95.63000000000001,
        96.97,
        97.31,
        97.54,
        97.7,
        95.46,
        96.85000000000001,
        97.26,
        97.53,
        97.65,
        94.15,
        96.11,
        96.87,
        97.11,
        97.22,
        93.57,
        95.96000000000001,
        96.58,
        96.89999999999999,
        96.96000000000001,
        92.93,
        95.77,
        96.25,
        96.64,
        96.64,
        91.08000000000001,
        95.06,
        95.8,
        96.24000000000001,
        96.35000000000001,
        66.5,
        93.17999999999999,
        94.61,
        95.23,
        95.55,
        71.67,
        87.57000000000001,
        90.25999999999999,
        91.0,
        91.72
    ],
    "train_loss": [
        0.12087159999785665,
        0.10425772309347899,
        0.08395786627619611,
        0.08799557852932437,
        0.08143898156718322,
        0.11789007869710823,
        0.08547928267364908,
        0.07788249791716922,
        0.07154664340844478,
        0.07516439247619874,
        0.110699217136347,
        0.07427061831266313,
        0.0694348286491579,
        0.07672579345449493,
        0.07706473561834745,
        0.09705504833045833,
        0.07290783970934635,
        0.06842686884763266,
        0.066262941015954,
        0.06541714166300817,
        0.09977807180431789,
        0.07566769077013175,
        0.06504142007924349,
        0.07120082059158514,
        0.062129267769890785,
        0.09042075959530597,
        0.06865071747340486,
        0.06435467524615725,
        0.06852750620500793,
        0.0657871737619611,
        0.09356309733392593,
        0.06794811142775826,
        0.0645255154879864,
        0.06954380650907019,
        0.07420161348059327,
        0.0950479854405774,
        0.07189657724557255,
        0.06501767959607442,
        0.06389380376897529,
        0.06883661258891838,
        0.09612627563897722,
        0.06623359554597807,
        0.06338992678702525,
        0.063117445091031,
        0.06184962110574396,
        0.10609422254928215,
        0.07167483071662753,
        0.06121093119371928,
        0.062324312770694584,
        0.06601453323543217,
        0.11390963632858798,
        0.07803212064123172,
        0.07387495770336625,
        0.06746724418860799,
        0.06896997594782067,
        0.13780350394234686,
        0.09300224321286478,
        0.07938738161987977,
        0.07419988860984049,
        0.07053136067119187,
        0.1557253379107057,
        0.10864411034582261,
        0.0928089028324731,
        0.08555792806067777,
        0.08199684990954748,
        0.16338785916209936,
        0.11051561156968157,
        0.09260982757400789,
        0.08547046810700865,
        0.08051914104238198,
        0.2801850008036562,
        0.13735258264723652,
        0.11084792320755962,
        0.10321604268636532,
        0.10025676435785379,
        0.27268227573461873,
        0.1438704754677629,
        0.12014507374051445,
        0.11047796232480846,
        0.1078095067136302,
        0.3414970682766623,
        0.15681833611009363,
        0.12882338958362977,
        0.1196557386293115,
        0.11508518149016682,
        0.4279558726413521,
        0.18516532541392092,
        0.15293329280472087,
        0.13886480965835604,
        0.13097955488382343,
        1.0403801070715852,
        0.30000161500034217,
        0.20094764676547336,
        0.17190961237483754,
        0.1596318697278014,
        1.2377283737331093,
        0.656574987187357,
        0.49095161964079576,
        0.40035662001478456,
        0.342946126967847
    ],
    "sparsity": [
        0.0,
        0.0,
        0.0,
        0.0,
        0.0,
        0.2,
        0.2,
        0.2,
        0.2,
        0.2,
        0.3599977495217734,
        0.3599977495217734,
        0.3599977495217734,
        0.3599977495217734,
        0.3599977495217734,
        0.4879899478639211,
        0.4879899478639211,
        0.4879899478639211,
        0.4879899478639211,
        0.4879899478639211,
        0.5903829563782304,
        0.5903829563782304,
        0.5903829563782304,
        0.5903829563782304,
        0.5903829563782304,
        0.6722966130302689,
        0.6722966130302689,
        0.6722966130302689,
        0.6722966130302689,
        0.6722966130302689,
        0.7378267881924909,
        0.7378267881924909,
        0.7378267881924909,
        0.7378267881924909,
        0.7378267881924909,
        0.7902516784816773,
        0.7902516784816773,
        0.7902516784816773,
        0.7902516784816773,
        0.7902516784816773,
        0.8321893402347998,
        0.8321893402347998,
        0.8321893402347998,
        0.8321893402347998,
        0.8321893402347998,
        0.8657364689996624,
        0.8657364689996624,
        0.8657364689996624,
        0.8657364689996624,
        0.8657364689996624,
        0.8925809234462323,
        0.8925809234462323,
        0.8925809234462323,
        0.8925809234462323,
        0.8925809234462323,
        0.9140504857282172,
        0.9140504857282172,
        0.9140504857282172,
        0.9140504857282172,
        0.9140504857282172,
        0.9312291361914407,
        0.9312291361914407,
        0.9312291361914407,
        0.9312291361914407,
        0.9312291361914407,
        0.944968305764975,
        0.944968305764975,
        0.944968305764975,
        0.944968305764975,
        0.944968305764975,
        0.9559618919020292,
        0.9559618919020292,
        0.9559618919020292,
        0.9559618919020292,
        0.9559618919020292,
        0.9647612617681257,
        0.9647612617681257,
        0.9647612617681257,
        0.9647612617681257,
        0.9647612617681257,
        0.9717977570233675,
        0.9717977570233675,
        0.9717977570233675,
        0.9717977570233675,
        0.9717977570233675,
        0.9774314541840141,
        0.9774314541840141,
        0.9774314541840141,
        0.9774314541840141,
        0.9774314541840141,
        0.981928659840216,
        0.981928659840216,
        0.981928659840216,
        0.981928659840216,
        0.981928659840216,
        0.9855294250028132,
        0.9855294250028132,
        0.9855294250028132,
        0.9855294250028132,
        0.9855294250028132
    ]
}