{
    "args": {
        "load_last_pretrained": false,
        "model": "lenet",
        "dataset": "mnist",
        "epochs": 100,
        "batch_size": 60,
        "initialization": "kaiming-uniform",
        "learning_rate": 0.0012,
        "forget_model": false,
        "disable_cuda": false,
        "pruning_rate": 0.2,
        "pruning_interval": 5,
        "seed": 52
    },
    "test_acc": [
        97.09666666666666,
        98.11833333333333,
        98.93833333333333,
        99.07166666666667,
        99.22,
        96.89,
        98.06166666666667,
        98.83333333333333,
        99.105,
        99.12333333333333,
        97.13666666666667,
        98.06166666666667,
        98.65166666666667,
        99.035,
        99.44,
        97.45833333333334,
        98.56,
        99.09333333333333,
        99.16833333333334,
        99.37333333333333,
        97.34833333333334,
        98.74833333333333,
        99.09,
        99.40333333333334,
        99.52,
        97.36833333333334,
        98.71166666666666,
        99.28833333333333,
        99.495,
        99.60666666666667,
        97.78999999999999,
        98.94333333333334,
        99.20333333333333,
        99.555,
        99.72666666666666,
        97.905,
        98.92833333333333,
        99.44666666666667,
        99.62333333333333,
        99.78,
        97.40333333333334,
        98.87166666666667,
        99.40166666666667,
        99.64833333333334,
        99.69166666666666,
        97.39833333333333,
        98.85833333333333,
        99.225,
        99.54166666666666,
        99.63833333333334,
        97.02666666666667,
        98.56166666666667,
        99.125,
        99.385,
        99.48166666666667,
        96.53333333333333,
        98.22,
        98.75500000000001,
        99.16333333333334,
        99.36166666666666,
        95.77833333333334,
        97.79333333333334,
        98.61333333333333,
        98.90833333333333,
        99.20833333333333,
        95.44500000000001,
        97.365,
        98.16666666666667,
        98.58166666666666,
        98.81833333333333,
        94.20333333333333,
        96.74333333333334,
        97.64333333333333,
        98.16333333333334,
        98.39,
        93.44,
        95.985,
        97.19833333333334,
        97.69833333333334,
        98.07666666666667,
        68.89,
        92.31,
        94.45,
        95.565,
        96.275,
        70.93333333333334,
        92.415,
        94.41166666666668,
        95.32166666666667,
        95.92833333333334,
        66.83666666666667,
        89.64999999999999,
        93.22666666666667,
        94.39999999999999,
        94.82000000000001,
        64.48,
        82.20833333333334,
        92.655,
        93.43833333333333,
        94.04333333333334
    ],
    "test_loss": [
        0.21444422045350076,
        0.08803236551908776,
        0.05990870100096799,
        0.0437312422550749,
        0.03446137304184958,
        0.27168282565660773,
        0.09338412804855034,
        0.061859114514198156,
        0.04388656459120102,
        0.03352369719897979,
        0.25725605671852825,
        0.08663135425653308,
        0.05615652907500043,
        0.0406326245511882,
        0.03072526886156993,
        0.2537651603110135,
        0.07768719845963643,
        0.050083226277725774,
        0.03444143384473864,
        0.026252849244003302,
        0.25119655790086837,
        0.07114046300947666,
        0.04318820284411777,
        0.030847817312460394,
        0.022137218360760016,
        0.25921324316132816,
        0.06714721341058612,
        0.03953451203485019,
        0.027223584359278904,
        0.019205785051774,
        0.26816278909519314,
        0.0612780766938813,
        0.03575362181826495,
        0.024717598515504504,
        0.017159613588126375,
        0.28662986480258407,
        0.060529932480305436,
        0.03444413553725462,
        0.024145163765701,
        0.016566026044951287,
        0.31830624366737903,
        0.06459095491329209,
        0.03693551955360454,
        0.024906653607729822,
        0.017720844694180414,
        0.3660617844546214,
        0.07089328736392782,
        0.0415354196021799,
        0.028608179310278502,
        0.020709880535956474,
        0.43225336956232785,
        0.07840794954029844,
        0.04693315209308639,
        0.032497932424535976,
        0.024426075313065666,
        0.5154026589002461,
        0.09107914895191789,
        0.056106156291440126,
        0.040674536422360685,
        0.03146546084550209,
        0.6436607794240117,
        0.10833800888434053,
        0.06664381352998316,
        0.04834301156108268,
        0.038852144045056776,
        0.7758122458048164,
        0.12564261158835144,
        0.0812101978440769,
        0.06106994367111474,
        0.049430052862269806,
        0.971424940969795,
        0.15465890748426317,
        0.10086336785089224,
        0.07700288783060387,
        0.06358459383854642,
        1.204595484174788,
        0.17371986593864858,
        0.11745518449507654,
        0.09186114108096809,
        0.07721410220954567,
        1.6116478877067566,
        0.6661466082036496,
        0.4350386666506529,
        0.26170183067023756,
        0.1744029068797827,
        1.5617433513998986,
        0.6675263728499412,
        0.44181163926422595,
        0.29242412336170676,
        0.1970810766145587,
        1.802600070655346,
        0.7815405814349652,
        0.5238918256759644,
        0.3733294260054827,
        0.2782680816054344,
        1.9762824863195418,
        0.8664331092238426,
        0.5691576909720898,
        0.4104636888951063,
        0.30230695906281474
    ],
    "train_acc": [
        96.76,
        97.11,
        97.50999999999999,
        97.76,
        97.83,
        96.39,
        97.18,
        97.78999999999999,
        97.94,
        97.69,
        96.72,
        97.28999999999999,
        97.50999999999999,
        97.71,
        97.97,
        96.89,
        97.72999999999999,
        97.83,
        97.71,
        98.11,
        96.84,
        97.82,
        97.86,
        98.08,
        98.0,
        96.95,
        97.72999999999999,
        98.06,
        98.06,
        98.1,
        97.2,
        97.88,
        97.89,
        98.27,
        98.1,
        97.28999999999999,
        98.09,
        98.25,
        98.24000000000001,
        98.16,
        97.09,
        98.07000000000001,
        97.94,
        98.14,
        98.09,
        96.76,
        97.74000000000001,
        98.05,
        97.96000000000001,
        98.11,
        96.53,
        97.63,
        98.0,
        98.0,
        98.05,
        96.27,
        97.35000000000001,
        97.68,
        97.74000000000001,
        97.91,
        95.75,
        97.15,
        97.61999999999999,
        97.7,
        97.94,
        95.22,
        96.86,
        97.28999999999999,
        97.58,
        97.64,
        94.14,
        96.1,
        97.0,
        97.23,
        97.35000000000001,
        93.75,
        95.78999999999999,
        96.64,
        96.98,
        97.22,
        68.78,
        91.83,
        93.75,
        94.67999999999999,
        95.28,
        70.56,
        91.83,
        93.58999999999999,
        94.76,
        94.96,
        66.99000000000001,
        89.53999999999999,
        92.71000000000001,
        93.64,
        93.95,
        64.92999999999999,
        82.05,
        92.08,
        92.80000000000001,
        93.42
    ],
    "train_loss": [
        0.10651210403281772,
        0.08850248668950698,
        0.08001588203269475,
        0.07648105723337231,
        0.07692909874994458,
        0.11542234136472027,
        0.08872682480336708,
        0.07061333871519047,
        0.06652648243662751,
        0.07433984603859696,
        0.10839864630586729,
        0.08871408200872961,
        0.08030425194472432,
        0.07597022858018915,
        0.06630232270484969,
        0.10242450401231558,
        0.0716315738405073,
        0.0661351184275637,
        0.07084592632478114,
        0.06971004606792033,
        0.0983409743343374,
        0.07242115543776019,
        0.065670174605096,
        0.06334638253236356,
        0.06758497680034098,
        0.10082245531664816,
        0.07343058623401393,
        0.06022783943652705,
        0.06155452242924157,
        0.06301765020938122,
        0.09262632712454139,
        0.06730415935009093,
        0.065059853148853,
        0.05878622816878366,
        0.06202839541076097,
        0.0907686339289753,
        0.06533273492108829,
        0.05769002432990707,
        0.05568388392688695,
        0.06405690801338625,
        0.09960373228382387,
        0.06509585453972533,
        0.05936910857413031,
        0.059459962790084635,
        0.06628934572336492,
        0.10936708930143696,
        0.07236264802203207,
        0.06347454488584159,
        0.06423462571333648,
        0.06473085505073656,
        0.11737758786735421,
        0.07529804552765842,
        0.0666182891655334,
        0.06347457579445807,
        0.0667529334903215,
        0.13206902677249052,
        0.08535927135363489,
        0.07556416352229293,
        0.06978168378829465,
        0.06886032443775232,
        0.15375577454304623,
        0.09714678384943637,
        0.0789028182151744,
        0.07323996329813928,
        0.06937813929081364,
        0.16905121688178915,
        0.10943679740195146,
        0.09255755882609837,
        0.07930002040592228,
        0.07998126950588992,
        0.20612042446336346,
        0.1310321959460567,
        0.10551803635466776,
        0.09375921976724695,
        0.08837506738296169,
        0.22713741338895466,
        0.14259919112626307,
        0.11589371760983667,
        0.10258020995976683,
        0.09513375598903813,
        0.8708225178147504,
        0.5377367278059085,
        0.35935297144387296,
        0.2248700817009646,
        0.179412547253563,
        0.8646331772118986,
        0.5441850143635344,
        0.38304955498900956,
        0.2559139833389642,
        0.20481794352035324,
        1.0191914246467773,
        0.6285947213272849,
        0.4568417179370355,
        0.3356386414188111,
        0.2712826095744521,
        1.19308762778779,
        0.6788452264077649,
        0.4972703135656026,
        0.36469512481889327,
        0.29093296344051817
    ],
    "sparsity": [
        0.0,
        0.0,
        0.0,
        0.0,
        0.0,
        0.2,
        0.2,
        0.2,
        0.2,
        0.2,
        0.3599977495217734,
        0.3599977495217734,
        0.3599977495217734,
        0.3599977495217734,
        0.3599977495217734,
        0.4879899478639211,
        0.4879899478639211,
        0.4879899478639211,
        0.4879899478639211,
        0.4879899478639211,
        0.5903829563782304,
        0.5903829563782304,
        0.5903829563782304,
        0.5903829563782304,
        0.5903829563782304,
        0.6722966130302689,
        0.6722966130302689,
        0.6722966130302689,
        0.6722966130302689,
        0.6722966130302689,
        0.7378267881924909,
        0.7378267881924909,
        0.7378267881924909,
        0.7378267881924909,
        0.7378267881924909,
        0.7902516784816773,
        0.7902516784816773,
        0.7902516784816773,
        0.7902516784816773,
        0.7902516784816773,
        0.8321893402347998,
        0.8321893402347998,
        0.8321893402347998,
        0.8321893402347998,
        0.8321893402347998,
        0.8657364689996624,
        0.8657364689996624,
        0.8657364689996624,
        0.8657364689996624,
        0.8657364689996624,
        0.8925809234462323,
        0.8925809234462323,
        0.8925809234462323,
        0.8925809234462323,
        0.8925809234462323,
        0.9140504857282172,
        0.9140504857282172,
        0.9140504857282172,
        0.9140504857282172,
        0.9140504857282172,
        0.9312291361914407,
        0.9312291361914407,
        0.9312291361914407,
        0.9312291361914407,
        0.9312291361914407,
        0.944968305764975,
        0.944968305764975,
        0.944968305764975,
        0.944968305764975,
        0.944968305764975,
        0.9559618919020292,
        0.9559618919020292,
        0.9559618919020292,
        0.9559618919020292,
        0.9559618919020292,
        0.9647612617681257,
        0.9647612617681257,
        0.9647612617681257,
        0.9647612617681257,
        0.9647612617681257,
        0.9717977570233675,
        0.9717977570233675,
        0.9717977570233675,
        0.9717977570233675,
        0.9717977570233675,
        0.9774314541840141,
        0.9774314541840141,
        0.9774314541840141,
        0.9774314541840141,
        0.9774314541840141,
        0.981928659840216,
        0.981928659840216,
        0.981928659840216,
        0.981928659840216,
        0.981928659840216,
        0.9855294250028132,
        0.9855294250028132,
        0.9855294250028132,
        0.9855294250028132,
        0.9855294250028132
    ]
}