{
    "args": {
        "load_last_pretrained": false,
        "model": "lenet",
        "dataset": "mnist",
        "epochs": 100,
        "batch_size": 60,
        "initialization": "xavier-normal-half",
        "learning_rate": 0.0012,
        "forget_model": false,
        "disable_cuda": false,
        "pruning_rate": 0.2,
        "pruning_interval": 5,
        "seed": 46
    },
    "test_acc": [
        96.875,
        98.30166666666666,
        98.41499999999999,
        98.88833333333334,
        99.00666666666666,
        97.16833333333334,
        98.14500000000001,
        98.72666666666666,
        99.11333333333333,
        99.40833333333333,
        97.07166666666667,
        98.395,
        98.76,
        99.11333333333333,
        99.33999999999999,
        97.23833333333334,
        98.50833333333333,
        99.11333333333333,
        99.175,
        99.46666666666667,
        97.46666666666667,
        98.61333333333333,
        99.03333333333333,
        99.42999999999999,
        99.43666666666667,
        97.6,
        98.93166666666666,
        99.33666666666666,
        99.48833333333333,
        99.59666666666666,
        97.71166666666666,
        98.98,
        99.20333333333333,
        99.30499999999999,
        99.625,
        97.76333333333334,
        98.97166666666666,
        99.425,
        99.61333333333333,
        99.675,
        97.56166666666667,
        98.91166666666666,
        99.25,
        99.51666666666667,
        99.69333333333333,
        97.50666666666666,
        98.74000000000001,
        99.28833333333333,
        99.58,
        99.63333333333333,
        97.03,
        98.47,
        99.13,
        99.3,
        99.61333333333333,
        96.57,
        98.11999999999999,
        98.75833333333334,
        99.08333333333333,
        99.37,
        95.80499999999999,
        97.58666666666667,
        98.535,
        98.81833333333333,
        99.15666666666667,
        95.15333333333334,
        97.3,
        98.07333333333334,
        98.47,
        98.79666666666667,
        94.53,
        96.76,
        97.72999999999999,
        98.20833333333333,
        98.345,
        93.17,
        95.99499999999999,
        97.11166666666666,
        97.60166666666666,
        97.91333333333333,
        91.96833333333333,
        95.55333333333334,
        96.65833333333333,
        97.15333333333334,
        97.56333333333333,
        74.435,
        91.04333333333334,
        93.59666666666666,
        94.54666666666667,
        95.22500000000001,
        66.25833333333333,
        81.88,
        83.99333333333333,
        84.89833333333333,
        85.37833333333333,
        55.80833333333334,
        78.12833333333333,
        82.66,
        83.83500000000001,
        84.66166666666666
    ],
    "test_loss": [
        0.2537705671712756,
        0.09756483333045617,
        0.0668005614480935,
        0.04948158122191671,
        0.03730863692471757,
        0.2621325969751924,
        0.09136195268528537,
        0.06014619050279725,
        0.04520448524225503,
        0.033985123722901335,
        0.24919119862094521,
        0.08715150040574372,
        0.057608229612233115,
        0.04083303992741276,
        0.029671687898255188,
        0.24989577917940914,
        0.07919883933570236,
        0.05049928266752977,
        0.03483174107864034,
        0.02583473306367523,
        0.24849070697557182,
        0.07351809547049924,
        0.046075956820393914,
        0.03112673474336043,
        0.02221891562192468,
        0.2573653545146808,
        0.06658992521464825,
        0.04029210171033628,
        0.027110722864279523,
        0.020463773821742505,
        0.2715775381503627,
        0.06284541239915416,
        0.037101814741734414,
        0.024895297781855334,
        0.01742615764634684,
        0.2937139856116846,
        0.06309733023494482,
        0.03549988328292966,
        0.02367804976826301,
        0.017420088215032593,
        0.3282483909260482,
        0.06647327816020697,
        0.037273573143291286,
        0.025500097730604465,
        0.017818823258334306,
        0.36588831468112765,
        0.06986669110879302,
        0.040553472399013114,
        0.027013535691890866,
        0.019656280534283723,
        0.42261616661958396,
        0.08017255861731246,
        0.04670945060811937,
        0.032119098805822435,
        0.023056301877018997,
        0.5236690121330321,
        0.09424917305633426,
        0.058459326018579304,
        0.0420607475922443,
        0.032266974020632916,
        0.6440082943812012,
        0.11157522195857018,
        0.06969618463423104,
        0.050930787032237274,
        0.04007154922932386,
        0.7969934297464788,
        0.12941784703172743,
        0.08339561528805643,
        0.06270521680824459,
        0.050851683059474455,
        0.978099222406745,
        0.1522567786946893,
        0.09719646403286607,
        0.07524648976372555,
        0.0627462174356915,
        1.2305742463096976,
        0.1869061124175787,
        0.12280321578495204,
        0.09593251111451537,
        0.08042390451300889,
        1.476391201645136,
        0.21183635848760604,
        0.13823882156051695,
        0.1102600917480886,
        0.09459463700000197,
        1.7776815541386604,
        0.656572202116251,
        0.4597085926234722,
        0.3359301353096962,
        0.24960689789801835,
        1.896762232542038,
        1.0280334350466729,
        0.7025233462452889,
        0.5469361230134964,
        0.4480707619637251,
        1.9831967180967331,
        1.2232881335020065,
        0.889446315228939,
        0.7165866087973117,
        0.5704043669998646
    ],
    "train_acc": [
        96.56,
        97.39999999999999,
        97.41,
        97.78999999999999,
        97.55,
        96.78999999999999,
        97.44,
        97.68,
        97.81,
        98.11,
        96.59,
        97.64,
        97.56,
        97.96000000000001,
        98.08,
        96.73,
        97.84,
        97.95,
        98.11,
        97.89999999999999,
        96.95,
        97.72,
        97.92999999999999,
        98.02,
        97.94,
        97.1,
        97.92,
        98.2,
        98.07000000000001,
        97.97,
        97.14,
        97.99,
        98.1,
        97.76,
        98.15,
        97.19,
        97.92999999999999,
        98.15,
        98.00999999999999,
        98.02,
        97.16,
        97.92999999999999,
        97.95,
        98.06,
        98.11999999999999,
        97.05,
        97.85000000000001,
        98.03,
        98.11,
        97.95,
        96.6,
        97.76,
        98.1,
        98.26,
        98.17,
        96.25,
        97.5,
        97.75,
        97.87,
        97.89,
        95.69,
        96.83,
        97.61999999999999,
        97.69,
        97.92,
        94.87,
        96.64,
        97.34,
        97.43,
        97.48,
        94.44,
        96.28999999999999,
        97.05,
        97.3,
        97.42,
        93.2,
        95.67,
        96.69,
        96.76,
        96.98,
        92.23,
        95.39999999999999,
        96.24000000000001,
        96.52,
        96.67,
        75.71,
        90.92,
        92.82000000000001,
        93.77,
        94.28,
        65.94,
        81.86,
        83.75,
        84.55,
        84.92,
        56.03,
        77.98,
        82.35,
        83.6,
        84.37
    ],
    "train_loss": [
        0.11066671324235772,
        0.08423110660901684,
        0.08441466738018179,
        0.07513758662424447,
        0.07896442430980592,
        0.10759837913722871,
        0.08172843228150048,
        0.07543935137243195,
        0.07252112110242984,
        0.0670481609026511,
        0.10879334690841194,
        0.07898261072950627,
        0.08102351853702061,
        0.07126417401606429,
        0.06951891397447381,
        0.10490397690700556,
        0.06947700230371275,
        0.06677237613556047,
        0.0636047429278281,
        0.07430528281646931,
        0.0998316984790974,
        0.0730979549252389,
        0.06862510127032143,
        0.06744636235267905,
        0.07551385426923805,
        0.09777709230234077,
        0.06558181051287555,
        0.058757832080047735,
        0.06298232873661923,
        0.06601341118622002,
        0.09247115338053889,
        0.0652302936818116,
        0.06477866826012932,
        0.0751417482980739,
        0.06545697632148126,
        0.09293628008311201,
        0.06505212022136607,
        0.060091282885164736,
        0.06143463328257649,
        0.06579462671025048,
        0.09794420481821199,
        0.06500882296376823,
        0.0651405410810435,
        0.06351041916198749,
        0.06408049757899104,
        0.10147649014067507,
        0.07014890511180023,
        0.06238422248914035,
        0.060820932490305006,
        0.06617894984396944,
        0.11638379727161216,
        0.07396908131188261,
        0.06304699721088086,
        0.05950760166439601,
        0.06010263592066121,
        0.1362900495038418,
        0.0880915029866699,
        0.07611141188912272,
        0.0676481504729408,
        0.06673028383928234,
        0.15652486710937438,
        0.10102585399757602,
        0.07841149445701234,
        0.07314926056012869,
        0.06841494992771326,
        0.18206065493875634,
        0.11533545014520961,
        0.09448255190045801,
        0.08869705927519206,
        0.08421728900748077,
        0.20699264680197138,
        0.13147022592985702,
        0.10528750461665634,
        0.0942032766210551,
        0.09428389404459807,
        0.2523095383794008,
        0.15949589913030585,
        0.12490063690452162,
        0.11399853626589575,
        0.10724270528650837,
        0.2980771689357872,
        0.16870189977887862,
        0.13727051861762643,
        0.12335977192499681,
        0.11588979971422228,
        0.8366169486930984,
        0.5448144183544341,
        0.40381887010828466,
        0.31223746563146215,
        0.24964640454617804,
        1.2875668788384536,
        0.826659135832758,
        0.6309186796585243,
        0.5205762996645031,
        0.45142278878274794,
        1.5357948441705305,
        1.015573924173138,
        0.8181266916726164,
        0.6671508921834524,
        0.5506048031195909
    ],
    "sparsity": [
        0.0,
        0.0,
        0.0,
        0.0,
        0.0,
        0.2,
        0.2,
        0.2,
        0.2,
        0.2,
        0.3599977495217734,
        0.3599977495217734,
        0.3599977495217734,
        0.3599977495217734,
        0.3599977495217734,
        0.4879899478639211,
        0.4879899478639211,
        0.4879899478639211,
        0.4879899478639211,
        0.4879899478639211,
        0.5903829563782304,
        0.5903829563782304,
        0.5903829563782304,
        0.5903829563782304,
        0.5903829563782304,
        0.6722966130302689,
        0.6722966130302689,
        0.6722966130302689,
        0.6722966130302689,
        0.6722966130302689,
        0.7378267881924909,
        0.7378267881924909,
        0.7378267881924909,
        0.7378267881924909,
        0.7378267881924909,
        0.7902516784816773,
        0.7902516784816773,
        0.7902516784816773,
        0.7902516784816773,
        0.7902516784816773,
        0.8321893402347998,
        0.8321893402347998,
        0.8321893402347998,
        0.8321893402347998,
        0.8321893402347998,
        0.8657364689996624,
        0.8657364689996624,
        0.8657364689996624,
        0.8657364689996624,
        0.8657364689996624,
        0.8925809234462323,
        0.8925809234462323,
        0.8925809234462323,
        0.8925809234462323,
        0.8925809234462323,
        0.9140504857282172,
        0.9140504857282172,
        0.9140504857282172,
        0.9140504857282172,
        0.9140504857282172,
        0.9312291361914407,
        0.9312291361914407,
        0.9312291361914407,
        0.9312291361914407,
        0.9312291361914407,
        0.944968305764975,
        0.944968305764975,
        0.944968305764975,
        0.944968305764975,
        0.944968305764975,
        0.9559618919020292,
        0.9559618919020292,
        0.9559618919020292,
        0.9559618919020292,
        0.9559618919020292,
        0.9647612617681257,
        0.9647612617681257,
        0.9647612617681257,
        0.9647612617681257,
        0.9647612617681257,
        0.9717977570233675,
        0.9717977570233675,
        0.9717977570233675,
        0.9717977570233675,
        0.9717977570233675,
        0.9774314541840141,
        0.9774314541840141,
        0.9774314541840141,
        0.9774314541840141,
        0.9774314541840141,
        0.981928659840216,
        0.981928659840216,
        0.981928659840216,
        0.981928659840216,
        0.981928659840216,
        0.9855294250028132,
        0.9855294250028132,
        0.9855294250028132,
        0.9855294250028132,
        0.9855294250028132
    ]
}