{
    "args": {
        "load_last_pretrained": false,
        "model": "lenet",
        "dataset": "mnist",
        "epochs": 100,
        "batch_size": 60,
        "initialization": "xavier-normal-half",
        "learning_rate": 0.0012,
        "forget_model": false,
        "disable_cuda": false,
        "pruning_rate": 0.2,
        "pruning_interval": 5,
        "seed": 47
    },
    "test_acc": [
        97.11999999999999,
        98.00666666666666,
        98.79166666666667,
        98.79666666666667,
        99.01333333333334,
        96.95666666666666,
        97.94500000000001,
        98.89333333333333,
        98.745,
        99.33,
        97.30833333333334,
        98.235,
        98.83999999999999,
        99.18333333333334,
        99.36833333333334,
        97.38833333333334,
        98.61833333333333,
        98.86833333333334,
        99.28333333333333,
        99.43833333333333,
        97.63666666666667,
        98.60666666666667,
        99.075,
        99.52166666666666,
        99.52333333333333,
        97.77166666666666,
        98.855,
        99.195,
        99.46000000000001,
        99.54833333333333,
        97.58333333333333,
        98.855,
        99.35833333333333,
        99.55166666666668,
        99.66333333333334,
        97.785,
        98.95,
        99.34166666666667,
        99.565,
        99.67166666666667,
        97.60333333333332,
        98.87833333333333,
        99.45333333333333,
        99.54166666666666,
        99.75666666666667,
        97.26833333333333,
        98.75666666666667,
        99.09833333333333,
        99.52166666666666,
        99.69,
        97.005,
        98.56333333333333,
        99.06333333333333,
        99.28833333333333,
        99.565,
        96.74000000000001,
        98.235,
        98.935,
        99.21666666666667,
        99.39166666666667,
        96.11,
        97.88,
        98.56666666666666,
        98.855,
        99.02333333333333,
        95.02333333333334,
        97.23833333333334,
        97.95666666666666,
        98.41666666666666,
        98.66166666666668,
        94.36,
        96.905,
        97.86,
        98.20833333333333,
        98.44666666666667,
        93.15666666666667,
        96.42500000000001,
        97.35833333333333,
        97.81333333333333,
        98.225,
        92.74,
        95.92333333333333,
        96.875,
        97.38,
        97.61166666666666,
        81.85,
        95.07,
        96.30499999999999,
        96.84333333333333,
        97.21833333333333,
        69.90166666666666,
        94.44833333333334,
        95.80333333333333,
        96.34166666666667,
        96.615,
        65.48666666666666,
        93.015,
        94.62166666666667,
        95.355,
        95.745
    ],
    "test_loss": [
        0.25558085909299555,
        0.09738259022682905,
        0.06675581196974963,
        0.04784374324104283,
        0.035962899868172825,
        0.26289990710280836,
        0.09323302127607166,
        0.061503276077564804,
        0.04426753401802853,
        0.033902496280963534,
        0.24766059607453644,
        0.0805183516475372,
        0.05418351380340755,
        0.03999955676472746,
        0.031119706917204896,
        0.24548111571464687,
        0.07794112864136696,
        0.050071811674395575,
        0.035018271208158695,
        0.02632808241894236,
        0.24788795630820096,
        0.06892812060564757,
        0.04370223584969062,
        0.030205189845408313,
        0.02134668944426812,
        0.25801023153960706,
        0.06498475350858644,
        0.03830570913152769,
        0.026094652005413083,
        0.019738983798364643,
        0.2723657818203792,
        0.06181239451328292,
        0.036516718865837905,
        0.024972978747799062,
        0.017605529315100284,
        0.2943304013907909,
        0.062179034591885285,
        0.034743528832681475,
        0.022974547424761113,
        0.016792863058275542,
        0.32294044037908315,
        0.0630431755585596,
        0.03583344933320768,
        0.023528849561407696,
        0.016875607072084676,
        0.3736896809060127,
        0.0720706016398035,
        0.041756635090801866,
        0.028025281355308834,
        0.02033799677895149,
        0.44418586541898547,
        0.08072243976546452,
        0.047654579867376014,
        0.0331271200326737,
        0.024126267927815206,
        0.5351440394986421,
        0.09058128766063601,
        0.05467938066041097,
        0.038620185060426596,
        0.029614449779503046,
        0.6470025025419891,
        0.10740219423361122,
        0.06799990602070466,
        0.050159912113798784,
        0.0398366684440989,
        0.9610243284255267,
        0.1330872094836086,
        0.08580955702345819,
        0.06670290918601676,
        0.05575801273598336,
        1.0374315811507404,
        0.14986398460529746,
        0.09684906930755824,
        0.0753363020485267,
        0.06335473354998976,
        1.3088342380821705,
        0.18319830260425807,
        0.11077983235381543,
        0.08580642652092502,
        0.0727560697933659,
        1.4082228197455406,
        0.19993095159530638,
        0.12873695257119835,
        0.10323397547751666,
        0.08965329320542514,
        1.6942266419529914,
        0.3399233334362507,
        0.1530703799230978,
        0.12130929253250361,
        0.10454209840111435,
        1.9138451818823814,
        0.3964890936166048,
        0.17279184844717382,
        0.13869392740353942,
        0.12338843125849962,
        2.0844174311161043,
        0.4982669419199228,
        0.21780433636158705,
        0.17565147565305234,
        0.15635934790223838
    ],
    "train_acc": [
        96.53,
        97.18,
        97.53,
        97.57000000000001,
        97.71,
        96.64,
        97.14,
        97.61,
        97.50999999999999,
        97.66,
        96.5,
        97.57000000000001,
        97.59,
        97.96000000000001,
        97.92999999999999,
        96.96000000000001,
        97.59,
        97.71,
        97.89999999999999,
        98.0,
        96.94,
        97.61999999999999,
        97.82,
        98.33,
        98.1,
        97.24000000000001,
        98.00999999999999,
        97.97,
        98.13,
        98.11,
        97.18,
        98.05,
        98.06,
        98.08,
        98.11,
        97.04,
        97.92999999999999,
        97.99,
        98.2,
        98.31,
        96.99,
        97.87,
        98.2,
        98.14,
        98.22,
        96.59,
        97.98,
        97.96000000000001,
        98.17,
        98.09,
        96.41,
        97.57000000000001,
        97.92999999999999,
        97.94,
        98.13,
        96.13000000000001,
        97.41,
        97.82,
        97.89,
        97.91,
        95.92,
        97.16,
        97.53,
        97.7,
        97.61999999999999,
        95.0,
        96.61999999999999,
        97.11,
        97.3,
        97.34,
        94.36,
        96.13000000000001,
        96.85000000000001,
        97.11999999999999,
        97.14,
        93.32000000000001,
        95.78,
        96.63000000000001,
        96.72,
        97.07000000000001,
        92.85,
        95.39999999999999,
        96.08,
        96.36,
        96.58,
        82.45,
        94.71000000000001,
        95.63000000000001,
        95.98,
        96.22,
        70.64,
        94.15,
        95.24000000000001,
        95.6,
        95.8,
        65.72,
        93.03,
        94.58,
        94.96,
        95.11
    ],
    "train_loss": [
        0.11136462736852512,
        0.08620637283844505,
        0.07939054516651584,
        0.08364870770859482,
        0.07842380258193363,
        0.11049271321403766,
        0.09331390780011961,
        0.07460323299705135,
        0.07999283407604277,
        0.07604988509964081,
        0.10963048030828644,
        0.0796364157845428,
        0.07790554553538026,
        0.06767280126746164,
        0.0703670295613433,
        0.09789093011644429,
        0.07444481771372392,
        0.07144247922310215,
        0.06759718350799822,
        0.06765038174685804,
        0.09678449715950532,
        0.07371819137684822,
        0.06876341937929616,
        0.06229076087304034,
        0.07097022912414845,
        0.0913786089750464,
        0.06462114689102073,
        0.06467166528089005,
        0.06431288059248762,
        0.06498794243908013,
        0.09457676673676083,
        0.06626417549064907,
        0.06297806151557023,
        0.0605476077738034,
        0.06371747761439187,
        0.0969148759735737,
        0.06700238835590774,
        0.062035225614107875,
        0.05986633666576316,
        0.06176957204027525,
        0.10303808555207745,
        0.07233116129680933,
        0.06157105042833366,
        0.063084228406242,
        0.065645822582482,
        0.11118649071205162,
        0.07001941904291778,
        0.06819915012066102,
        0.060709608967616756,
        0.06432411002419042,
        0.12104327032554471,
        0.07772842982873142,
        0.0703089357176684,
        0.06513979291113953,
        0.06313464805500549,
        0.1278857753617678,
        0.088659420358519,
        0.07131484129555345,
        0.07074558310500698,
        0.0681760424391149,
        0.14981129917199026,
        0.09846738506733121,
        0.08516328182339133,
        0.07868234923215371,
        0.07929197407165865,
        0.19512568958505186,
        0.12008718572400823,
        0.10130464476895724,
        0.09239475879940891,
        0.0930481252572806,
        0.21112793554624398,
        0.13005426946558996,
        0.10646648768023281,
        0.10079754022658317,
        0.09698454078153043,
        0.29659410240407474,
        0.14755760262647788,
        0.1201527924416308,
        0.11019645303956227,
        0.10198064373449205,
        0.286116317539158,
        0.16249279811710654,
        0.13604390956907572,
        0.12388891664829975,
        0.11699620890291687,
        0.804082048510363,
        0.19291282855643482,
        0.1533770045477473,
        0.13931454336661064,
        0.12954637721671672,
        0.9618538168376077,
        0.21611605142940304,
        0.16644648313076196,
        0.14955252511036432,
        0.14147045937350053,
        1.1779404607361663,
        0.26107856350209185,
        0.20041555942532546,
        0.17699437089888992,
        0.16749933087629473
    ],
    "sparsity": [
        0.0,
        0.0,
        0.0,
        0.0,
        0.0,
        0.2,
        0.2,
        0.2,
        0.2,
        0.2,
        0.3599977495217734,
        0.3599977495217734,
        0.3599977495217734,
        0.3599977495217734,
        0.3599977495217734,
        0.4879899478639211,
        0.4879899478639211,
        0.4879899478639211,
        0.4879899478639211,
        0.4879899478639211,
        0.5903829563782304,
        0.5903829563782304,
        0.5903829563782304,
        0.5903829563782304,
        0.5903829563782304,
        0.6722966130302689,
        0.6722966130302689,
        0.6722966130302689,
        0.6722966130302689,
        0.6722966130302689,
        0.7378267881924909,
        0.7378267881924909,
        0.7378267881924909,
        0.7378267881924909,
        0.7378267881924909,
        0.7902516784816773,
        0.7902516784816773,
        0.7902516784816773,
        0.7902516784816773,
        0.7902516784816773,
        0.8321893402347998,
        0.8321893402347998,
        0.8321893402347998,
        0.8321893402347998,
        0.8321893402347998,
        0.8657364689996624,
        0.8657364689996624,
        0.8657364689996624,
        0.8657364689996624,
        0.8657364689996624,
        0.8925809234462323,
        0.8925809234462323,
        0.8925809234462323,
        0.8925809234462323,
        0.8925809234462323,
        0.9140504857282172,
        0.9140504857282172,
        0.9140504857282172,
        0.9140504857282172,
        0.9140504857282172,
        0.9312291361914407,
        0.9312291361914407,
        0.9312291361914407,
        0.9312291361914407,
        0.9312291361914407,
        0.944968305764975,
        0.944968305764975,
        0.944968305764975,
        0.944968305764975,
        0.944968305764975,
        0.9559618919020292,
        0.9559618919020292,
        0.9559618919020292,
        0.9559618919020292,
        0.9559618919020292,
        0.9647612617681257,
        0.9647612617681257,
        0.9647612617681257,
        0.9647612617681257,
        0.9647612617681257,
        0.9717977570233675,
        0.9717977570233675,
        0.9717977570233675,
        0.9717977570233675,
        0.9717977570233675,
        0.9774314541840141,
        0.9774314541840141,
        0.9774314541840141,
        0.9774314541840141,
        0.9774314541840141,
        0.981928659840216,
        0.981928659840216,
        0.981928659840216,
        0.981928659840216,
        0.981928659840216,
        0.9855294250028132,
        0.9855294250028132,
        0.9855294250028132,
        0.9855294250028132,
        0.9855294250028132
    ]
}