{
    "args": {
        "load_last_pretrained": false,
        "model": "lenet",
        "dataset": "mnist",
        "epochs": 100,
        "batch_size": 60,
        "initialization": "normal",
        "learning_rate": 0.0012,
        "forget_model": false,
        "disable_cuda": false,
        "pruning_rate": 0.2,
        "pruning_interval": 5,
        "seed": 43
    },
    "test_acc": [
        88.96333333333334,
        91.97333333333333,
        93.87666666666667,
        95.12333333333333,
        95.91499999999999,
        90.74666666666667,
        93.17,
        95.04333333333334,
        96.30333333333333,
        97.13166666666667,
        95.78666666666666,
        97.00999999999999,
        98.07833333333333,
        98.425,
        98.62333333333333,
        97.11833333333333,
        98.24333333333334,
        98.78666666666666,
        99.16,
        99.51666666666667,
        97.47333333333333,
        98.63333333333333,
        99.155,
        99.32833333333333,
        99.615,
        97.545,
        98.78666666666666,
        99.33833333333332,
        99.46000000000001,
        99.44833333333334,
        97.925,
        98.985,
        98.98666666666666,
        99.28666666666666,
        99.75166666666667,
        97.70333333333333,
        98.95666666666668,
        99.41833333333334,
        99.48,
        99.665,
        97.85833333333333,
        98.88833333333334,
        99.42,
        99.655,
        99.71666666666667,
        97.65166666666667,
        98.94500000000001,
        99.38166666666667,
        99.53333333333333,
        99.73666666666666,
        97.24833333333333,
        98.44666666666667,
        99.07833333333333,
        99.425,
        99.64333333333333,
        96.83500000000001,
        98.21,
        98.94166666666668,
        99.25666666666667,
        99.43166666666666,
        96.235,
        97.96000000000001,
        98.56,
        99.02333333333333,
        99.29166666666667,
        95.785,
        97.55166666666668,
        98.27666666666667,
        98.70833333333333,
        98.90666666666667,
        94.97666666666666,
        97.05666666666667,
        97.89833333333333,
        98.30833333333334,
        98.60833333333333,
        94.31166666666667,
        96.78333333333333,
        97.59666666666666,
        97.97666666666667,
        98.33333333333333,
        92.87333333333333,
        96.16166666666666,
        96.98666666666666,
        97.42666666666666,
        97.78666666666666,
        85.15333333333334,
        94.33833333333334,
        95.69,
        96.28833333333333,
        96.61,
        85.98166666666667,
        93.96,
        95.06333333333333,
        95.70166666666667,
        95.75166666666667,
        50.675000000000004,
        70.17999999999999,
        73.14666666666668,
        74.19666666666667,
        74.44
    ],
    "test_loss": [
        66.43696592378616,
        16.07797078794241,
        9.328597411604132,
        6.066468279581395,
        4.127496190655626,
        0.8925219365805388,
        0.2878272301927209,
        0.21858313580602406,
        0.16161325324326753,
        0.12222174046840519,
        0.3906754632219672,
        0.1317089029531926,
        0.08927018196880818,
        0.06548270360543393,
        0.050924728526966646,
        0.2658535413565114,
        0.08882396071590483,
        0.05784983588196337,
        0.040966054737276866,
        0.032090102982532696,
        0.24697900083474814,
        0.07431039245100692,
        0.04856476005690638,
        0.03473912343825213,
        0.02603501493865042,
        0.25569393503014,
        0.0690985817501787,
        0.041676077003590765,
        0.029019511653808876,
        0.02306839828126249,
        0.26568018017709255,
        0.06198627859028056,
        0.03816925300657749,
        0.02662306802457897,
        0.019586616698099534,
        0.28572122537810357,
        0.06034431965649128,
        0.03517240544781089,
        0.02404089849552838,
        0.017687339191528737,
        0.31237184724770484,
        0.062298780017998066,
        0.03573847736185416,
        0.024140037102857604,
        0.017668098613474285,
        0.34648089145310224,
        0.06510876313084736,
        0.037591077322140336,
        0.025157693326007573,
        0.019000459625473014,
        0.3982476845998317,
        0.07565625489875674,
        0.044462061676895245,
        0.03060448183573317,
        0.022817541640193666,
        0.49184473815374075,
        0.08805317297717556,
        0.05412519509950653,
        0.03860223264724482,
        0.029020713188219815,
        0.5966171266511082,
        0.1021985332192853,
        0.0642788042165339,
        0.0467892850690987,
        0.03641846951970365,
        0.7370838723443448,
        0.11668479115143418,
        0.07496271169092507,
        0.05606843308219686,
        0.04531593668903224,
        0.9032346376553178,
        0.13952119148522615,
        0.09094399764202535,
        0.06950626125279814,
        0.057497466786997395,
        1.1172226073145866,
        0.15377039456181227,
        0.10137638394068926,
        0.07974237423902378,
        0.06753233736474067,
        1.3718171397745609,
        0.18612676357477903,
        0.12064865753427148,
        0.09780833834689111,
        0.0852375783897005,
        1.6925382871031762,
        0.3779306810796261,
        0.21164232691377402,
        0.15975334952771664,
        0.13381589515134693,
        1.7375960688591003,
        0.49065291075408457,
        0.2644429201632738,
        0.19597837392240763,
        0.16428526241704822,
        2.070696361541748,
        1.1957464112043381,
        0.883149169743061,
        0.7765308129489422,
        0.7067327618896961
    ],
    "train_acc": [
        88.67,
        91.28,
        92.34,
        92.85,
        93.45,
        90.67,
        93.06,
        94.28999999999999,
        95.86,
        96.39999999999999,
        95.63000000000001,
        96.6,
        97.05,
        97.43,
        97.43,
        96.55,
        97.36,
        97.83,
        97.83,
        98.13,
        97.04,
        97.78,
        97.85000000000001,
        97.86,
        98.24000000000001,
        96.96000000000001,
        97.83,
        98.0,
        98.00999999999999,
        97.87,
        97.43,
        98.0,
        97.86,
        97.96000000000001,
        98.25,
        97.39,
        98.14,
        98.16,
        98.22999999999999,
        98.16,
        97.2,
        97.87,
        98.18,
        98.24000000000001,
        98.38,
        97.28,
        97.98,
        98.06,
        98.09,
        98.2,
        96.74000000000001,
        97.59,
        97.92999999999999,
        98.14,
        98.2,
        96.37,
        97.53,
        97.89,
        97.98,
        98.02,
        95.91,
        97.09,
        97.58,
        97.98,
        97.87,
        95.57,
        97.03,
        97.47,
        97.75,
        97.71,
        94.81,
        96.57,
        97.13000000000001,
        97.39,
        97.49,
        94.28999999999999,
        96.35000000000001,
        96.81,
        97.2,
        97.31,
        92.92,
        95.85000000000001,
        96.46000000000001,
        96.75,
        96.92,
        85.42999999999999,
        94.17,
        95.09,
        95.63000000000001,
        95.94,
        86.15,
        93.69,
        94.65,
        95.23,
        95.19999999999999,
        50.870000000000005,
        70.61,
        73.3,
        74.09,
        74.21
    ],
    "train_loss": [
        20.98850714303776,
        12.896530521133107,
        10.099987555430554,
        8.236794179445951,
        6.798390361630988,
        0.3208287257901923,
        0.24497009532715747,
        0.1880935719404035,
        0.14079354867383748,
        0.1184503874758225,
        0.15137960214145527,
        0.11392994203833406,
        0.09129380082159476,
        0.07884627900471142,
        0.08418319278262823,
        0.11081242334922987,
        0.08574534800394389,
        0.0706025037710962,
        0.07242198845282376,
        0.06299269305818161,
        0.09825050262009312,
        0.07267381963292192,
        0.07074326208672727,
        0.06850149161335706,
        0.058666741580027576,
        0.10056390917252102,
        0.07075613597129098,
        0.06792542651159031,
        0.06944654930123646,
        0.07506342395069357,
        0.08849084295867803,
        0.06475334670701383,
        0.0724072717806369,
        0.07035028584465987,
        0.059928956569150135,
        0.09150113506119943,
        0.0640999229072766,
        0.061242934915900764,
        0.06190542693383724,
        0.0675204882414281,
        0.09479255792489666,
        0.06937693715273976,
        0.06050834608888867,
        0.05866651776285764,
        0.059201825668402354,
        0.09590053083207793,
        0.06552190499514074,
        0.0630227954009782,
        0.06075058683396099,
        0.058755685280434074,
        0.11410243227007147,
        0.07872256636898407,
        0.06470820900264704,
        0.0647599900916531,
        0.060681652880697594,
        0.12514642472127954,
        0.08629780006734375,
        0.07092419355092737,
        0.07089262526526958,
        0.06765906099985705,
        0.14415883353191936,
        0.09570420323173978,
        0.08052777947333759,
        0.07086223644109632,
        0.0710703425477454,
        0.15802127512138403,
        0.10272141459013173,
        0.0864047397284986,
        0.07641765222923752,
        0.07692720269516645,
        0.18818053199413293,
        0.1208152815554581,
        0.09899430750718641,
        0.08995992215182967,
        0.08476658704450833,
        0.2068370179814136,
        0.12991891717705542,
        0.10713884732435028,
        0.09767774020148787,
        0.09202130852144456,
        0.2659670019934991,
        0.15148506744089954,
        0.12440948180497406,
        0.11402956444301648,
        0.1069728233656305,
        0.6163691503559044,
        0.2682154629223361,
        0.1973250683642433,
        0.16857154442075484,
        0.15354084997566161,
        0.8109264195322277,
        0.33469117446216995,
        0.2366267735818903,
        0.1995172781234016,
        0.18338888194300457,
        1.6716196943899828,
        0.9677350795911458,
        0.8397327083313536,
        0.76460402918433,
        0.7218252279444369
    ],
    "sparsity": [
        0.0,
        0.0,
        0.0,
        0.0,
        0.0,
        0.2,
        0.2,
        0.2,
        0.2,
        0.2,
        0.3599977495217734,
        0.3599977495217734,
        0.3599977495217734,
        0.3599977495217734,
        0.3599977495217734,
        0.4879899478639211,
        0.4879899478639211,
        0.4879899478639211,
        0.4879899478639211,
        0.4879899478639211,
        0.5903829563782304,
        0.5903829563782304,
        0.5903829563782304,
        0.5903829563782304,
        0.5903829563782304,
        0.6722966130302689,
        0.6722966130302689,
        0.6722966130302689,
        0.6722966130302689,
        0.6722966130302689,
        0.7378267881924909,
        0.7378267881924909,
        0.7378267881924909,
        0.7378267881924909,
        0.7378267881924909,
        0.7902516784816773,
        0.7902516784816773,
        0.7902516784816773,
        0.7902516784816773,
        0.7902516784816773,
        0.8321893402347998,
        0.8321893402347998,
        0.8321893402347998,
        0.8321893402347998,
        0.8321893402347998,
        0.8657364689996624,
        0.8657364689996624,
        0.8657364689996624,
        0.8657364689996624,
        0.8657364689996624,
        0.8925809234462323,
        0.8925809234462323,
        0.8925809234462323,
        0.8925809234462323,
        0.8925809234462323,
        0.9140504857282172,
        0.9140504857282172,
        0.9140504857282172,
        0.9140504857282172,
        0.9140504857282172,
        0.9312291361914407,
        0.9312291361914407,
        0.9312291361914407,
        0.9312291361914407,
        0.9312291361914407,
        0.944968305764975,
        0.944968305764975,
        0.944968305764975,
        0.944968305764975,
        0.944968305764975,
        0.9559618919020292,
        0.9559618919020292,
        0.9559618919020292,
        0.9559618919020292,
        0.9559618919020292,
        0.9647612617681257,
        0.9647612617681257,
        0.9647612617681257,
        0.9647612617681257,
        0.9647612617681257,
        0.9717977570233675,
        0.9717977570233675,
        0.9717977570233675,
        0.9717977570233675,
        0.9717977570233675,
        0.9774314541840141,
        0.9774314541840141,
        0.9774314541840141,
        0.9774314541840141,
        0.9774314541840141,
        0.981928659840216,
        0.981928659840216,
        0.981928659840216,
        0.981928659840216,
        0.981928659840216,
        0.9855294250028132,
        0.9855294250028132,
        0.9855294250028132,
        0.9855294250028132,
        0.9855294250028132
    ]
}