{
    "args": {
        "load_last_pretrained": false,
        "model": "lenet",
        "dataset": "mnist",
        "epochs": 100,
        "batch_size": 60,
        "initialization": "xavier-normal",
        "learning_rate": 0.0012,
        "forget_model": false,
        "disable_cuda": false,
        "pruning_rate": 0.2,
        "pruning_interval": 5,
        "seed": 47
    },
    "test_acc": [
        97.32166666666666,
        98.11666666666666,
        98.765,
        98.86166666666666,
        98.93166666666666,
        97.18,
        98.17666666666666,
        98.74833333333333,
        98.76333333333334,
        99.35833333333333,
        97.25666666666667,
        98.37333333333333,
        98.71333333333332,
        99.17166666666667,
        99.515,
        97.50999999999999,
        98.41666666666666,
        98.90833333333333,
        99.16833333333334,
        99.53999999999999,
        97.71,
        98.50333333333333,
        99.09333333333333,
        99.59166666666667,
        99.63,
        97.89,
        98.885,
        99.21,
        99.55166666666668,
        99.52333333333333,
        97.80333333333333,
        99.00666666666666,
        99.41333333333333,
        99.535,
        99.72666666666666,
        97.95333333333333,
        99.04333333333334,
        99.43833333333333,
        99.54666666666667,
        99.75,
        97.68666666666667,
        98.885,
        99.465,
        99.52666666666666,
        99.76833333333333,
        97.55166666666668,
        98.86666666666667,
        99.10666666666667,
        99.33666666666666,
        99.62333333333333,
        96.96000000000001,
        98.58166666666666,
        99.11166666666666,
        99.34166666666667,
        99.61333333333333,
        96.735,
        98.33666666666666,
        98.87166666666667,
        99.19333333333333,
        99.385,
        96.23666666666666,
        97.89333333333333,
        98.60666666666667,
        98.91333333333333,
        99.19333333333333,
        95.475,
        97.30666666666666,
        98.09833333333333,
        98.62833333333333,
        98.87333333333333,
        94.77166666666666,
        96.91833333333332,
        97.82166666666666,
        98.27833333333334,
        98.54333333333334,
        93.50833333333334,
        96.20333333333333,
        97.02333333333333,
        97.54,
        97.93833333333333,
        92.24,
        95.52166666666668,
        96.595,
        97.16,
        97.43166666666667,
        90.39,
        95.095,
        96.08833333333334,
        96.64500000000001,
        96.85666666666667,
        86.79666666666667,
        94.47,
        95.655,
        96.25333333333333,
        96.56,
        44.94833333333334,
        80.86333333333333,
        83.45333333333333,
        83.935,
        84.64500000000001
    ],
    "test_loss": [
        0.22322337538190187,
        0.08812917290301993,
        0.060778329262160695,
        0.04546919062099187,
        0.033136499147542055,
        0.26245531339012085,
        0.0927693027020432,
        0.06181408604385797,
        0.04537459753011353,
        0.033969147599535066,
        0.24886546076647936,
        0.08286309899808839,
        0.055016666950192306,
        0.04010429638216738,
        0.02956317389238393,
        0.24382211259473116,
        0.07576690484536812,
        0.049025521526811645,
        0.0347362305362476,
        0.02489188308385201,
        0.24322233541682362,
        0.0668963917279616,
        0.042102793647442016,
        0.028436804093886166,
        0.021213001743599306,
        0.24643797523155808,
        0.06251099743298255,
        0.03774902868078789,
        0.02679648461175384,
        0.018389756706397746,
        0.25953180457558483,
        0.0582707785370294,
        0.03449884682241827,
        0.023384021890262376,
        0.016997207443404477,
        0.27820423467457295,
        0.058738856793614104,
        0.03319683307840023,
        0.021878725213638973,
        0.015331765909213573,
        0.3085901281479746,
        0.06140848672902212,
        0.03621000465005636,
        0.024196310917381197,
        0.0169051254807855,
        0.35920076388679445,
        0.06678118902258574,
        0.04007372460863553,
        0.027252657992998138,
        0.019984504689229653,
        0.4304044016562402,
        0.08067881795438006,
        0.047592188650276514,
        0.033057728660234716,
        0.024739041802939028,
        0.5213499980866909,
        0.0888145249853842,
        0.05367450832971372,
        0.03789306091610342,
        0.02903253680781927,
        0.615685315079987,
        0.1041694975020364,
        0.0657152940160595,
        0.047551465383730826,
        0.037556156656006354,
        0.780683802511543,
        0.12595133748091758,
        0.08169121957290917,
        0.060653074130415915,
        0.048329782468033954,
        0.9295243681184947,
        0.14179477642662824,
        0.09327291639428585,
        0.07160849607270212,
        0.05941024071187712,
        1.1249279301092028,
        0.1738273389339447,
        0.11952387058641761,
        0.09525236356351524,
        0.08104700362868607,
        1.42718669962883,
        0.20824666274152695,
        0.13975553088076412,
        0.11048306347616017,
        0.09466846130881458,
        1.6707246681153773,
        0.23590912954881788,
        0.15394751751888544,
        0.12655400473624467,
        0.11156357965059578,
        1.9402880158424378,
        0.28506352765485643,
        0.17117344742268323,
        0.14015739950351416,
        0.12337107529770583,
        2.1277385351657867,
        1.1059599288105966,
        0.7485898939073086,
        0.5664799954593182,
        0.47473482421040536
    ],
    "train_acc": [
        96.61,
        97.15,
        97.65,
        97.49,
        97.39999999999999,
        96.75,
        97.32,
        97.54,
        97.68,
        97.91,
        96.43,
        97.39,
        97.21,
        97.7,
        98.0,
        96.98,
        97.39,
        97.59,
        97.76,
        97.99,
        97.14,
        97.69,
        97.83,
        98.16,
        97.94,
        97.37,
        98.03,
        97.97,
        98.11999999999999,
        98.1,
        97.35000000000001,
        97.92,
        98.22,
        98.11999999999999,
        98.22,
        97.22,
        97.95,
        98.1,
        98.32,
        98.3,
        97.21,
        97.88,
        98.27,
        98.21,
        98.32,
        97.11999999999999,
        98.07000000000001,
        97.99,
        98.21,
        98.13,
        96.25,
        97.63,
        98.1,
        98.24000000000001,
        98.27,
        96.49,
        97.54,
        97.95,
        97.98,
        98.1,
        95.78999999999999,
        97.24000000000001,
        97.59,
        97.95,
        97.92,
        95.41,
        96.61999999999999,
        97.26,
        97.57000000000001,
        97.75,
        94.81,
        96.52,
        97.1,
        97.32,
        97.5,
        93.69,
        95.78999999999999,
        96.54,
        96.91,
        97.08,
        92.51,
        95.46,
        96.23,
        96.7,
        96.88,
        90.67,
        94.69,
        95.88,
        96.36,
        96.45,
        87.39,
        94.32000000000001,
        95.46,
        95.92,
        96.23,
        44.96,
        80.97999999999999,
        83.36,
        83.95,
        84.48
    ],
    "train_loss": [
        0.10453238112372375,
        0.08737351951429141,
        0.08067904479528393,
        0.08223534309204869,
        0.08376547312196679,
        0.10757758101437263,
        0.08619748495385318,
        0.08011010144195871,
        0.0756472029965817,
        0.07071032227033716,
        0.11226199829426711,
        0.07958511780936293,
        0.08549455475078863,
        0.07385853490538472,
        0.06346959928866241,
        0.09588591442136707,
        0.08228273748721325,
        0.07469745357813659,
        0.0746178683081731,
        0.06981708047302261,
        0.0917693496497716,
        0.0740061464153431,
        0.06893290130945737,
        0.058797781198134946,
        0.07089236164904718,
        0.08843115340182167,
        0.06303123323927204,
        0.06552623254721036,
        0.06124700615140693,
        0.0656560764737423,
        0.08882938322059052,
        0.06352935287220303,
        0.05997966423987629,
        0.06051463852455271,
        0.058347977699940566,
        0.08796898548876098,
        0.06374596563602859,
        0.05686065298993096,
        0.06104969873070761,
        0.059396604911848054,
        0.09496544563618606,
        0.06791173715651883,
        0.0561555738429801,
        0.057985042400301216,
        0.056827644154242615,
        0.10017374986615367,
        0.06755840276161622,
        0.06350594616779488,
        0.06187804252631449,
        0.0652343241810174,
        0.12261555670108089,
        0.07639354595100273,
        0.06676954390693032,
        0.058258432052851084,
        0.058293006688559953,
        0.12652718704082294,
        0.08233462301400786,
        0.06969862379981372,
        0.06518300059307255,
        0.06413462469709792,
        0.14609625741482496,
        0.09651300301050354,
        0.0803274333610863,
        0.07299710276207613,
        0.06970895015115956,
        0.17072269797860506,
        0.11605739526584477,
        0.09492562014141126,
        0.08406335228780831,
        0.08030542796812282,
        0.1908817625420536,
        0.12275294746512068,
        0.10092043290528173,
        0.09170410557633299,
        0.08594174540886086,
        0.23200332547376257,
        0.1476564945396549,
        0.12280360849094606,
        0.11186099102620237,
        0.10313194790230451,
        0.2893606682648202,
        0.17089298392038146,
        0.13685394333909728,
        0.1196570565985393,
        0.11072195838846846,
        0.35307209541697704,
        0.1852074337978206,
        0.14983769532984603,
        0.13618200603582545,
        0.1302813039925284,
        0.5476713523179472,
        0.20241025375748822,
        0.16179639078721314,
        0.14536346835335215,
        0.1376285097578507,
        1.4764516453543108,
        0.8922504622065378,
        0.651611038310799,
        0.5290057341495674,
        0.47123502721329646
    ],
    "sparsity": [
        0.0,
        0.0,
        0.0,
        0.0,
        0.0,
        0.2,
        0.2,
        0.2,
        0.2,
        0.2,
        0.3599977495217734,
        0.3599977495217734,
        0.3599977495217734,
        0.3599977495217734,
        0.3599977495217734,
        0.4879899478639211,
        0.4879899478639211,
        0.4879899478639211,
        0.4879899478639211,
        0.4879899478639211,
        0.5903829563782304,
        0.5903829563782304,
        0.5903829563782304,
        0.5903829563782304,
        0.5903829563782304,
        0.6722966130302689,
        0.6722966130302689,
        0.6722966130302689,
        0.6722966130302689,
        0.6722966130302689,
        0.7378267881924909,
        0.7378267881924909,
        0.7378267881924909,
        0.7378267881924909,
        0.7378267881924909,
        0.7902516784816773,
        0.7902516784816773,
        0.7902516784816773,
        0.7902516784816773,
        0.7902516784816773,
        0.8321893402347998,
        0.8321893402347998,
        0.8321893402347998,
        0.8321893402347998,
        0.8321893402347998,
        0.8657364689996624,
        0.8657364689996624,
        0.8657364689996624,
        0.8657364689996624,
        0.8657364689996624,
        0.8925809234462323,
        0.8925809234462323,
        0.8925809234462323,
        0.8925809234462323,
        0.8925809234462323,
        0.9140504857282172,
        0.9140504857282172,
        0.9140504857282172,
        0.9140504857282172,
        0.9140504857282172,
        0.9312291361914407,
        0.9312291361914407,
        0.9312291361914407,
        0.9312291361914407,
        0.9312291361914407,
        0.944968305764975,
        0.944968305764975,
        0.944968305764975,
        0.944968305764975,
        0.944968305764975,
        0.9559618919020292,
        0.9559618919020292,
        0.9559618919020292,
        0.9559618919020292,
        0.9559618919020292,
        0.9647612617681257,
        0.9647612617681257,
        0.9647612617681257,
        0.9647612617681257,
        0.9647612617681257,
        0.9717977570233675,
        0.9717977570233675,
        0.9717977570233675,
        0.9717977570233675,
        0.9717977570233675,
        0.9774314541840141,
        0.9774314541840141,
        0.9774314541840141,
        0.9774314541840141,
        0.9774314541840141,
        0.981928659840216,
        0.981928659840216,
        0.981928659840216,
        0.981928659840216,
        0.981928659840216,
        0.9855294250028132,
        0.9855294250028132,
        0.9855294250028132,
        0.9855294250028132,
        0.9855294250028132
    ]
}