{
    "args": {
        "load_last_pretrained": false,
        "model": "lenet",
        "dataset": "mnist",
        "epochs": 100,
        "batch_size": 60,
        "initialization": "xavier-uniform-double",
        "learning_rate": 0.0012,
        "forget_model": false,
        "disable_cuda": false,
        "pruning_rate": 0.2,
        "pruning_interval": 5,
        "seed": 44
    },
    "test_acc": [
        97.04666666666667,
        98.05,
        98.455,
        98.985,
        98.81,
        96.84,
        98.03666666666668,
        98.56166666666667,
        98.95166666666667,
        99.08,
        97.16166666666666,
        98.18,
        98.94,
        99.26,
        99.16166666666668,
        97.42333333333333,
        98.50999999999999,
        98.97333333333333,
        99.355,
        99.55333333333334,
        97.68833333333333,
        98.55000000000001,
        99.08333333333333,
        99.505,
        99.45666666666668,
        97.78833333333333,
        98.41833333333334,
        99.175,
        99.54499999999999,
        99.51,
        97.79833333333333,
        98.79833333333333,
        99.22666666666666,
        99.58666666666667,
        99.68666666666667,
        97.86166666666666,
        98.85000000000001,
        99.29333333333334,
        99.63,
        99.555,
        97.76666666666667,
        98.92666666666666,
        99.11166666666666,
        99.55833333333334,
        99.625,
        97.50999999999999,
        98.66166666666668,
        99.31333333333333,
        99.52666666666666,
        99.68333333333334,
        97.02,
        98.53666666666666,
        99.045,
        99.4,
        99.46666666666667,
        96.8,
        98.28333333333333,
        98.92333333333333,
        99.225,
        99.38166666666667,
        96.27,
        97.98666666666666,
        98.61999999999999,
        98.82,
        99.21,
        95.27666666666667,
        97.39833333333333,
        98.15833333333333,
        98.54666666666667,
        98.77833333333334,
        94.47,
        96.83666666666667,
        97.70666666666666,
        98.11166666666666,
        98.4,
        92.56333333333333,
        95.755,
        96.80666666666666,
        97.41499999999999,
        97.71333333333332,
        91.33666666666667,
        95.39166666666667,
        96.58333333333333,
        97.25833333333334,
        97.44666666666667,
        88.655,
        94.89166666666667,
        96.13333333333334,
        96.675,
        97.03833333333334,
        83.19833333333332,
        94.185,
        95.56,
        96.06666666666666,
        96.44833333333334,
        60.321666666666665,
        90.62,
        93.27499999999999,
        94.00833333333334,
        94.44166666666666
    ],
    "test_loss": [
        0.229273798414506,
        0.0922106056031771,
        0.06168960930290632,
        0.04786162528040586,
        0.03797901900036959,
        0.2709151917248964,
        0.0977252644628752,
        0.06496503991540521,
        0.04680987470259424,
        0.03611737269483274,
        0.24932843159791082,
        0.08322409840300679,
        0.05647343289852142,
        0.03860366695205448,
        0.03031338750454597,
        0.24459568611998111,
        0.07604993561236188,
        0.04970558900106698,
        0.036251534139039,
        0.02649050511966925,
        0.24531102156825363,
        0.07288338637421839,
        0.04425998105760664,
        0.03185176702961326,
        0.021655446073098574,
        0.24981877337116748,
        0.06530159084033221,
        0.04064582389942371,
        0.026845163566293195,
        0.019737474432651652,
        0.269183330565691,
        0.06404400620562956,
        0.03876937558944337,
        0.025397204512672033,
        0.018243621251138393,
        0.2839956893539056,
        0.061781076357583516,
        0.03635340871033259,
        0.023575205713685137,
        0.017697476137720516,
        0.3174129400225356,
        0.06197707622917369,
        0.03574985314928927,
        0.02391734765568981,
        0.01748437927151099,
        0.3618175576142967,
        0.06713802496762947,
        0.03943009476759471,
        0.026599940475716722,
        0.01956271459313575,
        0.41444673761539164,
        0.07706778746191412,
        0.04661612245847937,
        0.032399944614677226,
        0.02438501266937237,
        0.5143590165823698,
        0.08868199958093465,
        0.054469480236060915,
        0.039077137094805946,
        0.030635779468924738,
        0.6286706995628775,
        0.10373244962561876,
        0.06568253063317388,
        0.04828595814900473,
        0.038446770253591236,
        0.7864234216623008,
        0.1246561730094254,
        0.07990389201371,
        0.06125470648845658,
        0.04964634573180229,
        0.9935506521947682,
        0.14883107451349498,
        0.0982595548601821,
        0.07608342344593257,
        0.06351131803565659,
        1.3539211795777082,
        0.20190000522509216,
        0.12883097868226467,
        0.1014728312920779,
        0.08605851144436746,
        1.4969819516241551,
        0.2292398298382759,
        0.13909735866449774,
        0.10818391525186598,
        0.09225737652741373,
        1.7203668540418149,
        0.280424681186676,
        0.15984591805562376,
        0.1255670715663582,
        0.10815406387113034,
        1.8917686206698419,
        0.3493491598218679,
        0.17801916602253914,
        0.14375685299746693,
        0.12691644176468253,
        2.055826716542244,
        0.7512602128982544,
        0.32228899757564067,
        0.24589943918585777,
        0.21173234206438066
    ],
    "train_acc": [
        96.32,
        96.83,
        97.04,
        97.47,
        97.11999999999999,
        96.36,
        97.36,
        97.59,
        97.88,
        97.88,
        96.63000000000001,
        97.36,
        97.71,
        97.91,
        97.81,
        96.87,
        97.64,
        97.66,
        97.95,
        98.11,
        97.04,
        97.72,
        97.97,
        98.26,
        98.03,
        97.11,
        97.66,
        97.82,
        98.11999999999999,
        98.00999999999999,
        97.34,
        97.7,
        98.0,
        98.19,
        98.2,
        97.16,
        97.78,
        98.04,
        98.09,
        97.94,
        96.92,
        97.91,
        97.83,
        98.11999999999999,
        98.03,
        96.87,
        97.74000000000001,
        97.95,
        98.05,
        98.18,
        96.45,
        97.55,
        97.8,
        98.13,
        97.98,
        96.61,
        97.39,
        97.84,
        97.84,
        97.95,
        96.05,
        97.17,
        97.54,
        97.64,
        97.83,
        95.21,
        96.89999999999999,
        97.3,
        97.48,
        97.47,
        94.35,
        96.26,
        96.96000000000001,
        97.3,
        97.37,
        92.88,
        95.62,
        96.23,
        96.65,
        97.0,
        91.62,
        95.19,
        96.31,
        96.61999999999999,
        96.64,
        89.49000000000001,
        94.84,
        95.96000000000001,
        96.05,
        96.44,
        83.46000000000001,
        94.32000000000001,
        95.56,
        95.81,
        96.15,
        60.64000000000001,
        90.98,
        93.17,
        93.67999999999999,
        94.17999999999999
    ],
    "train_loss": [
        0.11625843550898358,
        0.09929388731963441,
        0.09696698612756581,
        0.08660213063431982,
        0.09713991797629543,
        0.1171722240009886,
        0.0816710020922972,
        0.07803175948326013,
        0.06742417890840617,
        0.07188787908100908,
        0.10873017124385534,
        0.0873364035045717,
        0.07168469494654836,
        0.07211840758065297,
        0.07589952446364179,
        0.09964742161846625,
        0.07753553858980491,
        0.07432531900383242,
        0.06910416370182448,
        0.061965658799968217,
        0.09699310227380899,
        0.0724609371882579,
        0.06820655575936693,
        0.06196587744049036,
        0.06959865231124104,
        0.09291549616989618,
        0.07630849223929698,
        0.07428086160341958,
        0.05888863440748014,
        0.06930524065674416,
        0.09084347995210015,
        0.07184821247223563,
        0.06678682584650145,
        0.0627101723280384,
        0.06208570490062828,
        0.09153909698507921,
        0.06852966125686458,
        0.06320896720957056,
        0.06591402875011351,
        0.07313723684724945,
        0.09930022654240717,
        0.0672763221434312,
        0.07314155621643731,
        0.06488740195354313,
        0.07202065299323643,
        0.10476105218518994,
        0.07488899091035574,
        0.06331073878051345,
        0.06726301394118565,
        0.06712670297317296,
        0.12031125869535043,
        0.0789625402986111,
        0.07186787411386515,
        0.0673964300595815,
        0.06941019226713273,
        0.12318779896208626,
        0.08668291602774474,
        0.07396398679336566,
        0.06945518282392693,
        0.06908232429375716,
        0.14220842949956833,
        0.09467122377548924,
        0.07932576094893459,
        0.07754777971248025,
        0.07566473960268595,
        0.17073871099395665,
        0.1086642460306426,
        0.09121333028072726,
        0.08413958243613025,
        0.08214147619395601,
        0.195988869171835,
        0.12765288757840673,
        0.10418537549652204,
        0.09269355998157028,
        0.09141051875076028,
        0.2940826409769629,
        0.15706125961360104,
        0.1268263468909228,
        0.11296424925505757,
        0.10709934168032365,
        0.3528789804724162,
        0.1684050144638844,
        0.1334211929383392,
        0.11710333152713176,
        0.11228693286124282,
        0.5112519178561822,
        0.19064926583609895,
        0.146389406821328,
        0.1326240331581431,
        0.12245056246167528,
        0.8279472307530705,
        0.2055428034352685,
        0.15987543560966047,
        0.14367329313637253,
        0.13396967919599154,
        1.4719648461141985,
        0.39781611542144935,
        0.27525154403048363,
        0.23414441711174513,
        0.21217226754583998
    ],
    "sparsity": [
        0.0,
        0.0,
        0.0,
        0.0,
        0.0,
        0.2,
        0.2,
        0.2,
        0.2,
        0.2,
        0.3599977495217734,
        0.3599977495217734,
        0.3599977495217734,
        0.3599977495217734,
        0.3599977495217734,
        0.4879899478639211,
        0.4879899478639211,
        0.4879899478639211,
        0.4879899478639211,
        0.4879899478639211,
        0.5903829563782304,
        0.5903829563782304,
        0.5903829563782304,
        0.5903829563782304,
        0.5903829563782304,
        0.6722966130302689,
        0.6722966130302689,
        0.6722966130302689,
        0.6722966130302689,
        0.6722966130302689,
        0.7378267881924909,
        0.7378267881924909,
        0.7378267881924909,
        0.7378267881924909,
        0.7378267881924909,
        0.7902516784816773,
        0.7902516784816773,
        0.7902516784816773,
        0.7902516784816773,
        0.7902516784816773,
        0.8321893402347998,
        0.8321893402347998,
        0.8321893402347998,
        0.8321893402347998,
        0.8321893402347998,
        0.8657364689996624,
        0.8657364689996624,
        0.8657364689996624,
        0.8657364689996624,
        0.8657364689996624,
        0.8925809234462323,
        0.8925809234462323,
        0.8925809234462323,
        0.8925809234462323,
        0.8925809234462323,
        0.9140504857282172,
        0.9140504857282172,
        0.9140504857282172,
        0.9140504857282172,
        0.9140504857282172,
        0.9312291361914407,
        0.9312291361914407,
        0.9312291361914407,
        0.9312291361914407,
        0.9312291361914407,
        0.944968305764975,
        0.944968305764975,
        0.944968305764975,
        0.944968305764975,
        0.944968305764975,
        0.9559618919020292,
        0.9559618919020292,
        0.9559618919020292,
        0.9559618919020292,
        0.9559618919020292,
        0.9647612617681257,
        0.9647612617681257,
        0.9647612617681257,
        0.9647612617681257,
        0.9647612617681257,
        0.9717977570233675,
        0.9717977570233675,
        0.9717977570233675,
        0.9717977570233675,
        0.9717977570233675,
        0.9774314541840141,
        0.9774314541840141,
        0.9774314541840141,
        0.9774314541840141,
        0.9774314541840141,
        0.981928659840216,
        0.981928659840216,
        0.981928659840216,
        0.981928659840216,
        0.981928659840216,
        0.9855294250028132,
        0.9855294250028132,
        0.9855294250028132,
        0.9855294250028132,
        0.9855294250028132
    ]
}