{
    "args": {
        "load_last_pretrained": false,
        "model": "conv6",
        "dataset": "CIFAR10",
        "epochs": 100,
        "batch_size": 60,
        "initialization": "kaiming-uniform",
        "learning_rate": 0.0003,
        "forget_model": false,
        "disable_cuda": false,
        "pruning_rate": 0.2,
        "pruning_interval": 5,
        "seed": 42
    },
    "test_acc": [
        63.208,
        76.668,
        84.734,
        88.12,
        89.618,
        41.554,
        55.454,
        63.928,
        71.116,
        74.88,
        36.686,
        48.498000000000005,
        59.818000000000005,
        67.704,
        74.564,
        15.49,
        42.333999999999996,
        54.071999999999996,
        62.76199999999999,
        68.624,
        32.444,
        53.134,
        63.0,
        67.528,
        70.926,
        25.778000000000002,
        44.882,
        57.792,
        63.048,
        68.376,
        26.356,
        49.86,
        60.694,
        66.718,
        69.74000000000001,
        19.5,
        42.664,
        57.038,
        63.734,
        65.05199999999999,
        30.080000000000002,
        45.263999999999996,
        58.448,
        64.608,
        67.336,
        26.938000000000002,
        41.992000000000004,
        52.018,
        61.482000000000006,
        64.92599999999999,
        17.526,
        18.624,
        28.110000000000003,
        48.077999999999996,
        59.548,
        10.0,
        17.962,
        14.677999999999999,
        23.274,
        48.302,
        10.0,
        10.212,
        13.388,
        39.942,
        48.172,
        10.0,
        18.004,
        28.874,
        44.135999999999996,
        47.384,
        10.0,
        10.0,
        10.504,
        17.41,
        19.442,
        10.0,
        10.0,
        10.0,
        10.538,
        10.0,
        10.0,
        10.0,
        10.0,
        24.895999999999997,
        31.741999999999997,
        10.0,
        10.0,
        11.985999999999999,
        10.472,
        10.448,
        10.0,
        10.0,
        10.0,
        10.0,
        10.0,
        10.0,
        10.0,
        10.0,
        10.0,
        10.0
    ],
    "test_loss": [
        1.4034034241732363,
        0.8766838312863732,
        0.6565607831561022,
        0.4923742068685788,
        0.36044533687422603,
        1.8575325269493268,
        1.3972641576965936,
        1.1409831398682628,
        0.9536938198464666,
        0.7892425121020356,
        1.9708644367522188,
        1.5312005295742044,
        1.2671731027910749,
        1.0489112611154285,
        0.8753550591871893,
        2.30047297306198,
        1.7890421642388086,
        1.3933933461598642,
        1.144634666703016,
        0.9793953290231509,
        2.0375081003426936,
        1.5176921200980957,
        1.1954490328721292,
        1.0003461703407965,
        0.8805905268203726,
        2.2377330450702915,
        1.6949725402630775,
        1.3421283048405637,
        1.0991018299433253,
        0.9547313099070419,
        2.191385798602939,
        1.6083016702882964,
        1.217091360037847,
        1.016968441524094,
        0.9125163851024436,
        2.30131246660539,
        1.8889275517680948,
        1.3742089924051892,
        1.0760102474289261,
        0.9466289729951954,
        2.037495829218583,
        1.6195422106509587,
        1.260439975155915,
        1.0650762551122432,
        0.9628905646806712,
        2.209116489052487,
        1.7634702313432304,
        1.4535681037879962,
        1.1773551676056082,
        1.0295702400539133,
        2.302434520183993,
        2.3011750277283665,
        2.1033294802661135,
        1.5849219250450317,
        1.2775609541854127,
        2.302605044355781,
        2.302413908411845,
        2.302154094481068,
        2.2682419526491233,
        1.6585517848710076,
        2.3025504993877823,
        2.3023634971760445,
        2.3019633316021744,
        2.091612319437434,
        1.5092775101284328,
        2.3022895093730313,
        2.2670259544317672,
        2.04438344051512,
        1.6730718160990616,
        1.4601665610889736,
        2.3027167483199413,
        2.302572882432732,
        2.3023196696091612,
        2.291891485952931,
        2.2398048915165507,
        2.3027251741583115,
        2.3026454057053125,
        2.3026088967883616,
        2.302594620260975,
        2.302584647560577,
        2.302735623409994,
        2.302652009957128,
        2.302609325312882,
        2.2308945292763287,
        1.9380150916193315,
        2.302732089726473,
        2.3026510594274217,
        2.302626244169917,
        2.302615136837216,
        2.3026076938322695,
        2.3027396150630155,
        2.3026592188315997,
        2.302626900535693,
        2.3026192062478557,
        2.3026103527425863,
        2.302745432590695,
        2.3026613640270646,
        2.3026309945314622,
        2.3026149681717945,
        2.30260914549839
    ],
    "train_acc": [
        61.27,
        71.82,
        76.83,
        77.05,
        75.64,
        42.34,
        54.48,
        61.739999999999995,
        67.52,
        70.30999999999999,
        36.47,
        48.17,
        58.14,
        65.53,
        71.09,
        15.129999999999999,
        41.949999999999996,
        53.61,
        61.71,
        66.75999999999999,
        32.269999999999996,
        52.75,
        62.22,
        66.5,
        69.13,
        26.46,
        44.25,
        56.97,
        62.150000000000006,
        67.27,
        26.619999999999997,
        49.33,
        60.01,
        65.8,
        68.71000000000001,
        19.43,
        42.15,
        56.53,
        63.160000000000004,
        64.41,
        30.34,
        45.45,
        58.099999999999994,
        63.71,
        66.72,
        27.41,
        41.349999999999994,
        51.68000000000001,
        60.39,
        64.14,
        17.5,
        18.69,
        28.46,
        47.510000000000005,
        59.85,
        10.0,
        17.849999999999998,
        14.430000000000001,
        23.52,
        48.04,
        10.0,
        10.18,
        13.25,
        39.18,
        47.94,
        10.0,
        17.83,
        28.78,
        44.080000000000005,
        47.46,
        10.0,
        10.0,
        10.51,
        17.54,
        19.33,
        10.0,
        10.0,
        10.0,
        10.26,
        10.0,
        10.0,
        10.0,
        10.0,
        25.0,
        31.89,
        10.0,
        10.0,
        12.049999999999999,
        10.31,
        10.290000000000001,
        10.0,
        10.0,
        10.0,
        10.0,
        10.0,
        10.0,
        10.0,
        10.0,
        10.0,
        10.0
    ],
    "train_loss": [
        1.074418701097637,
        0.8099435532164431,
        0.6780733098526914,
        0.7051930449858397,
        0.7240866956239689,
        1.5887406857427722,
        1.2465712146130865,
        1.072892392466882,
        0.919219496007451,
        0.8525912604646054,
        1.6945657608751765,
        1.3810811242657508,
        1.145313719789425,
        0.9672245022779453,
        0.8440540664924119,
        2.168741023469114,
        1.5277844745955782,
        1.2612590136642228,
        1.071019734451157,
        0.9267748273061421,
        1.7578299652316614,
        1.2733062612796258,
        1.0585871328136878,
        0.938905005683442,
        0.8709736098786314,
        1.876176963309328,
        1.4947531416030702,
        1.1889547948351877,
        1.0499658716652922,
        0.9315561391636283,
        1.8469123133642231,
        1.3842765428348929,
        1.1017744744609217,
        0.9651657756931054,
        0.8913534943928976,
        2.2971548705757736,
        1.5293088201991099,
        1.1914654167112475,
        1.0271885066689133,
        1.0060672699334379,
        1.7769414821784653,
        1.4403802491947562,
        1.176341131775679,
        1.0240851965493072,
        0.9450931738236708,
        1.8994569692783012,
        1.5747450761452406,
        1.3142652397384187,
        1.0942042841168935,
        1.0034817682054942,
        2.3020767508866546,
        2.2986485501249394,
        1.8288855388492882,
        1.4203480439271756,
        1.131457867379674,
        2.3024655701871404,
        2.3022985972330243,
        2.3018050236616308,
        2.0460583328486917,
        1.4232121156361288,
        2.302424432274824,
        2.302225612594696,
        2.3012868944042455,
        1.6203591045505272,
        1.4155706302848405,
        2.3012331031753632,
        2.216573699505743,
        1.850139645759217,
        1.5170529795264056,
        1.4246216262885911,
        2.302623300495262,
        2.30247735548876,
        2.301895982491042,
        2.262065871746954,
        2.1646834219287254,
        2.3026423168753434,
        2.302601306024426,
        2.302582086917169,
        2.302566779587797,
        2.3025461642328136,
        2.3026653378309603,
        2.302605204953405,
        2.3025640884559313,
        2.021188002146647,
        1.871747692188103,
        2.3026558624770113,
        2.302616410626623,
        2.302601740031899,
        2.302588048809303,
        2.30258565034695,
        2.3026587334935535,
        2.302616589083643,
        2.30259891612801,
        2.30258825439179,
        2.3025861214734835,
        2.3026671423883496,
        2.3026227151562355,
        2.3026010733164712,
        2.302590194576515,
        2.302586845295158
    ],
    "sparsity": [
        0.0,
        0.0,
        0.0,
        0.0,
        0.0,
        0.19999672942921468,
        0.19999672942921468,
        0.19999672942921468,
        0.19999672942921468,
        0.19999672942921468,
        0.35999482012302647,
        0.35999482012302647,
        0.35999482012302647,
        0.35999482012302647,
        0.35999482012302647,
        0.48799081765153574,
        0.48799081765153574,
        0.48799081765153574,
        0.48799081765153574,
        0.48799081765153574,
        0.5903897371256633,
        0.5903897371256633,
        0.5903897371256633,
        0.5903897371256633,
        0.5903897371256633,
        0.6723086959173553,
        0.6723086959173553,
        0.6723086959173553,
        0.6723086959173553,
        0.6723086959173553,
        0.737844304919734,
        0.737844304919734,
        0.737844304919734,
        0.737844304919734,
        0.737844304919734,
        0.7902724385464169,
        0.7902724385464169,
        0.7902724385464169,
        0.7902724385464169,
        0.7902724385464169,
        0.8322148570539583,
        0.8322148570539583,
        0.8322148570539583,
        0.8322148570539583,
        0.8322148570539583,
        0.8657678195281362,
        0.8657678195281362,
        0.8657678195281362,
        0.8657678195281362,
        0.8657678195281362,
        0.8926116922021637,
        0.8926116922021637,
        0.8926116922021637,
        0.8926116922021637,
        0.8926116922021637,
        0.9140847572838705,
        0.9140847572838705,
        0.9140847572838705,
        0.9140847572838705,
        0.9140847572838705,
        0.931263651318261,
        0.931263651318261,
        0.931263651318261,
        0.931263651318261,
        0.931263651318261,
        0.9450088879970936,
        0.9450088879970936,
        0.9450088879970936,
        0.9450088879970936,
        0.9450088879970936,
        0.9560037514330846,
        0.9560037514330846,
        0.9560037514330846,
        0.9560037514330846,
        0.9560037514330846,
        0.9647984930624122,
        0.9647984930624122,
        0.9647984930624122,
        0.9647984930624122,
        0.9647984930624122,
        0.9718355238791444,
        0.9718355238791444,
        0.9718355238791444,
        0.9718355238791444,
        0.9718355238791444,
        0.9774639994130652,
        0.9774639994130652,
        0.9774639994130652,
        0.9774639994130652,
        0.9774639994130652,
        0.9819672218092267,
        0.9819672218092267,
        0.9819672218092267,
        0.9819672218092267,
        0.9819672218092267,
        0.9855697113323509,
        0.9855697113323509,
        0.9855697113323509,
        0.9855697113323509,
        0.9855697113323509
    ]
}