{
    "args": {
        "load_last_pretrained": false,
        "model": "lenet",
        "dataset": "mnist",
        "epochs": 100,
        "batch_size": 60,
        "initialization": "kaiming-uniform",
        "learning_rate": 0.0012,
        "forget_model": false,
        "disable_cuda": false,
        "pruning_rate": 0.2,
        "pruning_interval": 5,
        "seed": 46
    },
    "test_acc": [
        97.23833333333334,
        98.45833333333334,
        98.76333333333334,
        99.08,
        99.22833333333332,
        96.975,
        97.80666666666666,
        98.40666666666667,
        99.095,
        99.36166666666666,
        97.22666666666666,
        98.27833333333334,
        98.78666666666666,
        98.97833333333334,
        99.26,
        97.345,
        98.37,
        99.00833333333333,
        99.28166666666667,
        99.44666666666667,
        97.38833333333334,
        98.39166666666667,
        99.10333333333334,
        99.43666666666667,
        99.29833333333333,
        97.53,
        98.78333333333333,
        99.17166666666667,
        99.55000000000001,
        99.58166666666666,
        97.43166666666667,
        98.91,
        99.08333333333333,
        99.19333333333333,
        99.65166666666667,
        97.83,
        98.96333333333334,
        99.36666666666667,
        99.6,
        99.63666666666666,
        97.69166666666666,
        98.84333333333333,
        99.36666666666667,
        99.58166666666666,
        99.50333333333333,
        97.56166666666667,
        98.78333333333333,
        99.265,
        99.60166666666666,
        99.63333333333333,
        97.005,
        98.50666666666666,
        99.03166666666667,
        99.25,
        99.59833333333333,
        96.34333333333333,
        98.175,
        98.8,
        99.155,
        99.40666666666667,
        95.89166666666667,
        97.78666666666666,
        98.57166666666667,
        98.90333333333334,
        99.2,
        95.255,
        97.18333333333334,
        97.98,
        98.4,
        98.71666666666667,
        94.27666666666667,
        96.94333333333334,
        97.74833333333333,
        98.11166666666666,
        98.425,
        93.03,
        96.25166666666667,
        97.2,
        97.66166666666666,
        97.88166666666666,
        89.67333333333333,
        95.23833333333333,
        96.49166666666666,
        96.98,
        97.35166666666667,
        83.04833333333333,
        93.655,
        95.255,
        95.85000000000001,
        96.33833333333334,
        69.27499999999999,
        82.34333333333333,
        90.99333333333334,
        93.58666666666666,
        94.75,
        50.84833333333333,
        80.43666666666667,
        83.01833333333335,
        84.07333333333334,
        84.675
    ],
    "test_loss": [
        0.21531296155042948,
        0.0878667659861967,
        0.05975497511343565,
        0.04346048282366246,
        0.035306034535198705,
        0.2770911408662796,
        0.09646955610252916,
        0.0624736931589432,
        0.046251029278035274,
        0.03553394806277356,
        0.26054145192168654,
        0.08701503095729277,
        0.05701353337452747,
        0.04131921274226624,
        0.030398881057597464,
        0.258904634790495,
        0.07961656187940389,
        0.05080435186857358,
        0.03731121607904788,
        0.027200543886137893,
        0.2543617504425347,
        0.07449605616740883,
        0.046894475064240396,
        0.03263245464779902,
        0.023830747107276694,
        0.2621676404317841,
        0.06875941163976677,
        0.04248378753720317,
        0.0286817495355499,
        0.0217619770263118,
        0.2768768213791773,
        0.06558022289164364,
        0.039165043846704065,
        0.025688469253014774,
        0.018480963271373184,
        0.2936459328662604,
        0.06342098996927961,
        0.036948268567794006,
        0.02456495434156386,
        0.018147391553560738,
        0.3247337271897122,
        0.06356311818026006,
        0.036993070008116774,
        0.025517113129491918,
        0.01749878807220375,
        0.36235789838433263,
        0.0661955759434495,
        0.039220763951772826,
        0.026462808080133984,
        0.019528605791158043,
        0.42756210184283555,
        0.07963660868490115,
        0.04709730134019628,
        0.0328239805434132,
        0.02428693418460898,
        0.5274783532302827,
        0.09590778890997172,
        0.057608463923214004,
        0.041352418137015776,
        0.03156211272161454,
        0.6503594240061938,
        0.10701612272392959,
        0.06562323949253186,
        0.048350290153874084,
        0.038714226223062725,
        0.8031545113958418,
        0.12601654666941614,
        0.0827852928894572,
        0.0640214664018713,
        0.05248377047642134,
        1.0347215474024416,
        0.14878025957383215,
        0.09500817615631968,
        0.07396926138177515,
        0.06252110852207989,
        1.291352371133864,
        0.1798345482647419,
        0.11352550320979207,
        0.08899279004195705,
        0.07567891663592309,
        1.6174144780635833,
        0.2548782179877162,
        0.1489126855581999,
        0.11573631448671222,
        0.09885947156045585,
        1.7777277510166167,
        0.43211506251990794,
        0.22899155082553624,
        0.17161142345145344,
        0.14465795699134468,
        1.8398628233671188,
        0.8292602636516094,
        0.4467919850796461,
        0.276459151238203,
        0.21523520730808376,
        1.990842738032341,
        1.0134799873828888,
        0.5523135050833226,
        0.43178449250757694,
        0.37784556789696216
    ],
    "train_acc": [
        96.78999999999999,
        97.31,
        97.63,
        97.78999999999999,
        97.72999999999999,
        96.58,
        97.28999999999999,
        97.33000000000001,
        97.95,
        98.17,
        96.78,
        97.28999999999999,
        97.50999999999999,
        97.74000000000001,
        97.83,
        96.78,
        97.75,
        97.98,
        98.11999999999999,
        97.98,
        96.84,
        97.55,
        98.03,
        98.05,
        97.83,
        97.07000000000001,
        97.77,
        97.95,
        98.18,
        98.07000000000001,
        97.18,
        97.85000000000001,
        97.98,
        97.65,
        98.18,
        97.26,
        98.02,
        98.27,
        98.03,
        98.07000000000001,
        97.11999999999999,
        97.95,
        98.22,
        98.11999999999999,
        97.91,
        97.04,
        97.99,
        97.98,
        97.98,
        98.02,
        96.52,
        97.63,
        97.97,
        98.0,
        98.03,
        96.06,
        97.47,
        97.7,
        97.85000000000001,
        97.95,
        95.69,
        97.04,
        97.61,
        97.85000000000001,
        97.98,
        95.0,
        96.72,
        97.36,
        97.61,
        97.7,
        94.23,
        96.53,
        97.09,
        97.32,
        97.36,
        92.83,
        95.96000000000001,
        96.76,
        96.89999999999999,
        97.18,
        90.49000000000001,
        95.09,
        96.19,
        96.65,
        96.76,
        83.53,
        93.45,
        94.81,
        95.44,
        95.77,
        70.14,
        82.36,
        90.23,
        92.88,
        94.19,
        50.57000000000001,
        80.08,
        82.64,
        83.91999999999999,
        84.35000000000001
    ],
    "train_loss": [
        0.1033834851553251,
        0.08400770918951331,
        0.07911911375909865,
        0.07317515116597632,
        0.07682351810121518,
        0.11468514773303164,
        0.08671096248083754,
        0.08592836770178851,
        0.06950309718917208,
        0.06466798919941784,
        0.10444255076170325,
        0.08633081055341099,
        0.08057756976135254,
        0.07092358681448585,
        0.07315768496988029,
        0.10232172544465629,
        0.07298951718432015,
        0.06441009369215922,
        0.059305323879680634,
        0.06645379889363277,
        0.10250821489349989,
        0.07901344892518695,
        0.06577337968991344,
        0.06787257318658207,
        0.07333579585743889,
        0.09720370548492867,
        0.06911366530220041,
        0.0647402655244052,
        0.05924496283855089,
        0.06307193410023768,
        0.09916983965315862,
        0.06711499835782779,
        0.06491494711772901,
        0.07592321157143145,
        0.06526415043895295,
        0.09210814777092484,
        0.06417243356236485,
        0.05859989159626183,
        0.06164747384142599,
        0.06460982556998573,
        0.09472001544172,
        0.0689685387762743,
        0.06140382274215717,
        0.060776060854899,
        0.07311184987325423,
        0.097506615796132,
        0.06776685797481123,
        0.06327845507111779,
        0.06370633279222962,
        0.06658233860877069,
        0.1169089261821644,
        0.07661219559397972,
        0.06759065298592215,
        0.06248469799924307,
        0.0639852701538538,
        0.138092366956219,
        0.08607707182112746,
        0.07475941020069633,
        0.06886769489184423,
        0.06649460489192453,
        0.1546726210410902,
        0.09652300984291973,
        0.07732587668230523,
        0.0722421246697892,
        0.0661031437736607,
        0.17609605251136654,
        0.11268915931978625,
        0.09210024226434574,
        0.08328250769391923,
        0.07999067003615647,
        0.21183577572514198,
        0.12347959917774814,
        0.09951572968418192,
        0.0897669060724581,
        0.08911839605191957,
        0.2573355536707147,
        0.14355077175144665,
        0.11318865701734662,
        0.10505879928028869,
        0.10079747685482224,
        0.4362072493144852,
        0.18423933810191953,
        0.14068574259827238,
        0.12235176735027821,
        0.1149904790116909,
        0.7731590535112484,
        0.2895716157502043,
        0.20969875174725128,
        0.17935535690920082,
        0.15833518636262345,
        1.0520248145400406,
        0.6770603860209802,
        0.35080357002997825,
        0.26708426161440546,
        0.22452350447099365,
        1.3712611769487757,
        0.7046103081303442,
        0.49375117628160353,
        0.41925449330292774,
        0.3833219969343996
    ],
    "sparsity": [
        0.0,
        0.0,
        0.0,
        0.0,
        0.0,
        0.2,
        0.2,
        0.2,
        0.2,
        0.2,
        0.3599977495217734,
        0.3599977495217734,
        0.3599977495217734,
        0.3599977495217734,
        0.3599977495217734,
        0.4879899478639211,
        0.4879899478639211,
        0.4879899478639211,
        0.4879899478639211,
        0.4879899478639211,
        0.5903829563782304,
        0.5903829563782304,
        0.5903829563782304,
        0.5903829563782304,
        0.5903829563782304,
        0.6722966130302689,
        0.6722966130302689,
        0.6722966130302689,
        0.6722966130302689,
        0.6722966130302689,
        0.7378267881924909,
        0.7378267881924909,
        0.7378267881924909,
        0.7378267881924909,
        0.7378267881924909,
        0.7902516784816773,
        0.7902516784816773,
        0.7902516784816773,
        0.7902516784816773,
        0.7902516784816773,
        0.8321893402347998,
        0.8321893402347998,
        0.8321893402347998,
        0.8321893402347998,
        0.8321893402347998,
        0.8657364689996624,
        0.8657364689996624,
        0.8657364689996624,
        0.8657364689996624,
        0.8657364689996624,
        0.8925809234462323,
        0.8925809234462323,
        0.8925809234462323,
        0.8925809234462323,
        0.8925809234462323,
        0.9140504857282172,
        0.9140504857282172,
        0.9140504857282172,
        0.9140504857282172,
        0.9140504857282172,
        0.9312291361914407,
        0.9312291361914407,
        0.9312291361914407,
        0.9312291361914407,
        0.9312291361914407,
        0.944968305764975,
        0.944968305764975,
        0.944968305764975,
        0.944968305764975,
        0.944968305764975,
        0.9559618919020292,
        0.9559618919020292,
        0.9559618919020292,
        0.9559618919020292,
        0.9559618919020292,
        0.9647612617681257,
        0.9647612617681257,
        0.9647612617681257,
        0.9647612617681257,
        0.9647612617681257,
        0.9717977570233675,
        0.9717977570233675,
        0.9717977570233675,
        0.9717977570233675,
        0.9717977570233675,
        0.9774314541840141,
        0.9774314541840141,
        0.9774314541840141,
        0.9774314541840141,
        0.9774314541840141,
        0.981928659840216,
        0.981928659840216,
        0.981928659840216,
        0.981928659840216,
        0.981928659840216,
        0.9855294250028132,
        0.9855294250028132,
        0.9855294250028132,
        0.9855294250028132,
        0.9855294250028132
    ]
}