{
    "args": {
        "load_last_pretrained": false,
        "model": "lenet",
        "dataset": "mnist",
        "epochs": 100,
        "batch_size": 60,
        "initialization": "xavier-uniform-double",
        "learning_rate": 0.0012,
        "forget_model": false,
        "disable_cuda": false,
        "pruning_rate": 0.2,
        "pruning_interval": 5,
        "seed": 47
    },
    "test_acc": [
        97.47333333333333,
        98.25166666666667,
        98.81333333333333,
        98.98666666666666,
        98.83,
        96.99166666666666,
        97.98166666666667,
        98.72,
        98.98,
        98.97833333333334,
        97.22333333333333,
        98.42333333333333,
        98.82833333333333,
        99.14833333333334,
        99.355,
        97.425,
        98.51666666666667,
        98.86,
        99.22666666666666,
        99.47333333333333,
        97.37,
        98.34333333333333,
        99.04833333333333,
        99.52166666666666,
        99.61666666666666,
        97.64,
        98.79666666666667,
        99.21833333333333,
        99.38333333333334,
        99.60666666666667,
        97.725,
        98.75,
        99.26666666666667,
        99.40333333333334,
        99.65333333333334,
        97.89,
        98.81166666666667,
        99.355,
        99.52,
        99.63499999999999,
        97.56666666666666,
        98.80666666666667,
        99.355,
        99.51833333333333,
        99.74499999999999,
        97.37166666666667,
        98.72166666666666,
        99.05833333333334,
        99.33833333333332,
        99.61333333333333,
        96.95333333333333,
        98.59333333333333,
        99.08,
        99.31833333333333,
        99.56333333333333,
        96.45,
        98.16833333333334,
        98.81666666666666,
        99.13333333333333,
        99.29,
        95.54,
        97.64666666666668,
        98.40833333333333,
        98.81833333333333,
        98.99666666666667,
        95.04333333333334,
        97.32333333333332,
        98.065,
        98.57666666666667,
        98.82666666666667,
        94.0,
        96.42500000000001,
        97.48166666666667,
        97.875,
        98.29333333333334,
        92.69500000000001,
        96.00333333333333,
        97.00999999999999,
        97.355,
        97.75500000000001,
        91.06,
        95.05166666666666,
        96.25333333333333,
        96.86,
        97.22166666666666,
        73.37,
        90.96499999999999,
        92.785,
        94.01666666666667,
        94.51666666666667,
        68.03833333333333,
        87.79833333333333,
        90.11833333333334,
        91.78166666666667,
        92.675,
        57.50666666666666,
        81.87833333333333,
        82.53666666666668,
        83.89166666666667,
        84.59833333333333
    ],
    "test_loss": [
        0.2362964293807745,
        0.09052431417792105,
        0.06311104117007926,
        0.04504546641930938,
        0.03713986981844937,
        0.2797971381675452,
        0.0960579854818061,
        0.0649283430466894,
        0.0467944539176533,
        0.03685097494861111,
        0.2529144251048565,
        0.08324876531073823,
        0.0557835737480782,
        0.0405569796282798,
        0.0314936778889969,
        0.2473032134119421,
        0.07770872501004487,
        0.05183279676688835,
        0.03841299243597314,
        0.027131918764847798,
        0.2499455502834171,
        0.07243030129396356,
        0.04598306289245375,
        0.03158382210676791,
        0.022249318292189856,
        0.25848096719104796,
        0.06588449990353547,
        0.04100259428715799,
        0.027801100086478982,
        0.02102091956420918,
        0.2697139536710456,
        0.061311526391189544,
        0.037376786592765714,
        0.02535264962603105,
        0.018408045708143618,
        0.2935680741667748,
        0.06150503378477879,
        0.03619333108305,
        0.024492142539296765,
        0.018103728858055546,
        0.3267601429130882,
        0.06388236462371424,
        0.03830912810843438,
        0.025720528165402358,
        0.018725228725234046,
        0.3785138593483716,
        0.07084723860071972,
        0.04222300270595588,
        0.029150327137322164,
        0.02110663639131235,
        0.43879913508147,
        0.08027228677552194,
        0.04763475625030696,
        0.03377061981137376,
        0.02508246376371244,
        0.5223211502879858,
        0.09629329676553607,
        0.05727439364977181,
        0.04102615397446789,
        0.031398351108364295,
        0.6593604100495577,
        0.11882743648812175,
        0.07330754597065971,
        0.05327583157457411,
        0.04196975629846565,
        0.8224130523912608,
        0.13245126669481397,
        0.083605573175475,
        0.06185235281381756,
        0.04964047818095423,
        0.9928470680117607,
        0.16175020387396216,
        0.1077497063819319,
        0.08305893803294748,
        0.06918342026136816,
        1.2450739886686206,
        0.18955775177292525,
        0.12463772829435765,
        0.09925258113536983,
        0.08572884635813534,
        1.51931783503294,
        0.23031646367534994,
        0.15415332246012986,
        0.1241883618030697,
        0.10664437862206251,
        1.8340869386792182,
        0.6541766697466374,
        0.44109637962281706,
        0.3366870310604572,
        0.26766336753964426,
        1.8939267953634262,
        1.0549045953154563,
        0.5708391512930393,
        0.3873428739458323,
        0.3220147604122758,
        2.042680139064789,
        1.1998736534714698,
        0.7591559198498726,
        0.5735429434478283,
        0.4967217328548431
    ],
    "train_acc": [
        96.64,
        97.14,
        97.41,
        97.61999999999999,
        97.1,
        96.46000000000001,
        97.11999999999999,
        97.57000000000001,
        97.86,
        97.61999999999999,
        96.54,
        97.61999999999999,
        97.52,
        97.84,
        97.92,
        97.16,
        97.67,
        97.72,
        97.88,
        98.0,
        96.89999999999999,
        97.6,
        97.92,
        98.22999999999999,
        98.18,
        96.95,
        98.0,
        98.0,
        98.11,
        98.17,
        97.24000000000001,
        97.84,
        98.06,
        97.99,
        98.19,
        97.14,
        97.75,
        98.16,
        98.16,
        98.32,
        97.15,
        97.77,
        98.05,
        98.13,
        98.27,
        96.8,
        97.89,
        97.92999999999999,
        98.22999999999999,
        98.04,
        96.39999999999999,
        97.72999999999999,
        97.95,
        97.99,
        98.15,
        95.93,
        97.46000000000001,
        97.86,
        97.89999999999999,
        97.78999999999999,
        95.35,
        97.02,
        97.47,
        97.66,
        97.72999999999999,
        94.84,
        96.63000000000001,
        97.26,
        97.59,
        97.66,
        93.91000000000001,
        95.86,
        96.63000000000001,
        97.00999999999999,
        97.21,
        92.67,
        95.49,
        96.31,
        96.57,
        96.91,
        91.73,
        94.64,
        95.52000000000001,
        96.14,
        96.36,
        74.02,
        91.29,
        92.81,
        93.76,
        94.35,
        68.69,
        88.31,
        90.09,
        91.77,
        92.36999999999999,
        57.63,
        82.47,
        83.26,
        84.31,
        84.73
    ],
    "train_loss": [
        0.10801098831444086,
        0.09637976530381663,
        0.08307890285888386,
        0.07460071105568553,
        0.09913499859192347,
        0.11321520430599144,
        0.09277981546188811,
        0.07786210749750054,
        0.07240518587704156,
        0.08616503585767124,
        0.11111519555979503,
        0.07621112074368372,
        0.08054976122911105,
        0.07213552563341787,
        0.0725358112859484,
        0.09699784164054844,
        0.07516153054981085,
        0.07251423534736438,
        0.06770698868245734,
        0.06736658266180859,
        0.10098504349812419,
        0.07548196496676185,
        0.06697131224355833,
        0.05582684437984121,
        0.06262996663865047,
        0.09538431142172414,
        0.0622679034002616,
        0.06158998239406212,
        0.060884770912865545,
        0.060576006744341354,
        0.09106679941655811,
        0.06684196184523136,
        0.06313654507264986,
        0.06254020545277521,
        0.06002666615211115,
        0.09239691188057025,
        0.06923269611660636,
        0.059582890958028906,
        0.05777238697457702,
        0.05876375246942211,
        0.09871471147359667,
        0.06958056089445994,
        0.06001896090794377,
        0.05644922883076939,
        0.0563520942556722,
        0.10645387808005967,
        0.0694963212799794,
        0.06537662263022746,
        0.05957974085631686,
        0.061899764420085414,
        0.1237960657227539,
        0.07609169574978644,
        0.06804823820495945,
        0.06264011361106427,
        0.060467779466291206,
        0.13522862709924846,
        0.08763618340080012,
        0.07198890289124436,
        0.06761234545728895,
        0.0688920565281331,
        0.16344521201388565,
        0.10143218372954045,
        0.08455350462481112,
        0.07368358476979736,
        0.07423540084026084,
        0.18158857169711662,
        0.11277261193462475,
        0.0914040116152676,
        0.07899725290216104,
        0.07444021746538534,
        0.2119109747474065,
        0.1365828265709256,
        0.10870305475539076,
        0.10026763864753846,
        0.09115652688137607,
        0.2623917086127989,
        0.15592402280001583,
        0.12567189844425566,
        0.11403930991954968,
        0.10412534796437639,
        0.3163313058143604,
        0.18295818045289217,
        0.15087067749641256,
        0.13249250307322263,
        0.12059316815373426,
        0.9081973040889123,
        0.5155080815632186,
        0.38813625829305476,
        0.3116692322456908,
        0.2637361659261281,
        1.3147598362254524,
        0.7493740188147493,
        0.4476098446788902,
        0.35495810210704803,
        0.3166395676528622,
        1.4823648087278811,
        0.9475542217671514,
        0.6317364355761134,
        0.5338643568004676,
        0.48649292220612483
    ],
    "sparsity": [
        0.0,
        0.0,
        0.0,
        0.0,
        0.0,
        0.2,
        0.2,
        0.2,
        0.2,
        0.2,
        0.3599977495217734,
        0.3599977495217734,
        0.3599977495217734,
        0.3599977495217734,
        0.3599977495217734,
        0.4879899478639211,
        0.4879899478639211,
        0.4879899478639211,
        0.4879899478639211,
        0.4879899478639211,
        0.5903829563782304,
        0.5903829563782304,
        0.5903829563782304,
        0.5903829563782304,
        0.5903829563782304,
        0.6722966130302689,
        0.6722966130302689,
        0.6722966130302689,
        0.6722966130302689,
        0.6722966130302689,
        0.7378267881924909,
        0.7378267881924909,
        0.7378267881924909,
        0.7378267881924909,
        0.7378267881924909,
        0.7902516784816773,
        0.7902516784816773,
        0.7902516784816773,
        0.7902516784816773,
        0.7902516784816773,
        0.8321893402347998,
        0.8321893402347998,
        0.8321893402347998,
        0.8321893402347998,
        0.8321893402347998,
        0.8657364689996624,
        0.8657364689996624,
        0.8657364689996624,
        0.8657364689996624,
        0.8657364689996624,
        0.8925809234462323,
        0.8925809234462323,
        0.8925809234462323,
        0.8925809234462323,
        0.8925809234462323,
        0.9140504857282172,
        0.9140504857282172,
        0.9140504857282172,
        0.9140504857282172,
        0.9140504857282172,
        0.9312291361914407,
        0.9312291361914407,
        0.9312291361914407,
        0.9312291361914407,
        0.9312291361914407,
        0.944968305764975,
        0.944968305764975,
        0.944968305764975,
        0.944968305764975,
        0.944968305764975,
        0.9559618919020292,
        0.9559618919020292,
        0.9559618919020292,
        0.9559618919020292,
        0.9559618919020292,
        0.9647612617681257,
        0.9647612617681257,
        0.9647612617681257,
        0.9647612617681257,
        0.9647612617681257,
        0.9717977570233675,
        0.9717977570233675,
        0.9717977570233675,
        0.9717977570233675,
        0.9717977570233675,
        0.9774314541840141,
        0.9774314541840141,
        0.9774314541840141,
        0.9774314541840141,
        0.9774314541840141,
        0.981928659840216,
        0.981928659840216,
        0.981928659840216,
        0.981928659840216,
        0.981928659840216,
        0.9855294250028132,
        0.9855294250028132,
        0.9855294250028132,
        0.9855294250028132,
        0.9855294250028132
    ]
}