{
    "args": {
        "load_last_pretrained": false,
        "model": "lenet",
        "dataset": "mnist",
        "epochs": 100,
        "batch_size": 60,
        "initialization": "xavier-normal-double",
        "learning_rate": 0.0012,
        "forget_model": false,
        "disable_cuda": false,
        "pruning_rate": 0.2,
        "pruning_interval": 5,
        "seed": 48
    },
    "test_acc": [
        96.92166666666667,
        98.36166666666666,
        98.15166666666667,
        98.685,
        98.95333333333333,
        96.83166666666668,
        98.17166666666667,
        98.44000000000001,
        98.53666666666666,
        99.20833333333333,
        97.09833333333333,
        98.41,
        98.81666666666666,
        99.12666666666667,
        99.075,
        97.28,
        98.29,
        99.0,
        99.22333333333333,
        99.13666666666666,
        97.50999999999999,
        98.68,
        99.26166666666667,
        99.44833333333334,
        99.50333333333333,
        97.86333333333333,
        98.85333333333334,
        99.27833333333334,
        99.51333333333334,
        99.7,
        97.99833333333333,
        98.97833333333334,
        99.275,
        99.54333333333332,
        99.72166666666666,
        97.82333333333332,
        98.98833333333333,
        99.35000000000001,
        99.58333333333333,
        99.66833333333334,
        97.76333333333334,
        99.02499999999999,
        99.37,
        99.61166666666666,
        99.71166666666666,
        97.47833333333334,
        98.63166666666666,
        99.25500000000001,
        99.53833333333333,
        99.57666666666667,
        96.85333333333334,
        98.49833333333333,
        99.125,
        99.45333333333333,
        99.51666666666667,
        96.57666666666667,
        98.15333333333334,
        98.825,
        99.24833333333333,
        99.41499999999999,
        95.86,
        97.82833333333333,
        98.57000000000001,
        98.93333333333332,
        99.23666666666666,
        95.33333333333334,
        97.57666666666667,
        98.24000000000001,
        98.64166666666667,
        98.97500000000001,
        94.86166666666666,
        96.98166666666667,
        97.86500000000001,
        98.23666666666668,
        98.46833333333333,
        93.27666666666666,
        96.26,
        97.33666666666667,
        97.80333333333333,
        98.07166666666667,
        91.36999999999999,
        95.02333333333334,
        96.19166666666666,
        96.81166666666667,
        97.23833333333334,
        90.16166666666666,
        94.81,
        95.97833333333334,
        96.47166666666666,
        96.76333333333334,
        86.605,
        94.15833333333333,
        95.47833333333332,
        96.18666666666667,
        96.58,
        81.19,
        93.88499999999999,
        95.17833333333333,
        95.73,
        96.00833333333333
    ],
    "test_loss": [
        0.21923395479749888,
        0.08923297567013651,
        0.06131799169455189,
        0.047044408506306354,
        0.03682038566225674,
        0.27786907898820934,
        0.09822371740313247,
        0.06557885940000414,
        0.04860356752085499,
        0.03631551477976609,
        0.2599660852374509,
        0.08423625862319023,
        0.05571759020327591,
        0.04029507303901483,
        0.03147062725154683,
        0.2536206516679376,
        0.08033496411377564,
        0.05222961141949054,
        0.0360569552530651,
        0.02792755071769352,
        0.2503765161288902,
        0.07093818277050741,
        0.0446570252670208,
        0.03159654891130049,
        0.023801767181867037,
        0.25390180455800143,
        0.06502399747702294,
        0.03922059284523129,
        0.02796934358897852,
        0.0188804943873547,
        0.26220053452067077,
        0.058471704537514595,
        0.0345869157552952,
        0.02456406854907982,
        0.01602355884273129,
        0.2831878408975899,
        0.06036058597336523,
        0.03485251291946043,
        0.022840076909342314,
        0.016194417704566148,
        0.3168901347182691,
        0.06134129185928032,
        0.03526270211255178,
        0.02362683168251533,
        0.017249992988043233,
        0.3559721190836281,
        0.0704733945899643,
        0.04106648069503717,
        0.02857891059340909,
        0.020529484858852812,
        0.43158519180491567,
        0.08031685519730672,
        0.04799608454061672,
        0.03310229175572749,
        0.024540298938925845,
        0.5100280217360705,
        0.09343139555770903,
        0.056918290099594746,
        0.03997304299962707,
        0.030660203331150115,
        0.6150229322239756,
        0.11057552766706795,
        0.06711660752911121,
        0.04819804205140099,
        0.03761069873603992,
        0.7565363956391812,
        0.11940873194672168,
        0.07622896715998649,
        0.05813503694301471,
        0.04780761488969438,
        0.9468578180298209,
        0.14041195423714817,
        0.09216669931821525,
        0.07105960033414885,
        0.058620236940681934,
        1.2108777379989624,
        0.2314076618589461,
        0.11813990129344165,
        0.08742615850456059,
        0.07404571131104604,
        1.4717647925019264,
        0.30596523692458866,
        0.1654342215564102,
        0.12328611329942941,
        0.10419048398174345,
        1.5988984116911888,
        0.309866020552814,
        0.16758817753940822,
        0.13295961698889733,
        0.11652778537850828,
        1.8362805671095848,
        0.3876587051972747,
        0.1907060843259096,
        0.1490543877258897,
        0.1287496431414038,
        1.9591451272964477,
        0.4455631729587913,
        0.20255935256928206,
        0.16183124236017465,
        0.1445077925864607
    ],
    "train_acc": [
        96.35000000000001,
        97.26,
        96.88,
        97.55,
        97.50999999999999,
        96.41999999999999,
        97.14,
        97.36,
        97.5,
        97.86,
        96.6,
        97.37,
        97.92,
        97.88,
        97.87,
        96.89,
        97.46000000000001,
        97.92,
        97.87,
        97.61999999999999,
        96.85000000000001,
        97.76,
        97.99,
        98.17,
        98.11,
        97.3,
        97.8,
        98.15,
        98.28,
        98.05,
        97.47,
        97.92999999999999,
        97.87,
        98.07000000000001,
        98.07000000000001,
        97.28,
        97.97,
        97.96000000000001,
        98.2,
        97.95,
        97.35000000000001,
        98.07000000000001,
        98.11999999999999,
        98.11999999999999,
        98.06,
        96.98,
        97.74000000000001,
        97.97,
        98.11999999999999,
        98.13,
        96.59,
        97.5,
        97.89999999999999,
        98.05,
        98.0,
        96.26,
        97.33000000000001,
        97.78999999999999,
        97.8,
        97.89,
        95.64,
        97.18,
        97.7,
        97.72999999999999,
        97.91,
        95.15,
        97.03,
        97.54,
        97.75,
        97.92999999999999,
        94.93,
        96.67,
        97.23,
        97.44,
        97.61,
        93.47999999999999,
        95.89,
        96.65,
        97.00999999999999,
        97.39999999999999,
        91.53,
        94.67999999999999,
        95.59,
        96.12,
        96.5,
        90.72,
        94.59,
        95.41,
        95.94,
        96.17999999999999,
        87.19,
        94.21000000000001,
        95.27,
        95.78,
        95.94,
        81.34,
        93.7,
        94.67,
        95.15,
        95.39999999999999
    ],
    "train_loss": [
        0.12249712502126565,
        0.09060339819818378,
        0.1008471647510305,
        0.08350161460233842,
        0.08803076001335895,
        0.11336107491264621,
        0.09008284767219674,
        0.08354831630821356,
        0.08086042381086928,
        0.07344931873637893,
        0.11526442463035712,
        0.0834741314599837,
        0.07063161992763509,
        0.07046153079815945,
        0.07787558561278797,
        0.10072848188529114,
        0.08415073200692227,
        0.06593740686026965,
        0.06711526534904888,
        0.0861990256409278,
        0.09801523012672356,
        0.07377399324054668,
        0.06388062777828626,
        0.060466792293291674,
        0.06243216771211386,
        0.08693558191824816,
        0.06867647698305235,
        0.057504216962268095,
        0.057651325710352044,
        0.06553628952866336,
        0.0864099509634836,
        0.06455856938372383,
        0.06599681263979146,
        0.061881232837321026,
        0.06393230230091586,
        0.0899153915261794,
        0.06732463577907243,
        0.0634513362868505,
        0.05960506305651332,
        0.06752770105924061,
        0.09163704961761386,
        0.06401416388462984,
        0.06290925849503753,
        0.06130775252219797,
        0.0652318882270058,
        0.10394573894268025,
        0.07188320870672961,
        0.06606169821677763,
        0.0621478057628174,
        0.06467494442724361,
        0.12143530850549658,
        0.08027642758697004,
        0.06690792143930441,
        0.06310323213469683,
        0.067520401634354,
        0.1310384550472041,
        0.08772615710842217,
        0.07171404709994882,
        0.07036999216398035,
        0.07018525196060896,
        0.15424312918842908,
        0.09668387954463502,
        0.08095882573125962,
        0.07331978071559064,
        0.07099207925811009,
        0.16690149558652304,
        0.10292122714377627,
        0.08590496897496684,
        0.07927590192568873,
        0.07447143460339505,
        0.1869287431284696,
        0.11947829502740663,
        0.09792600544225313,
        0.08852714102179883,
        0.0841827760757265,
        0.3507474298605662,
        0.16408018865985072,
        0.11606163837149472,
        0.10008346283261826,
        0.0938506229100247,
        0.5154154975257234,
        0.21430138743923097,
        0.15452957869379105,
        0.13337694804468556,
        0.12248341425762561,
        0.5426512972680394,
        0.21042884288433783,
        0.16388804040581523,
        0.14548921558314454,
        0.1356412499897673,
        0.7750552557185738,
        0.2351638947775264,
        0.1763038286593503,
        0.15559102186632012,
        0.14351573673461726,
        0.9836415987528727,
        0.2544142127840105,
        0.18945535386126197,
        0.16907252741609505,
        0.1623554355436992
    ],
    "sparsity": [
        0.0,
        0.0,
        0.0,
        0.0,
        0.0,
        0.2,
        0.2,
        0.2,
        0.2,
        0.2,
        0.3599977495217734,
        0.3599977495217734,
        0.3599977495217734,
        0.3599977495217734,
        0.3599977495217734,
        0.4879899478639211,
        0.4879899478639211,
        0.4879899478639211,
        0.4879899478639211,
        0.4879899478639211,
        0.5903829563782304,
        0.5903829563782304,
        0.5903829563782304,
        0.5903829563782304,
        0.5903829563782304,
        0.6722966130302689,
        0.6722966130302689,
        0.6722966130302689,
        0.6722966130302689,
        0.6722966130302689,
        0.7378267881924909,
        0.7378267881924909,
        0.7378267881924909,
        0.7378267881924909,
        0.7378267881924909,
        0.7902516784816773,
        0.7902516784816773,
        0.7902516784816773,
        0.7902516784816773,
        0.7902516784816773,
        0.8321893402347998,
        0.8321893402347998,
        0.8321893402347998,
        0.8321893402347998,
        0.8321893402347998,
        0.8657364689996624,
        0.8657364689996624,
        0.8657364689996624,
        0.8657364689996624,
        0.8657364689996624,
        0.8925809234462323,
        0.8925809234462323,
        0.8925809234462323,
        0.8925809234462323,
        0.8925809234462323,
        0.9140504857282172,
        0.9140504857282172,
        0.9140504857282172,
        0.9140504857282172,
        0.9140504857282172,
        0.9312291361914407,
        0.9312291361914407,
        0.9312291361914407,
        0.9312291361914407,
        0.9312291361914407,
        0.944968305764975,
        0.944968305764975,
        0.944968305764975,
        0.944968305764975,
        0.944968305764975,
        0.9559618919020292,
        0.9559618919020292,
        0.9559618919020292,
        0.9559618919020292,
        0.9559618919020292,
        0.9647612617681257,
        0.9647612617681257,
        0.9647612617681257,
        0.9647612617681257,
        0.9647612617681257,
        0.9717977570233675,
        0.9717977570233675,
        0.9717977570233675,
        0.9717977570233675,
        0.9717977570233675,
        0.9774314541840141,
        0.9774314541840141,
        0.9774314541840141,
        0.9774314541840141,
        0.9774314541840141,
        0.981928659840216,
        0.981928659840216,
        0.981928659840216,
        0.981928659840216,
        0.981928659840216,
        0.9855294250028132,
        0.9855294250028132,
        0.9855294250028132,
        0.9855294250028132,
        0.9855294250028132
    ]
}