{
    "args": {
        "load_last_pretrained": false,
        "model": "lenet",
        "dataset": "mnist",
        "epochs": 100,
        "batch_size": 60,
        "initialization": "xavier-normal-half",
        "learning_rate": 0.0012,
        "forget_model": false,
        "disable_cuda": false,
        "pruning_rate": 0.2,
        "pruning_interval": 5,
        "seed": 51
    },
    "test_acc": [
        96.25666666666667,
        97.83833333333334,
        98.50333333333333,
        98.905,
        99.06,
        96.68666666666667,
        98.05,
        98.61833333333333,
        98.78166666666667,
        99.31833333333333,
        97.23,
        98.35000000000001,
        98.58666666666667,
        99.21166666666666,
        99.43833333333333,
        97.18,
        98.67833333333334,
        99.045,
        99.03999999999999,
        99.295,
        97.72333333333333,
        98.42,
        99.10666666666667,
        99.26666666666667,
        99.60333333333334,
        97.87333333333333,
        98.99166666666666,
        99.19333333333333,
        99.52666666666666,
        99.55666666666667,
        97.26666666666667,
        98.875,
        99.34833333333334,
        99.59833333333333,
        99.78333333333333,
        97.91666666666666,
        98.94666666666667,
        99.39333333333333,
        99.63666666666666,
        99.76666666666667,
        97.65833333333333,
        98.81333333333333,
        99.35000000000001,
        99.50833333333333,
        99.53666666666666,
        97.565,
        98.73833333333333,
        99.405,
        99.57833333333333,
        99.655,
        97.21499999999999,
        98.55833333333334,
        99.17666666666666,
        99.37166666666667,
        99.56166666666667,
        96.49333333333333,
        98.23166666666665,
        98.78833333333333,
        99.19333333333333,
        99.37833333333333,
        95.775,
        97.78166666666667,
        98.48,
        98.80833333333334,
        99.10833333333333,
        95.25666666666666,
        97.28333333333333,
        98.07166666666667,
        98.49333333333334,
        98.75333333333333,
        94.49499999999999,
        96.98166666666667,
        97.77833333333334,
        98.25666666666667,
        98.49666666666667,
        93.58833333333332,
        96.49666666666667,
        97.36333333333333,
        97.83833333333334,
        98.175,
        88.03833333333333,
        95.475,
        96.65166666666667,
        97.14666666666668,
        97.44500000000001,
        88.32,
        95.04333333333334,
        96.40166666666666,
        96.95166666666667,
        97.22666666666666,
        82.97,
        94.78833333333333,
        96.06333333333333,
        96.60666666666667,
        96.92666666666668,
        76.74166666666666,
        93.78,
        95.36833333333334,
        95.85000000000001,
        96.20333333333333
    ],
    "test_loss": [
        0.25832974291220306,
        0.09920227791229264,
        0.06509708535019308,
        0.04801072970242239,
        0.0376258338636253,
        0.26420420115906745,
        0.09352166429022327,
        0.06192314362782054,
        0.046170470128301534,
        0.03251334404532099,
        0.2488876956552267,
        0.08249570258939638,
        0.05517339596047532,
        0.03931968913006131,
        0.029238298162061256,
        0.24877531857835128,
        0.07767204637080431,
        0.049239698418416085,
        0.035256417113298084,
        0.028063311823876575,
        0.2501832775445655,
        0.07059327056049369,
        0.04502203020104207,
        0.03166645830933703,
        0.02213936238223687,
        0.24886170267593116,
        0.06388169001229108,
        0.038145070902188306,
        0.026134812110336497,
        0.018957934632053367,
        0.26600676618423313,
        0.060877304760972036,
        0.036326074503245764,
        0.023499270582280588,
        0.016704289407614852,
        0.28830470954626797,
        0.05883312086458318,
        0.03387620160949882,
        0.02275109663748299,
        0.014992548371345038,
        0.3147232010336593,
        0.06299243638943881,
        0.037249758445541375,
        0.02406567437533522,
        0.01742541527090361,
        0.35594557517394426,
        0.06696246939664706,
        0.03906214217678644,
        0.027122581522678955,
        0.018600956059468446,
        0.42025994561892005,
        0.07806152937281877,
        0.04667428414337337,
        0.03174915006745141,
        0.02404916945536388,
        0.5228821404334157,
        0.09599419076833873,
        0.05749632886704058,
        0.040746548784314655,
        0.03103603511862457,
        0.652045904673636,
        0.11076873673032969,
        0.06784257507743315,
        0.049315493539441375,
        0.039145244239363816,
        0.8106127126477659,
        0.13266872897557913,
        0.0857000418510288,
        0.06442563962796703,
        0.051694649003678934,
        0.9946983576416969,
        0.1448075323421508,
        0.0930092877075076,
        0.07175402172748,
        0.059837056172080336,
        1.1696507093533874,
        0.16471468958444893,
        0.10765819959063083,
        0.0844682837286964,
        0.07227421356039122,
        1.4500926369130611,
        0.324597313515842,
        0.1789848208092153,
        0.13221914248913527,
        0.10834568565525114,
        1.4502668439745903,
        0.33749138037115334,
        0.19396505281329154,
        0.14250666766241193,
        0.11695059357956052,
        1.6319128327965737,
        0.382510866522789,
        0.2049375035315752,
        0.1524710773229599,
        0.12711957932636142,
        1.858641273200512,
        0.4805426599681377,
        0.23936939048022032,
        0.1777923842780292,
        0.15036989157646893
    ],
    "train_acc": [
        95.85000000000001,
        96.71,
        97.44,
        97.55,
        97.6,
        96.46000000000001,
        97.24000000000001,
        97.50999999999999,
        97.54,
        98.1,
        96.69,
        97.57000000000001,
        97.37,
        97.78999999999999,
        98.13,
        96.82,
        97.65,
        97.72999999999999,
        97.81,
        97.97,
        97.05,
        97.39999999999999,
        97.84,
        97.95,
        98.29,
        97.2,
        97.78999999999999,
        98.11999999999999,
        98.05,
        97.99,
        96.93,
        97.99,
        97.97,
        98.05,
        98.25,
        97.41,
        97.89,
        98.14,
        98.09,
        98.21,
        97.04,
        97.74000000000001,
        97.81,
        97.95,
        98.04,
        96.89999999999999,
        97.76,
        97.97,
        98.1,
        98.05,
        96.7,
        97.68,
        97.76,
        97.84,
        98.02,
        96.03,
        97.36,
        97.71,
        97.81,
        97.86,
        95.47,
        96.97,
        97.54,
        97.64,
        97.67,
        95.12,
        96.78999999999999,
        97.35000000000001,
        97.52,
        97.69,
        94.34,
        96.36,
        97.03,
        97.37,
        97.33000000000001,
        93.86,
        96.04,
        96.78,
        97.04,
        97.15,
        87.68,
        95.0,
        96.00999999999999,
        96.38,
        96.55,
        88.1,
        94.63000000000001,
        95.86,
        96.38,
        96.36,
        82.96,
        94.41000000000001,
        95.61,
        96.02000000000001,
        96.2,
        77.3,
        93.65,
        95.02000000000001,
        95.37,
        95.62
    ],
    "train_loss": [
        0.13406631292518742,
        0.1018763059683278,
        0.08366779809605754,
        0.0795105492659917,
        0.07528864521035523,
        0.11943604768683275,
        0.08708328535378783,
        0.07568004514609357,
        0.0765200471449755,
        0.06883868617828222,
        0.10522932158838846,
        0.07884969427612816,
        0.08345261862791495,
        0.06624327921224925,
        0.06550655113832891,
        0.10512705706059933,
        0.07402590180407027,
        0.06921742372995543,
        0.07031292028580151,
        0.07326925160296395,
        0.09429351586714654,
        0.08354444311050598,
        0.06853617265720122,
        0.06966704706393717,
        0.06380460125988092,
        0.08731741250721281,
        0.06412514209089254,
        0.06689773063303646,
        0.06459626434600918,
        0.06841845022640637,
        0.10266192953944385,
        0.06896098662853732,
        0.0645505825523287,
        0.06457576804660528,
        0.06342939593328001,
        0.08966356938046788,
        0.06388053028637956,
        0.06095249222976317,
        0.06387834928296841,
        0.06157941442916398,
        0.09739701592079002,
        0.06899933624192849,
        0.06483929544062672,
        0.06590521782371746,
        0.06724292458530688,
        0.10166766967423661,
        0.07233969647504256,
        0.0622356886303465,
        0.05884839868950964,
        0.06382903640930859,
        0.11577616889632034,
        0.07717175304633148,
        0.06571965558108633,
        0.06782402201697878,
        0.06427410977661141,
        0.1379567692446673,
        0.08778703043203868,
        0.07391202591030585,
        0.0696543025781406,
        0.06967732648945185,
        0.1578099613195051,
        0.10024034596065026,
        0.08179874298815241,
        0.0785678323277434,
        0.07611209976286097,
        0.17820175418150638,
        0.11646955164740543,
        0.0931074174767929,
        0.08483975611816713,
        0.08163529000395608,
        0.20331829201853918,
        0.12773234232100183,
        0.10585038034903432,
        0.09504116671773309,
        0.09310569112122193,
        0.23175345561996905,
        0.1391685498644135,
        0.11300224954719672,
        0.10535250668285671,
        0.10049797626892606,
        0.5051542085087942,
        0.2340207170405074,
        0.1674291498869836,
        0.14150462833841046,
        0.12750569979721557,
        0.5146669479544291,
        0.24721670596899387,
        0.17828958180403995,
        0.1478963958958309,
        0.13463846617517713,
        0.6394906741773297,
        0.26561335309179956,
        0.18944242244173667,
        0.1615699199948482,
        0.14375667407841025,
        0.8783629843574798,
        0.3068575576215447,
        0.21535263710214705,
        0.1809930266243612,
        0.1643829974317979
    ],
    "sparsity": [
        0.0,
        0.0,
        0.0,
        0.0,
        0.0,
        0.2,
        0.2,
        0.2,
        0.2,
        0.2,
        0.3599977495217734,
        0.3599977495217734,
        0.3599977495217734,
        0.3599977495217734,
        0.3599977495217734,
        0.4879899478639211,
        0.4879899478639211,
        0.4879899478639211,
        0.4879899478639211,
        0.4879899478639211,
        0.5903829563782304,
        0.5903829563782304,
        0.5903829563782304,
        0.5903829563782304,
        0.5903829563782304,
        0.6722966130302689,
        0.6722966130302689,
        0.6722966130302689,
        0.6722966130302689,
        0.6722966130302689,
        0.7378267881924909,
        0.7378267881924909,
        0.7378267881924909,
        0.7378267881924909,
        0.7378267881924909,
        0.7902516784816773,
        0.7902516784816773,
        0.7902516784816773,
        0.7902516784816773,
        0.7902516784816773,
        0.8321893402347998,
        0.8321893402347998,
        0.8321893402347998,
        0.8321893402347998,
        0.8321893402347998,
        0.8657364689996624,
        0.8657364689996624,
        0.8657364689996624,
        0.8657364689996624,
        0.8657364689996624,
        0.8925809234462323,
        0.8925809234462323,
        0.8925809234462323,
        0.8925809234462323,
        0.8925809234462323,
        0.9140504857282172,
        0.9140504857282172,
        0.9140504857282172,
        0.9140504857282172,
        0.9140504857282172,
        0.9312291361914407,
        0.9312291361914407,
        0.9312291361914407,
        0.9312291361914407,
        0.9312291361914407,
        0.944968305764975,
        0.944968305764975,
        0.944968305764975,
        0.944968305764975,
        0.944968305764975,
        0.9559618919020292,
        0.9559618919020292,
        0.9559618919020292,
        0.9559618919020292,
        0.9559618919020292,
        0.9647612617681257,
        0.9647612617681257,
        0.9647612617681257,
        0.9647612617681257,
        0.9647612617681257,
        0.9717977570233675,
        0.9717977570233675,
        0.9717977570233675,
        0.9717977570233675,
        0.9717977570233675,
        0.9774314541840141,
        0.9774314541840141,
        0.9774314541840141,
        0.9774314541840141,
        0.9774314541840141,
        0.981928659840216,
        0.981928659840216,
        0.981928659840216,
        0.981928659840216,
        0.981928659840216,
        0.9855294250028132,
        0.9855294250028132,
        0.9855294250028132,
        0.9855294250028132,
        0.9855294250028132
    ]
}