{
    "args": {
        "load_last_pretrained": false,
        "model": "lenet",
        "dataset": "mnist",
        "epochs": 100,
        "batch_size": 60,
        "initialization": "xavier-uniform",
        "learning_rate": 0.0012,
        "forget_model": false,
        "disable_cuda": false,
        "pruning_rate": 0.2,
        "pruning_interval": 5,
        "seed": 51
    },
    "test_acc": [
        96.78166666666667,
        98.06833333333333,
        98.62166666666667,
        98.76,
        99.09,
        96.58666666666666,
        98.08333333333333,
        98.65833333333333,
        98.70666666666666,
        99.18166666666667,
        97.21,
        98.285,
        98.745,
        99.39666666666666,
        99.37333333333333,
        97.21499999999999,
        98.68166666666667,
        99.13,
        99.12333333333333,
        99.42833333333333,
        97.73666666666668,
        98.38666666666667,
        99.11166666666666,
        99.21166666666666,
        99.61833333333333,
        97.77166666666666,
        98.995,
        99.10333333333334,
        99.47500000000001,
        99.385,
        97.31666666666666,
        98.81,
        99.38333333333334,
        99.62166666666667,
        99.73666666666666,
        98.00333333333333,
        98.98,
        99.31,
        99.55666666666667,
        99.75500000000001,
        97.65333333333334,
        98.895,
        99.31666666666666,
        99.45833333333334,
        99.63833333333334,
        97.35166666666667,
        98.72833333333332,
        99.36333333333334,
        99.53833333333333,
        99.59833333333333,
        97.07833333333333,
        98.53,
        99.11,
        99.27166666666668,
        99.42833333333333,
        96.42333333333333,
        98.105,
        98.73333333333333,
        99.115,
        99.26833333333333,
        95.75,
        97.68,
        98.53,
        98.92333333333333,
        99.09666666666666,
        95.37166666666667,
        97.44166666666668,
        98.19833333333334,
        98.59,
        98.93333333333332,
        94.74833333333333,
        96.935,
        97.7,
        98.185,
        98.43666666666667,
        93.18166666666666,
        96.19,
        97.265,
        97.765,
        98.125,
        80.10666666666667,
        95.29166666666666,
        96.37666666666667,
        96.99166666666666,
        97.25333333333333,
        69.61,
        94.425,
        95.79333333333334,
        96.39166666666667,
        96.68666666666667,
        67.63666666666667,
        89.81,
        94.095,
        95.035,
        95.535,
        50.30833333333333,
        89.45666666666666,
        93.89166666666667,
        94.825,
        95.24833333333333
    ],
    "test_loss": [
        0.21952291571907698,
        0.08719234116701409,
        0.058520272792782636,
        0.04370519048796268,
        0.033132836340984795,
        0.27125819118320943,
        0.094039845966734,
        0.06204274692561012,
        0.04692745153210126,
        0.0341279205858591,
        0.2531534707341343,
        0.08367866702890024,
        0.055084882519207894,
        0.04015290459105745,
        0.028464703500823817,
        0.2497567009534687,
        0.07619837458943948,
        0.04672687043133192,
        0.03436538810119964,
        0.02464463657219312,
        0.2526799435513094,
        0.07114975501876325,
        0.0444921584125841,
        0.030121138963499106,
        0.021566356286348308,
        0.2529415019089356,
        0.06451987969921902,
        0.03795586437091697,
        0.026715992776909843,
        0.01894541321345605,
        0.266784850099124,
        0.06259422659943811,
        0.03736790669511538,
        0.024660396333783866,
        0.017436388531787087,
        0.2864309782087803,
        0.05896646847622469,
        0.034336295382934624,
        0.02293396383355139,
        0.016299885589483892,
        0.31623646855168047,
        0.06213047845708206,
        0.03596073291753419,
        0.023412496239179747,
        0.017245393980083464,
        0.3646919019576162,
        0.06977118245605379,
        0.040401806774898436,
        0.02758981188083999,
        0.019838555810507388,
        0.42954209256730974,
        0.08112712483620271,
        0.04884766729664989,
        0.033620121191022916,
        0.025685645736171863,
        0.5265566365774721,
        0.09756467742659151,
        0.06025882012816146,
        0.043249965919647367,
        0.03300725601916201,
        0.6314584522228688,
        0.10727040456142277,
        0.06768281484162435,
        0.04932224102853797,
        0.03889532187837176,
        0.7507237111330032,
        0.12376418423466384,
        0.07939830078417436,
        0.059587801484856755,
        0.04791070457920432,
        0.947084785155952,
        0.1441158448997885,
        0.095360436251387,
        0.07425890062656254,
        0.06170351115660742,
        1.2274441617205738,
        0.1791520355977118,
        0.11527025106921793,
        0.08884645990189165,
        0.07459850745275616,
        1.627575031220913,
        0.291110702984035,
        0.14579243129491806,
        0.11715553730726241,
        0.1026523808753118,
        1.779632447719574,
        0.47963666659593585,
        0.17365949422493576,
        0.13698640296794473,
        0.1201421294240281,
        1.9831657103300095,
        0.8519964621067048,
        0.30211629591137174,
        0.19701991441845895,
        0.1677794642597437,
        2.111455004811287,
        1.0363797415196896,
        0.31719423180073497,
        0.20602437039092183,
        0.17698525446094573
    ],
    "train_acc": [
        96.21,
        97.13000000000001,
        97.68,
        97.55,
        97.67,
        96.24000000000001,
        97.56,
        97.55,
        97.68,
        97.83,
        96.82,
        97.59,
        97.64,
        98.1,
        97.96000000000001,
        96.87,
        97.72,
        98.07000000000001,
        97.85000000000001,
        97.94,
        97.1,
        97.3,
        97.87,
        98.00999999999999,
        98.28,
        97.21,
        97.98,
        97.97,
        98.07000000000001,
        98.06,
        97.02,
        97.92,
        98.15,
        98.22,
        98.07000000000001,
        97.45,
        97.87,
        98.0,
        97.98,
        98.26,
        97.19,
        97.81,
        98.14,
        98.13,
        98.26,
        96.74000000000001,
        97.89999999999999,
        98.09,
        98.24000000000001,
        98.08,
        96.78999999999999,
        97.67,
        97.89,
        98.0,
        98.09,
        96.13000000000001,
        97.37,
        97.69,
        97.88,
        97.88,
        95.48,
        97.13000000000001,
        97.52,
        97.76,
        97.86,
        95.23,
        96.8,
        97.28999999999999,
        97.5,
        97.52,
        94.71000000000001,
        96.53,
        96.92,
        97.33000000000001,
        97.48,
        93.5,
        95.93,
        96.48,
        96.78,
        97.02,
        80.42,
        94.83,
        95.69,
        96.08,
        96.25,
        70.42,
        94.46,
        95.61,
        95.93,
        96.11,
        67.60000000000001,
        90.38000000000001,
        94.16,
        94.97,
        95.22,
        50.13999999999999,
        89.71000000000001,
        93.78999999999999,
        94.63000000000001,
        94.89
    ],
    "train_loss": [
        0.12241281395566142,
        0.09049103175663574,
        0.07864342081851276,
        0.08559303926889544,
        0.0718542689253286,
        0.12136189921753492,
        0.08211551845062547,
        0.07743098946500146,
        0.07334138117005636,
        0.07097964243361068,
        0.10220189907303649,
        0.07869014152866638,
        0.07677359044172628,
        0.06002262721122605,
        0.06684980962514699,
        0.09995335888418698,
        0.07384632852396922,
        0.06295166594327656,
        0.06872979048528001,
        0.06869148282462474,
        0.0943795568393376,
        0.08261357625935249,
        0.06640510484548341,
        0.07198328746783876,
        0.06299308371942067,
        0.09028604690230892,
        0.06566032769247711,
        0.06862030388413744,
        0.06918477533178817,
        0.0709019905518431,
        0.09801007560761033,
        0.06662408783502073,
        0.061481402502367326,
        0.058799208164170474,
        0.06270823994314041,
        0.0860354822898607,
        0.06598607284814387,
        0.06367413954694984,
        0.06843241999409591,
        0.05952292521357673,
        0.095532976168983,
        0.06861655200234876,
        0.061294942682965876,
        0.06435296257705467,
        0.06154047551583694,
        0.1063063914558577,
        0.07081629907500422,
        0.06172801663786798,
        0.058904436979481875,
        0.06219531430041663,
        0.11295981140818424,
        0.07572707382147897,
        0.06686057846206882,
        0.06585288871341792,
        0.06410297797923116,
        0.1318020384680636,
        0.08760966661715222,
        0.07478541467885325,
        0.06980029648883704,
        0.07076059767424302,
        0.14929998911426454,
        0.09981684037623648,
        0.08011442868451694,
        0.07447727885192071,
        0.07282246814477453,
        0.16737136900603414,
        0.10951053491419928,
        0.08901773380048707,
        0.08292051182200987,
        0.08064919760908017,
        0.18805408406400395,
        0.11943921706678268,
        0.10247789070144028,
        0.09084218446009173,
        0.08752986923707816,
        0.23853250581793442,
        0.1446252343897334,
        0.11727325392407394,
        0.10657012893701207,
        0.10167242323388596,
        0.7124980031373258,
        0.1792122416956696,
        0.1421055222142064,
        0.12945754052011552,
        0.1224385542337766,
        0.9813209204616661,
        0.2118120867156697,
        0.15784695885049368,
        0.13807745913634756,
        0.13061728460078467,
        1.27621533056933,
        0.49851264639528925,
        0.224327100563549,
        0.18769052276711265,
        0.16865374768030145,
        1.5454148817918971,
        0.5148396443821,
        0.23777042088394393,
        0.20123612566176288,
        0.18256737929796743
    ],
    "sparsity": [
        0.0,
        0.0,
        0.0,
        0.0,
        0.0,
        0.2,
        0.2,
        0.2,
        0.2,
        0.2,
        0.3599977495217734,
        0.3599977495217734,
        0.3599977495217734,
        0.3599977495217734,
        0.3599977495217734,
        0.4879899478639211,
        0.4879899478639211,
        0.4879899478639211,
        0.4879899478639211,
        0.4879899478639211,
        0.5903829563782304,
        0.5903829563782304,
        0.5903829563782304,
        0.5903829563782304,
        0.5903829563782304,
        0.6722966130302689,
        0.6722966130302689,
        0.6722966130302689,
        0.6722966130302689,
        0.6722966130302689,
        0.7378267881924909,
        0.7378267881924909,
        0.7378267881924909,
        0.7378267881924909,
        0.7378267881924909,
        0.7902516784816773,
        0.7902516784816773,
        0.7902516784816773,
        0.7902516784816773,
        0.7902516784816773,
        0.8321893402347998,
        0.8321893402347998,
        0.8321893402347998,
        0.8321893402347998,
        0.8321893402347998,
        0.8657364689996624,
        0.8657364689996624,
        0.8657364689996624,
        0.8657364689996624,
        0.8657364689996624,
        0.8925809234462323,
        0.8925809234462323,
        0.8925809234462323,
        0.8925809234462323,
        0.8925809234462323,
        0.9140504857282172,
        0.9140504857282172,
        0.9140504857282172,
        0.9140504857282172,
        0.9140504857282172,
        0.9312291361914407,
        0.9312291361914407,
        0.9312291361914407,
        0.9312291361914407,
        0.9312291361914407,
        0.944968305764975,
        0.944968305764975,
        0.944968305764975,
        0.944968305764975,
        0.944968305764975,
        0.9559618919020292,
        0.9559618919020292,
        0.9559618919020292,
        0.9559618919020292,
        0.9559618919020292,
        0.9647612617681257,
        0.9647612617681257,
        0.9647612617681257,
        0.9647612617681257,
        0.9647612617681257,
        0.9717977570233675,
        0.9717977570233675,
        0.9717977570233675,
        0.9717977570233675,
        0.9717977570233675,
        0.9774314541840141,
        0.9774314541840141,
        0.9774314541840141,
        0.9774314541840141,
        0.9774314541840141,
        0.981928659840216,
        0.981928659840216,
        0.981928659840216,
        0.981928659840216,
        0.981928659840216,
        0.9855294250028132,
        0.9855294250028132,
        0.9855294250028132,
        0.9855294250028132,
        0.9855294250028132
    ]
}