{
    "args": {
        "load_last_pretrained": false,
        "model": "lenet",
        "dataset": "mnist",
        "epochs": 100,
        "batch_size": 60,
        "initialization": "xavier-uniform",
        "learning_rate": 0.0012,
        "forget_model": false,
        "disable_cuda": false,
        "pruning_rate": 0.2,
        "pruning_interval": 5,
        "seed": 44
    },
    "test_acc": [
        97.14166666666667,
        98.19666666666666,
        98.76333333333334,
        99.11333333333333,
        99.25500000000001,
        96.79333333333334,
        98.105,
        98.73333333333333,
        98.94166666666668,
        99.25833333333334,
        97.075,
        98.16833333333334,
        98.96333333333334,
        99.14833333333334,
        99.30499999999999,
        97.33500000000001,
        98.45333333333333,
        98.965,
        99.2,
        99.40833333333333,
        97.50666666666666,
        98.72333333333333,
        98.98333333333333,
        99.46166666666667,
        99.24833333333333,
        97.72333333333333,
        98.54333333333334,
        99.265,
        99.58,
        99.52499999999999,
        97.78,
        98.76,
        99.17666666666666,
        99.425,
        99.74,
        97.85333333333334,
        99.0,
        99.28,
        99.62166666666667,
        99.66166666666668,
        97.82166666666666,
        99.02166666666666,
        99.12333333333333,
        99.65666666666667,
        99.51666666666667,
        97.45833333333334,
        98.575,
        99.27666666666667,
        99.46000000000001,
        99.68666666666667,
        96.99166666666666,
        98.50166666666667,
        99.01166666666667,
        99.32833333333333,
        99.36833333333334,
        96.86333333333333,
        98.24666666666667,
        98.91499999999999,
        99.25833333333334,
        99.44666666666667,
        96.11166666666666,
        97.97166666666666,
        98.67166666666667,
        98.90333333333334,
        99.28833333333333,
        95.355,
        97.58166666666666,
        98.285,
        98.58666666666667,
        98.88333333333334,
        94.585,
        96.96666666666667,
        97.795,
        98.3,
        98.55000000000001,
        93.69833333333332,
        96.355,
        97.36666666666667,
        97.88333333333334,
        98.06666666666666,
        92.855,
        95.865,
        96.87,
        97.405,
        97.71333333333332,
        84.54333333333334,
        93.78999999999999,
        95.34666666666666,
        95.95,
        96.44,
        82.12666666666667,
        93.23,
        94.72,
        95.33333333333334,
        95.66833333333334,
        60.529999999999994,
        77.67500000000001,
        81.89166666666667,
        83.28666666666666,
        84.01666666666667
    ],
    "test_loss": [
        0.21994417735375463,
        0.08993066178984009,
        0.060140401335665956,
        0.0452680005057482,
        0.03534476567758247,
        0.26849128687381746,
        0.09671162605471909,
        0.06222336549707688,
        0.04474865249474533,
        0.033747756316151935,
        0.25380153333675115,
        0.08507169868750497,
        0.05736268656235188,
        0.041199041853949896,
        0.03070477467676392,
        0.24853374244086443,
        0.0779230169611983,
        0.05089577850769274,
        0.03738781304395525,
        0.026655122674361337,
        0.24935151057690383,
        0.07349323289026506,
        0.045342854334274305,
        0.03226255641767057,
        0.02241269146243576,
        0.2536429926622659,
        0.06575322280894033,
        0.04029866392328404,
        0.027305025128298438,
        0.022013643251993925,
        0.27196624168567357,
        0.06469968101428822,
        0.0385521948216483,
        0.025589919376478063,
        0.01845780680945609,
        0.2837522840416059,
        0.06128478916524909,
        0.03559508411772549,
        0.02388269165228121,
        0.017217835289498908,
        0.3139998661931604,
        0.05981352725159377,
        0.03475332830345724,
        0.02317626529483823,
        0.016277772568748333,
        0.35456148974597457,
        0.06983762932242826,
        0.04153496420476586,
        0.02778484100435162,
        0.020303033839736598,
        0.41914941829442975,
        0.08025468892324716,
        0.048257613650523126,
        0.03345698955527041,
        0.02487484221113846,
        0.5126832766532898,
        0.08815050077717751,
        0.054497255799127745,
        0.03859964370855596,
        0.029914366510231046,
        0.6173908659331501,
        0.10328634804207831,
        0.06410408663470298,
        0.046794137312565,
        0.036901872815098616,
        0.7646220493130386,
        0.12026565219648182,
        0.07503119471762329,
        0.0559949752909597,
        0.04524889084196184,
        0.9100967982560396,
        0.14321202896162868,
        0.09227469755336642,
        0.07033510574093088,
        0.05783153518056497,
        1.1320701688677073,
        0.1675992040876299,
        0.1100665080845356,
        0.08672819120064378,
        0.07355415418324993,
        1.3676395539790391,
        0.19213115144148468,
        0.12780838536843658,
        0.10120502177253365,
        0.08653796518035232,
        1.7123044003248216,
        0.38841482035815716,
        0.22434104799106716,
        0.1711178882494569,
        0.14318467774428428,
        1.8914508230686187,
        0.5640078622847795,
        0.28563191441446545,
        0.2080029542967677,
        0.17441497065126896,
        2.0069937258958817,
        1.0112974456548691,
        0.732450890392065,
        0.6028279366195202,
        0.5086532512605191
    ],
    "train_acc": [
        96.77,
        97.33000000000001,
        97.66,
        97.88,
        97.97,
        96.24000000000001,
        97.32,
        97.64,
        97.56,
        97.88,
        96.63000000000001,
        97.17,
        97.76,
        97.78999999999999,
        97.82,
        96.72,
        97.50999999999999,
        97.89,
        97.88,
        97.91,
        96.8,
        97.72999999999999,
        97.94,
        98.06,
        97.85000000000001,
        97.05,
        97.66,
        97.8,
        98.17,
        98.02,
        97.25,
        97.71,
        97.78,
        97.84,
        98.27,
        97.28999999999999,
        97.91,
        97.91,
        98.04,
        97.99,
        96.99,
        97.92999999999999,
        97.8,
        98.14,
        97.91,
        96.89999999999999,
        97.57000000000001,
        97.91,
        98.00999999999999,
        98.1,
        96.48,
        97.58,
        97.67,
        97.81,
        97.78999999999999,
        96.41,
        97.38,
        97.72999999999999,
        97.84,
        98.07000000000001,
        95.76,
        97.1,
        97.55,
        97.66,
        97.8,
        95.36,
        97.06,
        97.39,
        97.58,
        97.76,
        94.52000000000001,
        96.5,
        97.04,
        97.39999999999999,
        97.37,
        93.57,
        95.81,
        96.72,
        97.04,
        97.13000000000001,
        92.86,
        95.50999999999999,
        96.3,
        96.66,
        96.89,
        84.85000000000001,
        93.53,
        94.69999999999999,
        95.17999999999999,
        95.55,
        82.06,
        93.08,
        94.22,
        94.77,
        95.21,
        60.940000000000005,
        77.96,
        81.75,
        82.95,
        83.58
    ],
    "train_loss": [
        0.10803637442786894,
        0.08651922317779438,
        0.07603227775153554,
        0.0740548962013361,
        0.07548493168715521,
        0.11683945029884756,
        0.08125127426175746,
        0.07803851956206034,
        0.07627302084765035,
        0.07162027578789763,
        0.11389464156111022,
        0.08755140870106881,
        0.07195980853016326,
        0.07130397678336162,
        0.07277796210332155,
        0.10271922200025912,
        0.07907362387119653,
        0.06929226892179123,
        0.0768378428347314,
        0.07299933580592453,
        0.09952557199037895,
        0.06937489268219399,
        0.06541985297759627,
        0.06486964268431425,
        0.07402186108122909,
        0.09736435258102988,
        0.07523685206887787,
        0.07254722229941207,
        0.05889266535073719,
        0.06862328735544085,
        0.09165489274874597,
        0.07340308326480542,
        0.06820700822041152,
        0.06775464508424563,
        0.06138731646184213,
        0.09189419124922353,
        0.06701158445668658,
        0.06447336121467863,
        0.06341005810452792,
        0.06850080772963196,
        0.09968767911864969,
        0.06458699330687523,
        0.06963531298194817,
        0.05860626756235913,
        0.07229818230561778,
        0.10605784916056844,
        0.07611225780188859,
        0.06206637106607194,
        0.06681299948866876,
        0.0663834605697113,
        0.11971435323357582,
        0.08045401695758818,
        0.07322057962980857,
        0.06778995422116608,
        0.07209583686268749,
        0.12408936499969331,
        0.08694506224947507,
        0.07255652604044643,
        0.06770028329236868,
        0.06836606236453542,
        0.14600345148833213,
        0.09654742757048079,
        0.08125674775327572,
        0.07686387102013666,
        0.07424924380012124,
        0.16611974307163033,
        0.10414858058674964,
        0.08514632728553104,
        0.08193547289517379,
        0.07892621105709699,
        0.194321435101018,
        0.1223944899274739,
        0.10336401179142876,
        0.08880821276946875,
        0.08824877030757106,
        0.23071587696939172,
        0.14101799346595825,
        0.11342783954864491,
        0.10156487318001196,
        0.09556408964298264,
        0.26717562362284003,
        0.1594764093037494,
        0.13002431251577096,
        0.11322470128670067,
        0.10923550741936633,
        0.6338911818530031,
        0.27623126981501095,
        0.2060893481809222,
        0.1773964369636096,
        0.1594254909652079,
        0.9720772172876461,
        0.36724655785246524,
        0.25184449593642516,
        0.20978275182361375,
        0.18981444108450485,
        1.3791818604497852,
        0.8300462365150452,
        0.6676096214862641,
        0.5700281676418053,
        0.4991503386440391
    ],
    "sparsity": [
        0.0,
        0.0,
        0.0,
        0.0,
        0.0,
        0.2,
        0.2,
        0.2,
        0.2,
        0.2,
        0.3599977495217734,
        0.3599977495217734,
        0.3599977495217734,
        0.3599977495217734,
        0.3599977495217734,
        0.4879899478639211,
        0.4879899478639211,
        0.4879899478639211,
        0.4879899478639211,
        0.4879899478639211,
        0.5903829563782304,
        0.5903829563782304,
        0.5903829563782304,
        0.5903829563782304,
        0.5903829563782304,
        0.6722966130302689,
        0.6722966130302689,
        0.6722966130302689,
        0.6722966130302689,
        0.6722966130302689,
        0.7378267881924909,
        0.7378267881924909,
        0.7378267881924909,
        0.7378267881924909,
        0.7378267881924909,
        0.7902516784816773,
        0.7902516784816773,
        0.7902516784816773,
        0.7902516784816773,
        0.7902516784816773,
        0.8321893402347998,
        0.8321893402347998,
        0.8321893402347998,
        0.8321893402347998,
        0.8321893402347998,
        0.8657364689996624,
        0.8657364689996624,
        0.8657364689996624,
        0.8657364689996624,
        0.8657364689996624,
        0.8925809234462323,
        0.8925809234462323,
        0.8925809234462323,
        0.8925809234462323,
        0.8925809234462323,
        0.9140504857282172,
        0.9140504857282172,
        0.9140504857282172,
        0.9140504857282172,
        0.9140504857282172,
        0.9312291361914407,
        0.9312291361914407,
        0.9312291361914407,
        0.9312291361914407,
        0.9312291361914407,
        0.944968305764975,
        0.944968305764975,
        0.944968305764975,
        0.944968305764975,
        0.944968305764975,
        0.9559618919020292,
        0.9559618919020292,
        0.9559618919020292,
        0.9559618919020292,
        0.9559618919020292,
        0.9647612617681257,
        0.9647612617681257,
        0.9647612617681257,
        0.9647612617681257,
        0.9647612617681257,
        0.9717977570233675,
        0.9717977570233675,
        0.9717977570233675,
        0.9717977570233675,
        0.9717977570233675,
        0.9774314541840141,
        0.9774314541840141,
        0.9774314541840141,
        0.9774314541840141,
        0.9774314541840141,
        0.981928659840216,
        0.981928659840216,
        0.981928659840216,
        0.981928659840216,
        0.981928659840216,
        0.9855294250028132,
        0.9855294250028132,
        0.9855294250028132,
        0.9855294250028132,
        0.9855294250028132
    ]
}