{
    "args": {
        "load_last_pretrained": false,
        "model": "lenet",
        "dataset": "mnist",
        "epochs": 100,
        "batch_size": 60,
        "initialization": "uniform",
        "learning_rate": 0.0012,
        "forget_model": false,
        "disable_cuda": false,
        "pruning_rate": 0.2,
        "pruning_interval": 5,
        "seed": 47
    },
    "test_acc": [
        81.95166666666667,
        70.73333333333333,
        78.59833333333334,
        76.765,
        87.39333333333333,
        76.81333333333333,
        85.06666666666666,
        88.35166666666666,
        89.95333333333333,
        91.355,
        90.365,
        92.24333333333334,
        93.44666666666667,
        94.73333333333333,
        95.67333333333333,
        94.39666666666666,
        96.22333333333334,
        97.37833333333333,
        97.88833333333334,
        98.25166666666667,
        96.115,
        97.58166666666666,
        98.30833333333334,
        98.83666666666666,
        99.15333333333334,
        97.18166666666667,
        98.195,
        98.77333333333334,
        99.14500000000001,
        99.29166666666667,
        97.29833333333333,
        98.46166666666667,
        98.97333333333333,
        99.08333333333333,
        99.49666666666667,
        97.50333333333333,
        98.56166666666667,
        99.07333333333334,
        99.15333333333334,
        99.53999999999999,
        97.40833333333333,
        98.64666666666668,
        99.17833333333334,
        99.37833333333333,
        99.67,
        97.19666666666666,
        98.61166666666666,
        98.92333333333333,
        99.33833333333332,
        99.52333333333333,
        96.82666666666667,
        98.28,
        98.90333333333334,
        99.14833333333334,
        99.47,
        96.45,
        97.99666666666667,
        98.57833333333333,
        98.995,
        99.2,
        95.81,
        97.61166666666666,
        98.36500000000001,
        98.7,
        98.95666666666668,
        95.255,
        97.26833333333333,
        98.02166666666666,
        98.505,
        98.685,
        94.39166666666667,
        96.745,
        97.64333333333333,
        98.125,
        98.45833333333334,
        93.4,
        96.09666666666666,
        96.95333333333333,
        97.485,
        97.8,
        90.38000000000001,
        94.85166666666667,
        96.00333333333333,
        96.58166666666666,
        96.88666666666667,
        85.43666666666667,
        94.43666666666667,
        95.83166666666668,
        96.505,
        96.73833333333334,
        57.03,
        79.46833333333333,
        82.97333333333333,
        83.99333333333333,
        84.71833333333333,
        38.166666666666664,
        51.81666666666666,
        53.190000000000005,
        54.14666666666667,
        54.59666666666667
    ],
    "test_loss": [
        654.1770619449616,
        33.65111133003235,
        32.92644380009175,
        33.26102959099412,
        35.387279845237735,
        1.9905009789466859,
        1.0958529799580574,
        0.5837057040035725,
        0.41206051367521285,
        0.33796899994462726,
        0.6838287743031979,
        0.3086580080538988,
        0.25462865540757773,
        0.21089944214001297,
        0.16863297750987113,
        0.3463411915525794,
        0.16900524912402035,
        0.1201849721679464,
        0.09115744010312482,
        0.07187622543098406,
        0.2817022025920451,
        0.11317133215581998,
        0.07659888456063345,
        0.0572643747869879,
        0.04414462166721932,
        0.263086983801797,
        0.0843849194268696,
        0.056933679418172685,
        0.04191476449591573,
        0.03224082936230115,
        0.2709424868123606,
        0.07442292577121407,
        0.04850159461889416,
        0.03572064563591266,
        0.02681531635671854,
        0.28962586929649115,
        0.07136306728981436,
        0.044424640118610116,
        0.031746130869840274,
        0.024836072012141813,
        0.32308100576139986,
        0.07242270719772205,
        0.04476526692626066,
        0.031438305040064736,
        0.02354819479427533,
        0.36780895315110684,
        0.07782555435784161,
        0.047661269343458115,
        0.03360722375405021,
        0.025387534032459372,
        0.43335942700877783,
        0.08909863601392135,
        0.05528194393170997,
        0.039790161776938476,
        0.029801209475845098,
        0.5234032992199064,
        0.10043735600635409,
        0.06347748508071527,
        0.04700087494729087,
        0.03678730274364352,
        0.6459451643638313,
        0.11512437493726611,
        0.07416892490303144,
        0.055442274892237034,
        0.04472553134593181,
        0.7910143866278231,
        0.1280104519398883,
        0.08404071298241615,
        0.06509338775882498,
        0.054120912303449585,
        0.9507115425243974,
        0.14769229323696345,
        0.09777332558482886,
        0.0755319339199923,
        0.06308189504267647,
        1.1603446246907114,
        0.17580415616929532,
        0.12123053280264139,
        0.09820162066072226,
        0.08485572404647246,
        1.5367848632782697,
        0.24089024664461614,
        0.15948970892094075,
        0.12816056396905331,
        0.111130022007972,
        1.7823532212376594,
        0.29284969545528294,
        0.16642587895691394,
        0.13291768237482757,
        0.11600708267185837,
        1.9837768658399582,
        0.9819895923137665,
        0.6886175619065762,
        0.5402490648925304,
        0.44983901765942574,
        2.13759976375103,
        1.6612737840414047,
        1.3853271447420121,
        1.2075593799352646,
        1.124259086549282
    ],
    "train_acc": [
        82.91,
        71.25,
        79.28,
        77.35,
        87.75,
        77.96,
        86.25,
        89.01,
        90.44,
        91.49000000000001,
        90.78,
        92.47999999999999,
        93.36,
        94.59,
        95.34,
        94.46,
        96.04,
        96.83,
        97.11999999999999,
        97.39,
        95.95,
        97.13000000000001,
        97.38,
        97.81,
        97.95,
        96.55,
        97.67,
        97.72999999999999,
        97.83,
        97.89,
        96.77,
        97.66,
        97.89,
        97.86,
        98.09,
        96.87,
        97.61,
        97.86,
        97.92999999999999,
        98.14,
        96.92,
        97.68,
        97.94,
        98.13,
        98.13,
        96.52,
        97.75,
        97.83,
        98.0,
        97.91,
        96.16,
        97.45,
        97.78999999999999,
        97.86,
        97.89,
        96.08,
        97.11999999999999,
        97.44,
        97.76,
        97.84,
        95.44,
        96.84,
        97.25,
        97.47,
        97.43,
        94.96,
        96.43,
        96.99,
        97.3,
        97.47,
        94.46,
        96.16,
        96.89,
        97.00999999999999,
        97.32,
        93.28,
        95.55,
        96.16,
        96.5,
        96.75,
        90.74,
        94.41000000000001,
        95.30999999999999,
        95.95,
        96.05,
        85.59,
        94.12,
        95.19,
        95.57,
        95.82000000000001,
        56.87,
        79.57,
        82.73,
        83.56,
        84.11,
        38.16,
        51.17,
        52.7,
        53.669999999999995,
        54.08
    ],
    "train_loss": [
        14.605011083408744,
        65.52101581824753,
        33.26596879102513,
        47.82559013366699,
        24.234058011791664,
        1.5379045002474756,
        0.7307746289019099,
        0.4525006820341784,
        0.3513191297739566,
        0.30091043285088626,
        0.3312827678854594,
        0.2668615283366449,
        0.2296861672472811,
        0.18650612078919382,
        0.1572916263680972,
        0.19322941945252303,
        0.13722491959210284,
        0.10653330506701134,
        0.09134304326328778,
        0.08315245550360062,
        0.14055642748842695,
        0.09676251493528218,
        0.08136355361070283,
        0.07189554508014243,
        0.06791978274349368,
        0.11068386478561484,
        0.0773227098857995,
        0.07196634134813072,
        0.0699337454830592,
        0.06973930883108398,
        0.10529961880898761,
        0.07574153890063663,
        0.07237793089721553,
        0.06948760844778247,
        0.06478059918321334,
        0.10363186049849508,
        0.07601952593645338,
        0.0665422047984725,
        0.06699902751248799,
        0.06490045197065474,
        0.1073287776643466,
        0.07732337534784557,
        0.0648469855607359,
        0.06216367213808357,
        0.06278372968931845,
        0.11459371165378009,
        0.07716652257981414,
        0.07062360108690616,
        0.06449504803885667,
        0.07017364216240647,
        0.13211114671148225,
        0.08762034408547385,
        0.07512459522224739,
        0.06856702484851313,
        0.06817765338179059,
        0.13835853687348124,
        0.09543828546867042,
        0.07952087946949962,
        0.07532456540642027,
        0.07272226892378249,
        0.1605705743666716,
        0.10631414377381523,
        0.09060523198906355,
        0.08139940069899142,
        0.07895518389312986,
        0.17672517407172456,
        0.11880192996008311,
        0.09850627666863496,
        0.08727340575051076,
        0.08564257438289012,
        0.20018963714291949,
        0.1279646510670999,
        0.10491097129011404,
        0.09660986877844005,
        0.08912300505859409,
        0.23867940289263953,
        0.1504455747941654,
        0.1267302504288936,
        0.11427949328800875,
        0.10758410913947813,
        0.3486276044995485,
        0.19260985745552056,
        0.1586701242465102,
        0.13939124784114476,
        0.12926358865674384,
        0.667134623506112,
        0.20259757083422408,
        0.16179366987533197,
        0.14568775459499417,
        0.13658019412353545,
        1.3499320966754844,
        0.8005339895893714,
        0.620855564842681,
        0.5053984847611296,
        0.4511473049482186,
        1.843733179355096,
        1.5366635972154354,
        1.2922999159304682,
        1.1674044624774043,
        1.107780133535762
    ],
    "sparsity": [
        0.0,
        0.0,
        0.0,
        0.0,
        0.0,
        0.2,
        0.2,
        0.2,
        0.2,
        0.2,
        0.3599977495217734,
        0.3599977495217734,
        0.3599977495217734,
        0.3599977495217734,
        0.3599977495217734,
        0.4879899478639211,
        0.4879899478639211,
        0.4879899478639211,
        0.4879899478639211,
        0.4879899478639211,
        0.5903829563782304,
        0.5903829563782304,
        0.5903829563782304,
        0.5903829563782304,
        0.5903829563782304,
        0.6722966130302689,
        0.6722966130302689,
        0.6722966130302689,
        0.6722966130302689,
        0.6722966130302689,
        0.7378267881924909,
        0.7378267881924909,
        0.7378267881924909,
        0.7378267881924909,
        0.7378267881924909,
        0.7902516784816773,
        0.7902516784816773,
        0.7902516784816773,
        0.7902516784816773,
        0.7902516784816773,
        0.8321893402347998,
        0.8321893402347998,
        0.8321893402347998,
        0.8321893402347998,
        0.8321893402347998,
        0.8657364689996624,
        0.8657364689996624,
        0.8657364689996624,
        0.8657364689996624,
        0.8657364689996624,
        0.8925809234462323,
        0.8925809234462323,
        0.8925809234462323,
        0.8925809234462323,
        0.8925809234462323,
        0.9140504857282172,
        0.9140504857282172,
        0.9140504857282172,
        0.9140504857282172,
        0.9140504857282172,
        0.9312291361914407,
        0.9312291361914407,
        0.9312291361914407,
        0.9312291361914407,
        0.9312291361914407,
        0.944968305764975,
        0.944968305764975,
        0.944968305764975,
        0.944968305764975,
        0.944968305764975,
        0.9559618919020292,
        0.9559618919020292,
        0.9559618919020292,
        0.9559618919020292,
        0.9559618919020292,
        0.9647612617681257,
        0.9647612617681257,
        0.9647612617681257,
        0.9647612617681257,
        0.9647612617681257,
        0.9717977570233675,
        0.9717977570233675,
        0.9717977570233675,
        0.9717977570233675,
        0.9717977570233675,
        0.9774314541840141,
        0.9774314541840141,
        0.9774314541840141,
        0.9774314541840141,
        0.9774314541840141,
        0.981928659840216,
        0.981928659840216,
        0.981928659840216,
        0.981928659840216,
        0.981928659840216,
        0.9855294250028132,
        0.9855294250028132,
        0.9855294250028132,
        0.9855294250028132,
        0.9855294250028132
    ]
}