{
    "args": {
        "load_last_pretrained": false,
        "model": "lenet",
        "dataset": "mnist",
        "epochs": 100,
        "batch_size": 60,
        "initialization": "xavier-uniform",
        "learning_rate": 0.0012,
        "forget_model": false,
        "disable_cuda": false,
        "pruning_rate": 0.2,
        "pruning_interval": 5,
        "seed": 46
    },
    "test_acc": [
        97.23333333333333,
        98.275,
        98.64333333333335,
        99.00166666666667,
        99.15833333333333,
        97.12333333333333,
        98.055,
        98.49,
        99.14166666666667,
        99.35166666666667,
        97.20333333333333,
        98.42999999999999,
        98.92666666666666,
        99.25833333333334,
        99.355,
        97.32333333333332,
        98.44500000000001,
        98.97500000000001,
        99.13333333333333,
        99.49166666666667,
        97.48333333333333,
        98.52166666666666,
        99.01833333333333,
        99.36666666666667,
        99.50833333333333,
        97.48833333333333,
        98.74666666666667,
        99.09,
        99.41333333333333,
        99.58500000000001,
        97.5,
        98.845,
        99.05000000000001,
        98.95,
        99.56,
        97.57833333333333,
        98.83166666666666,
        99.32666666666667,
        99.55833333333334,
        99.53333333333333,
        97.39166666666667,
        98.73166666666665,
        99.26166666666667,
        99.505,
        99.55000000000001,
        97.26833333333333,
        98.575,
        99.16,
        99.375,
        99.61,
        96.70166666666667,
        98.32166666666666,
        98.83833333333332,
        99.15166666666667,
        99.49666666666667,
        96.11,
        97.79333333333334,
        98.52333333333333,
        98.99833333333333,
        99.30499999999999,
        95.68333333333334,
        97.49833333333333,
        98.47166666666666,
        98.82666666666667,
        99.08833333333334,
        95.085,
        97.02166666666666,
        97.80166666666666,
        98.39,
        98.70833333333333,
        94.625,
        96.79166666666667,
        97.71166666666666,
        98.26666666666667,
        98.45166666666667,
        92.89,
        96.25833333333334,
        97.14333333333333,
        97.66,
        97.985,
        92.27333333333333,
        95.91833333333334,
        96.87,
        97.31166666666667,
        97.64333333333333,
        90.19166666666666,
        95.37666666666667,
        96.48666666666666,
        96.94833333333334,
        97.31,
        85.20333333333333,
        94.59666666666666,
        95.77833333333334,
        96.31333333333333,
        96.63833333333334,
        45.34,
        75.70166666666667,
        79.68499999999999,
        80.63,
        81.45166666666667
    ],
    "test_loss": [
        0.21745878932997584,
        0.08871709723980166,
        0.061766618875321,
        0.044433987632161005,
        0.03418222999339923,
        0.2736342266853899,
        0.09396229318785482,
        0.06041142122983001,
        0.044939789853000546,
        0.03338106356820208,
        0.2560043491944671,
        0.08491049384279177,
        0.054328264056006444,
        0.040330669299117286,
        0.030169870309211547,
        0.25719328444078565,
        0.07943817130103707,
        0.051476499622687695,
        0.036946459648897874,
        0.026506580049404874,
        0.25265221784636377,
        0.07379057691153139,
        0.04748110350396018,
        0.03403308478347026,
        0.024524276391312015,
        0.2610330254826695,
        0.06967808609991334,
        0.042840301589225416,
        0.02957625485799508,
        0.02219141951901838,
        0.27793620826490223,
        0.06461138878343627,
        0.0396302319872193,
        0.02741673395084217,
        0.02035541173600359,
        0.30760794682055714,
        0.06738960238127038,
        0.03906310088059399,
        0.026711379405111074,
        0.019498454444488743,
        0.3396989330817014,
        0.07197197580803186,
        0.040868092040997,
        0.028136966484831646,
        0.020521903643268162,
        0.3852089386787266,
        0.0763716355250217,
        0.04533875851915218,
        0.03084507525153458,
        0.022719939380534925,
        0.46102395221590997,
        0.0883134881365113,
        0.0524675556239672,
        0.037304901023046115,
        0.027993888654571492,
        0.5670146249122918,
        0.10684771794266999,
        0.06541386541398242,
        0.04679242010833696,
        0.03619931459869258,
        0.6898593083359301,
        0.11758951287623495,
        0.07324006434902548,
        0.05304942213371396,
        0.04249342620850075,
        0.8280226688832044,
        0.1339237923901528,
        0.0878098838813603,
        0.06677271616691724,
        0.05377973849582486,
        1.0431706099957228,
        0.14470065644942223,
        0.09542221142258495,
        0.07399293910292909,
        0.06199559054756537,
        1.291289276495576,
        0.20288173500075937,
        0.11707343936711549,
        0.09247494099475444,
        0.07852416839450597,
        1.3995313984304667,
        0.21310573169216512,
        0.12876240419223905,
        0.10394021552801132,
        0.09021298862155527,
        1.6331204007863998,
        0.2571349137574434,
        0.14547543400339782,
        0.11562269225716591,
        0.10064015262946487,
        1.8186430973410606,
        0.3310070903673768,
        0.1721441301703453,
        0.1390892501063645,
        0.12301607526093722,
        2.1775795716047286,
        1.2578467098474502,
        0.8651662740707398,
        0.6602373595535755,
        0.5310505111813545
    ],
    "train_acc": [
        96.61999999999999,
        97.13000000000001,
        97.5,
        97.96000000000001,
        97.67,
        96.64,
        97.31,
        97.48,
        97.7,
        98.0,
        96.78999999999999,
        97.36,
        97.68,
        97.92999999999999,
        98.05,
        96.74000000000001,
        97.83,
        97.99,
        97.97,
        97.96000000000001,
        96.98,
        97.61,
        97.87,
        97.94,
        98.05,
        96.95,
        97.76,
        97.94,
        98.07000000000001,
        98.21,
        97.19,
        98.02,
        98.0,
        97.5,
        98.21,
        97.18,
        97.94,
        98.2,
        98.22,
        98.1,
        97.02,
        97.74000000000001,
        98.1,
        98.24000000000001,
        98.13,
        96.94,
        97.89,
        98.05,
        97.99,
        98.27,
        96.43,
        97.58,
        97.78999999999999,
        97.95,
        98.04,
        95.85000000000001,
        97.21,
        97.66,
        97.83,
        97.98,
        95.49,
        97.00999999999999,
        97.65,
        97.92,
        97.89,
        94.74000000000001,
        96.45,
        97.24000000000001,
        97.6,
        97.7,
        94.53,
        96.24000000000001,
        97.18,
        97.42,
        97.61999999999999,
        92.94,
        95.94,
        96.7,
        96.89,
        97.14,
        92.65,
        95.89,
        96.57,
        96.89999999999999,
        96.89,
        90.7,
        95.25,
        96.13000000000001,
        96.55,
        96.78,
        85.72,
        94.74000000000001,
        95.62,
        96.09,
        96.43,
        45.15,
        76.36,
        80.03,
        80.64,
        81.46
    ],
    "train_loss": [
        0.10654503405428753,
        0.0904485639296249,
        0.08429130490501216,
        0.07053075184659408,
        0.07560381648363546,
        0.11136926768604152,
        0.08443917711070198,
        0.08484549001054448,
        0.06838774155897874,
        0.06779724962710999,
        0.10124386910036831,
        0.07895463108904884,
        0.07737641939391454,
        0.06667917386648206,
        0.06768421226384642,
        0.10180965239394033,
        0.07134163481933427,
        0.06408845294478857,
        0.06544813816575054,
        0.07134746394606731,
        0.09848479586402456,
        0.07262538562802051,
        0.0665877277845751,
        0.06780535257546912,
        0.06564959365676554,
        0.09826543460416044,
        0.06915438864212818,
        0.0644608183755556,
        0.06447121429237576,
        0.06217056094330016,
        0.09374928606038321,
        0.0635789377687354,
        0.06496388590992233,
        0.08209289720527337,
        0.06108891842140911,
        0.09526677041532036,
        0.06444700476629826,
        0.05723161326894191,
        0.058939797539210984,
        0.06623472956784382,
        0.10316858082608192,
        0.07038361237601873,
        0.060706922409409086,
        0.05899933928869174,
        0.06682981761391303,
        0.10544151395648539,
        0.07341107128823768,
        0.06482137890092048,
        0.06705615569315962,
        0.06249351764458906,
        0.1253356811350691,
        0.07932491291559741,
        0.07293196670253745,
        0.06590697926352035,
        0.0674427925915078,
        0.14629941733699,
        0.09470257722399013,
        0.0807236301528658,
        0.07067432078884212,
        0.06966478136105987,
        0.16297221180430788,
        0.10311098604792071,
        0.08225497588637971,
        0.0743208735188592,
        0.07147440801424805,
        0.1802566971429094,
        0.11634726353926574,
        0.0929968302210648,
        0.08222043576711666,
        0.07695810585199091,
        0.19282181712681662,
        0.12283712595388918,
        0.09831730775468185,
        0.08710638647564425,
        0.08527179049539887,
        0.3467518694386511,
        0.14496429010244186,
        0.11609810354288466,
        0.10568044858867537,
        0.10036959263222839,
        0.36038281068116607,
        0.15519429165535345,
        0.1273655023336589,
        0.11343092233790251,
        0.1088704824263598,
        0.4784618246698094,
        0.17557043477357503,
        0.1375330070557887,
        0.12383475986694148,
        0.11350607498364891,
        0.6803740628822121,
        0.1979796537337546,
        0.15269884883152868,
        0.13751984396559036,
        0.12772100893947894,
        1.7342497502972265,
        0.966875619160201,
        0.7389656540876377,
        0.5690221133346329,
        0.4881682503009271
    ],
    "sparsity": [
        0.0,
        0.0,
        0.0,
        0.0,
        0.0,
        0.2,
        0.2,
        0.2,
        0.2,
        0.2,
        0.3599977495217734,
        0.3599977495217734,
        0.3599977495217734,
        0.3599977495217734,
        0.3599977495217734,
        0.4879899478639211,
        0.4879899478639211,
        0.4879899478639211,
        0.4879899478639211,
        0.4879899478639211,
        0.5903829563782304,
        0.5903829563782304,
        0.5903829563782304,
        0.5903829563782304,
        0.5903829563782304,
        0.6722966130302689,
        0.6722966130302689,
        0.6722966130302689,
        0.6722966130302689,
        0.6722966130302689,
        0.7378267881924909,
        0.7378267881924909,
        0.7378267881924909,
        0.7378267881924909,
        0.7378267881924909,
        0.7902516784816773,
        0.7902516784816773,
        0.7902516784816773,
        0.7902516784816773,
        0.7902516784816773,
        0.8321893402347998,
        0.8321893402347998,
        0.8321893402347998,
        0.8321893402347998,
        0.8321893402347998,
        0.8657364689996624,
        0.8657364689996624,
        0.8657364689996624,
        0.8657364689996624,
        0.8657364689996624,
        0.8925809234462323,
        0.8925809234462323,
        0.8925809234462323,
        0.8925809234462323,
        0.8925809234462323,
        0.9140504857282172,
        0.9140504857282172,
        0.9140504857282172,
        0.9140504857282172,
        0.9140504857282172,
        0.9312291361914407,
        0.9312291361914407,
        0.9312291361914407,
        0.9312291361914407,
        0.9312291361914407,
        0.944968305764975,
        0.944968305764975,
        0.944968305764975,
        0.944968305764975,
        0.944968305764975,
        0.9559618919020292,
        0.9559618919020292,
        0.9559618919020292,
        0.9559618919020292,
        0.9559618919020292,
        0.9647612617681257,
        0.9647612617681257,
        0.9647612617681257,
        0.9647612617681257,
        0.9647612617681257,
        0.9717977570233675,
        0.9717977570233675,
        0.9717977570233675,
        0.9717977570233675,
        0.9717977570233675,
        0.9774314541840141,
        0.9774314541840141,
        0.9774314541840141,
        0.9774314541840141,
        0.9774314541840141,
        0.981928659840216,
        0.981928659840216,
        0.981928659840216,
        0.981928659840216,
        0.981928659840216,
        0.9855294250028132,
        0.9855294250028132,
        0.9855294250028132,
        0.9855294250028132,
        0.9855294250028132
    ]
}