{
    "args": {
        "load_last_pretrained": false,
        "model": "lenet",
        "dataset": "mnist",
        "epochs": 100,
        "batch_size": 60,
        "initialization": "xavier-uniform-half",
        "learning_rate": 0.0012,
        "forget_model": false,
        "disable_cuda": false,
        "pruning_rate": 0.2,
        "pruning_interval": 5,
        "seed": 48
    },
    "test_acc": [
        96.22166666666668,
        98.045,
        98.25333333333333,
        98.69166666666666,
        98.91833333333334,
        97.15333333333334,
        98.225,
        98.7,
        98.83166666666666,
        99.21833333333333,
        97.16833333333334,
        98.34,
        98.94500000000001,
        99.22999999999999,
        99.315,
        97.225,
        98.42999999999999,
        99.09666666666666,
        99.30833333333334,
        99.2,
        97.50999999999999,
        98.52666666666666,
        99.39166666666667,
        99.24833333333333,
        99.47166666666666,
        97.86,
        98.88,
        99.14833333333334,
        99.42666666666666,
        99.51333333333334,
        97.99,
        98.995,
        99.14333333333335,
        99.55666666666667,
        99.70166666666667,
        97.93666666666667,
        98.90166666666667,
        99.35000000000001,
        99.57333333333334,
        99.64666666666666,
        97.85166666666667,
        99.00333333333333,
        99.4,
        99.52166666666666,
        99.66000000000001,
        97.56666666666666,
        98.775,
        99.30166666666666,
        99.54666666666667,
        99.63833333333334,
        97.04166666666667,
        98.53833333333334,
        99.16833333333334,
        99.38166666666667,
        99.49666666666667,
        96.53,
        98.16,
        98.80666666666667,
        99.20666666666666,
        99.36,
        96.12333333333333,
        97.83833333333334,
        98.59333333333333,
        98.85666666666667,
        99.14166666666667,
        95.54333333333334,
        97.52666666666666,
        98.30333333333333,
        98.63166666666666,
        98.93166666666666,
        94.90166666666666,
        97.26333333333334,
        98.05833333333334,
        98.34,
        98.50333333333333,
        93.26333333333334,
        96.22833333333334,
        97.20166666666667,
        97.62166666666666,
        97.93833333333333,
        86.195,
        94.91333333333334,
        96.32166666666667,
        96.94333333333334,
        97.225,
        78.70833333333334,
        93.82000000000001,
        95.01833333333335,
        95.53666666666668,
        95.98,
        81.15666666666667,
        92.43,
        94.72833333333334,
        95.38833333333334,
        95.61833333333334,
        73.35333333333334,
        92.03333333333333,
        93.79166666666666,
        94.51333333333334,
        94.90333333333332
    ],
    "test_loss": [
        0.2528070621788502,
        0.09776530178450048,
        0.06751016239984892,
        0.0484100126917474,
        0.039130392772727646,
        0.2628074923409149,
        0.09150928021920846,
        0.06096308479690924,
        0.04295010857272428,
        0.034404101119027475,
        0.25390803163591774,
        0.08545380224986002,
        0.05625394351850264,
        0.04002482729661278,
        0.029899577700474765,
        0.248766817972064,
        0.07799497649120167,
        0.048904283634154125,
        0.034988741038774605,
        0.026030027292174053,
        0.24918438187241554,
        0.07066251701419242,
        0.044346395454835145,
        0.030510102950705914,
        0.02286730107315816,
        0.2577507775900885,
        0.06538554025487975,
        0.03933944895607419,
        0.027407275197154378,
        0.020073922614610638,
        0.26451145429257306,
        0.060157932989066465,
        0.03552884547552094,
        0.02411193526961142,
        0.016854601267375983,
        0.28614932792633774,
        0.060385766290128234,
        0.034905053081689404,
        0.02345897236908786,
        0.015816899603159983,
        0.3147665824200958,
        0.06025375745678321,
        0.03462287271558307,
        0.023588498026947492,
        0.016372199593577535,
        0.35894029200822114,
        0.06892134896758943,
        0.03952160218078643,
        0.02743633928534109,
        0.020394290651136543,
        0.4292215539887547,
        0.0762314582192339,
        0.04571053131599911,
        0.03207129935338162,
        0.024105905495816843,
        0.5086301034037024,
        0.09262725510122255,
        0.05629141807043925,
        0.03977220530807972,
        0.030870576243731192,
        0.6330367600787431,
        0.10671183148492128,
        0.06726828480605036,
        0.04997992128971964,
        0.039395859261858276,
        0.7780057986844331,
        0.11886684265173972,
        0.0760245760269463,
        0.057643682210706176,
        0.04700481147924438,
        0.947284067928791,
        0.13460079261753707,
        0.08522838385729119,
        0.06602033261675387,
        0.055089860689127815,
        1.1744041814804078,
        0.1801271322593093,
        0.1189158345758915,
        0.09283710588049143,
        0.0792335626874119,
        1.5781465027928352,
        0.36127441672980787,
        0.19140736800804733,
        0.13921007932722568,
        0.1131908245459199,
        1.638894658923149,
        0.5124748439490795,
        0.27753314177691935,
        0.2101581491008401,
        0.17776052087917923,
        1.8040098083019256,
        0.6315607602596283,
        0.3248022281825542,
        0.2330123249590397,
        0.19408518778532743,
        1.9247926441431045,
        0.7154841113984585,
        0.35722739894688127,
        0.2610458531752229,
        0.22089691600203515
    ],
    "train_acc": [
        95.82000000000001,
        97.14,
        97.33000000000001,
        97.5,
        97.95,
        96.55,
        97.08,
        97.69,
        97.54,
        97.82,
        96.61999999999999,
        97.52,
        97.95,
        97.92999999999999,
        97.97,
        96.75,
        97.46000000000001,
        98.0,
        97.99,
        97.89,
        96.87,
        97.52,
        98.03,
        97.85000000000001,
        97.92999999999999,
        97.14,
        97.77,
        98.0,
        98.03,
        97.78,
        97.35000000000001,
        97.78,
        97.86,
        98.17,
        97.95,
        97.28,
        97.89,
        97.87,
        98.17,
        97.91,
        97.14,
        97.96000000000001,
        98.19,
        98.06,
        98.15,
        96.95,
        97.7,
        97.88,
        98.18,
        98.05,
        96.66,
        97.64,
        98.02,
        98.04,
        98.07000000000001,
        96.41,
        97.43,
        97.81,
        97.97,
        97.88,
        95.97,
        97.17,
        97.69,
        97.78999999999999,
        97.85000000000001,
        95.39999999999999,
        97.03,
        97.48,
        97.57000000000001,
        97.7,
        94.93,
        96.75,
        97.27,
        97.38,
        97.37,
        93.28,
        96.09,
        96.63000000000001,
        97.0,
        97.09,
        86.46000000000001,
        94.76,
        96.14,
        96.49,
        96.57,
        77.98,
        93.60000000000001,
        94.83,
        95.16,
        95.47,
        80.78999999999999,
        92.55,
        94.3,
        94.71000000000001,
        94.95,
        73.5,
        92.0,
        93.47,
        93.81,
        93.99
    ],
    "train_loss": [
        0.13362403937286424,
        0.092137368078048,
        0.09217843377243304,
        0.07656437045236503,
        0.07427167448753345,
        0.10443700234333199,
        0.08560386754037021,
        0.07215601966917114,
        0.07784888808319937,
        0.0684642196370813,
        0.11296821733613215,
        0.08201664440545761,
        0.0699482701403719,
        0.06665597319558351,
        0.06869835898675399,
        0.10330088606137715,
        0.08117366651028483,
        0.06360478395063564,
        0.06458115404538677,
        0.07448315027540739,
        0.10213431782886653,
        0.07763805369495186,
        0.06290465395780515,
        0.07298527500825003,
        0.06677966964330725,
        0.08884216327510194,
        0.07092503182210787,
        0.05956864413320126,
        0.06323017462342838,
        0.06956295254933062,
        0.09092976900743331,
        0.06657509565699155,
        0.06827979579199842,
        0.06043486634735018,
        0.06733248862514585,
        0.09295569033456777,
        0.06848705667461419,
        0.06743249371173808,
        0.0629277607024519,
        0.06855523137560095,
        0.0924433525149783,
        0.06469950926194559,
        0.06215675492543716,
        0.062265075058648416,
        0.06361427738904273,
        0.10581128683476569,
        0.07291397793095804,
        0.07002227111931467,
        0.06085812529928224,
        0.06412990461591586,
        0.11735265161061359,
        0.07767038572088865,
        0.06591633168707217,
        0.06240302790932268,
        0.0662527278269234,
        0.1318388280241254,
        0.08768242250146445,
        0.07449942336746765,
        0.06836690227668397,
        0.06837244875712353,
        0.14862790741695614,
        0.0994746717429179,
        0.08354974575173445,
        0.07820171352007432,
        0.07283860469978681,
        0.16312809647646492,
        0.10505321398823561,
        0.08732507240674096,
        0.07967295948259845,
        0.08000641954856406,
        0.18537821484629266,
        0.11383455669407003,
        0.09503889272078693,
        0.08948459928788378,
        0.09036413037418918,
        0.2465668338501525,
        0.1476803901912031,
        0.11792958942715993,
        0.10440520245113416,
        0.0995389678052621,
        0.5769466506149954,
        0.24199133210196466,
        0.16779601252721454,
        0.14104546158167416,
        0.12660330316486829,
        0.8040350029568473,
        0.3397682741016685,
        0.2456917818970309,
        0.20793475402507952,
        0.18697179541616382,
        0.9552627541347892,
        0.42544876476247867,
        0.27495394598045747,
        0.22753519373025724,
        0.2045219476351481,
        1.1496356850612663,
        0.46401330828666687,
        0.3040836962932598,
        0.2541133095315117,
        0.23161063633279172
    ],
    "sparsity": [
        0.0,
        0.0,
        0.0,
        0.0,
        0.0,
        0.2,
        0.2,
        0.2,
        0.2,
        0.2,
        0.3599977495217734,
        0.3599977495217734,
        0.3599977495217734,
        0.3599977495217734,
        0.3599977495217734,
        0.4879899478639211,
        0.4879899478639211,
        0.4879899478639211,
        0.4879899478639211,
        0.4879899478639211,
        0.5903829563782304,
        0.5903829563782304,
        0.5903829563782304,
        0.5903829563782304,
        0.5903829563782304,
        0.6722966130302689,
        0.6722966130302689,
        0.6722966130302689,
        0.6722966130302689,
        0.6722966130302689,
        0.7378267881924909,
        0.7378267881924909,
        0.7378267881924909,
        0.7378267881924909,
        0.7378267881924909,
        0.7902516784816773,
        0.7902516784816773,
        0.7902516784816773,
        0.7902516784816773,
        0.7902516784816773,
        0.8321893402347998,
        0.8321893402347998,
        0.8321893402347998,
        0.8321893402347998,
        0.8321893402347998,
        0.8657364689996624,
        0.8657364689996624,
        0.8657364689996624,
        0.8657364689996624,
        0.8657364689996624,
        0.8925809234462323,
        0.8925809234462323,
        0.8925809234462323,
        0.8925809234462323,
        0.8925809234462323,
        0.9140504857282172,
        0.9140504857282172,
        0.9140504857282172,
        0.9140504857282172,
        0.9140504857282172,
        0.9312291361914407,
        0.9312291361914407,
        0.9312291361914407,
        0.9312291361914407,
        0.9312291361914407,
        0.944968305764975,
        0.944968305764975,
        0.944968305764975,
        0.944968305764975,
        0.944968305764975,
        0.9559618919020292,
        0.9559618919020292,
        0.9559618919020292,
        0.9559618919020292,
        0.9559618919020292,
        0.9647612617681257,
        0.9647612617681257,
        0.9647612617681257,
        0.9647612617681257,
        0.9647612617681257,
        0.9717977570233675,
        0.9717977570233675,
        0.9717977570233675,
        0.9717977570233675,
        0.9717977570233675,
        0.9774314541840141,
        0.9774314541840141,
        0.9774314541840141,
        0.9774314541840141,
        0.9774314541840141,
        0.981928659840216,
        0.981928659840216,
        0.981928659840216,
        0.981928659840216,
        0.981928659840216,
        0.9855294250028132,
        0.9855294250028132,
        0.9855294250028132,
        0.9855294250028132,
        0.9855294250028132
    ]
}