{
    "args": {
        "load_last_pretrained": false,
        "model": "lenet",
        "dataset": "mnist",
        "epochs": 100,
        "batch_size": 60,
        "initialization": "kaiming-normal",
        "learning_rate": 0.0012,
        "forget_model": false,
        "disable_cuda": false,
        "pruning_rate": 0.2,
        "pruning_interval": 5,
        "seed": 48
    },
    "test_acc": [
        96.74000000000001,
        98.35166666666667,
        98.82,
        98.73166666666665,
        99.1,
        97.06666666666666,
        98.19333333333333,
        98.62833333333333,
        98.85666666666667,
        99.24833333333333,
        97.115,
        98.315,
        98.94333333333334,
        99.14833333333334,
        99.49,
        97.35000000000001,
        98.43499999999999,
        99.10833333333333,
        99.19666666666667,
        99.27,
        97.435,
        98.585,
        99.30499999999999,
        99.405,
        99.53333333333333,
        97.91666666666666,
        98.82833333333333,
        99.195,
        99.52166666666666,
        99.69333333333333,
        97.95,
        98.92666666666666,
        99.26666666666667,
        99.48166666666667,
        99.74333333333333,
        97.86500000000001,
        98.96666666666667,
        99.325,
        99.67333333333333,
        99.66333333333334,
        97.715,
        98.97333333333333,
        99.34333333333333,
        99.67,
        99.72,
        97.63833333333334,
        98.80499999999999,
        99.36166666666666,
        99.6,
        99.64333333333333,
        97.20166666666667,
        98.61,
        99.24833333333333,
        99.47333333333333,
        99.565,
        96.81666666666666,
        98.36166666666666,
        98.89166666666667,
        99.26166666666667,
        99.455,
        96.31666666666666,
        97.97,
        98.58666666666667,
        98.92333333333333,
        99.25333333333334,
        95.49833333333333,
        97.54666666666667,
        98.36666666666667,
        98.66,
        99.00999999999999,
        94.675,
        97.075,
        97.89666666666666,
        98.32499999999999,
        98.57833333333333,
        93.57666666666667,
        96.56166666666667,
        97.49,
        97.925,
        98.18,
        90.30666666666667,
        95.06666666666666,
        96.40833333333333,
        97.03,
        97.39,
        72.10833333333333,
        83.06333333333333,
        84.69666666666666,
        85.105,
        85.63333333333333,
        64.51666666666667,
        82.26666666666667,
        83.27666666666667,
        83.80666666666666,
        84.33,
        46.93833333333333,
        70.38166666666666,
        81.72,
        82.88166666666666,
        83.75166666666667
    ],
    "test_loss": [
        0.212755987001583,
        0.08613451400771738,
        0.05962766459258273,
        0.042730533316731455,
        0.035746594047668626,
        0.27059817262552677,
        0.0942769391965121,
        0.061889653110411016,
        0.04569363665534183,
        0.03395403825078393,
        0.2547442782260477,
        0.08503277317574248,
        0.056720509629463775,
        0.040331211190496104,
        0.031233102350845,
        0.24759748294204473,
        0.07741107764374465,
        0.05023581214726437,
        0.036051346948253925,
        0.026395533766015434,
        0.2485764486072585,
        0.07090511013334617,
        0.044753336284891705,
        0.03091489853960229,
        0.024460462604125495,
        0.25663379991520197,
        0.0654616661677137,
        0.03907477105676662,
        0.02803326743125217,
        0.019366313585080206,
        0.2677060515517369,
        0.06181162513489835,
        0.03650561927666422,
        0.025551009824033827,
        0.01705208423602744,
        0.28822074575163426,
        0.0612317959878128,
        0.03497306682553608,
        0.023069989485549742,
        0.016394376327254576,
        0.3178309084549546,
        0.06172560525080189,
        0.03544536098989192,
        0.023947130979737268,
        0.017059199125680605,
        0.352964680088684,
        0.06730223520472646,
        0.03801340034324676,
        0.02579894849075936,
        0.01838619464903604,
        0.4117463922090828,
        0.07367503852536902,
        0.04359594279294834,
        0.03028712388960412,
        0.0224401664393954,
        0.49675833680294457,
        0.08524651123210787,
        0.05216151790670119,
        0.03730107831954956,
        0.02896745588607155,
        0.617928642610088,
        0.10110579405911267,
        0.06334193134773522,
        0.04637730362615548,
        0.036393068255041724,
        0.7668365101106465,
        0.11837989466264844,
        0.07449021014012397,
        0.05621510647563264,
        0.045888772484147924,
        0.9465878504738212,
        0.1407087870752439,
        0.09022834737878292,
        0.06936359347077087,
        0.057689959088806066,
        1.148745892085135,
        0.1643629172872752,
        0.10589322271943093,
        0.08286283755861222,
        0.07045869333855807,
        1.4730836791694164,
        0.31489467361569407,
        0.18311713730916382,
        0.13503054529055952,
        0.11035969052836299,
        1.7915631802082062,
        0.8085751896500587,
        0.5744345963299274,
        0.44565176567435266,
        0.38363426508009435,
        1.8895383598804474,
        0.8618657561540604,
        0.6472466824352742,
        0.5480165728628635,
        0.4671299100369215,
        1.995740937590599,
        1.2404490983486176,
        0.8497949783802032,
        0.6563661765158176,
        0.5168811771869659
    ],
    "train_acc": [
        96.17,
        97.28,
        97.65,
        97.50999999999999,
        97.64,
        96.65,
        97.28,
        97.65,
        97.41,
        97.86,
        96.55,
        97.2,
        97.89999999999999,
        97.91,
        97.98,
        96.8,
        97.63,
        97.92,
        97.92999999999999,
        97.7,
        96.87,
        97.67,
        98.00999999999999,
        97.94,
        98.17,
        97.39,
        97.75,
        98.04,
        98.15,
        98.03,
        97.39999999999999,
        97.89,
        98.06,
        98.00999999999999,
        98.18,
        97.36,
        97.92999999999999,
        97.95,
        98.17,
        98.05,
        97.21,
        98.07000000000001,
        98.21,
        98.31,
        98.28,
        97.14,
        97.95,
        98.08,
        98.24000000000001,
        98.17,
        96.73,
        97.72,
        98.09,
        98.15,
        98.14,
        96.50999999999999,
        97.50999999999999,
        97.91,
        98.05,
        98.16,
        95.85000000000001,
        97.32,
        97.71,
        97.78,
        97.96000000000001,
        95.19999999999999,
        96.99,
        97.58,
        97.61,
        97.81,
        94.62,
        96.54,
        97.2,
        97.41,
        97.5,
        93.64,
        96.32,
        96.94,
        97.17,
        97.2,
        91.09,
        94.98,
        96.0,
        96.43,
        96.57,
        72.50999999999999,
        83.33,
        84.67,
        85.13,
        85.75,
        64.95,
        82.67999999999999,
        83.57,
        84.07,
        84.53,
        46.949999999999996,
        70.41,
        81.55,
        82.93,
        83.71
    ],
    "train_loss": [
        0.11979539588673743,
        0.08647926370083482,
        0.07632716780132474,
        0.08243438891713051,
        0.08076590447425898,
        0.10629921455583173,
        0.0874671589466046,
        0.07511589756168559,
        0.08163911220059915,
        0.06839808776401664,
        0.11461160679955683,
        0.08669672742999064,
        0.0700227864892473,
        0.07090001332386771,
        0.07119742670329288,
        0.09963388027745985,
        0.07914234199812134,
        0.06365694196247858,
        0.07273361835807204,
        0.07652408949031166,
        0.10092159813481891,
        0.07435661777686663,
        0.06387067214003067,
        0.06372853931671142,
        0.06153817283209904,
        0.08705999247149793,
        0.07109569588642635,
        0.06092456822119051,
        0.060349540740515045,
        0.06714689533587288,
        0.08770710998911879,
        0.06661644491539923,
        0.06476502809506245,
        0.06250593898131952,
        0.06212563751666935,
        0.09210021362199398,
        0.06868726305780698,
        0.06533264548205464,
        0.06137712488040149,
        0.06816416720735623,
        0.09321758087479069,
        0.06264053429699988,
        0.060106818248973716,
        0.05757730718092814,
        0.059038671387797274,
        0.10001400285986012,
        0.06850804228190623,
        0.06300429171815648,
        0.05997105735816998,
        0.06383538253735722,
        0.10961481789405832,
        0.07458995903066978,
        0.06321020137022311,
        0.06053833505361826,
        0.0653151863813679,
        0.11877194226546559,
        0.0796824759708907,
        0.06873543491910496,
        0.06489955299411214,
        0.06407778138088475,
        0.14168731950803432,
        0.09304816779976119,
        0.07783006926061596,
        0.07381048739865467,
        0.07041800799946897,
        0.1645966585569396,
        0.10267010333384582,
        0.08470723591187222,
        0.07815015325629471,
        0.07616900778542869,
        0.18974188170925585,
        0.11757582341304082,
        0.09688534439000451,
        0.08803893283879508,
        0.08523258604499662,
        0.2265487869164187,
        0.13172910155025785,
        0.10690711370619115,
        0.0961972528867825,
        0.09317664124216594,
        0.47005804784283667,
        0.2275770784405891,
        0.1643058146143745,
        0.1361056727965078,
        0.12292635003606717,
        1.0159041753072224,
        0.6568641910652915,
        0.49269729370842436,
        0.4070938407125587,
        0.35904581702041055,
        1.1341872532924493,
        0.7059071188915276,
        0.5939624846695426,
        0.5044217511208472,
        0.4407215068440237,
        1.5441049615780036,
        1.0057970092682067,
        0.7456693074660387,
        0.5811563947957433,
        0.48354871294455615
    ],
    "sparsity": [
        0.0,
        0.0,
        0.0,
        0.0,
        0.0,
        0.2,
        0.2,
        0.2,
        0.2,
        0.2,
        0.3599977495217734,
        0.3599977495217734,
        0.3599977495217734,
        0.3599977495217734,
        0.3599977495217734,
        0.4879899478639211,
        0.4879899478639211,
        0.4879899478639211,
        0.4879899478639211,
        0.4879899478639211,
        0.5903829563782304,
        0.5903829563782304,
        0.5903829563782304,
        0.5903829563782304,
        0.5903829563782304,
        0.6722966130302689,
        0.6722966130302689,
        0.6722966130302689,
        0.6722966130302689,
        0.6722966130302689,
        0.7378267881924909,
        0.7378267881924909,
        0.7378267881924909,
        0.7378267881924909,
        0.7378267881924909,
        0.7902516784816773,
        0.7902516784816773,
        0.7902516784816773,
        0.7902516784816773,
        0.7902516784816773,
        0.8321893402347998,
        0.8321893402347998,
        0.8321893402347998,
        0.8321893402347998,
        0.8321893402347998,
        0.8657364689996624,
        0.8657364689996624,
        0.8657364689996624,
        0.8657364689996624,
        0.8657364689996624,
        0.8925809234462323,
        0.8925809234462323,
        0.8925809234462323,
        0.8925809234462323,
        0.8925809234462323,
        0.9140504857282172,
        0.9140504857282172,
        0.9140504857282172,
        0.9140504857282172,
        0.9140504857282172,
        0.9312291361914407,
        0.9312291361914407,
        0.9312291361914407,
        0.9312291361914407,
        0.9312291361914407,
        0.944968305764975,
        0.944968305764975,
        0.944968305764975,
        0.944968305764975,
        0.944968305764975,
        0.9559618919020292,
        0.9559618919020292,
        0.9559618919020292,
        0.9559618919020292,
        0.9559618919020292,
        0.9647612617681257,
        0.9647612617681257,
        0.9647612617681257,
        0.9647612617681257,
        0.9647612617681257,
        0.9717977570233675,
        0.9717977570233675,
        0.9717977570233675,
        0.9717977570233675,
        0.9717977570233675,
        0.9774314541840141,
        0.9774314541840141,
        0.9774314541840141,
        0.9774314541840141,
        0.9774314541840141,
        0.981928659840216,
        0.981928659840216,
        0.981928659840216,
        0.981928659840216,
        0.981928659840216,
        0.9855294250028132,
        0.9855294250028132,
        0.9855294250028132,
        0.9855294250028132,
        0.9855294250028132
    ]
}