{
    "args": {
        "load_last_pretrained": false,
        "model": "lenet",
        "dataset": "mnist",
        "epochs": 100,
        "batch_size": 60,
        "initialization": "xavier-uniform-half",
        "learning_rate": 0.0012,
        "forget_model": false,
        "disable_cuda": false,
        "pruning_rate": 0.2,
        "pruning_interval": 5,
        "seed": 45
    },
    "test_acc": [
        96.88,
        98.25666666666667,
        98.465,
        98.71,
        99.32666666666667,
        97.01666666666667,
        98.16666666666667,
        98.25833333333334,
        99.16333333333334,
        99.31333333333333,
        97.18333333333334,
        98.33166666666666,
        98.92833333333333,
        99.25333333333334,
        99.34333333333333,
        97.42666666666666,
        98.30666666666666,
        99.14,
        99.46166666666667,
        99.11666666666666,
        97.575,
        98.68666666666667,
        98.91499999999999,
        99.39833333333333,
        99.54666666666667,
        97.405,
        98.90166666666667,
        99.14166666666667,
        99.515,
        99.6,
        97.7,
        98.935,
        99.29833333333333,
        99.36500000000001,
        99.67333333333333,
        97.94166666666668,
        98.935,
        99.41499999999999,
        99.59333333333333,
        99.73333333333333,
        97.68666666666667,
        98.935,
        99.44666666666667,
        99.52499999999999,
        99.76666666666667,
        97.58666666666667,
        98.75833333333334,
        99.30166666666666,
        99.435,
        99.61166666666666,
        97.11999999999999,
        98.49666666666667,
        99.16666666666667,
        99.25,
        99.70166666666667,
        96.74166666666667,
        98.14166666666667,
        98.82666666666667,
        99.26,
        99.46666666666667,
        95.94666666666667,
        97.85666666666667,
        98.36,
        98.82833333333333,
        99.21166666666666,
        95.50333333333333,
        97.38333333333333,
        98.215,
        98.64666666666668,
        98.95333333333333,
        94.67,
        97.00166666666667,
        97.785,
        98.17166666666667,
        98.53166666666667,
        94.405,
        96.875,
        97.60666666666667,
        97.96333333333334,
        98.24833333333333,
        90.95833333333333,
        95.73666666666666,
        96.885,
        97.31,
        97.67833333333333,
        90.47833333333334,
        95.37166666666667,
        96.62833333333334,
        97.04666666666667,
        97.39999999999999,
        88.68166666666667,
        94.54666666666667,
        95.82000000000001,
        96.49166666666666,
        96.81666666666666,
        44.69166666666667,
        69.93166666666667,
        72.71333333333332,
        73.42666666666666,
        73.88333333333334
    ],
    "test_loss": [
        0.25303187553957107,
        0.09613479317631572,
        0.06356958226673305,
        0.046123488503450064,
        0.038260313830542146,
        0.2656562268231064,
        0.08994160242797807,
        0.059882130932528525,
        0.04438015027588699,
        0.03229630807915237,
        0.25158277063071727,
        0.08325802928442136,
        0.05464835421857424,
        0.03912444833980407,
        0.029376576230046338,
        0.242662424585782,
        0.07645551044493913,
        0.04696327303472208,
        0.0325204942044802,
        0.02485428953214432,
        0.24851614524889737,
        0.07145763726276345,
        0.042687196497572584,
        0.0293287707339623,
        0.021143478683341526,
        0.2529923015842214,
        0.06514256367995404,
        0.03904443290270865,
        0.025327795542776584,
        0.020359364947566065,
        0.2655640005869791,
        0.06240854324027896,
        0.03566436824924313,
        0.023729310443857683,
        0.01636299162208161,
        0.2806650216942653,
        0.05909513072716072,
        0.03360693150991574,
        0.02187996092782123,
        0.015699617097649023,
        0.30983872861228884,
        0.061254196086665616,
        0.034942301984294315,
        0.023019055784214287,
        0.016371618826844497,
        0.3580145460758358,
        0.06667930734856055,
        0.03813692359952256,
        0.025250992733053864,
        0.01772058511013165,
        0.4122538991402835,
        0.07595763072697445,
        0.044459688163362446,
        0.02997545209818054,
        0.02212561901990557,
        0.49436291231773793,
        0.0898368431450799,
        0.05488304818654433,
        0.03842782166064717,
        0.02895071601716336,
        0.607008835779503,
        0.10386164803430438,
        0.0659775598780252,
        0.04860485497140326,
        0.038080362265929577,
        0.7649510448947549,
        0.12338493234850466,
        0.0778547439314425,
        0.05748553795390762,
        0.0457693601398496,
        0.9458408851847052,
        0.14119362305942923,
        0.0925034335590899,
        0.0714174922676757,
        0.05971730654221028,
        1.1641253944411873,
        0.1492117366474122,
        0.09858306558709591,
        0.07825231363391504,
        0.06730825027893297,
        1.3973954431414604,
        0.2817772109955549,
        0.16354948142915965,
        0.12162545315548777,
        0.09999512641690672,
        1.4892126686871052,
        0.301199067004025,
        0.17597453508526087,
        0.13265639363974333,
        0.11016333907470108,
        1.631886478304863,
        0.3475537574887276,
        0.20476601255685092,
        0.15388391011953353,
        0.12807844330742954,
        2.0562840782403944,
        1.1588080151081086,
        0.8819715127348899,
        0.7328629368543624,
        0.665645268023014
    ],
    "train_acc": [
        96.37,
        97.21,
        97.52,
        97.67,
        97.91,
        96.38,
        97.22,
        97.36,
        98.0,
        97.8,
        96.55,
        97.45,
        97.65,
        97.87,
        97.78,
        96.89,
        97.39999999999999,
        97.82,
        97.91,
        97.57000000000001,
        96.91,
        97.65,
        97.63,
        97.91,
        97.86,
        96.87,
        97.89999999999999,
        97.83,
        98.1,
        97.92999999999999,
        97.03,
        97.84,
        98.04,
        97.86,
        98.17,
        97.28999999999999,
        97.84,
        98.1,
        98.14,
        98.1,
        97.05,
        98.0,
        98.21,
        97.99,
        98.04,
        96.98,
        97.84,
        98.11,
        98.08,
        98.1,
        96.74000000000001,
        97.63,
        98.13,
        97.87,
        98.16,
        96.44,
        97.39,
        97.82,
        97.96000000000001,
        97.96000000000001,
        95.72,
        97.08,
        97.39,
        97.57000000000001,
        97.89999999999999,
        95.45,
        96.86,
        97.3,
        97.63,
        97.69,
        94.59,
        96.61,
        97.05,
        97.28999999999999,
        97.45,
        94.19999999999999,
        96.58,
        96.93,
        97.14,
        97.3,
        91.28,
        95.24000000000001,
        96.19,
        96.63000000000001,
        96.88,
        90.75,
        95.05,
        95.95,
        96.34,
        96.49,
        89.16,
        94.17999999999999,
        95.27,
        95.92,
        96.14,
        45.39,
        70.08,
        72.31,
        72.86,
        73.45
    ],
    "train_loss": [
        0.11479702566242861,
        0.08515203832007365,
        0.08239120580423288,
        0.07797728439313388,
        0.06842349125504561,
        0.11253973908588558,
        0.08331954463323701,
        0.08845944314760094,
        0.06653758303630361,
        0.07299768151178633,
        0.10704271970484071,
        0.08286863110658384,
        0.07276735278013759,
        0.06915455096133588,
        0.07790113646365579,
        0.10231889867987819,
        0.08511178650263095,
        0.06892890099737191,
        0.0668778583563552,
        0.08507145049808892,
        0.1027249111264141,
        0.07424397152865272,
        0.07350430499921234,
        0.07023590698721122,
        0.07516116919194649,
        0.10562611630599121,
        0.06878500130211566,
        0.06817511714225312,
        0.062084626142231154,
        0.07180621682699005,
        0.0965880665169683,
        0.07123241981792593,
        0.06598166016649878,
        0.07114059399063337,
        0.0647436179377349,
        0.09214696978514422,
        0.06810811229195156,
        0.0636766329707444,
        0.06442229261881154,
        0.064523734203728,
        0.09546802523629573,
        0.06984386095236206,
        0.060021210811797995,
        0.06301080146637149,
        0.0683332816112095,
        0.10053575922829841,
        0.07193136409839648,
        0.06010763892976422,
        0.06489174291254496,
        0.06476752938211945,
        0.11109080006128656,
        0.07916867467546891,
        0.061952799787287585,
        0.0678091748892246,
        0.0633742125094227,
        0.1245741046920508,
        0.08683493720579469,
        0.07197045568867537,
        0.06611932550897141,
        0.06652941223454222,
        0.14976928632951783,
        0.09744529442270537,
        0.08267898387749663,
        0.07907028571273128,
        0.07180500959470021,
        0.16615649103047606,
        0.10866722581673882,
        0.09141873265477177,
        0.07987673258029683,
        0.07875206390629985,
        0.1965180013752626,
        0.12312237191164566,
        0.1033142240924348,
        0.09197106668558307,
        0.08660447737899146,
        0.21078576042712804,
        0.12686227683067144,
        0.10804239690058424,
        0.09896052412376433,
        0.09355532631980712,
        0.42735642739041835,
        0.2123719168280413,
        0.15929159588977962,
        0.13712117481909827,
        0.12405093174851584,
        0.46590016559212505,
        0.2250255026414009,
        0.1690363765744392,
        0.1477514839547123,
        0.13403718167927095,
        0.5616505088920365,
        0.2612320572405518,
        0.19464061192855864,
        0.16543005217245954,
        0.15195487485362028,
        1.5232186574421958,
        0.9918453771910981,
        0.8180659820219713,
        0.727520148911162,
        0.6871822465679602
    ],
    "sparsity": [
        0.0,
        0.0,
        0.0,
        0.0,
        0.0,
        0.2,
        0.2,
        0.2,
        0.2,
        0.2,
        0.3599977495217734,
        0.3599977495217734,
        0.3599977495217734,
        0.3599977495217734,
        0.3599977495217734,
        0.4879899478639211,
        0.4879899478639211,
        0.4879899478639211,
        0.4879899478639211,
        0.4879899478639211,
        0.5903829563782304,
        0.5903829563782304,
        0.5903829563782304,
        0.5903829563782304,
        0.5903829563782304,
        0.6722966130302689,
        0.6722966130302689,
        0.6722966130302689,
        0.6722966130302689,
        0.6722966130302689,
        0.7378267881924909,
        0.7378267881924909,
        0.7378267881924909,
        0.7378267881924909,
        0.7378267881924909,
        0.7902516784816773,
        0.7902516784816773,
        0.7902516784816773,
        0.7902516784816773,
        0.7902516784816773,
        0.8321893402347998,
        0.8321893402347998,
        0.8321893402347998,
        0.8321893402347998,
        0.8321893402347998,
        0.8657364689996624,
        0.8657364689996624,
        0.8657364689996624,
        0.8657364689996624,
        0.8657364689996624,
        0.8925809234462323,
        0.8925809234462323,
        0.8925809234462323,
        0.8925809234462323,
        0.8925809234462323,
        0.9140504857282172,
        0.9140504857282172,
        0.9140504857282172,
        0.9140504857282172,
        0.9140504857282172,
        0.9312291361914407,
        0.9312291361914407,
        0.9312291361914407,
        0.9312291361914407,
        0.9312291361914407,
        0.944968305764975,
        0.944968305764975,
        0.944968305764975,
        0.944968305764975,
        0.944968305764975,
        0.9559618919020292,
        0.9559618919020292,
        0.9559618919020292,
        0.9559618919020292,
        0.9559618919020292,
        0.9647612617681257,
        0.9647612617681257,
        0.9647612617681257,
        0.9647612617681257,
        0.9647612617681257,
        0.9717977570233675,
        0.9717977570233675,
        0.9717977570233675,
        0.9717977570233675,
        0.9717977570233675,
        0.9774314541840141,
        0.9774314541840141,
        0.9774314541840141,
        0.9774314541840141,
        0.9774314541840141,
        0.981928659840216,
        0.981928659840216,
        0.981928659840216,
        0.981928659840216,
        0.981928659840216,
        0.9855294250028132,
        0.9855294250028132,
        0.9855294250028132,
        0.9855294250028132,
        0.9855294250028132
    ]
}