{
    "args": {
        "load_last_pretrained": false,
        "model": "lenet",
        "dataset": "mnist",
        "epochs": 100,
        "batch_size": 60,
        "initialization": "xavier-uniform-double",
        "learning_rate": 0.0012,
        "forget_model": false,
        "disable_cuda": false,
        "pruning_rate": 0.2,
        "pruning_interval": 5,
        "seed": 43
    },
    "test_acc": [
        97.19166666666666,
        98.175,
        98.685,
        98.88833333333334,
        99.095,
        96.87333333333333,
        97.96000000000001,
        98.565,
        98.95333333333333,
        99.36666666666667,
        97.18166666666667,
        98.26666666666667,
        98.715,
        98.85833333333333,
        99.4,
        97.6,
        98.65,
        98.935,
        99.20333333333333,
        99.59333333333333,
        97.44,
        98.74166666666667,
        99.14500000000001,
        99.24333333333333,
        99.60333333333334,
        97.71,
        98.70666666666666,
        99.33333333333333,
        99.52166666666666,
        99.58333333333333,
        97.90833333333333,
        98.93333333333332,
        99.16166666666668,
        99.37,
        99.74333333333333,
        97.92666666666666,
        98.95,
        99.355,
        99.45,
        99.70666666666666,
        97.735,
        98.80666666666667,
        99.33333333333333,
        99.56166666666667,
        99.69833333333334,
        97.28666666666666,
        98.67666666666666,
        99.24166666666666,
        99.50666666666666,
        99.655,
        96.81166666666667,
        98.285,
        98.91833333333334,
        99.32333333333332,
        99.47166666666666,
        96.29666666666667,
        98.02333333333333,
        98.82,
        99.13666666666666,
        99.41,
        95.815,
        97.71,
        98.41333333333333,
        98.84833333333334,
        99.10333333333334,
        95.42333333333333,
        97.30333333333333,
        98.04666666666667,
        98.51166666666667,
        98.56666666666666,
        94.35666666666667,
        96.92666666666668,
        97.685,
        98.14,
        98.37833333333333,
        93.93,
        96.525,
        97.43833333333333,
        97.80166666666666,
        98.11833333333333,
        93.0,
        95.99,
        96.90833333333333,
        97.33500000000001,
        97.68666666666667,
        90.77333333333333,
        95.43833333333333,
        96.45,
        96.90666666666667,
        97.24166666666667,
        88.02333333333333,
        94.81666666666668,
        96.035,
        96.57,
        96.885,
        71.22166666666668,
        93.37166666666667,
        94.97166666666666,
        95.70333333333333,
        95.99166666666666
    ],
    "test_loss": [
        0.2293458028892055,
        0.0948827899126336,
        0.0628092593800975,
        0.048175395724596455,
        0.03576687547369511,
        0.28060182592086497,
        0.09968821790860966,
        0.06484254692448303,
        0.04953342565870844,
        0.036574993904388974,
        0.2592572364648804,
        0.08662715983344242,
        0.0570389836456161,
        0.04088900423044106,
        0.030858258683467282,
        0.24450683457590638,
        0.07781275429297238,
        0.050422301931772384,
        0.03649512422271073,
        0.027688344621798023,
        0.24998950943537057,
        0.07267619573604316,
        0.04594039395474829,
        0.031824772292166015,
        0.023596072533138796,
        0.2561307950587943,
        0.06590787870413624,
        0.03965905131120235,
        0.027760262960509863,
        0.021269579017796785,
        0.2675639514811337,
        0.06086672009946779,
        0.036689095668960364,
        0.024163644902117084,
        0.017430993751535426,
        0.2893256291300058,
        0.06096345130540431,
        0.03611816483666189,
        0.02377865721017588,
        0.017333482707908843,
        0.32582416212372484,
        0.06538577452721074,
        0.03840777766960673,
        0.025660955654107965,
        0.01876959148127935,
        0.3722379127275199,
        0.07332411200879142,
        0.042767241210443896,
        0.02920197429356631,
        0.021495162583189086,
        0.4371200158018619,
        0.08577392758522183,
        0.049875137099996206,
        0.0346078437641263,
        0.025788441795331893,
        0.5190495487302542,
        0.10042078266572207,
        0.0607122467784211,
        0.043005049851024525,
        0.03284710930287838,
        0.6323024751059712,
        0.11295425641536713,
        0.0720982837905176,
        0.053615546847693624,
        0.042249393937177956,
        0.7752985700853169,
        0.1278418911024928,
        0.08400962648075073,
        0.06356112347356975,
        0.05161658771638759,
        1.0609308675676585,
        0.17211589072272182,
        0.09780911213997752,
        0.07573619272047653,
        0.0641096054194495,
        1.121194718554616,
        0.17372884767688812,
        0.10974721774272621,
        0.08532439489848911,
        0.07226222301693633,
        1.337627617225051,
        0.19660696795955301,
        0.12512053770944476,
        0.1007897185110487,
        0.0875648647453636,
        1.5713489669859408,
        0.23801976357027887,
        0.1432589043453336,
        0.11549049116112292,
        0.1006627105390653,
        1.7661783773303033,
        0.2951123855113983,
        0.1604736348427832,
        0.12910091283358632,
        0.11357555547170341,
        2.0324004797935484,
        0.4599436044096947,
        0.2038516365662217,
        0.1625433187559247,
        0.14362770217191428
    ],
    "train_acc": [
        96.78,
        96.89999999999999,
        97.28,
        97.68,
        97.63,
        96.41999999999999,
        96.93,
        97.39999999999999,
        97.65,
        98.05,
        96.54,
        97.37,
        97.68,
        97.61,
        97.81,
        97.05,
        97.67,
        97.92999999999999,
        97.87,
        98.19,
        96.94,
        97.92999999999999,
        97.88,
        97.89,
        98.09,
        97.19,
        97.78,
        97.92,
        97.83,
        97.94,
        97.52,
        97.99,
        97.82,
        97.75,
        98.28,
        97.31,
        98.03,
        98.05,
        98.08,
        98.04,
        97.13000000000001,
        97.77,
        98.05,
        98.19,
        98.16,
        96.95,
        97.84,
        98.04,
        98.05,
        98.15,
        96.39,
        97.59,
        97.86,
        97.91,
        98.04,
        95.97,
        97.31,
        97.83,
        97.86,
        97.92,
        95.53,
        97.19,
        97.61999999999999,
        97.77,
        97.82,
        95.26,
        96.87,
        97.27,
        97.49,
        97.59,
        94.39,
        96.19,
        96.78999999999999,
        97.19,
        97.2,
        94.1,
        96.12,
        96.74000000000001,
        97.08,
        97.04,
        93.03,
        95.75,
        96.37,
        96.55,
        96.74000000000001,
        90.91,
        95.03,
        95.99,
        96.15,
        96.46000000000001,
        88.46000000000001,
        94.6,
        95.55,
        95.93,
        96.17,
        71.73,
        93.26,
        94.6,
        95.41,
        95.43
    ],
    "train_loss": [
        0.10299310098195862,
        0.09540011883228125,
        0.0896183476967369,
        0.08116311406992754,
        0.08601402637651916,
        0.11856119430618371,
        0.09540115069029127,
        0.08291869169982251,
        0.07090646068532087,
        0.06353731289531055,
        0.10997793967919257,
        0.08375294269536605,
        0.07647548368462768,
        0.07608848295319535,
        0.07038282493825077,
        0.09466354436280128,
        0.07386777342246946,
        0.06671061375858764,
        0.068468506313431,
        0.06241382592884701,
        0.09953534440834544,
        0.07102527332765435,
        0.06701720546105665,
        0.07157454385441689,
        0.06438124281616357,
        0.09263316946226859,
        0.07067954461341222,
        0.0656899104360491,
        0.06369475445125955,
        0.0672374940986193,
        0.0867687299078007,
        0.06332430294519681,
        0.06749749764825168,
        0.06810340618409362,
        0.05810793389846476,
        0.08909998726501257,
        0.06366023434671814,
        0.06416424708636087,
        0.06416174151842667,
        0.06723842552994116,
        0.09765964774359129,
        0.07091135436858603,
        0.061129453788583955,
        0.059163756142955964,
        0.06333493359573743,
        0.1081469742257795,
        0.07194620442526516,
        0.06370155655633948,
        0.062062632562983,
        0.062119426776677325,
        0.1286933830643664,
        0.08396381329365833,
        0.06948013697098383,
        0.06726055469609306,
        0.06471085475066198,
        0.14041405644067034,
        0.09054906021602853,
        0.07403317044215824,
        0.07222775351339784,
        0.06778990432569858,
        0.15760307733393358,
        0.10052720285550563,
        0.08418223589469126,
        0.07588110849941651,
        0.0738394083441263,
        0.17068323967030305,
        0.11122473311459946,
        0.0940451930907226,
        0.0840949235305547,
        0.0825274087722876,
        0.2918411915352245,
        0.12870316937967333,
        0.10488488290927367,
        0.09592668564354409,
        0.09418680465886158,
        0.2560793065471563,
        0.14036456787746823,
        0.11067543805069374,
        0.10313122575645318,
        0.09741881543848507,
        0.299784313240451,
        0.15154912748825763,
        0.12358502324804396,
        0.11341583568178965,
        0.10546070966356529,
        0.40485675980944835,
        0.17588848148857406,
        0.14042990525325616,
        0.1273448211949564,
        0.11667508351432528,
        0.5621163079481639,
        0.19454608382489866,
        0.15398095452232274,
        0.13800991304263382,
        0.13019475382669066,
        1.1930416344168657,
        0.2479433268754782,
        0.18600854491759203,
        0.1641502674602106,
        0.15499052444394834
    ],
    "sparsity": [
        0.0,
        0.0,
        0.0,
        0.0,
        0.0,
        0.2,
        0.2,
        0.2,
        0.2,
        0.2,
        0.3599977495217734,
        0.3599977495217734,
        0.3599977495217734,
        0.3599977495217734,
        0.3599977495217734,
        0.4879899478639211,
        0.4879899478639211,
        0.4879899478639211,
        0.4879899478639211,
        0.4879899478639211,
        0.5903829563782304,
        0.5903829563782304,
        0.5903829563782304,
        0.5903829563782304,
        0.5903829563782304,
        0.6722966130302689,
        0.6722966130302689,
        0.6722966130302689,
        0.6722966130302689,
        0.6722966130302689,
        0.7378267881924909,
        0.7378267881924909,
        0.7378267881924909,
        0.7378267881924909,
        0.7378267881924909,
        0.7902516784816773,
        0.7902516784816773,
        0.7902516784816773,
        0.7902516784816773,
        0.7902516784816773,
        0.8321893402347998,
        0.8321893402347998,
        0.8321893402347998,
        0.8321893402347998,
        0.8321893402347998,
        0.8657364689996624,
        0.8657364689996624,
        0.8657364689996624,
        0.8657364689996624,
        0.8657364689996624,
        0.8925809234462323,
        0.8925809234462323,
        0.8925809234462323,
        0.8925809234462323,
        0.8925809234462323,
        0.9140504857282172,
        0.9140504857282172,
        0.9140504857282172,
        0.9140504857282172,
        0.9140504857282172,
        0.9312291361914407,
        0.9312291361914407,
        0.9312291361914407,
        0.9312291361914407,
        0.9312291361914407,
        0.944968305764975,
        0.944968305764975,
        0.944968305764975,
        0.944968305764975,
        0.944968305764975,
        0.9559618919020292,
        0.9559618919020292,
        0.9559618919020292,
        0.9559618919020292,
        0.9559618919020292,
        0.9647612617681257,
        0.9647612617681257,
        0.9647612617681257,
        0.9647612617681257,
        0.9647612617681257,
        0.9717977570233675,
        0.9717977570233675,
        0.9717977570233675,
        0.9717977570233675,
        0.9717977570233675,
        0.9774314541840141,
        0.9774314541840141,
        0.9774314541840141,
        0.9774314541840141,
        0.9774314541840141,
        0.981928659840216,
        0.981928659840216,
        0.981928659840216,
        0.981928659840216,
        0.981928659840216,
        0.9855294250028132,
        0.9855294250028132,
        0.9855294250028132,
        0.9855294250028132,
        0.9855294250028132
    ]
}