{
    "args": {
        "load_last_pretrained": false,
        "model": "lenet",
        "dataset": "mnist",
        "epochs": 100,
        "batch_size": 60,
        "initialization": "normal",
        "learning_rate": 0.0012,
        "forget_model": false,
        "disable_cuda": false,
        "pruning_rate": 0.2,
        "pruning_interval": 5,
        "seed": 46
    },
    "test_acc": [
        87.83333333333333,
        91.2,
        93.25166666666667,
        94.51333333333334,
        95.64,
        90.675,
        92.89,
        94.30666666666667,
        96.345,
        97.23,
        95.14166666666667,
        97.21833333333333,
        97.98666666666666,
        98.61333333333333,
        98.84833333333334,
        96.955,
        98.09833333333333,
        98.97333333333333,
        99.07166666666667,
        99.37166666666667,
        97.43166666666667,
        98.42666666666666,
        99.01833333333333,
        99.35833333333333,
        99.485,
        97.49166666666666,
        98.70666666666666,
        99.16666666666667,
        99.27166666666668,
        99.64833333333334,
        97.75166666666667,
        98.99166666666666,
        99.17833333333334,
        99.17166666666667,
        99.56333333333333,
        97.96000000000001,
        99.01833333333333,
        99.375,
        99.61,
        99.70166666666667,
        97.75166666666667,
        98.84166666666667,
        99.315,
        99.50833333333333,
        99.62833333333333,
        97.60833333333333,
        98.72,
        99.30333333333333,
        99.63333333333333,
        99.65,
        97.185,
        98.60833333333333,
        99.10166666666666,
        99.30166666666666,
        99.61333333333333,
        96.85833333333333,
        98.42333333333333,
        98.95833333333334,
        99.25333333333334,
        99.48,
        95.90166666666666,
        97.67833333333333,
        98.53,
        98.89833333333333,
        99.14333333333335,
        95.40666666666667,
        97.46833333333333,
        98.15166666666667,
        98.60333333333332,
        98.895,
        94.78333333333333,
        97.02833333333334,
        97.86666666666667,
        98.21666666666667,
        98.48166666666667,
        93.30333333333334,
        95.98166666666667,
        96.90666666666667,
        97.44166666666668,
        97.72999999999999,
        77.39,
        84.27,
        93.86666666666666,
        94.94,
        95.565,
        76.8,
        91.28,
        93.69833333333332,
        94.53166666666667,
        95.0,
        58.358333333333334,
        83.515,
        92.50166666666667,
        93.69333333333333,
        94.35166666666667,
        61.55500000000001,
        81.62,
        91.51333333333334,
        93.00666666666667,
        93.73166666666667
    ],
    "test_loss": [
        89.98119626045226,
        18.35573320800066,
        10.283793072809779,
        6.4812338327025225,
        4.435998757189218,
        0.9374432382583618,
        0.2925742768421769,
        0.2240776374898851,
        0.1665029412843287,
        0.12696995298098773,
        0.39861616179347037,
        0.1351729049887508,
        0.08924594763480127,
        0.06668276020744815,
        0.051065558260888794,
        0.27070781534910204,
        0.0874383306778036,
        0.05776059881318361,
        0.04121626116009429,
        0.031740066710161045,
        0.25009809984639286,
        0.07695271626953036,
        0.04967995313403662,
        0.03599314797262196,
        0.027020074336556718,
        0.25127053768653423,
        0.06937483778735623,
        0.04328260014834814,
        0.029700057685084175,
        0.023530715755186976,
        0.2618928450755775,
        0.06284040822135284,
        0.038453598895459434,
        0.02591973255132325,
        0.019073301909229484,
        0.27706956914812325,
        0.06005314641166479,
        0.03546978328295518,
        0.02446313679323066,
        0.017476082226698053,
        0.3048737500822172,
        0.06351181423058733,
        0.03675744668045081,
        0.02554848507727729,
        0.017963032236206346,
        0.34490877798758446,
        0.06688421795610339,
        0.039764985657762736,
        0.026287619492737578,
        0.019511135237815325,
        0.4064367742240429,
        0.07514932512864471,
        0.045190885837655514,
        0.03152680557209533,
        0.023000835157057736,
        0.48939366583898664,
        0.08550175872538239,
        0.05203732186555862,
        0.03717972736235242,
        0.028163674131385052,
        0.6178477185964585,
        0.10846256045345216,
        0.06787429840676487,
        0.05047922892891802,
        0.03986594301555306,
        0.7922516085132957,
        0.12359035632200539,
        0.07882922188192606,
        0.059997314503416416,
        0.04930428059748374,
        0.9811035971529782,
        0.1414807272274047,
        0.09260698731429876,
        0.07222491973638534,
        0.060393043662887065,
        1.2388084712997078,
        0.18565921825729312,
        0.12536406365875155,
        0.1000007776869461,
        0.08506988622201607,
        1.6973200895786285,
        0.695931961864233,
        0.3940138563811779,
        0.26700736249238255,
        0.20679304807633161,
        1.7343468809127807,
        0.6543184648454189,
        0.3650662198960781,
        0.2691558589860797,
        0.21946902510896324,
        1.87171706199646,
        0.8159597471058369,
        0.47717773497104643,
        0.32582117716223,
        0.25307559077441694,
        1.9835568647384643,
        0.8963945274949073,
        0.5394207866191864,
        0.39612121476233003,
        0.2954893201738596
    ],
    "train_acc": [
        87.41,
        89.83,
        91.43,
        92.32000000000001,
        92.75,
        90.60000000000001,
        93.23,
        93.99,
        95.62,
        96.43,
        95.09,
        96.45,
        97.23,
        97.68,
        97.56,
        96.43,
        97.43,
        97.78999999999999,
        97.96000000000001,
        97.76,
        96.86,
        97.49,
        97.85000000000001,
        97.89999999999999,
        97.92999999999999,
        96.88,
        97.77,
        98.04,
        97.89,
        98.22999999999999,
        97.27,
        97.94,
        97.92999999999999,
        97.72,
        98.05,
        97.28,
        98.0,
        98.18,
        98.21,
        98.11999999999999,
        97.14,
        97.72999999999999,
        98.00999999999999,
        98.19,
        98.09,
        97.2,
        97.75,
        98.1,
        98.27,
        98.1,
        96.93,
        97.68,
        98.08,
        98.15,
        98.17,
        96.45,
        97.57000000000001,
        97.71,
        98.04,
        97.96000000000001,
        95.67,
        97.1,
        97.54,
        97.74000000000001,
        97.71,
        95.06,
        96.82,
        97.34,
        97.45,
        97.49,
        94.48,
        96.54,
        97.07000000000001,
        97.27,
        97.36,
        93.41000000000001,
        95.47,
        96.41999999999999,
        96.7,
        96.81,
        77.74,
        83.54,
        93.2,
        94.13,
        94.94,
        77.0,
        90.86999999999999,
        93.17,
        93.92,
        94.38,
        58.17,
        83.62,
        92.08,
        93.14,
        93.76,
        62.25000000000001,
        81.44,
        90.99000000000001,
        92.35,
        93.4
    ],
    "train_loss": [
        25.749423205495596,
        15.155488554589049,
        10.526225879074572,
        8.588326703455161,
        7.1837383697846695,
        0.32021393738463966,
        0.24523835192005078,
        0.19827729160200336,
        0.14374112395826213,
        0.1139408646062195,
        0.16690256683055513,
        0.10942470387159707,
        0.09494651178132274,
        0.0747586421886024,
        0.079015329236187,
        0.11330717357020535,
        0.08105493768280049,
        0.06851676583267793,
        0.0641105587999922,
        0.07513546085676658,
        0.10265616874606488,
        0.07985089273989468,
        0.06785147515345856,
        0.06604267919539268,
        0.06901124571617358,
        0.09791982873248126,
        0.07090437572594442,
        0.06142389012115846,
        0.06947354034417515,
        0.058909543315896734,
        0.09234322684476833,
        0.06520886291487667,
        0.06397909392647357,
        0.0728994474019911,
        0.06751294352266168,
        0.08763938632509309,
        0.061435610117268065,
        0.057808620149052206,
        0.05953314472781076,
        0.06384736441461297,
        0.09511958724612783,
        0.0692831966496201,
        0.0623263319247419,
        0.061413613795637416,
        0.06376246532458744,
        0.09577405988099333,
        0.07045874219878527,
        0.05998392958852078,
        0.05964563400338231,
        0.06326286684028794,
        0.1093295134916277,
        0.0733404206809125,
        0.06583717187398119,
        0.0645172114255364,
        0.06441591809500946,
        0.12430001179615181,
        0.08132287515829245,
        0.07259231367745175,
        0.06653809726996693,
        0.06814565488784212,
        0.1554421022824363,
        0.10089396779051797,
        0.08212830876362716,
        0.07627009924133113,
        0.07462782828934758,
        0.17401709916170485,
        0.11000106192589877,
        0.09141710702285259,
        0.08619737722436914,
        0.08545533889726162,
        0.19334733508482665,
        0.12276100946177622,
        0.10339422320980511,
        0.0957313042836721,
        0.09499458525285213,
        0.24875500338698575,
        0.1561725242676849,
        0.12581366310621092,
        0.11430651159165148,
        0.10753388749993222,
        0.9382412069571946,
        0.506444741687375,
        0.32320382941268877,
        0.24912568565435753,
        0.2181613466027611,
        1.0049297160017276,
        0.4556310412412632,
        0.3220727739041437,
        0.2654788214378728,
        0.23155943567524412,
        1.1647877486166125,
        0.5929722910869621,
        0.39226574374887047,
        0.2934881602218765,
        0.2507258517567269,
        1.3107687755973039,
        0.6487673690576039,
        0.47195565183005644,
        0.35898238902320406,
        0.2889190884585866
    ],
    "sparsity": [
        0.0,
        0.0,
        0.0,
        0.0,
        0.0,
        0.2,
        0.2,
        0.2,
        0.2,
        0.2,
        0.3599977495217734,
        0.3599977495217734,
        0.3599977495217734,
        0.3599977495217734,
        0.3599977495217734,
        0.4879899478639211,
        0.4879899478639211,
        0.4879899478639211,
        0.4879899478639211,
        0.4879899478639211,
        0.5903829563782304,
        0.5903829563782304,
        0.5903829563782304,
        0.5903829563782304,
        0.5903829563782304,
        0.6722966130302689,
        0.6722966130302689,
        0.6722966130302689,
        0.6722966130302689,
        0.6722966130302689,
        0.7378267881924909,
        0.7378267881924909,
        0.7378267881924909,
        0.7378267881924909,
        0.7378267881924909,
        0.7902516784816773,
        0.7902516784816773,
        0.7902516784816773,
        0.7902516784816773,
        0.7902516784816773,
        0.8321893402347998,
        0.8321893402347998,
        0.8321893402347998,
        0.8321893402347998,
        0.8321893402347998,
        0.8657364689996624,
        0.8657364689996624,
        0.8657364689996624,
        0.8657364689996624,
        0.8657364689996624,
        0.8925809234462323,
        0.8925809234462323,
        0.8925809234462323,
        0.8925809234462323,
        0.8925809234462323,
        0.9140504857282172,
        0.9140504857282172,
        0.9140504857282172,
        0.9140504857282172,
        0.9140504857282172,
        0.9312291361914407,
        0.9312291361914407,
        0.9312291361914407,
        0.9312291361914407,
        0.9312291361914407,
        0.944968305764975,
        0.944968305764975,
        0.944968305764975,
        0.944968305764975,
        0.944968305764975,
        0.9559618919020292,
        0.9559618919020292,
        0.9559618919020292,
        0.9559618919020292,
        0.9559618919020292,
        0.9647612617681257,
        0.9647612617681257,
        0.9647612617681257,
        0.9647612617681257,
        0.9647612617681257,
        0.9717977570233675,
        0.9717977570233675,
        0.9717977570233675,
        0.9717977570233675,
        0.9717977570233675,
        0.9774314541840141,
        0.9774314541840141,
        0.9774314541840141,
        0.9774314541840141,
        0.9774314541840141,
        0.981928659840216,
        0.981928659840216,
        0.981928659840216,
        0.981928659840216,
        0.981928659840216,
        0.9855294250028132,
        0.9855294250028132,
        0.9855294250028132,
        0.9855294250028132,
        0.9855294250028132
    ]
}