{
    "args": {
        "load_last_pretrained": false,
        "model": "lenet",
        "dataset": "mnist",
        "epochs": 100,
        "batch_size": 60,
        "initialization": "xavier-uniform-half",
        "learning_rate": 0.0012,
        "forget_model": false,
        "disable_cuda": false,
        "pruning_rate": 0.2,
        "pruning_interval": 5,
        "seed": 52
    },
    "test_acc": [
        96.72333333333333,
        98.08,
        98.77666666666667,
        98.685,
        99.00666666666666,
        96.995,
        98.37,
        98.74833333333333,
        98.95833333333334,
        99.185,
        97.13000000000001,
        98.27333333333334,
        98.64666666666668,
        99.18,
        99.51666666666667,
        97.395,
        98.49333333333334,
        98.91166666666666,
        99.1,
        99.25666666666667,
        97.33500000000001,
        98.61333333333333,
        98.94666666666667,
        99.47833333333334,
        99.48166666666667,
        97.43,
        98.66666666666667,
        99.215,
        99.58333333333333,
        99.56333333333333,
        97.59666666666666,
        98.85000000000001,
        99.25,
        99.49,
        99.72666666666666,
        97.81666666666666,
        98.79,
        99.44833333333334,
        99.55333333333334,
        99.71333333333334,
        97.63166666666667,
        98.92166666666667,
        99.39666666666666,
        99.69666666666667,
        99.66666666666667,
        97.43,
        98.86,
        99.30666666666667,
        99.64,
        99.71,
        96.95833333333333,
        98.48333333333333,
        99.11166666666666,
        99.35666666666667,
        99.57333333333334,
        96.56,
        98.22999999999999,
        98.82666666666667,
        99.2,
        99.42833333333333,
        95.92500000000001,
        97.76666666666667,
        98.52499999999999,
        98.92166666666667,
        99.17,
        95.07333333333334,
        97.20333333333333,
        98.06166666666667,
        98.46666666666667,
        98.80166666666666,
        94.05666666666667,
        96.62666666666667,
        97.55,
        98.02666666666666,
        98.30833333333334,
        92.575,
        96.17833333333333,
        97.34833333333334,
        97.78,
        98.13,
        91.24666666666667,
        95.71499999999999,
        96.77333333333334,
        97.35333333333334,
        97.61,
        67.13833333333334,
        91.00666666666667,
        93.74833333333333,
        94.88333333333333,
        95.46333333333334,
        61.59166666666667,
        81.84833333333333,
        84.13000000000001,
        85.00999999999999,
        85.49333333333334,
        58.90833333333333,
        78.85166666666666,
        81.51666666666667,
        83.01166666666666,
        83.78166666666667
    ],
    "test_loss": [
        0.25355114226415754,
        0.0969903301303275,
        0.06598596553271636,
        0.04709428401640616,
        0.03747301319980761,
        0.2608419483518228,
        0.09175889748381451,
        0.059784884099150074,
        0.043211474182200615,
        0.03255007476452738,
        0.2527700049113482,
        0.08305197370471433,
        0.05596149760275148,
        0.03944766399724176,
        0.029302214813244062,
        0.25362639931496234,
        0.08049924205662683,
        0.05169055949477479,
        0.036008015987696124,
        0.026368091307143914,
        0.25572110604681075,
        0.07355417502298951,
        0.04426504284585826,
        0.031841649552981834,
        0.022535081041132797,
        0.2604757854761556,
        0.06888369403337129,
        0.040420290279900656,
        0.02808704887930071,
        0.019455927151662764,
        0.2736247587800026,
        0.06425058931065723,
        0.03732941153098363,
        0.025314793069235748,
        0.01825161444989499,
        0.29879254130553456,
        0.0627854534315411,
        0.03546169190085493,
        0.02382213170774048,
        0.016260963328153594,
        0.3192509756423533,
        0.06384732696786523,
        0.03637762075616047,
        0.024228747128276155,
        0.016812488026509528,
        0.3586774240778759,
        0.06801815804187208,
        0.03927132930629887,
        0.02633692779293051,
        0.019253679503744934,
        0.4257132966313511,
        0.07864682004367933,
        0.04654631872428581,
        0.032211416116682816,
        0.024001726546674037,
        0.5153083136398345,
        0.09342442946135998,
        0.05683112200116738,
        0.04010962533846032,
        0.031035779176629148,
        0.6212597969174385,
        0.10911934229312464,
        0.06857683455385268,
        0.04936375129641965,
        0.039080510481493545,
        0.8013643205426634,
        0.1355927965985611,
        0.08746665669372305,
        0.06503109870105982,
        0.051859989621443676,
        1.0216417943760752,
        0.1586662154570222,
        0.10386505532637239,
        0.08002338601462543,
        0.06703764150897042,
        1.306881664261222,
        0.18758866566419602,
        0.11725277336966246,
        0.08962481199251487,
        0.07530365442996845,
        1.5003937852829694,
        0.20675171465799214,
        0.13106764405407012,
        0.10609074197243899,
        0.09224110027868301,
        1.8351078386902808,
        0.7489090549051761,
        0.40341279956698417,
        0.25080185729265214,
        0.19434116816148161,
        1.873524828672409,
        1.1361889148950577,
        0.6163942765891552,
        0.42448616203665734,
        0.35831128381192684,
        1.9859719350337983,
        1.2511897869110107,
        0.7763546621799469,
        0.5453340750932694,
        0.44226961700618267
    ],
    "train_acc": [
        96.44,
        97.26,
        97.72999999999999,
        97.43,
        97.77,
        96.47,
        97.57000000000001,
        97.69,
        97.72,
        97.89999999999999,
        96.67999999999999,
        97.36,
        97.42,
        97.91,
        98.09,
        96.89,
        97.72999999999999,
        97.8,
        97.65,
        97.94,
        96.73,
        97.8,
        97.8,
        98.22999999999999,
        98.03,
        97.04,
        97.72999999999999,
        98.06,
        98.2,
        98.13,
        97.03,
        97.8,
        97.97,
        98.15,
        98.00999999999999,
        97.17,
        97.63,
        98.2,
        98.14,
        98.05,
        97.15,
        97.89999999999999,
        98.1,
        98.41,
        98.03,
        96.89,
        97.78,
        98.07000000000001,
        98.24000000000001,
        98.29,
        96.72,
        97.53,
        97.89,
        97.92999999999999,
        98.14,
        96.15,
        97.41,
        97.58,
        97.84,
        97.97,
        95.66,
        97.2,
        97.61999999999999,
        97.7,
        97.75,
        95.08,
        96.69,
        97.35000000000001,
        97.37,
        97.56,
        93.93,
        95.85000000000001,
        96.61999999999999,
        96.97,
        97.14,
        92.72,
        95.62,
        96.37,
        96.73,
        97.02,
        91.36999999999999,
        95.23,
        95.91,
        96.3,
        96.49,
        67.21000000000001,
        91.27,
        93.55,
        94.32000000000001,
        94.86,
        61.59,
        81.97,
        83.86,
        84.55,
        84.83000000000001,
        59.29,
        79.4,
        81.47999999999999,
        82.94,
        83.42
    ],
    "train_loss": [
        0.11663105249583364,
        0.08208597179022646,
        0.07377284538129088,
        0.08367443159306255,
        0.07263313475048203,
        0.11447436412695997,
        0.08117598064472442,
        0.07616283492503052,
        0.0734851964258639,
        0.07390263374207519,
        0.10689286080127705,
        0.0833078181136868,
        0.08487330374731766,
        0.06800819019798167,
        0.06326579928891678,
        0.10457695832107952,
        0.07479094073154077,
        0.07123555440433368,
        0.07404418327304685,
        0.07077305708558042,
        0.09996594306817669,
        0.07389969088159457,
        0.0697581726684051,
        0.058561954168396484,
        0.06701475031908133,
        0.10178484796116988,
        0.07402955305143566,
        0.061971522049983956,
        0.05936708106676083,
        0.0655340579746871,
        0.0991352260123916,
        0.06970162253999737,
        0.06693415891889394,
        0.061842304770486196,
        0.06824920884079808,
        0.09596567403547421,
        0.07283027717720962,
        0.06229484566727173,
        0.06086265224605118,
        0.06660408512595065,
        0.09629684093848852,
        0.06538554199854146,
        0.060990035899184246,
        0.05640705838356123,
        0.06622173297525702,
        0.10593640359263577,
        0.06940164072662146,
        0.06046084794745652,
        0.05879457995593883,
        0.061839087566843226,
        0.1179745548744937,
        0.07890783559843273,
        0.06704310394689708,
        0.06492307725150562,
        0.06424528150226709,
        0.13116343445451317,
        0.08505178899030218,
        0.07344637001156361,
        0.06771547417574657,
        0.06687876442726144,
        0.15231794732327233,
        0.09607685220701073,
        0.07851566095741655,
        0.07266218587477317,
        0.07020308335958618,
        0.17932162877774524,
        0.11384710700747495,
        0.09294449132002756,
        0.08237810469160002,
        0.08025763817075751,
        0.2129331654506529,
        0.13767643110034708,
        0.11329065138909096,
        0.1027977327721383,
        0.09643584347056772,
        0.2721993196421041,
        0.15075658287429167,
        0.1199960928733745,
        0.10812154475844905,
        0.09986993217628873,
        0.3271195246074014,
        0.1624230924034547,
        0.13434569999397158,
        0.12329613377234179,
        0.11873880594210354,
        1.0666282234077682,
        0.5385739232251744,
        0.3154770730141394,
        0.23401928967433774,
        0.2073783635825454,
        1.415308248497055,
        0.8154786036400024,
        0.4943947137115958,
        0.39936060828720027,
        0.3629222847744376,
        1.5157482716851605,
        0.9395294910419487,
        0.6427424755282031,
        0.48414217212242994,
        0.42957462004558766
    ],
    "sparsity": [
        0.0,
        0.0,
        0.0,
        0.0,
        0.0,
        0.2,
        0.2,
        0.2,
        0.2,
        0.2,
        0.3599977495217734,
        0.3599977495217734,
        0.3599977495217734,
        0.3599977495217734,
        0.3599977495217734,
        0.4879899478639211,
        0.4879899478639211,
        0.4879899478639211,
        0.4879899478639211,
        0.4879899478639211,
        0.5903829563782304,
        0.5903829563782304,
        0.5903829563782304,
        0.5903829563782304,
        0.5903829563782304,
        0.6722966130302689,
        0.6722966130302689,
        0.6722966130302689,
        0.6722966130302689,
        0.6722966130302689,
        0.7378267881924909,
        0.7378267881924909,
        0.7378267881924909,
        0.7378267881924909,
        0.7378267881924909,
        0.7902516784816773,
        0.7902516784816773,
        0.7902516784816773,
        0.7902516784816773,
        0.7902516784816773,
        0.8321893402347998,
        0.8321893402347998,
        0.8321893402347998,
        0.8321893402347998,
        0.8321893402347998,
        0.8657364689996624,
        0.8657364689996624,
        0.8657364689996624,
        0.8657364689996624,
        0.8657364689996624,
        0.8925809234462323,
        0.8925809234462323,
        0.8925809234462323,
        0.8925809234462323,
        0.8925809234462323,
        0.9140504857282172,
        0.9140504857282172,
        0.9140504857282172,
        0.9140504857282172,
        0.9140504857282172,
        0.9312291361914407,
        0.9312291361914407,
        0.9312291361914407,
        0.9312291361914407,
        0.9312291361914407,
        0.944968305764975,
        0.944968305764975,
        0.944968305764975,
        0.944968305764975,
        0.944968305764975,
        0.9559618919020292,
        0.9559618919020292,
        0.9559618919020292,
        0.9559618919020292,
        0.9559618919020292,
        0.9647612617681257,
        0.9647612617681257,
        0.9647612617681257,
        0.9647612617681257,
        0.9647612617681257,
        0.9717977570233675,
        0.9717977570233675,
        0.9717977570233675,
        0.9717977570233675,
        0.9717977570233675,
        0.9774314541840141,
        0.9774314541840141,
        0.9774314541840141,
        0.9774314541840141,
        0.9774314541840141,
        0.981928659840216,
        0.981928659840216,
        0.981928659840216,
        0.981928659840216,
        0.981928659840216,
        0.9855294250028132,
        0.9855294250028132,
        0.9855294250028132,
        0.9855294250028132,
        0.9855294250028132
    ]
}