{
    "args": {
        "load_last_pretrained": false,
        "model": "lenet",
        "dataset": "mnist",
        "epochs": 100,
        "batch_size": 60,
        "initialization": "xavier-normal-double",
        "learning_rate": 0.0012,
        "forget_model": false,
        "disable_cuda": false,
        "pruning_rate": 0.2,
        "pruning_interval": 5,
        "seed": 47
    },
    "test_acc": [
        97.31,
        98.29833333333333,
        99.05333333333334,
        98.91499999999999,
        98.98,
        96.83500000000001,
        98.02,
        98.64166666666667,
        98.67333333333333,
        99.28833333333333,
        97.27166666666666,
        98.17666666666666,
        98.74666666666667,
        99.01666666666667,
        99.26333333333334,
        97.42,
        98.48333333333333,
        98.89,
        99.29,
        99.455,
        97.56333333333333,
        98.485,
        99.13833333333332,
        99.43166666666666,
        99.675,
        97.68333333333334,
        98.81833333333333,
        99.08833333333334,
        99.32833333333333,
        99.49166666666667,
        97.665,
        98.83666666666666,
        99.36,
        99.41166666666666,
        99.68666666666667,
        97.79333333333334,
        98.82333333333332,
        99.39166666666667,
        99.54499999999999,
        99.765,
        97.65,
        98.87,
        99.44333333333333,
        99.55666666666667,
        99.72833333333332,
        97.43333333333334,
        98.82666666666667,
        99.17,
        99.44666666666667,
        99.685,
        96.87166666666667,
        98.55000000000001,
        99.155,
        99.37166666666667,
        99.57333333333334,
        96.56666666666666,
        98.14833333333334,
        98.86,
        99.15333333333334,
        99.33999999999999,
        96.14833333333334,
        97.91333333333333,
        98.46333333333334,
        98.85833333333333,
        99.02499999999999,
        95.46833333333333,
        97.505,
        98.09833333333333,
        98.52333333333333,
        98.80666666666667,
        94.625,
        97.00166666666667,
        97.79833333333333,
        98.225,
        98.50666666666666,
        85.76166666666667,
        93.59666666666666,
        95.58666666666666,
        96.67833333333333,
        97.22666666666666,
        85.37166666666667,
        93.50166666666667,
        95.30333333333333,
        96.27166666666666,
        96.68333333333334,
        78.51833333333333,
        91.75833333333333,
        93.81333333333333,
        95.085,
        95.69166666666666,
        75.14333333333333,
        90.995,
        93.475,
        94.17666666666666,
        94.77499999999999,
        59.971666666666664,
        88.015,
        91.655,
        92.94333333333333,
        93.8
    ],
    "test_loss": [
        0.2363409321065992,
        0.08988189161242917,
        0.06356208733050153,
        0.04728489617968444,
        0.03707132839187398,
        0.2757625585347414,
        0.09853676170250401,
        0.0658625430513639,
        0.04753135867218953,
        0.03590158540019183,
        0.24931758733838796,
        0.08080378243280574,
        0.05374578144971747,
        0.039355959954787974,
        0.029573225367523263,
        0.24671156714111567,
        0.07884224800555967,
        0.0514477534473408,
        0.03602193759055808,
        0.026491358089610003,
        0.25251754762791095,
        0.07010948832565919,
        0.044489712499664165,
        0.030822000286076217,
        0.022106342499755557,
        0.2593904446931556,
        0.06700296819955111,
        0.04094908446224872,
        0.027833969290892126,
        0.02030902281074668,
        0.271217481456697,
        0.06321885877568274,
        0.037876269139233046,
        0.025079580902005547,
        0.01815758797741728,
        0.29064728595037015,
        0.06217304193368182,
        0.03516680160164833,
        0.023529535067966206,
        0.016797624093655032,
        0.3231168894208968,
        0.06269731279509141,
        0.0364093098687008,
        0.023946143910696265,
        0.016928955035400577,
        0.3628400082997978,
        0.06766108592110685,
        0.039565809294581415,
        0.02749247557664057,
        0.01954137512645684,
        0.43008387173339724,
        0.08071337841730565,
        0.047969873282359916,
        0.03357911416934803,
        0.024618066091847142,
        0.5218126735202968,
        0.0953512680605054,
        0.05793623626837507,
        0.04138658819417469,
        0.03191153581260005,
        0.6232148829884827,
        0.10459821366239339,
        0.06687537015462294,
        0.04972099434304982,
        0.03918275607097894,
        0.7837099103964865,
        0.12140654059313237,
        0.07959125441964715,
        0.06171980006294325,
        0.051678164016222584,
        0.9768824936412275,
        0.1437173370216042,
        0.09403790377639235,
        0.07308658777130768,
        0.061637623517308386,
        1.3876009883284568,
        0.5408004748225212,
        0.3304369369596243,
        0.17929745952039958,
        0.12647567793540657,
        1.3738371217250824,
        0.5447813199162483,
        0.3804483322948217,
        0.2204436920955777,
        0.15223345446586609,
        1.6525580992102622,
        0.6734380784034729,
        0.47358365197479724,
        0.28547865572571757,
        0.19094150834158063,
        1.747639343202114,
        0.7246230542063713,
        0.5284185897111893,
        0.3809923888295889,
        0.26099229165166615,
        2.003833258152008,
        0.8361332353651524,
        0.5780210855901241,
        0.4139118657261133,
        0.30903704042732716
    ],
    "train_acc": [
        96.50999999999999,
        97.1,
        97.54,
        97.42,
        97.46000000000001,
        96.58,
        97.09,
        97.47,
        97.5,
        97.86,
        96.65,
        97.31,
        97.43,
        97.68,
        97.92999999999999,
        96.96000000000001,
        97.55,
        97.66,
        97.94,
        97.85000000000001,
        97.14,
        97.78999999999999,
        97.99,
        98.09,
        98.06,
        97.02,
        98.03,
        97.82,
        98.13,
        98.05,
        97.26,
        97.89999999999999,
        98.26,
        98.06,
        98.15,
        97.00999999999999,
        97.86,
        98.11,
        98.17,
        98.17,
        97.1,
        97.78999999999999,
        98.21,
        98.22999999999999,
        98.1,
        96.86,
        97.92999999999999,
        97.89,
        98.15,
        98.09,
        96.35000000000001,
        97.61999999999999,
        97.95,
        98.15,
        98.2,
        96.21,
        97.44,
        97.82,
        97.97,
        97.99,
        95.89999999999999,
        97.26,
        97.53,
        97.78,
        97.68,
        95.22,
        96.89999999999999,
        97.27,
        97.56,
        97.72,
        94.58,
        96.47,
        97.03,
        97.23,
        97.42,
        86.05000000000001,
        93.37,
        95.21,
        95.83,
        96.17,
        85.42,
        92.95,
        94.54,
        95.33,
        95.73,
        79.05,
        91.89,
        93.42,
        94.64,
        95.19,
        75.9,
        90.91,
        92.91,
        93.71000000000001,
        94.24,
        60.33,
        88.53999999999999,
        91.95,
        93.11,
        93.74
    ],
    "train_loss": [
        0.1106191760285975,
        0.08911119379705476,
        0.07923163859101158,
        0.08779240673070517,
        0.08968388718555675,
        0.11314054455853507,
        0.09163447901394642,
        0.08069527962016398,
        0.08101694727202174,
        0.07284082534252792,
        0.10640715194787986,
        0.08536469152135898,
        0.08059479204608785,
        0.07387404469511762,
        0.0727133416712931,
        0.09906072482399776,
        0.07810801456676807,
        0.0710308776846334,
        0.06499430485778003,
        0.0723796172331026,
        0.09641316517473694,
        0.07544909173923874,
        0.06381830884545238,
        0.06402825685005362,
        0.06275725837526452,
        0.09486266936058413,
        0.06560719433006368,
        0.06948713151581898,
        0.06566606374725165,
        0.07101458665398284,
        0.09320964516993768,
        0.06647079329781547,
        0.06109156981626425,
        0.06393129258447265,
        0.06392422547490018,
        0.09585939271342077,
        0.07002467148404702,
        0.06056295982338934,
        0.06324756068587414,
        0.06086384516256767,
        0.09775904619029004,
        0.07010515237890719,
        0.058644673948784073,
        0.058315007691550444,
        0.06364064086556245,
        0.1024208218863089,
        0.06822939716491425,
        0.06675563122335443,
        0.06369666541329846,
        0.06617281544245333,
        0.12348651982464655,
        0.07840805281578245,
        0.06909953061530288,
        0.06460196919415793,
        0.06592066618153815,
        0.1330415433283873,
        0.08961253056670734,
        0.07392033689772476,
        0.07241431889988616,
        0.07217587531449463,
        0.14585111585785887,
        0.0958409160096756,
        0.08575165712882481,
        0.0783900458053379,
        0.0802295437308508,
        0.1668819885723248,
        0.10842990182607831,
        0.0968206012286915,
        0.0874015609845296,
        0.08530353556643658,
        0.19715963636419018,
        0.12606904990301876,
        0.10439029739176978,
        0.09860072605601863,
        0.09313673384956078,
        0.6890289483669989,
        0.4381377609547027,
        0.2561861861519471,
        0.17265683620008165,
        0.1464859979104496,
        0.6967726953015356,
        0.4725469946861267,
        0.31767103120595397,
        0.20340391665607868,
        0.16634892982369412,
        0.8384656663426382,
        0.5717971803185469,
        0.3892160753111639,
        0.24445750301112673,
        0.20159647051624197,
        0.9063943902889412,
        0.6136386478375532,
        0.47516647677221696,
        0.3326188203638899,
        0.251735732316257,
        1.1554453076716669,
        0.6796672192519296,
        0.5023180021497304,
        0.36540920827203166,
        0.2970246401375639
    ],
    "sparsity": [
        0.0,
        0.0,
        0.0,
        0.0,
        0.0,
        0.2,
        0.2,
        0.2,
        0.2,
        0.2,
        0.3599977495217734,
        0.3599977495217734,
        0.3599977495217734,
        0.3599977495217734,
        0.3599977495217734,
        0.4879899478639211,
        0.4879899478639211,
        0.4879899478639211,
        0.4879899478639211,
        0.4879899478639211,
        0.5903829563782304,
        0.5903829563782304,
        0.5903829563782304,
        0.5903829563782304,
        0.5903829563782304,
        0.6722966130302689,
        0.6722966130302689,
        0.6722966130302689,
        0.6722966130302689,
        0.6722966130302689,
        0.7378267881924909,
        0.7378267881924909,
        0.7378267881924909,
        0.7378267881924909,
        0.7378267881924909,
        0.7902516784816773,
        0.7902516784816773,
        0.7902516784816773,
        0.7902516784816773,
        0.7902516784816773,
        0.8321893402347998,
        0.8321893402347998,
        0.8321893402347998,
        0.8321893402347998,
        0.8321893402347998,
        0.8657364689996624,
        0.8657364689996624,
        0.8657364689996624,
        0.8657364689996624,
        0.8657364689996624,
        0.8925809234462323,
        0.8925809234462323,
        0.8925809234462323,
        0.8925809234462323,
        0.8925809234462323,
        0.9140504857282172,
        0.9140504857282172,
        0.9140504857282172,
        0.9140504857282172,
        0.9140504857282172,
        0.9312291361914407,
        0.9312291361914407,
        0.9312291361914407,
        0.9312291361914407,
        0.9312291361914407,
        0.944968305764975,
        0.944968305764975,
        0.944968305764975,
        0.944968305764975,
        0.944968305764975,
        0.9559618919020292,
        0.9559618919020292,
        0.9559618919020292,
        0.9559618919020292,
        0.9559618919020292,
        0.9647612617681257,
        0.9647612617681257,
        0.9647612617681257,
        0.9647612617681257,
        0.9647612617681257,
        0.9717977570233675,
        0.9717977570233675,
        0.9717977570233675,
        0.9717977570233675,
        0.9717977570233675,
        0.9774314541840141,
        0.9774314541840141,
        0.9774314541840141,
        0.9774314541840141,
        0.9774314541840141,
        0.981928659840216,
        0.981928659840216,
        0.981928659840216,
        0.981928659840216,
        0.981928659840216,
        0.9855294250028132,
        0.9855294250028132,
        0.9855294250028132,
        0.9855294250028132,
        0.9855294250028132
    ]
}