{
    "args": {
        "load_last_pretrained": false,
        "model": "lenet",
        "dataset": "mnist",
        "epochs": 100,
        "batch_size": 60,
        "initialization": "xavier-normal",
        "learning_rate": 0.0012,
        "forget_model": false,
        "disable_cuda": false,
        "pruning_rate": 0.2,
        "pruning_interval": 5,
        "seed": 50
    },
    "test_acc": [
        96.92166666666667,
        98.14333333333335,
        98.485,
        99.06666666666666,
        98.72666666666666,
        97.1,
        97.98166666666667,
        98.75500000000001,
        99.06,
        98.825,
        97.19166666666666,
        98.46166666666667,
        99.005,
        99.245,
        98.98,
        97.46666666666667,
        98.48666666666666,
        98.97666666666667,
        99.28833333333333,
        99.54166666666666,
        97.42833333333333,
        98.38333333333334,
        99.15833333333333,
        99.34166666666667,
        99.655,
        97.83833333333334,
        98.74166666666667,
        99.07666666666667,
        99.26333333333334,
        99.56833333333334,
        97.87,
        98.955,
        99.28666666666666,
        99.52666666666666,
        99.54166666666666,
        97.86166666666666,
        98.855,
        99.43833333333333,
        99.59833333333333,
        99.55833333333334,
        97.73333333333333,
        98.89333333333333,
        99.42333333333333,
        99.55666666666667,
        99.675,
        97.39666666666666,
        98.76166666666667,
        99.20166666666667,
        99.55333333333334,
        99.65,
        97.18,
        98.53833333333334,
        99.1,
        99.445,
        99.53999999999999,
        96.66833333333334,
        98.055,
        98.87333333333333,
        99.20833333333333,
        99.42333333333333,
        96.15833333333333,
        97.96666666666667,
        98.56333333333333,
        99.00333333333333,
        99.17166666666667,
        95.42166666666667,
        97.43333333333334,
        98.20833333333333,
        98.63,
        98.86500000000001,
        94.45166666666667,
        96.91833333333332,
        97.87833333333333,
        98.29333333333334,
        98.63666666666666,
        92.10666666666667,
        96.045,
        97.04333333333334,
        97.565,
        97.88666666666667,
        91.18666666666667,
        95.66666666666667,
        96.71833333333333,
        97.19333333333333,
        97.485,
        88.73,
        94.91166666666668,
        96.15333333333334,
        96.67,
        97.085,
        84.06,
        94.23333333333333,
        95.64,
        96.30166666666666,
        96.62833333333334,
        80.15666666666667,
        93.8,
        95.37666666666667,
        95.94666666666667,
        96.30666666666666
    ],
    "test_loss": [
        0.2171513343071565,
        0.08737145508918912,
        0.057915726512204856,
        0.04386062238819431,
        0.03436147299123695,
        0.2702644098568708,
        0.0945638664602302,
        0.0616305133276619,
        0.04486987441417296,
        0.03340897733019665,
        0.2521953626163304,
        0.08407774266134947,
        0.05551801971369423,
        0.03862290185323218,
        0.028406361041008493,
        0.2474436065815389,
        0.07620045365625992,
        0.0488448018928757,
        0.03404011955286842,
        0.025987375012249687,
        0.2512971911439672,
        0.07102938052313403,
        0.044416822887724264,
        0.030904048951284496,
        0.02345020241313614,
        0.24910359555482864,
        0.06568014807906002,
        0.03875721883657388,
        0.02729451132187387,
        0.020231157015616192,
        0.26810522241611034,
        0.06214904049434699,
        0.035975503250025215,
        0.024032530525990296,
        0.017945439829083625,
        0.2852164033539593,
        0.061043747713556515,
        0.03561756186757702,
        0.02349532372452086,
        0.017005397290864494,
        0.3209380547329783,
        0.0625172972092405,
        0.03688829401112161,
        0.02464142119808821,
        0.017836584524746287,
        0.3626579840481281,
        0.06913910776656121,
        0.04118869497999549,
        0.028638195974286646,
        0.020964515022264096,
        0.4368593957331032,
        0.07730935636954382,
        0.047304775734897705,
        0.033304156908532605,
        0.025464872501324863,
        0.5130824538059533,
        0.09058801052067429,
        0.05560644999612123,
        0.04073946719127707,
        0.030936901499517264,
        0.6104753891080618,
        0.1027945860615,
        0.0638057941198349,
        0.04715274216677062,
        0.03763203412457369,
        0.7615400085821747,
        0.12286423680279404,
        0.07826814002450555,
        0.05941365156834945,
        0.048534678774653,
        0.9447955750599504,
        0.14470549746975303,
        0.09105426809191704,
        0.06913474632799625,
        0.05737489368300885,
        1.233299215078354,
        0.22651123059168457,
        0.1212963912319392,
        0.09495565456338227,
        0.08044758551940322,
        1.4045058545470237,
        0.24644016508385538,
        0.1378051142282784,
        0.10954201829712838,
        0.09408360653743147,
        1.6519916483461856,
        0.3021173544973135,
        0.16060951629281045,
        0.12688239015452563,
        0.11001353914570064,
        1.8252809682488442,
        0.3658097838908434,
        0.18083064087107778,
        0.14261776150390507,
        0.12418051893636585,
        1.994870746076107,
        0.4449859880208969,
        0.19325280444324017,
        0.1525549238063395,
        0.13504725316353142
    ],
    "train_acc": [
        96.17999999999999,
        97.27,
        97.33000000000001,
        97.67,
        97.32,
        96.5,
        96.96000000000001,
        97.68,
        97.85000000000001,
        97.61999999999999,
        96.56,
        97.58,
        97.97,
        97.96000000000001,
        97.52,
        97.28,
        97.72,
        97.85000000000001,
        97.72,
        97.91,
        97.19,
        97.56,
        97.96000000000001,
        97.94,
        98.14,
        97.44,
        97.89,
        97.83,
        97.86,
        97.89999999999999,
        97.25,
        97.91,
        98.17,
        98.06,
        97.88,
        97.27,
        97.87,
        98.21,
        98.17,
        98.1,
        97.2,
        97.89,
        98.25,
        98.13,
        98.26,
        96.96000000000001,
        97.78,
        98.06,
        98.00999999999999,
        98.11999999999999,
        96.83,
        97.77,
        98.02,
        98.07000000000001,
        97.97,
        96.24000000000001,
        97.43,
        97.77,
        97.89999999999999,
        98.05,
        96.0,
        97.33000000000001,
        97.50999999999999,
        97.78,
        97.87,
        95.17999999999999,
        96.73,
        97.25,
        97.54,
        97.65,
        94.39,
        96.48,
        97.08,
        97.43,
        97.5,
        92.36,
        95.78,
        96.45,
        96.88,
        97.06,
        91.59,
        95.56,
        96.3,
        96.78,
        96.71,
        89.46,
        94.76,
        95.78,
        96.28,
        96.52,
        84.25,
        94.31,
        95.39999999999999,
        95.87,
        96.24000000000001,
        80.49,
        93.84,
        95.19999999999999,
        95.57,
        96.00999999999999
    ],
    "train_loss": [
        0.12070033709312271,
        0.08808014770512453,
        0.08491554688857478,
        0.07128781501571843,
        0.09081074160863199,
        0.1109518731559465,
        0.08987500481195972,
        0.07440624493146371,
        0.07117900156003316,
        0.08108188409545085,
        0.10741654456687902,
        0.07659965188627293,
        0.06433853164906363,
        0.06674754266588095,
        0.08801700999475123,
        0.09489642160604457,
        0.07440119288571759,
        0.06830737628265769,
        0.06957342669585284,
        0.06687836085437814,
        0.09822506112922094,
        0.07903633421164251,
        0.06276842616191747,
        0.0646926788355274,
        0.06058555790209239,
        0.08759995124966441,
        0.06717217741757185,
        0.06734959766670258,
        0.07113102179586686,
        0.06997960558719515,
        0.0918013256957788,
        0.06527017682656913,
        0.060902875431250045,
        0.06244296939384114,
        0.07094818548491771,
        0.09135354722398305,
        0.06749511124778115,
        0.0595874270775584,
        0.061194162121499904,
        0.06718184394813505,
        0.09130141351505847,
        0.06371825704529524,
        0.05826131907754583,
        0.05693231204742131,
        0.058218987968131276,
        0.1066926780441207,
        0.07085743562519149,
        0.06004079002998546,
        0.06185974187390533,
        0.06412570687878073,
        0.11047376349880667,
        0.07417646928238654,
        0.0679917665795161,
        0.06629623859091857,
        0.0669784684279309,
        0.13002186565252835,
        0.08762644623367194,
        0.07329125982056746,
        0.06941786702878461,
        0.07045616353178832,
        0.1443903271867308,
        0.09330215813692458,
        0.07936464235030427,
        0.0750698835720046,
        0.07248910229296206,
        0.16999199973073548,
        0.11037214637962645,
        0.09308807274137071,
        0.08560338594064028,
        0.08210961929449957,
        0.20109577365442663,
        0.12498623501888649,
        0.09921625732795564,
        0.09263750028512079,
        0.08909688191488385,
        0.37439494307883486,
        0.15685998385180971,
        0.12232150622604493,
        0.10912118839311921,
        0.10240163815815649,
        0.41219163779726997,
        0.17102294004784374,
        0.1334816001712562,
        0.11822531095142672,
        0.11162002902745666,
        0.5268919921206857,
        0.19517334117860852,
        0.1513424400619404,
        0.13206175471583526,
        0.12253022818508262,
        0.6997744862190978,
        0.22434742516743209,
        0.16868960565167987,
        0.14720012752818848,
        0.13517391600250128,
        1.0024282939419775,
        0.23856012358101542,
        0.17592585698037805,
        0.15856567843856212,
        0.1485798376316796
    ],
    "sparsity": [
        0.0,
        0.0,
        0.0,
        0.0,
        0.0,
        0.2,
        0.2,
        0.2,
        0.2,
        0.2,
        0.3599977495217734,
        0.3599977495217734,
        0.3599977495217734,
        0.3599977495217734,
        0.3599977495217734,
        0.4879899478639211,
        0.4879899478639211,
        0.4879899478639211,
        0.4879899478639211,
        0.4879899478639211,
        0.5903829563782304,
        0.5903829563782304,
        0.5903829563782304,
        0.5903829563782304,
        0.5903829563782304,
        0.6722966130302689,
        0.6722966130302689,
        0.6722966130302689,
        0.6722966130302689,
        0.6722966130302689,
        0.7378267881924909,
        0.7378267881924909,
        0.7378267881924909,
        0.7378267881924909,
        0.7378267881924909,
        0.7902516784816773,
        0.7902516784816773,
        0.7902516784816773,
        0.7902516784816773,
        0.7902516784816773,
        0.8321893402347998,
        0.8321893402347998,
        0.8321893402347998,
        0.8321893402347998,
        0.8321893402347998,
        0.8657364689996624,
        0.8657364689996624,
        0.8657364689996624,
        0.8657364689996624,
        0.8657364689996624,
        0.8925809234462323,
        0.8925809234462323,
        0.8925809234462323,
        0.8925809234462323,
        0.8925809234462323,
        0.9140504857282172,
        0.9140504857282172,
        0.9140504857282172,
        0.9140504857282172,
        0.9140504857282172,
        0.9312291361914407,
        0.9312291361914407,
        0.9312291361914407,
        0.9312291361914407,
        0.9312291361914407,
        0.944968305764975,
        0.944968305764975,
        0.944968305764975,
        0.944968305764975,
        0.944968305764975,
        0.9559618919020292,
        0.9559618919020292,
        0.9559618919020292,
        0.9559618919020292,
        0.9559618919020292,
        0.9647612617681257,
        0.9647612617681257,
        0.9647612617681257,
        0.9647612617681257,
        0.9647612617681257,
        0.9717977570233675,
        0.9717977570233675,
        0.9717977570233675,
        0.9717977570233675,
        0.9717977570233675,
        0.9774314541840141,
        0.9774314541840141,
        0.9774314541840141,
        0.9774314541840141,
        0.9774314541840141,
        0.981928659840216,
        0.981928659840216,
        0.981928659840216,
        0.981928659840216,
        0.981928659840216,
        0.9855294250028132,
        0.9855294250028132,
        0.9855294250028132,
        0.9855294250028132,
        0.9855294250028132
    ]
}