{
    "args": {
        "load_last_pretrained": false,
        "model": "lenet",
        "dataset": "mnist",
        "epochs": 100,
        "batch_size": 60,
        "initialization": "normal",
        "learning_rate": 0.0012,
        "forget_model": false,
        "disable_cuda": false,
        "pruning_rate": 0.2,
        "pruning_interval": 5,
        "seed": 50
    },
    "test_acc": [
        88.11666666666666,
        91.20666666666666,
        93.12833333333333,
        94.46666666666667,
        95.01833333333335,
        90.925,
        93.05166666666666,
        94.985,
        96.34,
        97.23,
        94.89333333333333,
        97.49333333333333,
        98.33333333333333,
        98.51833333333333,
        98.92166666666667,
        97.19666666666666,
        98.26666666666667,
        98.71166666666666,
        99.18,
        99.31666666666666,
        97.51166666666666,
        98.42,
        99.04833333333333,
        99.13833333333332,
        99.6,
        97.71,
        98.71,
        99.08333333333333,
        99.455,
        99.555,
        97.78833333333333,
        98.97500000000001,
        99.20666666666666,
        99.53999999999999,
        99.64333333333333,
        97.85833333333333,
        98.80833333333334,
        99.38666666666667,
        99.59,
        99.59,
        97.75666666666667,
        98.92,
        99.36500000000001,
        99.59833333333333,
        99.74,
        97.66833333333334,
        98.835,
        99.31333333333333,
        99.53666666666666,
        99.73166666666667,
        97.32333333333332,
        98.65,
        99.15,
        99.48666666666666,
        99.62333333333333,
        96.795,
        98.24333333333334,
        99.05833333333334,
        99.27333333333334,
        99.47666666666667,
        96.17166666666667,
        97.92999999999999,
        98.70333333333333,
        99.04666666666667,
        99.28166666666667,
        95.285,
        97.475,
        98.21166666666666,
        98.67166666666667,
        98.825,
        94.26833333333333,
        96.59333333333333,
        97.58333333333333,
        98.1,
        98.37166666666667,
        93.13,
        96.22500000000001,
        97.135,
        97.73666666666668,
        97.98666666666666,
        84.775,
        92.94166666666666,
        95.09,
        95.92833333333334,
        96.48666666666666,
        78.02833333333334,
        90.79,
        92.89833333333334,
        94.035,
        94.93833333333333,
        74.5,
        89.625,
        92.57,
        93.46833333333333,
        94.19,
        72.08,
        87.88833333333334,
        90.56833333333333,
        91.93666666666667,
        92.82833333333333
    ],
    "test_loss": [
        81.8821027071476,
        15.897360661059619,
        8.780866822472774,
        5.54059037383329,
        3.6799696288130224,
        0.8916330437362194,
        0.28404418291151523,
        0.21067604875192047,
        0.15947356098890306,
        0.12112879125587642,
        0.39125975689664483,
        0.1302499662283808,
        0.08633674782561138,
        0.06342968618590385,
        0.04837154159159399,
        0.26332249651663003,
        0.08667715982254595,
        0.05860149326280225,
        0.04133211255492643,
        0.03297310017154086,
        0.2522850099205971,
        0.07633896188810468,
        0.04784158740751445,
        0.03446361209743191,
        0.026025196702627,
        0.24842242908943443,
        0.068288476429414,
        0.04176246975694085,
        0.028975977955036796,
        0.02169881546088436,
        0.2632970554092899,
        0.06381093935109675,
        0.037397106768214144,
        0.025860946715052704,
        0.018876671495643677,
        0.28119683590345085,
        0.06084365872270427,
        0.03583726686402224,
        0.023762133415613788,
        0.018198691877914827,
        0.310589930254966,
        0.061363549910485746,
        0.035493300580303186,
        0.02367765096144285,
        0.016889479134842986,
        0.3461386999245733,
        0.06492079218616709,
        0.03800674350420013,
        0.025302109276643024,
        0.018203926650516223,
        0.39695911430194974,
        0.07401696377806366,
        0.044425432750722395,
        0.029992958958726376,
        0.022017384642211254,
        0.48705445634759964,
        0.08563634258974344,
        0.05099364714347757,
        0.03636514152213931,
        0.02780035241600126,
        0.5857098621241749,
        0.10201361833978444,
        0.061934482609387484,
        0.04460988774069119,
        0.034903767782554496,
        0.7348357790149749,
        0.12295201278850436,
        0.07961968120001256,
        0.06103405743325129,
        0.04939508713688701,
        0.9807404784113168,
        0.15580805654451252,
        0.10049126825854182,
        0.07743077182862908,
        0.06452658012975007,
        1.2369269957393407,
        0.1759021994061768,
        0.114318135086447,
        0.08976737565360964,
        0.07582268827734515,
        1.4871438481807708,
        0.5320568791925907,
        0.3341714444756508,
        0.2012759267911315,
        0.1536904753856361,
        1.6379126178622245,
        0.7126234259605407,
        0.40179275174438955,
        0.26231334514170884,
        0.20456884291023017,
        1.7947392410039902,
        0.7977880731225013,
        0.426803190022707,
        0.2819813541248441,
        0.22778479039669036,
        1.8823338477611542,
        0.8977822778522968,
        0.5128849162459374,
        0.37536043937504293,
        0.29608236139267685
    ],
    "train_acc": [
        87.56,
        90.07,
        91.64,
        92.22,
        92.30000000000001,
        90.85,
        92.95,
        94.72,
        96.19,
        96.50999999999999,
        94.52000000000001,
        96.73,
        97.34,
        97.19,
        97.58,
        96.82,
        97.65,
        97.77,
        97.97,
        97.89999999999999,
        96.99,
        97.45,
        97.92999999999999,
        97.89,
        98.11999999999999,
        97.26,
        97.83,
        97.84,
        98.18,
        98.00999999999999,
        97.11999999999999,
        97.89999999999999,
        98.14,
        98.05,
        97.95,
        97.27,
        97.72,
        98.08,
        98.15,
        97.98,
        97.13000000000001,
        97.95,
        98.05,
        98.13,
        98.13,
        96.99,
        97.83,
        98.08,
        98.17,
        98.13,
        96.83,
        97.85000000000001,
        97.88,
        98.11999999999999,
        98.07000000000001,
        96.37,
        97.52,
        97.86,
        97.91,
        97.99,
        95.8,
        97.25,
        97.69,
        97.81,
        97.96000000000001,
        95.25,
        96.78999999999999,
        97.27,
        97.55,
        97.56,
        94.02000000000001,
        96.16,
        96.78,
        97.09,
        97.19,
        93.4,
        95.86,
        96.47,
        96.85000000000001,
        96.97,
        85.17,
        92.47999999999999,
        94.69999999999999,
        95.5,
        95.74000000000001,
        78.72,
        90.61,
        92.66,
        93.5,
        94.33,
        75.31,
        90.23,
        92.65,
        93.22,
        93.65,
        73.55000000000001,
        88.16000000000001,
        90.52,
        91.9,
        92.64
    ],
    "train_loss": [
        22.423487671478068,
        12.933807218503095,
        9.446070864337948,
        7.553601476948659,
        6.236153200447203,
        0.3154576721484076,
        0.24095841153653083,
        0.17561857868543643,
        0.1368579865171167,
        0.11524457069013469,
        0.18071892257489844,
        0.10349346107864629,
        0.08513910274305743,
        0.08556030249267728,
        0.07934272222598725,
        0.10223016803136128,
        0.07769464088804619,
        0.07445705951397825,
        0.06595391313500791,
        0.06818709708680538,
        0.10169166126874035,
        0.07977152321052676,
        0.06798913210775413,
        0.07253178547507341,
        0.06516941068840386,
        0.0929152249933003,
        0.0691831096516041,
        0.06637847908454651,
        0.06269163284018568,
        0.06720059024188166,
        0.09495035467479757,
        0.06692413931634433,
        0.06474923354456436,
        0.06201801418492704,
        0.0716649649645938,
        0.094763267523202,
        0.07328947355223452,
        0.06045991220249387,
        0.06170978882032151,
        0.06823702999230329,
        0.09341951420608752,
        0.0638203716217847,
        0.05970400982971365,
        0.06170252968193294,
        0.06081961251448137,
        0.10151251953117504,
        0.06791572630806954,
        0.060432664471438635,
        0.06555884832887168,
        0.06652658122705302,
        0.10981954858376237,
        0.0719357040002496,
        0.06595782959878356,
        0.06323927934462774,
        0.06565067596722417,
        0.12842864448394248,
        0.0828404352682347,
        0.06806443205304043,
        0.06523301312142236,
        0.0663038209850292,
        0.14931911395160025,
        0.09523082627708505,
        0.07692175315592639,
        0.06930091456387437,
        0.06765226284627562,
        0.1718113518091376,
        0.11175131450914694,
        0.09503729797029745,
        0.08557516392766537,
        0.08292685110682432,
        0.21627819163356712,
        0.13820417383741476,
        0.11348793093494312,
        0.10455544568419814,
        0.09827713768170801,
        0.2562380196180886,
        0.15067568958965605,
        0.12428738489680126,
        0.1126478899069532,
        0.10688537625807845,
        0.6945017711844986,
        0.42975495934129476,
        0.2651727413702868,
        0.19270686249800784,
        0.1698614508359732,
        1.0655044966829037,
        0.5030032528374724,
        0.33153029607084694,
        0.23713710145679062,
        0.20754341555837386,
        1.1707191974103093,
        0.5419456289556925,
        0.33542495832114877,
        0.26018829987256115,
        0.22809048875898658,
        1.2524824149594336,
        0.6085576564965848,
        0.4483873796855618,
        0.34760580421564824,
        0.29293279510415243
    ],
    "sparsity": [
        0.0,
        0.0,
        0.0,
        0.0,
        0.0,
        0.2,
        0.2,
        0.2,
        0.2,
        0.2,
        0.3599977495217734,
        0.3599977495217734,
        0.3599977495217734,
        0.3599977495217734,
        0.3599977495217734,
        0.4879899478639211,
        0.4879899478639211,
        0.4879899478639211,
        0.4879899478639211,
        0.4879899478639211,
        0.5903829563782304,
        0.5903829563782304,
        0.5903829563782304,
        0.5903829563782304,
        0.5903829563782304,
        0.6722966130302689,
        0.6722966130302689,
        0.6722966130302689,
        0.6722966130302689,
        0.6722966130302689,
        0.7378267881924909,
        0.7378267881924909,
        0.7378267881924909,
        0.7378267881924909,
        0.7378267881924909,
        0.7902516784816773,
        0.7902516784816773,
        0.7902516784816773,
        0.7902516784816773,
        0.7902516784816773,
        0.8321893402347998,
        0.8321893402347998,
        0.8321893402347998,
        0.8321893402347998,
        0.8321893402347998,
        0.8657364689996624,
        0.8657364689996624,
        0.8657364689996624,
        0.8657364689996624,
        0.8657364689996624,
        0.8925809234462323,
        0.8925809234462323,
        0.8925809234462323,
        0.8925809234462323,
        0.8925809234462323,
        0.9140504857282172,
        0.9140504857282172,
        0.9140504857282172,
        0.9140504857282172,
        0.9140504857282172,
        0.9312291361914407,
        0.9312291361914407,
        0.9312291361914407,
        0.9312291361914407,
        0.9312291361914407,
        0.944968305764975,
        0.944968305764975,
        0.944968305764975,
        0.944968305764975,
        0.944968305764975,
        0.9559618919020292,
        0.9559618919020292,
        0.9559618919020292,
        0.9559618919020292,
        0.9559618919020292,
        0.9647612617681257,
        0.9647612617681257,
        0.9647612617681257,
        0.9647612617681257,
        0.9647612617681257,
        0.9717977570233675,
        0.9717977570233675,
        0.9717977570233675,
        0.9717977570233675,
        0.9717977570233675,
        0.9774314541840141,
        0.9774314541840141,
        0.9774314541840141,
        0.9774314541840141,
        0.9774314541840141,
        0.981928659840216,
        0.981928659840216,
        0.981928659840216,
        0.981928659840216,
        0.981928659840216,
        0.9855294250028132,
        0.9855294250028132,
        0.9855294250028132,
        0.9855294250028132,
        0.9855294250028132
    ]
}