{
    "args": {
        "load_last_pretrained": false,
        "model": "lenet",
        "dataset": "mnist",
        "epochs": 100,
        "batch_size": 60,
        "initialization": "xavier-uniform-double",
        "learning_rate": 0.0012,
        "forget_model": false,
        "disable_cuda": false,
        "pruning_rate": 0.2,
        "pruning_interval": 5,
        "seed": 42
    },
    "test_acc": [
        96.85666666666667,
        98.38666666666667,
        98.68833333333333,
        99.005,
        99.17666666666666,
        96.75,
        97.44833333333334,
        98.38,
        98.95333333333333,
        99.225,
        97.25333333333333,
        98.46833333333333,
        98.94166666666668,
        99.12833333333333,
        99.105,
        97.43666666666667,
        98.60333333333332,
        98.97500000000001,
        99.27,
        99.23666666666666,
        97.495,
        98.66666666666667,
        98.65166666666667,
        99.245,
        99.33833333333332,
        97.64500000000001,
        98.795,
        99.34333333333333,
        99.54666666666667,
        99.55166666666668,
        97.86333333333333,
        98.88833333333334,
        99.41166666666666,
        99.61833333333333,
        99.75333333333334,
        97.73333333333333,
        98.87333333333333,
        99.425,
        99.64833333333334,
        99.78333333333333,
        97.72666666666666,
        98.85833333333333,
        99.495,
        99.62333333333333,
        99.775,
        97.65833333333333,
        98.59666666666666,
        99.25333333333334,
        99.41833333333334,
        99.72333333333333,
        97.23,
        98.66333333333334,
        99.11333333333333,
        99.42999999999999,
        99.63166666666666,
        96.74833333333333,
        98.32,
        98.91666666666666,
        99.225,
        99.40833333333333,
        96.24333333333334,
        98.05833333333334,
        98.56,
        99.05833333333334,
        99.22666666666666,
        95.70833333333333,
        97.545,
        98.33833333333334,
        98.76333333333334,
        98.93666666666667,
        95.22666666666667,
        97.18666666666667,
        97.94666666666667,
        98.34,
        98.57166666666667,
        94.09166666666667,
        96.64500000000001,
        97.51666666666667,
        97.99833333333333,
        98.27666666666667,
        81.52166666666668,
        92.89500000000001,
        94.865,
        95.645,
        96.1,
        73.89,
        82.99333333333333,
        84.77833333333334,
        85.01333333333334,
        85.905,
        65.55,
        81.955,
        83.75666666666667,
        84.48,
        85.11666666666666,
        63.973333333333336,
        80.10833333333333,
        82.60666666666665,
        82.96,
        83.87
    ],
    "test_loss": [
        0.2234968860950321,
        0.09108824099460616,
        0.06190563586395001,
        0.04655285040626768,
        0.03690440106438473,
        0.2781903530154377,
        0.09826043889904394,
        0.06570387316774577,
        0.04792390219087247,
        0.035282134265231434,
        0.255031783670187,
        0.08749744684714823,
        0.05758538628835231,
        0.040837982892117,
        0.03012527246994432,
        0.24985277162585406,
        0.07842902329750359,
        0.050811834504944274,
        0.035755454246304,
        0.026773423232138157,
        0.24416939465794713,
        0.07123706455808133,
        0.04375080214906484,
        0.031670181807130576,
        0.023817509541637263,
        0.2537637860039249,
        0.06390916385082528,
        0.03821221115638036,
        0.027194855655019636,
        0.018749375465355114,
        0.26355300438776613,
        0.06067173327319324,
        0.03537172943644691,
        0.023235211444582092,
        0.017587673374509904,
        0.2816625169869512,
        0.06005291412421502,
        0.03486608421779238,
        0.02267413448030129,
        0.0162918368333776,
        0.30728801047708837,
        0.062132658490911125,
        0.035190833729342556,
        0.023046743921528105,
        0.016018068773671984,
        0.35090332256630064,
        0.06626974888565018,
        0.0391301511337515,
        0.026557954755728135,
        0.018808081809664146,
        0.4145018466953188,
        0.07712479082262144,
        0.045517614690121264,
        0.03176914664515061,
        0.023121469451114537,
        0.5069191450085491,
        0.08925175299402327,
        0.054706753894221034,
        0.03879798207851127,
        0.0290309106472414,
        0.6042078433185816,
        0.09964886778686195,
        0.062280895442236216,
        0.04559643152472563,
        0.03602485936530866,
        0.7368003452271223,
        0.11457694524340331,
        0.07283521792851388,
        0.05478245673049241,
        0.04433868669671938,
        0.9033557914793492,
        0.12863423452991993,
        0.08753232835326344,
        0.0687144647105597,
        0.05781432446325198,
        1.1371755744442344,
        0.15783004031144082,
        0.10466795199736953,
        0.08266258307546377,
        0.07044983602501452,
        1.5329723106622697,
        0.5717871353328228,
        0.38132458126544955,
        0.2675999522805214,
        0.18566151367127895,
        1.7076770461797715,
        0.8299947227835656,
        0.5873132480978965,
        0.43303275786340234,
        0.3475697253495455,
        1.83589732837677,
        0.9333394268751144,
        0.6889944494068623,
        0.5225445160567761,
        0.4174970304518938,
        1.9042429715394973,
        1.0138691947460174,
        0.7814048677682877,
        0.6242440892755985,
        0.49130410584807394
    ],
    "train_acc": [
        96.02000000000001,
        97.21,
        97.22,
        97.55,
        97.52,
        96.45,
        96.8,
        97.46000000000001,
        97.71,
        97.92999999999999,
        96.75,
        97.61999999999999,
        98.02,
        97.63,
        97.67,
        96.96000000000001,
        97.64,
        97.85000000000001,
        97.78,
        97.81,
        96.95,
        97.78,
        97.56,
        98.0,
        97.94,
        97.07000000000001,
        97.91,
        98.1,
        98.03,
        97.95,
        97.3,
        97.98,
        98.22999999999999,
        98.24000000000001,
        98.21,
        97.17,
        97.86,
        97.99,
        98.27,
        98.21,
        97.19,
        97.99,
        98.3,
        98.2,
        98.19,
        97.13000000000001,
        97.68,
        98.02,
        97.95,
        98.2,
        96.78999999999999,
        97.74000000000001,
        97.92,
        98.08,
        98.19,
        96.52,
        97.50999999999999,
        97.82,
        98.1,
        97.94,
        95.78,
        97.17,
        97.48,
        97.84,
        97.78,
        95.43,
        96.96000000000001,
        97.47,
        97.67,
        97.68,
        95.07,
        96.56,
        97.03,
        97.36,
        97.69,
        93.97,
        96.24000000000001,
        96.8,
        97.14,
        97.25,
        81.47,
        92.5,
        94.44,
        95.08,
        95.44,
        74.6,
        82.93,
        84.78,
        84.75,
        85.48,
        65.48,
        81.89,
        83.49,
        84.44,
        84.68,
        63.980000000000004,
        80.46,
        82.5,
        82.66,
        83.56
    ],
    "train_loss": [
        0.12961109592662956,
        0.09350971090133318,
        0.08937093715495736,
        0.08750484998248696,
        0.0839502261806918,
        0.11902548100598558,
        0.10461763933323279,
        0.08071936104686452,
        0.07336511494714522,
        0.07117747066509046,
        0.10497681084395705,
        0.07604618328428286,
        0.06689042618364363,
        0.07421293692010829,
        0.07692202316558067,
        0.09823292852407266,
        0.07374179932361323,
        0.0703549179970705,
        0.0697988965841356,
        0.0798799363804931,
        0.09606084819258509,
        0.06956787880030489,
        0.07941150978977184,
        0.06608964257990707,
        0.0693466214150815,
        0.09317724004075556,
        0.06703115725599809,
        0.0598359502737639,
        0.06266065123895306,
        0.0678949959598437,
        0.0911475919287451,
        0.06442145932421177,
        0.059587103403229154,
        0.06070183088701821,
        0.05837319809999205,
        0.09132079920079002,
        0.06575965693967785,
        0.061771890943211887,
        0.057319100006848776,
        0.059984498263425945,
        0.0918371729318521,
        0.06424431562908886,
        0.0536958127725914,
        0.05922546618043663,
        0.058445585001759164,
        0.09894142692495962,
        0.07451957610329825,
        0.06211765299894161,
        0.06586660308523583,
        0.0600227385091534,
        0.11028503367822327,
        0.0747404797671887,
        0.06652692383473104,
        0.059914185124600006,
        0.061964942313853404,
        0.12407085039613847,
        0.08387229829178956,
        0.07053270253414165,
        0.06712261309518205,
        0.06781721482343392,
        0.1421349025192018,
        0.09184111916867202,
        0.0813597758289449,
        0.07188631316317903,
        0.07258783035052795,
        0.1570817487325497,
        0.10493987768576174,
        0.0886557388515351,
        0.08083635047747346,
        0.0817291726202085,
        0.17508651342934478,
        0.11594259927975024,
        0.09846825839695103,
        0.08963338390528085,
        0.08438284061904885,
        0.21579694025173873,
        0.13237618644928148,
        0.10918482176089536,
        0.09780526394861008,
        0.09338327182434544,
        0.7308077380328835,
        0.47086323556785814,
        0.3426163519570927,
        0.2454631972812607,
        0.19701819764282888,
        1.006855115919056,
        0.6985273616399593,
        0.511676636998525,
        0.39253381385417757,
        0.347066184717738,
        1.1436514165587055,
        0.7992488738305554,
        0.6114957976840927,
        0.48249370377220796,
        0.4023881590294981,
        1.2354950883431348,
        0.8832933874187355,
        0.7149063464767205,
        0.577826377695906,
        0.46219476245477525
    ],
    "sparsity": [
        0.0,
        0.0,
        0.0,
        0.0,
        0.0,
        0.2,
        0.2,
        0.2,
        0.2,
        0.2,
        0.3599977495217734,
        0.3599977495217734,
        0.3599977495217734,
        0.3599977495217734,
        0.3599977495217734,
        0.4879899478639211,
        0.4879899478639211,
        0.4879899478639211,
        0.4879899478639211,
        0.4879899478639211,
        0.5903829563782304,
        0.5903829563782304,
        0.5903829563782304,
        0.5903829563782304,
        0.5903829563782304,
        0.6722966130302689,
        0.6722966130302689,
        0.6722966130302689,
        0.6722966130302689,
        0.6722966130302689,
        0.7378267881924909,
        0.7378267881924909,
        0.7378267881924909,
        0.7378267881924909,
        0.7378267881924909,
        0.7902516784816773,
        0.7902516784816773,
        0.7902516784816773,
        0.7902516784816773,
        0.7902516784816773,
        0.8321893402347998,
        0.8321893402347998,
        0.8321893402347998,
        0.8321893402347998,
        0.8321893402347998,
        0.8657364689996624,
        0.8657364689996624,
        0.8657364689996624,
        0.8657364689996624,
        0.8657364689996624,
        0.8925809234462323,
        0.8925809234462323,
        0.8925809234462323,
        0.8925809234462323,
        0.8925809234462323,
        0.9140504857282172,
        0.9140504857282172,
        0.9140504857282172,
        0.9140504857282172,
        0.9140504857282172,
        0.9312291361914407,
        0.9312291361914407,
        0.9312291361914407,
        0.9312291361914407,
        0.9312291361914407,
        0.944968305764975,
        0.944968305764975,
        0.944968305764975,
        0.944968305764975,
        0.944968305764975,
        0.9559618919020292,
        0.9559618919020292,
        0.9559618919020292,
        0.9559618919020292,
        0.9559618919020292,
        0.9647612617681257,
        0.9647612617681257,
        0.9647612617681257,
        0.9647612617681257,
        0.9647612617681257,
        0.9717977570233675,
        0.9717977570233675,
        0.9717977570233675,
        0.9717977570233675,
        0.9717977570233675,
        0.9774314541840141,
        0.9774314541840141,
        0.9774314541840141,
        0.9774314541840141,
        0.9774314541840141,
        0.981928659840216,
        0.981928659840216,
        0.981928659840216,
        0.981928659840216,
        0.981928659840216,
        0.9855294250028132,
        0.9855294250028132,
        0.9855294250028132,
        0.9855294250028132,
        0.9855294250028132
    ]
}