{
    "args": {
        "load_last_pretrained": false,
        "model": "lenet",
        "dataset": "mnist",
        "epochs": 100,
        "batch_size": 60,
        "initialization": "xavier-normal-double",
        "learning_rate": 0.0012,
        "forget_model": false,
        "disable_cuda": false,
        "pruning_rate": 0.2,
        "pruning_interval": 5,
        "seed": 45
    },
    "test_acc": [
        97.18333333333334,
        98.38666666666667,
        98.76833333333333,
        98.80666666666667,
        99.21333333333334,
        96.71666666666667,
        97.91,
        98.20333333333333,
        98.94,
        99.30333333333333,
        97.17333333333333,
        98.32833333333333,
        98.67166666666667,
        99.19166666666666,
        99.32333333333332,
        97.19666666666666,
        98.075,
        98.995,
        99.37833333333333,
        99.35833333333333,
        97.44,
        98.59,
        98.80833333333334,
        99.06833333333334,
        99.49,
        97.29666666666667,
        98.81166666666667,
        99.17666666666666,
        99.42999999999999,
        99.63,
        97.61666666666666,
        98.82833333333333,
        99.26166666666667,
        99.335,
        99.60833333333333,
        97.72666666666666,
        98.59833333333333,
        99.275,
        99.57333333333334,
        99.665,
        97.605,
        98.87666666666667,
        99.37,
        99.42666666666666,
        99.63833333333334,
        97.39666666666666,
        98.76833333333333,
        99.245,
        99.435,
        99.625,
        96.875,
        98.36500000000001,
        99.11999999999999,
        99.32166666666666,
        99.59833333333333,
        96.47,
        98.07333333333334,
        98.72333333333333,
        99.21166666666666,
        99.39166666666667,
        95.92,
        97.79333333333334,
        98.45833333333334,
        98.78,
        99.05833333333334,
        95.40833333333333,
        97.29666666666667,
        98.13499999999999,
        98.46000000000001,
        98.765,
        94.04833333333333,
        96.76,
        97.50333333333333,
        98.02333333333333,
        98.31666666666666,
        92.91166666666668,
        95.91833333333334,
        96.995,
        97.42333333333333,
        97.77666666666667,
        91.80666666666667,
        95.67,
        96.695,
        97.085,
        97.39,
        89.37166666666667,
        94.63166666666667,
        96.02166666666668,
        96.58666666666666,
        96.99166666666666,
        86.08166666666666,
        94.39833333333333,
        95.69666666666666,
        96.29666666666667,
        96.58666666666666,
        47.66166666666667,
        80.65,
        82.325,
        83.17999999999999,
        83.52833333333334
    ],
    "test_loss": [
        0.23736992545053362,
        0.0912205722904764,
        0.05977812665374949,
        0.04672057842265349,
        0.0357562083072844,
        0.2780105514712632,
        0.09572095672367141,
        0.06411630313051865,
        0.0473032554986421,
        0.035381879324675534,
        0.2574914391459897,
        0.08572434515226632,
        0.056451812114799396,
        0.04097034139255993,
        0.030087171946797754,
        0.2517560623334721,
        0.08128818721929565,
        0.051428231648227664,
        0.035869683647411874,
        0.02737181560485624,
        0.2567015485558659,
        0.07479857914941386,
        0.045415617600316184,
        0.032036282127839516,
        0.02402162307780236,
        0.2663520203428343,
        0.06978750161500648,
        0.042751492452574896,
        0.02851284336671233,
        0.02176119982349337,
        0.2818937037559226,
        0.06498279247921891,
        0.03944402912911028,
        0.02644417685153894,
        0.01941540682275081,
        0.30154894425999373,
        0.06515178382652811,
        0.03764656884572469,
        0.02532398219453171,
        0.01723526849260088,
        0.3232888070922345,
        0.06513124078512192,
        0.03739383621630259,
        0.02541095990006579,
        0.018816923649661477,
        0.3738627083618194,
        0.07128416280308739,
        0.04087041918258183,
        0.02815380643430399,
        0.02048212076141499,
        0.4394134526830167,
        0.08154558201646432,
        0.04760993857868016,
        0.03264808455703314,
        0.024673454577918166,
        0.5353814598415046,
        0.09603499317262322,
        0.05841235242318362,
        0.04160518185049295,
        0.031909050793619824,
        0.6400462660938502,
        0.10547885142359882,
        0.06701888706441969,
        0.04970932537293993,
        0.03896422069892287,
        0.804601417414844,
        0.12320987625606358,
        0.08065239270403982,
        0.062081320790108294,
        0.0510215985130053,
        1.0056985450685025,
        0.1551170604135841,
        0.0996753871301189,
        0.07751243321131915,
        0.06550795401236974,
        1.239831229455769,
        0.19209892352856694,
        0.12546438743080943,
        0.09846553435456008,
        0.08347049761284142,
        1.5330450256243349,
        0.20988804138451814,
        0.1363680638279766,
        0.10969095972552896,
        0.09548830392304808,
        1.7820172104239465,
        0.2611318843625486,
        0.16329912525787948,
        0.12989780479483307,
        0.11236834268923848,
        1.9702124787569046,
        0.3127449925392866,
        0.1747198491860181,
        0.14097815608792008,
        0.1250119357565418,
        2.090023725628853,
        1.0013347732424736,
        0.7135407643914222,
        0.550519875317812,
        0.4479855483919382
    ],
    "train_acc": [
        96.52,
        97.25,
        97.34,
        97.3,
        97.59,
        96.17,
        97.0,
        97.23,
        97.68,
        97.78,
        96.63000000000001,
        97.55,
        97.68,
        97.7,
        97.82,
        96.67,
        97.06,
        97.92,
        97.94,
        97.91,
        96.88,
        97.64,
        97.63,
        97.52,
        98.18,
        96.64,
        97.85000000000001,
        97.97,
        98.14,
        98.15,
        97.14,
        97.59,
        97.96000000000001,
        97.97,
        98.25,
        97.00999999999999,
        97.68,
        98.1,
        98.22999999999999,
        98.24000000000001,
        97.03,
        97.85000000000001,
        98.11999999999999,
        98.0,
        97.98,
        97.00999999999999,
        97.76,
        98.1,
        98.17,
        98.16,
        96.61999999999999,
        97.5,
        97.91,
        97.94,
        98.13,
        95.91,
        97.21,
        97.71,
        97.77,
        97.89,
        95.62,
        97.19,
        97.68,
        97.52,
        97.72,
        95.22,
        96.65,
        97.22,
        97.44,
        97.48,
        94.06,
        96.1,
        96.74000000000001,
        97.04,
        97.17,
        93.08999999999999,
        95.69,
        96.35000000000001,
        96.74000000000001,
        96.94,
        92.23,
        95.41,
        96.06,
        96.28999999999999,
        96.48,
        89.86,
        94.49,
        95.6,
        95.96000000000001,
        96.22,
        86.99,
        94.17,
        95.17999999999999,
        95.52000000000001,
        95.81,
        47.9,
        80.73,
        82.31,
        83.07,
        83.36
    ],
    "train_loss": [
        0.11618564176947592,
        0.0927527488549491,
        0.08659827514150052,
        0.09337961025435679,
        0.08765004411364856,
        0.1206475432661033,
        0.09664391039195888,
        0.09129166298596088,
        0.07663076974292604,
        0.07410856509514287,
        0.10691091991559475,
        0.08093197026407112,
        0.07572675274941557,
        0.071734528362606,
        0.06982254792314335,
        0.10794807016336454,
        0.0914100736106361,
        0.06984487252343378,
        0.06715851414998893,
        0.0699248226055552,
        0.10500161436213526,
        0.07471210088491619,
        0.0736115824160707,
        0.07975902260994974,
        0.06470057920257918,
        0.10664840775937913,
        0.06718901857248546,
        0.06430840862128594,
        0.06046670139488391,
        0.06267449387396591,
        0.0965411492796269,
        0.07335516254412021,
        0.06215259386923633,
        0.06711436704938818,
        0.06064034179274779,
        0.09970686707400277,
        0.07398270776852252,
        0.06004356239953017,
        0.05804328180983395,
        0.05763888527558347,
        0.09839910843192104,
        0.07003121792121295,
        0.06176736510587399,
        0.06349553105987407,
        0.06886060694288351,
        0.10562756483604809,
        0.07127718268029258,
        0.061348982314261315,
        0.0614392471898481,
        0.0633250430639705,
        0.11856309650187007,
        0.07991781712838722,
        0.06498204435718184,
        0.06879086588637646,
        0.06162401337405209,
        0.13546568121828004,
        0.08995862189167274,
        0.07549795342754283,
        0.07009847777404872,
        0.07120841316123142,
        0.14991595319466677,
        0.09652010969326881,
        0.07869716703858294,
        0.07941893888023978,
        0.07308571995514819,
        0.16567833534257856,
        0.10973391399724398,
        0.09286434850850683,
        0.08328459477526119,
        0.08319010699591683,
        0.21157655322890795,
        0.132066715084864,
        0.10990153383017479,
        0.09583720191197838,
        0.09192998413537479,
        0.25614460843230435,
        0.15300118122361378,
        0.12629414304064776,
        0.11365835769603888,
        0.10644706161302364,
        0.29700744116377686,
        0.1675964755167861,
        0.1400971004549793,
        0.12867677868706381,
        0.1215167177874528,
        0.42602275124566996,
        0.1992060517568788,
        0.16014851126708313,
        0.14228782362254436,
        0.1342212896637931,
        0.7562615628727896,
        0.21719415501473907,
        0.17215076804964127,
        0.15769067164622025,
        0.14839095685318737,
        1.4209674011447473,
        0.8272376788590483,
        0.6361648199444045,
        0.5089170893509231,
        0.4401967105215895
    ],
    "sparsity": [
        0.0,
        0.0,
        0.0,
        0.0,
        0.0,
        0.2,
        0.2,
        0.2,
        0.2,
        0.2,
        0.3599977495217734,
        0.3599977495217734,
        0.3599977495217734,
        0.3599977495217734,
        0.3599977495217734,
        0.4879899478639211,
        0.4879899478639211,
        0.4879899478639211,
        0.4879899478639211,
        0.4879899478639211,
        0.5903829563782304,
        0.5903829563782304,
        0.5903829563782304,
        0.5903829563782304,
        0.5903829563782304,
        0.6722966130302689,
        0.6722966130302689,
        0.6722966130302689,
        0.6722966130302689,
        0.6722966130302689,
        0.7378267881924909,
        0.7378267881924909,
        0.7378267881924909,
        0.7378267881924909,
        0.7378267881924909,
        0.7902516784816773,
        0.7902516784816773,
        0.7902516784816773,
        0.7902516784816773,
        0.7902516784816773,
        0.8321893402347998,
        0.8321893402347998,
        0.8321893402347998,
        0.8321893402347998,
        0.8321893402347998,
        0.8657364689996624,
        0.8657364689996624,
        0.8657364689996624,
        0.8657364689996624,
        0.8657364689996624,
        0.8925809234462323,
        0.8925809234462323,
        0.8925809234462323,
        0.8925809234462323,
        0.8925809234462323,
        0.9140504857282172,
        0.9140504857282172,
        0.9140504857282172,
        0.9140504857282172,
        0.9140504857282172,
        0.9312291361914407,
        0.9312291361914407,
        0.9312291361914407,
        0.9312291361914407,
        0.9312291361914407,
        0.944968305764975,
        0.944968305764975,
        0.944968305764975,
        0.944968305764975,
        0.944968305764975,
        0.9559618919020292,
        0.9559618919020292,
        0.9559618919020292,
        0.9559618919020292,
        0.9559618919020292,
        0.9647612617681257,
        0.9647612617681257,
        0.9647612617681257,
        0.9647612617681257,
        0.9647612617681257,
        0.9717977570233675,
        0.9717977570233675,
        0.9717977570233675,
        0.9717977570233675,
        0.9717977570233675,
        0.9774314541840141,
        0.9774314541840141,
        0.9774314541840141,
        0.9774314541840141,
        0.9774314541840141,
        0.981928659840216,
        0.981928659840216,
        0.981928659840216,
        0.981928659840216,
        0.981928659840216,
        0.9855294250028132,
        0.9855294250028132,
        0.9855294250028132,
        0.9855294250028132,
        0.9855294250028132
    ]
}