{
    "args": {
        "load_last_pretrained": false,
        "model": "lenet",
        "dataset": "mnist",
        "epochs": 100,
        "batch_size": 60,
        "initialization": "kaiming-normal",
        "learning_rate": 0.0012,
        "forget_model": false,
        "disable_cuda": false,
        "pruning_rate": 0.2,
        "pruning_interval": 5,
        "seed": 50
    },
    "test_acc": [
        97.10499999999999,
        98.25500000000001,
        98.48333333333333,
        99.06833333333334,
        99.16666666666667,
        97.17166666666667,
        98.00333333333333,
        98.49,
        98.875,
        99.08333333333333,
        96.905,
        98.33166666666666,
        98.93333333333332,
        98.98333333333333,
        99.24666666666667,
        97.48,
        98.52666666666666,
        98.96833333333333,
        99.40333333333334,
        99.47333333333333,
        97.67,
        98.50666666666666,
        99.16833333333334,
        99.23333333333333,
        99.54166666666666,
        97.80833333333334,
        98.76,
        99.12333333333333,
        99.41166666666666,
        99.57666666666667,
        97.80666666666666,
        98.99666666666667,
        99.23666666666666,
        99.37666666666667,
        99.51333333333334,
        97.8,
        98.94500000000001,
        99.37333333333333,
        99.57666666666667,
        99.5,
        97.8,
        98.96666666666667,
        99.43666666666667,
        99.595,
        99.73333333333333,
        97.52833333333332,
        98.88166666666666,
        99.25333333333334,
        99.575,
        99.68333333333334,
        97.13666666666667,
        98.54166666666667,
        99.14833333333334,
        99.45,
        99.565,
        96.83666666666667,
        98.22,
        98.95166666666667,
        99.31,
        99.47166666666666,
        96.25333333333333,
        97.91,
        98.53666666666666,
        98.94833333333334,
        99.155,
        95.435,
        97.39833333333333,
        98.20666666666666,
        98.66,
        98.89333333333333,
        94.88666666666667,
        97.14166666666667,
        97.92833333333333,
        98.23666666666668,
        98.59166666666667,
        92.25999999999999,
        96.33500000000001,
        97.25,
        97.68666666666667,
        98.07000000000001,
        92.11166666666666,
        95.79666666666667,
        96.87666666666667,
        97.395,
        97.67666666666666,
        90.29333333333334,
        95.09166666666667,
        96.19166666666666,
        96.74833333333333,
        97.17833333333333,
        85.86833333333334,
        94.23833333333333,
        95.57166666666667,
        96.155,
        96.515,
        78.455,
        93.075,
        94.655,
        95.34833333333333,
        95.63000000000001
    ],
    "test_loss": [
        0.2149086374649778,
        0.08666667751735076,
        0.05944540844880976,
        0.04320759573188843,
        0.0352173402569897,
        0.2700196243841201,
        0.0950379408816807,
        0.06205159389367327,
        0.04510864520230098,
        0.035543242157436906,
        0.25400669601373377,
        0.08521004323521629,
        0.05679221512097865,
        0.04051981574331876,
        0.030388627942826135,
        0.24771822670288385,
        0.07636479172739201,
        0.04943756362464046,
        0.034466930021648294,
        0.025745059632288757,
        0.2510630051083863,
        0.07081109854206442,
        0.043877660287893375,
        0.030718748343468178,
        0.022967241884209216,
        0.25468442869652064,
        0.06616883898759261,
        0.03957810491335113,
        0.026933923434698956,
        0.020411721754891914,
        0.2669408990703523,
        0.06096975562768057,
        0.03572640222229529,
        0.024267909294809216,
        0.017884176864958135,
        0.29034967368189246,
        0.0599757291842252,
        0.035160512393107635,
        0.02305745472104172,
        0.017248808979027672,
        0.3141657204031944,
        0.060952548569068316,
        0.034970538895344364,
        0.023421840248280205,
        0.017411169014492772,
        0.35816295627690853,
        0.0662099264813587,
        0.03873190898331814,
        0.026211535236565397,
        0.019514981983113102,
        0.4247642323486507,
        0.07629052893398329,
        0.04523171356180683,
        0.031034238217282108,
        0.023409308126603717,
        0.5042159266304225,
        0.08697994345240295,
        0.05200533920549787,
        0.03706519675173331,
        0.027810269008914475,
        0.6118324335739016,
        0.10215232881717384,
        0.06509905726509169,
        0.04786248672835063,
        0.03808771274518222,
        0.765852504555136,
        0.12200705907400697,
        0.07904100747499615,
        0.05942466379608959,
        0.04801417962647975,
        0.9910120132267475,
        0.13464086801186204,
        0.08674912399798632,
        0.06756923539051786,
        0.05734019756549969,
        1.1991995902061463,
        0.24005313762277364,
        0.14279782129079102,
        0.10626863103359938,
        0.08555676617100835,
        1.2581837526857853,
        0.2711737682744861,
        0.1644260106831789,
        0.12376623725891113,
        0.10156612421944737,
        1.474351978778839,
        0.3186665157601237,
        0.19094308619201183,
        0.14416621689498424,
        0.1186247236263007,
        1.6884996871352196,
        0.38401284913718703,
        0.21978518899902702,
        0.16889593786746263,
        0.14263407786376775,
        1.9509248307943343,
        0.4866774862855673,
        0.26255330177396535,
        0.2041425413712859,
        0.17531776643544436
    ],
    "train_acc": [
        96.49,
        97.11,
        97.2,
        97.7,
        97.61,
        96.64,
        96.94,
        97.43,
        97.69,
        97.77,
        96.24000000000001,
        97.32,
        97.64,
        97.59,
        97.7,
        97.16,
        97.74000000000001,
        97.88,
        98.15,
        98.00999999999999,
        97.23,
        97.59,
        97.94,
        97.67,
        98.03,
        97.18,
        97.82,
        97.83,
        98.14,
        97.88,
        97.22,
        97.94,
        98.09,
        97.95,
        97.92999999999999,
        97.32,
        97.84,
        98.02,
        98.2,
        97.8,
        97.15,
        97.95,
        98.11,
        98.06,
        98.17,
        96.88,
        97.87,
        98.09,
        98.06,
        98.1,
        96.6,
        97.76,
        98.0,
        98.03,
        97.96000000000001,
        96.49,
        97.47,
        97.72,
        97.82,
        97.99,
        96.03,
        97.25,
        97.59,
        97.82,
        97.91,
        95.28999999999999,
        96.88,
        97.37,
        97.54,
        97.74000000000001,
        94.67999999999999,
        96.47,
        97.11,
        97.28,
        97.5,
        92.24,
        95.81,
        96.50999999999999,
        96.77,
        97.04,
        92.16,
        95.39999999999999,
        96.15,
        96.49,
        96.61999999999999,
        90.38000000000001,
        94.82000000000001,
        95.73,
        96.06,
        96.33,
        86.27,
        94.11,
        95.48,
        95.86,
        96.12,
        78.61,
        93.02,
        94.31,
        94.69,
        95.13000000000001
    ],
    "train_loss": [
        0.11424407830272248,
        0.08868266159423187,
        0.08691231263411081,
        0.07527608666875718,
        0.08003886958129681,
        0.10954254282314978,
        0.08842804205944081,
        0.08618458976807396,
        0.07282996175930595,
        0.07042008300289557,
        0.11483266512433926,
        0.08336507373706933,
        0.06858702645006919,
        0.07686348576558764,
        0.07855047831488884,
        0.09709898525190924,
        0.07123295184291766,
        0.07002523028386567,
        0.06279378599406382,
        0.06951403921061547,
        0.09601239649255476,
        0.07730640146134053,
        0.06462242505596784,
        0.07509043813309448,
        0.06810255326166147,
        0.0933914517838798,
        0.0692316346584323,
        0.06707034264147438,
        0.06281080506504988,
        0.06947307576792047,
        0.0924130314291862,
        0.06390135301399731,
        0.06119017941670905,
        0.06908828991623511,
        0.07289797880388461,
        0.0927784188098447,
        0.0686535062407796,
        0.06276760913688176,
        0.0617014188528574,
        0.0722099394812165,
        0.09515716241460717,
        0.06473888442600648,
        0.06167320770345361,
        0.06212471125188735,
        0.06106026306703776,
        0.10669808415417185,
        0.06980182517955671,
        0.06324681050623739,
        0.061939635097249944,
        0.06491567222520006,
        0.11479985967144637,
        0.07543599226339134,
        0.06897271684409972,
        0.06576480617862429,
        0.06934570078319775,
        0.1264897888738238,
        0.08418571468286529,
        0.07387696723676772,
        0.06860109958463087,
        0.07021469876315155,
        0.14375162522816015,
        0.0968708225977635,
        0.08223236209997338,
        0.07434148325802323,
        0.07332619555394895,
        0.17002221727799513,
        0.11108346786461547,
        0.09122061035121808,
        0.08439749094077614,
        0.07785722783217373,
        0.1934663277052477,
        0.12185810094777338,
        0.09997552696860836,
        0.09594368854604528,
        0.09055597688668146,
        0.36057334799252583,
        0.18962366990521998,
        0.1413279043700167,
        0.12260789038267678,
        0.11168463784688247,
        0.39795656555783965,
        0.20930809429484212,
        0.15735324324961908,
        0.13488011333176833,
        0.12263704130347974,
        0.47259066258361954,
        0.23809296807307684,
        0.17920562972922524,
        0.15134655760076945,
        0.13676746887807362,
        0.6207824593889499,
        0.2671697330689002,
        0.1988506972522079,
        0.17122548517442035,
        0.15368929880107948,
        0.8745553104463452,
        0.31281962232318467,
        0.23199019184012612,
        0.20089776407994195,
        0.18257523142916712
    ],
    "sparsity": [
        0.0,
        0.0,
        0.0,
        0.0,
        0.0,
        0.2,
        0.2,
        0.2,
        0.2,
        0.2,
        0.3599977495217734,
        0.3599977495217734,
        0.3599977495217734,
        0.3599977495217734,
        0.3599977495217734,
        0.4879899478639211,
        0.4879899478639211,
        0.4879899478639211,
        0.4879899478639211,
        0.4879899478639211,
        0.5903829563782304,
        0.5903829563782304,
        0.5903829563782304,
        0.5903829563782304,
        0.5903829563782304,
        0.6722966130302689,
        0.6722966130302689,
        0.6722966130302689,
        0.6722966130302689,
        0.6722966130302689,
        0.7378267881924909,
        0.7378267881924909,
        0.7378267881924909,
        0.7378267881924909,
        0.7378267881924909,
        0.7902516784816773,
        0.7902516784816773,
        0.7902516784816773,
        0.7902516784816773,
        0.7902516784816773,
        0.8321893402347998,
        0.8321893402347998,
        0.8321893402347998,
        0.8321893402347998,
        0.8321893402347998,
        0.8657364689996624,
        0.8657364689996624,
        0.8657364689996624,
        0.8657364689996624,
        0.8657364689996624,
        0.8925809234462323,
        0.8925809234462323,
        0.8925809234462323,
        0.8925809234462323,
        0.8925809234462323,
        0.9140504857282172,
        0.9140504857282172,
        0.9140504857282172,
        0.9140504857282172,
        0.9140504857282172,
        0.9312291361914407,
        0.9312291361914407,
        0.9312291361914407,
        0.9312291361914407,
        0.9312291361914407,
        0.944968305764975,
        0.944968305764975,
        0.944968305764975,
        0.944968305764975,
        0.944968305764975,
        0.9559618919020292,
        0.9559618919020292,
        0.9559618919020292,
        0.9559618919020292,
        0.9559618919020292,
        0.9647612617681257,
        0.9647612617681257,
        0.9647612617681257,
        0.9647612617681257,
        0.9647612617681257,
        0.9717977570233675,
        0.9717977570233675,
        0.9717977570233675,
        0.9717977570233675,
        0.9717977570233675,
        0.9774314541840141,
        0.9774314541840141,
        0.9774314541840141,
        0.9774314541840141,
        0.9774314541840141,
        0.981928659840216,
        0.981928659840216,
        0.981928659840216,
        0.981928659840216,
        0.981928659840216,
        0.9855294250028132,
        0.9855294250028132,
        0.9855294250028132,
        0.9855294250028132,
        0.9855294250028132
    ]
}