{
    "args": {
        "load_last_pretrained": false,
        "model": "lenet",
        "dataset": "mnist",
        "epochs": 100,
        "batch_size": 60,
        "initialization": "xavier-normal-half",
        "learning_rate": 0.0012,
        "forget_model": false,
        "disable_cuda": false,
        "pruning_rate": 0.2,
        "pruning_interval": 5,
        "seed": 45
    },
    "test_acc": [
        96.67999999999999,
        98.11833333333333,
        98.26333333333334,
        98.85333333333334,
        99.22666666666666,
        97.015,
        98.23333333333333,
        98.50166666666667,
        99.07333333333334,
        99.26166666666667,
        97.10166666666666,
        98.43333333333332,
        98.71666666666667,
        99.22333333333333,
        99.445,
        97.37,
        98.31666666666666,
        99.05833333333334,
        99.33833333333332,
        99.00333333333333,
        97.48666666666666,
        98.615,
        98.96666666666667,
        99.33,
        99.52499999999999,
        97.005,
        98.74000000000001,
        99.24333333333333,
        99.45833333333334,
        99.615,
        97.68833333333333,
        98.83999999999999,
        99.25666666666667,
        99.33333333333333,
        99.63499999999999,
        97.78333333333333,
        98.63166666666666,
        99.3,
        99.52333333333333,
        99.72666666666666,
        97.51166666666666,
        98.84833333333334,
        99.315,
        99.53333333333333,
        99.72333333333333,
        97.45833333333334,
        98.72833333333332,
        99.19333333333333,
        99.315,
        99.665,
        97.00166666666667,
        98.51666666666667,
        99.11833333333333,
        99.32,
        99.67833333333334,
        96.50166666666667,
        98.14333333333335,
        98.83666666666666,
        99.21166666666666,
        99.46333333333334,
        95.755,
        97.80333333333333,
        98.47,
        98.87666666666667,
        99.16666666666667,
        95.38499999999999,
        97.27666666666667,
        98.07333333333334,
        98.465,
        98.82,
        94.5,
        96.87333333333333,
        97.725,
        98.12166666666667,
        98.44166666666668,
        93.79166666666666,
        96.35666666666667,
        97.17666666666666,
        97.75666666666667,
        98.05333333333334,
        90.33333333333333,
        94.525,
        95.60333333333332,
        95.88833333333334,
        96.405,
        89.28666666666668,
        94.63333333333334,
        95.705,
        96.22833333333334,
        96.22833333333334,
        86.53166666666667,
        93.825,
        94.73,
        95.28666666666666,
        95.515,
        56.599999999999994,
        81.585,
        83.22833333333334,
        83.67166666666667,
        84.02166666666666
    ],
    "test_loss": [
        0.2595129632726312,
        0.09970538748335094,
        0.06645676456904039,
        0.04758327965484932,
        0.037792976956960045,
        0.2618381986729801,
        0.09004013064457103,
        0.0602908483176725,
        0.0435867935763672,
        0.03310168439510744,
        0.25024478785321114,
        0.08398149064276367,
        0.055684996752883305,
        0.04031569988577394,
        0.029532235859922366,
        0.2502956621320918,
        0.08059995073406026,
        0.05046934617485385,
        0.035901367630343885,
        0.026260208733845502,
        0.2577853299202397,
        0.07402081810915842,
        0.04506792116328143,
        0.03226233572408091,
        0.022971931117615894,
        0.2678624090300873,
        0.07154379774676636,
        0.042677099992288275,
        0.029313926207483746,
        0.02161864225845784,
        0.2780988225825131,
        0.06406454495247453,
        0.038672379895811904,
        0.025592989114986267,
        0.018728908630248044,
        0.29984590578638015,
        0.06638668369781225,
        0.03800736559310462,
        0.025381541507900694,
        0.018507452972175088,
        0.3289675884479657,
        0.06677604613872246,
        0.03838214268023148,
        0.026081513167533557,
        0.018516109202464576,
        0.37615242957137524,
        0.07082382063567638,
        0.04065943724196404,
        0.027692155295051635,
        0.019824324071523732,
        0.4436538541037589,
        0.07871806800644844,
        0.045327104962198064,
        0.031082130080321804,
        0.023674217998457606,
        0.5454303047731519,
        0.09378531400673092,
        0.05728219015710056,
        0.040836501814657825,
        0.03172467136499472,
        0.668712946370244,
        0.10707688941573724,
        0.06650803874712437,
        0.048046093410579485,
        0.037738424061681146,
        0.818170732151717,
        0.12672880905866624,
        0.08263812680728734,
        0.06285149690788239,
        0.050517613660776985,
        1.0226214636787772,
        0.14655714240670203,
        0.09637032166589052,
        0.07489243396278471,
        0.06260206992086023,
        1.247992850907147,
        0.16948925552144647,
        0.11232259443961085,
        0.0887702298630029,
        0.0750229297738988,
        1.5972782581746579,
        0.39293539942801,
        0.2286979326605797,
        0.17351799142733215,
        0.14589713587984443,
        1.6848951474428178,
        0.43072763097286226,
        0.24164727614820003,
        0.18214487544447183,
        0.15147151201963424,
        1.8486180438399316,
        0.5191739710867405,
        0.2838701096400619,
        0.2130674917176366,
        0.1792734380736947,
        2.0481971358060838,
        0.9745100269913674,
        0.6608347019851207,
        0.547342277854681,
        0.47203158999979494
    ],
    "train_acc": [
        96.19,
        97.39999999999999,
        97.24000000000001,
        97.78,
        98.13,
        96.54,
        97.45,
        97.61,
        97.95,
        97.92999999999999,
        96.57,
        97.55,
        97.55,
        97.89999999999999,
        97.94,
        96.84,
        97.43,
        97.88,
        97.92,
        97.28,
        96.92,
        97.66,
        97.8,
        98.02,
        97.89999999999999,
        96.44,
        97.78999999999999,
        97.96000000000001,
        98.18,
        98.00999999999999,
        97.14,
        97.75,
        97.85000000000001,
        97.94,
        98.17,
        97.11999999999999,
        97.8,
        98.2,
        98.05,
        98.29,
        96.96000000000001,
        97.83,
        98.04,
        98.16,
        98.03,
        96.93,
        97.74000000000001,
        98.11,
        97.95,
        98.05,
        96.72,
        97.61,
        98.00999999999999,
        97.91,
        98.13,
        96.13000000000001,
        97.34,
        97.71,
        97.87,
        97.96000000000001,
        95.32000000000001,
        97.21,
        97.6,
        97.77,
        97.8,
        95.19999999999999,
        96.85000000000001,
        97.15,
        97.39999999999999,
        97.68,
        94.55,
        96.23,
        96.91,
        97.19,
        97.25,
        93.85,
        95.98,
        96.32,
        96.97,
        97.03,
        90.64999999999999,
        94.31,
        94.94,
        95.15,
        95.54,
        90.05,
        94.49,
        95.42,
        95.61,
        95.62,
        87.15,
        93.47,
        94.07,
        94.64,
        94.73,
        57.440000000000005,
        81.66,
        82.89999999999999,
        83.25,
        83.53
    ],
    "train_loss": [
        0.12058682815578883,
        0.08464437819359277,
        0.09079759505237202,
        0.0725147321591611,
        0.06775589791526683,
        0.11074568702655281,
        0.08115338488108294,
        0.07808268823086502,
        0.06841262611476871,
        0.07225845370115433,
        0.10987497895152983,
        0.08312176824073324,
        0.07682466160639853,
        0.07045840136957784,
        0.07080987145936725,
        0.1035315935962839,
        0.08342228680402933,
        0.06885265087998824,
        0.06622118686052586,
        0.08904895283198848,
        0.10534194193245051,
        0.07765455653857507,
        0.06837135747850254,
        0.06839112471789122,
        0.06820850103081366,
        0.11531962966825256,
        0.06949087456259095,
        0.06607811003477274,
        0.062348232099864474,
        0.06822683365073078,
        0.09529034783896394,
        0.0719811097010524,
        0.06834105275080589,
        0.07055506540579487,
        0.06297362041830443,
        0.09979782879218727,
        0.07596917882070926,
        0.06069884677403634,
        0.06349268500431034,
        0.06043541559449001,
        0.10245677851653563,
        0.0727226891761233,
        0.06362227578703203,
        0.06194432031134601,
        0.0663763379042377,
        0.1045730819669134,
        0.07327657332643867,
        0.06278823479775808,
        0.06665565962010916,
        0.06453262546872107,
        0.11979406004671209,
        0.0803808763868616,
        0.06491313093972063,
        0.07023767984896051,
        0.06533624903817555,
        0.13232322880429423,
        0.08760255767021351,
        0.0745960518126627,
        0.06971969369040457,
        0.06824437447427632,
        0.15782005395628734,
        0.09820371678846325,
        0.08120101616121159,
        0.07936799543781463,
        0.0742140459844809,
        0.1700270242409078,
        0.11303815789922268,
        0.09743212657551209,
        0.0872996293069672,
        0.08577981362297774,
        0.19828581756460453,
        0.12758484718105392,
        0.10739560951729735,
        0.09630344496359547,
        0.09266147793069883,
        0.23188518558790583,
        0.14046825280044964,
        0.1197918535650758,
        0.10610690658833988,
        0.10250090715101735,
        0.600004758128149,
        0.2845382501265246,
        0.21521924757315014,
        0.18361735734307838,
        0.16930962694128474,
        0.6992441869067575,
        0.29971040535472826,
        0.21967823299283754,
        0.18678945318578247,
        0.17065546518849756,
        0.8541364773304877,
        0.35955434984075807,
        0.26062913167619417,
        0.21930418631987658,
        0.1962265355099818,
        1.3880816755180587,
        0.7623327809893442,
        0.6061484726246246,
        0.5204756388407268,
        0.4699684988238854
    ],
    "sparsity": [
        0.0,
        0.0,
        0.0,
        0.0,
        0.0,
        0.2,
        0.2,
        0.2,
        0.2,
        0.2,
        0.3599977495217734,
        0.3599977495217734,
        0.3599977495217734,
        0.3599977495217734,
        0.3599977495217734,
        0.4879899478639211,
        0.4879899478639211,
        0.4879899478639211,
        0.4879899478639211,
        0.4879899478639211,
        0.5903829563782304,
        0.5903829563782304,
        0.5903829563782304,
        0.5903829563782304,
        0.5903829563782304,
        0.6722966130302689,
        0.6722966130302689,
        0.6722966130302689,
        0.6722966130302689,
        0.6722966130302689,
        0.7378267881924909,
        0.7378267881924909,
        0.7378267881924909,
        0.7378267881924909,
        0.7378267881924909,
        0.7902516784816773,
        0.7902516784816773,
        0.7902516784816773,
        0.7902516784816773,
        0.7902516784816773,
        0.8321893402347998,
        0.8321893402347998,
        0.8321893402347998,
        0.8321893402347998,
        0.8321893402347998,
        0.8657364689996624,
        0.8657364689996624,
        0.8657364689996624,
        0.8657364689996624,
        0.8657364689996624,
        0.8925809234462323,
        0.8925809234462323,
        0.8925809234462323,
        0.8925809234462323,
        0.8925809234462323,
        0.9140504857282172,
        0.9140504857282172,
        0.9140504857282172,
        0.9140504857282172,
        0.9140504857282172,
        0.9312291361914407,
        0.9312291361914407,
        0.9312291361914407,
        0.9312291361914407,
        0.9312291361914407,
        0.944968305764975,
        0.944968305764975,
        0.944968305764975,
        0.944968305764975,
        0.944968305764975,
        0.9559618919020292,
        0.9559618919020292,
        0.9559618919020292,
        0.9559618919020292,
        0.9559618919020292,
        0.9647612617681257,
        0.9647612617681257,
        0.9647612617681257,
        0.9647612617681257,
        0.9647612617681257,
        0.9717977570233675,
        0.9717977570233675,
        0.9717977570233675,
        0.9717977570233675,
        0.9717977570233675,
        0.9774314541840141,
        0.9774314541840141,
        0.9774314541840141,
        0.9774314541840141,
        0.9774314541840141,
        0.981928659840216,
        0.981928659840216,
        0.981928659840216,
        0.981928659840216,
        0.981928659840216,
        0.9855294250028132,
        0.9855294250028132,
        0.9855294250028132,
        0.9855294250028132,
        0.9855294250028132
    ]
}