{
    "args": {
        "load_last_pretrained": false,
        "model": "lenet",
        "dataset": "mnist",
        "epochs": 100,
        "batch_size": 60,
        "initialization": "kaiming-uniform",
        "learning_rate": 0.0012,
        "forget_model": false,
        "disable_cuda": false,
        "pruning_rate": 0.2,
        "pruning_interval": 5,
        "seed": 44
    },
    "test_acc": [
        97.25833333333334,
        98.18166666666667,
        98.65666666666667,
        99.13666666666666,
        99.2,
        96.79333333333334,
        98.21666666666667,
        98.685,
        98.91333333333333,
        99.16333333333334,
        97.06666666666666,
        98.37,
        99.00666666666666,
        99.21666666666667,
        99.26833333333333,
        97.38,
        98.43499999999999,
        98.7,
        99.29166666666667,
        99.49166666666667,
        97.37666666666667,
        98.615,
        99.15,
        99.385,
        99.355,
        97.8,
        98.52499999999999,
        99.14500000000001,
        99.53666666666666,
        99.51666666666667,
        97.775,
        98.75833333333334,
        99.2,
        99.5,
        99.66000000000001,
        97.685,
        98.90833333333333,
        99.41166666666666,
        99.63,
        99.63666666666666,
        97.57666666666667,
        98.77333333333334,
        99.17833333333334,
        99.57666666666667,
        99.55833333333334,
        97.47666666666667,
        98.66166666666668,
        99.24,
        99.52,
        99.64,
        96.85333333333334,
        98.42666666666666,
        98.99833333333333,
        99.27,
        99.455,
        96.56166666666667,
        98.12333333333333,
        98.84833333333334,
        99.12166666666667,
        99.39333333333333,
        96.22166666666668,
        97.83500000000001,
        98.55333333333334,
        98.78,
        99.14166666666667,
        95.39333333333333,
        97.365,
        98.17666666666666,
        98.49166666666666,
        98.80166666666666,
        94.16,
        96.72833333333334,
        97.51333333333334,
        98.06166666666667,
        98.285,
        92.85,
        96.12833333333334,
        97.01166666666666,
        97.51833333333333,
        97.72,
        92.34833333333333,
        95.67666666666666,
        96.53666666666668,
        97.04333333333334,
        97.23666666666666,
        85.10833333333333,
        95.11,
        96.21333333333332,
        96.59,
        96.94,
        80.19166666666668,
        94.31333333333333,
        95.55833333333334,
        96.20166666666667,
        96.51166666666666,
        72.845,
        92.44166666666666,
        94.24333333333334,
        94.965,
        95.36
    ],
    "test_loss": [
        0.2162336013847962,
        0.08827806146885268,
        0.057891075319377705,
        0.04449010405002628,
        0.03468222123174928,
        0.26846260076388717,
        0.09675949507742189,
        0.06268289176980034,
        0.044407176835346035,
        0.03631447592913173,
        0.25442868832685056,
        0.08456597625324502,
        0.056215049325022845,
        0.0400100520105334,
        0.030550531493907327,
        0.2521261703595519,
        0.07720477110007778,
        0.04910057652113028,
        0.03735951931530144,
        0.027440667647635565,
        0.25621754833124577,
        0.07649724040646105,
        0.04638959595747292,
        0.03232266697834712,
        0.02321914866604493,
        0.25961474124435335,
        0.06745608073845506,
        0.04218622706481256,
        0.028302851221786114,
        0.020930210478807568,
        0.27325314764678477,
        0.06413591543328949,
        0.03884607309091371,
        0.02647478414728539,
        0.01856415373174241,
        0.2879014317290857,
        0.06353066452173516,
        0.03770491656602826,
        0.025200298018869943,
        0.017934857064537936,
        0.3190147903021425,
        0.06480968130147084,
        0.037539754347060805,
        0.025406662799825425,
        0.017998020531318618,
        0.36248341397289185,
        0.07084857283020392,
        0.04165451144124381,
        0.028338348113873507,
        0.020645444837748075,
        0.4275114742461592,
        0.0830459293234162,
        0.05054261920787394,
        0.0352870449940674,
        0.02658534574182704,
        0.5173190191909671,
        0.09571567931817844,
        0.05914114193618297,
        0.042214081595186144,
        0.03283033652068116,
        0.6239291030876338,
        0.10536984389740973,
        0.06823913351586089,
        0.05062380394060165,
        0.04032911019260064,
        0.7764284826703369,
        0.12315756029821932,
        0.07943423403985798,
        0.060080553864361716,
        0.049021610965486614,
        1.0452859568595887,
        0.21088571812212467,
        0.1311319851912558,
        0.09715658002905547,
        0.07830014015547931,
        1.3312212528586387,
        0.2572409502081573,
        0.15078168669342995,
        0.1146136414296925,
        0.09538373842556029,
        1.4206488952636718,
        0.2803001424446702,
        0.16807697777450084,
        0.13179542972519995,
        0.11238128833286465,
        1.599976226210594,
        0.3470020242780447,
        0.18814611548930407,
        0.1442612795419991,
        0.12278024950437248,
        1.7721644833683967,
        0.42707874935865403,
        0.21201546735316515,
        0.16068576239049434,
        0.13672078741341828,
        1.922042969107628,
        0.5690956597626209,
        0.27001699451357125,
        0.20685635074973108,
        0.17743191881477832
    ],
    "train_acc": [
        96.66,
        97.23,
        97.5,
        97.78999999999999,
        97.78,
        96.12,
        97.33000000000001,
        97.43,
        97.5,
        97.68,
        96.63000000000001,
        97.50999999999999,
        97.72999999999999,
        97.76,
        97.78,
        96.77,
        97.27,
        97.5,
        97.99,
        97.94,
        96.95,
        97.7,
        98.07000000000001,
        98.13,
        98.03,
        97.08,
        97.75,
        98.0,
        98.17,
        97.97,
        97.23,
        97.75,
        97.95,
        98.19,
        98.32,
        97.18,
        97.89999999999999,
        98.13,
        98.14,
        98.08,
        96.78999999999999,
        97.72999999999999,
        97.89,
        98.17,
        98.05,
        96.92,
        97.55,
        97.98,
        97.99,
        97.94,
        96.31,
        97.44,
        97.69,
        97.75,
        97.92999999999999,
        96.17999999999999,
        97.19,
        97.64,
        97.82,
        97.99,
        95.87,
        97.2,
        97.48,
        97.71,
        97.74000000000001,
        95.3,
        96.78999999999999,
        97.28999999999999,
        97.34,
        97.43,
        94.06,
        96.12,
        96.66,
        97.05,
        97.09,
        92.83,
        95.53,
        96.39,
        96.86,
        96.85000000000001,
        92.35,
        95.3,
        95.98,
        96.19,
        96.34,
        85.03,
        94.91000000000001,
        95.92,
        96.12,
        96.34,
        80.21000000000001,
        94.27,
        95.19999999999999,
        95.77,
        96.0,
        73.03,
        92.41,
        94.11,
        94.67999999999999,
        94.92
    ],
    "train_loss": [
        0.1078828688554778,
        0.08741269034506408,
        0.0808680892300173,
        0.07559721838978459,
        0.07518088393412463,
        0.11921756282939526,
        0.08552842922118342,
        0.08154809483728499,
        0.07413864417369673,
        0.07642881288248934,
        0.11309101684632415,
        0.08085918373255405,
        0.0698034254956745,
        0.06985751118003475,
        0.0739166383728424,
        0.10442510600240823,
        0.08226696656414581,
        0.07857142464734591,
        0.07165112373458143,
        0.06519866708288259,
        0.10452114427629523,
        0.07225931452553787,
        0.06320389758301954,
        0.06446008864737222,
        0.07305209162125006,
        0.0962336170124615,
        0.07335185635176872,
        0.06994529590317367,
        0.05555486266464999,
        0.06736721544077587,
        0.09091830178872197,
        0.07241394867267303,
        0.06472034904057394,
        0.0628129168595522,
        0.06111150012127804,
        0.09615914532524383,
        0.06879466040405685,
        0.061684490069970045,
        0.0589785580551196,
        0.06621496518516166,
        0.10522548388132079,
        0.07250135744682061,
        0.06763375130297984,
        0.056617061552468935,
        0.06418473342667796,
        0.10498498440413417,
        0.07728611701028701,
        0.06424819855061276,
        0.06425628377526195,
        0.06509257097307504,
        0.1270117950207459,
        0.08497478147065211,
        0.07439623619039393,
        0.0712836191265894,
        0.06984398217626407,
        0.13484172004380982,
        0.09094611499570086,
        0.07503067041206324,
        0.07071650054718474,
        0.06950240019112155,
        0.14500284341057976,
        0.09719991281873987,
        0.08332933217822434,
        0.07880527426873496,
        0.07725434664017827,
        0.16851732665728666,
        0.11289334229143437,
        0.09365776047657082,
        0.08861509004250882,
        0.08580111031431682,
        0.29460079004307704,
        0.17314641882559498,
        0.13452406124975866,
        0.11433473118987983,
        0.1073881295135992,
        0.41141656380213665,
        0.19361670185884317,
        0.15099696054340836,
        0.12991367678665472,
        0.12073768719941556,
        0.44296090063934557,
        0.21439677186890277,
        0.16948923776428143,
        0.14863175314343618,
        0.14139089122146903,
        0.6248289070086565,
        0.2364507006581672,
        0.17846432515604052,
        0.1580939366744307,
        0.14561913171392715,
        0.8045594663677101,
        0.26819471466148687,
        0.19440797042703914,
        0.16682673426356145,
        0.15357881558021744,
        1.0914726125266023,
        0.33726589105086413,
        0.24847198469553164,
        0.21201007344765577,
        0.19537532320636475
    ],
    "sparsity": [
        0.0,
        0.0,
        0.0,
        0.0,
        0.0,
        0.2,
        0.2,
        0.2,
        0.2,
        0.2,
        0.3599977495217734,
        0.3599977495217734,
        0.3599977495217734,
        0.3599977495217734,
        0.3599977495217734,
        0.4879899478639211,
        0.4879899478639211,
        0.4879899478639211,
        0.4879899478639211,
        0.4879899478639211,
        0.5903829563782304,
        0.5903829563782304,
        0.5903829563782304,
        0.5903829563782304,
        0.5903829563782304,
        0.6722966130302689,
        0.6722966130302689,
        0.6722966130302689,
        0.6722966130302689,
        0.6722966130302689,
        0.7378267881924909,
        0.7378267881924909,
        0.7378267881924909,
        0.7378267881924909,
        0.7378267881924909,
        0.7902516784816773,
        0.7902516784816773,
        0.7902516784816773,
        0.7902516784816773,
        0.7902516784816773,
        0.8321893402347998,
        0.8321893402347998,
        0.8321893402347998,
        0.8321893402347998,
        0.8321893402347998,
        0.8657364689996624,
        0.8657364689996624,
        0.8657364689996624,
        0.8657364689996624,
        0.8657364689996624,
        0.8925809234462323,
        0.8925809234462323,
        0.8925809234462323,
        0.8925809234462323,
        0.8925809234462323,
        0.9140504857282172,
        0.9140504857282172,
        0.9140504857282172,
        0.9140504857282172,
        0.9140504857282172,
        0.9312291361914407,
        0.9312291361914407,
        0.9312291361914407,
        0.9312291361914407,
        0.9312291361914407,
        0.944968305764975,
        0.944968305764975,
        0.944968305764975,
        0.944968305764975,
        0.944968305764975,
        0.9559618919020292,
        0.9559618919020292,
        0.9559618919020292,
        0.9559618919020292,
        0.9559618919020292,
        0.9647612617681257,
        0.9647612617681257,
        0.9647612617681257,
        0.9647612617681257,
        0.9647612617681257,
        0.9717977570233675,
        0.9717977570233675,
        0.9717977570233675,
        0.9717977570233675,
        0.9717977570233675,
        0.9774314541840141,
        0.9774314541840141,
        0.9774314541840141,
        0.9774314541840141,
        0.9774314541840141,
        0.981928659840216,
        0.981928659840216,
        0.981928659840216,
        0.981928659840216,
        0.981928659840216,
        0.9855294250028132,
        0.9855294250028132,
        0.9855294250028132,
        0.9855294250028132,
        0.9855294250028132
    ]
}