{
    "args": {
        "load_last_pretrained": false,
        "model": "lenet",
        "dataset": "mnist",
        "epochs": 100,
        "batch_size": 60,
        "initialization": "xavier-normal-double",
        "learning_rate": 0.0012,
        "forget_model": false,
        "disable_cuda": false,
        "pruning_rate": 0.2,
        "pruning_interval": 5,
        "seed": 50
    },
    "test_acc": [
        96.755,
        98.32833333333333,
        98.29833333333333,
        98.76833333333333,
        98.93333333333332,
        96.92166666666667,
        97.73166666666665,
        98.295,
        98.90666666666667,
        99.11333333333333,
        97.06666666666666,
        98.32833333333333,
        98.8,
        99.01666666666667,
        99.34166666666667,
        97.45166666666667,
        98.465,
        98.90833333333333,
        99.38,
        99.39333333333333,
        97.52499999999999,
        98.60333333333332,
        99.21333333333334,
        99.18666666666667,
        99.63,
        97.67833333333333,
        98.74666666666667,
        99.11999999999999,
        99.43333333333332,
        99.62666666666667,
        97.78999999999999,
        98.92333333333333,
        99.17333333333333,
        99.41833333333334,
        99.48166666666667,
        97.76833333333333,
        98.85666666666667,
        99.36666666666667,
        99.56833333333334,
        99.38666666666667,
        97.61999999999999,
        98.84166666666667,
        99.26333333333334,
        99.465,
        99.69666666666667,
        97.39833333333333,
        98.65666666666667,
        99.14666666666668,
        99.52833333333334,
        99.61666666666666,
        96.89,
        98.395,
        98.97833333333334,
        99.37166666666667,
        99.49666666666667,
        96.26,
        97.98833333333333,
        98.695,
        99.14,
        99.345,
        95.91333333333333,
        97.61999999999999,
        98.355,
        98.795,
        99.03,
        95.11166666666668,
        97.37166666666667,
        98.095,
        98.57000000000001,
        98.83666666666666,
        94.69999999999999,
        97.10333333333332,
        97.97666666666667,
        98.33166666666666,
        98.63333333333333,
        94.00666666666667,
        96.795,
        97.585,
        97.99833333333333,
        98.33166666666666,
        92.15833333333333,
        96.01666666666667,
        97.09666666666666,
        97.58833333333334,
        97.81666666666666,
        89.84666666666666,
        95.32333333333334,
        96.49333333333333,
        97.09166666666667,
        97.28333333333333,
        86.91166666666666,
        94.31333333333333,
        95.80499999999999,
        96.37666666666667,
        96.64333333333333,
        65.405,
        92.51833333333333,
        94.47166666666666,
        95.19,
        95.59333333333333
    ],
    "test_loss": [
        0.23660670146066695,
        0.09250522501952946,
        0.06090031915192958,
        0.047579159331915435,
        0.03714435193579993,
        0.28448173675872385,
        0.10060179852461443,
        0.06566605543158949,
        0.04969393954356201,
        0.03752091219689464,
        0.2557224055882543,
        0.08633812110265716,
        0.05741888046474196,
        0.04038839464605553,
        0.029433745044865647,
        0.25252599102817475,
        0.07818420888530091,
        0.05063544932100922,
        0.034631365154404195,
        0.027724715606687822,
        0.25187691899202763,
        0.07200038830284029,
        0.04442244336544536,
        0.030225561284285503,
        0.023635388601149315,
        0.25831993293017147,
        0.06919518730835988,
        0.04083728570910171,
        0.028329903035308236,
        0.01979833156161476,
        0.27536316724680365,
        0.06363269427092746,
        0.037084089547395706,
        0.025430480432813055,
        0.018790728286490775,
        0.3014802933530882,
        0.0633201657696627,
        0.037501559428754265,
        0.025768448064191034,
        0.019053638315876014,
        0.3388441169448197,
        0.06647039776295424,
        0.038332223079982214,
        0.02689725688676117,
        0.0194143033256114,
        0.3835424968674779,
        0.07291897911485284,
        0.04350370011758059,
        0.030306942098774017,
        0.022205262696545106,
        0.4478455314282328,
        0.08449550850503147,
        0.05047967925854027,
        0.0348783510660287,
        0.026744374755537138,
        0.5413701818287373,
        0.09990270560933277,
        0.060491972886491566,
        0.043814998434158044,
        0.03343210289720446,
        0.6454714412726462,
        0.11323779830336571,
        0.07237445680471137,
        0.053873008645139636,
        0.04291634916258045,
        0.9150718368142843,
        0.15249511826969683,
        0.08348760701715946,
        0.06349321276135743,
        0.05199230390088633,
        0.9789331654012203,
        0.15620345742255448,
        0.08994048051536083,
        0.06879315710719675,
        0.05755798491742462,
        1.12878311483562,
        0.16594505978561938,
        0.10031008300371468,
        0.07888469843100757,
        0.06734096180554479,
        1.2887346031069755,
        0.21928738441690804,
        0.12557747949846088,
        0.09794162313360721,
        0.0831690093302168,
        1.537866563409567,
        0.270294135261327,
        0.1446301535703242,
        0.11458975841477513,
        0.09971131645981222,
        1.730938258856535,
        0.3283527953773737,
        0.17801282190158962,
        0.1396301264464855,
        0.12136528554745019,
        1.9677150923609734,
        0.500125218808651,
        0.23177571009099485,
        0.1830040814317763,
        0.16191295815631748
    ],
    "train_acc": [
        96.06,
        97.16,
        97.02,
        97.02,
        97.39,
        96.48,
        96.71,
        97.14,
        97.96000000000001,
        97.82,
        96.57,
        97.42,
        97.71,
        97.8,
        97.72999999999999,
        96.99,
        97.72999999999999,
        97.8,
        98.14,
        97.86,
        96.88,
        97.6,
        97.85000000000001,
        97.67,
        98.06,
        97.16,
        97.89999999999999,
        97.91,
        98.21,
        98.00999999999999,
        97.24000000000001,
        98.00999999999999,
        98.06,
        97.95,
        97.92,
        97.28999999999999,
        97.74000000000001,
        98.11,
        98.15,
        97.91,
        97.11,
        97.89,
        98.13,
        98.16,
        98.22,
        96.89,
        97.86,
        98.22999999999999,
        98.2,
        98.00999999999999,
        96.41999999999999,
        97.66,
        97.91,
        98.06,
        98.08,
        95.78999999999999,
        97.2,
        97.6,
        97.84,
        97.87,
        95.76,
        96.93,
        97.44,
        97.75,
        97.77,
        94.86,
        96.69,
        97.16,
        97.45,
        97.65,
        94.46,
        96.45,
        97.0,
        97.35000000000001,
        97.43,
        93.85,
        96.28,
        96.87,
        97.02,
        97.15,
        92.28,
        95.52000000000001,
        96.33,
        96.74000000000001,
        96.93,
        90.16,
        94.95,
        95.95,
        96.28999999999999,
        96.49,
        87.09,
        94.05,
        95.09,
        95.62,
        95.83,
        65.78,
        92.58999999999999,
        93.89999999999999,
        94.65,
        94.89
    ],
    "train_loss": [
        0.1329875996079809,
        0.09324659365312961,
        0.10119494575376951,
        0.09971855908582088,
        0.09631674427191955,
        0.11418464047064682,
        0.09613685211735572,
        0.09036172330546789,
        0.07136802097871721,
        0.07048596854218488,
        0.1073031264530149,
        0.08172453586067893,
        0.06885420327481931,
        0.07152907088437971,
        0.07584272576168369,
        0.0984475285060213,
        0.0720949142412868,
        0.07006468879084053,
        0.06341967729553245,
        0.07386138469669522,
        0.10214542282444096,
        0.07370273434573751,
        0.06483836493365645,
        0.07411232107168364,
        0.06205943156250552,
        0.09475092493934546,
        0.0685047306828647,
        0.0657439541704618,
        0.061633865899004846,
        0.06778354805574925,
        0.09509795284579078,
        0.06670969138814214,
        0.06526268369791483,
        0.06505181987645818,
        0.07104349992667397,
        0.0939104630790294,
        0.06930074096004853,
        0.06006730395971524,
        0.060637382328270484,
        0.07308121440300584,
        0.09935816623337433,
        0.06684745586906632,
        0.06332299752860793,
        0.06124128088700825,
        0.0619897392364414,
        0.10843527521157337,
        0.07289746768415688,
        0.06350615916740217,
        0.06182484108603331,
        0.06605041287992774,
        0.12057234344635895,
        0.07751611359473207,
        0.06845999000493638,
        0.06381201585280726,
        0.06419879722291838,
        0.14437822287088026,
        0.09233368765897379,
        0.07775310109910405,
        0.07052712910390364,
        0.07072980718096038,
        0.15626233978988882,
        0.10430972520150468,
        0.08863505244277373,
        0.07913526010972832,
        0.07839789845238992,
        0.24981675435326056,
        0.11571811435153027,
        0.0973356489850554,
        0.09093565504696823,
        0.08264770800342594,
        0.26546377702030594,
        0.12482872403444287,
        0.10035834584139779,
        0.09397086849949228,
        0.09103520174125979,
        0.2817939048755669,
        0.13210500270395936,
        0.10998688542289649,
        0.10301115920956799,
        0.09857831281626564,
        0.35970065872112433,
        0.15919915667015636,
        0.12828825491140344,
        0.11825416049178311,
        0.11185350658338584,
        0.470052218365812,
        0.17896100896561218,
        0.14220503821389047,
        0.12821449291429476,
        0.12548103824837836,
        0.5937419121493837,
        0.2181579581277813,
        0.16904663544393586,
        0.1506643310122326,
        0.14267065681650967,
        1.1149318161124955,
        0.2830946505694332,
        0.21138472569559863,
        0.18927251632342082,
        0.17912236968066522
    ],
    "sparsity": [
        0.0,
        0.0,
        0.0,
        0.0,
        0.0,
        0.2,
        0.2,
        0.2,
        0.2,
        0.2,
        0.3599977495217734,
        0.3599977495217734,
        0.3599977495217734,
        0.3599977495217734,
        0.3599977495217734,
        0.4879899478639211,
        0.4879899478639211,
        0.4879899478639211,
        0.4879899478639211,
        0.4879899478639211,
        0.5903829563782304,
        0.5903829563782304,
        0.5903829563782304,
        0.5903829563782304,
        0.5903829563782304,
        0.6722966130302689,
        0.6722966130302689,
        0.6722966130302689,
        0.6722966130302689,
        0.6722966130302689,
        0.7378267881924909,
        0.7378267881924909,
        0.7378267881924909,
        0.7378267881924909,
        0.7378267881924909,
        0.7902516784816773,
        0.7902516784816773,
        0.7902516784816773,
        0.7902516784816773,
        0.7902516784816773,
        0.8321893402347998,
        0.8321893402347998,
        0.8321893402347998,
        0.8321893402347998,
        0.8321893402347998,
        0.8657364689996624,
        0.8657364689996624,
        0.8657364689996624,
        0.8657364689996624,
        0.8657364689996624,
        0.8925809234462323,
        0.8925809234462323,
        0.8925809234462323,
        0.8925809234462323,
        0.8925809234462323,
        0.9140504857282172,
        0.9140504857282172,
        0.9140504857282172,
        0.9140504857282172,
        0.9140504857282172,
        0.9312291361914407,
        0.9312291361914407,
        0.9312291361914407,
        0.9312291361914407,
        0.9312291361914407,
        0.944968305764975,
        0.944968305764975,
        0.944968305764975,
        0.944968305764975,
        0.944968305764975,
        0.9559618919020292,
        0.9559618919020292,
        0.9559618919020292,
        0.9559618919020292,
        0.9559618919020292,
        0.9647612617681257,
        0.9647612617681257,
        0.9647612617681257,
        0.9647612617681257,
        0.9647612617681257,
        0.9717977570233675,
        0.9717977570233675,
        0.9717977570233675,
        0.9717977570233675,
        0.9717977570233675,
        0.9774314541840141,
        0.9774314541840141,
        0.9774314541840141,
        0.9774314541840141,
        0.9774314541840141,
        0.981928659840216,
        0.981928659840216,
        0.981928659840216,
        0.981928659840216,
        0.981928659840216,
        0.9855294250028132,
        0.9855294250028132,
        0.9855294250028132,
        0.9855294250028132,
        0.9855294250028132
    ]
}