{
    "args": {
        "load_last_pretrained": false,
        "model": "lenet",
        "dataset": "mnist",
        "epochs": 100,
        "batch_size": 60,
        "initialization": "xavier-normal",
        "learning_rate": 0.0012,
        "forget_model": false,
        "disable_cuda": false,
        "pruning_rate": 0.2,
        "pruning_interval": 5,
        "seed": 49
    },
    "test_acc": [
        96.92666666666668,
        98.085,
        98.425,
        98.965,
        99.20833333333333,
        96.96666666666667,
        98.15,
        98.66333333333334,
        98.98666666666666,
        99.26833333333333,
        97.31666666666666,
        98.08333333333333,
        98.61666666666666,
        99.39666666666666,
        99.205,
        97.515,
        98.49833333333333,
        99.07166666666667,
        99.23666666666666,
        99.40333333333334,
        97.66,
        98.765,
        99.16833333333334,
        99.45,
        99.6,
        97.695,
        98.72333333333333,
        99.16833333333334,
        99.44666666666667,
        99.62,
        98.00999999999999,
        98.95666666666668,
        99.425,
        99.53333333333333,
        99.615,
        97.86333333333333,
        98.84166666666667,
        99.33,
        99.57666666666667,
        99.705,
        97.78333333333333,
        98.94,
        99.27833333333334,
        99.61,
        99.69333333333333,
        97.51666666666667,
        98.73666666666666,
        99.335,
        99.51,
        99.67333333333333,
        97.07166666666667,
        98.53166666666667,
        99.14666666666668,
        99.395,
        99.54666666666667,
        96.58166666666666,
        98.23666666666668,
        98.93666666666667,
        99.15833333333333,
        99.35000000000001,
        95.89999999999999,
        97.86,
        98.51833333333333,
        98.93166666666666,
        99.12166666666667,
        95.28166666666667,
        97.35833333333333,
        98.06833333333333,
        98.545,
        98.70333333333333,
        94.65166666666667,
        97.06166666666667,
        97.8,
        98.10166666666666,
        98.44500000000001,
        93.81333333333333,
        96.26333333333334,
        97.185,
        97.72666666666666,
        97.965,
        88.75333333333333,
        95.24833333333333,
        96.37666666666667,
        97.01333333333334,
        97.30833333333334,
        88.24833333333333,
        94.97833333333332,
        96.26666666666667,
        96.79833333333333,
        97.21333333333332,
        68.345,
        81.19833333333332,
        83.64,
        84.045,
        84.48166666666667,
        63.115,
        79.08333333333334,
        83.13333333333334,
        83.93333333333334,
        84.11
    ],
    "test_loss": [
        0.21928683132119478,
        0.09035837548435666,
        0.06052516902377829,
        0.04544490204832982,
        0.03546432232650113,
        0.26166060044243933,
        0.09195738410949707,
        0.061121222864137965,
        0.04333905239612795,
        0.03455399841844337,
        0.2481757712457329,
        0.08296633570920676,
        0.05422148586402181,
        0.03824679330841173,
        0.029257392231491396,
        0.23932015193533152,
        0.07409162078262307,
        0.04824842910398729,
        0.03395186609891243,
        0.024857667665113693,
        0.24567003166489304,
        0.06861046446021646,
        0.042291784769156945,
        0.02950158910555183,
        0.0212161961098609,
        0.25036392009351405,
        0.06449332152400165,
        0.03811807547241915,
        0.026680204192292875,
        0.018614071530580985,
        0.2640397954797372,
        0.06004978524753824,
        0.03585677500825841,
        0.023295554022537544,
        0.017703819930815372,
        0.2879447049824521,
        0.061364886788651346,
        0.03546600518072955,
        0.023603294476750306,
        0.01717649365370744,
        0.3203150449963287,
        0.06447642417950555,
        0.03670194172579795,
        0.024268919872847617,
        0.017363290511944796,
        0.35450860652700067,
        0.06639825138403102,
        0.03912905217823572,
        0.02646297521877568,
        0.01874103502210346,
        0.4093883852194995,
        0.0771538072777912,
        0.04611818058625795,
        0.03171779326640535,
        0.0239064703664626,
        0.5015702445693314,
        0.09248735213559121,
        0.05625522284768522,
        0.0397281882269308,
        0.03052006160171004,
        0.6289323147907853,
        0.1089746826114133,
        0.06743012151354924,
        0.049181365329772235,
        0.03877415222465061,
        0.7738924025557935,
        0.12669921089708805,
        0.08219943940313533,
        0.06161966032115743,
        0.04961194696417078,
        0.9358244412653148,
        0.14543038028292357,
        0.09430583018809557,
        0.07283056265860796,
        0.06060368501022458,
        1.1742541721835733,
        0.16950931481458248,
        0.11412212940398604,
        0.09062974758353085,
        0.07708115472178906,
        1.5065765004754066,
        0.3137226234674454,
        0.18023234261199833,
        0.13575464284047484,
        0.11252449241094291,
        1.5421798255741597,
        0.3339512570127845,
        0.19074162535369396,
        0.1429066965766251,
        0.11795276925712823,
        1.8069273119568825,
        0.8932986106276513,
        0.6570381310582161,
        0.5293880133926868,
        0.45470552606880665,
        1.9197761902809143,
        1.0023806468844414,
        0.7146419386863708,
        0.552883272767067,
        0.4644189710170031
    ],
    "train_acc": [
        96.37,
        96.98,
        97.08,
        97.53,
        97.72999999999999,
        96.7,
        97.48,
        97.53,
        97.85000000000001,
        97.92999999999999,
        96.77,
        97.44,
        97.7,
        98.27,
        97.82,
        97.11999999999999,
        97.71,
        98.0,
        98.0,
        98.11,
        97.28,
        98.05,
        97.96000000000001,
        98.0,
        97.92999999999999,
        97.0,
        97.78999999999999,
        97.85000000000001,
        98.17,
        97.91,
        97.35000000000001,
        97.74000000000001,
        98.15,
        97.89,
        98.28,
        97.31,
        98.02,
        98.21,
        98.22,
        98.3,
        97.07000000000001,
        98.08,
        97.97,
        98.02,
        98.03,
        96.89999999999999,
        97.76,
        98.17,
        98.00999999999999,
        98.04,
        96.6,
        97.67,
        97.96000000000001,
        97.99,
        98.1,
        96.08,
        97.42,
        97.86,
        97.85000000000001,
        97.85000000000001,
        95.7,
        97.00999999999999,
        97.58,
        97.75,
        97.78,
        95.25,
        96.63000000000001,
        96.98,
        97.39999999999999,
        97.54,
        94.83,
        96.53,
        96.97,
        97.13000000000001,
        97.47,
        93.8,
        95.74000000000001,
        96.41,
        96.7,
        96.93,
        88.77000000000001,
        95.0,
        95.92,
        96.32,
        96.46000000000001,
        88.49000000000001,
        94.65,
        95.67,
        95.94,
        96.41,
        68.89999999999999,
        81.23,
        83.5,
        83.63000000000001,
        83.98,
        64.21,
        78.92,
        83.03,
        83.56,
        83.67999999999999
    ],
    "train_loss": [
        0.11584176724877007,
        0.0997708334955582,
        0.09138863574166944,
        0.08105195524703578,
        0.08376785370132267,
        0.10756500833807234,
        0.08132483055926636,
        0.07761608074491698,
        0.0696484887913918,
        0.0741895802376909,
        0.10499965805493429,
        0.0825171673762428,
        0.07888195462368741,
        0.06008616047925288,
        0.07640147491692478,
        0.09279629672894221,
        0.07369448934280186,
        0.06450702059487004,
        0.06461859371061408,
        0.06548669310893117,
        0.0898109661627137,
        0.06346106653876915,
        0.06180686399223517,
        0.06273660721594725,
        0.06592027905563026,
        0.09355992224335136,
        0.06948448023284802,
        0.06577074581765553,
        0.06580307821305413,
        0.0708527655795936,
        0.08616697499918902,
        0.06938605487463761,
        0.060400982252824045,
        0.06584740193242843,
        0.06221310386847576,
        0.08861828775529912,
        0.06614667377127947,
        0.059184554561381476,
        0.06017805375493394,
        0.059828092669649884,
        0.09724557267580025,
        0.06394607410905603,
        0.059857897374020544,
        0.06022695413948187,
        0.06455469302642075,
        0.10385017612290953,
        0.07254611844096534,
        0.059661327537099,
        0.06316505463565225,
        0.06684950649393946,
        0.11497384884734889,
        0.07833426534114572,
        0.06836748071026034,
        0.06435674008101916,
        0.06528346315528194,
        0.1374166519632061,
        0.08622344282684391,
        0.07336829558661777,
        0.07239777738406897,
        0.07269571938351198,
        0.15309179833013856,
        0.09935818418503521,
        0.08122273616515055,
        0.0765604879679214,
        0.07349385920644341,
        0.17850628176224445,
        0.11605164735483195,
        0.09785620901666715,
        0.08888005215847519,
        0.0832214101223264,
        0.1945716548421069,
        0.12793524305665208,
        0.10568955425775337,
        0.09840863496399746,
        0.09081151408650828,
        0.2203197488170898,
        0.1464588787228226,
        0.12169108814197387,
        0.11064389115478286,
        0.10469298389835094,
        0.4890273354367582,
        0.23165112399234028,
        0.17006081652766217,
        0.1467558874519999,
        0.1324481161947022,
        0.5327519310448698,
        0.24301057134916682,
        0.1795702911244181,
        0.15141262729724725,
        0.1355756534609252,
        1.1159093119427115,
        0.7586509306987602,
        0.6052168737985417,
        0.5161997424271292,
        0.47141601305878805,
        1.324016343333764,
        0.8287259265334307,
        0.6368000062996756,
        0.5205342030810739,
        0.4642214175469861
    ],
    "sparsity": [
        0.0,
        0.0,
        0.0,
        0.0,
        0.0,
        0.2,
        0.2,
        0.2,
        0.2,
        0.2,
        0.3599977495217734,
        0.3599977495217734,
        0.3599977495217734,
        0.3599977495217734,
        0.3599977495217734,
        0.4879899478639211,
        0.4879899478639211,
        0.4879899478639211,
        0.4879899478639211,
        0.4879899478639211,
        0.5903829563782304,
        0.5903829563782304,
        0.5903829563782304,
        0.5903829563782304,
        0.5903829563782304,
        0.6722966130302689,
        0.6722966130302689,
        0.6722966130302689,
        0.6722966130302689,
        0.6722966130302689,
        0.7378267881924909,
        0.7378267881924909,
        0.7378267881924909,
        0.7378267881924909,
        0.7378267881924909,
        0.7902516784816773,
        0.7902516784816773,
        0.7902516784816773,
        0.7902516784816773,
        0.7902516784816773,
        0.8321893402347998,
        0.8321893402347998,
        0.8321893402347998,
        0.8321893402347998,
        0.8321893402347998,
        0.8657364689996624,
        0.8657364689996624,
        0.8657364689996624,
        0.8657364689996624,
        0.8657364689996624,
        0.8925809234462323,
        0.8925809234462323,
        0.8925809234462323,
        0.8925809234462323,
        0.8925809234462323,
        0.9140504857282172,
        0.9140504857282172,
        0.9140504857282172,
        0.9140504857282172,
        0.9140504857282172,
        0.9312291361914407,
        0.9312291361914407,
        0.9312291361914407,
        0.9312291361914407,
        0.9312291361914407,
        0.944968305764975,
        0.944968305764975,
        0.944968305764975,
        0.944968305764975,
        0.944968305764975,
        0.9559618919020292,
        0.9559618919020292,
        0.9559618919020292,
        0.9559618919020292,
        0.9559618919020292,
        0.9647612617681257,
        0.9647612617681257,
        0.9647612617681257,
        0.9647612617681257,
        0.9647612617681257,
        0.9717977570233675,
        0.9717977570233675,
        0.9717977570233675,
        0.9717977570233675,
        0.9717977570233675,
        0.9774314541840141,
        0.9774314541840141,
        0.9774314541840141,
        0.9774314541840141,
        0.9774314541840141,
        0.981928659840216,
        0.981928659840216,
        0.981928659840216,
        0.981928659840216,
        0.981928659840216,
        0.9855294250028132,
        0.9855294250028132,
        0.9855294250028132,
        0.9855294250028132,
        0.9855294250028132
    ]
}