{
    "args": {
        "load_last_pretrained": false,
        "model": "lenet",
        "dataset": "mnist",
        "epochs": 100,
        "batch_size": 60,
        "initialization": "uniform",
        "learning_rate": 0.0012,
        "forget_model": false,
        "disable_cuda": false,
        "pruning_rate": 0.2,
        "pruning_interval": 5,
        "seed": 49
    },
    "test_acc": [
        64.69333333333334,
        69.81833333333334,
        82.17333333333333,
        80.58666666666666,
        81.04,
        71.31833333333333,
        82.775,
        87.64999999999999,
        89.90833333333333,
        91.32000000000001,
        90.36999999999999,
        92.25999999999999,
        93.75666666666666,
        94.96666666666667,
        95.92,
        94.42,
        96.325,
        97.34333333333333,
        97.78666666666666,
        98.46166666666667,
        95.93,
        97.45166666666667,
        97.985,
        98.86166666666666,
        98.99666666666667,
        96.89833333333333,
        98.06666666666666,
        98.81833333333333,
        98.91833333333334,
        99.485,
        97.39666666666666,
        98.57833333333333,
        98.97333333333333,
        99.26,
        99.36666666666667,
        97.33666666666667,
        98.48833333333333,
        99.05833333333334,
        99.35833333333333,
        99.51333333333334,
        97.34833333333334,
        98.61666666666666,
        99.06333333333333,
        99.39333333333333,
        99.56833333333334,
        97.075,
        98.44000000000001,
        99.07666666666667,
        99.34333333333333,
        99.46000000000001,
        96.68333333333334,
        98.31166666666667,
        98.90333333333334,
        99.21,
        99.40666666666667,
        96.285,
        97.98166666666667,
        98.71,
        99.03833333333333,
        99.31833333333333,
        96.00666666666666,
        97.845,
        98.42,
        98.79833333333333,
        98.89833333333333,
        95.3,
        97.37,
        98.06666666666666,
        98.46333333333334,
        98.73166666666665,
        94.51833333333333,
        96.89,
        97.64333333333333,
        98.07666666666667,
        98.39333333333333,
        92.92333333333333,
        96.24833333333333,
        97.23,
        97.75666666666667,
        97.99166666666666,
        92.04833333333333,
        95.74666666666667,
        96.80833333333332,
        97.28833333333333,
        97.52499999999999,
        82.97166666666666,
        93.07333333333332,
        94.60666666666665,
        95.39999999999999,
        95.87166666666667,
        65.34,
        92.33,
        94.155,
        95.045,
        95.44333333333334,
        63.75666666666666,
        88.36666666666667,
        91.12833333333333,
        92.635,
        93.11500000000001
    ],
    "test_loss": [
        1142.5449647595883,
        31.40139753460884,
        34.51201918709278,
        33.35634623110295,
        35.379039977133274,
        2.033320526957512,
        1.2103134690523147,
        0.6449743670523167,
        0.4350383075475693,
        0.3426047810986638,
        0.7164239293783903,
        0.30790214298665525,
        0.2501935551054776,
        0.20681395726650953,
        0.16467984942905606,
        0.3554632331468165,
        0.16957368548959495,
        0.1199333237344399,
        0.09067213829886168,
        0.0714962010551244,
        0.28680440386012196,
        0.1136699484884739,
        0.0770097265378572,
        0.058374607446836306,
        0.044218914481345566,
        0.26742894322238864,
        0.08656137989275157,
        0.056997574333800004,
        0.04344349280826282,
        0.03233013476547785,
        0.2753160036057234,
        0.07708039178978651,
        0.05029738047893625,
        0.03563719117850996,
        0.028374382487207184,
        0.29971061836369334,
        0.07429105471959338,
        0.0453845229363069,
        0.03316762203688268,
        0.025900158946518786,
        0.3393851021239534,
        0.07531171134021133,
        0.04584091228735633,
        0.03277733170695137,
        0.025519234512932597,
        0.3785526102893054,
        0.0786289400444366,
        0.04881354980636388,
        0.035420995106338525,
        0.027163767142017604,
        0.443777177836746,
        0.08691513487603515,
        0.05336796132382005,
        0.038550746783963405,
        0.02967697775288252,
        0.5170081217065453,
        0.09821274659223854,
        0.06097306119836867,
        0.04397168335597962,
        0.03469757941598073,
        0.6358777852095664,
        0.10945361612644046,
        0.06956183412810787,
        0.05247777235531248,
        0.04274728314136155,
        0.8023500911779702,
        0.12420367096457631,
        0.08082816051784902,
        0.06269991743098945,
        0.052243395256577056,
        1.014966813456267,
        0.1494740817528218,
        0.09712093618884683,
        0.07593209366826341,
        0.06421132912300527,
        1.2456197518855334,
        0.22196838533878327,
        0.11754775567352772,
        0.08986954976711423,
        0.07697612660052255,
        1.359193913385272,
        0.22096943448111414,
        0.13305869182758034,
        0.10515334720816463,
        0.09091638956358657,
        1.6653271753191947,
        0.45181556552648544,
        0.24627036929130555,
        0.18984680550545455,
        0.16030384285002947,
        1.8486224382519723,
        0.6604316717535257,
        0.27599538954347375,
        0.2028281508423388,
        0.17370356788113714,
        1.979634137392044,
        0.9144877181649208,
        0.4899415494203567,
        0.37380253072083,
        0.31060238264501094
    ],
    "train_acc": [
        63.970000000000006,
        70.0,
        82.62,
        80.75,
        81.01,
        72.28999999999999,
        83.63000000000001,
        88.49000000000001,
        90.32,
        91.58,
        90.84,
        92.45,
        93.45,
        94.55,
        95.54,
        94.25,
        95.83,
        96.83,
        97.24000000000001,
        97.61999999999999,
        95.66,
        97.00999999999999,
        97.44,
        97.65,
        97.72999999999999,
        96.45,
        97.39999999999999,
        97.76,
        97.71,
        98.09,
        96.94,
        97.61,
        97.92,
        97.94,
        97.99,
        96.95,
        97.66,
        98.07000000000001,
        98.09,
        98.07000000000001,
        96.91,
        97.8,
        97.92,
        98.0,
        98.11999999999999,
        96.71,
        97.65,
        98.06,
        98.0,
        98.04,
        96.37,
        97.55,
        97.85000000000001,
        98.00999999999999,
        97.99,
        96.00999999999999,
        97.3,
        97.69,
        97.89999999999999,
        97.86,
        95.62,
        97.23,
        97.52,
        97.65,
        97.77,
        95.23,
        96.72,
        97.2,
        97.28999999999999,
        97.63,
        94.44,
        96.49,
        96.98,
        97.25,
        97.34,
        93.31,
        95.94,
        96.57,
        97.02,
        96.98,
        92.62,
        95.30999999999999,
        96.1,
        96.36,
        96.58,
        83.55,
        92.88,
        93.91000000000001,
        94.78,
        95.22,
        66.09,
        92.11,
        93.84,
        94.58,
        94.91000000000001,
        63.72,
        88.2,
        90.49000000000001,
        92.02,
        92.49000000000001
    ],
    "train_loss": [
        32.08657682727197,
        48.82516206524329,
        23.698483487089238,
        35.670516790744074,
        34.27140095990575,
        1.6422013615419764,
        0.8178453638168153,
        0.49027734102603204,
        0.36479495920820865,
        0.3031496581827809,
        0.3377034059184754,
        0.2606119091906947,
        0.22210287340654583,
        0.1826452661283359,
        0.151395906142132,
        0.1964275950934002,
        0.13541376879606062,
        0.10594147384378635,
        0.09437644453217348,
        0.07572039115538229,
        0.14198305618441748,
        0.09777186158486827,
        0.08639109694582973,
        0.07254020119933578,
        0.07517650280730565,
        0.11421478033333482,
        0.0852374294215066,
        0.07197280425695468,
        0.07543389516893752,
        0.06551704300751542,
        0.10378698973420138,
        0.07612063117816063,
        0.06573906173639579,
        0.06856216552658954,
        0.06718529371125066,
        0.10215301366110226,
        0.07430045875514339,
        0.06377315612420618,
        0.061287093253019904,
        0.06320420030049957,
        0.10722337694403654,
        0.07045890440506314,
        0.06368728271060942,
        0.06134469088579634,
        0.06231616451655944,
        0.11268744946730708,
        0.07971769727175375,
        0.06380566509027859,
        0.06393813340531516,
        0.06425297633301422,
        0.12395556041312789,
        0.08134671601238186,
        0.068919458097505,
        0.06659891820599152,
        0.06640908241405816,
        0.14464611160808694,
        0.09000791836819963,
        0.07655012399560499,
        0.07061736355396267,
        0.06820167514389593,
        0.1527484903212436,
        0.09905514431124676,
        0.08426316029219302,
        0.08193722427794765,
        0.07795329374389466,
        0.17515739359095425,
        0.11127806901597156,
        0.09294010007274366,
        0.09071545355568478,
        0.08363020425930084,
        0.2018619312676127,
        0.12566632862219554,
        0.10623843936684603,
        0.09611187165625348,
        0.08929404396073011,
        0.34412536141044364,
        0.15378920776312222,
        0.1192038778081804,
        0.10512858965506632,
        0.1021247433392543,
        0.3402826515678874,
        0.1681195503758813,
        0.1303790631051549,
        0.11831889020468661,
        0.11445519385558224,
        0.7672065435769315,
        0.29896577237965816,
        0.22692405249544245,
        0.19541164537791364,
        0.17759131099248004,
        1.0862166189148041,
        0.3705100599163307,
        0.23917294164260705,
        0.20451139979912136,
        0.18956540605265224,
        1.4473694605741672,
        0.5876180286892874,
        0.43545346113736044,
        0.35077353330429445,
        0.3125795534181738
    ],
    "sparsity": [
        0.0,
        0.0,
        0.0,
        0.0,
        0.0,
        0.2,
        0.2,
        0.2,
        0.2,
        0.2,
        0.3599977495217734,
        0.3599977495217734,
        0.3599977495217734,
        0.3599977495217734,
        0.3599977495217734,
        0.4879899478639211,
        0.4879899478639211,
        0.4879899478639211,
        0.4879899478639211,
        0.4879899478639211,
        0.5903829563782304,
        0.5903829563782304,
        0.5903829563782304,
        0.5903829563782304,
        0.5903829563782304,
        0.6722966130302689,
        0.6722966130302689,
        0.6722966130302689,
        0.6722966130302689,
        0.6722966130302689,
        0.7378267881924909,
        0.7378267881924909,
        0.7378267881924909,
        0.7378267881924909,
        0.7378267881924909,
        0.7902516784816773,
        0.7902516784816773,
        0.7902516784816773,
        0.7902516784816773,
        0.7902516784816773,
        0.8321893402347998,
        0.8321893402347998,
        0.8321893402347998,
        0.8321893402347998,
        0.8321893402347998,
        0.8657364689996624,
        0.8657364689996624,
        0.8657364689996624,
        0.8657364689996624,
        0.8657364689996624,
        0.8925809234462323,
        0.8925809234462323,
        0.8925809234462323,
        0.8925809234462323,
        0.8925809234462323,
        0.9140504857282172,
        0.9140504857282172,
        0.9140504857282172,
        0.9140504857282172,
        0.9140504857282172,
        0.9312291361914407,
        0.9312291361914407,
        0.9312291361914407,
        0.9312291361914407,
        0.9312291361914407,
        0.944968305764975,
        0.944968305764975,
        0.944968305764975,
        0.944968305764975,
        0.944968305764975,
        0.9559618919020292,
        0.9559618919020292,
        0.9559618919020292,
        0.9559618919020292,
        0.9559618919020292,
        0.9647612617681257,
        0.9647612617681257,
        0.9647612617681257,
        0.9647612617681257,
        0.9647612617681257,
        0.9717977570233675,
        0.9717977570233675,
        0.9717977570233675,
        0.9717977570233675,
        0.9717977570233675,
        0.9774314541840141,
        0.9774314541840141,
        0.9774314541840141,
        0.9774314541840141,
        0.9774314541840141,
        0.981928659840216,
        0.981928659840216,
        0.981928659840216,
        0.981928659840216,
        0.981928659840216,
        0.9855294250028132,
        0.9855294250028132,
        0.9855294250028132,
        0.9855294250028132,
        0.9855294250028132
    ]
}