{
    "args": {
        "load_last_pretrained": false,
        "model": "lenet",
        "dataset": "mnist",
        "epochs": 100,
        "batch_size": 60,
        "initialization": "xavier-uniform",
        "learning_rate": 0.0012,
        "forget_model": false,
        "disable_cuda": false,
        "pruning_rate": 0.2,
        "pruning_interval": 5,
        "seed": 52
    },
    "test_acc": [
        97.10833333333333,
        98.23833333333334,
        98.895,
        98.89833333333333,
        99.26666666666667,
        97.085,
        98.28,
        98.73333333333333,
        99.10833333333333,
        99.185,
        97.135,
        98.32499999999999,
        98.46666666666667,
        99.195,
        99.49333333333334,
        97.39333333333333,
        98.6,
        99.09666666666666,
        99.30666666666667,
        99.08333333333333,
        97.40666666666667,
        98.75500000000001,
        99.08666666666667,
        99.57333333333334,
        99.59666666666666,
        97.665,
        98.82166666666666,
        99.28333333333333,
        99.53999999999999,
        99.56666666666666,
        97.61999999999999,
        98.94666666666667,
        99.23666666666666,
        99.66833333333334,
        99.74,
        97.885,
        98.95,
        99.455,
        99.63166666666666,
        99.59333333333333,
        97.53833333333334,
        98.875,
        99.435,
        99.67,
        99.76833333333333,
        97.47166666666666,
        98.81333333333333,
        99.26166666666667,
        99.60333333333334,
        99.67833333333334,
        97.085,
        98.6,
        99.10666666666667,
        99.45666666666668,
        99.60666666666667,
        96.65333333333334,
        98.36166666666666,
        98.92,
        99.21333333333334,
        99.465,
        95.91833333333334,
        97.90166666666667,
        98.65833333333333,
        99.03666666666666,
        99.3,
        95.26333333333334,
        97.355,
        98.17166666666667,
        98.51333333333334,
        98.84833333333334,
        94.63833333333334,
        96.85666666666667,
        97.82833333333333,
        98.22833333333332,
        98.42666666666666,
        79.71166666666667,
        93.72,
        95.705,
        96.50666666666666,
        96.97166666666666,
        78.72,
        93.01833333333333,
        95.20666666666666,
        96.07833333333333,
        96.595,
        68.88166666666666,
        79.86,
        83.29166666666666,
        84.19166666666666,
        84.90166666666667,
        56.755,
        71.67833333333333,
        82.31166666666667,
        83.65333333333334,
        84.28999999999999,
        63.19166666666667,
        70.27,
        79.925,
        81.43333333333334,
        81.955
    ],
    "test_loss": [
        0.2159114540182054,
        0.08837707629357465,
        0.0601724070168566,
        0.0447452214845689,
        0.034418972795217995,
        0.2645858978768811,
        0.09173429200798273,
        0.061452046585734936,
        0.043250755697954446,
        0.03290356307750335,
        0.2557491642832756,
        0.08228732490865513,
        0.05488640662899707,
        0.038856680986704306,
        0.02880511409882456,
        0.25421145278401674,
        0.0781775432729628,
        0.049854715556662994,
        0.034926561103842686,
        0.02465008192983805,
        0.25282898772507906,
        0.07231888261344284,
        0.04330523145699408,
        0.03031272405560594,
        0.020543841256061568,
        0.2517545591103844,
        0.06312105976999738,
        0.03707692531542853,
        0.025672523103072307,
        0.017923834307934157,
        0.2671704075243324,
        0.06223480170336552,
        0.03588831189053599,
        0.024548292536579537,
        0.016975630194094263,
        0.2875248430240899,
        0.06075195913133211,
        0.03400191198533867,
        0.022919870574056405,
        0.016037455843019417,
        0.3157393407337368,
        0.06451477949880063,
        0.03664169726939872,
        0.02416977107920684,
        0.016689470288954907,
        0.3598850859180093,
        0.06808211798174307,
        0.03918087528599426,
        0.026612161168712192,
        0.018825491128576687,
        0.4185175603181124,
        0.07657271232595667,
        0.04395453575439751,
        0.02990869892120827,
        0.02164595512294909,
        0.48890901453234253,
        0.08666420963034034,
        0.05100386053649709,
        0.03592128552752547,
        0.027027678992366418,
        0.6004078403785825,
        0.10801779060671106,
        0.06536100257374346,
        0.04673767645657063,
        0.03699583275150508,
        0.7540901434607804,
        0.12840702625643463,
        0.08306737333023921,
        0.06188587183970958,
        0.04950581001373939,
        0.939499229811132,
        0.142559108203277,
        0.09491487730573862,
        0.0730352991768159,
        0.06083705177414231,
        1.452393021464348,
        0.5436723102033139,
        0.2560345167145133,
        0.16385954619571566,
        0.12820154285989702,
        1.4444953590035439,
        0.6210961230695248,
        0.31926462142169476,
        0.19878013630211352,
        0.15274421426281332,
        1.6894623132348061,
        0.896677316069603,
        0.5722383187115192,
        0.423407154455781,
        0.33720342598855496,
        1.8374689055681228,
        1.0526340391039848,
        0.6960800174474716,
        0.4467714295834303,
        0.3528810847401619,
        1.9785703773498535,
        1.117865497469902,
        0.7911799786686897,
        0.6096581682860851,
        0.5062364858537912
    ],
    "train_acc": [
        96.7,
        97.15,
        97.66,
        97.61999999999999,
        98.03,
        96.41,
        97.41,
        97.72,
        97.76,
        97.81,
        96.59,
        97.49,
        97.44,
        97.83,
        98.06,
        96.73,
        97.63,
        98.00999999999999,
        97.66,
        97.65,
        96.75,
        97.72999999999999,
        97.91,
        98.25,
        98.08,
        97.17,
        97.65,
        98.1,
        98.1,
        97.92999999999999,
        97.04,
        97.96000000000001,
        97.89,
        98.21,
        97.87,
        97.22,
        97.86,
        98.15,
        98.18,
        98.09,
        97.14,
        97.86,
        97.94,
        98.27,
        98.21,
        96.87,
        97.67,
        97.97,
        98.06,
        97.98,
        96.57,
        97.7,
        97.72,
        97.96000000000001,
        98.11999999999999,
        96.36,
        97.52,
        97.83,
        97.85000000000001,
        97.95,
        95.67,
        97.25,
        97.68,
        97.81,
        97.89,
        94.89999999999999,
        96.73,
        97.3,
        97.47,
        97.63,
        94.48,
        96.32,
        96.94,
        97.25,
        97.39999999999999,
        80.15,
        93.2,
        95.06,
        95.57,
        96.04,
        78.84,
        92.53,
        94.75,
        95.27,
        95.59,
        68.51,
        79.39,
        82.77,
        83.50999999999999,
        83.96000000000001,
        56.379999999999995,
        71.05,
        81.74,
        83.12,
        83.61,
        63.5,
        70.07,
        79.31,
        81.04,
        81.3
    ],
    "train_loss": [
        0.10579912561900959,
        0.08285805724929282,
        0.07406936198316827,
        0.0799959246989362,
        0.06690347990199566,
        0.11259704774167545,
        0.0835253082600584,
        0.07580682990199769,
        0.06999945047612631,
        0.07460373400659635,
        0.10783910244970979,
        0.08096181758272344,
        0.08653372703928745,
        0.06894881909149894,
        0.0690264522898273,
        0.1044313682934749,
        0.07147913095178808,
        0.06551910611845464,
        0.06800091671785284,
        0.08316235398228174,
        0.09893799765582034,
        0.07137064126035768,
        0.06797324658181897,
        0.05879374858707156,
        0.06486095049248417,
        0.09572087059879375,
        0.07340887510970592,
        0.0607532728860757,
        0.061342765702615064,
        0.07247558193442323,
        0.0948466876867467,
        0.06807865088102882,
        0.06788807490235474,
        0.06237959165110749,
        0.07225631267699541,
        0.09352083272763534,
        0.06760119339506962,
        0.06155824747904131,
        0.06041998977941589,
        0.07468812923420438,
        0.09703575088056976,
        0.06616465879804985,
        0.06205819643236429,
        0.05995058017004906,
        0.06458089422451299,
        0.10709292175036347,
        0.07240523733087108,
        0.06499791617120454,
        0.06337672528604459,
        0.07015692933691209,
        0.11694282597811993,
        0.07567232751014258,
        0.0701872350586701,
        0.06588554501597642,
        0.06688944981461335,
        0.12759264083411878,
        0.07971742757858184,
        0.07058811253550167,
        0.06745170327851516,
        0.06947191482100323,
        0.15382153175012794,
        0.09778264847522725,
        0.07747571173397277,
        0.07279157758729454,
        0.07154116176297431,
        0.1775632802240863,
        0.11355030667148307,
        0.09397285963090772,
        0.08703306027336749,
        0.08308209303186503,
        0.19653095454423727,
        0.1276204619824351,
        0.10562718366858309,
        0.09564963685527086,
        0.0920586669455076,
        0.7646492480517861,
        0.36815745039971287,
        0.22031993374317707,
        0.17411999279510476,
        0.15128634122763565,
        0.8251509434448745,
        0.460189727073658,
        0.26047197653504905,
        0.20272567252556006,
        0.17724604717271772,
        1.1377545327483536,
        0.720464957509926,
        0.503756143197328,
        0.39310500614657373,
        0.3448750919210697,
        1.310852393418729,
        0.8652584292217643,
        0.5620427315463563,
        0.40022023967997045,
        0.3546650562279239,
        1.39539825273845,
        0.9367607739157305,
        0.7108089445593828,
        0.5773243415141533,
        0.49965419651505477
    ],
    "sparsity": [
        0.0,
        0.0,
        0.0,
        0.0,
        0.0,
        0.2,
        0.2,
        0.2,
        0.2,
        0.2,
        0.3599977495217734,
        0.3599977495217734,
        0.3599977495217734,
        0.3599977495217734,
        0.3599977495217734,
        0.4879899478639211,
        0.4879899478639211,
        0.4879899478639211,
        0.4879899478639211,
        0.4879899478639211,
        0.5903829563782304,
        0.5903829563782304,
        0.5903829563782304,
        0.5903829563782304,
        0.5903829563782304,
        0.6722966130302689,
        0.6722966130302689,
        0.6722966130302689,
        0.6722966130302689,
        0.6722966130302689,
        0.7378267881924909,
        0.7378267881924909,
        0.7378267881924909,
        0.7378267881924909,
        0.7378267881924909,
        0.7902516784816773,
        0.7902516784816773,
        0.7902516784816773,
        0.7902516784816773,
        0.7902516784816773,
        0.8321893402347998,
        0.8321893402347998,
        0.8321893402347998,
        0.8321893402347998,
        0.8321893402347998,
        0.8657364689996624,
        0.8657364689996624,
        0.8657364689996624,
        0.8657364689996624,
        0.8657364689996624,
        0.8925809234462323,
        0.8925809234462323,
        0.8925809234462323,
        0.8925809234462323,
        0.8925809234462323,
        0.9140504857282172,
        0.9140504857282172,
        0.9140504857282172,
        0.9140504857282172,
        0.9140504857282172,
        0.9312291361914407,
        0.9312291361914407,
        0.9312291361914407,
        0.9312291361914407,
        0.9312291361914407,
        0.944968305764975,
        0.944968305764975,
        0.944968305764975,
        0.944968305764975,
        0.944968305764975,
        0.9559618919020292,
        0.9559618919020292,
        0.9559618919020292,
        0.9559618919020292,
        0.9559618919020292,
        0.9647612617681257,
        0.9647612617681257,
        0.9647612617681257,
        0.9647612617681257,
        0.9647612617681257,
        0.9717977570233675,
        0.9717977570233675,
        0.9717977570233675,
        0.9717977570233675,
        0.9717977570233675,
        0.9774314541840141,
        0.9774314541840141,
        0.9774314541840141,
        0.9774314541840141,
        0.9774314541840141,
        0.981928659840216,
        0.981928659840216,
        0.981928659840216,
        0.981928659840216,
        0.981928659840216,
        0.9855294250028132,
        0.9855294250028132,
        0.9855294250028132,
        0.9855294250028132,
        0.9855294250028132
    ]
}