{
    "args": {
        "load_last_pretrained": false,
        "model": "lenet",
        "dataset": "mnist",
        "epochs": 100,
        "batch_size": 60,
        "initialization": "normal",
        "learning_rate": 0.0012,
        "forget_model": false,
        "disable_cuda": false,
        "pruning_rate": 0.2,
        "pruning_interval": 5,
        "seed": 48
    },
    "test_acc": [
        89.30166666666666,
        92.345,
        94.485,
        95.45333333333333,
        96.165,
        90.04833333333333,
        92.69,
        94.86833333333334,
        95.40333333333334,
        97.00833333333333,
        95.04833333333333,
        97.29666666666667,
        97.93833333333333,
        98.62666666666667,
        98.83999999999999,
        96.98833333333333,
        98.20333333333333,
        98.885,
        99.19333333333333,
        99.245,
        97.295,
        98.395,
        99.25,
        99.235,
        99.45166666666667,
        97.81666666666666,
        98.625,
        99.04166666666666,
        99.42166666666667,
        99.63499999999999,
        97.81166666666667,
        98.88,
        99.07666666666667,
        99.5,
        99.695,
        97.90666666666667,
        98.92,
        99.27333333333334,
        99.59,
        99.6,
        97.76666666666667,
        99.02333333333333,
        99.295,
        99.52499999999999,
        99.615,
        97.66333333333334,
        98.83333333333333,
        99.39,
        99.54333333333332,
        99.645,
        97.21333333333332,
        98.55833333333334,
        99.22833333333332,
        99.45,
        99.55333333333334,
        97.00833333333333,
        98.42833333333333,
        98.99833333333333,
        99.34833333333334,
        99.49666666666667,
        96.41833333333332,
        98.07166666666667,
        98.61333333333333,
        99.01333333333334,
        99.25333333333334,
        95.67833333333333,
        97.62166666666666,
        98.35166666666667,
        98.76333333333334,
        99.04833333333333,
        95.255,
        97.195,
        97.97,
        98.35333333333334,
        98.64,
        94.02833333333334,
        96.655,
        97.47,
        97.91333333333333,
        98.25,
        92.98833333333333,
        96.24000000000001,
        97.15666666666667,
        97.64166666666667,
        97.82499999999999,
        89.395,
        94.78833333333333,
        95.87166666666667,
        96.43166666666667,
        96.75666666666667,
        87.17,
        94.24333333333334,
        95.505,
        96.05833333333334,
        96.44166666666666,
        77.265,
        93.015,
        94.58333333333333,
        95.23666666666666,
        95.59833333333333
    ],
    "test_loss": [
        72.89825825589895,
        16.857043821484844,
        9.708551249845884,
        6.232311823660488,
        4.272819237174558,
        0.8923329502791166,
        0.3037156253159046,
        0.22979559354111553,
        0.16816554647218435,
        0.1267053514108993,
        0.3998754642643034,
        0.13641351027227938,
        0.09144987117080018,
        0.06636841228883714,
        0.0513700681081973,
        0.26901813576556743,
        0.09045658365264535,
        0.05875863138714339,
        0.0424439481596346,
        0.032659342036407905,
        0.25147816496528685,
        0.07566611258080229,
        0.049298476033494805,
        0.03496755637205206,
        0.026517639030280406,
        0.25100253736414013,
        0.06810598362004384,
        0.04251655794098042,
        0.030670520844403654,
        0.02177230188038084,
        0.25816333149094134,
        0.061781169279944155,
        0.037066732508712445,
        0.026971484242938458,
        0.018003389161880476,
        0.2723923204485327,
        0.06008374319691211,
        0.03518084464652929,
        0.024334444625128526,
        0.017235331179312197,
        0.3056669346112758,
        0.0608699721256271,
        0.035010062087327244,
        0.024126511744456364,
        0.017218462217308116,
        0.34813625015132127,
        0.06670969451824203,
        0.03838904974609613,
        0.026403202877379954,
        0.019286787479708436,
        0.40616674617119136,
        0.07399154128925875,
        0.04463313808338717,
        0.030850454640924,
        0.02298646153404843,
        0.4769815746285021,
        0.08283235090505332,
        0.05101771549787373,
        0.035625735671725126,
        0.027294239809387364,
        0.5819311246629805,
        0.09837239953037351,
        0.061430760120041665,
        0.04536615100735798,
        0.035663802314084024,
        0.7204296198710799,
        0.11327730453480035,
        0.072107408198528,
        0.05407405079575255,
        0.04347225656406954,
        0.87669880271703,
        0.1306210070364177,
        0.08619266009517014,
        0.06638291400671005,
        0.054604221771704035,
        1.1101803540959954,
        0.15775770707055925,
        0.1049524941407144,
        0.08181000603735447,
        0.06907309095701203,
        1.3341712756305932,
        0.17803795546852053,
        0.11699416295066475,
        0.09322742499317974,
        0.08033171816915273,
        1.6317131149768829,
        0.3581040875688195,
        0.2054049368239939,
        0.15667774279415608,
        0.13076805472560227,
        1.6721891238093376,
        0.3859782987087965,
        0.21883072513341903,
        0.16950664844363927,
        0.14446658041700722,
        1.8994561507105827,
        0.5042836914658546,
        0.2588972243368626,
        0.19900591967254877,
        0.17179733096063138
    ],
    "train_acc": [
        89.25,
        91.19,
        92.44,
        93.4,
        93.78999999999999,
        90.21000000000001,
        92.63,
        94.44,
        95.02000000000001,
        96.21,
        94.65,
        96.72,
        97.17,
        97.52,
        97.66,
        96.49,
        97.41,
        97.7,
        97.94,
        97.71,
        96.54,
        97.54,
        97.92999999999999,
        97.88,
        97.99,
        97.22,
        97.45,
        98.05,
        98.04,
        98.04,
        97.18,
        97.65,
        97.72,
        97.99,
        98.00999999999999,
        97.21,
        97.89999999999999,
        97.61999999999999,
        98.16,
        97.94,
        97.19,
        97.95,
        97.94,
        98.06,
        98.04,
        97.1,
        97.72,
        97.89999999999999,
        98.0,
        98.1,
        96.7,
        97.66,
        97.98,
        98.00999999999999,
        97.97,
        96.66,
        97.54,
        97.92,
        97.92999999999999,
        98.1,
        96.15,
        97.41,
        97.61999999999999,
        97.81,
        97.91,
        95.50999999999999,
        97.02,
        97.55,
        97.78,
        97.88,
        95.15,
        96.7,
        97.14,
        97.39999999999999,
        97.45,
        94.13,
        96.26,
        96.87,
        97.08,
        97.34,
        93.37,
        96.08,
        96.87,
        97.06,
        97.24000000000001,
        89.72,
        94.84,
        95.5,
        95.89,
        96.11,
        87.11,
        94.35,
        95.28999999999999,
        95.69,
        95.86,
        77.31,
        93.08999999999999,
        94.34,
        94.86,
        95.17
    ],
    "train_loss": [
        21.34824039693364,
        13.328482037175915,
        9.978226027624336,
        8.235294594825385,
        7.159588403509645,
        0.335357749622739,
        0.2549072226319841,
        0.19366158752473528,
        0.16247208829143803,
        0.1204404832828723,
        0.17905790690042658,
        0.10969715970875082,
        0.09277644117702981,
        0.08025517767507159,
        0.08055711133282877,
        0.11030006526919182,
        0.08655378927928424,
        0.07426480482287794,
        0.0668788299767557,
        0.0744387270021113,
        0.10785046732889678,
        0.08093096075501449,
        0.06773038379413014,
        0.06741506925123203,
        0.06745144647677168,
        0.09027246424850233,
        0.07735040848293973,
        0.06370435686904692,
        0.062206329280457565,
        0.07017556817339131,
        0.09285585647504666,
        0.07129862822291112,
        0.07175580331146672,
        0.06594659866065256,
        0.0680743918979323,
        0.09063203055076971,
        0.06839655830195832,
        0.07107761502405349,
        0.06180963227155892,
        0.07264335265834146,
        0.0921749787817815,
        0.06565098895016544,
        0.06487005542019873,
        0.06745664520861168,
        0.06706101143932038,
        0.10191047454843978,
        0.07118017341618142,
        0.06411513023379588,
        0.06356067030340667,
        0.06613039981934916,
        0.11163604807130947,
        0.07743909418538301,
        0.06451242139652193,
        0.0652044779303188,
        0.06856267680246718,
        0.11780115562730921,
        0.07852503056721595,
        0.06734294136763065,
        0.06568156351498468,
        0.06538495151005395,
        0.1373142355127249,
        0.09266894055296204,
        0.08082662859909281,
        0.07448289043431779,
        0.07159647353629242,
        0.15827533410873243,
        0.10037471902763058,
        0.08396922288919816,
        0.07437998191091026,
        0.07227096858038427,
        0.1776326619155571,
        0.11584841367414968,
        0.09550590021814594,
        0.0879054411236353,
        0.08464674956393903,
        0.21481680602370623,
        0.1322600399394949,
        0.1095989192696567,
        0.09511096207815373,
        0.09139380008428397,
        0.25467520724692033,
        0.1448318101465702,
        0.11547847258339743,
        0.10416188978863333,
        0.09978755566007096,
        0.5783409515540757,
        0.25082252009543116,
        0.1859358892647806,
        0.15849956415013638,
        0.14202579543619098,
        0.6499112951541375,
        0.26887720448528224,
        0.19831580097625356,
        0.17140510979437543,
        0.15673748551014655,
        0.9717942433442898,
        0.3219187881596788,
        0.23193294349723234,
        0.20081447687245416,
        0.1838856448090362
    ],
    "sparsity": [
        0.0,
        0.0,
        0.0,
        0.0,
        0.0,
        0.2,
        0.2,
        0.2,
        0.2,
        0.2,
        0.3599977495217734,
        0.3599977495217734,
        0.3599977495217734,
        0.3599977495217734,
        0.3599977495217734,
        0.4879899478639211,
        0.4879899478639211,
        0.4879899478639211,
        0.4879899478639211,
        0.4879899478639211,
        0.5903829563782304,
        0.5903829563782304,
        0.5903829563782304,
        0.5903829563782304,
        0.5903829563782304,
        0.6722966130302689,
        0.6722966130302689,
        0.6722966130302689,
        0.6722966130302689,
        0.6722966130302689,
        0.7378267881924909,
        0.7378267881924909,
        0.7378267881924909,
        0.7378267881924909,
        0.7378267881924909,
        0.7902516784816773,
        0.7902516784816773,
        0.7902516784816773,
        0.7902516784816773,
        0.7902516784816773,
        0.8321893402347998,
        0.8321893402347998,
        0.8321893402347998,
        0.8321893402347998,
        0.8321893402347998,
        0.8657364689996624,
        0.8657364689996624,
        0.8657364689996624,
        0.8657364689996624,
        0.8657364689996624,
        0.8925809234462323,
        0.8925809234462323,
        0.8925809234462323,
        0.8925809234462323,
        0.8925809234462323,
        0.9140504857282172,
        0.9140504857282172,
        0.9140504857282172,
        0.9140504857282172,
        0.9140504857282172,
        0.9312291361914407,
        0.9312291361914407,
        0.9312291361914407,
        0.9312291361914407,
        0.9312291361914407,
        0.944968305764975,
        0.944968305764975,
        0.944968305764975,
        0.944968305764975,
        0.944968305764975,
        0.9559618919020292,
        0.9559618919020292,
        0.9559618919020292,
        0.9559618919020292,
        0.9559618919020292,
        0.9647612617681257,
        0.9647612617681257,
        0.9647612617681257,
        0.9647612617681257,
        0.9647612617681257,
        0.9717977570233675,
        0.9717977570233675,
        0.9717977570233675,
        0.9717977570233675,
        0.9717977570233675,
        0.9774314541840141,
        0.9774314541840141,
        0.9774314541840141,
        0.9774314541840141,
        0.9774314541840141,
        0.981928659840216,
        0.981928659840216,
        0.981928659840216,
        0.981928659840216,
        0.981928659840216,
        0.9855294250028132,
        0.9855294250028132,
        0.9855294250028132,
        0.9855294250028132,
        0.9855294250028132
    ]
}