{
    "args": {
        "load_last_pretrained": false,
        "model": "lenet",
        "dataset": "mnist",
        "epochs": 100,
        "batch_size": 60,
        "initialization": "normal",
        "learning_rate": 0.0012,
        "forget_model": false,
        "disable_cuda": false,
        "pruning_rate": 0.2,
        "pruning_interval": 5,
        "seed": 45
    },
    "test_acc": [
        88.25333333333333,
        92.03666666666666,
        94.03666666666666,
        95.06,
        96.38166666666666,
        90.23,
        93.05499999999999,
        94.36166666666666,
        95.41666666666667,
        96.49333333333333,
        95.17,
        97.11999999999999,
        97.94833333333334,
        98.44666666666667,
        98.89333333333333,
        96.99833333333333,
        97.975,
        98.79166666666667,
        99.03,
        99.22666666666666,
        97.26,
        98.49833333333333,
        98.74333333333334,
        99.04333333333334,
        99.44333333333333,
        97.35166666666667,
        98.86,
        99.18833333333333,
        99.47333333333333,
        99.58500000000001,
        97.74666666666667,
        98.97333333333333,
        99.26333333333334,
        99.31166666666667,
        99.68,
        97.93333333333332,
        98.74666666666667,
        99.33166666666666,
        99.59333333333333,
        99.67333333333333,
        97.64833333333334,
        98.905,
        99.395,
        99.42833333333333,
        99.64833333333334,
        97.52666666666666,
        98.78666666666666,
        99.21166666666666,
        99.39,
        99.62666666666667,
        97.24333333333334,
        98.6,
        99.15833333333333,
        99.39666666666666,
        99.62333333333333,
        96.89999999999999,
        98.34833333333334,
        98.96666666666667,
        99.355,
        99.47,
        96.34833333333333,
        98.05833333333334,
        98.44833333333334,
        99.02,
        99.21,
        95.87666666666667,
        97.72999999999999,
        98.32333333333332,
        98.81333333333333,
        99.08166666666666,
        94.84,
        97.22166666666666,
        97.88333333333334,
        98.22333333333333,
        98.60833333333333,
        94.28833333333333,
        96.83500000000001,
        97.52833333333332,
        98.03500000000001,
        98.28166666666667,
        92.94333333333333,
        96.34,
        97.20833333333333,
        97.46166666666667,
        97.76666666666667,
        91.05833333333334,
        95.44666666666667,
        96.585,
        97.06166666666667,
        97.38333333333333,
        83.10333333333332,
        92.01666666666667,
        94.215,
        95.02166666666668,
        95.45166666666667,
        45.415,
        77.55666666666666,
        81.27333333333333,
        82.645,
        83.455
    ],
    "test_loss": [
        89.07074990320206,
        18.898659793664763,
        10.832300313055516,
        7.008985621374299,
        4.840816393434313,
        0.977332921281457,
        0.29055523880198597,
        0.22417053455486893,
        0.17415585653297602,
        0.13486133772786707,
        0.40661048763617874,
        0.1411608315370977,
        0.09535083939274773,
        0.06954684208356775,
        0.05324280171329156,
        0.2729815885089338,
        0.09229803918907419,
        0.0590465714422171,
        0.043189440284972076,
        0.03207186594454106,
        0.2538778962790966,
        0.07815112858638168,
        0.04864022850454785,
        0.03572493430296891,
        0.026962818220577903,
        0.2560366131179035,
        0.06964554425049573,
        0.04350129707925953,
        0.029747453180723825,
        0.023109555294562597,
        0.270938113829121,
        0.0641010394457262,
        0.03905708321527345,
        0.026895055467728527,
        0.01875624955620151,
        0.2859228134974837,
        0.06336757834115997,
        0.03713184355304111,
        0.025017509516444988,
        0.018149985155672767,
        0.3150314692296088,
        0.06398554288432934,
        0.03716909755638335,
        0.02604921847220976,
        0.01882563432105235,
        0.3634928779732436,
        0.06932311340561137,
        0.04041347859730013,
        0.0276786096469732,
        0.02013664042094024,
        0.42223934873752295,
        0.07502727863658219,
        0.04410818495904095,
        0.03075195695576258,
        0.02330414544418454,
        0.5065534022394568,
        0.083870658791624,
        0.050849417197983714,
        0.03641198808164336,
        0.027839850460295565,
        0.6033652563281358,
        0.09674990112893284,
        0.06121320234891027,
        0.04517565883765928,
        0.03539322328288108,
        0.7525638256110251,
        0.11010657069087028,
        0.0696637259060517,
        0.05206755351042375,
        0.04165548784960993,
        0.997307676911354,
        0.16545910602621733,
        0.09221111693326384,
        0.07009303727932274,
        0.05796305104461499,
        1.1482972014844417,
        0.16772637010365724,
        0.10097842466738075,
        0.0797838428420946,
        0.06808713746350259,
        1.3880635355710984,
        0.20057531794533134,
        0.1175343716610223,
        0.09461737286252901,
        0.08157036894746125,
        1.5915982427000999,
        0.245108679741621,
        0.1449489944782108,
        0.11445096487179399,
        0.09860909526143223,
        1.8430663192272185,
        0.530885566174984,
        0.28972189608216287,
        0.22215827092528342,
        0.18937025263160467,
        2.0583490241765974,
        1.1644342512488366,
        0.7700950182378292,
        0.6164016578793525,
        0.5341350553631783
    ],
    "train_acc": [
        88.4,
        91.05,
        92.22,
        93.11,
        94.01,
        90.53999999999999,
        92.96,
        93.78999999999999,
        94.66,
        95.84,
        95.08,
        96.38,
        97.06,
        97.21,
        97.66,
        96.47,
        97.1,
        97.75,
        97.68,
        97.61,
        96.72,
        97.5,
        97.63,
        97.78,
        97.98,
        96.67,
        97.83,
        97.89,
        98.13,
        97.98,
        97.06,
        97.85000000000001,
        97.89,
        97.92,
        98.11999999999999,
        97.22,
        97.69,
        98.11,
        98.16,
        98.09,
        97.08,
        97.89,
        98.13,
        98.11,
        97.94,
        96.85000000000001,
        97.75,
        98.02,
        97.86,
        98.00999999999999,
        96.84,
        97.63,
        97.94,
        97.86,
        98.14,
        96.41999999999999,
        97.39999999999999,
        97.78,
        97.83,
        97.84,
        95.86,
        97.13000000000001,
        97.5,
        97.61,
        97.78,
        95.65,
        97.11999999999999,
        97.23,
        97.49,
        97.59,
        94.55,
        96.57,
        97.06,
        97.25,
        97.22,
        94.11,
        96.33,
        96.86,
        97.09,
        97.15,
        93.01,
        95.84,
        96.56,
        96.81,
        96.89,
        91.41,
        94.94,
        95.94,
        96.45,
        96.59,
        83.36,
        91.71000000000001,
        93.47999999999999,
        94.32000000000001,
        94.73,
        45.2,
        77.42,
        80.91000000000001,
        82.07,
        83.05
    ],
    "train_loss": [
        24.82197336593788,
        14.711811241453994,
        11.146114659389692,
        9.643296474646665,
        7.28518562629529,
        0.33227980127948487,
        0.24184032159294197,
        0.20083216198547157,
        0.17117288962988084,
        0.1372528288870336,
        0.16726815742914547,
        0.1148194332668435,
        0.08753274958357661,
        0.0896314689331872,
        0.07910153703362553,
        0.11540929607846244,
        0.0933533860928195,
        0.07671796446554587,
        0.07464810456344467,
        0.07786650486809095,
        0.10754449171443542,
        0.0773670652541081,
        0.076408584586841,
        0.07318694237828768,
        0.06383853380409388,
        0.10725431022663673,
        0.06694248277403994,
        0.0674289932438245,
        0.058960905038224654,
        0.06568324648423823,
        0.09567168025957967,
        0.06955253166386378,
        0.06550481241938105,
        0.07262395287746798,
        0.06545916802081152,
        0.09429693785300869,
        0.07426573824371674,
        0.06080886822550775,
        0.060627531797017256,
        0.06502618753721778,
        0.09749885251422129,
        0.0706296486356212,
        0.06296128844479824,
        0.06539602200835273,
        0.06975902394115546,
        0.10415780196289816,
        0.07258902135734518,
        0.06303341741935757,
        0.06713148996493261,
        0.07051720861471007,
        0.11221906086597257,
        0.07746955401593161,
        0.06658582573946187,
        0.07078456543636938,
        0.0649301344619417,
        0.12085243061318726,
        0.08389901775799825,
        0.07154350093158776,
        0.06799994476284542,
        0.0729447303069365,
        0.14322933826796308,
        0.09710205656972652,
        0.08426272087802965,
        0.07920726491863321,
        0.07693384050581226,
        0.15258529003776475,
        0.10096475042536587,
        0.0907628648345565,
        0.08068800816858956,
        0.08006189617434305,
        0.2749584286869643,
        0.12773923932792183,
        0.10637242578438477,
        0.09529552054675129,
        0.09296254378821545,
        0.2795343151438736,
        0.1316956229742148,
        0.11328166358529808,
        0.10053071779516821,
        0.09789975268018995,
        0.34573795088750875,
        0.14885348824416092,
        0.12351095700959959,
        0.11564865592911751,
        0.10941486166020532,
        0.4136880687075461,
        0.1791823488063441,
        0.13986907754383401,
        0.1257721448016024,
        0.11780867214219834,
        0.9028282850802302,
        0.3593742116661129,
        0.2604011556880917,
        0.22081988648383202,
        0.19971489493629177,
        1.6402996371606153,
        0.8929302085659461,
        0.6870848404433199,
        0.5895821948251324,
        0.53988768829557
    ],
    "sparsity": [
        0.0,
        0.0,
        0.0,
        0.0,
        0.0,
        0.2,
        0.2,
        0.2,
        0.2,
        0.2,
        0.3599977495217734,
        0.3599977495217734,
        0.3599977495217734,
        0.3599977495217734,
        0.3599977495217734,
        0.4879899478639211,
        0.4879899478639211,
        0.4879899478639211,
        0.4879899478639211,
        0.4879899478639211,
        0.5903829563782304,
        0.5903829563782304,
        0.5903829563782304,
        0.5903829563782304,
        0.5903829563782304,
        0.6722966130302689,
        0.6722966130302689,
        0.6722966130302689,
        0.6722966130302689,
        0.6722966130302689,
        0.7378267881924909,
        0.7378267881924909,
        0.7378267881924909,
        0.7378267881924909,
        0.7378267881924909,
        0.7902516784816773,
        0.7902516784816773,
        0.7902516784816773,
        0.7902516784816773,
        0.7902516784816773,
        0.8321893402347998,
        0.8321893402347998,
        0.8321893402347998,
        0.8321893402347998,
        0.8321893402347998,
        0.8657364689996624,
        0.8657364689996624,
        0.8657364689996624,
        0.8657364689996624,
        0.8657364689996624,
        0.8925809234462323,
        0.8925809234462323,
        0.8925809234462323,
        0.8925809234462323,
        0.8925809234462323,
        0.9140504857282172,
        0.9140504857282172,
        0.9140504857282172,
        0.9140504857282172,
        0.9140504857282172,
        0.9312291361914407,
        0.9312291361914407,
        0.9312291361914407,
        0.9312291361914407,
        0.9312291361914407,
        0.944968305764975,
        0.944968305764975,
        0.944968305764975,
        0.944968305764975,
        0.944968305764975,
        0.9559618919020292,
        0.9559618919020292,
        0.9559618919020292,
        0.9559618919020292,
        0.9559618919020292,
        0.9647612617681257,
        0.9647612617681257,
        0.9647612617681257,
        0.9647612617681257,
        0.9647612617681257,
        0.9717977570233675,
        0.9717977570233675,
        0.9717977570233675,
        0.9717977570233675,
        0.9717977570233675,
        0.9774314541840141,
        0.9774314541840141,
        0.9774314541840141,
        0.9774314541840141,
        0.9774314541840141,
        0.981928659840216,
        0.981928659840216,
        0.981928659840216,
        0.981928659840216,
        0.981928659840216,
        0.9855294250028132,
        0.9855294250028132,
        0.9855294250028132,
        0.9855294250028132,
        0.9855294250028132
    ]
}