{
    "args": {
        "load_last_pretrained": false,
        "model": "lenet",
        "dataset": "mnist",
        "epochs": 100,
        "batch_size": 60,
        "initialization": "xavier-normal",
        "learning_rate": 0.0012,
        "forget_model": false,
        "disable_cuda": false,
        "pruning_rate": 0.2,
        "pruning_interval": 5,
        "seed": 51
    },
    "test_acc": [
        96.83666666666667,
        97.63166666666667,
        98.57333333333334,
        99.01166666666667,
        98.91333333333333,
        96.64166666666667,
        98.12666666666667,
        98.63333333333333,
        98.52833333333334,
        99.33999999999999,
        97.07833333333333,
        98.42166666666667,
        98.74166666666667,
        99.28333333333333,
        99.36666666666667,
        97.36166666666666,
        98.54833333333333,
        98.94166666666668,
        98.905,
        99.21,
        97.75333333333333,
        98.53333333333333,
        99.25333333333334,
        99.22166666666666,
        99.6,
        97.80499999999999,
        98.91833333333334,
        99.27666666666667,
        99.51666666666667,
        99.64,
        97.36166666666666,
        98.88666666666667,
        99.355,
        99.55833333333334,
        99.72166666666666,
        97.87333333333333,
        99.04833333333333,
        99.38666666666667,
        99.57666666666667,
        99.77666666666667,
        97.65,
        98.83666666666666,
        99.33833333333332,
        99.29166666666667,
        99.575,
        97.42333333333333,
        98.82666666666667,
        99.30499999999999,
        99.55333333333334,
        99.625,
        97.15166666666667,
        98.555,
        99.13333333333333,
        99.315,
        99.47333333333333,
        96.58,
        98.29833333333333,
        98.795,
        99.05666666666667,
        99.38333333333334,
        95.62166666666667,
        97.70333333333333,
        98.40666666666667,
        98.72666666666666,
        99.03166666666667,
        95.21333333333334,
        97.41333333333333,
        98.20666666666666,
        98.515,
        98.85000000000001,
        94.53833333333334,
        96.94666666666667,
        97.795,
        98.27833333333334,
        98.52833333333334,
        81.01833333333333,
        96.04833333333333,
        97.165,
        97.64500000000001,
        97.90666666666667,
        79.625,
        95.28666666666666,
        96.48666666666666,
        97.10833333333333,
        97.62166666666666,
        74.69,
        94.74166666666667,
        96.18166666666667,
        96.74833333333333,
        97.16666666666667,
        66.005,
        94.27499999999999,
        95.70333333333333,
        96.29166666666666,
        96.73166666666667,
        56.53666666666667,
        92.92166666666667,
        94.865,
        95.61333333333333,
        95.955
    ],
    "test_loss": [
        0.21995251337438823,
        0.0875895919445902,
        0.05771060946420766,
        0.044329812292475256,
        0.033665339304832745,
        0.2690378760844469,
        0.09612689599976874,
        0.06318022830109112,
        0.047041186044109055,
        0.034225038183678405,
        0.25494839166663585,
        0.08499605559837073,
        0.05610660048271529,
        0.03972608099586796,
        0.030159937553748024,
        0.2469535880163312,
        0.07793036736967042,
        0.04870705756242387,
        0.03556238675222267,
        0.02564660796127282,
        0.24406506190821528,
        0.07066887021134607,
        0.044607653294224295,
        0.030318037370278033,
        0.021989817245892482,
        0.2507445072233677,
        0.06370396366575733,
        0.0374658423315268,
        0.025143029277329334,
        0.01925761158153182,
        0.26332111981883644,
        0.060113642510958014,
        0.03611535745591391,
        0.023073761121020653,
        0.01702831874060212,
        0.2825949540855363,
        0.05879844974773005,
        0.033478873189887966,
        0.022241761747194687,
        0.015401297239950509,
        0.3093163740551099,
        0.06283516416000202,
        0.03692248269042466,
        0.023830243388947566,
        0.017521167749975575,
        0.3561868458297104,
        0.06879817055538297,
        0.04032591665606015,
        0.027694002635544165,
        0.01937859300785931,
        0.4240403850991279,
        0.07976923459162935,
        0.04747920009354129,
        0.032326350378629284,
        0.024445286763715556,
        0.5121964133679867,
        0.09348211004026234,
        0.05724978741514496,
        0.04157756157894619,
        0.031798515449103434,
        0.626196811914444,
        0.11463832812104374,
        0.07196470813825727,
        0.05290846277936362,
        0.04213813374540769,
        0.7835892397500575,
        0.12745156523678453,
        0.08211845514923334,
        0.06197964082472027,
        0.0499730658903718,
        0.9521710202917457,
        0.14487865673564373,
        0.09287015800084919,
        0.07207242669770494,
        0.06046621263958514,
        1.4284995884895324,
        0.2961734334640205,
        0.12240550431422889,
        0.0944638787554577,
        0.08058078226726502,
        1.537627044737339,
        0.37760158128663895,
        0.14605335791036486,
        0.11254513712599873,
        0.09396034976607189,
        1.7372436580061912,
        0.5252065640538931,
        0.16175201500579714,
        0.12438773160520941,
        0.10625860973726958,
        1.8836651439070702,
        0.5896182941496372,
        0.17597378281131387,
        0.1369097976256162,
        0.11970199566334486,
        2.014713261127472,
        0.7797410039305687,
        0.21000411304086447,
        0.1621176349464804,
        0.1438626664839685
    ],
    "train_acc": [
        96.05,
        96.47,
        97.48,
        97.8,
        97.68,
        96.26,
        97.26,
        97.49,
        97.33000000000001,
        98.02,
        96.65,
        97.67,
        97.65,
        98.11999999999999,
        98.14,
        96.94,
        97.55,
        97.74000000000001,
        97.61999999999999,
        97.7,
        97.13000000000001,
        97.54,
        98.22,
        97.98,
        98.2,
        97.34,
        98.02,
        98.04,
        98.14,
        98.3,
        97.03,
        98.13,
        98.16,
        98.19,
        98.21,
        97.38,
        98.11999999999999,
        98.11,
        98.07000000000001,
        98.21,
        97.03,
        97.92999999999999,
        98.05,
        97.94,
        98.11,
        96.76,
        97.95,
        98.14,
        98.22,
        98.25,
        96.56,
        97.63,
        97.96000000000001,
        98.02,
        98.1,
        96.26,
        97.58,
        97.76,
        97.85000000000001,
        97.99,
        95.35,
        96.98,
        97.53,
        97.72,
        97.78999999999999,
        95.08,
        96.81,
        97.22,
        97.48,
        97.6,
        94.36,
        96.36,
        97.02,
        97.3,
        97.41,
        81.25,
        95.52000000000001,
        96.38,
        96.81,
        96.97,
        79.97999999999999,
        94.58,
        95.69,
        96.24000000000001,
        96.67999999999999,
        75.09,
        94.63000000000001,
        95.69,
        96.22,
        96.56,
        66.45,
        94.14,
        95.62,
        95.97,
        96.17999999999999,
        56.64,
        92.74,
        94.81,
        95.26,
        95.65
    ],
    "train_loss": [
        0.12286689832338138,
        0.10975849826981922,
        0.07893068014091985,
        0.07346686873651907,
        0.08054778350384356,
        0.1224476112342791,
        0.08856766733402263,
        0.07547365527455054,
        0.08453078123233365,
        0.06634491839065164,
        0.1071956191925767,
        0.07522260209177425,
        0.07578416874431475,
        0.060303169924453524,
        0.060396266017355926,
        0.09795440275021298,
        0.07590488953415506,
        0.06767835652366459,
        0.07471948341622636,
        0.07450094428694176,
        0.09274439086501826,
        0.07778828525023457,
        0.061556015177602,
        0.07133080704070761,
        0.06569626492456516,
        0.08771505293821147,
        0.06532224988659655,
        0.06311068694667701,
        0.06275277065209386,
        0.06188416041219105,
        0.09924009519288997,
        0.06471933369402087,
        0.06263157768066259,
        0.060677074483584635,
        0.06114321790337925,
        0.0883209099937342,
        0.06222451701592989,
        0.06260849222189518,
        0.06339076249985705,
        0.061170562380795164,
        0.09787790754441908,
        0.06917693409343768,
        0.06140228728540688,
        0.07088957151989202,
        0.06518672344492313,
        0.10645621880041269,
        0.07159811323285549,
        0.06382935183976002,
        0.061170201266915004,
        0.06256100173250488,
        0.1191635976383786,
        0.07887332486881021,
        0.0688064224351599,
        0.06725977346214639,
        0.06794771157946816,
        0.13453284562927878,
        0.08539241868556438,
        0.07517337853445889,
        0.07280047783003507,
        0.07125007648238477,
        0.1638117266406199,
        0.10755665322018419,
        0.08729459059251818,
        0.08038616055639428,
        0.07716088526753966,
        0.17528378198335984,
        0.11456644027019867,
        0.09295568326320834,
        0.08500461128936289,
        0.08262111594437616,
        0.19971059021835555,
        0.12448400277979002,
        0.10207601275272712,
        0.09337196509426314,
        0.08970431792744976,
        0.691140820166308,
        0.16194359556643548,
        0.12594433269368674,
        0.11426450372366848,
        0.11057957664723257,
        0.7839331427020227,
        0.1951623792999876,
        0.1495809067419903,
        0.12927518716963107,
        0.11743585463100208,
        0.9169422962708388,
        0.20921613427693259,
        0.1528558755282335,
        0.1336313380251923,
        0.12560275206509644,
        1.0893876652517718,
        0.22402127270034689,
        0.16303204123800744,
        0.14448482187431372,
        0.13678674307278174,
        1.3016005326173976,
        0.2765107017880428,
        0.1863311295157778,
        0.1661770170342601,
        0.1563011514926385
    ],
    "sparsity": [
        0.0,
        0.0,
        0.0,
        0.0,
        0.0,
        0.2,
        0.2,
        0.2,
        0.2,
        0.2,
        0.3599977495217734,
        0.3599977495217734,
        0.3599977495217734,
        0.3599977495217734,
        0.3599977495217734,
        0.4879899478639211,
        0.4879899478639211,
        0.4879899478639211,
        0.4879899478639211,
        0.4879899478639211,
        0.5903829563782304,
        0.5903829563782304,
        0.5903829563782304,
        0.5903829563782304,
        0.5903829563782304,
        0.6722966130302689,
        0.6722966130302689,
        0.6722966130302689,
        0.6722966130302689,
        0.6722966130302689,
        0.7378267881924909,
        0.7378267881924909,
        0.7378267881924909,
        0.7378267881924909,
        0.7378267881924909,
        0.7902516784816773,
        0.7902516784816773,
        0.7902516784816773,
        0.7902516784816773,
        0.7902516784816773,
        0.8321893402347998,
        0.8321893402347998,
        0.8321893402347998,
        0.8321893402347998,
        0.8321893402347998,
        0.8657364689996624,
        0.8657364689996624,
        0.8657364689996624,
        0.8657364689996624,
        0.8657364689996624,
        0.8925809234462323,
        0.8925809234462323,
        0.8925809234462323,
        0.8925809234462323,
        0.8925809234462323,
        0.9140504857282172,
        0.9140504857282172,
        0.9140504857282172,
        0.9140504857282172,
        0.9140504857282172,
        0.9312291361914407,
        0.9312291361914407,
        0.9312291361914407,
        0.9312291361914407,
        0.9312291361914407,
        0.944968305764975,
        0.944968305764975,
        0.944968305764975,
        0.944968305764975,
        0.944968305764975,
        0.9559618919020292,
        0.9559618919020292,
        0.9559618919020292,
        0.9559618919020292,
        0.9559618919020292,
        0.9647612617681257,
        0.9647612617681257,
        0.9647612617681257,
        0.9647612617681257,
        0.9647612617681257,
        0.9717977570233675,
        0.9717977570233675,
        0.9717977570233675,
        0.9717977570233675,
        0.9717977570233675,
        0.9774314541840141,
        0.9774314541840141,
        0.9774314541840141,
        0.9774314541840141,
        0.9774314541840141,
        0.981928659840216,
        0.981928659840216,
        0.981928659840216,
        0.981928659840216,
        0.981928659840216,
        0.9855294250028132,
        0.9855294250028132,
        0.9855294250028132,
        0.9855294250028132,
        0.9855294250028132
    ]
}