{
    "args": {
        "load_last_pretrained": false,
        "model": "lenet",
        "dataset": "mnist",
        "epochs": 100,
        "batch_size": 60,
        "initialization": "xavier-uniform-half",
        "learning_rate": 0.0012,
        "forget_model": false,
        "disable_cuda": false,
        "pruning_rate": 0.2,
        "pruning_interval": 5,
        "seed": 51
    },
    "test_acc": [
        96.055,
        97.98,
        98.40833333333333,
        99.00999999999999,
        98.855,
        96.72666666666667,
        98.045,
        98.665,
        99.01333333333334,
        99.30166666666666,
        97.21833333333333,
        98.32333333333332,
        98.72999999999999,
        99.17833333333334,
        99.28833333333333,
        97.29666666666667,
        98.65833333333333,
        98.94500000000001,
        99.07833333333333,
        99.47,
        97.75500000000001,
        98.52333333333333,
        99.1,
        99.11666666666666,
        99.57833333333333,
        97.75666666666667,
        98.905,
        99.095,
        99.48333333333333,
        99.43666666666667,
        97.25,
        98.92833333333333,
        99.315,
        99.425,
        99.66000000000001,
        97.935,
        98.97833333333334,
        99.215,
        99.605,
        99.75666666666667,
        97.68166666666667,
        98.82,
        99.20833333333333,
        99.30333333333333,
        99.59333333333333,
        97.42,
        98.7,
        99.265,
        99.51166666666667,
        99.58500000000001,
        97.21333333333332,
        98.575,
        99.11666666666666,
        99.33833333333332,
        99.47833333333334,
        96.63333333333334,
        98.27333333333334,
        98.845,
        99.16833333333334,
        99.31333333333333,
        95.94166666666666,
        97.78333333333333,
        98.545,
        98.82,
        99.09666666666666,
        95.77666666666667,
        97.61333333333333,
        98.27833333333334,
        98.57166666666667,
        98.90166666666667,
        94.45666666666666,
        96.99166666666666,
        97.72833333333332,
        98.23333333333333,
        98.40333333333334,
        92.875,
        96.68666666666667,
        97.57000000000001,
        97.96666666666667,
        98.20333333333333,
        91.815,
        96.22666666666667,
        97.10499999999999,
        97.52833333333332,
        97.75166666666667,
        91.025,
        95.70333333333333,
        96.82,
        97.28833333333333,
        97.44500000000001,
        69.04666666666667,
        85.35000000000001,
        89.575,
        91.88,
        92.95,
        66.66333333333333,
        86.23166666666665,
        87.73833333333333,
        90.13833333333334,
        91.43833333333333
    ],
    "test_loss": [
        0.2602212234418839,
        0.0985082027905155,
        0.06499764245399274,
        0.048505397238419394,
        0.03663397555728443,
        0.2630088276239112,
        0.09342280717426911,
        0.06183861719467677,
        0.04520251867850311,
        0.03305796510062646,
        0.24801036282163114,
        0.08349019093299284,
        0.05493560852180235,
        0.0396697897556005,
        0.027917274878942407,
        0.24319931352697313,
        0.07738087170105427,
        0.04849159153760411,
        0.036677723880275154,
        0.02662148955540033,
        0.24704345858283341,
        0.07243689826643095,
        0.04593593485909514,
        0.03245660968765151,
        0.02381893095880514,
        0.254268768186681,
        0.06683704231563024,
        0.04004781944758724,
        0.02769143976736814,
        0.02061645957737346,
        0.26504133531358093,
        0.06090125841414556,
        0.037133124729734845,
        0.024189463989518118,
        0.01810958950803615,
        0.2873711926797405,
        0.058825892304070294,
        0.033860728615429256,
        0.023088862135773526,
        0.016033637049084063,
        0.313619305848144,
        0.06258448977349326,
        0.03761193935177289,
        0.024846376121102368,
        0.018472067274124128,
        0.36555003201775255,
        0.06896665767719969,
        0.04052220587793272,
        0.028276562160346658,
        0.020364619600586595,
        0.43634911134094,
        0.07789731052238494,
        0.0461723632668145,
        0.032055687196319925,
        0.023901732576428913,
        0.5162148664146662,
        0.09284314796235413,
        0.056660578232258556,
        0.0404711467216257,
        0.03107437106058933,
        0.6344004968814552,
        0.10507056779786944,
        0.06664537245268003,
        0.049447228866629306,
        0.039393287430051716,
        0.7570363311115652,
        0.11589464818593115,
        0.07634638567687943,
        0.058608223110670224,
        0.04738738978747278,
        1.095686231777072,
        0.15237541657313705,
        0.09387215730641037,
        0.07392534919641912,
        0.06228950885217637,
        1.2892867367565632,
        0.18791679221950472,
        0.104181894720532,
        0.0819431678513065,
        0.07065150475502015,
        1.4539644395112992,
        0.215047545241192,
        0.12034152470715344,
        0.09574602902401239,
        0.08350986482389271,
        1.5824697731137276,
        0.23279194916784762,
        0.1333804097827524,
        0.1066074852552265,
        0.09295748680084943,
        1.9540135833024979,
        0.840027301311493,
        0.5564480513334275,
        0.4224277736842632,
        0.33764843797683713,
        1.9692845270633696,
        1.0294976451396942,
        0.6792737315893174,
        0.48065141424536706,
        0.3973518858999014
    ],
    "train_acc": [
        95.42,
        97.00999999999999,
        97.43,
        97.86,
        97.68,
        96.22,
        97.04,
        97.55,
        97.66,
        97.92,
        96.73,
        97.52,
        97.64,
        97.72,
        97.98,
        96.77,
        97.47,
        97.82,
        97.88,
        98.03,
        97.13000000000001,
        97.65,
        98.09,
        97.88,
        98.19,
        97.1,
        97.92999999999999,
        97.83,
        98.18,
        98.17,
        97.0,
        97.98,
        98.08,
        97.96000000000001,
        98.24000000000001,
        97.46000000000001,
        97.89,
        97.92999999999999,
        98.29,
        98.21,
        97.17,
        97.8,
        97.81,
        97.99,
        98.0,
        97.02,
        97.88,
        98.05,
        98.22,
        98.1,
        96.7,
        97.82,
        97.98,
        98.0,
        98.14,
        96.1,
        97.54,
        97.92,
        97.87,
        97.92,
        95.5,
        97.03,
        97.54,
        97.67,
        97.75,
        95.47,
        96.99,
        97.3,
        97.52,
        97.75,
        94.45,
        96.41999999999999,
        97.11,
        97.28999999999999,
        97.44,
        92.89,
        96.28,
        96.88,
        97.11,
        97.31,
        91.93,
        95.71,
        96.37,
        96.67999999999999,
        96.89999999999999,
        91.32000000000001,
        95.62,
        96.35000000000001,
        96.59,
        96.7,
        68.69,
        84.96000000000001,
        89.45,
        91.32000000000001,
        92.47,
        65.62,
        85.97,
        87.45,
        89.73,
        91.27
    ],
    "train_loss": [
        0.14202650697779157,
        0.08977034795070123,
        0.08476770651376175,
        0.06990470708498431,
        0.07827594601598005,
        0.12143782642809395,
        0.09097120773136437,
        0.079414116068113,
        0.07346071030046723,
        0.06994468694856713,
        0.10388870011948183,
        0.08028662948685135,
        0.07594937446923135,
        0.06804748237255716,
        0.06679040209416713,
        0.1026192667927526,
        0.07553897963134115,
        0.0701873675811322,
        0.06849737586118951,
        0.0670370802490325,
        0.09330782101874402,
        0.07619852648802593,
        0.06392976095548603,
        0.0719820231103065,
        0.06309161549883693,
        0.08981153423044674,
        0.06525193657001067,
        0.07165778020095682,
        0.06422126750129939,
        0.06715653278282147,
        0.10168863979062277,
        0.06789475840566579,
        0.06542678504086429,
        0.06649853406797447,
        0.06313550860089846,
        0.08833519039775975,
        0.0633665855310322,
        0.06730387128421111,
        0.05883670566759691,
        0.0581932998691758,
        0.09720782212868422,
        0.07184049427442386,
        0.06756372167031743,
        0.07139122497756034,
        0.06832647539325293,
        0.10553022306189387,
        0.07403555074929745,
        0.065672420263625,
        0.06200030560725129,
        0.06346084210885031,
        0.11628627894212029,
        0.07601502147073785,
        0.06844042278240675,
        0.06847739185716868,
        0.06960324616823903,
        0.13345189606715105,
        0.08528066295740044,
        0.0734047599939886,
        0.07118120683987296,
        0.07455927594341784,
        0.15048350587844134,
        0.10224627939883821,
        0.08485628994360209,
        0.08147630706139489,
        0.07883424796916902,
        0.15821795345111164,
        0.10918463047727675,
        0.09206883885345594,
        0.08767668834837254,
        0.08264063007036547,
        0.24404279602145007,
        0.1295973261271765,
        0.1060930830789005,
        0.09872760194838939,
        0.09541714169966158,
        0.4075251905147187,
        0.14239742778643164,
        0.11448639166167753,
        0.10658682027307456,
        0.10292193108422314,
        0.46258066567832123,
        0.16068233545133453,
        0.13139292670268857,
        0.1227151173261736,
        0.11642108120381119,
        0.4438791296439257,
        0.17254169082302534,
        0.13905453992014874,
        0.12581068171400153,
        0.12094544541804556,
        1.2221738671114344,
        0.6524984131673139,
        0.49753626877676227,
        0.394900064803883,
        0.3317783721192868,
        1.2703468806729346,
        0.8881362662343921,
        0.5552072710619715,
        0.4619555177088983,
        0.39645890463255123
    ],
    "sparsity": [
        0.0,
        0.0,
        0.0,
        0.0,
        0.0,
        0.2,
        0.2,
        0.2,
        0.2,
        0.2,
        0.3599977495217734,
        0.3599977495217734,
        0.3599977495217734,
        0.3599977495217734,
        0.3599977495217734,
        0.4879899478639211,
        0.4879899478639211,
        0.4879899478639211,
        0.4879899478639211,
        0.4879899478639211,
        0.5903829563782304,
        0.5903829563782304,
        0.5903829563782304,
        0.5903829563782304,
        0.5903829563782304,
        0.6722966130302689,
        0.6722966130302689,
        0.6722966130302689,
        0.6722966130302689,
        0.6722966130302689,
        0.7378267881924909,
        0.7378267881924909,
        0.7378267881924909,
        0.7378267881924909,
        0.7378267881924909,
        0.7902516784816773,
        0.7902516784816773,
        0.7902516784816773,
        0.7902516784816773,
        0.7902516784816773,
        0.8321893402347998,
        0.8321893402347998,
        0.8321893402347998,
        0.8321893402347998,
        0.8321893402347998,
        0.8657364689996624,
        0.8657364689996624,
        0.8657364689996624,
        0.8657364689996624,
        0.8657364689996624,
        0.8925809234462323,
        0.8925809234462323,
        0.8925809234462323,
        0.8925809234462323,
        0.8925809234462323,
        0.9140504857282172,
        0.9140504857282172,
        0.9140504857282172,
        0.9140504857282172,
        0.9140504857282172,
        0.9312291361914407,
        0.9312291361914407,
        0.9312291361914407,
        0.9312291361914407,
        0.9312291361914407,
        0.944968305764975,
        0.944968305764975,
        0.944968305764975,
        0.944968305764975,
        0.944968305764975,
        0.9559618919020292,
        0.9559618919020292,
        0.9559618919020292,
        0.9559618919020292,
        0.9559618919020292,
        0.9647612617681257,
        0.9647612617681257,
        0.9647612617681257,
        0.9647612617681257,
        0.9647612617681257,
        0.9717977570233675,
        0.9717977570233675,
        0.9717977570233675,
        0.9717977570233675,
        0.9717977570233675,
        0.9774314541840141,
        0.9774314541840141,
        0.9774314541840141,
        0.9774314541840141,
        0.9774314541840141,
        0.981928659840216,
        0.981928659840216,
        0.981928659840216,
        0.981928659840216,
        0.981928659840216,
        0.9855294250028132,
        0.9855294250028132,
        0.9855294250028132,
        0.9855294250028132,
        0.9855294250028132
    ]
}