{
    "args": {
        "load_last_pretrained": false,
        "model": "lenet",
        "dataset": "mnist",
        "epochs": 100,
        "batch_size": 60,
        "initialization": "xavier-normal-half",
        "learning_rate": 0.0012,
        "forget_model": false,
        "disable_cuda": false,
        "pruning_rate": 0.2,
        "pruning_interval": 5,
        "seed": 49
    },
    "test_acc": [
        96.27333333333333,
        98.00333333333333,
        98.63499999999999,
        98.71333333333332,
        99.11999999999999,
        96.95333333333333,
        98.275,
        98.84166666666667,
        99.22333333333333,
        99.27,
        97.25166666666667,
        97.995,
        98.79333333333334,
        99.26833333333333,
        99.40333333333334,
        97.54666666666667,
        98.44333333333334,
        98.89,
        99.33999999999999,
        99.49333333333334,
        97.585,
        98.76666666666667,
        98.99166666666666,
        99.325,
        99.52833333333334,
        97.62666666666667,
        98.75,
        99.32166666666666,
        99.52333333333333,
        99.66166666666668,
        97.95666666666666,
        98.94,
        99.41499999999999,
        99.50333333333333,
        99.69166666666666,
        97.95833333333334,
        98.94333333333334,
        99.42333333333333,
        99.63499999999999,
        99.75166666666667,
        97.94500000000001,
        99.03999999999999,
        99.34166666666667,
        99.66333333333334,
        99.75500000000001,
        97.67333333333333,
        98.845,
        99.335,
        99.555,
        99.70166666666667,
        97.36166666666666,
        98.71666666666667,
        99.26333333333334,
        99.43666666666667,
        99.57000000000001,
        96.86166666666666,
        98.295,
        98.98,
        99.265,
        99.38833333333334,
        96.26666666666667,
        97.94833333333334,
        98.53833333333334,
        98.87,
        99.02,
        95.54166666666667,
        97.49166666666666,
        98.14666666666668,
        98.56166666666667,
        98.87666666666667,
        94.91833333333334,
        97.09,
        97.78833333333333,
        98.13666666666667,
        98.36666666666667,
        93.90666666666667,
        96.52833333333334,
        97.43833333333333,
        97.84,
        98.14166666666667,
        89.89333333333333,
        95.275,
        96.53333333333333,
        97.06,
        97.40333333333334,
        84.69333333333333,
        94.085,
        95.39333333333333,
        96.03666666666668,
        96.49833333333333,
        66.24666666666667,
        88.67833333333334,
        93.69166666666666,
        94.75333333333333,
        95.35166666666667,
        65.08500000000001,
        79.48333333333333,
        81.605,
        82.99833333333333,
        83.84833333333333
    ],
    "test_loss": [
        0.25863482025638224,
        0.10058507129270583,
        0.06587007208843715,
        0.04898915471427608,
        0.038018889988510635,
        0.26149201042577624,
        0.09183979148603975,
        0.0596263296417892,
        0.04273801403108519,
        0.03405528071017761,
        0.24479567479342224,
        0.0839839648436755,
        0.055366780837299304,
        0.03866936979361344,
        0.02968622901721392,
        0.2391592699829489,
        0.07470484882663005,
        0.049028355747810566,
        0.034421561174676756,
        0.02555572384913103,
        0.23810981480032206,
        0.06794454852025957,
        0.042798160956357606,
        0.030380242842657026,
        0.02148838857829105,
        0.2481148198042065,
        0.0632155427087564,
        0.03652563619776629,
        0.025574078829333304,
        0.01791777797578834,
        0.2585174052231014,
        0.06109485741029493,
        0.03526439511880744,
        0.023302351003338117,
        0.017276498096005524,
        0.28142793141305444,
        0.059178715356159955,
        0.033874814660986886,
        0.022334501512697898,
        0.015788727407343685,
        0.3066493464913219,
        0.059417875547194854,
        0.034100525326794015,
        0.022995144821907162,
        0.016281961564556694,
        0.345107730621472,
        0.062372146639972925,
        0.03765224379452411,
        0.026057458910043352,
        0.018142360720026774,
        0.39844401297997684,
        0.07027513343887404,
        0.04188657302770298,
        0.028412194869131782,
        0.020913610852207058,
        0.4844259659312665,
        0.0865706927170977,
        0.05429166160547175,
        0.03860173901321832,
        0.02975184023415204,
        0.6210481181591749,
        0.10212638080958276,
        0.06545369401201606,
        0.0488326693510171,
        0.03923510625725612,
        0.7526401182040572,
        0.12021768900472671,
        0.07833315305784344,
        0.05917725027399138,
        0.04768595856730826,
        0.9191248128414155,
        0.13630758760124445,
        0.0918881063973531,
        0.07283399013103917,
        0.06096984990593046,
        1.1457019277364016,
        0.15906684331595897,
        0.10479189283028245,
        0.08299133832659572,
        0.07133680726541206,
        1.3809408423006535,
        0.28848526648432016,
        0.170395880702883,
        0.1290268767978996,
        0.10739256638847292,
        1.6638910848498345,
        0.39356908690929415,
        0.21980721513926982,
        0.17013771882280707,
        0.142830510687083,
        1.8051406111121178,
        0.80796998077631,
        0.3494425229877233,
        0.22758812361955644,
        0.1854114947579801,
        1.9608507044315338,
        1.0094242519140244,
        0.6696776410341263,
        0.545623377352953,
        0.47161400623619554
    ],
    "train_acc": [
        95.99,
        97.2,
        97.64,
        97.59,
        97.77,
        96.49,
        97.56,
        97.7,
        97.85000000000001,
        97.92999999999999,
        96.7,
        97.31,
        97.57000000000001,
        97.96000000000001,
        97.95,
        97.15,
        97.6,
        97.86,
        98.02,
        97.98,
        97.1,
        97.76,
        97.97,
        97.75,
        98.02,
        96.99,
        97.81,
        98.00999999999999,
        98.02,
        98.15,
        97.22,
        97.86,
        98.05,
        98.11999999999999,
        98.15,
        97.47,
        97.94,
        98.11,
        98.13,
        98.22999999999999,
        97.3,
        98.02,
        98.14,
        98.09,
        98.26,
        97.24000000000001,
        97.95,
        98.16,
        98.22,
        98.22,
        96.89999999999999,
        97.78,
        98.11,
        98.14,
        98.06,
        96.53,
        97.56,
        97.91,
        98.07000000000001,
        98.03,
        96.1,
        97.43,
        97.7,
        97.85000000000001,
        97.92,
        95.36,
        96.96000000000001,
        97.42,
        97.68,
        97.71,
        95.03,
        96.8,
        97.06,
        97.39999999999999,
        97.48,
        94.07,
        96.22,
        96.91,
        97.28,
        97.31,
        90.35,
        95.19999999999999,
        96.21,
        96.61,
        96.86,
        85.0,
        94.06,
        95.03,
        95.66,
        96.05,
        66.93,
        88.81,
        93.53,
        94.42,
        94.89999999999999,
        65.81,
        80.11,
        81.89,
        83.19,
        83.74000000000001
    ],
    "train_loss": [
        0.13093754687084408,
        0.08881126541343189,
        0.0772278390484611,
        0.08392784442378955,
        0.07931013560636405,
        0.11100897662520051,
        0.08002313340785439,
        0.07292468355645142,
        0.06760303399520005,
        0.07539484553069746,
        0.10302547350369706,
        0.08600724674343037,
        0.07503361287972929,
        0.062064427363792224,
        0.0668637324804245,
        0.09210776814265166,
        0.07565444897759907,
        0.06775737418388825,
        0.06761478954538547,
        0.06727485853724159,
        0.09237342954663459,
        0.0689646000137363,
        0.06686200498893277,
        0.07119367142350129,
        0.07009448011058611,
        0.09423728297258209,
        0.07283247815456219,
        0.06158075227003411,
        0.061539068990624037,
        0.0651584621351547,
        0.0889237189196987,
        0.06909306226632819,
        0.0617621197584113,
        0.06741261802903728,
        0.06369546305947285,
        0.08849506221243186,
        0.0658640923817826,
        0.06098289447027944,
        0.057732330162209196,
        0.06186276459529672,
        0.0915643786453826,
        0.062499204131880565,
        0.05855377710948581,
        0.059915121783457786,
        0.05923389837119316,
        0.09514623427551663,
        0.06972751607365549,
        0.06002908664850329,
        0.05852048787843257,
        0.06366493268908158,
        0.1042867178309285,
        0.07202440699908191,
        0.0628585591494011,
        0.06188380154244278,
        0.06595544127432329,
        0.1256231175300604,
        0.08300866344441732,
        0.07228581342723465,
        0.06654060724007334,
        0.0679286856059275,
        0.13890644180738998,
        0.094755779717586,
        0.07995367297222336,
        0.07879569032647742,
        0.07431444173544913,
        0.16638863178159663,
        0.10520035728343768,
        0.08829289500205638,
        0.08382358189817228,
        0.08047139574913029,
        0.17898324948406505,
        0.11549923464120505,
        0.09828607644885778,
        0.08980562084237348,
        0.08628668823463474,
        0.21372100911632982,
        0.1294747885584296,
        0.10576327164060698,
        0.09649926735768596,
        0.09116549876066828,
        0.42388362281336756,
        0.2052101405437835,
        0.14880746326403704,
        0.1276089797900644,
        0.11490514293357641,
        0.7215085764844974,
        0.25824063757579485,
        0.19077789194569617,
        0.15880229875088453,
        0.14381155534507986,
        1.067030958786696,
        0.5219553735798704,
        0.2661263212829293,
        0.21014897634615443,
        0.18656411318632657,
        1.3377343958723331,
        0.77428280736158,
        0.5987187818495813,
        0.5092229921660737,
        0.4611741127725133
    ],
    "sparsity": [
        0.0,
        0.0,
        0.0,
        0.0,
        0.0,
        0.2,
        0.2,
        0.2,
        0.2,
        0.2,
        0.3599977495217734,
        0.3599977495217734,
        0.3599977495217734,
        0.3599977495217734,
        0.3599977495217734,
        0.4879899478639211,
        0.4879899478639211,
        0.4879899478639211,
        0.4879899478639211,
        0.4879899478639211,
        0.5903829563782304,
        0.5903829563782304,
        0.5903829563782304,
        0.5903829563782304,
        0.5903829563782304,
        0.6722966130302689,
        0.6722966130302689,
        0.6722966130302689,
        0.6722966130302689,
        0.6722966130302689,
        0.7378267881924909,
        0.7378267881924909,
        0.7378267881924909,
        0.7378267881924909,
        0.7378267881924909,
        0.7902516784816773,
        0.7902516784816773,
        0.7902516784816773,
        0.7902516784816773,
        0.7902516784816773,
        0.8321893402347998,
        0.8321893402347998,
        0.8321893402347998,
        0.8321893402347998,
        0.8321893402347998,
        0.8657364689996624,
        0.8657364689996624,
        0.8657364689996624,
        0.8657364689996624,
        0.8657364689996624,
        0.8925809234462323,
        0.8925809234462323,
        0.8925809234462323,
        0.8925809234462323,
        0.8925809234462323,
        0.9140504857282172,
        0.9140504857282172,
        0.9140504857282172,
        0.9140504857282172,
        0.9140504857282172,
        0.9312291361914407,
        0.9312291361914407,
        0.9312291361914407,
        0.9312291361914407,
        0.9312291361914407,
        0.944968305764975,
        0.944968305764975,
        0.944968305764975,
        0.944968305764975,
        0.944968305764975,
        0.9559618919020292,
        0.9559618919020292,
        0.9559618919020292,
        0.9559618919020292,
        0.9559618919020292,
        0.9647612617681257,
        0.9647612617681257,
        0.9647612617681257,
        0.9647612617681257,
        0.9647612617681257,
        0.9717977570233675,
        0.9717977570233675,
        0.9717977570233675,
        0.9717977570233675,
        0.9717977570233675,
        0.9774314541840141,
        0.9774314541840141,
        0.9774314541840141,
        0.9774314541840141,
        0.9774314541840141,
        0.981928659840216,
        0.981928659840216,
        0.981928659840216,
        0.981928659840216,
        0.981928659840216,
        0.9855294250028132,
        0.9855294250028132,
        0.9855294250028132,
        0.9855294250028132,
        0.9855294250028132
    ]
}