{
    "args": {
        "load_last_pretrained": false,
        "model": "lenet",
        "dataset": "mnist",
        "epochs": 100,
        "batch_size": 60,
        "initialization": "xavier-normal-double",
        "learning_rate": 0.0012,
        "forget_model": false,
        "disable_cuda": false,
        "pruning_rate": 0.2,
        "pruning_interval": 5,
        "seed": 52
    },
    "test_acc": [
        96.815,
        98.21333333333332,
        98.79333333333334,
        98.97166666666666,
        98.95666666666668,
        96.75,
        97.94666666666667,
        98.74833333333333,
        99.105,
        99.14166666666667,
        97.02499999999999,
        98.14833333333334,
        98.39333333333333,
        99.13166666666666,
        99.4,
        97.52,
        98.51833333333333,
        98.97333333333333,
        99.16666666666667,
        99.41,
        97.375,
        98.64333333333335,
        98.83333333333333,
        99.47166666666666,
        99.56666666666666,
        97.65,
        98.65,
        99.34666666666668,
        99.45833333333334,
        99.47333333333333,
        97.83666666666667,
        98.98333333333333,
        99.25166666666667,
        99.64833333333334,
        99.72,
        97.905,
        98.91333333333333,
        99.45666666666668,
        99.67166666666667,
        99.66000000000001,
        97.575,
        98.99666666666667,
        99.39333333333333,
        99.64333333333333,
        99.72,
        97.43333333333334,
        98.82666666666667,
        99.31333333333333,
        99.61833333333333,
        99.72833333333332,
        97.00666666666666,
        98.58166666666666,
        99.12333333333333,
        99.37666666666667,
        99.56833333333334,
        96.54666666666667,
        98.34,
        98.89833333333333,
        99.31,
        99.43166666666666,
        96.05833333333334,
        97.92166666666667,
        98.73166666666665,
        98.96333333333334,
        99.30833333333334,
        95.525,
        97.49166666666666,
        98.24333333333334,
        98.55166666666668,
        98.92833333333333,
        94.63333333333334,
        96.96000000000001,
        97.92666666666666,
        98.27166666666668,
        98.615,
        86.12166666666667,
        93.94333333333333,
        95.90666666666667,
        96.80166666666666,
        97.19333333333333,
        74.2,
        83.17833333333333,
        85.425,
        86.375,
        86.85166666666667,
        69.72500000000001,
        82.56333333333333,
        84.73166666666667,
        85.495,
        86.02166666666666,
        67.87666666666667,
        81.96166666666667,
        83.11833333333334,
        84.56833333333333,
        85.36833333333334,
        64.88333333333334,
        80.97999999999999,
        82.81333333333333,
        83.78333333333333,
        84.58333333333333
    ],
    "test_loss": [
        0.2255184612069279,
        0.09199843372800387,
        0.06327456228830852,
        0.04513485182949808,
        0.03648733532434562,
        0.2798939549252391,
        0.09720823696441948,
        0.06558203221997246,
        0.04758507505449234,
        0.036146928346366625,
        0.26323647634126246,
        0.08638908542506397,
        0.0567493455207441,
        0.04015360487229191,
        0.029317289524537046,
        0.25327067595720293,
        0.07794156933692284,
        0.05023849083762616,
        0.03475336781895021,
        0.025886734733881894,
        0.2518539802785963,
        0.07203646990284324,
        0.04391927790059708,
        0.031264537429902706,
        0.0218048917153792,
        0.2570018163342029,
        0.06470544612710365,
        0.03834411570581142,
        0.02678627046570182,
        0.0186401350547967,
        0.26555799320619555,
        0.06138129311078228,
        0.036094595313305035,
        0.025264780516939936,
        0.018105599066620924,
        0.28680135269463064,
        0.06154990099417046,
        0.034766598855378104,
        0.023939945189340506,
        0.015881823688396253,
        0.307976528766565,
        0.06129550115112215,
        0.035640764941344966,
        0.02391868640354369,
        0.01726547891928931,
        0.36087767698895185,
        0.06888449151953682,
        0.03950264183140825,
        0.02662653685058467,
        0.01928026780518121,
        0.41567926671542227,
        0.07902689483528957,
        0.04558384561678395,
        0.0313478056875756,
        0.02305850617622491,
        0.501548921007663,
        0.08952328643435613,
        0.05292110365163535,
        0.0370546462633647,
        0.027727702157513703,
        0.6215209951624274,
        0.10317370372964069,
        0.06472321886289865,
        0.04680529164709151,
        0.03702944509184453,
        0.7836528544798493,
        0.12152518701367081,
        0.0772207279521972,
        0.05808622605027631,
        0.04691392952995375,
        0.934383120059967,
        0.14137581786047668,
        0.09182368015032262,
        0.07006316132145002,
        0.05804816585825756,
        1.3814831640720366,
        0.46722933146357537,
        0.28942950985580684,
        0.16979935881122946,
        0.11969503102079034,
        1.6304268801808357,
        0.7672188611626625,
        0.514288704931736,
        0.3417528058439493,
        0.29048627142608163,
        1.7195265446901322,
        0.886412362664938,
        0.5230074450671672,
        0.3640473311245441,
        0.3213506094366312,
        1.7883067762851714,
        0.9849237724542618,
        0.6733256520330906,
        0.46413701231777665,
        0.3606803166270256,
        1.9706252406835556,
        1.0799356327056884,
        0.742159652531147,
        0.5720290853083134,
        0.4388535082042217
    ],
    "train_acc": [
        96.19,
        97.16,
        97.2,
        97.19,
        97.56,
        96.37,
        97.32,
        97.72999999999999,
        97.75,
        97.92,
        96.66,
        97.39999999999999,
        97.25,
        97.88,
        97.91,
        96.86,
        97.65,
        97.78999999999999,
        97.65,
        97.88,
        96.88,
        97.88,
        97.78,
        98.28,
        98.03,
        97.07000000000001,
        97.65,
        98.05,
        97.92,
        97.89,
        97.34,
        97.92999999999999,
        97.99,
        98.16,
        98.00999999999999,
        97.13000000000001,
        97.76,
        98.08,
        98.22999999999999,
        97.98,
        97.07000000000001,
        97.97,
        97.86,
        98.34,
        98.15,
        96.69,
        97.81,
        98.08,
        98.05,
        98.27,
        96.41,
        97.72999999999999,
        98.0,
        97.92999999999999,
        98.1,
        96.13000000000001,
        97.44,
        97.72999999999999,
        97.87,
        97.92999999999999,
        95.72,
        97.06,
        97.68,
        97.78999999999999,
        97.85000000000001,
        95.13000000000001,
        96.76,
        97.26,
        97.71,
        97.75,
        94.31,
        96.45,
        96.95,
        97.3,
        97.53,
        86.8,
        93.67,
        95.34,
        96.17999999999999,
        96.58,
        75.22,
        82.89999999999999,
        85.03,
        85.98,
        86.31,
        70.17999999999999,
        82.8,
        84.61,
        85.11999999999999,
        85.54,
        68.32000000000001,
        82.28999999999999,
        83.31,
        84.43,
        85.14,
        65.41,
        81.56,
        83.17,
        83.91999999999999,
        84.48
    ],
    "train_loss": [
        0.12450155877915328,
        0.08927785110183083,
        0.0897594106364103,
        0.0922444494480189,
        0.08922634120283977,
        0.11627812505125286,
        0.09300187189957339,
        0.07208101133241536,
        0.07098394972802012,
        0.07433983483135667,
        0.10926649628017476,
        0.0833478948313319,
        0.08852496298872113,
        0.06929004371436703,
        0.06745292599491418,
        0.10035816622440687,
        0.07330531265285468,
        0.06997234596589212,
        0.07036210854487594,
        0.0728817318791306,
        0.0964145971473284,
        0.07372001043247606,
        0.07452927348845287,
        0.061828329392031256,
        0.06723248569049432,
        0.09627500313897422,
        0.07615652165520646,
        0.06123214858949385,
        0.0658981456873732,
        0.07529977255209466,
        0.09215676176646155,
        0.06629916339064251,
        0.06813245850077045,
        0.06329156742358027,
        0.06993353077355831,
        0.09347896909753899,
        0.07125142450628434,
        0.06108954158042764,
        0.05955449757054671,
        0.07209714333328815,
        0.09892639700702564,
        0.06525347483327645,
        0.06477787596602996,
        0.05779560889928841,
        0.06675374915845647,
        0.10794532949294516,
        0.07191445612108814,
        0.06297119552183138,
        0.06283991778629112,
        0.065301245595691,
        0.12264462438841423,
        0.07715225547641337,
        0.06677667141200495,
        0.06770963308367946,
        0.06709578429511888,
        0.13295022857760241,
        0.08668508539310918,
        0.07495625703288855,
        0.06969808631515254,
        0.0711745431571418,
        0.14906358877252676,
        0.09727759707808316,
        0.07985901212442421,
        0.07585291636126217,
        0.07296337653787996,
        0.17078257095581756,
        0.10703840739690437,
        0.08969244219831185,
        0.0804516291580425,
        0.07764788535367809,
        0.1949904911264688,
        0.12346104322793242,
        0.09986480651144496,
        0.08831774315122001,
        0.08266391373144652,
        0.5936355280305097,
        0.3722663929540954,
        0.2351188478534093,
        0.15664485554227572,
        0.13496829335114913,
        1.0429025895581274,
        0.6094003169836398,
        0.4087186855470349,
        0.31812418069311243,
        0.29639853769076796,
        1.1836360571627131,
        0.6656398062934419,
        0.40588774304547,
        0.34478479347186175,
        0.3213905129068626,
        1.2551712104660309,
        0.7779039965418284,
        0.5539835889539318,
        0.3931913850550166,
        0.3428426221637669,
        1.3528921111615118,
        0.8445523745285537,
        0.6458723889496512,
        0.5078258219950214,
        0.40479166395293026
    ],
    "sparsity": [
        0.0,
        0.0,
        0.0,
        0.0,
        0.0,
        0.2,
        0.2,
        0.2,
        0.2,
        0.2,
        0.3599977495217734,
        0.3599977495217734,
        0.3599977495217734,
        0.3599977495217734,
        0.3599977495217734,
        0.4879899478639211,
        0.4879899478639211,
        0.4879899478639211,
        0.4879899478639211,
        0.4879899478639211,
        0.5903829563782304,
        0.5903829563782304,
        0.5903829563782304,
        0.5903829563782304,
        0.5903829563782304,
        0.6722966130302689,
        0.6722966130302689,
        0.6722966130302689,
        0.6722966130302689,
        0.6722966130302689,
        0.7378267881924909,
        0.7378267881924909,
        0.7378267881924909,
        0.7378267881924909,
        0.7378267881924909,
        0.7902516784816773,
        0.7902516784816773,
        0.7902516784816773,
        0.7902516784816773,
        0.7902516784816773,
        0.8321893402347998,
        0.8321893402347998,
        0.8321893402347998,
        0.8321893402347998,
        0.8321893402347998,
        0.8657364689996624,
        0.8657364689996624,
        0.8657364689996624,
        0.8657364689996624,
        0.8657364689996624,
        0.8925809234462323,
        0.8925809234462323,
        0.8925809234462323,
        0.8925809234462323,
        0.8925809234462323,
        0.9140504857282172,
        0.9140504857282172,
        0.9140504857282172,
        0.9140504857282172,
        0.9140504857282172,
        0.9312291361914407,
        0.9312291361914407,
        0.9312291361914407,
        0.9312291361914407,
        0.9312291361914407,
        0.944968305764975,
        0.944968305764975,
        0.944968305764975,
        0.944968305764975,
        0.944968305764975,
        0.9559618919020292,
        0.9559618919020292,
        0.9559618919020292,
        0.9559618919020292,
        0.9559618919020292,
        0.9647612617681257,
        0.9647612617681257,
        0.9647612617681257,
        0.9647612617681257,
        0.9647612617681257,
        0.9717977570233675,
        0.9717977570233675,
        0.9717977570233675,
        0.9717977570233675,
        0.9717977570233675,
        0.9774314541840141,
        0.9774314541840141,
        0.9774314541840141,
        0.9774314541840141,
        0.9774314541840141,
        0.981928659840216,
        0.981928659840216,
        0.981928659840216,
        0.981928659840216,
        0.981928659840216,
        0.9855294250028132,
        0.9855294250028132,
        0.9855294250028132,
        0.9855294250028132,
        0.9855294250028132
    ]
}