{
    "args": {
        "load_last_pretrained": false,
        "model": "lenet",
        "dataset": "mnist",
        "epochs": 100,
        "batch_size": 60,
        "initialization": "uniform",
        "learning_rate": 0.0012,
        "forget_model": false,
        "disable_cuda": false,
        "pruning_rate": 0.2,
        "pruning_interval": 5,
        "seed": 45
    },
    "test_acc": [
        82.33833333333334,
        75.325,
        74.69333333333333,
        75.59166666666667,
        86.82666666666667,
        77.14999999999999,
        84.55333333333334,
        88.59666666666666,
        90.34,
        91.655,
        90.55833333333332,
        92.62,
        93.87166666666667,
        95.01833333333335,
        96.08666666666666,
        94.50666666666667,
        96.04333333333334,
        97.29333333333334,
        97.59833333333333,
        98.47166666666666,
        95.775,
        97.54833333333333,
        97.86833333333334,
        98.50333333333333,
        99.01666666666667,
        96.59333333333333,
        98.25,
        98.72,
        99.11833333333333,
        99.37833333333333,
        97.35000000000001,
        98.54,
        98.88,
        99.15333333333334,
        99.38833333333334,
        97.49833333333333,
        98.45,
        99.06833333333334,
        99.24166666666666,
        99.41833333333334,
        97.39,
        98.62666666666667,
        99.15166666666667,
        99.29333333333334,
        99.535,
        97.23833333333334,
        98.56,
        99.09,
        99.39,
        99.535,
        96.995,
        98.37166666666667,
        98.97666666666667,
        99.17333333333333,
        99.555,
        96.43333333333334,
        98.11333333333333,
        98.83666666666666,
        99.215,
        99.39333333333333,
        95.86166666666666,
        97.83333333333334,
        98.5,
        98.86166666666666,
        99.16,
        95.35333333333334,
        97.34,
        98.13833333333334,
        98.49166666666666,
        98.85166666666667,
        95.015,
        97.09166666666667,
        97.80166666666666,
        98.23833333333334,
        98.50333333333333,
        93.25166666666667,
        96.26666666666667,
        96.98666666666666,
        97.41,
        97.80499999999999,
        92.2,
        95.825,
        96.78166666666667,
        97.16,
        97.44166666666668,
        88.31,
        94.78999999999999,
        95.92500000000001,
        96.47833333333334,
        96.76833333333333,
        80.66166666666666,
        92.96,
        94.76666666666667,
        95.745,
        96.09333333333333,
        67.975,
        92.29,
        94.04,
        94.81,
        95.195
    ],
    "test_loss": [
        390.528005756855,
        34.364951339364055,
        34.129223800182345,
        32.282050217032435,
        33.85648418438434,
        1.986751950263977,
        1.1021284943223,
        0.5922803236842156,
        0.40917052851617336,
        0.3302689467892051,
        0.6849870639294386,
        0.2991591880097985,
        0.2456348567046225,
        0.2016901220716536,
        0.1626755136474967,
        0.34403895829990505,
        0.1686786668933928,
        0.12065022934554145,
        0.09145286127272993,
        0.07152125905454158,
        0.28390512136556206,
        0.11573624313157052,
        0.07766782026179135,
        0.05896802615467459,
        0.04517913396563381,
        0.26792080531455575,
        0.08772296024067328,
        0.05896383930603042,
        0.042746218408690764,
        0.033845598459360186,
        0.28116061685048044,
        0.07777998686814681,
        0.050667940224986524,
        0.036825034894398416,
        0.028021924134518487,
        0.2990903294086456,
        0.07317811178602278,
        0.04520957970432937,
        0.03273964814434294,
        0.024622305095603224,
        0.3300143882287666,
        0.07228538993839174,
        0.04345021179784089,
        0.03116800564172445,
        0.023156891352147796,
        0.37573882012441756,
        0.07631136520812289,
        0.0461814247276634,
        0.03271226811222732,
        0.024563638646446635,
        0.4350855513215065,
        0.08246474188473076,
        0.050331343960482625,
        0.035372334680403586,
        0.02764217464555986,
        0.5084118976630271,
        0.09390701542980968,
        0.05686423673480749,
        0.04058105178805999,
        0.03166442056535743,
        0.5956583981700242,
        0.10571483590174466,
        0.06598295957548544,
        0.04832062184461392,
        0.03827101063076407,
        0.7362496573254466,
        0.12532349486276506,
        0.08049519047793001,
        0.060729203442111614,
        0.04909296275256202,
        0.934051234126091,
        0.1376552556436509,
        0.09238449503760784,
        0.07233612281177193,
        0.059917318558553236,
        1.2739581507891418,
        0.18272167726419866,
        0.11802294840943069,
        0.09585367482062429,
        0.084062026665546,
        1.3940819550007582,
        0.19858425441011787,
        0.12900091633666308,
        0.10567929156590253,
        0.09260260580293835,
        1.7128739823698997,
        0.30721183781325817,
        0.16922686399146913,
        0.1376043980475515,
        0.12157782021909952,
        1.8033586382865905,
        0.47217606353759767,
        0.2369289655201137,
        0.17867338275909425,
        0.15218455434590578,
        1.9480712604522705,
        0.6197135927081108,
        0.27583155672997234,
        0.2112256770208478,
        0.1835442571528256
    ],
    "train_acc": [
        82.69,
        75.88000000000001,
        74.83,
        75.73,
        86.92,
        78.46,
        85.57000000000001,
        89.24,
        90.77,
        91.75,
        90.97,
        92.54,
        93.71000000000001,
        94.82000000000001,
        95.67,
        94.28999999999999,
        95.65,
        96.66,
        96.91,
        97.42,
        95.49,
        96.91,
        97.11999999999999,
        97.38,
        97.76,
        96.16,
        97.45,
        97.66,
        97.88,
        97.84,
        96.89,
        97.43,
        97.74000000000001,
        97.78,
        98.02,
        96.69,
        97.59,
        97.89999999999999,
        97.94,
        97.97,
        96.72,
        97.68,
        98.03,
        97.97,
        97.97,
        96.67999999999999,
        97.64,
        97.98,
        97.96000000000001,
        97.92,
        96.38,
        97.47,
        97.89999999999999,
        97.78,
        98.17,
        96.06,
        97.2,
        97.72,
        97.85000000000001,
        97.97,
        95.44,
        97.03,
        97.57000000000001,
        97.57000000000001,
        97.96000000000001,
        95.15,
        96.74000000000001,
        97.2,
        97.53,
        97.64,
        94.62,
        96.39,
        96.87,
        97.35000000000001,
        97.45,
        93.33,
        95.73,
        96.31,
        96.61999999999999,
        96.77,
        92.22,
        95.23,
        96.02000000000001,
        96.39999999999999,
        96.6,
        88.7,
        94.45,
        95.56,
        96.02000000000001,
        96.25,
        81.21000000000001,
        92.60000000000001,
        94.36,
        95.22,
        95.38,
        67.89,
        92.08,
        93.97,
        94.33,
        94.84
    ],
    "train_loss": [
        14.887283306635782,
        30.040307678862245,
        51.88119767240421,
        43.23439805379171,
        23.655418015168813,
        1.5315962865680992,
        0.7453291316232281,
        0.4581824241284125,
        0.34942748723272793,
        0.29478772881323706,
        0.3280313128750481,
        0.2600144550739648,
        0.2148807725818928,
        0.17915300514080568,
        0.14571202546915787,
        0.19535315413764137,
        0.14489151992483768,
        0.10681507395145422,
        0.09935746005663794,
        0.0812684975865626,
        0.15230031257974888,
        0.10187531293308486,
        0.09061755139860296,
        0.08070872756122739,
        0.07030393231400807,
        0.127202143223432,
        0.07941519507502545,
        0.07468693812996774,
        0.06357566668152877,
        0.06709095613555537,
        0.1058533605756963,
        0.07912267270235869,
        0.07059798640907257,
        0.07054382088471449,
        0.06608548689710986,
        0.10449046245636698,
        0.07891461311443569,
        0.0678996082073256,
        0.07085557255829812,
        0.06809537323062102,
        0.10554278087049365,
        0.07638513156447091,
        0.06492267136774332,
        0.06925160824084198,
        0.0679849652314843,
        0.11117813628010764,
        0.07700201887135466,
        0.06568612840060077,
        0.06552511336097862,
        0.06824890960462414,
        0.12092231920067065,
        0.08521997472996305,
        0.06744559946843608,
        0.0738620580317631,
        0.06374711197700553,
        0.13415463660246954,
        0.08796723130086583,
        0.07308859847664476,
        0.06774304293006837,
        0.06904321580199514,
        0.1575119771777156,
        0.10090131369491893,
        0.08061402751980516,
        0.07692200664854693,
        0.07179300541693936,
        0.17207792921069853,
        0.11221654502351484,
        0.09504576999984102,
        0.08443171697428929,
        0.08263673127383485,
        0.19072607090462468,
        0.1257735349594833,
        0.10632264536030278,
        0.09113399769475092,
        0.08642496047039588,
        0.28379189579965114,
        0.1490571318629259,
        0.13120243289022746,
        0.11948988032332081,
        0.11235100456407505,
        0.3043224391287672,
        0.16186470199309425,
        0.13793779301741524,
        0.12608675219810117,
        0.12091275435610267,
        0.6255369518331425,
        0.2068403528300588,
        0.16480749182983073,
        0.1500870028990293,
        0.14033702682302204,
        0.9019032231348003,
        0.2991733087037138,
        0.21643471923060045,
        0.18382808717781912,
        0.1700784532788271,
        1.1699570706504547,
        0.3479447217580087,
        0.2454647186719729,
        0.21319405908534628,
        0.1950409827073534
    ],
    "sparsity": [
        0.0,
        0.0,
        0.0,
        0.0,
        0.0,
        0.2,
        0.2,
        0.2,
        0.2,
        0.2,
        0.3599977495217734,
        0.3599977495217734,
        0.3599977495217734,
        0.3599977495217734,
        0.3599977495217734,
        0.4879899478639211,
        0.4879899478639211,
        0.4879899478639211,
        0.4879899478639211,
        0.4879899478639211,
        0.5903829563782304,
        0.5903829563782304,
        0.5903829563782304,
        0.5903829563782304,
        0.5903829563782304,
        0.6722966130302689,
        0.6722966130302689,
        0.6722966130302689,
        0.6722966130302689,
        0.6722966130302689,
        0.7378267881924909,
        0.7378267881924909,
        0.7378267881924909,
        0.7378267881924909,
        0.7378267881924909,
        0.7902516784816773,
        0.7902516784816773,
        0.7902516784816773,
        0.7902516784816773,
        0.7902516784816773,
        0.8321893402347998,
        0.8321893402347998,
        0.8321893402347998,
        0.8321893402347998,
        0.8321893402347998,
        0.8657364689996624,
        0.8657364689996624,
        0.8657364689996624,
        0.8657364689996624,
        0.8657364689996624,
        0.8925809234462323,
        0.8925809234462323,
        0.8925809234462323,
        0.8925809234462323,
        0.8925809234462323,
        0.9140504857282172,
        0.9140504857282172,
        0.9140504857282172,
        0.9140504857282172,
        0.9140504857282172,
        0.9312291361914407,
        0.9312291361914407,
        0.9312291361914407,
        0.9312291361914407,
        0.9312291361914407,
        0.944968305764975,
        0.944968305764975,
        0.944968305764975,
        0.944968305764975,
        0.944968305764975,
        0.9559618919020292,
        0.9559618919020292,
        0.9559618919020292,
        0.9559618919020292,
        0.9559618919020292,
        0.9647612617681257,
        0.9647612617681257,
        0.9647612617681257,
        0.9647612617681257,
        0.9647612617681257,
        0.9717977570233675,
        0.9717977570233675,
        0.9717977570233675,
        0.9717977570233675,
        0.9717977570233675,
        0.9774314541840141,
        0.9774314541840141,
        0.9774314541840141,
        0.9774314541840141,
        0.9774314541840141,
        0.981928659840216,
        0.981928659840216,
        0.981928659840216,
        0.981928659840216,
        0.981928659840216,
        0.9855294250028132,
        0.9855294250028132,
        0.9855294250028132,
        0.9855294250028132,
        0.9855294250028132
    ]
}