{
    "args": {
        "load_last_pretrained": false,
        "model": "lenet",
        "dataset": "mnist",
        "epochs": 100,
        "batch_size": 60,
        "initialization": "kaiming-uniform",
        "learning_rate": 0.0012,
        "forget_model": false,
        "disable_cuda": false,
        "pruning_rate": 0.2,
        "pruning_interval": 5,
        "seed": 51
    },
    "test_acc": [
        97.08166666666666,
        98.005,
        98.42999999999999,
        98.99333333333334,
        98.76,
        96.495,
        97.89999999999999,
        98.565,
        98.62333333333333,
        99.32833333333333,
        96.99666666666667,
        98.25500000000001,
        98.70666666666666,
        99.195,
        99.40333333333334,
        97.15333333333334,
        98.51333333333334,
        98.93166666666666,
        99.24166666666666,
        99.27833333333334,
        97.71333333333332,
        98.68333333333334,
        99.15333333333334,
        99.12666666666667,
        99.57166666666667,
        97.78666666666666,
        98.95833333333334,
        99.11833333333333,
        99.55833333333334,
        99.36833333333334,
        97.50666666666666,
        98.86,
        99.28666666666666,
        99.56833333333334,
        99.7,
        97.94666666666667,
        99.02333333333333,
        99.385,
        99.66166666666668,
        99.67833333333334,
        97.685,
        98.83666666666666,
        99.29,
        99.485,
        99.67,
        97.48833333333333,
        98.71166666666666,
        99.36,
        99.55666666666667,
        99.59166666666667,
        97.22,
        98.60333333333332,
        99.22166666666666,
        99.38333333333334,
        99.59,
        96.78833333333333,
        98.39166666666667,
        98.90333333333334,
        99.29833333333333,
        99.42999999999999,
        95.95666666666666,
        97.875,
        98.61166666666666,
        99.13166666666666,
        99.25500000000001,
        95.655,
        97.70666666666666,
        98.42166666666667,
        98.75500000000001,
        98.99166666666666,
        93.28166666666667,
        96.53166666666667,
        97.48333333333333,
        98.015,
        98.28333333333333,
        88.26833333333333,
        95.76,
        96.79666666666667,
        97.425,
        97.82499999999999,
        89.84666666666666,
        95.33333333333334,
        96.515,
        97.03833333333334,
        97.37666666666667,
        88.10333333333334,
        94.485,
        95.855,
        96.54333333333334,
        96.89999999999999,
        77.42833333333333,
        94.12833333333333,
        95.575,
        96.21333333333332,
        96.55666666666667,
        57.91166666666666,
        89.31,
        93.19166666666666,
        94.33,
        94.93
    ],
    "test_loss": [
        0.21449027699045836,
        0.08534183587145526,
        0.057446363401599226,
        0.04294257342489436,
        0.03260135486899526,
        0.2742670523319393,
        0.09613817630847916,
        0.06375776324456092,
        0.04807788806490135,
        0.03434053404326551,
        0.25576169808395205,
        0.0855017022085376,
        0.05727118926472031,
        0.040834876781678756,
        0.030690912362653762,
        0.25163625246845184,
        0.08108936451026239,
        0.051313941708533095,
        0.0373209904708201,
        0.027869283555191943,
        0.2556071883151308,
        0.07031178721506148,
        0.043867281613172965,
        0.030996856249519623,
        0.023591999288473744,
        0.2559987038169056,
        0.06512009383551777,
        0.03830804952781182,
        0.025676657268952113,
        0.019595232843363192,
        0.2628034862093627,
        0.05996858519245871,
        0.03637889143649954,
        0.024316376188537107,
        0.017437887661944842,
        0.2818495478974655,
        0.05674438666179776,
        0.03423585549311247,
        0.022916473658449833,
        0.016673184590559685,
        0.31089593465346843,
        0.06199531103530899,
        0.03685875405522529,
        0.02352872397011379,
        0.01755409541213885,
        0.35886486116051675,
        0.06708532014070079,
        0.03918711407936644,
        0.02693976680620108,
        0.019203595024417156,
        0.420227738821879,
        0.0750831346521154,
        0.04405084084346891,
        0.0304818287253147,
        0.022985701184603385,
        0.4886345034874976,
        0.08704359395243227,
        0.05179829255706864,
        0.03685866969742346,
        0.02826208932470763,
        0.5959404307771474,
        0.10303614306356758,
        0.06217227669013664,
        0.04469108336372301,
        0.034969326441176236,
        0.7110320242829621,
        0.11623846117779613,
        0.0719068651497364,
        0.05409792262781411,
        0.04343146984395571,
        1.080920585349202,
        0.17512731022201478,
        0.10433127162978054,
        0.08089767295215279,
        0.0681131111299619,
        1.3398208328187466,
        0.2506882687099278,
        0.13087564422935247,
        0.10132885667309165,
        0.08547235822677612,
        1.5561135016083718,
        0.24420414420589803,
        0.1435359188588336,
        0.11392465395200997,
        0.09797220595460385,
        1.6721555416285991,
        0.2875934569500387,
        0.16852801671624185,
        0.1333407971030101,
        0.11422400468308479,
        1.902418365418911,
        0.36301252702623604,
        0.17945483470708132,
        0.1435791719853878,
        0.12564248784072699,
        2.0770872370004656,
        0.8899989179372787,
        0.31380818927288057,
        0.21686525505781173,
        0.1854288830179721
    ],
    "train_acc": [
        96.53,
        96.96000000000001,
        97.28,
        97.59,
        97.56,
        96.13000000000001,
        97.27,
        97.64,
        97.66,
        98.00999999999999,
        96.44,
        97.54,
        97.52,
        98.0,
        98.11,
        96.72,
        97.5,
        97.75,
        97.78999999999999,
        97.88,
        97.08,
        97.82,
        98.0,
        97.87,
        98.33,
        97.21,
        98.09,
        98.08,
        98.09,
        98.05,
        97.13000000000001,
        97.86,
        98.03,
        98.11999999999999,
        98.15,
        97.43,
        98.00999999999999,
        98.24000000000001,
        98.29,
        98.18,
        97.08,
        97.78999999999999,
        98.11999999999999,
        98.02,
        98.18,
        97.0,
        97.8,
        98.11999999999999,
        98.24000000000001,
        98.07000000000001,
        96.67999999999999,
        97.72,
        97.89999999999999,
        98.03,
        98.13,
        96.46000000000001,
        97.56,
        97.82,
        97.89999999999999,
        97.89,
        95.69,
        97.2,
        97.61999999999999,
        97.78,
        97.75,
        95.35,
        96.96000000000001,
        97.37,
        97.54,
        97.75,
        93.34,
        96.17,
        96.66,
        97.02,
        97.09,
        88.52,
        95.48,
        96.41,
        96.87,
        96.98,
        90.51,
        95.22,
        96.08,
        96.43,
        96.89,
        88.85,
        94.32000000000001,
        95.52000000000001,
        96.23,
        96.48,
        77.77,
        94.07,
        95.28999999999999,
        95.94,
        96.04,
        59.29,
        89.44,
        93.17,
        94.16,
        94.64
    ],
    "train_loss": [
        0.113489195503696,
        0.09201753222868739,
        0.08730723112291784,
        0.07811750813448678,
        0.08259094621802117,
        0.12319186405128169,
        0.08866372915308275,
        0.07642256365085166,
        0.0773849080826998,
        0.06534829900305841,
        0.10978792272062002,
        0.08162596903763666,
        0.08188528848970922,
        0.0641227189429149,
        0.06449622051158786,
        0.10666235590431683,
        0.08027760721296964,
        0.06990186487949135,
        0.07057677444438645,
        0.07089249464100461,
        0.09486262766856277,
        0.07377143048062296,
        0.06635758645754464,
        0.07468795978664951,
        0.06583435751614858,
        0.08837749132005397,
        0.06460966902344438,
        0.06871431081522324,
        0.06420819632030053,
        0.0699042990778623,
        0.0960356843752597,
        0.06826277222473197,
        0.06587379757234058,
        0.06101265683084236,
        0.0641752148143289,
        0.08630376107834592,
        0.06388127212384771,
        0.06069666186130109,
        0.0590388093920617,
        0.062464210323286716,
        0.09892995497156046,
        0.07126566190495641,
        0.06349900939563166,
        0.06787674591533595,
        0.06446757618146864,
        0.10354061594266377,
        0.07456936565657218,
        0.06542344958783534,
        0.062100567330723395,
        0.06667197560250179,
        0.11411499740656264,
        0.07832694530185914,
        0.06828687865772246,
        0.06706746982572277,
        0.06658242286174575,
        0.12808969049173557,
        0.08358348230970744,
        0.07165571524549699,
        0.06888596301000498,
        0.07197943653473575,
        0.15031299280549237,
        0.09713144561911594,
        0.08097030468909683,
        0.07358110468684065,
        0.07475804687828985,
        0.16659319255791025,
        0.107088089853659,
        0.08905130626444152,
        0.08263404880131701,
        0.08017531794936446,
        0.30172233047064195,
        0.13659040636555878,
        0.11251013147683736,
        0.10306498863661807,
        0.10101055232863762,
        0.5463115562221961,
        0.1677129494394371,
        0.13128312971599088,
        0.11827997748410987,
        0.11078059730192501,
        0.43795495850597316,
        0.17314024369962916,
        0.1383388663480382,
        0.12535846912062276,
        0.11847324226564633,
        0.536037265719054,
        0.20738885808223023,
        0.16149542253174468,
        0.14015086932096651,
        0.130010277267077,
        0.8740014962093559,
        0.21817579481773033,
        0.16931645302269274,
        0.1490456453987403,
        0.14141529407017603,
        1.3558222954858563,
        0.48429464455136284,
        0.248142186351522,
        0.20875451521959135,
        0.19067771699346467
    ],
    "sparsity": [
        0.0,
        0.0,
        0.0,
        0.0,
        0.0,
        0.2,
        0.2,
        0.2,
        0.2,
        0.2,
        0.3599977495217734,
        0.3599977495217734,
        0.3599977495217734,
        0.3599977495217734,
        0.3599977495217734,
        0.4879899478639211,
        0.4879899478639211,
        0.4879899478639211,
        0.4879899478639211,
        0.4879899478639211,
        0.5903829563782304,
        0.5903829563782304,
        0.5903829563782304,
        0.5903829563782304,
        0.5903829563782304,
        0.6722966130302689,
        0.6722966130302689,
        0.6722966130302689,
        0.6722966130302689,
        0.6722966130302689,
        0.7378267881924909,
        0.7378267881924909,
        0.7378267881924909,
        0.7378267881924909,
        0.7378267881924909,
        0.7902516784816773,
        0.7902516784816773,
        0.7902516784816773,
        0.7902516784816773,
        0.7902516784816773,
        0.8321893402347998,
        0.8321893402347998,
        0.8321893402347998,
        0.8321893402347998,
        0.8321893402347998,
        0.8657364689996624,
        0.8657364689996624,
        0.8657364689996624,
        0.8657364689996624,
        0.8657364689996624,
        0.8925809234462323,
        0.8925809234462323,
        0.8925809234462323,
        0.8925809234462323,
        0.8925809234462323,
        0.9140504857282172,
        0.9140504857282172,
        0.9140504857282172,
        0.9140504857282172,
        0.9140504857282172,
        0.9312291361914407,
        0.9312291361914407,
        0.9312291361914407,
        0.9312291361914407,
        0.9312291361914407,
        0.944968305764975,
        0.944968305764975,
        0.944968305764975,
        0.944968305764975,
        0.944968305764975,
        0.9559618919020292,
        0.9559618919020292,
        0.9559618919020292,
        0.9559618919020292,
        0.9559618919020292,
        0.9647612617681257,
        0.9647612617681257,
        0.9647612617681257,
        0.9647612617681257,
        0.9647612617681257,
        0.9717977570233675,
        0.9717977570233675,
        0.9717977570233675,
        0.9717977570233675,
        0.9717977570233675,
        0.9774314541840141,
        0.9774314541840141,
        0.9774314541840141,
        0.9774314541840141,
        0.9774314541840141,
        0.981928659840216,
        0.981928659840216,
        0.981928659840216,
        0.981928659840216,
        0.981928659840216,
        0.9855294250028132,
        0.9855294250028132,
        0.9855294250028132,
        0.9855294250028132,
        0.9855294250028132
    ]
}