{
    "args": {
        "load_last_pretrained": false,
        "model": "lenet",
        "dataset": "mnist",
        "epochs": 100,
        "batch_size": 60,
        "initialization": "xavier-uniform",
        "learning_rate": 0.0012,
        "forget_model": false,
        "disable_cuda": false,
        "pruning_rate": 0.2,
        "pruning_interval": 5,
        "seed": 50
    },
    "test_acc": [
        96.99833333333333,
        98.32333333333332,
        98.69333333333333,
        98.99,
        99.26333333333334,
        97.22,
        97.94333333333334,
        98.53333333333333,
        99.05333333333334,
        99.08166666666666,
        97.04833333333333,
        98.44166666666668,
        98.93833333333333,
        99.06166666666667,
        99.33333333333333,
        97.24166666666667,
        98.52833333333334,
        99.03333333333333,
        99.33333333333333,
        99.375,
        97.47666666666667,
        98.55000000000001,
        99.25500000000001,
        99.125,
        99.575,
        97.70666666666666,
        98.75833333333334,
        99.11666666666666,
        99.40666666666667,
        99.645,
        97.79333333333334,
        98.98,
        99.26833333333333,
        99.53666666666666,
        99.52166666666666,
        97.81,
        98.88333333333334,
        99.30833333333334,
        99.59166666666667,
        99.39333333333333,
        97.55333333333334,
        98.87333333333333,
        99.35000000000001,
        99.57333333333334,
        99.68,
        97.33166666666668,
        98.605,
        99.19166666666666,
        99.515,
        99.63,
        97.14166666666667,
        98.58166666666666,
        99.11333333333333,
        99.425,
        99.53333333333333,
        96.71,
        98.115,
        98.91,
        99.25,
        99.44166666666666,
        96.08666666666666,
        97.74666666666667,
        98.36333333333333,
        98.92833333333333,
        99.09833333333333,
        95.48833333333333,
        97.37666666666667,
        98.125,
        98.63,
        98.91,
        94.65833333333333,
        96.87,
        97.81333333333333,
        98.16166666666668,
        98.505,
        93.79666666666667,
        96.61666666666666,
        97.52,
        97.96166666666667,
        98.17833333333333,
        91.43333333333334,
        95.45666666666666,
        96.545,
        97.21833333333333,
        97.545,
        91.23,
        95.675,
        96.705,
        97.09333333333333,
        97.35000000000001,
        85.82333333333332,
        92.39,
        93.46333333333334,
        94.135,
        94.79166666666666,
        69.525,
        91.71333333333334,
        93.61,
        93.98833333333333,
        94.37333333333333
    ],
    "test_loss": [
        0.21796235788520427,
        0.08861788709508255,
        0.0589866047645919,
        0.04359788944182219,
        0.034899121751252093,
        0.26985521328449247,
        0.09417374616675078,
        0.061041971548227596,
        0.045861473113182,
        0.03438562865142012,
        0.25399951181188224,
        0.08543809023755602,
        0.05559148659487255,
        0.039448835456569215,
        0.0310063236678252,
        0.2513162340503186,
        0.07835095470398665,
        0.051307231266633606,
        0.034918209597235544,
        0.027826857822394233,
        0.25027245118469,
        0.07232632017508149,
        0.04451803343463689,
        0.03042648596467916,
        0.02349460508680204,
        0.2537975350273773,
        0.06747051407722757,
        0.040278766821254974,
        0.02760770025261445,
        0.02066971395854489,
        0.2676721181776375,
        0.06248360722791404,
        0.03592160147218965,
        0.02463089080218924,
        0.018010198323085206,
        0.2897966266237199,
        0.061497699180617926,
        0.0352563429356087,
        0.02326529104547808,
        0.016993905260489554,
        0.32309796270541846,
        0.06574481573095545,
        0.03715347053355072,
        0.024767530414042994,
        0.018384907939034748,
        0.37195101580116896,
        0.07195130981504917,
        0.0423807506125886,
        0.02863720380770974,
        0.02112233383266721,
        0.4411053945776075,
        0.07917799137812108,
        0.04714614729466848,
        0.032100731346057725,
        0.023615662793512456,
        0.5113802639618515,
        0.09140670861396939,
        0.05555430492339656,
        0.03943302757618949,
        0.030338313780142925,
        0.6210497678481043,
        0.10682827599905431,
        0.06831739019090309,
        0.05052184388786554,
        0.04021487488364801,
        0.7620371289663017,
        0.12019520454946905,
        0.0787225913964212,
        0.06008658088138327,
        0.04832833735807799,
        0.9458818862438202,
        0.14281013170816004,
        0.09328522763215005,
        0.07193890538765117,
        0.0602159495651722,
        1.1532670283019544,
        0.15919889907352627,
        0.1033823927603662,
        0.08083127799723297,
        0.06869504840672017,
        1.3801530199944974,
        0.29237708476930857,
        0.1749326969385147,
        0.12494421686045826,
        0.09652384340111166,
        1.4826164785921574,
        0.2635072464197874,
        0.1442337310425937,
        0.11305329572036862,
        0.09834543797839433,
        1.845335075378418,
        0.5402372324764728,
        0.3087299148291349,
        0.23526301772892474,
        0.19878125772625208,
        1.9557611833810806,
        0.6960730538368225,
        0.37847344000637534,
        0.27832367312163114,
        0.23769704803079367
    ],
    "train_acc": [
        96.28999999999999,
        97.43,
        97.61999999999999,
        97.66,
        97.7,
        96.67999999999999,
        97.11,
        97.34,
        97.78,
        97.72,
        96.37,
        97.54,
        97.66,
        97.78999999999999,
        97.72,
        96.85000000000001,
        97.59,
        97.77,
        97.72,
        97.89,
        96.93,
        97.49,
        98.0,
        97.64,
        98.02,
        97.28,
        97.78999999999999,
        97.94,
        98.07000000000001,
        98.11,
        97.09,
        97.75,
        98.06,
        97.8,
        97.86,
        97.21,
        97.72999999999999,
        97.83,
        97.94,
        97.74000000000001,
        97.02,
        97.87,
        97.94,
        98.00999999999999,
        98.00999999999999,
        96.6,
        97.72,
        97.92999999999999,
        97.97,
        97.94,
        96.65,
        97.72,
        97.77,
        98.08,
        98.00999999999999,
        96.17999999999999,
        97.5,
        97.68,
        97.78,
        97.84,
        95.76,
        97.09,
        97.43,
        97.68,
        97.76,
        95.30999999999999,
        96.83,
        97.23,
        97.54,
        97.72,
        94.56,
        96.47,
        97.17,
        97.31,
        97.5,
        93.85,
        96.27,
        97.00999999999999,
        97.18,
        97.33000000000001,
        91.89,
        95.24000000000001,
        96.11,
        96.43,
        96.77,
        91.67,
        95.28999999999999,
        96.19,
        96.65,
        96.66,
        86.87,
        92.36,
        93.26,
        93.83,
        94.53,
        69.53,
        92.08,
        93.63,
        93.86,
        94.28
    ],
    "train_loss": [
        0.12205700645457485,
        0.08364052356159438,
        0.07757202715300648,
        0.07609095640653399,
        0.0747612131660885,
        0.10715627852091175,
        0.09196699240027431,
        0.0858613886036715,
        0.07448851153209894,
        0.07804226066044415,
        0.112485698390819,
        0.07692926280858542,
        0.0701132457268363,
        0.07448411691434749,
        0.07671716164352796,
        0.10163536810589407,
        0.07395191259492567,
        0.06842187528559815,
        0.06678852588733,
        0.06805357891957493,
        0.10284444098611792,
        0.07916692580503529,
        0.0643924394814844,
        0.0788876738519168,
        0.06448437207835743,
        0.09389473785629529,
        0.06941186254119087,
        0.06674890357075249,
        0.06565936412773803,
        0.06323139999524696,
        0.09539312465551371,
        0.06835565303904033,
        0.0667117387558261,
        0.06640455064860111,
        0.07641766120437087,
        0.09269215117493075,
        0.06832756521180272,
        0.0653558671376863,
        0.062142196816843964,
        0.0775132590887753,
        0.09712818847177271,
        0.06803039057336435,
        0.06444777215658101,
        0.06284824187496488,
        0.06927355982134575,
        0.11086656465501843,
        0.0741220142268492,
        0.06339801722457131,
        0.06548762408539675,
        0.07054256547756861,
        0.11574834490384528,
        0.07464142162687407,
        0.06948231616263796,
        0.06492995864971023,
        0.0681148834106886,
        0.13301500691446716,
        0.0873432240398701,
        0.0747485302059638,
        0.07246384154698493,
        0.0715232335148145,
        0.15084160846507477,
        0.10095368917964533,
        0.08625710449978977,
        0.07605882062894588,
        0.0760618138997007,
        0.16644602117245783,
        0.11060573403796035,
        0.09363985600083799,
        0.08413792356659106,
        0.08052449066381523,
        0.19522165373235406,
        0.1246704501573911,
        0.10246214841375362,
        0.09840887394583153,
        0.09235626959916718,
        0.2160511112320209,
        0.13284960475019708,
        0.10645936834374944,
        0.09713764158551565,
        0.09275144739578406,
        0.4263002574443817,
        0.22119037445612297,
        0.16204047700512908,
        0.1280976832916815,
        0.11549106751105742,
        0.42958068811964845,
        0.1819350398452339,
        0.14150424163320108,
        0.12500427465908184,
        0.11911158780093321,
        0.8906587405119114,
        0.3786724928074968,
        0.27600241519376906,
        0.2307247073796695,
        0.20686544930774295,
        1.1443401864188874,
        0.49777808714055727,
        0.3214457048448974,
        0.269041182752141,
        0.23975128653699052
    ],
    "sparsity": [
        0.0,
        0.0,
        0.0,
        0.0,
        0.0,
        0.2,
        0.2,
        0.2,
        0.2,
        0.2,
        0.3599977495217734,
        0.3599977495217734,
        0.3599977495217734,
        0.3599977495217734,
        0.3599977495217734,
        0.4879899478639211,
        0.4879899478639211,
        0.4879899478639211,
        0.4879899478639211,
        0.4879899478639211,
        0.5903829563782304,
        0.5903829563782304,
        0.5903829563782304,
        0.5903829563782304,
        0.5903829563782304,
        0.6722966130302689,
        0.6722966130302689,
        0.6722966130302689,
        0.6722966130302689,
        0.6722966130302689,
        0.7378267881924909,
        0.7378267881924909,
        0.7378267881924909,
        0.7378267881924909,
        0.7378267881924909,
        0.7902516784816773,
        0.7902516784816773,
        0.7902516784816773,
        0.7902516784816773,
        0.7902516784816773,
        0.8321893402347998,
        0.8321893402347998,
        0.8321893402347998,
        0.8321893402347998,
        0.8321893402347998,
        0.8657364689996624,
        0.8657364689996624,
        0.8657364689996624,
        0.8657364689996624,
        0.8657364689996624,
        0.8925809234462323,
        0.8925809234462323,
        0.8925809234462323,
        0.8925809234462323,
        0.8925809234462323,
        0.9140504857282172,
        0.9140504857282172,
        0.9140504857282172,
        0.9140504857282172,
        0.9140504857282172,
        0.9312291361914407,
        0.9312291361914407,
        0.9312291361914407,
        0.9312291361914407,
        0.9312291361914407,
        0.944968305764975,
        0.944968305764975,
        0.944968305764975,
        0.944968305764975,
        0.944968305764975,
        0.9559618919020292,
        0.9559618919020292,
        0.9559618919020292,
        0.9559618919020292,
        0.9559618919020292,
        0.9647612617681257,
        0.9647612617681257,
        0.9647612617681257,
        0.9647612617681257,
        0.9647612617681257,
        0.9717977570233675,
        0.9717977570233675,
        0.9717977570233675,
        0.9717977570233675,
        0.9717977570233675,
        0.9774314541840141,
        0.9774314541840141,
        0.9774314541840141,
        0.9774314541840141,
        0.9774314541840141,
        0.981928659840216,
        0.981928659840216,
        0.981928659840216,
        0.981928659840216,
        0.981928659840216,
        0.9855294250028132,
        0.9855294250028132,
        0.9855294250028132,
        0.9855294250028132,
        0.9855294250028132
    ]
}