{
    "args": {
        "load_last_pretrained": false,
        "model": "lenet",
        "dataset": "mnist",
        "epochs": 100,
        "batch_size": 60,
        "initialization": "xavier-uniform-half",
        "learning_rate": 0.0012,
        "forget_model": false,
        "disable_cuda": false,
        "pruning_rate": 0.2,
        "pruning_interval": 5,
        "seed": 50
    },
    "test_acc": [
        96.59,
        97.72333333333333,
        98.585,
        98.90666666666667,
        98.97666666666667,
        97.21666666666667,
        97.975,
        98.45666666666666,
        99.1,
        99.11666666666666,
        97.13333333333334,
        98.60166666666666,
        98.885,
        99.13666666666666,
        99.22166666666666,
        97.50833333333333,
        98.64833333333334,
        98.98,
        99.445,
        99.55833333333334,
        97.78166666666667,
        98.53833333333334,
        99.23166666666667,
        99.27666666666667,
        99.655,
        97.89999999999999,
        98.91499999999999,
        99.34666666666668,
        99.49166666666667,
        99.72833333333332,
        98.01666666666667,
        99.10166666666666,
        99.325,
        99.56333333333333,
        99.61333333333333,
        97.89833333333333,
        99.06166666666667,
        99.50166666666667,
        99.68166666666667,
        99.575,
        97.68833333333333,
        98.925,
        99.39833333333333,
        99.60666666666667,
        99.72333333333333,
        97.46666666666667,
        98.76,
        99.20833333333333,
        99.53666666666666,
        99.69833333333334,
        97.06666666666666,
        98.44833333333334,
        99.09666666666666,
        99.37,
        99.52666666666666,
        96.495,
        97.965,
        98.78,
        99.09833333333333,
        99.34666666666668,
        96.07833333333333,
        97.665,
        98.34333333333333,
        98.815,
        99.035,
        95.45833333333333,
        97.23,
        98.055,
        98.49333333333334,
        98.77333333333334,
        94.56166666666667,
        96.69,
        97.61999999999999,
        97.98666666666666,
        98.4,
        90.735,
        96.02333333333334,
        97.10499999999999,
        97.53833333333334,
        97.84833333333334,
        91.18666666666667,
        96.06,
        96.86166666666666,
        97.45833333333334,
        97.65,
        90.02666666666667,
        95.54833333333333,
        96.61999999999999,
        97.165,
        97.41166666666666,
        83.97666666666666,
        94.925,
        96.11833333333333,
        96.69333333333333,
        96.96833333333333,
        78.14333333333333,
        93.93,
        95.465,
        96.02833333333334,
        96.33500000000001
    ],
    "test_loss": [
        0.25718842378444967,
        0.09843725272919983,
        0.0653140594130382,
        0.04879044917062856,
        0.03668006693079951,
        0.2609317030142993,
        0.09413812244264409,
        0.060922125383745876,
        0.04508652610145509,
        0.03232068728291779,
        0.24886338750459253,
        0.08293746504909359,
        0.0547790575386025,
        0.03907290724269114,
        0.029758802466734777,
        0.2452095375303179,
        0.07430555751989595,
        0.047810696994827595,
        0.032795047667576,
        0.025689706426346673,
        0.23963077258039267,
        0.06608223613188602,
        0.03975708627665881,
        0.027364908931660464,
        0.020470021377142985,
        0.24385095083434136,
        0.0617005348529201,
        0.03549287965113763,
        0.02431958930264227,
        0.01772666454660066,
        0.25758069039462134,
        0.05737292103492655,
        0.03282260328775737,
        0.02237846558133606,
        0.015966423438294443,
        0.27785771412868054,
        0.058007090556435284,
        0.032980047328397634,
        0.021560420768277255,
        0.015838544706304674,
        0.31813268040306864,
        0.06290095705352723,
        0.035768154323566705,
        0.02356389118504012,
        0.016705942473432513,
        0.3612456408850849,
        0.06873607478989288,
        0.04062617172836326,
        0.02772346722718794,
        0.020341684457147492,
        0.43429379421472547,
        0.08006367880292237,
        0.04872640557214618,
        0.03375414794194512,
        0.02500091658497695,
        0.5192027922905982,
        0.09718878557439893,
        0.059409426736179737,
        0.04249564557150006,
        0.03315339296194725,
        0.6458331267610192,
        0.11091530608106405,
        0.0722715919916518,
        0.05289683364424855,
        0.042196976027451455,
        0.7746030300334096,
        0.12554404910467565,
        0.08439319690223783,
        0.06451980745978654,
        0.05267475126124919,
        0.9772699457108974,
        0.14630294572934507,
        0.09855877308547496,
        0.07691696833726018,
        0.06484651071205735,
        1.2804162261486054,
        0.24554532059282064,
        0.1218681577173993,
        0.09451056521199644,
        0.08153435499407351,
        1.3519690418541432,
        0.22828180696628989,
        0.12538457443192602,
        0.09989250070042908,
        0.08674460581690073,
        1.570720941901207,
        0.26061116318777205,
        0.13768293591775,
        0.10876914152130485,
        0.09417644176911563,
        1.7578714705705643,
        0.32764267909526823,
        0.16015308987535537,
        0.12628219331800938,
        0.11035148998349906,
        1.9370838977098466,
        0.40761325345933436,
        0.18648647390678524,
        0.1494681871458888,
        0.1331728596892208
    ],
    "train_acc": [
        96.09,
        96.93,
        97.7,
        97.75,
        97.72,
        96.63000000000001,
        96.95,
        97.27,
        97.74000000000001,
        97.77,
        96.5,
        97.77,
        97.75,
        97.83,
        97.72999999999999,
        97.14,
        97.96000000000001,
        97.96000000000001,
        98.04,
        98.4,
        97.32,
        97.39,
        98.03,
        97.83,
        98.11999999999999,
        97.39,
        98.07000000000001,
        97.92,
        98.04,
        98.14,
        97.6,
        97.98,
        98.07000000000001,
        97.88,
        98.04,
        97.42,
        98.0,
        98.14,
        98.18,
        97.95,
        97.09,
        98.02,
        98.00999999999999,
        97.94,
        98.03,
        96.81,
        97.82,
        98.0,
        98.11999999999999,
        98.13,
        96.74000000000001,
        97.72,
        97.87,
        98.07000000000001,
        97.88,
        96.08,
        97.39999999999999,
        97.82,
        97.85000000000001,
        97.98,
        95.83,
        97.16,
        97.61999999999999,
        97.78999999999999,
        97.84,
        95.5,
        96.73,
        97.31,
        97.46000000000001,
        97.68,
        94.69999999999999,
        96.33,
        97.09,
        97.21,
        97.35000000000001,
        91.16,
        95.63000000000001,
        96.41,
        96.77,
        96.97,
        91.28,
        95.63000000000001,
        96.3,
        96.67999999999999,
        96.88,
        90.24,
        95.39999999999999,
        96.13000000000001,
        96.55,
        96.75,
        84.04,
        94.54,
        95.78,
        96.1,
        96.34,
        78.4,
        93.89,
        95.17,
        95.67,
        95.62
    ],
    "train_loss": [
        0.12575334283763062,
        0.09907255722154043,
        0.07696612308800087,
        0.07675390056136461,
        0.07635441038954144,
        0.10854210113426169,
        0.0923504466860148,
        0.08630253363980683,
        0.07071450674937045,
        0.07855088775768362,
        0.10889565715465896,
        0.07398709764112969,
        0.06760386871954727,
        0.07009821879387482,
        0.07808989332012921,
        0.09186487151923294,
        0.06780409053927232,
        0.0684992504281042,
        0.06246922012839556,
        0.05875456490843908,
        0.09093133017733068,
        0.08146451957367673,
        0.0673050165272591,
        0.0762670295101083,
        0.06714306717364167,
        0.08585408932813805,
        0.061773228093780976,
        0.060317227306697675,
        0.0631118898630605,
        0.06560686089549475,
        0.08477874824074572,
        0.06229000618335551,
        0.0620077182036897,
        0.06416490762341143,
        0.06661717923989653,
        0.08788861444186487,
        0.06450647014070547,
        0.05892547566588678,
        0.059232132461599585,
        0.07107205931996526,
        0.09675907151227048,
        0.06479310735078629,
        0.06043035122649577,
        0.061119481192031755,
        0.06451544309387675,
        0.1102187923283991,
        0.07161755666616344,
        0.06129648208947194,
        0.06126530771910542,
        0.06522044870886717,
        0.1144994457704043,
        0.07663802189674385,
        0.06886050491008217,
        0.0662332717531422,
        0.06962445665995763,
        0.13517894793279514,
        0.0889073547845829,
        0.07506907372986396,
        0.07271547493396584,
        0.07038304317829026,
        0.14966128118514657,
        0.10064085995120381,
        0.08542418431959109,
        0.07601710084078465,
        0.07479731813993327,
        0.16579540553474856,
        0.1116890283803383,
        0.09212366896430532,
        0.08550528876628437,
        0.080737828965784,
        0.19419475780900367,
        0.1269027243206601,
        0.10534321089291912,
        0.09904567426081724,
        0.09164060214199796,
        0.40265267025567814,
        0.16019431007524093,
        0.12352028960908601,
        0.11185621122779425,
        0.1055005928724558,
        0.40285729737338904,
        0.15897981030587666,
        0.12651387429210598,
        0.11426270990158448,
        0.10864093362682772,
        0.48399282162060997,
        0.1726212158219186,
        0.1354902091542047,
        0.12027975896786074,
        0.11507856992525077,
        0.6472085860674966,
        0.20361091997362896,
        0.15171578272195632,
        0.13469282652580453,
        0.12641764218043425,
        0.8829778779052688,
        0.230137538856375,
        0.17282794036729607,
        0.15772853677947365,
        0.14961668997333794
    ],
    "sparsity": [
        0.0,
        0.0,
        0.0,
        0.0,
        0.0,
        0.2,
        0.2,
        0.2,
        0.2,
        0.2,
        0.3599977495217734,
        0.3599977495217734,
        0.3599977495217734,
        0.3599977495217734,
        0.3599977495217734,
        0.4879899478639211,
        0.4879899478639211,
        0.4879899478639211,
        0.4879899478639211,
        0.4879899478639211,
        0.5903829563782304,
        0.5903829563782304,
        0.5903829563782304,
        0.5903829563782304,
        0.5903829563782304,
        0.6722966130302689,
        0.6722966130302689,
        0.6722966130302689,
        0.6722966130302689,
        0.6722966130302689,
        0.7378267881924909,
        0.7378267881924909,
        0.7378267881924909,
        0.7378267881924909,
        0.7378267881924909,
        0.7902516784816773,
        0.7902516784816773,
        0.7902516784816773,
        0.7902516784816773,
        0.7902516784816773,
        0.8321893402347998,
        0.8321893402347998,
        0.8321893402347998,
        0.8321893402347998,
        0.8321893402347998,
        0.8657364689996624,
        0.8657364689996624,
        0.8657364689996624,
        0.8657364689996624,
        0.8657364689996624,
        0.8925809234462323,
        0.8925809234462323,
        0.8925809234462323,
        0.8925809234462323,
        0.8925809234462323,
        0.9140504857282172,
        0.9140504857282172,
        0.9140504857282172,
        0.9140504857282172,
        0.9140504857282172,
        0.9312291361914407,
        0.9312291361914407,
        0.9312291361914407,
        0.9312291361914407,
        0.9312291361914407,
        0.944968305764975,
        0.944968305764975,
        0.944968305764975,
        0.944968305764975,
        0.944968305764975,
        0.9559618919020292,
        0.9559618919020292,
        0.9559618919020292,
        0.9559618919020292,
        0.9559618919020292,
        0.9647612617681257,
        0.9647612617681257,
        0.9647612617681257,
        0.9647612617681257,
        0.9647612617681257,
        0.9717977570233675,
        0.9717977570233675,
        0.9717977570233675,
        0.9717977570233675,
        0.9717977570233675,
        0.9774314541840141,
        0.9774314541840141,
        0.9774314541840141,
        0.9774314541840141,
        0.9774314541840141,
        0.981928659840216,
        0.981928659840216,
        0.981928659840216,
        0.981928659840216,
        0.981928659840216,
        0.9855294250028132,
        0.9855294250028132,
        0.9855294250028132,
        0.9855294250028132,
        0.9855294250028132
    ]
}