{
    "args": {
        "load_last_pretrained": false,
        "model": "lenet",
        "dataset": "mnist",
        "epochs": 100,
        "batch_size": 60,
        "initialization": "xavier-uniform",
        "learning_rate": 0.0012,
        "forget_model": false,
        "disable_cuda": false,
        "pruning_rate": 0.2,
        "pruning_interval": 5,
        "seed": 43
    },
    "test_acc": [
        97.19833333333334,
        98.37,
        98.79333333333334,
        98.995,
        99.32,
        96.96333333333334,
        97.92,
        98.71666666666667,
        98.94500000000001,
        99.39,
        97.14166666666667,
        98.29,
        98.85166666666667,
        98.98333333333333,
        99.355,
        97.65333333333334,
        98.50833333333333,
        98.88666666666667,
        99.32,
        99.49333333333334,
        97.475,
        98.68166666666667,
        99.20833333333333,
        99.31,
        99.575,
        97.79166666666667,
        98.88166666666666,
        99.375,
        99.495,
        99.66000000000001,
        97.95166666666667,
        99.00666666666666,
        99.24666666666667,
        99.47500000000001,
        99.76,
        97.87333333333333,
        98.96000000000001,
        99.42333333333333,
        99.57666666666667,
        99.75333333333334,
        97.82833333333333,
        98.91333333333333,
        99.37666666666667,
        99.65833333333333,
        99.77833333333334,
        97.5,
        98.77666666666667,
        99.29833333333333,
        99.52,
        99.57666666666667,
        97.21333333333332,
        98.355,
        98.97500000000001,
        99.37833333333333,
        99.58,
        96.755,
        98.11166666666666,
        98.82833333333333,
        99.20333333333333,
        99.36666666666667,
        96.17166666666667,
        97.74666666666667,
        98.36833333333334,
        98.82666666666667,
        99.11999999999999,
        95.61333333333333,
        97.33000000000001,
        98.0,
        98.48666666666666,
        98.62666666666667,
        94.50333333333333,
        96.755,
        97.53166666666667,
        97.96833333333333,
        98.26833333333333,
        93.34833333333333,
        96.03666666666668,
        97.1,
        97.53333333333333,
        97.90166666666667,
        90.59166666666667,
        94.89999999999999,
        96.075,
        96.75333333333333,
        97.18,
        85.27166666666666,
        93.55499999999999,
        95.15333333333334,
        95.92500000000001,
        96.25833333333334,
        81.08666666666666,
        92.685,
        94.55,
        95.175,
        95.72,
        79.00833333333334,
        92.76833333333333,
        94.32000000000001,
        94.92333333333333,
        95.26833333333333
    ],
    "test_loss": [
        0.22012597665376962,
        0.09233972672838718,
        0.05919130367645994,
        0.04552839825430419,
        0.033453146751446186,
        0.2673764464855194,
        0.09450630355346948,
        0.06083860501274466,
        0.04598600927728694,
        0.03326595423772233,
        0.253952179281041,
        0.08540993543132208,
        0.05566906971088611,
        0.03937905005045468,
        0.030108727102691774,
        0.24189284564554692,
        0.07666785744298249,
        0.0497125454719644,
        0.03485640702093951,
        0.02604853240394732,
        0.24575678449682892,
        0.07051041269116104,
        0.04423239669483155,
        0.030214061271748506,
        0.022595151934336172,
        0.24788331469986588,
        0.06459561187261716,
        0.038337282744410915,
        0.026753069938917177,
        0.019936445546511094,
        0.26070410514436665,
        0.05893803616403602,
        0.035091849460150114,
        0.023977655944938305,
        0.016472289800149156,
        0.280319231081754,
        0.05863331006839871,
        0.034785053523839454,
        0.022852913656737656,
        0.016612037959566804,
        0.3146707691140473,
        0.06287864347128197,
        0.03679204133560415,
        0.02468735924898647,
        0.0177029209183529,
        0.3590324029698968,
        0.06967891345289536,
        0.040960208745906126,
        0.027599059654981828,
        0.02043935382948257,
        0.42038263101875784,
        0.07751359042758123,
        0.046075459365034474,
        0.031716029681148936,
        0.023767550328630024,
        0.510908065918833,
        0.09184670256916433,
        0.05803887370228768,
        0.04262673791288398,
        0.03313233392126858,
        0.6352445817403495,
        0.10796282321121543,
        0.0717734938566573,
        0.05353701546066441,
        0.042667257729219275,
        0.7992588574960828,
        0.12392845157627017,
        0.08271278112614527,
        0.06363334900280461,
        0.05215687804366462,
        0.9709498666748404,
        0.15244915657304228,
        0.10321282565686851,
        0.08128554217005149,
        0.06852190960664302,
        1.1963980721905827,
        0.18153852765634657,
        0.12180112704634666,
        0.09519989856518805,
        0.08027790817571803,
        1.4332943588793279,
        0.2676461517587304,
        0.15695054152235388,
        0.1241270114723593,
        0.10748844103887677,
        1.7541443020701408,
        0.38783004523068665,
        0.21287648778408766,
        0.16105899873375892,
        0.13840888930298387,
        1.8937825971841813,
        0.5237720033824443,
        0.2713852842897177,
        0.20390447680279614,
        0.17365127881616355,
        2.005274124264717,
        0.6086106476485729,
        0.28642027550935745,
        0.21504971043020488,
        0.18465078733861445
    ],
    "train_acc": [
        96.65,
        97.31,
        97.7,
        97.92,
        97.83,
        96.46000000000001,
        97.02,
        97.45,
        97.72,
        97.97,
        96.55,
        97.41,
        97.61,
        97.67,
        97.78,
        97.2,
        97.63,
        97.71,
        97.98,
        97.95,
        96.8,
        97.75,
        97.92999999999999,
        97.72,
        98.03,
        97.26,
        97.89999999999999,
        97.92999999999999,
        97.89,
        98.05,
        97.31,
        98.02,
        97.88,
        97.91,
        98.13,
        97.41,
        97.99,
        98.04,
        98.14,
        98.18,
        97.23,
        97.92999999999999,
        98.16,
        98.34,
        98.27,
        97.04,
        97.86,
        97.88,
        98.11999999999999,
        98.11999999999999,
        96.81,
        97.5,
        97.95,
        98.07000000000001,
        98.14,
        96.35000000000001,
        97.39,
        97.71,
        97.91,
        97.97,
        95.8,
        97.09,
        97.47,
        97.72999999999999,
        97.71,
        95.27,
        96.83,
        97.11,
        97.58,
        97.48,
        94.37,
        96.47,
        96.92,
        97.16,
        97.24000000000001,
        93.47999999999999,
        95.7,
        96.53,
        96.91,
        96.95,
        91.13,
        94.74000000000001,
        95.63000000000001,
        96.26,
        96.59,
        85.81,
        93.30000000000001,
        94.66,
        95.30999999999999,
        95.78999999999999,
        80.94,
        92.64,
        94.03,
        94.5,
        94.81,
        79.64,
        92.62,
        93.76,
        94.36,
        94.57
    ],
    "train_loss": [
        0.10518859258802708,
        0.0830618528214222,
        0.07410572469095048,
        0.06851443710519436,
        0.07230525961965546,
        0.11485199463514689,
        0.09469178216922247,
        0.0757144853182717,
        0.07078402769796462,
        0.06587812922412911,
        0.11008957088618221,
        0.07949430094529947,
        0.07756958826177357,
        0.07320747673539389,
        0.07352692443211033,
        0.09221776873207913,
        0.07648999013374755,
        0.06897457027779948,
        0.06505345546293301,
        0.06888529016377688,
        0.10142807791310691,
        0.07358233893602462,
        0.06696396476580778,
        0.07088613283226523,
        0.06544514175596462,
        0.09063085913658142,
        0.06758911775224312,
        0.0658575831278099,
        0.06518139665169798,
        0.06734257153026944,
        0.08768043914129456,
        0.06535397067353754,
        0.06486077287058697,
        0.06654829982477156,
        0.06306400689405171,
        0.08792946484319107,
        0.06392471916962437,
        0.06144060131614124,
        0.062099577379440836,
        0.061516008157531235,
        0.09227355770365207,
        0.06905116525082709,
        0.05956062448105055,
        0.057031807861943354,
        0.05930129462061171,
        0.1009378083842154,
        0.0683434404778534,
        0.06405875944632836,
        0.06259876924767689,
        0.061726616990395604,
        0.11371103786824349,
        0.07977039075852511,
        0.06791386050088498,
        0.06590101920614788,
        0.06379680815822038,
        0.1261233406888689,
        0.08915604548361487,
        0.07165564473127266,
        0.07113606867123909,
        0.07070353759723175,
        0.1456676367781833,
        0.09526903679159408,
        0.08115561357504147,
        0.07672564981750653,
        0.0746945418155345,
        0.16147527984248664,
        0.10853793942174333,
        0.0926301700263814,
        0.08490949088964098,
        0.0837624729136953,
        0.1987055171794163,
        0.1280246105736601,
        0.10509114493309202,
        0.09586068457494418,
        0.09244269000583824,
        0.2350195350047357,
        0.15284026614920107,
        0.11860329309801855,
        0.10949639472998902,
        0.10061289749838813,
        0.4045401340473198,
        0.19216394221443617,
        0.14985977653079405,
        0.13039142142111312,
        0.11976441324961756,
        0.6819779954984516,
        0.2625672811876514,
        0.19341227305149603,
        0.1645504529783112,
        0.15149015591976173,
        0.9613955859652537,
        0.3355437635840056,
        0.24057006679787607,
        0.20253667333525813,
        0.1846719274107746,
        1.1829486803380316,
        0.35809908851891936,
        0.25132998752736757,
        0.21475274517329154,
        0.19815134254847458
    ],
    "sparsity": [
        0.0,
        0.0,
        0.0,
        0.0,
        0.0,
        0.2,
        0.2,
        0.2,
        0.2,
        0.2,
        0.3599977495217734,
        0.3599977495217734,
        0.3599977495217734,
        0.3599977495217734,
        0.3599977495217734,
        0.4879899478639211,
        0.4879899478639211,
        0.4879899478639211,
        0.4879899478639211,
        0.4879899478639211,
        0.5903829563782304,
        0.5903829563782304,
        0.5903829563782304,
        0.5903829563782304,
        0.5903829563782304,
        0.6722966130302689,
        0.6722966130302689,
        0.6722966130302689,
        0.6722966130302689,
        0.6722966130302689,
        0.7378267881924909,
        0.7378267881924909,
        0.7378267881924909,
        0.7378267881924909,
        0.7378267881924909,
        0.7902516784816773,
        0.7902516784816773,
        0.7902516784816773,
        0.7902516784816773,
        0.7902516784816773,
        0.8321893402347998,
        0.8321893402347998,
        0.8321893402347998,
        0.8321893402347998,
        0.8321893402347998,
        0.8657364689996624,
        0.8657364689996624,
        0.8657364689996624,
        0.8657364689996624,
        0.8657364689996624,
        0.8925809234462323,
        0.8925809234462323,
        0.8925809234462323,
        0.8925809234462323,
        0.8925809234462323,
        0.9140504857282172,
        0.9140504857282172,
        0.9140504857282172,
        0.9140504857282172,
        0.9140504857282172,
        0.9312291361914407,
        0.9312291361914407,
        0.9312291361914407,
        0.9312291361914407,
        0.9312291361914407,
        0.944968305764975,
        0.944968305764975,
        0.944968305764975,
        0.944968305764975,
        0.944968305764975,
        0.9559618919020292,
        0.9559618919020292,
        0.9559618919020292,
        0.9559618919020292,
        0.9559618919020292,
        0.9647612617681257,
        0.9647612617681257,
        0.9647612617681257,
        0.9647612617681257,
        0.9647612617681257,
        0.9717977570233675,
        0.9717977570233675,
        0.9717977570233675,
        0.9717977570233675,
        0.9717977570233675,
        0.9774314541840141,
        0.9774314541840141,
        0.9774314541840141,
        0.9774314541840141,
        0.9774314541840141,
        0.981928659840216,
        0.981928659840216,
        0.981928659840216,
        0.981928659840216,
        0.981928659840216,
        0.9855294250028132,
        0.9855294250028132,
        0.9855294250028132,
        0.9855294250028132,
        0.9855294250028132
    ]
}