{
    "args": {
        "load_last_pretrained": false,
        "model": "lenet",
        "dataset": "mnist",
        "epochs": 100,
        "batch_size": 60,
        "initialization": "xavier-normal-half",
        "learning_rate": 0.0012,
        "forget_model": false,
        "disable_cuda": false,
        "pruning_rate": 0.2,
        "pruning_interval": 5,
        "seed": 48
    },
    "test_acc": [
        96.25333333333333,
        98.19166666666666,
        98.52833333333334,
        98.59833333333333,
        98.985,
        97.08,
        98.285,
        98.61666666666666,
        98.15666666666667,
        99.23166666666667,
        97.13833333333334,
        98.37,
        98.965,
        99.11166666666666,
        99.395,
        97.35833333333333,
        98.45166666666667,
        99.01166666666667,
        99.37833333333333,
        99.12333333333333,
        97.53166666666667,
        98.56166666666667,
        99.235,
        99.375,
        99.49333333333334,
        97.79833333333333,
        98.84333333333333,
        99.12666666666667,
        99.46000000000001,
        99.65333333333334,
        97.95,
        98.94333333333334,
        99.23833333333333,
        99.50833333333333,
        99.75333333333334,
        97.985,
        99.08166666666666,
        99.41333333333333,
        99.63666666666666,
        99.76166666666667,
        97.72166666666666,
        98.96333333333334,
        99.30666666666667,
        99.60833333333333,
        99.555,
        97.49333333333333,
        98.70333333333333,
        99.28,
        99.575,
        99.63833333333334,
        97.11333333333333,
        98.46833333333333,
        99.12166666666667,
        99.36833333333334,
        99.485,
        96.39,
        98.12166666666667,
        98.725,
        99.14166666666667,
        99.30166666666666,
        95.73666666666666,
        97.63833333333334,
        98.30833333333334,
        98.75833333333334,
        99.07666666666667,
        95.07,
        97.23333333333333,
        98.04333333333334,
        98.43333333333332,
        98.75333333333333,
        93.91666666666667,
        96.78166666666667,
        97.59666666666666,
        98.06333333333333,
        98.4,
        93.63333333333334,
        96.39999999999999,
        97.315,
        97.80499999999999,
        98.085,
        92.09333333333333,
        95.96666666666667,
        96.92333333333333,
        97.44166666666668,
        97.67166666666667,
        80.76833333333333,
        94.37833333333333,
        95.65833333333333,
        96.25833333333334,
        96.60833333333333,
        71.735,
        93.59833333333333,
        95.21333333333334,
        95.90833333333333,
        96.31833333333333,
        57.155,
        90.02333333333333,
        92.40666666666667,
        93.52833333333334,
        94.06833333333333
    ],
    "test_loss": [
        0.25306648019142447,
        0.09530518680391833,
        0.06512716174940579,
        0.04821080666361376,
        0.03641344121011207,
        0.26087091241590676,
        0.09196409146790392,
        0.06141528370673768,
        0.043398758349940184,
        0.03352127835783176,
        0.25156882441602646,
        0.08431846841424703,
        0.05621741556073539,
        0.040418631589622236,
        0.028541750313597732,
        0.24557137386500835,
        0.07800696279271506,
        0.049427027492783965,
        0.0359955176046351,
        0.026097984263906256,
        0.24903220447991042,
        0.07101988203777,
        0.0445880709295161,
        0.030797553333221005,
        0.02269963270537846,
        0.25624001815821973,
        0.06603181801829487,
        0.03913659570796881,
        0.027717791136645246,
        0.01969834494657698,
        0.2625058123152703,
        0.059180941785220056,
        0.03482478652044665,
        0.024067010005994233,
        0.016084365049260668,
        0.2743012311914936,
        0.05785355990985409,
        0.033123114877264014,
        0.021843708306842017,
        0.014960815092155827,
        0.30681636825017633,
        0.06323935778206215,
        0.03595129167707637,
        0.02351026129705133,
        0.016773987983673577,
        0.3528904422875494,
        0.06964902863744646,
        0.04001603140356019,
        0.026859092858969234,
        0.019609169877367095,
        0.42282788894698026,
        0.07801926656067372,
        0.04697599494433962,
        0.03307017422048375,
        0.02436000422143843,
        0.5200714080780745,
        0.09656028856523335,
        0.060293065319303424,
        0.04333635251480155,
        0.03366879981174134,
        0.6598249730914831,
        0.1158723912127316,
        0.07389997305674478,
        0.055320752847241236,
        0.04391026278957724,
        0.8020096064023674,
        0.1286149371098727,
        0.08418685122951865,
        0.064565069753211,
        0.05293772399518639,
        1.109129925146699,
        0.17775016272813082,
        0.10172966165933758,
        0.07908293891558424,
        0.06595954070892185,
        1.219179455384612,
        0.18464520782977342,
        0.11293926537502558,
        0.0874168326696381,
        0.07438534276280552,
        1.420092123001814,
        0.2174754079170525,
        0.12752083271648734,
        0.10084338232968003,
        0.087068603602238,
        1.7491919645667076,
        0.41429088351130483,
        0.1915074845291674,
        0.14593956262245775,
        0.1250737592279911,
        1.8448583110570909,
        0.4947637410983443,
        0.21333476380631328,
        0.1621786999106407,
        0.1396455865763128,
        2.0775179537534716,
        0.8907303868234158,
        0.3775600123107433,
        0.2782403094470501,
        0.23756653642654418
    ],
    "train_acc": [
        95.66,
        97.31,
        97.44,
        97.54,
        97.81,
        96.55,
        97.39,
        97.35000000000001,
        96.88,
        97.7,
        96.6,
        97.5,
        98.06,
        97.92,
        97.72999999999999,
        96.92,
        97.57000000000001,
        97.95,
        97.96000000000001,
        97.74000000000001,
        96.91,
        97.61,
        97.92999999999999,
        97.86,
        98.14,
        97.16,
        97.76,
        98.03,
        98.05,
        98.0,
        97.43,
        97.83,
        97.78999999999999,
        97.91,
        97.95,
        97.33000000000001,
        98.02,
        97.94,
        98.09,
        98.14,
        97.21,
        98.03,
        97.97,
        98.15,
        98.0,
        97.04,
        97.64,
        97.98,
        97.99,
        98.11,
        96.72,
        97.56,
        97.83,
        97.95,
        98.04,
        96.28,
        97.45,
        97.76,
        97.88,
        97.85000000000001,
        95.52000000000001,
        97.00999999999999,
        97.37,
        97.65,
        97.64,
        94.89999999999999,
        96.55,
        97.14,
        97.34,
        97.47,
        93.97,
        96.14,
        96.75,
        97.18,
        97.28,
        93.67999999999999,
        95.88,
        96.59,
        97.07000000000001,
        97.15,
        92.38,
        95.38,
        96.2,
        96.61999999999999,
        96.8,
        80.93,
        94.21000000000001,
        95.3,
        95.64,
        95.83,
        72.53,
        93.67,
        94.71000000000001,
        95.26,
        95.61,
        58.25,
        89.75999999999999,
        91.99000000000001,
        92.97,
        93.56
    ],
    "train_loss": [
        0.13425286085774263,
        0.0860640407723938,
        0.083258941620421,
        0.07822676047872373,
        0.07901207086543725,
        0.10768260010434481,
        0.08522525210000441,
        0.08311318155534253,
        0.10092781288103161,
        0.07478881549246297,
        0.1124638223262158,
        0.08319950164546688,
        0.06877720030861165,
        0.06821248085728797,
        0.0768451575365149,
        0.09982177365325882,
        0.07825337666014355,
        0.06787050306562803,
        0.06662893476115239,
        0.07807329843032682,
        0.09892944702153612,
        0.07713378322572854,
        0.06503727554181914,
        0.06661070570765164,
        0.06667244295965362,
        0.09148887893419244,
        0.07172740073205379,
        0.06400162457491265,
        0.06253005868800941,
        0.07014864933409332,
        0.08676547109857648,
        0.06799279926288984,
        0.06695599331726838,
        0.06681273238242653,
        0.06749849542097082,
        0.0876960415828103,
        0.06401516858510628,
        0.06580447514602791,
        0.067482132155833,
        0.06925572224765107,
        0.09447882167749598,
        0.06631820337863606,
        0.06413623475201963,
        0.06354457266614102,
        0.06921119926585174,
        0.10262918983680938,
        0.07249470528014405,
        0.06698676675535783,
        0.06346399305195932,
        0.06463191520860474,
        0.11395429440601143,
        0.07914088764590417,
        0.06912053421956715,
        0.06568896572919797,
        0.0709299869245632,
        0.13428498290389954,
        0.08761965718209565,
        0.07355850834600226,
        0.07051763437621429,
        0.07193752287323782,
        0.1577620345006089,
        0.1049852526138821,
        0.08830352166868345,
        0.08003577472039772,
        0.0773988439433812,
        0.17833558406435443,
        0.1161597561158106,
        0.09499044607610937,
        0.08755449402497378,
        0.08405589501646732,
        0.29482331845217835,
        0.13349772469993837,
        0.11039325724841056,
        0.1002274397983701,
        0.09612104429690513,
        0.28701752103017475,
        0.14318037290728378,
        0.11586340840258998,
        0.0995090770741512,
        0.09675316682118855,
        0.3523733395480824,
        0.16151283975846753,
        0.13135182383486968,
        0.11720566094077811,
        0.1148075416243585,
        0.8456045456989083,
        0.23846375616546162,
        0.17729773106956911,
        0.15618976587039268,
        0.14745063282281695,
        1.013534753622409,
        0.27038101780557344,
        0.19462857716633175,
        0.1711052237245851,
        0.15884563832092072,
        1.4917131412528946,
        0.4863269810905,
        0.3241367712170778,
        0.2743475934613251,
        0.2507415796200672
    ],
    "sparsity": [
        0.0,
        0.0,
        0.0,
        0.0,
        0.0,
        0.2,
        0.2,
        0.2,
        0.2,
        0.2,
        0.3599977495217734,
        0.3599977495217734,
        0.3599977495217734,
        0.3599977495217734,
        0.3599977495217734,
        0.4879899478639211,
        0.4879899478639211,
        0.4879899478639211,
        0.4879899478639211,
        0.4879899478639211,
        0.5903829563782304,
        0.5903829563782304,
        0.5903829563782304,
        0.5903829563782304,
        0.5903829563782304,
        0.6722966130302689,
        0.6722966130302689,
        0.6722966130302689,
        0.6722966130302689,
        0.6722966130302689,
        0.7378267881924909,
        0.7378267881924909,
        0.7378267881924909,
        0.7378267881924909,
        0.7378267881924909,
        0.7902516784816773,
        0.7902516784816773,
        0.7902516784816773,
        0.7902516784816773,
        0.7902516784816773,
        0.8321893402347998,
        0.8321893402347998,
        0.8321893402347998,
        0.8321893402347998,
        0.8321893402347998,
        0.8657364689996624,
        0.8657364689996624,
        0.8657364689996624,
        0.8657364689996624,
        0.8657364689996624,
        0.8925809234462323,
        0.8925809234462323,
        0.8925809234462323,
        0.8925809234462323,
        0.8925809234462323,
        0.9140504857282172,
        0.9140504857282172,
        0.9140504857282172,
        0.9140504857282172,
        0.9140504857282172,
        0.9312291361914407,
        0.9312291361914407,
        0.9312291361914407,
        0.9312291361914407,
        0.9312291361914407,
        0.944968305764975,
        0.944968305764975,
        0.944968305764975,
        0.944968305764975,
        0.944968305764975,
        0.9559618919020292,
        0.9559618919020292,
        0.9559618919020292,
        0.9559618919020292,
        0.9559618919020292,
        0.9647612617681257,
        0.9647612617681257,
        0.9647612617681257,
        0.9647612617681257,
        0.9647612617681257,
        0.9717977570233675,
        0.9717977570233675,
        0.9717977570233675,
        0.9717977570233675,
        0.9717977570233675,
        0.9774314541840141,
        0.9774314541840141,
        0.9774314541840141,
        0.9774314541840141,
        0.9774314541840141,
        0.981928659840216,
        0.981928659840216,
        0.981928659840216,
        0.981928659840216,
        0.981928659840216,
        0.9855294250028132,
        0.9855294250028132,
        0.9855294250028132,
        0.9855294250028132,
        0.9855294250028132
    ]
}