{
    "args": {
        "load_last_pretrained": false,
        "model": "lenet",
        "dataset": "mnist",
        "epochs": 100,
        "batch_size": 60,
        "initialization": "xavier-normal",
        "learning_rate": 0.0012,
        "forget_model": false,
        "disable_cuda": false,
        "pruning_rate": 0.2,
        "pruning_interval": 5,
        "seed": 52
    },
    "test_acc": [
        97.23333333333333,
        98.315,
        98.81833333333333,
        98.76,
        99.26833333333333,
        96.96166666666667,
        98.08333333333333,
        98.65333333333334,
        99.05666666666667,
        99.26666666666667,
        97.22833333333334,
        98.02166666666666,
        98.665,
        98.94500000000001,
        99.53833333333333,
        97.51833333333333,
        98.52,
        99.07000000000001,
        99.10666666666667,
        99.19833333333334,
        97.495,
        98.76166666666667,
        99.08666666666667,
        99.55333333333334,
        99.55333333333334,
        97.61333333333333,
        98.81333333333333,
        99.20333333333333,
        99.53833333333333,
        99.535,
        97.905,
        99.02666666666666,
        99.27666666666667,
        99.66666666666667,
        99.79166666666667,
        98.08666666666667,
        98.89333333333333,
        99.47166666666666,
        99.61,
        99.65666666666667,
        97.61999999999999,
        98.96333333333334,
        99.39833333333333,
        99.68833333333333,
        99.71833333333333,
        97.54333333333334,
        98.83,
        99.325,
        99.59166666666667,
        99.74499999999999,
        97.17666666666666,
        98.615,
        99.20833333333333,
        99.43666666666667,
        99.63833333333334,
        96.795,
        98.335,
        98.80833333333334,
        99.18166666666667,
        99.485,
        96.11,
        97.88,
        98.62166666666667,
        98.97,
        99.31666666666666,
        95.61833333333334,
        97.50166666666667,
        98.26833333333333,
        98.62333333333333,
        98.92333333333333,
        94.355,
        96.80166666666666,
        97.67666666666666,
        98.13333333333333,
        98.425,
        93.77,
        96.41999999999999,
        97.375,
        97.84666666666666,
        98.16333333333334,
        68.73333333333333,
        91.90833333333333,
        94.77166666666666,
        96.00166666666667,
        96.57333333333334,
        62.38166666666667,
        82.76833333333333,
        84.345,
        84.99666666666667,
        85.48666666666666,
        58.67666666666666,
        80.85833333333333,
        83.11833333333334,
        84.06666666666666,
        84.72333333333333,
        54.61833333333333,
        79.34166666666667,
        82.03,
        82.765,
        83.28666666666666
    ],
    "test_loss": [
        0.21366841614805163,
        0.08745537379710004,
        0.06031873486866243,
        0.044715738465311,
        0.034948708584648554,
        0.2643306544851512,
        0.09221504011796787,
        0.06114944204664789,
        0.04509408394491766,
        0.03447082930424949,
        0.24994855735637247,
        0.08253120253700763,
        0.05533279733615928,
        0.03996767136640847,
        0.029241432180337142,
        0.2483483071103692,
        0.07638771355058997,
        0.04881293151946738,
        0.03414286140439799,
        0.025924400841468014,
        0.2482475600214675,
        0.070456050359644,
        0.04242382462136447,
        0.030503407718846576,
        0.02101752669524285,
        0.249480909624137,
        0.0636335740329232,
        0.03728960005729459,
        0.02588738675171044,
        0.018503261348087108,
        0.26237630111258475,
        0.058711121776141226,
        0.03399411682831124,
        0.023502998091571498,
        0.016134734191029565,
        0.28275546654406936,
        0.05730781831638888,
        0.03177961619501002,
        0.021899112735816743,
        0.01530122875032248,
        0.30928819200303403,
        0.06093292650859803,
        0.03504734122217633,
        0.023763022329832892,
        0.017005198111146456,
        0.3625264016157016,
        0.06810090492712334,
        0.03934348946297541,
        0.026883164171304087,
        0.019283736099139786,
        0.42245505201257766,
        0.07504712479095905,
        0.043909249963704496,
        0.030158644551760518,
        0.0215375741100288,
        0.48912159893848,
        0.08667495205253363,
        0.0524667306644842,
        0.037019967301748696,
        0.028353227935906035,
        0.5992020801045,
        0.10359672217536718,
        0.06390979236736893,
        0.04626974793733098,
        0.03640719535795506,
        0.7291007854677737,
        0.11903799090627581,
        0.07736406013509259,
        0.05848763505415991,
        0.046853227517101914,
        0.9148463760986925,
        0.14774926727823914,
        0.0973611294105649,
        0.07435717304330319,
        0.061033223625738174,
        1.1407775017172097,
        0.1644211491458118,
        0.10921973377186805,
        0.08524507540278137,
        0.07220482666697353,
        1.5716243000626564,
        0.6236071289181709,
        0.34327033553272485,
        0.20941254132986067,
        0.1536507199294865,
        1.6711014284491539,
        0.8466153544485568,
        0.5783055954575539,
        0.42856608533859253,
        0.3651626004874706,
        1.917955291748047,
        1.0366584212183951,
        0.6759248103499412,
        0.4749013501107693,
        0.3873213293403387,
        1.9653743703365325,
        1.0804514644742012,
        0.8040996102094651,
        0.6139198110997677,
        0.48953278674185274
    ],
    "train_acc": [
        96.72,
        97.5,
        97.66,
        97.44,
        97.91,
        96.46000000000001,
        97.27,
        97.72999999999999,
        97.87,
        97.92999999999999,
        96.82,
        97.26,
        97.35000000000001,
        97.7,
        98.05,
        96.81,
        97.50999999999999,
        97.77,
        97.55,
        97.69,
        96.82,
        97.8,
        97.92999999999999,
        98.16,
        98.14,
        96.89999999999999,
        97.64,
        97.94,
        98.03,
        98.0,
        97.32,
        97.97,
        97.87,
        98.29,
        98.07000000000001,
        97.28999999999999,
        97.76,
        98.22999999999999,
        98.35000000000001,
        98.15,
        97.11999999999999,
        97.87,
        97.97,
        98.35000000000001,
        98.1,
        96.89,
        97.86,
        97.98,
        97.96000000000001,
        98.17,
        96.67,
        97.64,
        97.89,
        97.83,
        98.08,
        96.49,
        97.5,
        97.72,
        97.82,
        97.87,
        95.98,
        97.31,
        97.69,
        97.78999999999999,
        97.89,
        95.36,
        96.88,
        97.24000000000001,
        97.57000000000001,
        97.61999999999999,
        94.11,
        96.28,
        96.91,
        97.13000000000001,
        97.25,
        93.75,
        95.86,
        96.54,
        96.81,
        97.02,
        69.16,
        91.7,
        94.26,
        95.19999999999999,
        95.67,
        61.839999999999996,
        82.63000000000001,
        83.97,
        84.36,
        84.91,
        58.620000000000005,
        80.78,
        82.65,
        83.56,
        84.26,
        55.010000000000005,
        79.59,
        81.84,
        82.46,
        82.69
    ],
    "train_loss": [
        0.10445787773250106,
        0.07569338517085075,
        0.07571040843,
        0.08864091114910642,
        0.07312852752598527,
        0.11490443471573784,
        0.08918413350046306,
        0.07350331033066941,
        0.07022030301765723,
        0.06970714436112736,
        0.10567771381849123,
        0.08582742331259532,
        0.08030871954826013,
        0.07320505333158138,
        0.0629413721714905,
        0.10162329734554013,
        0.07718372953676446,
        0.07014105228698829,
        0.07365987947751618,
        0.0771931220636519,
        0.09699794341124103,
        0.07073772069579827,
        0.0678027486247373,
        0.05971166371956222,
        0.06648933382852638,
        0.09857206769611039,
        0.07507746058033812,
        0.06551618856506165,
        0.06465220548042436,
        0.07061993400461715,
        0.08914352265816784,
        0.06646962392472935,
        0.06668004325401417,
        0.058018588421595824,
        0.06487873843438856,
        0.08841421608506383,
        0.0691356987017625,
        0.06353084919667484,
        0.06102663243585406,
        0.06905745718458076,
        0.09631069631923637,
        0.06388930339104089,
        0.06208374788761585,
        0.05900889281169539,
        0.06669016007956502,
        0.10438295865353353,
        0.06904777183481854,
        0.0634947134123301,
        0.06378726730496807,
        0.06413717058655934,
        0.11637082538695749,
        0.07574160418802214,
        0.0655978483225994,
        0.06439196556516572,
        0.06603844070731812,
        0.12227872936445439,
        0.08126226434774117,
        0.07479952382548394,
        0.07219631276107365,
        0.07012856087973621,
        0.14715848064529682,
        0.09587327509136971,
        0.0801617532332768,
        0.07528316646725118,
        0.07143103181312006,
        0.1661713269879361,
        0.10697344278437114,
        0.0916205618731276,
        0.0834936347851407,
        0.0824598715651758,
        0.20348481949931846,
        0.12997138801359845,
        0.10813193817896222,
        0.09698484091556625,
        0.09150716638426759,
        0.22469564223896243,
        0.1404335760583956,
        0.11699608631967427,
        0.10488563873609918,
        0.09846232301962679,
        0.830473595750546,
        0.466575088436732,
        0.2751801245494517,
        0.19604117802517143,
        0.16696287906856952,
        1.036679049094994,
        0.7005807671718255,
        0.4942522220268935,
        0.4020608248646388,
        0.36162513030503324,
        1.2933220313694662,
        0.8392185600931773,
        0.5574131549118522,
        0.4372279177347343,
        0.38732131119973645,
        1.3397265208695464,
        0.9171348149904948,
        0.709892266167852,
        0.559365777019969,
        0.4671388898424046
    ],
    "sparsity": [
        0.0,
        0.0,
        0.0,
        0.0,
        0.0,
        0.2,
        0.2,
        0.2,
        0.2,
        0.2,
        0.3599977495217734,
        0.3599977495217734,
        0.3599977495217734,
        0.3599977495217734,
        0.3599977495217734,
        0.4879899478639211,
        0.4879899478639211,
        0.4879899478639211,
        0.4879899478639211,
        0.4879899478639211,
        0.5903829563782304,
        0.5903829563782304,
        0.5903829563782304,
        0.5903829563782304,
        0.5903829563782304,
        0.6722966130302689,
        0.6722966130302689,
        0.6722966130302689,
        0.6722966130302689,
        0.6722966130302689,
        0.7378267881924909,
        0.7378267881924909,
        0.7378267881924909,
        0.7378267881924909,
        0.7378267881924909,
        0.7902516784816773,
        0.7902516784816773,
        0.7902516784816773,
        0.7902516784816773,
        0.7902516784816773,
        0.8321893402347998,
        0.8321893402347998,
        0.8321893402347998,
        0.8321893402347998,
        0.8321893402347998,
        0.8657364689996624,
        0.8657364689996624,
        0.8657364689996624,
        0.8657364689996624,
        0.8657364689996624,
        0.8925809234462323,
        0.8925809234462323,
        0.8925809234462323,
        0.8925809234462323,
        0.8925809234462323,
        0.9140504857282172,
        0.9140504857282172,
        0.9140504857282172,
        0.9140504857282172,
        0.9140504857282172,
        0.9312291361914407,
        0.9312291361914407,
        0.9312291361914407,
        0.9312291361914407,
        0.9312291361914407,
        0.944968305764975,
        0.944968305764975,
        0.944968305764975,
        0.944968305764975,
        0.944968305764975,
        0.9559618919020292,
        0.9559618919020292,
        0.9559618919020292,
        0.9559618919020292,
        0.9559618919020292,
        0.9647612617681257,
        0.9647612617681257,
        0.9647612617681257,
        0.9647612617681257,
        0.9647612617681257,
        0.9717977570233675,
        0.9717977570233675,
        0.9717977570233675,
        0.9717977570233675,
        0.9717977570233675,
        0.9774314541840141,
        0.9774314541840141,
        0.9774314541840141,
        0.9774314541840141,
        0.9774314541840141,
        0.981928659840216,
        0.981928659840216,
        0.981928659840216,
        0.981928659840216,
        0.981928659840216,
        0.9855294250028132,
        0.9855294250028132,
        0.9855294250028132,
        0.9855294250028132,
        0.9855294250028132
    ]
}