{
    "args": {
        "load_last_pretrained": false,
        "model": "lenet",
        "dataset": "mnist",
        "epochs": 100,
        "batch_size": 60,
        "initialization": "xavier-normal-half",
        "learning_rate": 0.0012,
        "forget_model": false,
        "disable_cuda": false,
        "pruning_rate": 0.2,
        "pruning_interval": 5,
        "seed": 42
    },
    "test_acc": [
        96.24833333333333,
        98.10666666666667,
        98.44000000000001,
        99.01666666666667,
        99.09166666666667,
        96.84833333333333,
        97.76,
        98.54833333333333,
        99.01833333333333,
        99.24833333333333,
        97.275,
        98.60166666666666,
        98.96333333333334,
        99.14833333333334,
        99.26166666666667,
        97.45,
        98.43333333333332,
        99.08166666666666,
        99.325,
        99.33666666666666,
        97.47166666666666,
        98.51833333333333,
        98.70333333333333,
        99.385,
        99.29,
        97.615,
        98.765,
        99.38,
        99.555,
        99.555,
        97.95166666666667,
        98.91166666666666,
        99.37833333333333,
        99.57000000000001,
        99.72833333333332,
        97.51166666666666,
        98.845,
        99.33999999999999,
        99.57666666666667,
        99.76333333333334,
        97.67833333333333,
        98.85666666666667,
        99.45,
        99.62666666666667,
        99.68833333333333,
        97.43666666666667,
        98.62333333333333,
        99.245,
        99.43333333333332,
        99.695,
        97.14333333333333,
        98.54666666666667,
        99.06666666666666,
        99.35666666666667,
        99.56333333333333,
        96.56666666666666,
        98.185,
        98.84833333333334,
        99.15833333333333,
        99.26666666666667,
        95.99499999999999,
        97.89999999999999,
        98.475,
        98.88666666666667,
        99.07166666666667,
        95.33333333333334,
        97.32833333333333,
        98.11333333333333,
        98.605,
        98.82166666666666,
        89.51666666666667,
        94.96833333333333,
        96.48166666666667,
        97.06,
        97.51666666666667,
        89.56833333333334,
        94.555,
        95.92833333333334,
        96.61999999999999,
        97.04666666666667,
        82.69166666666666,
        92.975,
        94.96833333333333,
        95.77,
        95.895,
        76.12666666666667,
        91.515,
        93.94666666666667,
        94.46,
        95.07833333333333,
        72.05333333333334,
        90.60333333333334,
        93.33833333333334,
        94.14,
        94.61166666666668,
        65.78166666666667,
        89.95,
        92.80333333333334,
        93.76166666666667,
        94.16166666666666
    ],
    "test_loss": [
        0.2597552943397313,
        0.09808688384573906,
        0.06669867685320788,
        0.04892430214246269,
        0.036482504992483886,
        0.26746698703244326,
        0.09416805786732584,
        0.062385954181430864,
        0.044681013634079135,
        0.032630280432698784,
        0.25752817414328455,
        0.08560058850981295,
        0.05424822764366399,
        0.040509122296003626,
        0.027950539599638433,
        0.2460656595788896,
        0.0756882710722275,
        0.04819140409282409,
        0.03332138982095057,
        0.025505308215680998,
        0.2457040112055838,
        0.07099975271755829,
        0.04309433509793598,
        0.030452915786765514,
        0.022436604553106008,
        0.2609972638590261,
        0.06492891129758209,
        0.038157078887918035,
        0.02647947309887968,
        0.01851860972502618,
        0.269403135638684,
        0.061222973911557343,
        0.03571393097721739,
        0.023140945690043737,
        0.01784472136478871,
        0.29767472223751246,
        0.06377864573616535,
        0.03637601901427843,
        0.023516679423977623,
        0.01760402107005939,
        0.31884081397764386,
        0.06382651084894314,
        0.03629113385162782,
        0.024782246826100165,
        0.017459246625105153,
        0.36500736680068074,
        0.06970061779953539,
        0.04090709609980695,
        0.027746787398238666,
        0.019845865858136677,
        0.4243917374461889,
        0.07964553686883301,
        0.04830675355507992,
        0.03446969371259911,
        0.025182014780584724,
        0.5188717624414713,
        0.09261478796135635,
        0.05694043150590733,
        0.0407955030342564,
        0.030813421973609364,
        0.6298823870532214,
        0.10642332726623863,
        0.06736203588917851,
        0.05082686993456446,
        0.04117466901324224,
        0.7874232591371984,
        0.12649040394742042,
        0.08156210408173502,
        0.06151835188269615,
        0.04954482521302998,
        1.2092982986569405,
        0.36237440530210735,
        0.21018226324766875,
        0.13885688138753174,
        0.10579864887986332,
        1.2195367747545243,
        0.38893526744842527,
        0.22686861295253039,
        0.15544745444878935,
        0.12492436393350363,
        1.4611901908516884,
        0.5456858456432819,
        0.3569105101376772,
        0.2555823647528887,
        0.1951049258224666,
        1.6132044512629509,
        0.6730238192677498,
        0.44522520822286604,
        0.32107771618664266,
        0.2485544786453247,
        1.7232784148454665,
        0.6948817887604236,
        0.47071218390762803,
        0.357294058278203,
        0.2839375260621309,
        1.9736741794347763,
        0.8017360401153565,
        0.5232245948314667,
        0.3724101246148348,
        0.28599550360441206
    ],
    "train_acc": [
        95.77,
        97.11999999999999,
        97.37,
        97.89,
        97.86,
        96.34,
        96.94,
        97.75,
        98.00999999999999,
        97.92999999999999,
        96.81,
        97.61999999999999,
        98.05,
        97.92,
        97.83,
        96.97,
        97.58,
        97.87,
        97.92999999999999,
        97.96000000000001,
        96.93,
        97.6,
        97.67,
        98.11999999999999,
        97.84,
        96.92,
        97.74000000000001,
        97.98,
        98.08,
        98.09,
        97.27,
        97.91,
        98.18,
        98.09,
        98.18,
        97.04,
        97.88,
        98.06,
        97.96000000000001,
        98.16,
        97.21,
        97.97,
        98.05,
        98.04,
        98.05,
        96.74000000000001,
        97.71,
        97.95,
        97.88,
        98.05,
        96.65,
        97.59,
        97.74000000000001,
        97.98,
        97.99,
        96.39999999999999,
        97.39,
        97.81,
        97.77,
        97.8,
        95.67999999999999,
        97.17,
        97.5,
        97.67,
        97.65,
        95.24000000000001,
        96.75,
        97.19,
        97.49,
        97.55,
        89.66,
        94.3,
        95.67999999999999,
        96.16,
        96.55,
        89.60000000000001,
        94.08,
        95.19,
        95.67,
        96.14,
        83.37,
        92.38,
        94.72,
        95.39999999999999,
        95.38,
        77.10000000000001,
        91.45,
        93.53,
        93.95,
        94.57,
        72.7,
        90.69,
        93.58999999999999,
        93.81,
        94.24,
        66.67,
        90.06,
        92.64,
        93.34,
        93.75
    ],
    "train_loss": [
        0.13586921821498943,
        0.08992397933808005,
        0.08227335403723542,
        0.06852409496490737,
        0.07271799992966538,
        0.11591065660520584,
        0.09346359194406939,
        0.07336014573891719,
        0.06664437648957361,
        0.06966100273163107,
        0.10151568728270466,
        0.07346277050172051,
        0.06325905474912219,
        0.06562307972285317,
        0.06804918203625583,
        0.0983665015515007,
        0.07514301498426114,
        0.06421677995902558,
        0.06830412581490498,
        0.06854740640219624,
        0.09797774105817972,
        0.07570124065648474,
        0.07632941787666501,
        0.06335269140175817,
        0.07181464960104311,
        0.09515274688601494,
        0.0676902221839228,
        0.05908598847447443,
        0.06423841702436728,
        0.06487035659953261,
        0.08951342823039629,
        0.06604480730999863,
        0.062844907385325,
        0.06347879460973743,
        0.06042675588741441,
        0.09739798935364463,
        0.06844990063614831,
        0.06374582492685069,
        0.06296130730686876,
        0.06466494983812922,
        0.09629272096260579,
        0.06608162190999367,
        0.0592616125801857,
        0.06129351230881952,
        0.0691789509066308,
        0.10615573194391,
        0.07573300959754312,
        0.064842210806527,
        0.06665356833247947,
        0.06296939328298932,
        0.11396299356115079,
        0.0761187709644883,
        0.06865497671268479,
        0.06602370992308472,
        0.06513795713039428,
        0.1307072720774812,
        0.08736940025502515,
        0.07258926208471199,
        0.06966124179432849,
        0.07134076921983126,
        0.1519244049792875,
        0.09654945764177573,
        0.0815444319553584,
        0.07811140062421293,
        0.07739689117464833,
        0.1686220798797593,
        0.11134824121069765,
        0.09117267487994479,
        0.08172056787022708,
        0.08136898988556719,
        0.5117107285353952,
        0.27518805669631785,
        0.18506707683830204,
        0.13936279401807727,
        0.12155510706012834,
        0.5637663247699509,
        0.295568721469291,
        0.201578282622877,
        0.16507159970968427,
        0.14650597338547963,
        0.7127083632760419,
        0.444372472470392,
        0.30589138747689254,
        0.23710432162363373,
        0.1955601536183657,
        0.8608495689437775,
        0.5432700937736534,
        0.38449125482650576,
        0.29228167048471415,
        0.2418103760587955,
        0.8901118300632088,
        0.5597550353247248,
        0.4133498092254479,
        0.32905787300920775,
        0.27188238443550233,
        1.117450017415121,
        0.6292529989502387,
        0.4468841608056051,
        0.33497276679127513,
        0.2766204433080679
    ],
    "sparsity": [
        0.0,
        0.0,
        0.0,
        0.0,
        0.0,
        0.2,
        0.2,
        0.2,
        0.2,
        0.2,
        0.3599977495217734,
        0.3599977495217734,
        0.3599977495217734,
        0.3599977495217734,
        0.3599977495217734,
        0.4879899478639211,
        0.4879899478639211,
        0.4879899478639211,
        0.4879899478639211,
        0.4879899478639211,
        0.5903829563782304,
        0.5903829563782304,
        0.5903829563782304,
        0.5903829563782304,
        0.5903829563782304,
        0.6722966130302689,
        0.6722966130302689,
        0.6722966130302689,
        0.6722966130302689,
        0.6722966130302689,
        0.7378267881924909,
        0.7378267881924909,
        0.7378267881924909,
        0.7378267881924909,
        0.7378267881924909,
        0.7902516784816773,
        0.7902516784816773,
        0.7902516784816773,
        0.7902516784816773,
        0.7902516784816773,
        0.8321893402347998,
        0.8321893402347998,
        0.8321893402347998,
        0.8321893402347998,
        0.8321893402347998,
        0.8657364689996624,
        0.8657364689996624,
        0.8657364689996624,
        0.8657364689996624,
        0.8657364689996624,
        0.8925809234462323,
        0.8925809234462323,
        0.8925809234462323,
        0.8925809234462323,
        0.8925809234462323,
        0.9140504857282172,
        0.9140504857282172,
        0.9140504857282172,
        0.9140504857282172,
        0.9140504857282172,
        0.9312291361914407,
        0.9312291361914407,
        0.9312291361914407,
        0.9312291361914407,
        0.9312291361914407,
        0.944968305764975,
        0.944968305764975,
        0.944968305764975,
        0.944968305764975,
        0.944968305764975,
        0.9559618919020292,
        0.9559618919020292,
        0.9559618919020292,
        0.9559618919020292,
        0.9559618919020292,
        0.9647612617681257,
        0.9647612617681257,
        0.9647612617681257,
        0.9647612617681257,
        0.9647612617681257,
        0.9717977570233675,
        0.9717977570233675,
        0.9717977570233675,
        0.9717977570233675,
        0.9717977570233675,
        0.9774314541840141,
        0.9774314541840141,
        0.9774314541840141,
        0.9774314541840141,
        0.9774314541840141,
        0.981928659840216,
        0.981928659840216,
        0.981928659840216,
        0.981928659840216,
        0.981928659840216,
        0.9855294250028132,
        0.9855294250028132,
        0.9855294250028132,
        0.9855294250028132,
        0.9855294250028132
    ]
}