{
    "args": {
        "load_last_pretrained": false,
        "model": "lenet",
        "dataset": "mnist",
        "epochs": 100,
        "batch_size": 60,
        "initialization": "uniform",
        "learning_rate": 0.0012,
        "forget_model": false,
        "disable_cuda": false,
        "pruning_rate": 0.2,
        "pruning_interval": 5,
        "seed": 48
    },
    "test_acc": [
        71.745,
        85.40166666666667,
        78.75666666666666,
        81.33500000000001,
        83.35166666666667,
        75.05,
        84.22666666666667,
        88.53,
        90.32,
        91.50166666666667,
        90.635,
        92.39666666666668,
        93.525,
        94.83666666666667,
        95.88499999999999,
        94.425,
        96.02833333333334,
        97.28,
        97.74166666666667,
        98.21,
        96.11166666666666,
        97.61833333333333,
        98.49666666666667,
        98.835,
        99.01333333333334,
        97.15,
        98.14,
        98.685,
        99.065,
        99.31333333333333,
        97.505,
        98.49333333333334,
        98.92666666666666,
        99.26833333333333,
        99.325,
        97.44500000000001,
        98.63666666666666,
        98.905,
        99.36666666666667,
        99.44833333333334,
        97.405,
        98.67,
        99.095,
        99.36,
        99.51166666666667,
        97.09,
        98.58833333333334,
        99.07166666666667,
        99.37833333333333,
        99.53166666666667,
        96.67,
        98.36,
        98.87333333333333,
        99.285,
        99.36166666666666,
        96.56,
        98.125,
        98.73833333333333,
        99.13333333333333,
        99.32166666666666,
        96.11166666666666,
        97.815,
        98.40333333333334,
        98.89333333333333,
        99.14333333333335,
        95.06,
        97.23166666666667,
        98.07333333333334,
        98.47166666666666,
        98.70333333333333,
        94.59,
        96.76,
        97.63666666666667,
        98.02499999999999,
        98.30833333333334,
        92.74,
        95.845,
        96.89,
        97.39166666666667,
        97.76833333333333,
        91.01666666666667,
        94.73833333333333,
        95.91,
        96.54166666666667,
        96.82,
        87.88333333333334,
        94.26333333333334,
        95.44666666666667,
        96.03333333333333,
        96.37166666666667,
        85.44833333333334,
        93.97999999999999,
        95.235,
        95.71166666666666,
        96.03833333333334,
        75.46333333333334,
        92.58999999999999,
        94.27666666666667,
        94.88,
        95.28666666666666
    ],
    "test_loss": [
        806.3750493273735,
        30.4566856675148,
        33.92854819121398,
        34.04933485472203,
        32.89465678191185,
        2.0325301283597947,
        1.1536367129683494,
        0.5969065017402172,
        0.4094820362776518,
        0.33054465616494416,
        0.6824670556336642,
        0.30186931067705153,
        0.2523590560108423,
        0.21024255664646627,
        0.169583021113649,
        0.34938664274662734,
        0.17188264990970492,
        0.12201683225203305,
        0.09171506848046557,
        0.07153845479432494,
        0.2834165648370981,
        0.1142097952417098,
        0.07815076284110546,
        0.058169878206215796,
        0.04505272582283942,
        0.2647992785163224,
        0.08703419837681577,
        0.057304304054239766,
        0.043577674211817796,
        0.03263204686995596,
        0.27086675725318493,
        0.0745228080926463,
        0.04904858380637597,
        0.0368763118784409,
        0.02642968763492536,
        0.29685209795832634,
        0.07399463964719326,
        0.04654289096477442,
        0.03368972088221926,
        0.02473815812758403,
        0.335063539404422,
        0.07224744644202293,
        0.044259336426970546,
        0.0319294415244367,
        0.024065618860244286,
        0.37039156297408043,
        0.078108244988136,
        0.04689485633186996,
        0.03334114140982274,
        0.02534088746708585,
        0.43580916029587385,
        0.085751017132774,
        0.0532161680678837,
        0.0384111449115444,
        0.029300247807928826,
        0.5231773440428078,
        0.0937656760988757,
        0.05992650744714774,
        0.04358378336392343,
        0.034648889734526164,
        0.6427260630354286,
        0.10740071528870612,
        0.06950319818453864,
        0.05182666617073119,
        0.04107803987152874,
        0.775460283279419,
        0.12684461764246224,
        0.08196204548515379,
        0.06323198060970753,
        0.05200999875785783,
        0.9803307853117585,
        0.14531389488093555,
        0.09768602969683707,
        0.07690949876327068,
        0.06500058732694015,
        1.3138517885059118,
        0.24685221358016132,
        0.15423545033112168,
        0.11712893357686699,
        0.0967951167523861,
        1.5182125099003314,
        0.32390756461024284,
        0.19140680020302533,
        0.14826104981079696,
        0.12538555520400405,
        1.7183743260502815,
        0.4018200722485781,
        0.21577439153939484,
        0.16525418584048748,
        0.13983884322084486,
        1.8600961727499963,
        0.4638401366621256,
        0.23909656975418328,
        0.18158815998956562,
        0.15500080951675774,
        2.022187816977501,
        0.6101283796578646,
        0.28647273081541064,
        0.21521225767955185,
        0.1845840874761343
    ],
    "train_acc": [
        71.98,
        85.19,
        79.58,
        80.56,
        83.35000000000001,
        75.77000000000001,
        84.81,
        89.27000000000001,
        90.71000000000001,
        91.7,
        90.98,
        92.35,
        93.32000000000001,
        94.57,
        95.26,
        94.19,
        95.59,
        96.78999999999999,
        97.2,
        97.33000000000001,
        95.75,
        96.95,
        97.72,
        97.72,
        97.78999999999999,
        96.75,
        97.39,
        97.86,
        98.02,
        97.87,
        97.03,
        97.68,
        97.88,
        97.82,
        97.97,
        96.91,
        97.75,
        97.6,
        98.05,
        98.0,
        96.93,
        97.75,
        97.87,
        98.07000000000001,
        97.97,
        96.7,
        97.61999999999999,
        97.89999999999999,
        98.00999999999999,
        98.08,
        96.21,
        97.24000000000001,
        97.65,
        97.89,
        97.89999999999999,
        96.23,
        97.32,
        97.7,
        97.85000000000001,
        97.87,
        95.74000000000001,
        97.0,
        97.55,
        97.48,
        97.78999999999999,
        95.05,
        96.59,
        97.17,
        97.27,
        97.49,
        94.58,
        96.43,
        97.00999999999999,
        97.03,
        97.22,
        92.97999999999999,
        95.49,
        96.00999999999999,
        96.5,
        96.69,
        91.21000000000001,
        94.39999999999999,
        95.27,
        95.72,
        95.74000000000001,
        87.98,
        93.93,
        94.89999999999999,
        95.35,
        95.50999999999999,
        85.46000000000001,
        93.51,
        94.56,
        95.00999999999999,
        95.27,
        76.03999999999999,
        92.56,
        93.85,
        94.52000000000001,
        94.78999999999999
    ],
    "train_loss": [
        27.081852684477845,
        17.07687904163749,
        49.73262618401807,
        38.37155300414491,
        29.23100802998343,
        1.6162146815282856,
        0.7607051105556374,
        0.4561710975127306,
        0.3459695781062463,
        0.294913820966989,
        0.3291824328863692,
        0.26742145753727703,
        0.2308063903031592,
        0.18678365638869965,
        0.15373089600599812,
        0.19419714835232604,
        0.1470644551658345,
        0.10614686630510106,
        0.09338360827438488,
        0.0861963729212384,
        0.14106216183501089,
        0.10046759303547666,
        0.07752796232109209,
        0.07262685683536382,
        0.0707457872849337,
        0.110439356617228,
        0.0863141069623703,
        0.06999135496998261,
        0.06516074653279906,
        0.06803147520376425,
        0.10057014605019264,
        0.07764555395631019,
        0.07037080763030552,
        0.06592067220376548,
        0.07254850768106348,
        0.10408634802850777,
        0.07597789895988466,
        0.07808200298100264,
        0.0670456340470948,
        0.07511483565458058,
        0.10383460805667731,
        0.07142346251399039,
        0.06874508501070936,
        0.0654295410320977,
        0.06799510042852315,
        0.11614784125997099,
        0.07779210607359509,
        0.07288391875036195,
        0.0669745063007681,
        0.06537733620317084,
        0.1280431284005949,
        0.08498413593112351,
        0.07466478679819914,
        0.06708333016621384,
        0.07203799859944084,
        0.13239053733267647,
        0.09136629232322563,
        0.0782758926995054,
        0.07384117858269681,
        0.07369134022330051,
        0.1485017852601177,
        0.10190371918620285,
        0.0876653692545648,
        0.0811946490322223,
        0.07884075793069592,
        0.17641214296935562,
        0.1142758206648384,
        0.09647208694814743,
        0.0877122829841104,
        0.08633661007614594,
        0.19267844156679992,
        0.12850892010652376,
        0.10755941109497569,
        0.09984924647020187,
        0.0976646581726026,
        0.3540945456413452,
        0.19847346788751866,
        0.15623482858795606,
        0.13449661800648996,
        0.1243470740911668,
        0.5199502065867007,
        0.242745750053914,
        0.1887400755937585,
        0.16508467930430423,
        0.15192075242137837,
        0.6997223367948018,
        0.2735212978845585,
        0.20689695957535043,
        0.17933652619134166,
        0.16580678937499393,
        0.853354671044264,
        0.30524436317518083,
        0.22449418804245794,
        0.19469902481504542,
        0.17782082029445442,
        1.1578445099071115,
        0.3581755490538603,
        0.25074942463529326,
        0.21484242250284036,
        0.1972725255760604
    ],
    "sparsity": [
        0.0,
        0.0,
        0.0,
        0.0,
        0.0,
        0.2,
        0.2,
        0.2,
        0.2,
        0.2,
        0.3599977495217734,
        0.3599977495217734,
        0.3599977495217734,
        0.3599977495217734,
        0.3599977495217734,
        0.4879899478639211,
        0.4879899478639211,
        0.4879899478639211,
        0.4879899478639211,
        0.4879899478639211,
        0.5903829563782304,
        0.5903829563782304,
        0.5903829563782304,
        0.5903829563782304,
        0.5903829563782304,
        0.6722966130302689,
        0.6722966130302689,
        0.6722966130302689,
        0.6722966130302689,
        0.6722966130302689,
        0.7378267881924909,
        0.7378267881924909,
        0.7378267881924909,
        0.7378267881924909,
        0.7378267881924909,
        0.7902516784816773,
        0.7902516784816773,
        0.7902516784816773,
        0.7902516784816773,
        0.7902516784816773,
        0.8321893402347998,
        0.8321893402347998,
        0.8321893402347998,
        0.8321893402347998,
        0.8321893402347998,
        0.8657364689996624,
        0.8657364689996624,
        0.8657364689996624,
        0.8657364689996624,
        0.8657364689996624,
        0.8925809234462323,
        0.8925809234462323,
        0.8925809234462323,
        0.8925809234462323,
        0.8925809234462323,
        0.9140504857282172,
        0.9140504857282172,
        0.9140504857282172,
        0.9140504857282172,
        0.9140504857282172,
        0.9312291361914407,
        0.9312291361914407,
        0.9312291361914407,
        0.9312291361914407,
        0.9312291361914407,
        0.944968305764975,
        0.944968305764975,
        0.944968305764975,
        0.944968305764975,
        0.944968305764975,
        0.9559618919020292,
        0.9559618919020292,
        0.9559618919020292,
        0.9559618919020292,
        0.9559618919020292,
        0.9647612617681257,
        0.9647612617681257,
        0.9647612617681257,
        0.9647612617681257,
        0.9647612617681257,
        0.9717977570233675,
        0.9717977570233675,
        0.9717977570233675,
        0.9717977570233675,
        0.9717977570233675,
        0.9774314541840141,
        0.9774314541840141,
        0.9774314541840141,
        0.9774314541840141,
        0.9774314541840141,
        0.981928659840216,
        0.981928659840216,
        0.981928659840216,
        0.981928659840216,
        0.981928659840216,
        0.9855294250028132,
        0.9855294250028132,
        0.9855294250028132,
        0.9855294250028132,
        0.9855294250028132
    ]
}