{
    "args": {
        "load_last_pretrained": false,
        "model": "lenet",
        "dataset": "mnist",
        "epochs": 100,
        "batch_size": 60,
        "initialization": "xavier-uniform-half",
        "learning_rate": 0.0012,
        "forget_model": false,
        "disable_cuda": false,
        "pruning_rate": 0.2,
        "pruning_interval": 5,
        "seed": 43
    },
    "test_acc": [
        96.81666666666666,
        98.18833333333333,
        98.57833333333333,
        99.04333333333334,
        99.095,
        97.14500000000001,
        98.01666666666667,
        98.77833333333334,
        98.98,
        99.23833333333333,
        97.20166666666667,
        98.44500000000001,
        99.00666666666666,
        99.18833333333333,
        99.24833333333333,
        97.60666666666667,
        98.55333333333334,
        98.925,
        99.35666666666667,
        99.63166666666666,
        97.605,
        98.68,
        99.21166666666666,
        99.33833333333332,
        99.62333333333333,
        97.655,
        98.765,
        99.48,
        99.61666666666666,
        99.61333333333333,
        97.91833333333332,
        98.94500000000001,
        99.29,
        99.47666666666667,
        99.81666666666666,
        97.95333333333333,
        98.93833333333333,
        99.405,
        99.57333333333334,
        99.74333333333333,
        97.83,
        98.955,
        99.43833333333333,
        99.63499999999999,
        99.8,
        97.59,
        98.86666666666667,
        99.38,
        99.6,
        99.71333333333334,
        97.31,
        98.50999999999999,
        99.09,
        99.48833333333333,
        99.72166666666666,
        96.62166666666666,
        98.17,
        98.82666666666667,
        99.27833333333334,
        99.47833333333334,
        95.95166666666667,
        97.75833333333334,
        98.44000000000001,
        98.99,
        99.25166666666667,
        95.52666666666667,
        97.40333333333334,
        98.23833333333334,
        98.71333333333332,
        98.835,
        94.77,
        96.895,
        97.76666666666667,
        98.25333333333333,
        98.66166666666668,
        93.14333333333333,
        96.15,
        97.11333333333333,
        97.58833333333334,
        97.96000000000001,
        92.38333333333333,
        95.75833333333334,
        96.68166666666667,
        97.20666666666666,
        97.64666666666668,
        90.73333333333333,
        95.25666666666666,
        96.33833333333334,
        96.95,
        97.25,
        90.08666666666667,
        94.87166666666667,
        95.92500000000001,
        96.54166666666667,
        96.95333333333333,
        85.20833333333333,
        94.20166666666667,
        95.565,
        96.17,
        96.38333333333333
    ],
    "test_loss": [
        0.25615828291140497,
        0.10167530111176894,
        0.06515234633337241,
        0.04962241967825685,
        0.0368592884328682,
        0.2608923948565498,
        0.09275665963627398,
        0.06135210931522306,
        0.04501143908058293,
        0.033137341718422246,
        0.24941722177620979,
        0.08414455770724454,
        0.054489113020943475,
        0.037942177718156014,
        0.0303255731719546,
        0.24233207582309843,
        0.07508064886275678,
        0.04780647843470797,
        0.03393866563140182,
        0.02615650289459154,
        0.2439266632022336,
        0.06904848368978128,
        0.04300408511364367,
        0.02938601564185228,
        0.022065460816782432,
        0.2544032275862992,
        0.06554764787713066,
        0.03837679529958404,
        0.026213698938081505,
        0.020090058820642298,
        0.2671471307594329,
        0.060239042999455705,
        0.03603768568113446,
        0.023161820212670135,
        0.01677451515424764,
        0.28205363839399067,
        0.057270677650813014,
        0.0322456255723373,
        0.02132493812497705,
        0.016095129483990604,
        0.3113245729105547,
        0.06110219869716093,
        0.03464146349398652,
        0.023018242018995806,
        0.016494776189152616,
        0.35207640687096864,
        0.06483354468387552,
        0.03704971718986053,
        0.024737607773859055,
        0.01794908558030147,
        0.40816134405322374,
        0.0735254573840648,
        0.04174292859039269,
        0.028057722777943127,
        0.020528164051822388,
        0.49547407805547117,
        0.09291698025586083,
        0.05544425513595343,
        0.03884638623241335,
        0.02904082564159762,
        0.6141884854398668,
        0.1096994571313262,
        0.06810246927943081,
        0.04874311275873333,
        0.03720716565288603,
        0.7531741422004997,
        0.12279229431506246,
        0.07735876246821136,
        0.05679464838560671,
        0.04550688476185314,
        0.88654920912534,
        0.14353927940689026,
        0.09376511861383915,
        0.07039968686085195,
        0.057407329376554114,
        1.1600560659468173,
        0.2462592630982399,
        0.1503392666205764,
        0.11147765818238259,
        0.08989576762914657,
        1.2627059689164162,
        0.26911597756296396,
        0.16599137409031392,
        0.12529173075780273,
        0.10260472227912396,
        1.4542261119782924,
        0.3054923603609204,
        0.18410198047757148,
        0.13820034505426884,
        0.1134250733088702,
        1.5833689951896668,
        0.33204757065325974,
        0.1991068826057017,
        0.1526794851385057,
        0.12819647727534175,
        1.8002990065217017,
        0.4037571325227618,
        0.2200670427456498,
        0.16761275022476912,
        0.14145486515015362
    ],
    "train_acc": [
        96.28999999999999,
        97.41,
        97.55,
        97.91,
        97.59,
        96.61,
        97.07000000000001,
        97.66,
        97.41,
        97.83,
        96.75,
        97.72999999999999,
        97.89,
        98.09,
        97.72999999999999,
        97.08,
        97.58,
        97.81,
        97.99,
        98.06,
        97.14,
        97.61999999999999,
        97.87,
        97.96000000000001,
        98.17,
        97.17,
        97.76,
        98.07000000000001,
        98.00999999999999,
        98.07000000000001,
        97.41,
        97.86,
        98.14,
        97.96000000000001,
        98.33,
        97.39,
        97.98,
        98.09,
        98.14,
        98.11,
        97.32,
        97.98,
        98.19,
        98.16,
        98.36,
        97.11999999999999,
        98.07000000000001,
        97.99,
        98.16,
        98.14,
        96.64,
        97.6,
        97.98,
        98.17,
        98.27,
        96.23,
        97.46000000000001,
        97.77,
        97.92999999999999,
        98.04,
        95.82000000000001,
        97.00999999999999,
        97.61,
        97.98,
        98.06,
        95.37,
        96.91,
        97.34,
        97.72999999999999,
        97.81,
        94.62,
        96.53,
        97.08,
        97.23,
        97.56,
        93.30000000000001,
        95.67,
        96.63000000000001,
        96.83,
        97.04,
        92.30000000000001,
        95.23,
        95.96000000000001,
        96.44,
        96.74000000000001,
        91.05,
        94.83,
        95.67,
        96.12,
        96.55,
        90.33,
        94.73,
        95.39999999999999,
        95.78,
        95.99,
        85.35000000000001,
        94.08,
        95.1,
        95.59,
        95.87
    ],
    "train_loss": [
        0.11528621588883821,
        0.08339563631145896,
        0.07517379812595106,
        0.06751684023382443,
        0.07657472689567736,
        0.11093908709524099,
        0.09411454424652421,
        0.07719252323508709,
        0.07706396553935874,
        0.0749518877790382,
        0.11055459049781283,
        0.07598204590647878,
        0.07020877460770666,
        0.06521316860387001,
        0.07474825839152348,
        0.0949448933155683,
        0.07507728203060385,
        0.06765677174692694,
        0.06437302870859955,
        0.06168545967279543,
        0.09271103743196069,
        0.0737332236663087,
        0.06836011141613907,
        0.06806100382675935,
        0.0595674753603163,
        0.09391671868632297,
        0.06970132527103325,
        0.06108817336509216,
        0.06390913645388324,
        0.06464508319696033,
        0.08906819235288098,
        0.06395359756564442,
        0.06084743053317739,
        0.06251896243517337,
        0.05746006269375989,
        0.08771113098269986,
        0.06447312085816782,
        0.06202251985975859,
        0.06099911240796687,
        0.0647686534680769,
        0.09306266326122656,
        0.0668185770310863,
        0.05787789168723017,
        0.05887899347678563,
        0.055476482414213865,
        0.09642254770872835,
        0.06809651839385132,
        0.06161203876996558,
        0.062115092025679386,
        0.05972651428819082,
        0.11219828140860547,
        0.07490040876618224,
        0.0660064916076239,
        0.06318915035215926,
        0.0607418441189269,
        0.13150947875605373,
        0.08615010703807909,
        0.07251263849582233,
        0.06873286156887244,
        0.06345489660827276,
        0.15355012352818143,
        0.0997770022835114,
        0.08106492466744995,
        0.0710039838624304,
        0.06965672551559474,
        0.1702827722235711,
        0.10887012679776746,
        0.08763174666370639,
        0.078583295613215,
        0.07857064545310721,
        0.19225358818016366,
        0.12384299391289492,
        0.09973552428230555,
        0.091233048741399,
        0.08521114802545683,
        0.3516348196182422,
        0.19383751663440715,
        0.14618978033701102,
        0.12506322596155242,
        0.1132983274557098,
        0.3894381838108965,
        0.2132746094090496,
        0.1628611380691657,
        0.13716787947509104,
        0.12433721091665194,
        0.45330424294500293,
        0.2314108255916013,
        0.17549058977893728,
        0.1485003423681873,
        0.13267477470154534,
        0.5097499313111791,
        0.2455710813313901,
        0.18884848830050338,
        0.16019102330960913,
        0.14552287179642096,
        0.6955491843337784,
        0.2738064132229297,
        0.20162232983076644,
        0.1709462135673283,
        0.15643624260932384
    ],
    "sparsity": [
        0.0,
        0.0,
        0.0,
        0.0,
        0.0,
        0.2,
        0.2,
        0.2,
        0.2,
        0.2,
        0.3599977495217734,
        0.3599977495217734,
        0.3599977495217734,
        0.3599977495217734,
        0.3599977495217734,
        0.4879899478639211,
        0.4879899478639211,
        0.4879899478639211,
        0.4879899478639211,
        0.4879899478639211,
        0.5903829563782304,
        0.5903829563782304,
        0.5903829563782304,
        0.5903829563782304,
        0.5903829563782304,
        0.6722966130302689,
        0.6722966130302689,
        0.6722966130302689,
        0.6722966130302689,
        0.6722966130302689,
        0.7378267881924909,
        0.7378267881924909,
        0.7378267881924909,
        0.7378267881924909,
        0.7378267881924909,
        0.7902516784816773,
        0.7902516784816773,
        0.7902516784816773,
        0.7902516784816773,
        0.7902516784816773,
        0.8321893402347998,
        0.8321893402347998,
        0.8321893402347998,
        0.8321893402347998,
        0.8321893402347998,
        0.8657364689996624,
        0.8657364689996624,
        0.8657364689996624,
        0.8657364689996624,
        0.8657364689996624,
        0.8925809234462323,
        0.8925809234462323,
        0.8925809234462323,
        0.8925809234462323,
        0.8925809234462323,
        0.9140504857282172,
        0.9140504857282172,
        0.9140504857282172,
        0.9140504857282172,
        0.9140504857282172,
        0.9312291361914407,
        0.9312291361914407,
        0.9312291361914407,
        0.9312291361914407,
        0.9312291361914407,
        0.944968305764975,
        0.944968305764975,
        0.944968305764975,
        0.944968305764975,
        0.944968305764975,
        0.9559618919020292,
        0.9559618919020292,
        0.9559618919020292,
        0.9559618919020292,
        0.9559618919020292,
        0.9647612617681257,
        0.9647612617681257,
        0.9647612617681257,
        0.9647612617681257,
        0.9647612617681257,
        0.9717977570233675,
        0.9717977570233675,
        0.9717977570233675,
        0.9717977570233675,
        0.9717977570233675,
        0.9774314541840141,
        0.9774314541840141,
        0.9774314541840141,
        0.9774314541840141,
        0.9774314541840141,
        0.981928659840216,
        0.981928659840216,
        0.981928659840216,
        0.981928659840216,
        0.981928659840216,
        0.9855294250028132,
        0.9855294250028132,
        0.9855294250028132,
        0.9855294250028132,
        0.9855294250028132
    ]
}