{
    "args": {
        "load_last_pretrained": false,
        "model": "lenet",
        "dataset": "mnist",
        "epochs": 100,
        "batch_size": 60,
        "initialization": "kaiming-normal",
        "learning_rate": 0.0012,
        "forget_model": false,
        "disable_cuda": false,
        "pruning_rate": 0.2,
        "pruning_interval": 5,
        "seed": 49
    },
    "test_acc": [
        97.28333333333333,
        98.115,
        98.74000000000001,
        99.04333333333334,
        99.385,
        96.75833333333334,
        98.11666666666666,
        98.27833333333334,
        98.97833333333334,
        99.26166666666667,
        97.09833333333333,
        98.09833333333333,
        98.76166666666667,
        99.27,
        99.36166666666666,
        97.50999999999999,
        98.59833333333333,
        98.86666666666667,
        99.41,
        99.52833333333334,
        97.39999999999999,
        98.72,
        99.03833333333333,
        99.4,
        99.59166666666667,
        97.70833333333333,
        98.68666666666667,
        99.26666666666667,
        99.29166666666667,
        99.72666666666666,
        98.02333333333333,
        98.87666666666667,
        99.385,
        99.56833333333334,
        99.61,
        97.93333333333332,
        98.86,
        99.45,
        99.57333333333334,
        99.73666666666666,
        97.91666666666666,
        99.03666666666666,
        99.39333333333333,
        99.66166666666668,
        99.76333333333334,
        97.455,
        98.695,
        99.30833333333334,
        99.56666666666666,
        99.69,
        96.99166666666666,
        98.61333333333333,
        99.13333333333333,
        99.39333333333333,
        99.61333333333333,
        96.48166666666667,
        98.27333333333334,
        98.87,
        99.225,
        99.44,
        95.81833333333334,
        97.85333333333334,
        98.54166666666667,
        98.79,
        99.04333333333334,
        95.12333333333333,
        97.29833333333333,
        98.01666666666667,
        98.49833333333333,
        98.79166666666667,
        94.61166666666668,
        96.90833333333333,
        97.685,
        98.17166666666667,
        98.46166666666667,
        93.72833333333334,
        96.43,
        97.36166666666666,
        97.82166666666666,
        98.095,
        92.30333333333334,
        95.95,
        97.00666666666666,
        97.55666666666667,
        97.78333333333333,
        90.42166666666667,
        95.25,
        96.39833333333333,
        96.89333333333333,
        97.25666666666667,
        81.16333333333333,
        93.52833333333334,
        95.16833333333334,
        96.015,
        96.33666666666667,
        78.36,
        93.415,
        95.05833333333334,
        95.61333333333333,
        95.94
    ],
    "test_loss": [
        0.21624967354163527,
        0.08929420970892533,
        0.05877401615749113,
        0.044634378161688804,
        0.03390523387954454,
        0.26784491975978014,
        0.09489278841996565,
        0.06269469393580221,
        0.0446025179051212,
        0.035141884870507054,
        0.2511398242134601,
        0.08503720368724316,
        0.05517205146537162,
        0.039181939664762466,
        0.0303510875745269,
        0.24345373333711176,
        0.07785546143865213,
        0.05103747389279306,
        0.034569617958390156,
        0.025229386594553944,
        0.24211567489802838,
        0.06956706004589797,
        0.04365943145396886,
        0.030003663512703498,
        0.02150085171885439,
        0.24627367644011974,
        0.06432833135453984,
        0.03842369610187597,
        0.02651239083893597,
        0.01869866980952793,
        0.2596386661231518,
        0.059889038062654436,
        0.03539480453281431,
        0.022816316467127763,
        0.017248858346923954,
        0.28364487667009236,
        0.06000846684514545,
        0.03458076111145783,
        0.023164242090540937,
        0.01669934499761439,
        0.314545628962107,
        0.06148290981445462,
        0.034732114009326326,
        0.023089750010869464,
        0.01642409905610839,
        0.3556955639701337,
        0.06730801761336624,
        0.04027060693677049,
        0.02742500871710945,
        0.019402523899683728,
        0.4179149935059249,
        0.07678178881667555,
        0.046373610831331465,
        0.03221502792951651,
        0.023562393081432674,
        0.5062634115368128,
        0.09212306259572506,
        0.054845701145473866,
        0.03899791345198173,
        0.030013489580247552,
        0.6036660339124501,
        0.11080369990319014,
        0.06700838948134333,
        0.0488105442263186,
        0.038602810682263226,
        0.7566395580768586,
        0.129401564322412,
        0.08282957333792001,
        0.062259460042230784,
        0.05022271386114881,
        0.9300035633072257,
        0.14679277297668158,
        0.09526626045908779,
        0.07377972303470597,
        0.060750839191954585,
        1.1713805444911123,
        0.1653653166629374,
        0.10890829169005156,
        0.08547720834612846,
        0.07255635618465021,
        1.4031792881786824,
        0.19107598188519478,
        0.12059942383226008,
        0.09540484023839235,
        0.0824328556926921,
        1.6372951913923026,
        0.2288609675131738,
        0.14408211471512913,
        0.114726448090747,
        0.0996394329527393,
        1.8508479281663894,
        0.43849626979231837,
        0.2359973638728261,
        0.17590223468840122,
        0.1471136765629053,
        1.8465003245472908,
        0.4595202144086361,
        0.246338077865541,
        0.18858647549152374,
        0.16176696680113672
    ],
    "train_acc": [
        96.72,
        97.35000000000001,
        97.59,
        97.64,
        98.07000000000001,
        96.53,
        97.36,
        97.11,
        97.72,
        97.78999999999999,
        96.69,
        97.48,
        97.61,
        98.08,
        97.91,
        96.95,
        97.74000000000001,
        97.82,
        97.97,
        98.04,
        96.89999999999999,
        97.81,
        97.92999999999999,
        97.99,
        98.05,
        96.93,
        97.71,
        98.09,
        97.99,
        98.0,
        97.3,
        97.82,
        98.21,
        98.17,
        98.16,
        97.23,
        97.96000000000001,
        98.22999999999999,
        98.15,
        98.1,
        97.17,
        97.96000000000001,
        98.08,
        98.07000000000001,
        98.09,
        96.85000000000001,
        97.78999999999999,
        98.11999999999999,
        98.14,
        98.11,
        96.47,
        97.63,
        97.97,
        97.95,
        98.00999999999999,
        95.99,
        97.50999999999999,
        97.89999999999999,
        97.82,
        97.86,
        95.45,
        97.05,
        97.57000000000001,
        97.66,
        97.72999999999999,
        95.06,
        96.61999999999999,
        97.07000000000001,
        97.25,
        97.54,
        94.36,
        96.33,
        96.91,
        97.21,
        97.33000000000001,
        93.64,
        95.94,
        96.63000000000001,
        96.86,
        97.0,
        92.32000000000001,
        95.48,
        96.36,
        96.7,
        96.97,
        91.0,
        94.84,
        95.77,
        96.05,
        96.28999999999999,
        81.08999999999999,
        93.64,
        94.98,
        95.47,
        95.64,
        78.53999999999999,
        93.15,
        94.82000000000001,
        95.13000000000001,
        95.39999999999999
    ],
    "train_loss": [
        0.10794328866403795,
        0.09054821158318731,
        0.07841118099586201,
        0.07653518271295097,
        0.07310982166042183,
        0.11583992745169623,
        0.08301757510561875,
        0.09332446803890927,
        0.07422387395137754,
        0.06966447269454777,
        0.11044652665223548,
        0.08089601445084292,
        0.07511324315571678,
        0.06340589508076873,
        0.07280958909210247,
        0.09618464694497827,
        0.07481298634704359,
        0.06836477195646079,
        0.06444387571763492,
        0.06403994490113667,
        0.09617119048816894,
        0.0679334700553717,
        0.0634632001039823,
        0.0653901938202618,
        0.06521018266414354,
        0.09447801968049326,
        0.07318030440521811,
        0.06310494823386882,
        0.07366674287317175,
        0.06735233862293204,
        0.08648359135886331,
        0.06937826710507765,
        0.05869649852762657,
        0.06227198640696013,
        0.06315669634422666,
        0.09007551132361154,
        0.06683353016788732,
        0.057590354588802926,
        0.06106592233196559,
        0.06397651759719387,
        0.09620263847427632,
        0.06428776340124136,
        0.06051927308195053,
        0.06246899260475696,
        0.06556291542082891,
        0.10418284963816404,
        0.07490154932124797,
        0.06159362471857649,
        0.06292172452340092,
        0.06579239993871323,
        0.11753357260928539,
        0.07714783990320688,
        0.06777857765583266,
        0.06554054085954376,
        0.06687494670528873,
        0.13865606300532818,
        0.0837885072304237,
        0.07260492482797025,
        0.06945245156153858,
        0.07047482669872125,
        0.15879428649912336,
        0.09784355850522211,
        0.07982454289024149,
        0.07940882871284367,
        0.07457644069946544,
        0.18146848667435303,
        0.1138828036090928,
        0.09393227005567023,
        0.08761677116401002,
        0.08184223029271749,
        0.20014391739122167,
        0.12656085345961018,
        0.10711968198284774,
        0.09496179503572737,
        0.08828035597605798,
        0.22737803247695912,
        0.1425960989680119,
        0.11557624173980809,
        0.10462696403599606,
        0.09840630575133387,
        0.2811727124952271,
        0.15634964126535875,
        0.12331355577278993,
        0.11166377821212221,
        0.10488434312697835,
        0.346948280216691,
        0.18051889380384348,
        0.14639170252589764,
        0.13045893858248245,
        0.1235892621711075,
        0.7406434331111565,
        0.2931250274002909,
        0.21098899355013215,
        0.17637726557468938,
        0.16015237398044077,
        0.7865530448759387,
        0.30510344744442464,
        0.2214481701215584,
        0.19057831924386368,
        0.174745189617137
    ],
    "sparsity": [
        0.0,
        0.0,
        0.0,
        0.0,
        0.0,
        0.2,
        0.2,
        0.2,
        0.2,
        0.2,
        0.3599977495217734,
        0.3599977495217734,
        0.3599977495217734,
        0.3599977495217734,
        0.3599977495217734,
        0.4879899478639211,
        0.4879899478639211,
        0.4879899478639211,
        0.4879899478639211,
        0.4879899478639211,
        0.5903829563782304,
        0.5903829563782304,
        0.5903829563782304,
        0.5903829563782304,
        0.5903829563782304,
        0.6722966130302689,
        0.6722966130302689,
        0.6722966130302689,
        0.6722966130302689,
        0.6722966130302689,
        0.7378267881924909,
        0.7378267881924909,
        0.7378267881924909,
        0.7378267881924909,
        0.7378267881924909,
        0.7902516784816773,
        0.7902516784816773,
        0.7902516784816773,
        0.7902516784816773,
        0.7902516784816773,
        0.8321893402347998,
        0.8321893402347998,
        0.8321893402347998,
        0.8321893402347998,
        0.8321893402347998,
        0.8657364689996624,
        0.8657364689996624,
        0.8657364689996624,
        0.8657364689996624,
        0.8657364689996624,
        0.8925809234462323,
        0.8925809234462323,
        0.8925809234462323,
        0.8925809234462323,
        0.8925809234462323,
        0.9140504857282172,
        0.9140504857282172,
        0.9140504857282172,
        0.9140504857282172,
        0.9140504857282172,
        0.9312291361914407,
        0.9312291361914407,
        0.9312291361914407,
        0.9312291361914407,
        0.9312291361914407,
        0.944968305764975,
        0.944968305764975,
        0.944968305764975,
        0.944968305764975,
        0.944968305764975,
        0.9559618919020292,
        0.9559618919020292,
        0.9559618919020292,
        0.9559618919020292,
        0.9559618919020292,
        0.9647612617681257,
        0.9647612617681257,
        0.9647612617681257,
        0.9647612617681257,
        0.9647612617681257,
        0.9717977570233675,
        0.9717977570233675,
        0.9717977570233675,
        0.9717977570233675,
        0.9717977570233675,
        0.9774314541840141,
        0.9774314541840141,
        0.9774314541840141,
        0.9774314541840141,
        0.9774314541840141,
        0.981928659840216,
        0.981928659840216,
        0.981928659840216,
        0.981928659840216,
        0.981928659840216,
        0.9855294250028132,
        0.9855294250028132,
        0.9855294250028132,
        0.9855294250028132,
        0.9855294250028132
    ]
}