{
    "args": {
        "load_last_pretrained": false,
        "model": "lenet",
        "dataset": "mnist",
        "epochs": 100,
        "batch_size": 60,
        "initialization": "xavier-normal",
        "learning_rate": 0.0012,
        "forget_model": false,
        "disable_cuda": false,
        "pruning_rate": 0.2,
        "pruning_interval": 5,
        "seed": 45
    },
    "test_acc": [
        97.135,
        98.4,
        98.67,
        98.79166666666667,
        99.13333333333333,
        96.83500000000001,
        98.10166666666666,
        98.43166666666666,
        99.04666666666667,
        99.05333333333334,
        97.09666666666666,
        98.36166666666666,
        98.80833333333334,
        99.22,
        99.41833333333334,
        97.46166666666667,
        98.16833333333334,
        99.17,
        99.32666666666667,
        99.17666666666666,
        97.705,
        98.64,
        98.97166666666666,
        99.28833333333333,
        99.56166666666667,
        97.30833333333334,
        98.90333333333334,
        99.13,
        99.465,
        99.565,
        97.855,
        98.91499999999999,
        99.31,
        99.505,
        99.73166666666667,
        97.955,
        98.77333333333334,
        99.37,
        99.54833333333333,
        99.70333333333333,
        97.565,
        98.88833333333334,
        99.41499999999999,
        99.53999999999999,
        99.725,
        97.57833333333333,
        98.83666666666666,
        99.26333333333334,
        99.44333333333333,
        99.68333333333334,
        97.2,
        98.42666666666666,
        99.22,
        99.285,
        99.66166666666668,
        96.75333333333333,
        98.32333333333332,
        98.94166666666668,
        99.30499999999999,
        99.44166666666666,
        96.04,
        97.935,
        98.45666666666666,
        98.94666666666667,
        99.15166666666667,
        95.56666666666666,
        97.43333333333334,
        98.32666666666667,
        98.65666666666667,
        99.00333333333333,
        94.80166666666666,
        97.10666666666667,
        97.86666666666667,
        98.27,
        98.56166666666667,
        93.40166666666667,
        96.49166666666666,
        97.34833333333334,
        97.795,
        98.11833333333333,
        89.52833333333334,
        95.31666666666668,
        96.49,
        96.975,
        97.365,
        74.22999999999999,
        84.095,
        93.44666666666667,
        94.88166666666666,
        95.71166666666666,
        64.35166666666666,
        89.28166666666667,
        94.00333333333334,
        95.10833333333333,
        95.57166666666667,
        49.30833333333333,
        80.03833333333333,
        81.94666666666667,
        82.95166666666667,
        83.59
    ],
    "test_loss": [
        0.21993617716059088,
        0.08936502233427018,
        0.06141610932687763,
        0.04266114056063816,
        0.03572151985621895,
        0.27159819450415673,
        0.09220853761350736,
        0.06154382657795213,
        0.045352065890911036,
        0.03416347889386816,
        0.25321615661121905,
        0.08408344244770706,
        0.055273629760136826,
        0.04014128477557097,
        0.029849788662657376,
        0.24445410049054772,
        0.07719106230745092,
        0.0486431344137527,
        0.034768916232977065,
        0.025752733331755734,
        0.2500855020256713,
        0.07024927665456199,
        0.04250694143574219,
        0.02983758340176428,
        0.02191084662184585,
        0.2530903303315863,
        0.06504130264022387,
        0.04046311225497629,
        0.027314064259524456,
        0.019982564768608428,
        0.2716698114247993,
        0.06083261905517429,
        0.036190316047053785,
        0.023353196350333748,
        0.01650976756615273,
        0.28521574634872376,
        0.060724369579926135,
        0.034967919589485974,
        0.02299179834430106,
        0.016507605152699396,
        0.317986982521601,
        0.06471068617003038,
        0.036247720130020755,
        0.024077666479104663,
        0.01675700504714041,
        0.3614063511826098,
        0.06810203595785425,
        0.03885860550380312,
        0.026323756782221607,
        0.01856393423883128,
        0.42537818421982226,
        0.07705502232257276,
        0.04555289888824336,
        0.0312938936605351,
        0.0230185170166078,
        0.5115043693017215,
        0.08676149880792945,
        0.051827953472733494,
        0.036932703759986904,
        0.02863994950975757,
        0.6278227580450475,
        0.10206637967284769,
        0.06307625231100246,
        0.04656405620346777,
        0.03638854926801287,
        0.7905135046988726,
        0.11867486269026994,
        0.07432127984706312,
        0.055328138674143705,
        0.04409909092471935,
        0.9845991603843868,
        0.13579451973456888,
        0.08826648207381367,
        0.06822317655291409,
        0.05674701208528131,
        1.2081948771253228,
        0.168488116864115,
        0.10855533465184271,
        0.08573562956601381,
        0.07286560861300677,
        1.5597481289803983,
        0.30489358315616844,
        0.17241212364286185,
        0.1300739943049848,
        0.10760615748725831,
        1.6909650194644927,
        0.7514231386780739,
        0.36128320766985417,
        0.22580498579889535,
        0.17517186230048537,
        1.8379041372537612,
        0.8170218987464904,
        0.3232439876496792,
        0.21137342093139888,
        0.1726743661016226,
        2.0648976744413376,
        1.146015833735466,
        0.7029008888602257,
        0.5646828201413154,
        0.4975504347383976
    ],
    "train_acc": [
        96.72,
        97.35000000000001,
        97.64,
        97.50999999999999,
        97.61,
        96.43,
        97.19,
        97.46000000000001,
        97.75,
        97.72999999999999,
        96.74000000000001,
        97.49,
        97.66,
        97.87,
        97.88,
        96.95,
        97.36,
        97.92999999999999,
        97.85000000000001,
        97.77,
        97.08,
        97.82,
        97.69,
        98.03,
        98.13,
        96.84,
        97.78999999999999,
        97.7,
        98.22,
        98.02,
        97.28999999999999,
        97.82,
        97.97,
        98.26,
        98.25,
        97.21,
        97.72,
        98.14,
        98.0,
        98.06,
        97.02,
        97.78,
        98.02,
        97.97,
        98.02,
        97.05,
        97.76,
        98.13,
        97.91,
        98.24000000000001,
        96.75,
        97.49,
        98.14,
        97.86,
        98.1,
        96.39,
        97.41,
        97.74000000000001,
        97.92,
        97.91,
        95.78999999999999,
        97.15,
        97.6,
        97.65,
        97.81,
        95.35,
        96.87,
        97.46000000000001,
        97.6,
        97.67,
        94.89,
        96.61999999999999,
        97.09,
        97.54,
        97.57000000000001,
        93.24,
        96.00999999999999,
        96.49,
        96.89999999999999,
        97.19,
        90.27,
        95.0,
        95.85000000000001,
        96.17999999999999,
        96.47,
        74.47,
        84.17999999999999,
        92.88,
        94.46,
        95.11,
        65.72,
        88.78,
        93.69,
        94.66,
        94.89,
        50.05,
        80.2,
        81.37,
        82.26,
        82.76
    ],
    "train_loss": [
        0.1098115592748819,
        0.0813167755224346,
        0.08182222642629089,
        0.08220813582054601,
        0.07976448095911098,
        0.11758623544327514,
        0.08934476203703416,
        0.07950296858883278,
        0.07121401212755367,
        0.07397828237704297,
        0.1068991069642905,
        0.08181941008172974,
        0.07596368840365798,
        0.06996912196345494,
        0.06914509033287937,
        0.10013779911106664,
        0.08407079877365313,
        0.06664337585038857,
        0.07462645621697034,
        0.07911933157355999,
        0.09505437480698446,
        0.06943812313026743,
        0.06697426935445941,
        0.06909102598668082,
        0.06482060771982023,
        0.10337432505127912,
        0.06487711869085397,
        0.06847496969279593,
        0.0576804032142157,
        0.06630940015029028,
        0.08915209043547957,
        0.07123339405383713,
        0.06347548481199645,
        0.06026807214442953,
        0.059680849117328676,
        0.09324133134597612,
        0.07017076298772931,
        0.06086441091035944,
        0.06547915149956919,
        0.06234900986958396,
        0.0970571457525481,
        0.07122531234883442,
        0.058775621331101674,
        0.06300578925976094,
        0.06660979834728885,
        0.10280699518224794,
        0.07033474145535223,
        0.05952760760817387,
        0.06304787692312754,
        0.06118295976298187,
        0.11321476945084726,
        0.08136756884346823,
        0.06310170434811292,
        0.07023689318253118,
        0.06419354344336149,
        0.12608749636945255,
        0.08491752286090287,
        0.07479972295284629,
        0.07071301902638759,
        0.07274752343979714,
        0.14979948723566033,
        0.09779197365759376,
        0.08175758560171384,
        0.08053307126772528,
        0.07450059225816212,
        0.16300499338857427,
        0.10716093706335136,
        0.08968612244966144,
        0.08149400812819109,
        0.08070400800461139,
        0.18876498016322443,
        0.12098392469440392,
        0.09935201952111221,
        0.08977127183384881,
        0.08579761853014972,
        0.24881251981693828,
        0.1434774790628406,
        0.12109511708115746,
        0.10950455122521359,
        0.1017029298145971,
        0.4984168551282255,
        0.22216951061865528,
        0.16857752529625408,
        0.14611519469383233,
        0.13370836198240696,
        0.9809908720547568,
        0.5521255794042599,
        0.2854406888970358,
        0.22020345640753558,
        0.1877743912760369,
        1.1098154572669618,
        0.4730010719713337,
        0.269115492969216,
        0.21435034382129145,
        0.1916765727013528,
        1.564766833882132,
        0.862332284093617,
        0.629015950564139,
        0.5531253559503727,
        0.4979915827691198
    ],
    "sparsity": [
        0.0,
        0.0,
        0.0,
        0.0,
        0.0,
        0.2,
        0.2,
        0.2,
        0.2,
        0.2,
        0.3599977495217734,
        0.3599977495217734,
        0.3599977495217734,
        0.3599977495217734,
        0.3599977495217734,
        0.4879899478639211,
        0.4879899478639211,
        0.4879899478639211,
        0.4879899478639211,
        0.4879899478639211,
        0.5903829563782304,
        0.5903829563782304,
        0.5903829563782304,
        0.5903829563782304,
        0.5903829563782304,
        0.6722966130302689,
        0.6722966130302689,
        0.6722966130302689,
        0.6722966130302689,
        0.6722966130302689,
        0.7378267881924909,
        0.7378267881924909,
        0.7378267881924909,
        0.7378267881924909,
        0.7378267881924909,
        0.7902516784816773,
        0.7902516784816773,
        0.7902516784816773,
        0.7902516784816773,
        0.7902516784816773,
        0.8321893402347998,
        0.8321893402347998,
        0.8321893402347998,
        0.8321893402347998,
        0.8321893402347998,
        0.8657364689996624,
        0.8657364689996624,
        0.8657364689996624,
        0.8657364689996624,
        0.8657364689996624,
        0.8925809234462323,
        0.8925809234462323,
        0.8925809234462323,
        0.8925809234462323,
        0.8925809234462323,
        0.9140504857282172,
        0.9140504857282172,
        0.9140504857282172,
        0.9140504857282172,
        0.9140504857282172,
        0.9312291361914407,
        0.9312291361914407,
        0.9312291361914407,
        0.9312291361914407,
        0.9312291361914407,
        0.944968305764975,
        0.944968305764975,
        0.944968305764975,
        0.944968305764975,
        0.944968305764975,
        0.9559618919020292,
        0.9559618919020292,
        0.9559618919020292,
        0.9559618919020292,
        0.9559618919020292,
        0.9647612617681257,
        0.9647612617681257,
        0.9647612617681257,
        0.9647612617681257,
        0.9647612617681257,
        0.9717977570233675,
        0.9717977570233675,
        0.9717977570233675,
        0.9717977570233675,
        0.9717977570233675,
        0.9774314541840141,
        0.9774314541840141,
        0.9774314541840141,
        0.9774314541840141,
        0.9774314541840141,
        0.981928659840216,
        0.981928659840216,
        0.981928659840216,
        0.981928659840216,
        0.981928659840216,
        0.9855294250028132,
        0.9855294250028132,
        0.9855294250028132,
        0.9855294250028132,
        0.9855294250028132
    ]
}