{
    "args": {
        "load_last_pretrained": false,
        "model": "lenet",
        "dataset": "mnist",
        "epochs": 100,
        "batch_size": 60,
        "initialization": "normal",
        "learning_rate": 0.0012,
        "forget_model": false,
        "disable_cuda": false,
        "pruning_rate": 0.2,
        "pruning_interval": 5,
        "seed": 44
    },
    "test_acc": [
        88.66333333333334,
        92.13666666666667,
        93.74833333333333,
        95.14666666666668,
        95.95333333333333,
        90.57666666666667,
        92.97166666666666,
        94.745,
        96.00333333333333,
        96.92,
        95.03166666666667,
        97.20166666666667,
        98.13333333333333,
        98.57000000000001,
        98.77,
        96.83666666666667,
        98.15833333333333,
        98.70166666666667,
        99.21166666666666,
        99.30833333333334,
        97.58,
        98.545,
        98.98666666666666,
        99.405,
        99.12333333333333,
        97.64500000000001,
        98.495,
        99.25,
        99.58333333333333,
        99.52333333333333,
        97.85000000000001,
        98.84166666666667,
        99.08333333333333,
        99.52333333333333,
        99.69666666666667,
        97.71,
        98.9,
        99.35166666666667,
        99.60666666666667,
        99.64333333333333,
        97.77833333333334,
        98.91833333333334,
        99.07000000000001,
        99.63833333333334,
        99.61,
        97.505,
        98.685,
        99.27666666666667,
        99.575,
        99.70166666666667,
        97.02166666666666,
        98.56166666666667,
        98.94,
        99.34333333333333,
        99.50166666666667,
        96.66666666666667,
        98.18666666666667,
        98.90166666666667,
        99.24333333333333,
        99.4,
        96.11166666666666,
        97.87333333333333,
        98.59333333333333,
        98.86,
        99.20166666666667,
        95.15833333333333,
        97.32833333333333,
        98.14,
        98.5,
        98.80666666666667,
        94.69999999999999,
        96.86333333333333,
        97.76666666666667,
        98.27333333333334,
        98.50666666666666,
        93.97999999999999,
        96.48333333333333,
        97.33666666666667,
        97.85000000000001,
        98.03666666666668,
        93.17,
        96.12333333333333,
        97.02333333333333,
        97.50333333333333,
        97.76833333333333,
        89.05499999999999,
        94.65166666666667,
        95.80333333333333,
        96.30499999999999,
        96.62666666666667,
        70.50833333333333,
        92.77,
        94.47166666666666,
        95.275,
        95.66333333333333,
        50.39333333333333,
        75.505,
        79.91166666666668,
        80.945,
        81.65166666666667
    ],
    "test_loss": [
        70.69536317330599,
        16.642953803802374,
        9.831769623333683,
        6.386848723536794,
        4.4121679707932655,
        0.8709567922204733,
        0.2893064823821187,
        0.21804860192909836,
        0.16826979813724757,
        0.13056279851403088,
        0.3961369502991438,
        0.13465420185402036,
        0.08907550248643384,
        0.06527656141878106,
        0.051809744384605436,
        0.2713792291767895,
        0.09005754128843546,
        0.05889192596892826,
        0.044235699143144305,
        0.03329671846627025,
        0.2511363481283188,
        0.07708768002991565,
        0.048579998693661766,
        0.03554924076294992,
        0.025239833163446745,
        0.25116032758541407,
        0.06866346466331742,
        0.04273545644117985,
        0.029110629378585145,
        0.022149065393896307,
        0.26282003844715657,
        0.06344274140428752,
        0.03893321608623956,
        0.02595064697781345,
        0.018780955883092247,
        0.2767698693620041,
        0.061338041700422764,
        0.03604359761928208,
        0.023685377130401322,
        0.017881583075359232,
        0.3096331767048687,
        0.06108236664487049,
        0.03556033671088517,
        0.024079946724465118,
        0.01699103803554317,
        0.34876893141213805,
        0.06724732408719138,
        0.03983521057153121,
        0.0268625121457153,
        0.019666054584784435,
        0.4118881204966456,
        0.07771172022912651,
        0.046645659742644056,
        0.03272736495395657,
        0.024947246033203554,
        0.5109343908727169,
        0.09140817282162607,
        0.0554279542514123,
        0.039309454762842505,
        0.03057810866512591,
        0.6070602620057761,
        0.1051965842610225,
        0.06595332150207832,
        0.04851548515702598,
        0.038326024635811334,
        0.7611250755339861,
        0.12826858946774156,
        0.08204297639569268,
        0.0615043958099559,
        0.04924208703497425,
        0.9035958611853421,
        0.14516824254207314,
        0.09656010353658348,
        0.07315799949830398,
        0.06072445329278708,
        1.1523282160982489,
        0.1641413978599012,
        0.1100609747665003,
        0.08752624016720802,
        0.07448414436681196,
        1.4003068462908268,
        0.18502523582801222,
        0.12274590522795915,
        0.09866698924452066,
        0.08496725446172058,
        1.6962978595495224,
        0.39116832373291255,
        0.2055167671367526,
        0.15524947609007358,
        0.13143136951699852,
        1.82481711935997,
        0.6692385159432888,
        0.26221047481149434,
        0.19233476485684514,
        0.1644545708782971,
        2.0298961848020554,
        1.1807911068797112,
        0.7141748954951763,
        0.563875312834978,
        0.49476370137929915
    ],
    "train_acc": [
        88.31,
        91.13,
        92.47999999999999,
        93.07,
        93.45,
        90.83,
        92.93,
        94.43,
        95.48,
        96.38,
        94.8,
        96.6,
        97.36,
        97.42,
        97.6,
        96.32,
        97.16,
        97.53,
        97.97,
        97.92,
        96.91,
        97.58,
        97.86,
        98.13,
        97.86,
        97.04,
        97.61999999999999,
        97.83,
        98.26,
        98.08,
        97.2,
        97.56,
        97.78999999999999,
        98.0,
        98.11,
        97.18,
        97.89999999999999,
        98.19,
        98.22,
        98.17,
        97.03,
        97.78,
        97.69,
        98.2,
        97.99,
        96.92,
        97.75,
        98.09,
        98.03,
        98.11,
        96.58,
        97.63,
        97.55,
        97.84,
        98.09,
        96.26,
        97.34,
        97.83,
        97.85000000000001,
        97.92,
        95.78,
        97.06,
        97.50999999999999,
        97.63,
        97.74000000000001,
        94.97,
        96.67,
        97.3,
        97.52,
        97.59,
        94.5,
        96.31,
        96.89,
        97.22,
        97.23,
        93.75,
        95.89,
        96.47,
        96.78,
        96.95,
        93.17999999999999,
        95.67999999999999,
        96.32,
        96.7,
        96.71,
        89.29,
        94.53,
        95.42,
        95.53,
        95.75,
        71.0,
        92.73,
        94.26,
        94.83,
        95.14,
        50.13999999999999,
        74.65,
        79.17,
        80.0,
        80.89
    ],
    "train_loss": [
        22.60815902769922,
        13.461864618127217,
        9.813652144125577,
        8.443539802364247,
        7.318050927536455,
        0.32087296818544764,
        0.24588842770296657,
        0.19235351136300022,
        0.14982873058604623,
        0.12633631071131565,
        0.18001810280594996,
        0.11058602535617566,
        0.08792409989536701,
        0.08291503218208958,
        0.08064605353517224,
        0.11917597555672516,
        0.08677083989438004,
        0.07674294803430978,
        0.06990232534600634,
        0.06563645369017045,
        0.10167076794464074,
        0.07513763504604737,
        0.06736909474725807,
        0.06295014766440866,
        0.07209405712929727,
        0.0975811469820356,
        0.07559537095949054,
        0.06925149314512616,
        0.05965135103610238,
        0.067867593732063,
        0.09280009689032585,
        0.07285443719192046,
        0.0714429606018521,
        0.06370637644065577,
        0.06641403917212062,
        0.09576324120855438,
        0.07032628932376643,
        0.061409954960363174,
        0.06005161439422741,
        0.06609245103611025,
        0.09919797900149566,
        0.06779648457280175,
        0.07296195360943451,
        0.05874708602915959,
        0.06523303506640762,
        0.10273137961899093,
        0.07188067816108644,
        0.059840129990922565,
        0.061143192869031096,
        0.0643598773041991,
        0.11926470659561679,
        0.07806769674811177,
        0.07321896469415706,
        0.0648049647936564,
        0.06433051553259264,
        0.12978780259026917,
        0.0858734974883006,
        0.07164396513476522,
        0.06719301928470503,
        0.0670276098413404,
        0.14798937783671354,
        0.09643113031470311,
        0.08119143661345818,
        0.0745170357006931,
        0.07156029250472784,
        0.17829350498086677,
        0.11646151602892818,
        0.0927459991419922,
        0.08522210557370664,
        0.08158493129826502,
        0.1946555233064169,
        0.13200630410434958,
        0.10787450074926465,
        0.0941970988126572,
        0.0914358060003933,
        0.22936485150081667,
        0.145222402562549,
        0.12124630256171176,
        0.1082184170735275,
        0.10351285915041042,
        0.2702534374541151,
        0.15565048231782314,
        0.12997030532600995,
        0.11589520743596339,
        0.11423954669899213,
        0.6577296030378628,
        0.2568630093407488,
        0.18642414602155458,
        0.164202558467845,
        0.15187938569370144,
        1.0835916071594833,
        0.3412729113580224,
        0.22295487913007508,
        0.19114139328102867,
        0.174521624573512,
        1.5250650244558643,
        0.8730267457619398,
        0.618432923348364,
        0.5362101882517695,
        0.48894135109678716
    ],
    "sparsity": [
        0.0,
        0.0,
        0.0,
        0.0,
        0.0,
        0.2,
        0.2,
        0.2,
        0.2,
        0.2,
        0.3599977495217734,
        0.3599977495217734,
        0.3599977495217734,
        0.3599977495217734,
        0.3599977495217734,
        0.4879899478639211,
        0.4879899478639211,
        0.4879899478639211,
        0.4879899478639211,
        0.4879899478639211,
        0.5903829563782304,
        0.5903829563782304,
        0.5903829563782304,
        0.5903829563782304,
        0.5903829563782304,
        0.6722966130302689,
        0.6722966130302689,
        0.6722966130302689,
        0.6722966130302689,
        0.6722966130302689,
        0.7378267881924909,
        0.7378267881924909,
        0.7378267881924909,
        0.7378267881924909,
        0.7378267881924909,
        0.7902516784816773,
        0.7902516784816773,
        0.7902516784816773,
        0.7902516784816773,
        0.7902516784816773,
        0.8321893402347998,
        0.8321893402347998,
        0.8321893402347998,
        0.8321893402347998,
        0.8321893402347998,
        0.8657364689996624,
        0.8657364689996624,
        0.8657364689996624,
        0.8657364689996624,
        0.8657364689996624,
        0.8925809234462323,
        0.8925809234462323,
        0.8925809234462323,
        0.8925809234462323,
        0.8925809234462323,
        0.9140504857282172,
        0.9140504857282172,
        0.9140504857282172,
        0.9140504857282172,
        0.9140504857282172,
        0.9312291361914407,
        0.9312291361914407,
        0.9312291361914407,
        0.9312291361914407,
        0.9312291361914407,
        0.944968305764975,
        0.944968305764975,
        0.944968305764975,
        0.944968305764975,
        0.944968305764975,
        0.9559618919020292,
        0.9559618919020292,
        0.9559618919020292,
        0.9559618919020292,
        0.9559618919020292,
        0.9647612617681257,
        0.9647612617681257,
        0.9647612617681257,
        0.9647612617681257,
        0.9647612617681257,
        0.9717977570233675,
        0.9717977570233675,
        0.9717977570233675,
        0.9717977570233675,
        0.9717977570233675,
        0.9774314541840141,
        0.9774314541840141,
        0.9774314541840141,
        0.9774314541840141,
        0.9774314541840141,
        0.981928659840216,
        0.981928659840216,
        0.981928659840216,
        0.981928659840216,
        0.981928659840216,
        0.9855294250028132,
        0.9855294250028132,
        0.9855294250028132,
        0.9855294250028132,
        0.9855294250028132
    ]
}