{
    "args": {
        "load_last_pretrained": false,
        "model": "conv6",
        "dataset": "cifar10",
        "epochs": 100,
        "batch_size": 60,
        "initialization": "xavier-normal",
        "learning_rate": 0.0003,
        "forget_model": false,
        "disable_cuda": false,
        "pruning_rate": 0.2,
        "pruning_interval": 5,
        "seed": 43
    },
    "test_acc": [
        56.623999999999995,
        69.126,
        77.428,
        82.006,
        86.954,
        44.72,
        55.24,
        61.61,
        69.604,
        74.97399999999999,
        36.84,
        53.32599999999999,
        61.19799999999999,
        66.2,
        70.838,
        10.0,
        40.372,
        56.87799999999999,
        65.236,
        71.088,
        39.46,
        51.337999999999994,
        56.75,
        63.327999999999996,
        67.824,
        18.148,
        41.132000000000005,
        52.306,
        59.95399999999999,
        65.388,
        28.828,
        46.526,
        58.745999999999995,
        62.812,
        67.452,
        28.09,
        45.025999999999996,
        56.922,
        62.588,
        65.554,
        23.724,
        38.58,
        50.092000000000006,
        59.123999999999995,
        63.602000000000004,
        29.580000000000002,
        36.824,
        47.086,
        52.925999999999995,
        59.17400000000001,
        13.966000000000001,
        32.226,
        43.79,
        47.602,
        52.71,
        10.0,
        10.0,
        10.0,
        10.0,
        20.272000000000002,
        28.64,
        34.146,
        37.346000000000004,
        42.577999999999996,
        47.402,
        13.824,
        27.36,
        30.402,
        32.858,
        37.153999999999996,
        10.0,
        10.0,
        10.0,
        10.0,
        10.0,
        10.0,
        10.0,
        10.0,
        10.0,
        10.0,
        10.0,
        10.0,
        10.0,
        10.0,
        10.0,
        10.0,
        10.0,
        10.0,
        10.0,
        19.48,
        10.0,
        10.0,
        10.0,
        10.0,
        10.0,
        10.0,
        10.0,
        10.0,
        10.0,
        10.0
    ],
    "test_loss": [
        1.5543370533475487,
        1.0663067104576303,
        0.825839243775649,
        0.6619852798090851,
        0.5336499944579401,
        1.798159796842854,
        1.3695362215991214,
        1.159202404659715,
        0.9694569495370348,
        0.8196695697464818,
        1.9812795139616914,
        1.4528262363635094,
        1.1779742413144603,
        1.006610337135603,
        0.8764335957648371,
        2.302791610610285,
        1.9549995700804164,
        1.381653902413462,
        1.1012419041969794,
        0.9173002103678614,
        1.9525067150163993,
        1.4705285813025148,
        1.2580987028509594,
        1.1030801348834873,
        0.9699589016197396,
        2.3025199595115167,
        1.89392483391636,
        1.4320423317184265,
        1.222188464028658,
        1.0555876807914935,
        2.2169607507525018,
        1.6354807273661205,
        1.3174836174618425,
        1.098119875724367,
        0.9921211075725601,
        2.1071449172296686,
        1.6240719603977616,
        1.3205641399470451,
        1.1206426052309626,
        1.018093422519789,
        2.2325119922201124,
        1.8058736338603982,
        1.4915445016728317,
        1.2352079280274664,
        1.0856684712197284,
        2.144880880554803,
        1.7692221145835711,
        1.576721620216644,
        1.357244178045282,
        1.201595021737851,
        2.302392218896239,
        2.0551274430265813,
        1.6077571547002816,
        1.4700344233490008,
        1.3618727150580865,
        2.302734235493685,
        2.302594526780309,
        2.302543774497309,
        2.3024605109537246,
        2.2949918960209943,
        2.197370414968303,
        1.81362770873008,
        1.7079365650812786,
        1.6149200093831948,
        1.501569425602325,
        2.3001987774023336,
        2.122303203713122,
        1.8545002328406135,
        1.7907968618029313,
        1.7325863755292459,
        2.3027872404606224,
        2.3026489928471956,
        2.3026105053990866,
        2.3025974827132925,
        2.302590533412046,
        2.302778996151986,
        2.302651023693222,
        2.302619682227393,
        2.30260890221996,
        2.3026061263873423,
        2.302790869625924,
        2.3026560450629363,
        2.3026172794598185,
        2.302605526338664,
        2.302607419679491,
        2.3027801030545496,
        2.3026575270316583,
        2.3026207222355355,
        2.3026103581741846,
        2.2868542791270525,
        2.302797335229046,
        2.3026573232037846,
        2.3026219517778723,
        2.302607640373907,
        2.30260641397618,
        2.302781477820673,
        2.3026511997913572,
        2.302614788643176,
        2.302607663529668,
        2.302608903649328
    ],
    "train_acc": [
        56.07,
        67.10000000000001,
        72.68,
        75.29,
        77.17,
        44.73,
        54.61,
        59.67,
        66.36,
        70.93,
        36.730000000000004,
        52.239999999999995,
        60.370000000000005,
        64.53999999999999,
        68.30000000000001,
        10.0,
        40.400000000000006,
        55.989999999999995,
        64.18,
        70.00999999999999,
        40.01,
        50.74999999999999,
        56.43,
        61.83,
        65.93,
        18.14,
        40.81,
        51.49,
        59.39,
        64.52,
        28.970000000000002,
        45.95,
        58.089999999999996,
        61.7,
        66.39,
        28.21,
        44.45,
        56.14,
        61.89,
        64.79,
        24.529999999999998,
        38.25,
        49.85,
        58.60999999999999,
        63.04,
        30.23,
        37.44,
        47.25,
        52.739999999999995,
        58.51,
        14.11,
        31.6,
        43.32,
        47.15,
        52.25,
        10.0,
        10.0,
        10.0,
        10.0,
        20.22,
        29.14,
        33.77,
        37.08,
        42.33,
        47.07,
        14.030000000000001,
        27.76,
        30.19,
        32.7,
        36.65,
        10.0,
        10.0,
        10.0,
        10.0,
        10.0,
        10.0,
        10.0,
        10.0,
        10.0,
        10.0,
        10.0,
        10.0,
        10.0,
        10.0,
        10.0,
        10.0,
        10.0,
        10.0,
        10.0,
        19.73,
        10.0,
        10.0,
        10.0,
        10.0,
        10.0,
        10.0,
        10.0,
        10.0,
        10.0,
        10.0
    ],
    "train_loss": [
        1.2314041924333858,
        0.9371211543054638,
        0.7761790952282751,
        0.7018978162083084,
        0.6715195362796327,
        1.4915095667639178,
        1.258334791588926,
        1.1207416125400338,
        0.9372254631476488,
        0.8321467011631606,
        1.6472011333454155,
        1.2989731848596813,
        1.1032927596640445,
        0.9915641935285694,
        0.8888056688679906,
        2.302419142808743,
        1.6056832274990882,
        1.2105629094346555,
        0.9902611699646818,
        0.862801115312976,
        1.625983776446588,
        1.3318992674707653,
        1.2102790510583066,
        1.062740324143164,
        0.9590783947242234,
        2.3013828614514744,
        1.5694220237389296,
        1.3240803380212385,
        1.1208649217011686,
        1.0010465640507773,
        1.8511857986450195,
        1.443772009746757,
        1.1743124009606367,
        1.0635566129655896,
        0.9490186336511623,
        1.7941502589665488,
        1.4751843813650622,
        1.2030279297314719,
        1.0566726587489694,
        0.984739248267191,
        1.941373251869293,
        1.6452482788862584,
        1.3656975173664665,
        1.1566942651828607,
        1.0427168439962193,
        1.892646770277423,
        1.6665169935740396,
        1.4383265936446048,
        1.293186727755084,
        1.1552167020871968,
        2.299665797970252,
        1.8733763337849143,
        1.5252637491968577,
        1.4288272893357419,
        1.3248379309020357,
        2.3026176484045155,
        2.302543738644994,
        2.3024915478186694,
        2.302338380299642,
        2.0868465400741485,
        1.9019180286430313,
        1.7501218568779038,
        1.6823422216369721,
        1.5724350956385722,
        1.4469584483586386,
        2.2890695954511266,
        1.9126444155584552,
        1.803467888318136,
        1.758598417579057,
        1.6796721798217225,
        2.30266827309203,
        2.3025993772609503,
        2.3025811203939472,
        2.3025732240277135,
        2.3025690167250032,
        2.302667859071743,
        2.302601600121595,
        2.3025895949609265,
        2.3025855960960158,
        2.3025849993357403,
        2.3026739694401175,
        2.3026134853591462,
        2.3025891952172013,
        2.3025856860383542,
        2.3025852163394767,
        2.302668078930792,
        2.3026132597894726,
        2.302591603673147,
        2.3025867253720405,
        2.1609462899362257,
        2.302677722748168,
        2.3026034646405433,
        2.3025937908423875,
        2.3025862785156614,
        2.302585227760726,
        2.3026650651486333,
        2.302606412750518,
        2.3025872193410724,
        2.3025874663255887,
        2.3025856960319473
    ],
    "sparsity": [
        0.0,
        0.0,
        0.0,
        0.0,
        0.0,
        0.19999672942921468,
        0.19999672942921468,
        0.19999672942921468,
        0.19999672942921468,
        0.19999672942921468,
        0.35999482012302647,
        0.35999482012302647,
        0.35999482012302647,
        0.35999482012302647,
        0.35999482012302647,
        0.48799081765153574,
        0.48799081765153574,
        0.48799081765153574,
        0.48799081765153574,
        0.48799081765153574,
        0.5903897371256633,
        0.5903897371256633,
        0.5903897371256633,
        0.5903897371256633,
        0.5903897371256633,
        0.6723086959173553,
        0.6723086959173553,
        0.6723086959173553,
        0.6723086959173553,
        0.6723086959173553,
        0.737844304919734,
        0.737844304919734,
        0.737844304919734,
        0.737844304919734,
        0.737844304919734,
        0.7902724385464169,
        0.7902724385464169,
        0.7902724385464169,
        0.7902724385464169,
        0.7902724385464169,
        0.8322148570539583,
        0.8322148570539583,
        0.8322148570539583,
        0.8322148570539583,
        0.8322148570539583,
        0.8657678195281362,
        0.8657678195281362,
        0.8657678195281362,
        0.8657678195281362,
        0.8657678195281362,
        0.8926116922021637,
        0.8926116922021637,
        0.8926116922021637,
        0.8926116922021637,
        0.8926116922021637,
        0.9140847572838705,
        0.9140847572838705,
        0.9140847572838705,
        0.9140847572838705,
        0.9140847572838705,
        0.931263651318261,
        0.931263651318261,
        0.931263651318261,
        0.931263651318261,
        0.931263651318261,
        0.9450088879970936,
        0.9450088879970936,
        0.9450088879970936,
        0.9450088879970936,
        0.9450088879970936,
        0.9560037514330846,
        0.9560037514330846,
        0.9560037514330846,
        0.9560037514330846,
        0.9560037514330846,
        0.9647984930624122,
        0.9647984930624122,
        0.9647984930624122,
        0.9647984930624122,
        0.9647984930624122,
        0.9718355238791444,
        0.9718355238791444,
        0.9718355238791444,
        0.9718355238791444,
        0.9718355238791444,
        0.9774639994130652,
        0.9774639994130652,
        0.9774639994130652,
        0.9774639994130652,
        0.9774639994130652,
        0.9819672218092267,
        0.9819672218092267,
        0.9819672218092267,
        0.9819672218092267,
        0.9819672218092267,
        0.9855697113323509,
        0.9855697113323509,
        0.9855697113323509,
        0.9855697113323509,
        0.9855697113323509
    ]
}