{
    "args": {
        "load_last_pretrained": false,
        "model": "lenet",
        "dataset": "mnist",
        "epochs": 100,
        "batch_size": 60,
        "initialization": "uniform",
        "learning_rate": 0.0012,
        "forget_model": false,
        "disable_cuda": false,
        "pruning_rate": 0.2,
        "pruning_interval": 5,
        "seed": 46
    },
    "test_acc": [
        75.66666666666667,
        84.71333333333332,
        87.10666666666667,
        77.24666666666667,
        86.27,
        68.39166666666667,
        83.20333333333333,
        87.55,
        89.99666666666667,
        91.49166666666667,
        90.52666666666667,
        92.40833333333333,
        93.97666666666666,
        95.17333333333333,
        96.11333333333333,
        94.48666666666666,
        96.155,
        97.39,
        97.60833333333333,
        98.41833333333334,
        96.22,
        97.54666666666667,
        98.30166666666666,
        98.46833333333333,
        98.92,
        96.99166666666666,
        98.25666666666667,
        98.62166666666667,
        99.21666666666667,
        99.44,
        97.09,
        98.58666666666667,
        98.83333333333333,
        98.83166666666666,
        99.41666666666666,
        97.34666666666666,
        98.52833333333334,
        99.11,
        99.28166666666667,
        99.47333333333333,
        97.30666666666666,
        98.44166666666668,
        99.04333333333334,
        99.36,
        99.4,
        97.24000000000001,
        98.41833333333334,
        99.04833333333333,
        99.42999999999999,
        99.465,
        96.78333333333333,
        98.35666666666667,
        98.9,
        99.14833333333334,
        99.45166666666667,
        96.495,
        98.08833333333334,
        98.63666666666666,
        99.08166666666666,
        99.30833333333334,
        96.03833333333334,
        97.66666666666667,
        98.52333333333333,
        98.82666666666667,
        99.07000000000001,
        95.28999999999999,
        97.22166666666666,
        98.00666666666666,
        98.49333333333334,
        98.68,
        94.57833333333333,
        96.84833333333333,
        97.63333333333334,
        98.105,
        98.32499999999999,
        91.50166666666667,
        95.96000000000001,
        96.94666666666667,
        97.37166666666667,
        97.83,
        88.785,
        94.49166666666666,
        95.99666666666667,
        96.58833333333334,
        96.94666666666667,
        85.18666666666667,
        94.28666666666666,
        95.46,
        95.975,
        96.41499999999999,
        75.45333333333333,
        93.52666666666667,
        94.84,
        95.355,
        95.83833333333334,
        76.13833333333334,
        92.70833333333334,
        94.36333333333333,
        95.03,
        95.26666666666667
    ],
    "test_loss": [
        914.3814425604344,
        33.87313736724853,
        31.628577740788458,
        32.87273606067896,
        35.53381914258003,
        2.027471138238907,
        1.2029165499210357,
        0.6426086119115353,
        0.4305256462395191,
        0.33856988403201105,
        0.7129779636114836,
        0.30205308286100624,
        0.2457091103605926,
        0.2016504106260836,
        0.16190535606071352,
        0.35366783240437505,
        0.16641424613259734,
        0.11926002430450171,
        0.08902930433768778,
        0.07028338755620643,
        0.2849767426680774,
        0.11300743776001036,
        0.07617509331554174,
        0.05804968402208761,
        0.04395544228970539,
        0.26527502593398095,
        0.08680980089819058,
        0.058207407854497434,
        0.042663475227716845,
        0.032751545521256045,
        0.28098315303586424,
        0.07769976303400472,
        0.050207346848445016,
        0.03622754416998941,
        0.027328199884388595,
        0.30651918216049673,
        0.07511542194802313,
        0.04727640765835531,
        0.034414401998161336,
        0.02614841612201417,
        0.33544427864439785,
        0.07564068840350956,
        0.0460761151839979,
        0.033667643914581276,
        0.024575081424438396,
        0.3792715196236968,
        0.07785700691491365,
        0.0484146171977045,
        0.03400533287471626,
        0.025966985105653293,
        0.43976354983076454,
        0.08498197085410357,
        0.05284606081433594,
        0.038485788294696247,
        0.02889581084868405,
        0.5298779564239084,
        0.09541695122327655,
        0.06039635155024007,
        0.04452911282377318,
        0.035244795796461406,
        0.6300671783015132,
        0.10800394294504076,
        0.0690025866003707,
        0.05165312287211418,
        0.04156212002434768,
        0.7823446006439626,
        0.127246912650764,
        0.08221237995568663,
        0.06297856760350987,
        0.051878028474282474,
        1.0049038152620196,
        0.14810619323328136,
        0.09715675341524184,
        0.07621032792329788,
        0.06417517808591947,
        1.3872785702645778,
        0.2242218782491982,
        0.12552063847146927,
        0.09874304684158415,
        0.08391775475349278,
        1.5889170794487,
        0.39107450225949286,
        0.1862907212153077,
        0.13600253634899856,
        0.11531975501403212,
        1.7930642400979995,
        0.38750345385074614,
        0.1849305323921144,
        0.14818433196097613,
        0.1305225670095533,
        1.8829731655716897,
        0.46952064126729964,
        0.2134311159104109,
        0.17110564103722573,
        0.15152972254529595,
        2.0329159767627716,
        0.6378255797326565,
        0.23630812197178602,
        0.18737176128849387,
        0.16763185184821486
    ],
    "train_acc": [
        76.33,
        85.88,
        87.25,
        76.94,
        86.21,
        69.12,
        84.36,
        88.14999999999999,
        90.53,
        91.77,
        91.13,
        92.45,
        93.93,
        94.93,
        95.91,
        94.11,
        95.85000000000001,
        96.95,
        96.89,
        97.50999999999999,
        95.82000000000001,
        96.97,
        97.55,
        97.41,
        97.76,
        96.41999999999999,
        97.39,
        97.71,
        97.86,
        98.0,
        96.81,
        97.69,
        97.74000000000001,
        97.39999999999999,
        97.74000000000001,
        96.96000000000001,
        97.61999999999999,
        97.92,
        97.88,
        98.03,
        96.92,
        97.52,
        97.94,
        97.95,
        97.82,
        96.67999999999999,
        97.5,
        97.78999999999999,
        97.96000000000001,
        97.95,
        96.39999999999999,
        97.52,
        97.76,
        97.89,
        97.97,
        96.31,
        97.33000000000001,
        97.6,
        97.75,
        97.91,
        95.57,
        96.91,
        97.53,
        97.66,
        97.69,
        95.07,
        96.69,
        97.14,
        97.50999999999999,
        97.58,
        94.55,
        96.50999999999999,
        97.0,
        97.18,
        97.35000000000001,
        91.62,
        95.73,
        96.33,
        96.59,
        97.00999999999999,
        89.21,
        94.59,
        95.75,
        96.12,
        96.46000000000001,
        85.83,
        94.52000000000001,
        95.28,
        95.63000000000001,
        96.0,
        75.55,
        93.65,
        94.43,
        94.97,
        95.30999999999999,
        76.46,
        93.01,
        94.1,
        94.66,
        94.73
    ],
    "train_loss": [
        22.99902699807447,
        15.443125493512182,
        17.557540356042143,
        65.07074157920427,
        24.640352164913793,
        1.6299673326001196,
        0.8209519728928983,
        0.48925694930339286,
        0.3595940966806012,
        0.29751004988026475,
        0.3320012973275727,
        0.2598720021144359,
        0.21471690328535206,
        0.17498486422136159,
        0.14493091070946462,
        0.19478013092083132,
        0.14111615829504356,
        0.10429281509944244,
        0.09315507629785888,
        0.08418944653145924,
        0.14203388962203156,
        0.09980800086465068,
        0.08098975355976713,
        0.08493584282082801,
        0.07435196603949511,
        0.11600628629616813,
        0.08294014976789316,
        0.07322688132223344,
        0.06765069102681616,
        0.0654675800940245,
        0.10955701947970661,
        0.0730263482790418,
        0.07171250082145328,
        0.07966782875264253,
        0.06751780818051988,
        0.10582143289154161,
        0.07436288351717288,
        0.0626501003008414,
        0.06317064200470804,
        0.06605039949425702,
        0.10692762857871856,
        0.07674327675353534,
        0.06508645834819508,
        0.06239517147284737,
        0.06948162306101524,
        0.11199606166494463,
        0.08088630897656618,
        0.07049840156122775,
        0.06480926916304373,
        0.0683056640642288,
        0.12464236918680682,
        0.08105697052017925,
        0.07283037335996678,
        0.06858648138934981,
        0.06812116586321597,
        0.13543591447576078,
        0.09130452147233271,
        0.08123922404905635,
        0.0732030910551325,
        0.07107594349521942,
        0.15401472155740875,
        0.10221941102697642,
        0.0848746268430022,
        0.08104497740954206,
        0.07484690715073647,
        0.17849844932823838,
        0.11592433729883797,
        0.09585314196071582,
        0.08633304379523514,
        0.08300663449614683,
        0.19909755682606184,
        0.12737299384783485,
        0.10398832283646403,
        0.09331330766310235,
        0.09089888466667094,
        0.43588003355585886,
        0.15807960528188836,
        0.12799963473292167,
        0.11791115334469401,
        0.1087735253525619,
        0.6375374312172393,
        0.23697671347749447,
        0.1573722434347261,
        0.13502319450462294,
        0.12528416092791958,
        0.8131003001492895,
        0.21709418974950642,
        0.16931453351667541,
        0.15468299730184548,
        0.14251928593026486,
        1.0190264718261308,
        0.2527326676927641,
        0.19147179342672496,
        0.17251454343918912,
        0.1578255606937908,
        1.2829706347631122,
        0.288017946222942,
        0.2097062208873783,
        0.1868000778029422,
        0.17797908360908132
    ],
    "sparsity": [
        0.0,
        0.0,
        0.0,
        0.0,
        0.0,
        0.2,
        0.2,
        0.2,
        0.2,
        0.2,
        0.3599977495217734,
        0.3599977495217734,
        0.3599977495217734,
        0.3599977495217734,
        0.3599977495217734,
        0.4879899478639211,
        0.4879899478639211,
        0.4879899478639211,
        0.4879899478639211,
        0.4879899478639211,
        0.5903829563782304,
        0.5903829563782304,
        0.5903829563782304,
        0.5903829563782304,
        0.5903829563782304,
        0.6722966130302689,
        0.6722966130302689,
        0.6722966130302689,
        0.6722966130302689,
        0.6722966130302689,
        0.7378267881924909,
        0.7378267881924909,
        0.7378267881924909,
        0.7378267881924909,
        0.7378267881924909,
        0.7902516784816773,
        0.7902516784816773,
        0.7902516784816773,
        0.7902516784816773,
        0.7902516784816773,
        0.8321893402347998,
        0.8321893402347998,
        0.8321893402347998,
        0.8321893402347998,
        0.8321893402347998,
        0.8657364689996624,
        0.8657364689996624,
        0.8657364689996624,
        0.8657364689996624,
        0.8657364689996624,
        0.8925809234462323,
        0.8925809234462323,
        0.8925809234462323,
        0.8925809234462323,
        0.8925809234462323,
        0.9140504857282172,
        0.9140504857282172,
        0.9140504857282172,
        0.9140504857282172,
        0.9140504857282172,
        0.9312291361914407,
        0.9312291361914407,
        0.9312291361914407,
        0.9312291361914407,
        0.9312291361914407,
        0.944968305764975,
        0.944968305764975,
        0.944968305764975,
        0.944968305764975,
        0.944968305764975,
        0.9559618919020292,
        0.9559618919020292,
        0.9559618919020292,
        0.9559618919020292,
        0.9559618919020292,
        0.9647612617681257,
        0.9647612617681257,
        0.9647612617681257,
        0.9647612617681257,
        0.9647612617681257,
        0.9717977570233675,
        0.9717977570233675,
        0.9717977570233675,
        0.9717977570233675,
        0.9717977570233675,
        0.9774314541840141,
        0.9774314541840141,
        0.9774314541840141,
        0.9774314541840141,
        0.9774314541840141,
        0.981928659840216,
        0.981928659840216,
        0.981928659840216,
        0.981928659840216,
        0.981928659840216,
        0.9855294250028132,
        0.9855294250028132,
        0.9855294250028132,
        0.9855294250028132,
        0.9855294250028132
    ]
}