{
    "args": {
        "load_last_pretrained": false,
        "model": "lenet",
        "dataset": "mnist",
        "epochs": 100,
        "batch_size": 60,
        "initialization": "kaiming-normal",
        "learning_rate": 0.0012,
        "forget_model": false,
        "disable_cuda": false,
        "pruning_rate": 0.2,
        "pruning_interval": 5,
        "seed": 47
    },
    "test_acc": [
        97.27333333333334,
        98.215,
        98.94333333333334,
        98.97,
        98.64333333333335,
        97.04666666666667,
        98.03666666666668,
        98.82333333333332,
        98.85166666666667,
        99.02,
        97.135,
        98.33833333333334,
        98.75,
        99.08,
        99.26166666666667,
        97.52333333333333,
        98.54833333333333,
        98.91166666666666,
        99.16166666666668,
        99.33166666666666,
        97.56833333333333,
        98.51166666666667,
        99.115,
        99.41833333333334,
        99.57333333333334,
        97.79666666666667,
        98.88166666666666,
        99.14833333333334,
        99.53833333333333,
        99.63499999999999,
        97.71833333333333,
        98.92166666666667,
        99.33833333333332,
        99.48833333333333,
        99.70833333333333,
        97.80166666666666,
        98.90166666666667,
        99.35333333333334,
        99.38833333333334,
        99.7,
        97.595,
        98.86833333333334,
        99.46166666666667,
        99.49,
        99.65166666666667,
        97.31833333333333,
        98.76833333333333,
        99.04833333333333,
        99.49833333333333,
        99.705,
        96.81666666666666,
        98.50333333333333,
        99.13666666666666,
        99.30166666666666,
        99.57000000000001,
        96.50166666666667,
        98.21833333333333,
        98.78,
        99.13166666666666,
        99.37666666666667,
        95.94333333333334,
        97.85833333333333,
        98.47666666666667,
        98.92999999999999,
        99.07666666666667,
        95.58166666666666,
        97.55,
        98.25500000000001,
        98.74166666666667,
        98.94166666666668,
        94.61666666666667,
        96.89833333333333,
        97.87166666666667,
        98.27166666666668,
        98.51333333333334,
        92.79333333333334,
        96.22,
        97.11666666666666,
        97.56,
        97.85333333333334,
        90.49166666666667,
        95.68666666666667,
        96.76166666666667,
        97.23166666666667,
        97.55333333333334,
        86.06333333333333,
        94.905,
        96.03666666666668,
        96.67166666666667,
        96.82,
        73.83333333333333,
        93.935,
        95.46666666666667,
        96.04333333333334,
        96.355,
        65.49000000000001,
        93.45166666666667,
        95.14,
        95.79166666666666,
        96.17666666666666
    ],
    "test_loss": [
        0.22110113075189292,
        0.08866712545603514,
        0.060652854406042025,
        0.044056303538498466,
        0.033007539075464595,
        0.2658309703916311,
        0.09363029225170612,
        0.06290400784439407,
        0.04591675452934578,
        0.03467194095440209,
        0.2508723597060889,
        0.08322444295976311,
        0.054751020523021,
        0.041716792603954674,
        0.030410628554207505,
        0.2478581945830956,
        0.07700916385510936,
        0.05011096405098215,
        0.03574000216124114,
        0.02718290459807031,
        0.25029694813117387,
        0.07140115213324316,
        0.045443094283575194,
        0.03184398778283503,
        0.02356874151559896,
        0.2547837645076215,
        0.06443298108270391,
        0.039412402895395646,
        0.027320372112619225,
        0.020163830251112812,
        0.26969576459471134,
        0.06292024185089394,
        0.037571387431758925,
        0.02548405414185254,
        0.01833054289739812,
        0.2916194107700139,
        0.06359325958392582,
        0.03622220281173941,
        0.024236663944786414,
        0.018154330787045182,
        0.3279499858953059,
        0.06580910387355834,
        0.038459988686954605,
        0.02559135755896568,
        0.018135194745613262,
        0.36864998716115954,
        0.07269219877244905,
        0.04202380128321238,
        0.028378786652814597,
        0.020355570014449768,
        0.43781751503422855,
        0.08225581336719916,
        0.04840714743710123,
        0.033480766484164634,
        0.024273743199883027,
        0.5348498340155929,
        0.09681492120213807,
        0.05755966325942427,
        0.040467741426080464,
        0.03088783324469114,
        0.6414686370715499,
        0.1099497739057988,
        0.06695447241747751,
        0.04799772261851467,
        0.037600115241017196,
        0.792328018244356,
        0.12290599903278053,
        0.07695447713090107,
        0.05685787374759093,
        0.04566809636494145,
        0.9676240042224526,
        0.1461172343911603,
        0.09429950802354142,
        0.07185517289210111,
        0.05998443713085726,
        1.327924557223916,
        0.19675961646810175,
        0.12280018908903002,
        0.09817296552658081,
        0.08470092011336237,
        1.5005128078460694,
        0.23948488109931348,
        0.1386580906379968,
        0.10868923940509558,
        0.09396370728127658,
        1.7125770545601844,
        0.31729147520288825,
        0.16500356586650014,
        0.13372909471392633,
        0.11796071137022227,
        1.9292263065576554,
        0.46920906035602095,
        0.1945092754252255,
        0.15498714702762664,
        0.13738087568804622,
        2.073122953891754,
        0.6632487685009837,
        0.21458756916224955,
        0.16748716129362584,
        0.1478717273902148
    ],
    "train_acc": [
        96.67999999999999,
        97.37,
        97.50999999999999,
        97.53,
        97.11,
        96.57,
        97.28,
        97.69,
        97.69,
        97.71,
        96.5,
        97.5,
        97.44,
        97.86,
        97.89999999999999,
        97.08,
        97.63,
        97.82,
        97.91,
        98.05,
        97.09,
        97.67,
        97.83,
        98.16,
        98.19,
        97.25,
        98.17,
        98.08,
        98.22999999999999,
        98.32,
        97.36,
        97.97,
        98.08,
        98.18,
        98.09,
        97.33000000000001,
        97.84,
        98.16,
        97.99,
        98.25,
        97.15,
        97.88,
        98.19,
        98.09,
        98.31,
        96.8,
        97.94,
        97.89999999999999,
        98.28,
        98.09,
        96.28999999999999,
        97.52,
        97.96000000000001,
        98.16,
        98.1,
        96.17999999999999,
        97.36,
        97.77,
        97.91,
        98.05,
        95.57,
        97.13000000000001,
        97.49,
        97.74000000000001,
        97.69,
        95.55,
        96.84,
        97.33000000000001,
        97.52,
        97.77,
        94.73,
        96.49,
        97.05,
        97.36,
        97.45,
        92.78,
        95.58,
        96.27,
        96.49,
        96.84,
        90.86,
        95.28999999999999,
        95.92,
        96.38,
        96.59,
        86.3,
        94.6,
        95.26,
        95.71,
        95.83,
        74.21,
        93.61,
        94.87,
        95.41,
        95.42,
        65.25,
        93.25,
        94.63000000000001,
        94.99,
        95.37
    ],
    "train_loss": [
        0.10561517728659921,
        0.08447988739538335,
        0.07915274735294774,
        0.08309305356996703,
        0.09812351260515499,
        0.10843292463146997,
        0.09023954494839567,
        0.0734290799689284,
        0.07399565448167505,
        0.08114818089835424,
        0.11249249882460712,
        0.07857729259789169,
        0.07999038649583515,
        0.07113451295090326,
        0.07134475130071964,
        0.09379771132089064,
        0.07300037696600674,
        0.06748481920898006,
        0.0677380714269946,
        0.06724190417102756,
        0.09657840381103183,
        0.07392221521363108,
        0.06780235411970134,
        0.06242939571481934,
        0.0627082378382538,
        0.09174091764865164,
        0.06127697469186997,
        0.06372034157525949,
        0.06081103955877911,
        0.05892792708536019,
        0.09219613064548926,
        0.06558391235874754,
        0.061962287219152035,
        0.0593543329971848,
        0.05771444456109465,
        0.09296767245197368,
        0.06589261749982388,
        0.05883915252108015,
        0.06329432037145925,
        0.059670493130789634,
        0.09897239779506972,
        0.06888624974442813,
        0.05962429498322308,
        0.061064176801675765,
        0.06316756358102499,
        0.11014999685708635,
        0.06873561903655886,
        0.06543394195440108,
        0.056612847448176074,
        0.060924250862566746,
        0.1265897728212758,
        0.0784351658996217,
        0.06715047401013578,
        0.06066999255406286,
        0.06189979918644078,
        0.13324804976582527,
        0.0865557306295562,
        0.07192800164886354,
        0.06855560759985875,
        0.06444922527842067,
        0.15469638060800686,
        0.09784352497203265,
        0.08311133944948097,
        0.07411209102106577,
        0.07371445291558515,
        0.16574332019883,
        0.10963174850752432,
        0.09000537163873543,
        0.08113172249506022,
        0.07941331191986666,
        0.1966836008572293,
        0.12438160959564283,
        0.10035749234281435,
        0.09333684882372172,
        0.08707064190533703,
        0.32488235626035106,
        0.15766046048995264,
        0.12602538776076483,
        0.11698140226259916,
        0.10568969591359,
        0.4237488672404946,
        0.17366099239377206,
        0.13819201480218035,
        0.12307087914783976,
        0.11386074507776313,
        0.6722421630057033,
        0.20124124539291074,
        0.16080523916927283,
        0.14326386927755294,
        0.13719330463714585,
        1.049522429169295,
        0.24562784761725787,
        0.18403615055237701,
        0.16201916909191066,
        0.15267586518458265,
        1.4680595712033575,
        0.2682683496864256,
        0.18984692958657612,
        0.16623672472681114,
        0.15553543861665411
    ],
    "sparsity": [
        0.0,
        0.0,
        0.0,
        0.0,
        0.0,
        0.2,
        0.2,
        0.2,
        0.2,
        0.2,
        0.3599977495217734,
        0.3599977495217734,
        0.3599977495217734,
        0.3599977495217734,
        0.3599977495217734,
        0.4879899478639211,
        0.4879899478639211,
        0.4879899478639211,
        0.4879899478639211,
        0.4879899478639211,
        0.5903829563782304,
        0.5903829563782304,
        0.5903829563782304,
        0.5903829563782304,
        0.5903829563782304,
        0.6722966130302689,
        0.6722966130302689,
        0.6722966130302689,
        0.6722966130302689,
        0.6722966130302689,
        0.7378267881924909,
        0.7378267881924909,
        0.7378267881924909,
        0.7378267881924909,
        0.7378267881924909,
        0.7902516784816773,
        0.7902516784816773,
        0.7902516784816773,
        0.7902516784816773,
        0.7902516784816773,
        0.8321893402347998,
        0.8321893402347998,
        0.8321893402347998,
        0.8321893402347998,
        0.8321893402347998,
        0.8657364689996624,
        0.8657364689996624,
        0.8657364689996624,
        0.8657364689996624,
        0.8657364689996624,
        0.8925809234462323,
        0.8925809234462323,
        0.8925809234462323,
        0.8925809234462323,
        0.8925809234462323,
        0.9140504857282172,
        0.9140504857282172,
        0.9140504857282172,
        0.9140504857282172,
        0.9140504857282172,
        0.9312291361914407,
        0.9312291361914407,
        0.9312291361914407,
        0.9312291361914407,
        0.9312291361914407,
        0.944968305764975,
        0.944968305764975,
        0.944968305764975,
        0.944968305764975,
        0.944968305764975,
        0.9559618919020292,
        0.9559618919020292,
        0.9559618919020292,
        0.9559618919020292,
        0.9559618919020292,
        0.9647612617681257,
        0.9647612617681257,
        0.9647612617681257,
        0.9647612617681257,
        0.9647612617681257,
        0.9717977570233675,
        0.9717977570233675,
        0.9717977570233675,
        0.9717977570233675,
        0.9717977570233675,
        0.9774314541840141,
        0.9774314541840141,
        0.9774314541840141,
        0.9774314541840141,
        0.9774314541840141,
        0.981928659840216,
        0.981928659840216,
        0.981928659840216,
        0.981928659840216,
        0.981928659840216,
        0.9855294250028132,
        0.9855294250028132,
        0.9855294250028132,
        0.9855294250028132,
        0.9855294250028132
    ]
}