{
    "args": {
        "load_last_pretrained": false,
        "model": "lenet",
        "dataset": "mnist",
        "epochs": 100,
        "batch_size": 60,
        "initialization": "normal",
        "learning_rate": 0.0012,
        "forget_model": false,
        "disable_cuda": false,
        "pruning_rate": 0.2,
        "pruning_interval": 5,
        "seed": 42
    },
    "test_acc": [
        87.53666666666666,
        90.975,
        92.50166666666667,
        94.33666666666667,
        95.31666666666668,
        91.25999999999999,
        93.14166666666667,
        94.795,
        96.085,
        97.10833333333333,
        95.69833333333332,
        97.62833333333333,
        98.32166666666666,
        98.68833333333333,
        98.81333333333333,
        97.20666666666666,
        98.21666666666667,
        98.695,
        99.12333333333333,
        99.355,
        97.52833333333332,
        98.485,
        98.55833333333334,
        99.27,
        99.17333333333333,
        97.67166666666667,
        98.69166666666666,
        99.30833333333334,
        99.505,
        99.42166666666667,
        97.83,
        98.87,
        99.32666666666667,
        99.52,
        99.71,
        97.74000000000001,
        98.83666666666666,
        99.27666666666667,
        99.53666666666666,
        99.74333333333333,
        97.79166666666667,
        98.84833333333334,
        99.40333333333334,
        99.55166666666668,
        99.72999999999999,
        97.55333333333334,
        98.61,
        99.2,
        99.36666666666667,
        99.68,
        97.21833333333333,
        98.66166666666668,
        99.11166666666666,
        99.41333333333333,
        99.53333333333333,
        96.60666666666667,
        98.35166666666667,
        98.94833333333334,
        99.22833333333332,
        99.43166666666666,
        95.84666666666666,
        97.84,
        98.535,
        99.035,
        99.19833333333334,
        95.32333333333334,
        97.44500000000001,
        98.21,
        98.71166666666666,
        98.91166666666666,
        94.45333333333333,
        96.60166666666666,
        97.46833333333333,
        97.995,
        98.275,
        92.9,
        96.165,
        97.18,
        97.66666666666667,
        97.97166666666666,
        90.25833333333333,
        95.30499999999999,
        96.53666666666668,
        97.05,
        97.40333333333334,
        90.41833333333334,
        95.15333333333334,
        96.33666666666667,
        96.84333333333333,
        97.19333333333333,
        87.99,
        94.80833333333332,
        96.03333333333333,
        96.6,
        96.85833333333333,
        74.74833333333333,
        83.645,
        84.94666666666667,
        85.51833333333333,
        85.82166666666666
    ],
    "test_loss": [
        71.34081679189205,
        13.47241591924429,
        7.528547138580954,
        4.742655726540117,
        3.197624811363153,
        0.7990732236430049,
        0.27644836585968735,
        0.20930503950640558,
        0.15716245872341097,
        0.11755026088748127,
        0.37960335456207395,
        0.12731541433930396,
        0.08331265530362725,
        0.0617002113473136,
        0.047187839005258865,
        0.26582295111194254,
        0.08635478712059558,
        0.05728741901414469,
        0.04048705674399389,
        0.030205526711884888,
        0.2473761554742232,
        0.0758635513568297,
        0.048093467530445196,
        0.03448566874075914,
        0.02663622801878955,
        0.25634985604137184,
        0.0675601576291956,
        0.042064498615218326,
        0.029486828896042424,
        0.021600411834195258,
        0.26355150822736323,
        0.06219089112430811,
        0.03755554579792079,
        0.025629880641121417,
        0.019374120866297743,
        0.28365742418542506,
        0.06084613834274933,
        0.035730024809017776,
        0.02419409154416644,
        0.01736913386330707,
        0.30712288737110793,
        0.06369648377667181,
        0.036550474621588364,
        0.024754847793810767,
        0.017807314129691804,
        0.35388425570353865,
        0.06878191327536479,
        0.0401793098943308,
        0.027104048681096175,
        0.019390290708688553,
        0.4163128205593675,
        0.07734968566475436,
        0.04660586927621625,
        0.0327849189293338,
        0.024216230019694193,
        0.4969295309949666,
        0.09078160193003713,
        0.05414334689849056,
        0.03824809026380535,
        0.028889672912308016,
        0.5981123041287064,
        0.11001977014914155,
        0.0667310665268451,
        0.04794956097449176,
        0.03741335102170706,
        0.7575143460854888,
        0.12461127117462456,
        0.078184694792144,
        0.05788832005765289,
        0.046499193443451076,
        0.9061873425990343,
        0.1541974090579897,
        0.10421478422079235,
        0.08125393291935325,
        0.06824348014965653,
        1.2318960575014353,
        0.18136542618647217,
        0.11784072464890778,
        0.09307943339366466,
        0.07875218231976032,
        1.4640082949995994,
        0.31177266577631235,
        0.18145043756812812,
        0.13436602022871375,
        0.10979130738601088,
        1.4703087837994098,
        0.31978453806787727,
        0.19036312106251715,
        0.14396373995766043,
        0.11947426894679665,
        1.6899488485455514,
        0.3641244791597128,
        0.2060806380212307,
        0.15627704848349094,
        0.13108080925047397,
        1.9658486359715461,
        0.6796906808912754,
        0.4335156770348549,
        0.3625031875669956,
        0.32939050620794297
    ],
    "train_acc": [
        87.05000000000001,
        89.68,
        91.03999999999999,
        92.13,
        92.96,
        91.44,
        92.86,
        94.5,
        95.6,
        96.31,
        95.44,
        97.02,
        97.43,
        97.3,
        97.48,
        96.8,
        97.43,
        97.6,
        97.76,
        97.98,
        97.04,
        97.64,
        97.39999999999999,
        97.89,
        97.78,
        97.11,
        97.69,
        98.00999999999999,
        97.98,
        97.89,
        97.16,
        97.71,
        98.15,
        97.99,
        98.31,
        97.07000000000001,
        97.81,
        98.03,
        98.09,
        98.16,
        97.11999999999999,
        97.88,
        98.07000000000001,
        98.08,
        98.07000000000001,
        96.98,
        97.68,
        97.94,
        97.78,
        98.21,
        96.71,
        97.57000000000001,
        97.72999999999999,
        97.89,
        97.99,
        96.17,
        97.34,
        97.74000000000001,
        97.76,
        97.86,
        95.46,
        97.02,
        97.42,
        97.7,
        97.72999999999999,
        95.21,
        96.69,
        97.2,
        97.47,
        97.68,
        94.42,
        96.12,
        96.74000000000001,
        96.91,
        97.16,
        93.01,
        95.72,
        96.44,
        96.85000000000001,
        97.03,
        90.06,
        95.09,
        95.92,
        96.38,
        96.53,
        90.75999999999999,
        94.89,
        95.82000000000001,
        96.17,
        96.36,
        88.64999999999999,
        94.6,
        95.53,
        95.87,
        96.07,
        75.4,
        83.91999999999999,
        84.73,
        85.08,
        85.34
    ],
    "train_loss": [
        18.887577156820697,
        10.783976699777705,
        7.663530616750736,
        5.691783256329107,
        4.939671239607808,
        0.29880240684497855,
        0.23975459044564984,
        0.18753563243516547,
        0.14755926087141752,
        0.12316093180875132,
        0.15542353571442788,
        0.09855262751685466,
        0.08344994099743798,
        0.07893493693896352,
        0.07982969358507655,
        0.10669092126859876,
        0.08054930594621483,
        0.07948137261531131,
        0.07603016473676362,
        0.06961056528526531,
        0.10037032510906815,
        0.07698949826546683,
        0.08229924141273215,
        0.06885842233965965,
        0.07507112681340081,
        0.09701086522197117,
        0.07230831190949295,
        0.0633950009858403,
        0.06607044490038913,
        0.06987410942496855,
        0.09521875143452675,
        0.06986112872272462,
        0.06320034558355005,
        0.06585926334736143,
        0.06281121051556593,
        0.09518355541600439,
        0.07180900237952431,
        0.06495981170199142,
        0.06127220993055711,
        0.06813865096338266,
        0.09593944629085456,
        0.0697164482264194,
        0.06093520818495688,
        0.06512526712731687,
        0.06676098075695336,
        0.10597813334650621,
        0.07897261831585965,
        0.0667001462045187,
        0.06992762198136328,
        0.06304094715679656,
        0.1158635613291028,
        0.0768380875191735,
        0.07073527274856868,
        0.06653644204067212,
        0.0669730418601525,
        0.13498813586454547,
        0.08913158932644985,
        0.07483230392074959,
        0.07052481483980388,
        0.06993364362034969,
        0.15809699759154977,
        0.10144565862876748,
        0.08542920861248217,
        0.07815199665736385,
        0.07725499503866597,
        0.1714313765262772,
        0.11391914156293441,
        0.09538539234704957,
        0.08654241255082994,
        0.08390543969002312,
        0.2001817590016091,
        0.13712619574082469,
        0.11243188826779942,
        0.10284857066002434,
        0.09649194301312376,
        0.2565278095042634,
        0.14905135671491038,
        0.12385119334934,
        0.11276619302521566,
        0.10657619855584141,
        0.47324232052186294,
        0.23558814216873603,
        0.17517105023750287,
        0.1475281544966612,
        0.13486915892603513,
        0.4819253973975153,
        0.24207108159978946,
        0.1813651907765223,
        0.15392123151592865,
        0.13957339295459364,
        0.5848180007434891,
        0.2615659713388203,
        0.19517791860117883,
        0.16627701536980932,
        0.15004332488525413,
        1.0420032860990056,
        0.49842081812327493,
        0.3970683289323738,
        0.35839748025654317,
        0.33699907487381003
    ],
    "sparsity": [
        0.0,
        0.0,
        0.0,
        0.0,
        0.0,
        0.2,
        0.2,
        0.2,
        0.2,
        0.2,
        0.3599977495217734,
        0.3599977495217734,
        0.3599977495217734,
        0.3599977495217734,
        0.3599977495217734,
        0.4879899478639211,
        0.4879899478639211,
        0.4879899478639211,
        0.4879899478639211,
        0.4879899478639211,
        0.5903829563782304,
        0.5903829563782304,
        0.5903829563782304,
        0.5903829563782304,
        0.5903829563782304,
        0.6722966130302689,
        0.6722966130302689,
        0.6722966130302689,
        0.6722966130302689,
        0.6722966130302689,
        0.7378267881924909,
        0.7378267881924909,
        0.7378267881924909,
        0.7378267881924909,
        0.7378267881924909,
        0.7902516784816773,
        0.7902516784816773,
        0.7902516784816773,
        0.7902516784816773,
        0.7902516784816773,
        0.8321893402347998,
        0.8321893402347998,
        0.8321893402347998,
        0.8321893402347998,
        0.8321893402347998,
        0.8657364689996624,
        0.8657364689996624,
        0.8657364689996624,
        0.8657364689996624,
        0.8657364689996624,
        0.8925809234462323,
        0.8925809234462323,
        0.8925809234462323,
        0.8925809234462323,
        0.8925809234462323,
        0.9140504857282172,
        0.9140504857282172,
        0.9140504857282172,
        0.9140504857282172,
        0.9140504857282172,
        0.9312291361914407,
        0.9312291361914407,
        0.9312291361914407,
        0.9312291361914407,
        0.9312291361914407,
        0.944968305764975,
        0.944968305764975,
        0.944968305764975,
        0.944968305764975,
        0.944968305764975,
        0.9559618919020292,
        0.9559618919020292,
        0.9559618919020292,
        0.9559618919020292,
        0.9559618919020292,
        0.9647612617681257,
        0.9647612617681257,
        0.9647612617681257,
        0.9647612617681257,
        0.9647612617681257,
        0.9717977570233675,
        0.9717977570233675,
        0.9717977570233675,
        0.9717977570233675,
        0.9717977570233675,
        0.9774314541840141,
        0.9774314541840141,
        0.9774314541840141,
        0.9774314541840141,
        0.9774314541840141,
        0.981928659840216,
        0.981928659840216,
        0.981928659840216,
        0.981928659840216,
        0.981928659840216,
        0.9855294250028132,
        0.9855294250028132,
        0.9855294250028132,
        0.9855294250028132,
        0.9855294250028132
    ]
}