{
    "args": {
        "load_last_pretrained": false,
        "model": "lenet",
        "dataset": "mnist",
        "epochs": 100,
        "batch_size": 60,
        "initialization": "xavier-uniform-double",
        "learning_rate": 0.0012,
        "forget_model": false,
        "disable_cuda": false,
        "pruning_rate": 0.2,
        "pruning_interval": 5,
        "seed": 51
    },
    "test_acc": [
        97.28999999999999,
        97.78,
        98.37833333333333,
        98.81833333333333,
        98.80333333333333,
        96.67833333333333,
        97.99666666666667,
        98.64500000000001,
        98.495,
        99.225,
        97.08166666666666,
        98.345,
        98.79666666666667,
        99.18333333333334,
        99.24666666666667,
        97.18833333333333,
        98.57833333333333,
        98.79333333333334,
        99.12833333333333,
        99.435,
        97.66666666666667,
        98.585,
        99.14166666666667,
        99.33833333333332,
        99.66000000000001,
        97.68833333333333,
        98.94833333333334,
        99.13,
        99.54333333333332,
        99.52666666666666,
        97.45166666666667,
        98.82666666666667,
        99.44166666666666,
        99.66166666666668,
        99.685,
        97.90333333333334,
        99.00166666666667,
        99.16833333333334,
        99.62,
        99.70666666666666,
        97.55833333333334,
        98.76166666666667,
        99.25500000000001,
        99.32166666666666,
        99.67833333333334,
        97.23666666666666,
        98.62333333333333,
        99.25,
        99.47166666666666,
        99.59166666666667,
        96.965,
        98.50666666666666,
        99.065,
        99.26833333333333,
        99.48666666666666,
        96.33166666666668,
        98.15333333333334,
        98.79666666666667,
        99.065,
        99.35666666666667,
        95.68166666666667,
        97.705,
        98.48,
        98.83,
        99.095,
        95.43,
        97.38333333333333,
        98.11333333333333,
        98.50999999999999,
        98.81,
        94.77666666666667,
        96.87166666666667,
        97.74666666666667,
        98.25833333333334,
        98.45,
        93.94,
        96.475,
        97.42333333333333,
        97.89666666666666,
        98.19333333333333,
        92.77,
        95.95833333333333,
        96.955,
        97.42166666666667,
        97.775,
        89.38833333333334,
        95.165,
        96.31666666666666,
        96.825,
        97.20166666666667,
        88.00833333333333,
        95.025,
        96.155,
        96.69833333333332,
        96.89666666666666,
        82.62666666666667,
        93.97166666666666,
        95.245,
        95.85666666666667,
        96.19666666666666
    ],
    "test_loss": [
        0.2215327457357198,
        0.08833876854088157,
        0.0589484834325267,
        0.04436374562652782,
        0.03550335736584384,
        0.27591279935464263,
        0.09793398360768334,
        0.06484917585260701,
        0.04902189250814263,
        0.03576792652023141,
        0.25801605490408835,
        0.08428776013012976,
        0.056338006756501274,
        0.041512967478716745,
        0.02977857107645832,
        0.25138797381240874,
        0.07888209792831913,
        0.04943835055571981,
        0.03602623817976564,
        0.026483262493013172,
        0.25177514614351093,
        0.070417382636806,
        0.04463013411173597,
        0.030805735899019054,
        0.02297532682478777,
        0.2567474468080327,
        0.06668103062943555,
        0.039010620284592734,
        0.026514199270284734,
        0.020088090214063412,
        0.27290571001172065,
        0.0620679962632712,
        0.03697847809945233,
        0.023419809572515077,
        0.017516489546891535,
        0.2906853324016556,
        0.06050747885927558,
        0.03528721213690005,
        0.023361551728477935,
        0.01651766265234619,
        0.3232521974556148,
        0.06499134031962603,
        0.03819406730879564,
        0.025729669591004495,
        0.018343236467335374,
        0.37576656825095417,
        0.07416440565278754,
        0.04361262087069918,
        0.0300474189731176,
        0.02118025152530754,
        0.4431521770032123,
        0.08397999773267656,
        0.05013407339830883,
        0.0347755544843385,
        0.02613617321883794,
        0.535273119751364,
        0.0981965211937204,
        0.05915776321687736,
        0.04234786439337768,
        0.03183518785866909,
        0.636548238683492,
        0.11128941467124968,
        0.07081843023374677,
        0.05201141342218034,
        0.04077854690910317,
        0.7845124682411552,
        0.1256107687205076,
        0.081698860777542,
        0.06246016430389136,
        0.05081431527575478,
        0.9502748189494014,
        0.14271324334107338,
        0.09397076506074518,
        0.073501332197804,
        0.06147534254333004,
        1.1470261600241065,
        0.16150917645171284,
        0.10810707798600197,
        0.08466867287177593,
        0.07211153608746827,
        1.3334114722013473,
        0.18704833072051405,
        0.124977936334908,
        0.09931342265196144,
        0.08465576432459056,
        1.6412067036032676,
        0.33906652811169624,
        0.19230722119659185,
        0.14448482729494572,
        0.11944098455086351,
        1.656446326315403,
        0.34885375438630584,
        0.19509464867413043,
        0.14933615594357252,
        0.12618293805234135,
        1.834641261279583,
        0.4432820154726505,
        0.23014075691998004,
        0.1768758711889386,
        0.1518150010034442
    ],
    "train_acc": [
        96.35000000000001,
        96.8,
        97.18,
        97.56,
        97.45,
        96.24000000000001,
        97.13000000000001,
        97.58,
        97.37,
        97.71,
        96.5,
        97.50999999999999,
        97.46000000000001,
        97.87,
        98.00999999999999,
        96.86,
        97.53,
        97.58,
        97.72999999999999,
        97.89999999999999,
        97.17,
        97.59,
        97.78999999999999,
        97.91,
        98.08,
        97.3,
        97.98,
        97.99,
        97.96000000000001,
        98.15,
        97.04,
        97.94,
        98.07000000000001,
        97.98,
        98.04,
        97.44,
        98.06,
        97.88,
        98.18,
        98.2,
        96.88,
        97.57000000000001,
        97.89999999999999,
        97.8,
        98.13,
        96.78999999999999,
        97.58,
        97.89999999999999,
        98.0,
        98.03,
        96.48,
        97.53,
        97.78999999999999,
        97.87,
        97.94,
        96.08,
        97.38,
        97.67,
        97.74000000000001,
        97.81,
        95.57,
        97.11,
        97.53,
        97.86,
        97.94,
        95.25,
        96.94,
        97.33000000000001,
        97.55,
        97.7,
        94.69,
        96.46000000000001,
        97.06,
        97.36,
        97.57000000000001,
        94.07,
        96.13000000000001,
        96.91,
        97.11,
        97.35000000000001,
        92.94,
        95.6,
        96.5,
        96.7,
        97.0,
        89.83,
        94.89,
        95.85000000000001,
        96.27,
        96.43,
        88.09,
        94.97,
        95.82000000000001,
        96.05,
        96.26,
        82.31,
        93.89,
        95.16,
        95.56,
        95.8
    ],
    "train_loss": [
        0.11367857364748052,
        0.10382775139498586,
        0.09788784736482996,
        0.08415597209199416,
        0.09494335191187722,
        0.12549924637430798,
        0.09002188071998918,
        0.07848293076877198,
        0.0860631856314481,
        0.07987721824680781,
        0.10926864744571155,
        0.08177842656261995,
        0.07680408542691368,
        0.0732615137246889,
        0.07122671494956134,
        0.10458636691258429,
        0.07762159628537066,
        0.07932290729988523,
        0.07370391292748471,
        0.0749035441479785,
        0.09802488305656139,
        0.0795288699467159,
        0.0710395505961343,
        0.06966657345712989,
        0.06697688141452918,
        0.09110955564963247,
        0.06712389720358446,
        0.0668940444053067,
        0.06649883882132844,
        0.06791890594110724,
        0.0978675781620923,
        0.06962859581230198,
        0.06163406036138914,
        0.06411797398754289,
        0.06789847976712142,
        0.09065489281905804,
        0.06356034326383811,
        0.06902902117724012,
        0.06239217141410336,
        0.06544258451949482,
        0.10257877427303863,
        0.07502924336377018,
        0.06798890565555475,
        0.07440721284818395,
        0.06549672086804709,
        0.1121434564339722,
        0.07591297331650904,
        0.0642879717637545,
        0.06033944378085546,
        0.06301190121124449,
        0.12359600136067696,
        0.0799757659234508,
        0.06988876124197048,
        0.06961150002361884,
        0.06603300196054519,
        0.13761883863655036,
        0.0884522371785994,
        0.07358298211464447,
        0.07209328165163514,
        0.07113057807573078,
        0.1572650481617736,
        0.1024257578513401,
        0.08310065506873819,
        0.07518761612413574,
        0.07436726507061568,
        0.16827318888759898,
        0.11322192002846274,
        0.09163523362503348,
        0.08376099946936537,
        0.08230839641959947,
        0.19177347499721065,
        0.12644683550708666,
        0.10589433641000065,
        0.0927110505123026,
        0.09018124839776157,
        0.22096067591163213,
        0.13729029676380627,
        0.11211950799818346,
        0.10313054627019488,
        0.0963111157043876,
        0.25486223957317317,
        0.15564228168236996,
        0.12576270291949818,
        0.11449206116034867,
        0.10730352104379388,
        0.5397019554041103,
        0.2427221197568014,
        0.1801986241055106,
        0.1522889852211504,
        0.137741333130234,
        0.5719865317830068,
        0.2417846978781466,
        0.17995913253126744,
        0.1544383923093716,
        0.1418956641531633,
        0.7698770665123077,
        0.2864749417333546,
        0.20950441272137407,
        0.1792543715613331,
        0.16470452123684085
    ],
    "sparsity": [
        0.0,
        0.0,
        0.0,
        0.0,
        0.0,
        0.2,
        0.2,
        0.2,
        0.2,
        0.2,
        0.3599977495217734,
        0.3599977495217734,
        0.3599977495217734,
        0.3599977495217734,
        0.3599977495217734,
        0.4879899478639211,
        0.4879899478639211,
        0.4879899478639211,
        0.4879899478639211,
        0.4879899478639211,
        0.5903829563782304,
        0.5903829563782304,
        0.5903829563782304,
        0.5903829563782304,
        0.5903829563782304,
        0.6722966130302689,
        0.6722966130302689,
        0.6722966130302689,
        0.6722966130302689,
        0.6722966130302689,
        0.7378267881924909,
        0.7378267881924909,
        0.7378267881924909,
        0.7378267881924909,
        0.7378267881924909,
        0.7902516784816773,
        0.7902516784816773,
        0.7902516784816773,
        0.7902516784816773,
        0.7902516784816773,
        0.8321893402347998,
        0.8321893402347998,
        0.8321893402347998,
        0.8321893402347998,
        0.8321893402347998,
        0.8657364689996624,
        0.8657364689996624,
        0.8657364689996624,
        0.8657364689996624,
        0.8657364689996624,
        0.8925809234462323,
        0.8925809234462323,
        0.8925809234462323,
        0.8925809234462323,
        0.8925809234462323,
        0.9140504857282172,
        0.9140504857282172,
        0.9140504857282172,
        0.9140504857282172,
        0.9140504857282172,
        0.9312291361914407,
        0.9312291361914407,
        0.9312291361914407,
        0.9312291361914407,
        0.9312291361914407,
        0.944968305764975,
        0.944968305764975,
        0.944968305764975,
        0.944968305764975,
        0.944968305764975,
        0.9559618919020292,
        0.9559618919020292,
        0.9559618919020292,
        0.9559618919020292,
        0.9559618919020292,
        0.9647612617681257,
        0.9647612617681257,
        0.9647612617681257,
        0.9647612617681257,
        0.9647612617681257,
        0.9717977570233675,
        0.9717977570233675,
        0.9717977570233675,
        0.9717977570233675,
        0.9717977570233675,
        0.9774314541840141,
        0.9774314541840141,
        0.9774314541840141,
        0.9774314541840141,
        0.9774314541840141,
        0.981928659840216,
        0.981928659840216,
        0.981928659840216,
        0.981928659840216,
        0.981928659840216,
        0.9855294250028132,
        0.9855294250028132,
        0.9855294250028132,
        0.9855294250028132,
        0.9855294250028132
    ]
}