{
    "args": {
        "load_last_pretrained": false,
        "model": "lenet",
        "dataset": "mnist",
        "epochs": 100,
        "batch_size": 60,
        "initialization": "kaiming-normal",
        "learning_rate": 0.0012,
        "forget_model": false,
        "disable_cuda": false,
        "pruning_rate": 0.2,
        "pruning_interval": 5,
        "seed": 43
    },
    "test_acc": [
        97.28666666666666,
        98.47666666666667,
        98.94166666666668,
        99.21,
        99.28333333333333,
        96.97833333333334,
        98.00333333333333,
        98.56333333333333,
        98.985,
        99.3,
        97.23333333333333,
        98.15333333333334,
        98.75500000000001,
        99.13333333333333,
        99.3,
        97.595,
        98.58333333333333,
        98.92999999999999,
        99.21,
        99.59,
        97.59666666666666,
        98.83833333333332,
        99.065,
        99.38166666666667,
        99.58,
        97.735,
        98.855,
        99.4,
        99.53833333333333,
        99.71166666666666,
        97.98333333333333,
        98.97,
        99.14,
        99.44,
        99.69166666666666,
        97.87333333333333,
        98.95333333333333,
        99.48833333333333,
        99.57833333333333,
        99.75333333333334,
        97.84,
        98.94500000000001,
        99.42666666666666,
        99.66833333333334,
        99.67166666666667,
        97.41,
        98.79166666666667,
        99.25500000000001,
        99.515,
        99.71166666666666,
        97.10666666666667,
        98.505,
        98.97333333333333,
        99.41833333333334,
        99.5,
        96.61833333333333,
        98.03166666666667,
        98.84666666666668,
        99.23666666666666,
        99.39333333333333,
        95.89,
        97.71833333333333,
        98.45,
        98.845,
        99.13833333333332,
        95.38499999999999,
        97.24166666666667,
        98.045,
        98.48666666666666,
        98.7,
        94.68666666666667,
        96.89333333333333,
        97.75333333333333,
        98.16666666666667,
        98.44833333333334,
        93.375,
        96.28333333333333,
        97.22166666666666,
        97.53,
        97.91166666666666,
        91.87166666666667,
        95.66666666666667,
        96.59333333333333,
        97.14333333333333,
        97.545,
        88.21833333333333,
        94.695,
        95.83833333333334,
        96.41666666666666,
        96.82,
        87.94833333333332,
        94.35666666666667,
        95.50333333333333,
        96.16333333333333,
        96.45333333333333,
        82.67333333333333,
        93.595,
        95.03833333333334,
        95.58,
        95.81
    ],
    "test_loss": [
        0.21636376854684203,
        0.08916117089102045,
        0.057911437074886635,
        0.043891925435571466,
        0.032406614722392986,
        0.27129077644832433,
        0.0967311666016467,
        0.0637920771962963,
        0.04691712628118694,
        0.03503806609625462,
        0.2523870318327099,
        0.08622276872606016,
        0.0561479554947,
        0.039614519904484044,
        0.02925042099133134,
        0.24249610223341733,
        0.07652741387835704,
        0.04874242425372358,
        0.035386216449958735,
        0.02617330491406028,
        0.2402277891486883,
        0.06867007504194043,
        0.043661132646375334,
        0.029616455554874847,
        0.021498940641904482,
        0.2452439817385748,
        0.0647741228605155,
        0.038565986597561275,
        0.026435237574973142,
        0.0203278759974055,
        0.2581823487449437,
        0.05932431855727918,
        0.035500716596841814,
        0.023110812417289708,
        0.016433444075781154,
        0.2776872293483466,
        0.05752404429530725,
        0.03355550005985424,
        0.022128996773797552,
        0.015715542008314515,
        0.31321431158296764,
        0.06182216182351112,
        0.03550383603828959,
        0.02373056984867435,
        0.016348324763966957,
        0.35228735736478123,
        0.06927393124951049,
        0.040286212216247806,
        0.027238931501400658,
        0.019865696997730994,
        0.41739959095045925,
        0.08004916967777535,
        0.0473796585702803,
        0.03241003192495555,
        0.024494090556225274,
        0.5076838152259588,
        0.09354604763677343,
        0.057958130033221096,
        0.041505583203863355,
        0.031381537800654766,
        0.6331989596374333,
        0.11333337648026645,
        0.07234341675182804,
        0.05261992595740594,
        0.041035802849568426,
        0.7837554738968611,
        0.12987355598434805,
        0.08588211340131238,
        0.06448891732702032,
        0.05223003334458917,
        0.9384299385398627,
        0.1453920185305178,
        0.09698053510300815,
        0.07500562822818756,
        0.062046013021143154,
        1.223603886693716,
        0.2070277028400451,
        0.11980607793293893,
        0.09523626321088523,
        0.08118590991850942,
        1.37784721326828,
        0.2285959929190576,
        0.13767966998368503,
        0.1091033482402563,
        0.0935964759318158,
        1.6546301467120648,
        0.32238368317484856,
        0.17929902831465006,
        0.14071924271807074,
        0.12116092930920422,
        1.7318037821650505,
        0.33699345073848963,
        0.184306195884943,
        0.14811972579918803,
        0.13044011127762498,
        1.9051951721906661,
        0.4189850676581264,
        0.20827014328166843,
        0.16742222121730446,
        0.14918583759479226
    ],
    "train_acc": [
        96.7,
        97.5,
        97.7,
        97.89999999999999,
        97.7,
        96.45,
        96.96000000000001,
        97.46000000000001,
        97.74000000000001,
        97.87,
        96.78999999999999,
        97.42,
        97.67,
        98.1,
        97.85000000000001,
        97.06,
        97.6,
        97.87,
        97.78999999999999,
        98.03,
        96.97,
        98.0,
        97.78999999999999,
        98.19,
        97.96000000000001,
        97.21,
        97.94,
        98.05,
        98.09,
        98.11999999999999,
        97.39999999999999,
        97.98,
        98.03,
        97.92999999999999,
        98.3,
        97.35000000000001,
        98.02,
        98.09,
        98.18,
        98.06,
        97.16,
        97.81,
        98.24000000000001,
        98.2,
        98.14,
        97.05,
        98.04,
        97.97,
        98.04,
        98.26,
        96.67999999999999,
        97.65,
        97.97,
        98.17,
        98.14,
        96.31,
        97.5,
        97.82,
        97.94,
        98.13,
        95.81,
        97.23,
        97.48,
        97.8,
        97.8,
        95.1,
        96.71,
        97.15,
        97.42,
        97.59,
        94.6,
        96.32,
        96.98,
        97.28999999999999,
        97.37,
        93.57,
        95.91,
        96.44,
        96.77,
        97.0,
        92.21000000000001,
        95.33,
        95.97,
        96.47,
        96.74000000000001,
        88.73,
        94.62,
        95.36,
        95.86,
        96.13000000000001,
        88.69,
        94.11,
        95.12,
        95.62,
        95.92,
        83.45,
        93.54,
        94.58,
        95.11,
        95.43
    ],
    "train_loss": [
        0.10385514755627352,
        0.07422281497905399,
        0.07639762316412198,
        0.0668018172658188,
        0.07935955672814862,
        0.11553051997489201,
        0.09490497450450223,
        0.07815026408507528,
        0.07145669853348217,
        0.06779451944923146,
        0.10695329063689102,
        0.08126010216527178,
        0.07509644657044398,
        0.06534788072733821,
        0.07361747704280407,
        0.09464767819527023,
        0.07467564826686225,
        0.06547418610516288,
        0.07022211780913822,
        0.06635050779044026,
        0.09613152967576316,
        0.06598365487263141,
        0.07384859649659675,
        0.0677091713585545,
        0.06817229429760413,
        0.09195079270772591,
        0.0673254228330881,
        0.06629781158080514,
        0.06543681234913226,
        0.06664106351428688,
        0.08559728747869502,
        0.06545396887524399,
        0.06625510511318958,
        0.06813467407709232,
        0.0643744662600642,
        0.08908634640633346,
        0.06446347526876914,
        0.06238861031088599,
        0.06514852343846536,
        0.06838644724227712,
        0.09524738604570934,
        0.06945021337589728,
        0.060386173124564534,
        0.05884081101697496,
        0.06526782152676554,
        0.10065834074208659,
        0.06752154123160743,
        0.06433692241706579,
        0.06284913160938568,
        0.06109032700149186,
        0.11652735740080208,
        0.07744167227309175,
        0.06702583778822449,
        0.06382947720721097,
        0.06464123707348314,
        0.12884559196804812,
        0.08854906627361825,
        0.07183992555978412,
        0.06869772542825715,
        0.06581084670019365,
        0.15536744720832316,
        0.09844099794943889,
        0.0825723843359037,
        0.07500153716408207,
        0.07340192375146969,
        0.1723547244589486,
        0.1158412844946463,
        0.09690877750884005,
        0.08711654403732119,
        0.0831467588780682,
        0.19144930445148559,
        0.1238678632594065,
        0.10319051063413213,
        0.092598076513829,
        0.08807581616565585,
        0.33255941666171934,
        0.15163326854566614,
        0.12293055827567677,
        0.11159690735515898,
        0.10725813999794379,
        0.35852450043141487,
        0.16959616743741993,
        0.1355767859324456,
        0.12124754020018493,
        0.11199452125740622,
        0.5581647193360472,
        0.21556866869419636,
        0.166312328021148,
        0.14436814519102703,
        0.1331829438376391,
        0.6050119519590618,
        0.2232617836244806,
        0.17154729013849876,
        0.1528763225870932,
        0.14088105186150818,
        0.8569482400745689,
        0.2522560735930226,
        0.18987842720604228,
        0.1681949908504943,
        0.15849472722875144
    ],
    "sparsity": [
        0.0,
        0.0,
        0.0,
        0.0,
        0.0,
        0.2,
        0.2,
        0.2,
        0.2,
        0.2,
        0.3599977495217734,
        0.3599977495217734,
        0.3599977495217734,
        0.3599977495217734,
        0.3599977495217734,
        0.4879899478639211,
        0.4879899478639211,
        0.4879899478639211,
        0.4879899478639211,
        0.4879899478639211,
        0.5903829563782304,
        0.5903829563782304,
        0.5903829563782304,
        0.5903829563782304,
        0.5903829563782304,
        0.6722966130302689,
        0.6722966130302689,
        0.6722966130302689,
        0.6722966130302689,
        0.6722966130302689,
        0.7378267881924909,
        0.7378267881924909,
        0.7378267881924909,
        0.7378267881924909,
        0.7378267881924909,
        0.7902516784816773,
        0.7902516784816773,
        0.7902516784816773,
        0.7902516784816773,
        0.7902516784816773,
        0.8321893402347998,
        0.8321893402347998,
        0.8321893402347998,
        0.8321893402347998,
        0.8321893402347998,
        0.8657364689996624,
        0.8657364689996624,
        0.8657364689996624,
        0.8657364689996624,
        0.8657364689996624,
        0.8925809234462323,
        0.8925809234462323,
        0.8925809234462323,
        0.8925809234462323,
        0.8925809234462323,
        0.9140504857282172,
        0.9140504857282172,
        0.9140504857282172,
        0.9140504857282172,
        0.9140504857282172,
        0.9312291361914407,
        0.9312291361914407,
        0.9312291361914407,
        0.9312291361914407,
        0.9312291361914407,
        0.944968305764975,
        0.944968305764975,
        0.944968305764975,
        0.944968305764975,
        0.944968305764975,
        0.9559618919020292,
        0.9559618919020292,
        0.9559618919020292,
        0.9559618919020292,
        0.9559618919020292,
        0.9647612617681257,
        0.9647612617681257,
        0.9647612617681257,
        0.9647612617681257,
        0.9647612617681257,
        0.9717977570233675,
        0.9717977570233675,
        0.9717977570233675,
        0.9717977570233675,
        0.9717977570233675,
        0.9774314541840141,
        0.9774314541840141,
        0.9774314541840141,
        0.9774314541840141,
        0.9774314541840141,
        0.981928659840216,
        0.981928659840216,
        0.981928659840216,
        0.981928659840216,
        0.981928659840216,
        0.9855294250028132,
        0.9855294250028132,
        0.9855294250028132,
        0.9855294250028132,
        0.9855294250028132
    ]
}