{
    "args": {
        "load_last_pretrained": false,
        "model": "lenet",
        "dataset": "mnist",
        "epochs": 100,
        "batch_size": 60,
        "initialization": "xavier-uniform",
        "learning_rate": 0.0012,
        "forget_model": false,
        "disable_cuda": false,
        "pruning_rate": 0.2,
        "pruning_interval": 5,
        "seed": 42
    },
    "test_acc": [
        96.575,
        98.31333333333333,
        98.77166666666668,
        99.05666666666667,
        99.08833333333334,
        96.95166666666667,
        97.55833333333334,
        98.42,
        98.57000000000001,
        99.045,
        97.23833333333334,
        98.38666666666667,
        98.81833333333333,
        99.13166666666666,
        99.21166666666666,
        97.275,
        98.42999999999999,
        99.035,
        99.31333333333333,
        99.36,
        97.395,
        98.565,
        98.88833333333334,
        99.38833333333334,
        99.35000000000001,
        97.63833333333334,
        98.75,
        99.3,
        99.575,
        99.44333333333333,
        97.86333333333333,
        98.91166666666666,
        99.39333333333333,
        99.67166666666667,
        99.72666666666666,
        97.79666666666667,
        98.97666666666667,
        99.24833333333333,
        99.66833333333334,
        99.76833333333333,
        97.875,
        98.95333333333333,
        99.48,
        99.58500000000001,
        99.78166666666667,
        97.71333333333332,
        98.615,
        99.33166666666666,
        99.46166666666667,
        99.74499999999999,
        97.29166666666667,
        98.51333333333334,
        99.02,
        99.41499999999999,
        99.51333333333334,
        96.66333333333334,
        98.31333333333333,
        98.92833333333333,
        99.21,
        99.36833333333334,
        96.235,
        98.09666666666666,
        98.67,
        99.05666666666667,
        99.24666666666667,
        95.72333333333334,
        97.59333333333333,
        98.43499999999999,
        98.80499999999999,
        99.07000000000001,
        95.03166666666667,
        97.14166666666667,
        97.97833333333334,
        98.37666666666667,
        98.63666666666666,
        93.675,
        96.355,
        97.26833333333333,
        97.81833333333333,
        98.16833333333334,
        92.36833333333333,
        95.73666666666666,
        96.85166666666667,
        97.385,
        97.66,
        67.81666666666666,
        91.65333333333334,
        94.49666666666666,
        94.91666666666667,
        95.415,
        69.33833333333334,
        90.89166666666667,
        91.89166666666667,
        93.24166666666667,
        93.73833333333333,
        61.36000000000001,
        89.06833333333334,
        91.44,
        92.77666666666666,
        93.93833333333333
    ],
    "test_loss": [
        0.21721946104150266,
        0.08950839575426653,
        0.060872577063040806,
        0.044803076192154546,
        0.03406607464927947,
        0.2679423878714442,
        0.09392677214741707,
        0.06408540153573267,
        0.04679936253419146,
        0.03380668812559452,
        0.2539983744211495,
        0.08580192467290908,
        0.05652539694029838,
        0.041079733443039,
        0.029668774888908955,
        0.2514482395146042,
        0.07893525400571524,
        0.050558553620940076,
        0.03533965491392883,
        0.02671186804273748,
        0.2513483014563099,
        0.07485320596187375,
        0.045349657978280444,
        0.031564312957285436,
        0.023946478236961413,
        0.25801701258681714,
        0.06731126948655583,
        0.04087309006345458,
        0.027898432834190315,
        0.019948968124605018,
        0.2664596269195899,
        0.06099126950954087,
        0.03578712412144523,
        0.023179202137223912,
        0.017216571951459626,
        0.28116144935972986,
        0.057829496287507935,
        0.033100804532296024,
        0.02228203967399895,
        0.015825982997601386,
        0.307849872934632,
        0.060352183904265985,
        0.03430023403931409,
        0.02271944811521098,
        0.015702155513790787,
        0.3453618957735598,
        0.06460365974204615,
        0.038130485296715054,
        0.02524642168043647,
        0.017992333776172018,
        0.4167322711776942,
        0.07687823099922389,
        0.047188916958635675,
        0.033155623499536886,
        0.023977357065654358,
        0.5164872890170663,
        0.08961880597565323,
        0.05421311363833956,
        0.038257977882982235,
        0.028802598108886742,
        0.6368153735175729,
        0.10055959382839501,
        0.061234264542814346,
        0.04442264068406075,
        0.03436123736319132,
        0.7490828024894,
        0.11636706369463354,
        0.07286775060556828,
        0.05316227850597352,
        0.042062915029702705,
        0.9303850556537508,
        0.13661992274411022,
        0.08895537848956883,
        0.06715791463851929,
        0.05527565925987438,
        1.188816391058266,
        0.17250376140326262,
        0.11392604683246464,
        0.08854574699467048,
        0.07427990399813279,
        1.5860669444203377,
        0.2030514999628067,
        0.13150111438706516,
        0.10420517294947058,
        0.08850290032848716,
        1.8663075501322746,
        0.6963631072342396,
        0.42221410922706126,
        0.31590171875059603,
        0.2537289024144411,
        1.8814518455266953,
        0.9715956166386605,
        0.518771964982152,
        0.37178006492555143,
        0.29862459053099155,
        2.0017896704673768,
        1.103712423324585,
        0.5958100952804088,
        0.40963114796578887,
        0.3134785796031356
    ],
    "train_acc": [
        95.91,
        97.22,
        97.55,
        97.71,
        97.74000000000001,
        96.73,
        96.89999999999999,
        97.48,
        97.63,
        97.7,
        96.78999999999999,
        97.52,
        97.92,
        97.76,
        97.89999999999999,
        96.8,
        97.6,
        97.82,
        97.92,
        98.07000000000001,
        96.92,
        97.7,
        97.77,
        97.85000000000001,
        97.99,
        97.04,
        97.81,
        98.17,
        98.11999999999999,
        98.06,
        97.39,
        97.89999999999999,
        97.97,
        98.17,
        98.18,
        97.28,
        97.92999999999999,
        97.94,
        98.08,
        98.11999999999999,
        97.34,
        97.92,
        98.2,
        98.0,
        98.2,
        97.13000000000001,
        97.69,
        98.03,
        98.04,
        98.17,
        97.11,
        97.68,
        97.84,
        97.92999999999999,
        97.87,
        96.33,
        97.31,
        97.86,
        97.86,
        97.78999999999999,
        95.88,
        97.28999999999999,
        97.53,
        97.69,
        97.72999999999999,
        95.34,
        96.97,
        97.26,
        97.58,
        97.65,
        95.04,
        96.57,
        97.19,
        97.39999999999999,
        97.5,
        93.63,
        95.75,
        96.54,
        96.89999999999999,
        97.11999999999999,
        92.49000000000001,
        95.48,
        96.28999999999999,
        96.7,
        96.96000000000001,
        68.19,
        91.41,
        93.91000000000001,
        94.23,
        94.78,
        69.99,
        90.61,
        91.32000000000001,
        92.61,
        93.04,
        61.980000000000004,
        88.7,
        91.06,
        92.39,
        93.05
    ],
    "train_loss": [
        0.13101858437105923,
        0.08617982541874586,
        0.07662561383170861,
        0.07046414066515974,
        0.08335100021805826,
        0.11015974170344318,
        0.09971869928751163,
        0.07797702766876824,
        0.07784064864868041,
        0.0818490756896581,
        0.10531766356309195,
        0.08106973632322458,
        0.06778011901142399,
        0.0710395276323407,
        0.07449134412879671,
        0.10202607295537244,
        0.0753140855206924,
        0.07115242576148517,
        0.06728576053934963,
        0.07283748441667179,
        0.10111259253037547,
        0.0742991080585711,
        0.0738156175402601,
        0.06617121028987144,
        0.0716052129125769,
        0.09485932212590636,
        0.06783289236189452,
        0.05834325464319683,
        0.06424892026774898,
        0.06678012773725009,
        0.0907309364728228,
        0.06628273134287112,
        0.06266841250276584,
        0.06087474861673029,
        0.061080297632254435,
        0.08960707299968974,
        0.0636283022401754,
        0.06460584816801736,
        0.058743512089235964,
        0.06371434243614814,
        0.09082463865508576,
        0.06297008808378778,
        0.056857658044747385,
        0.06395063235307347,
        0.059831984519253034,
        0.09881265050993708,
        0.07403114715223005,
        0.06008239499639028,
        0.06300202213662738,
        0.057508416375051906,
        0.10892311749076415,
        0.07699882715918169,
        0.068778263280882,
        0.06350539183149304,
        0.06835971537626817,
        0.13094817707593925,
        0.08773649430382037,
        0.07036693534997855,
        0.066413000598271,
        0.07068815946921951,
        0.14623751721071626,
        0.09323605349075473,
        0.07962775567663599,
        0.07300625453440997,
        0.07263646919550765,
        0.1608364225147727,
        0.10507866725727112,
        0.08688578604648035,
        0.08037500912435129,
        0.07802174839575937,
        0.1818302340894759,
        0.12036445774807188,
        0.0977605096270849,
        0.08719394566814699,
        0.0852469436177415,
        0.23124806745769735,
        0.1450686499164133,
        0.11641665442684988,
        0.10162535722473424,
        0.09518398125628065,
        0.3084528964169011,
        0.1610660848324884,
        0.1284029785499066,
        0.11555893578661416,
        0.10872500325681385,
        0.964679303640377,
        0.5278151968639054,
        0.3726432597387337,
        0.3034627736507062,
        0.2540774107157827,
        1.2788957949883923,
        0.6870118290364385,
        0.42835220034250954,
        0.34324178224552176,
        0.2887641892372491,
        1.4882550410881727,
        0.7967481241968577,
        0.4792004250837657,
        0.3744817368106214,
        0.2895110904902755
    ],
    "sparsity": [
        0.0,
        0.0,
        0.0,
        0.0,
        0.0,
        0.2,
        0.2,
        0.2,
        0.2,
        0.2,
        0.3599977495217734,
        0.3599977495217734,
        0.3599977495217734,
        0.3599977495217734,
        0.3599977495217734,
        0.4879899478639211,
        0.4879899478639211,
        0.4879899478639211,
        0.4879899478639211,
        0.4879899478639211,
        0.5903829563782304,
        0.5903829563782304,
        0.5903829563782304,
        0.5903829563782304,
        0.5903829563782304,
        0.6722966130302689,
        0.6722966130302689,
        0.6722966130302689,
        0.6722966130302689,
        0.6722966130302689,
        0.7378267881924909,
        0.7378267881924909,
        0.7378267881924909,
        0.7378267881924909,
        0.7378267881924909,
        0.7902516784816773,
        0.7902516784816773,
        0.7902516784816773,
        0.7902516784816773,
        0.7902516784816773,
        0.8321893402347998,
        0.8321893402347998,
        0.8321893402347998,
        0.8321893402347998,
        0.8321893402347998,
        0.8657364689996624,
        0.8657364689996624,
        0.8657364689996624,
        0.8657364689996624,
        0.8657364689996624,
        0.8925809234462323,
        0.8925809234462323,
        0.8925809234462323,
        0.8925809234462323,
        0.8925809234462323,
        0.9140504857282172,
        0.9140504857282172,
        0.9140504857282172,
        0.9140504857282172,
        0.9140504857282172,
        0.9312291361914407,
        0.9312291361914407,
        0.9312291361914407,
        0.9312291361914407,
        0.9312291361914407,
        0.944968305764975,
        0.944968305764975,
        0.944968305764975,
        0.944968305764975,
        0.944968305764975,
        0.9559618919020292,
        0.9559618919020292,
        0.9559618919020292,
        0.9559618919020292,
        0.9559618919020292,
        0.9647612617681257,
        0.9647612617681257,
        0.9647612617681257,
        0.9647612617681257,
        0.9647612617681257,
        0.9717977570233675,
        0.9717977570233675,
        0.9717977570233675,
        0.9717977570233675,
        0.9717977570233675,
        0.9774314541840141,
        0.9774314541840141,
        0.9774314541840141,
        0.9774314541840141,
        0.9774314541840141,
        0.981928659840216,
        0.981928659840216,
        0.981928659840216,
        0.981928659840216,
        0.981928659840216,
        0.9855294250028132,
        0.9855294250028132,
        0.9855294250028132,
        0.9855294250028132,
        0.9855294250028132
    ]
}