{
    "args": {
        "load_last_pretrained": false,
        "model": "lenet",
        "dataset": "mnist",
        "epochs": 100,
        "batch_size": 60,
        "initialization": "xavier-normal",
        "learning_rate": 0.0012,
        "forget_model": false,
        "disable_cuda": false,
        "pruning_rate": 0.2,
        "pruning_interval": 5,
        "seed": 44
    },
    "test_acc": [
        97.015,
        98.21833333333333,
        98.515,
        98.98666666666666,
        99.22,
        96.86,
        98.195,
        98.845,
        99.06166666666667,
        99.30333333333333,
        96.97,
        98.32,
        98.82166666666666,
        99.13166666666666,
        99.32833333333333,
        97.41499999999999,
        98.58666666666667,
        98.98,
        99.26333333333334,
        99.44833333333334,
        97.60333333333332,
        98.73166666666665,
        99.12333333333333,
        99.45666666666668,
        99.485,
        97.78833333333333,
        98.59833333333333,
        99.33999999999999,
        99.55333333333334,
        99.62333333333333,
        97.94333333333334,
        98.91166666666666,
        99.28666666666666,
        99.58333333333333,
        99.75500000000001,
        97.91499999999999,
        98.99666666666667,
        99.335,
        99.64,
        99.59166666666667,
        97.71833333333333,
        98.97166666666666,
        99.13499999999999,
        99.62333333333333,
        99.50833333333333,
        97.61999999999999,
        98.75500000000001,
        99.3,
        99.57833333333333,
        99.74333333333333,
        97.27666666666667,
        98.665,
        99.13,
        99.445,
        99.52666666666666,
        96.685,
        98.28666666666666,
        98.93833333333333,
        99.27833333333334,
        99.43666666666667,
        96.235,
        97.98666666666666,
        98.68,
        98.88,
        99.32166666666666,
        95.16833333333334,
        97.225,
        98.05833333333334,
        98.485,
        98.775,
        94.59333333333333,
        96.89333333333333,
        97.78666666666666,
        98.37333333333333,
        98.64,
        92.935,
        96.15666666666667,
        97.19,
        97.67833333333333,
        97.885,
        92.06166666666667,
        95.74000000000001,
        96.855,
        97.35166666666667,
        97.61833333333333,
        90.39166666666667,
        95.06166666666667,
        96.25333333333333,
        96.895,
        97.21499999999999,
        76.32,
        93.52666666666667,
        95.21833333333333,
        95.855,
        96.29666666666667,
        67.82333333333334,
        85.93499999999999,
        89.03999999999999,
        91.48166666666665,
        92.855
    ],
    "test_loss": [
        0.21587534497119487,
        0.08733177945856005,
        0.058760752336122095,
        0.04418362107191933,
        0.03412463675820618,
        0.26480116915702817,
        0.09562605053954758,
        0.06203854377393145,
        0.044660224404418844,
        0.03374269144845311,
        0.2536257183663547,
        0.08573048017080873,
        0.0556268873908557,
        0.03978167773311725,
        0.03098261476671905,
        0.24683326705917716,
        0.0776214829920791,
        0.04995838330569677,
        0.03659210648981388,
        0.026458114270644727,
        0.24929817369394006,
        0.07314812108594924,
        0.043874212506227195,
        0.030956771166296675,
        0.02190215440467,
        0.25374340563733133,
        0.0642606459199451,
        0.03913585724192672,
        0.026338056568230968,
        0.01947445295934449,
        0.263409314497374,
        0.059371670288033786,
        0.035378007129649634,
        0.023058553016278894,
        0.016557899309453204,
        0.27894733344297856,
        0.058592329145642,
        0.03326967410789803,
        0.02243694716086611,
        0.015908448621950812,
        0.31598724372498693,
        0.06283098738500849,
        0.03552420238219202,
        0.023286086675710978,
        0.016315143150044606,
        0.3507200348284096,
        0.06569093535421416,
        0.03801108438940719,
        0.02532058171677636,
        0.018146030469739345,
        0.4031215542703867,
        0.07328587633091957,
        0.04333150363666937,
        0.029684995890129358,
        0.021868548773811197,
        0.4935141639001667,
        0.08870877846097573,
        0.05351093975384719,
        0.03758109262841754,
        0.02869927621691022,
        0.6078224023617804,
        0.10340342098101973,
        0.06300797759694979,
        0.04560766674065962,
        0.035669238730799406,
        0.7756267974376678,
        0.12933061673864724,
        0.08344881120789796,
        0.06273384829889983,
        0.050350184713024645,
        0.9638693901188672,
        0.14414528368413448,
        0.09256418440956622,
        0.06943549503339455,
        0.05673156810272485,
        1.2139829616993665,
        0.23200988933816552,
        0.12338787011243403,
        0.09366076150070876,
        0.07972930736560374,
        1.3435846140086651,
        0.228031332295388,
        0.13335475760698318,
        0.10454438215773552,
        0.08917368096671999,
        1.5741387639343738,
        0.27409007082134484,
        0.15297596086002888,
        0.11919353253394366,
        0.10280623670574278,
        1.8194548175930978,
        0.5141020968407393,
        0.22475121853873134,
        0.16485538052022458,
        0.14126363382674753,
        1.9994245063066483,
        0.7714165290892124,
        0.4203555892407894,
        0.3232223967909813,
        0.27329446958005427
    ],
    "train_acc": [
        96.50999999999999,
        97.48,
        97.22,
        97.6,
        97.84,
        96.33,
        97.31,
        97.64,
        97.8,
        97.83,
        96.50999999999999,
        97.45,
        97.44,
        97.69,
        97.99,
        96.81,
        97.61999999999999,
        97.72,
        97.97,
        97.81,
        96.89,
        97.87,
        98.11,
        98.11999999999999,
        98.11999999999999,
        97.14,
        97.6,
        97.81,
        98.16,
        97.99,
        97.39999999999999,
        97.74000000000001,
        98.08,
        98.09,
        98.22999999999999,
        97.2,
        97.8,
        97.98,
        97.97,
        97.87,
        96.87,
        97.82,
        97.87,
        98.16,
        98.04,
        97.08,
        97.82,
        98.05,
        97.96000000000001,
        98.07000000000001,
        96.81,
        97.77,
        97.82,
        98.05,
        97.89999999999999,
        96.46000000000001,
        97.44,
        97.76,
        97.83,
        97.92999999999999,
        95.75,
        97.2,
        97.65,
        97.81,
        97.87,
        94.89999999999999,
        96.6,
        97.13000000000001,
        97.33000000000001,
        97.44,
        94.16,
        96.25,
        96.99,
        97.39999999999999,
        97.50999999999999,
        93.03,
        95.56,
        96.2,
        96.56,
        96.91,
        92.24,
        95.27,
        96.15,
        96.47,
        96.57,
        90.57,
        94.77,
        95.66,
        96.03,
        96.3,
        76.9,
        93.65,
        94.93,
        95.47,
        95.78,
        68.08,
        86.61,
        89.53,
        91.72,
        92.88
    ],
    "train_loss": [
        0.11348346229308023,
        0.08313300499196226,
        0.08859416678503244,
        0.07660952559811715,
        0.07624048674981038,
        0.11666595205820784,
        0.08360472162293192,
        0.07409578563455871,
        0.06894232618655942,
        0.06847400968116402,
        0.11671395854143325,
        0.08175393823578865,
        0.07568297000646503,
        0.07451648380493042,
        0.07029098726273654,
        0.1042874481105162,
        0.07690058573578556,
        0.06871687969915055,
        0.07019602011019241,
        0.0742819786453787,
        0.10135373972847077,
        0.06758836690269544,
        0.06377777737331114,
        0.06525739972217533,
        0.06456416690949361,
        0.09540746355440445,
        0.07571970402893281,
        0.0699146968301408,
        0.062458801486886324,
        0.06662693151278411,
        0.08921240710703555,
        0.07095411965277737,
        0.066142857584316,
        0.06454149642220314,
        0.0640647741213084,
        0.09190149112286682,
        0.07103984754443347,
        0.0668144604974722,
        0.065869461447363,
        0.07345288086938392,
        0.10306151732133177,
        0.0673003123019136,
        0.07231899501036429,
        0.06101508584350325,
        0.07317400287939961,
        0.10121795357188243,
        0.07214269669960716,
        0.06315543398213667,
        0.06465770522115785,
        0.06482730771402388,
        0.11542685528447529,
        0.07670716453667083,
        0.07289739673633776,
        0.06630841294069312,
        0.07298093506422251,
        0.12789391090502283,
        0.08681009289903377,
        0.07332587186498066,
        0.06975459363966802,
        0.07071897815940846,
        0.1453461230336549,
        0.09326103417213984,
        0.07871448751929366,
        0.07564986495769577,
        0.07085307932899383,
        0.17979507001038797,
        0.11968309960947066,
        0.09688157357643554,
        0.08806059517323257,
        0.08522038015642923,
        0.20170022690010642,
        0.12857892695524378,
        0.10545562250082365,
        0.09074970255020315,
        0.08805011695077988,
        0.34558252258572036,
        0.1685021943719444,
        0.12591665654169942,
        0.11169548981270926,
        0.10598123817520584,
        0.358355559631736,
        0.17203603122762579,
        0.13162085943727078,
        0.11807998955740544,
        0.11347030152282316,
        0.45042926269377065,
        0.19428353667437673,
        0.14643247009528254,
        0.13283653726834738,
        0.1239881122339807,
        0.9063669603741812,
        0.28356091990442334,
        0.19237142935127555,
        0.1641156826012149,
        0.14945414570901921,
        1.2911380657892741,
        0.49885191924557715,
        0.3612210545354261,
        0.30016761942359504,
        0.26607043229177324
    ],
    "sparsity": [
        0.0,
        0.0,
        0.0,
        0.0,
        0.0,
        0.2,
        0.2,
        0.2,
        0.2,
        0.2,
        0.3599977495217734,
        0.3599977495217734,
        0.3599977495217734,
        0.3599977495217734,
        0.3599977495217734,
        0.4879899478639211,
        0.4879899478639211,
        0.4879899478639211,
        0.4879899478639211,
        0.4879899478639211,
        0.5903829563782304,
        0.5903829563782304,
        0.5903829563782304,
        0.5903829563782304,
        0.5903829563782304,
        0.6722966130302689,
        0.6722966130302689,
        0.6722966130302689,
        0.6722966130302689,
        0.6722966130302689,
        0.7378267881924909,
        0.7378267881924909,
        0.7378267881924909,
        0.7378267881924909,
        0.7378267881924909,
        0.7902516784816773,
        0.7902516784816773,
        0.7902516784816773,
        0.7902516784816773,
        0.7902516784816773,
        0.8321893402347998,
        0.8321893402347998,
        0.8321893402347998,
        0.8321893402347998,
        0.8321893402347998,
        0.8657364689996624,
        0.8657364689996624,
        0.8657364689996624,
        0.8657364689996624,
        0.8657364689996624,
        0.8925809234462323,
        0.8925809234462323,
        0.8925809234462323,
        0.8925809234462323,
        0.8925809234462323,
        0.9140504857282172,
        0.9140504857282172,
        0.9140504857282172,
        0.9140504857282172,
        0.9140504857282172,
        0.9312291361914407,
        0.9312291361914407,
        0.9312291361914407,
        0.9312291361914407,
        0.9312291361914407,
        0.944968305764975,
        0.944968305764975,
        0.944968305764975,
        0.944968305764975,
        0.944968305764975,
        0.9559618919020292,
        0.9559618919020292,
        0.9559618919020292,
        0.9559618919020292,
        0.9559618919020292,
        0.9647612617681257,
        0.9647612617681257,
        0.9647612617681257,
        0.9647612617681257,
        0.9647612617681257,
        0.9717977570233675,
        0.9717977570233675,
        0.9717977570233675,
        0.9717977570233675,
        0.9717977570233675,
        0.9774314541840141,
        0.9774314541840141,
        0.9774314541840141,
        0.9774314541840141,
        0.9774314541840141,
        0.981928659840216,
        0.981928659840216,
        0.981928659840216,
        0.981928659840216,
        0.981928659840216,
        0.9855294250028132,
        0.9855294250028132,
        0.9855294250028132,
        0.9855294250028132,
        0.9855294250028132
    ]
}