{
    "args": {
        "load_last_pretrained": false,
        "model": "lenet",
        "dataset": "mnist",
        "epochs": 100,
        "batch_size": 60,
        "initialization": "xavier-normal",
        "learning_rate": 0.0012,
        "forget_model": false,
        "disable_cuda": false,
        "pruning_rate": 0.2,
        "pruning_interval": 5,
        "seed": 43
    },
    "test_acc": [
        97.43,
        98.47,
        98.94166666666668,
        99.27833333333334,
        99.205,
        96.99333333333333,
        98.06,
        98.70333333333333,
        99.05333333333334,
        99.33833333333332,
        97.36166666666666,
        98.29666666666667,
        98.815,
        99.15,
        98.97666666666667,
        97.49333333333333,
        98.545,
        98.92166666666667,
        99.3,
        99.61833333333333,
        97.63333333333334,
        98.70333333333333,
        99.06833333333334,
        99.335,
        99.66000000000001,
        97.77333333333334,
        98.85166666666667,
        99.41833333333334,
        99.41333333333333,
        99.70666666666666,
        97.97666666666667,
        98.88666666666667,
        99.33999999999999,
        99.43166666666666,
        99.76,
        97.93333333333332,
        98.98666666666666,
        99.52499999999999,
        99.55166666666668,
        99.69666666666667,
        97.905,
        98.97333333333333,
        99.42666666666666,
        99.66333333333334,
        99.695,
        97.53333333333333,
        98.795,
        99.33999999999999,
        99.63833333333334,
        99.66166666666668,
        97.30666666666666,
        98.45333333333333,
        98.94,
        99.42666666666666,
        99.64166666666667,
        96.71166666666666,
        98.24166666666667,
        98.935,
        99.26666666666667,
        99.46666666666667,
        96.20333333333333,
        97.94,
        98.54666666666667,
        99.00333333333333,
        99.22999999999999,
        95.67666666666666,
        97.37333333333333,
        98.085,
        98.6,
        98.71,
        94.02666666666667,
        96.65666666666667,
        97.53333333333333,
        97.905,
        98.31333333333333,
        93.69666666666666,
        96.52666666666667,
        97.30499999999999,
        97.72999999999999,
        98.04,
        92.41,
        95.84833333333333,
        96.87333333333333,
        97.315,
        97.62166666666666,
        90.72,
        95.38,
        96.38,
        96.94666666666667,
        97.20333333333333,
        88.78666666666668,
        94.875,
        96.05333333333334,
        96.665,
        96.94666666666667,
        58.40833333333333,
        80.20166666666667,
        83.54833333333333,
        84.47166666666666,
        84.99666666666667
    ],
    "test_loss": [
        0.21898131611011923,
        0.09033810794912278,
        0.05856854646163993,
        0.04391269341576844,
        0.03279840166438953,
        0.2678372750077397,
        0.09465782568231225,
        0.06130096582090482,
        0.04553862834663596,
        0.03434239680253086,
        0.2497853218158707,
        0.08345103269815445,
        0.05492514959233813,
        0.03998752379947109,
        0.02960037481720792,
        0.24476746410503983,
        0.07799612840265036,
        0.04964678070205264,
        0.03405549057922326,
        0.027356984759942863,
        0.24471182006876915,
        0.07093003494990989,
        0.04501591988420114,
        0.03188415012619225,
        0.02289312108582817,
        0.25560094565711916,
        0.06588369160983712,
        0.039226846372592265,
        0.02645378015487222,
        0.019474313095124672,
        0.2620820460030809,
        0.05965038499282673,
        0.036128160968539304,
        0.023392385679879227,
        0.016908216286596143,
        0.2795169520964846,
        0.05699626006931067,
        0.033068287663161756,
        0.021676597365993075,
        0.01539188182966609,
        0.30649079726357015,
        0.06038306502159685,
        0.03486909210891463,
        0.02295339108374901,
        0.016127646713503054,
        0.35030008492898196,
        0.06557320725405588,
        0.03797968941682484,
        0.025594144577858968,
        0.01818045225040987,
        0.4062344898842275,
        0.07524656519852578,
        0.04514707760117017,
        0.030947718343930317,
        0.022921535501489416,
        0.5014118812363595,
        0.09030624762410298,
        0.055317621644819154,
        0.03886403481499292,
        0.029085686153150162,
        0.6078308985047043,
        0.10489554073102772,
        0.06632115829130635,
        0.049125240967143324,
        0.03840699834562838,
        0.770629527527839,
        0.12020399318914861,
        0.07925318793905899,
        0.06003125777607784,
        0.04904252657084726,
        1.0583819154947995,
        0.2157867811396718,
        0.1318467573709786,
        0.09781125471554697,
        0.07851683837734162,
        1.0933630199879407,
        0.22377411045879125,
        0.1398101847693324,
        0.10609216002747417,
        0.08717603364773095,
        1.2806435571610928,
        0.27100142309069636,
        0.16586080865189434,
        0.12514801605790854,
        0.10308614769205451,
        1.3645376858115197,
        0.3028904537856579,
        0.18206705128401518,
        0.13783858797326684,
        0.11434209472127259,
        1.585544069200754,
        0.3468270940259099,
        0.19895137079060077,
        0.15024080795422196,
        0.1259324762634933,
        1.9346170666217803,
        0.9312269773483276,
        0.6999323617517949,
        0.583151989966631,
        0.4964417028427124
    ],
    "train_acc": [
        96.81,
        97.59,
        97.74000000000001,
        97.96000000000001,
        97.71,
        96.6,
        97.11,
        97.64,
        97.7,
        97.82,
        96.89,
        97.42,
        97.69,
        97.99,
        97.45,
        97.05,
        97.69,
        97.89999999999999,
        97.97,
        98.03,
        97.16,
        97.85000000000001,
        97.72,
        97.94,
        98.18,
        97.27,
        97.89999999999999,
        98.08,
        98.02,
        98.2,
        97.47,
        97.89999999999999,
        98.1,
        97.98,
        98.31,
        97.35000000000001,
        98.02,
        98.19,
        98.19,
        98.14,
        97.23,
        98.07000000000001,
        98.08,
        98.14,
        98.11999999999999,
        97.15,
        97.89,
        98.02,
        97.99,
        98.15,
        96.78,
        97.59,
        97.84,
        98.08,
        98.17,
        96.26,
        97.48,
        97.81,
        97.92,
        97.97,
        95.75,
        97.22,
        97.58,
        97.92,
        97.82,
        95.34,
        96.84,
        97.34,
        97.6,
        97.61,
        93.94,
        96.07,
        96.71,
        96.94,
        97.14,
        93.96,
        96.17999999999999,
        96.74000000000001,
        96.97,
        97.02,
        92.54,
        95.34,
        96.13000000000001,
        96.5,
        96.65,
        90.96,
        94.93,
        95.67999999999999,
        96.19,
        96.39999999999999,
        89.0,
        94.64,
        95.67999999999999,
        96.07,
        96.28,
        58.93000000000001,
        80.25999999999999,
        83.07,
        83.97,
        84.54
    ],
    "train_loss": [
        0.0979385267452387,
        0.07542187405727849,
        0.074352697062189,
        0.06625294414680719,
        0.08079530393724291,
        0.10977715549399396,
        0.0911076340021309,
        0.0757820675049178,
        0.07124350302780193,
        0.07050771228299883,
        0.10199895597615107,
        0.07806029620797869,
        0.07313761700357417,
        0.06412176122403743,
        0.07892827790134313,
        0.09590022312198392,
        0.07399195076306601,
        0.06822677322351067,
        0.06582537601690762,
        0.0639498771919763,
        0.09510030042000873,
        0.07231626415089844,
        0.07116179169200272,
        0.06456870029012611,
        0.06064318922246544,
        0.0907589093876813,
        0.06714206656251481,
        0.06264076046896597,
        0.06656483654629908,
        0.06310818489194112,
        0.08681211197849162,
        0.06627293824480322,
        0.06022622126076527,
        0.0638181008206831,
        0.05833883219277263,
        0.08523528526598464,
        0.06436013223458371,
        0.05827929666070658,
        0.06332333090130943,
        0.06575333810875661,
        0.09139225580645892,
        0.06668656195435829,
        0.06265595558093871,
        0.06092429706202206,
        0.06648219525301689,
        0.0981037516793805,
        0.06974882314896244,
        0.06380994470014856,
        0.06390255197957939,
        0.06662674350482774,
        0.11389502804882512,
        0.08028038133571516,
        0.07122382598310084,
        0.0679766401595542,
        0.06557450657863795,
        0.1304193325006141,
        0.08690617843614724,
        0.07139971506681494,
        0.07039385657300225,
        0.06850014008096458,
        0.1485184856472972,
        0.09389375653787109,
        0.08031692949798472,
        0.07226450329724543,
        0.07211454514718006,
        0.16613582011959152,
        0.10704138409346342,
        0.0902888024432172,
        0.08048433144325892,
        0.07944037432330632,
        0.3094402263442913,
        0.17423370919987827,
        0.13396720068451173,
        0.11537637073033584,
        0.10595191410647894,
        0.3177535390247128,
        0.17850279582742445,
        0.1369404666750374,
        0.11915401438485362,
        0.10995569903247371,
        0.3898873905578773,
        0.21391812859181158,
        0.1636098465564365,
        0.1377028688609957,
        0.12575257606358228,
        0.4462494873358104,
        0.2322189494699775,
        0.17717277403630896,
        0.15078725027823878,
        0.13718802255472382,
        0.5399875912123812,
        0.25142051136779214,
        0.1857356331394818,
        0.1582400013586718,
        0.14440046934533618,
        1.1998297989725353,
        0.7836926454555488,
        0.6514667329673995,
        0.5577799767077326,
        0.4871590467627177
    ],
    "sparsity": [
        0.0,
        0.0,
        0.0,
        0.0,
        0.0,
        0.2,
        0.2,
        0.2,
        0.2,
        0.2,
        0.3599977495217734,
        0.3599977495217734,
        0.3599977495217734,
        0.3599977495217734,
        0.3599977495217734,
        0.4879899478639211,
        0.4879899478639211,
        0.4879899478639211,
        0.4879899478639211,
        0.4879899478639211,
        0.5903829563782304,
        0.5903829563782304,
        0.5903829563782304,
        0.5903829563782304,
        0.5903829563782304,
        0.6722966130302689,
        0.6722966130302689,
        0.6722966130302689,
        0.6722966130302689,
        0.6722966130302689,
        0.7378267881924909,
        0.7378267881924909,
        0.7378267881924909,
        0.7378267881924909,
        0.7378267881924909,
        0.7902516784816773,
        0.7902516784816773,
        0.7902516784816773,
        0.7902516784816773,
        0.7902516784816773,
        0.8321893402347998,
        0.8321893402347998,
        0.8321893402347998,
        0.8321893402347998,
        0.8321893402347998,
        0.8657364689996624,
        0.8657364689996624,
        0.8657364689996624,
        0.8657364689996624,
        0.8657364689996624,
        0.8925809234462323,
        0.8925809234462323,
        0.8925809234462323,
        0.8925809234462323,
        0.8925809234462323,
        0.9140504857282172,
        0.9140504857282172,
        0.9140504857282172,
        0.9140504857282172,
        0.9140504857282172,
        0.9312291361914407,
        0.9312291361914407,
        0.9312291361914407,
        0.9312291361914407,
        0.9312291361914407,
        0.944968305764975,
        0.944968305764975,
        0.944968305764975,
        0.944968305764975,
        0.944968305764975,
        0.9559618919020292,
        0.9559618919020292,
        0.9559618919020292,
        0.9559618919020292,
        0.9559618919020292,
        0.9647612617681257,
        0.9647612617681257,
        0.9647612617681257,
        0.9647612617681257,
        0.9647612617681257,
        0.9717977570233675,
        0.9717977570233675,
        0.9717977570233675,
        0.9717977570233675,
        0.9717977570233675,
        0.9774314541840141,
        0.9774314541840141,
        0.9774314541840141,
        0.9774314541840141,
        0.9774314541840141,
        0.981928659840216,
        0.981928659840216,
        0.981928659840216,
        0.981928659840216,
        0.981928659840216,
        0.9855294250028132,
        0.9855294250028132,
        0.9855294250028132,
        0.9855294250028132,
        0.9855294250028132
    ]
}