{
    "args": {
        "load_last_pretrained": false,
        "model": "lenet",
        "dataset": "mnist",
        "epochs": 100,
        "batch_size": 60,
        "initialization": "kaiming-uniform",
        "learning_rate": 0.0012,
        "forget_model": false,
        "disable_cuda": false,
        "pruning_rate": 0.2,
        "pruning_interval": 5,
        "seed": 43
    },
    "test_acc": [
        97.18666666666667,
        98.495,
        98.76,
        99.01833333333333,
        99.21166666666666,
        97.13166666666667,
        98.07833333333333,
        98.85333333333334,
        99.00333333333333,
        99.19166666666666,
        97.25666666666667,
        98.42333333333333,
        98.98,
        99.1,
        99.39,
        97.61333333333333,
        98.61,
        99.08500000000001,
        99.28333333333333,
        99.56833333333334,
        97.53333333333333,
        98.66666666666667,
        99.03999999999999,
        99.34333333333333,
        99.53166666666667,
        97.69833333333334,
        98.83,
        99.38166666666667,
        99.54833333333333,
        99.62166666666667,
        98.07666666666667,
        99.00833333333333,
        99.42666666666666,
        99.58166666666666,
        99.82166666666666,
        97.81333333333333,
        99.05166666666668,
        99.555,
        99.705,
        99.64666666666666,
        97.88166666666666,
        99.03166666666667,
        99.46166666666667,
        99.69666666666667,
        99.71166666666666,
        97.52666666666666,
        98.825,
        99.31833333333333,
        99.58833333333334,
        99.665,
        97.07000000000001,
        98.46333333333334,
        98.95666666666668,
        99.24833333333333,
        99.44333333333333,
        96.45166666666667,
        97.985,
        98.86333333333333,
        99.235,
        99.36666666666667,
        95.84333333333333,
        97.85166666666667,
        98.51833333333333,
        98.99166666666666,
        99.26,
        95.475,
        97.33833333333334,
        98.08333333333333,
        98.55000000000001,
        98.66666666666667,
        94.68666666666667,
        97.05166666666668,
        97.77166666666666,
        98.17666666666666,
        98.45333333333333,
        91.79166666666667,
        95.77666666666667,
        96.98,
        97.49833333333333,
        97.86666666666667,
        91.25,
        94.89999999999999,
        95.98833333333333,
        96.46833333333333,
        96.84,
        86.90333333333334,
        94.31166666666667,
        95.60666666666665,
        96.22333333333334,
        96.61333333333333,
        86.02333333333333,
        93.91333333333334,
        95.14666666666668,
        95.81,
        96.175,
        76.28833333333334,
        92.52,
        94.68833333333333,
        95.30499999999999,
        95.54666666666667
    ],
    "test_loss": [
        0.21647311324626206,
        0.09002763996319846,
        0.05880898947268724,
        0.044264666836999825,
        0.034163013683108145,
        0.2685607982221991,
        0.09394833329413087,
        0.06130872609978542,
        0.045471373697277155,
        0.03364099840723793,
        0.2560033045038581,
        0.08554106349917129,
        0.05465047339024022,
        0.03994879695761483,
        0.02943033762765117,
        0.2449445996163413,
        0.0753401430582162,
        0.04700797396805138,
        0.03360928392177448,
        0.02526516439532861,
        0.24147777281794697,
        0.0687424747806508,
        0.04245981520682108,
        0.02939683408167912,
        0.021230504213337553,
        0.25083462287858127,
        0.06392856939090416,
        0.03738515611400362,
        0.025925793960515874,
        0.0188531134785444,
        0.261395527032204,
        0.05729088739561848,
        0.03439513446792262,
        0.02293251442821929,
        0.016045962680189405,
        0.27957304153684526,
        0.056162262418307365,
        0.03188433967379387,
        0.021019224347372075,
        0.014395756045094459,
        0.31221771925501524,
        0.061088353778701275,
        0.034827023203950376,
        0.023019495142274537,
        0.016057113676477455,
        0.353128907347098,
        0.06754008285421878,
        0.03932005031872541,
        0.02629544694320066,
        0.018757091749401298,
        0.42549472076818345,
        0.07970015852944926,
        0.04712826383765787,
        0.03253273623343557,
        0.024623927538108548,
        0.5129997236467898,
        0.0983896516780369,
        0.058947647719061934,
        0.041658497923519465,
        0.03163032358250348,
        0.6369784689210355,
        0.11075414843391627,
        0.06781949027255177,
        0.04881201699166559,
        0.03773551151563879,
        0.7647953853271902,
        0.12546047223359347,
        0.0807677034381777,
        0.0607991800843738,
        0.04950235214177519,
        0.9345333391651511,
        0.14445760751701892,
        0.09458904911298305,
        0.07307926622964442,
        0.06104463240411133,
        1.255890667885542,
        0.25473931082338097,
        0.15002052961289883,
        0.10724362571164965,
        0.08682500108703971,
        1.3756176247298717,
        0.32135406877845524,
        0.19708924397826194,
        0.15210310960561038,
        0.12862253449112176,
        1.5879182022213936,
        0.4615637263506651,
        0.2343499286621809,
        0.17076573579385876,
        0.1415369537156075,
        1.7097540528178214,
        0.4737876728773117,
        0.24844877111911773,
        0.18786118689924478,
        0.1592789972946048,
        2.051332523703575,
        0.6468894131481647,
        0.2859726235419512,
        0.20529748076945542,
        0.17479829699173569
    ],
    "train_acc": [
        96.7,
        97.45,
        97.65,
        97.98,
        97.74000000000001,
        96.72,
        97.08,
        97.49,
        97.81,
        97.81,
        96.72,
        97.65,
        97.87,
        97.84,
        97.89,
        97.07000000000001,
        97.74000000000001,
        97.84,
        97.98,
        98.04,
        96.98,
        97.83,
        97.77,
        97.89,
        97.98,
        97.17,
        97.82,
        98.02,
        98.02,
        98.09,
        97.44,
        97.98,
        98.13,
        98.09,
        98.18,
        97.15,
        97.92999999999999,
        98.11,
        98.11,
        98.0,
        97.16,
        97.87,
        98.08,
        98.09,
        98.17,
        96.98,
        97.83,
        98.05,
        98.11999999999999,
        98.1,
        96.46000000000001,
        97.39999999999999,
        97.76,
        97.86,
        98.04,
        96.06,
        97.36,
        97.78999999999999,
        97.82,
        97.91,
        95.59,
        97.13000000000001,
        97.55,
        97.69,
        97.78,
        95.14,
        96.56,
        97.28999999999999,
        97.5,
        97.45,
        94.48,
        96.52,
        96.91,
        97.23,
        97.24000000000001,
        92.25999999999999,
        95.50999999999999,
        96.31,
        96.61999999999999,
        96.86,
        91.64999999999999,
        94.71000000000001,
        95.26,
        95.64,
        95.89999999999999,
        87.67,
        94.25,
        95.07,
        95.41,
        95.8,
        86.22999999999999,
        93.78999999999999,
        94.67,
        95.0,
        95.27,
        76.96,
        92.66,
        94.46,
        94.93,
        95.17
    ],
    "train_loss": [
        0.10522629073570053,
        0.07572066936430014,
        0.07712468736342148,
        0.06985792130145417,
        0.08056756740604655,
        0.10984507082643623,
        0.08943538430208217,
        0.07438047032546766,
        0.06620369096702065,
        0.0738047098064402,
        0.1075515712773104,
        0.07662699133447723,
        0.07126701393298537,
        0.07291696905744022,
        0.07041826926821475,
        0.09645790354108917,
        0.07581156059753841,
        0.06669268883976662,
        0.06414250729599978,
        0.06874150108486068,
        0.0971814683766779,
        0.07419173108012288,
        0.072435411942487,
        0.07092775742719953,
        0.06366722135732096,
        0.09491035788916721,
        0.06764597396093036,
        0.06539718666278428,
        0.06435313645553703,
        0.06884627688249495,
        0.08654567080655855,
        0.06254719613220341,
        0.061354300635309146,
        0.06367776512334257,
        0.06533911309140862,
        0.09186411499530969,
        0.06521664324222122,
        0.06121825048850548,
        0.06464951035837102,
        0.07407376548699884,
        0.09617513903377656,
        0.06850201549833852,
        0.06189992837189602,
        0.0618811660449015,
        0.0644728719810314,
        0.10235764598195067,
        0.0714072274479145,
        0.06274957487688673,
        0.06258988881366562,
        0.06373307991631379,
        0.12166676452818388,
        0.08307686477096494,
        0.07113435741898766,
        0.06886717947729736,
        0.06602148686237298,
        0.13944843123683673,
        0.09247698861837922,
        0.07451987572984692,
        0.07495873267790247,
        0.07011803066180908,
        0.15682270708019863,
        0.09865743512410426,
        0.08283605999285411,
        0.07508357927972774,
        0.07313204794135056,
        0.17210693619476108,
        0.11347441477868371,
        0.09580212680087564,
        0.08500544839499596,
        0.08431995034351678,
        0.19911887592630473,
        0.1263295828704973,
        0.10627233875569647,
        0.09708214423502098,
        0.09016756543019663,
        0.36712057014068444,
        0.197029437133652,
        0.14040675206098727,
        0.11961119855101594,
        0.10837436167935947,
        0.4638767692143332,
        0.24065990563102824,
        0.18512892923847643,
        0.1590223949469492,
        0.1445395376332506,
        0.7129453588388637,
        0.2928599185215499,
        0.2024088076756386,
        0.16949260705513156,
        0.15236086514360175,
        0.7765151180193096,
        0.30528371098512663,
        0.21928334521676252,
        0.1860367489565989,
        0.17044924763951472,
        1.2109013560289394,
        0.3779402380574963,
        0.23770614998961637,
        0.20060663063547568,
        0.18398320886813951
    ],
    "sparsity": [
        0.0,
        0.0,
        0.0,
        0.0,
        0.0,
        0.2,
        0.2,
        0.2,
        0.2,
        0.2,
        0.3599977495217734,
        0.3599977495217734,
        0.3599977495217734,
        0.3599977495217734,
        0.3599977495217734,
        0.4879899478639211,
        0.4879899478639211,
        0.4879899478639211,
        0.4879899478639211,
        0.4879899478639211,
        0.5903829563782304,
        0.5903829563782304,
        0.5903829563782304,
        0.5903829563782304,
        0.5903829563782304,
        0.6722966130302689,
        0.6722966130302689,
        0.6722966130302689,
        0.6722966130302689,
        0.6722966130302689,
        0.7378267881924909,
        0.7378267881924909,
        0.7378267881924909,
        0.7378267881924909,
        0.7378267881924909,
        0.7902516784816773,
        0.7902516784816773,
        0.7902516784816773,
        0.7902516784816773,
        0.7902516784816773,
        0.8321893402347998,
        0.8321893402347998,
        0.8321893402347998,
        0.8321893402347998,
        0.8321893402347998,
        0.8657364689996624,
        0.8657364689996624,
        0.8657364689996624,
        0.8657364689996624,
        0.8657364689996624,
        0.8925809234462323,
        0.8925809234462323,
        0.8925809234462323,
        0.8925809234462323,
        0.8925809234462323,
        0.9140504857282172,
        0.9140504857282172,
        0.9140504857282172,
        0.9140504857282172,
        0.9140504857282172,
        0.9312291361914407,
        0.9312291361914407,
        0.9312291361914407,
        0.9312291361914407,
        0.9312291361914407,
        0.944968305764975,
        0.944968305764975,
        0.944968305764975,
        0.944968305764975,
        0.944968305764975,
        0.9559618919020292,
        0.9559618919020292,
        0.9559618919020292,
        0.9559618919020292,
        0.9559618919020292,
        0.9647612617681257,
        0.9647612617681257,
        0.9647612617681257,
        0.9647612617681257,
        0.9647612617681257,
        0.9717977570233675,
        0.9717977570233675,
        0.9717977570233675,
        0.9717977570233675,
        0.9717977570233675,
        0.9774314541840141,
        0.9774314541840141,
        0.9774314541840141,
        0.9774314541840141,
        0.9774314541840141,
        0.981928659840216,
        0.981928659840216,
        0.981928659840216,
        0.981928659840216,
        0.981928659840216,
        0.9855294250028132,
        0.9855294250028132,
        0.9855294250028132,
        0.9855294250028132,
        0.9855294250028132
    ]
}