{
    "args": {
        "load_last_pretrained": false,
        "model": "lenet",
        "dataset": "mnist",
        "epochs": 100,
        "batch_size": 60,
        "initialization": "xavier-uniform-double",
        "learning_rate": 0.0012,
        "forget_model": false,
        "disable_cuda": false,
        "pruning_rate": 0.2,
        "pruning_interval": 5,
        "seed": 52
    },
    "test_acc": [
        96.75,
        98.33833333333334,
        98.67,
        98.93333333333332,
        98.89333333333333,
        96.96333333333334,
        97.875,
        98.63333333333333,
        98.97500000000001,
        99.21666666666667,
        97.15666666666667,
        98.18166666666667,
        98.505,
        99.185,
        99.36833333333334,
        97.44166666666668,
        98.46166666666667,
        98.99666666666667,
        99.17833333333334,
        98.89,
        97.37833333333333,
        98.66,
        99.02833333333334,
        99.41833333333334,
        99.535,
        97.51833333333333,
        98.77,
        99.25166666666667,
        99.45166666666667,
        99.57000000000001,
        97.85166666666667,
        98.965,
        99.14500000000001,
        99.62833333333333,
        99.73333333333333,
        97.89999999999999,
        98.875,
        99.435,
        99.38666666666667,
        99.66166666666668,
        97.54166666666667,
        98.96666666666667,
        99.36666666666667,
        99.64833333333334,
        99.605,
        97.43833333333333,
        98.8,
        99.23666666666666,
        99.56,
        99.66000000000001,
        97.01666666666667,
        98.50333333333333,
        99.13,
        99.29,
        99.49666666666667,
        96.60499999999999,
        98.26,
        98.75333333333333,
        99.16333333333334,
        99.38833333333334,
        95.88166666666666,
        97.745,
        98.57666666666667,
        98.92166666666667,
        99.20166666666667,
        95.10166666666666,
        97.25666666666667,
        98.09,
        98.53833333333334,
        98.84833333333334,
        94.365,
        96.88,
        97.715,
        98.19833333333334,
        98.44000000000001,
        93.36166666666666,
        96.15,
        97.21,
        97.67833333333333,
        97.99,
        91.52833333333334,
        95.49166666666666,
        96.59833333333333,
        97.185,
        97.43333333333334,
        89.34666666666666,
        94.85666666666667,
        96.16166666666666,
        96.7,
        97.09,
        84.82666666666667,
        94.29333333333332,
        95.67333333333333,
        96.33833333333334,
        96.72666666666667,
        55.36,
        85.07000000000001,
        90.96,
        92.62333333333333,
        93.4
    ],
    "test_loss": [
        0.23777710289135576,
        0.09164498679665849,
        0.06334862673166208,
        0.04704262070683762,
        0.03726260029160767,
        0.2772895760126412,
        0.09700998012302443,
        0.06352430649404414,
        0.04600839142431505,
        0.035606168981292284,
        0.25798133357428016,
        0.0851369160101749,
        0.05599710182729177,
        0.03954113951232284,
        0.029310988445417026,
        0.2539717550659552,
        0.07955466329748742,
        0.051887618500040845,
        0.03651324347179616,
        0.02731958297410165,
        0.24971225938387215,
        0.072865149412537,
        0.044236064609605816,
        0.032273066017311065,
        0.022525401308754227,
        0.2614917364306748,
        0.06663514276780189,
        0.03916318373638205,
        0.02776237962488085,
        0.019406237709379638,
        0.26932845508586617,
        0.062163847235264254,
        0.036867274135933256,
        0.024849812661879696,
        0.017881637509854043,
        0.2916740505117923,
        0.0619252624521032,
        0.0359307119626319,
        0.02482497520482866,
        0.017123043348430657,
        0.3176308769155294,
        0.062133325230097396,
        0.03551522556820419,
        0.024049501856963616,
        0.016863350322353653,
        0.362151337348856,
        0.06827956758718938,
        0.039804430129937826,
        0.027020657852583098,
        0.01997986472363118,
        0.42780246354453266,
        0.0770869624260813,
        0.046113439073786136,
        0.03228235001576832,
        0.02406154617422726,
        0.5144767813775688,
        0.09158080119360239,
        0.05585603857599199,
        0.039582671050913634,
        0.03066494205733761,
        0.6336675790958106,
        0.11011799549404531,
        0.06747699435520917,
        0.04888396154320799,
        0.03875244899769314,
        0.7928005249761045,
        0.1342551315529272,
        0.08496723469626158,
        0.06272267561405898,
        0.04995174916880205,
        0.9754243117123842,
        0.14982110375538468,
        0.09700228842673823,
        0.07423977153375745,
        0.06169973934395239,
        1.1841655685082078,
        0.17471079061552883,
        0.11621813311055303,
        0.09123093557264655,
        0.07753330167429522,
        1.440654291048646,
        0.21342091130465268,
        0.1374643456861377,
        0.10851591170858592,
        0.0924879569998011,
        1.6627383324205876,
        0.24576286758109928,
        0.15292950926348567,
        0.12300455515552312,
        0.10720436079520732,
        1.9112735739946365,
        0.3081591130271554,
        0.17177743638306855,
        0.13645697007514537,
        0.11916093412507325,
        2.0847124025821686,
        0.8915499635934829,
        0.5861837154924869,
        0.46360975435376167,
        0.3688025093525648
    ],
    "train_acc": [
        96.2,
        97.24000000000001,
        97.32,
        97.42,
        97.49,
        96.41999999999999,
        96.98,
        97.55,
        97.58,
        97.78999999999999,
        96.8,
        97.31,
        97.27,
        97.86,
        97.85000000000001,
        96.91,
        97.56,
        97.77,
        97.7,
        97.64,
        96.65,
        97.66,
        97.92,
        98.11,
        98.02,
        96.98,
        97.87,
        98.22999999999999,
        98.22999999999999,
        97.97,
        97.11,
        98.04,
        98.0,
        98.11,
        98.1,
        97.32,
        97.91,
        98.06,
        98.14,
        98.14,
        97.18,
        97.96000000000001,
        97.94,
        98.07000000000001,
        98.08,
        96.98,
        97.87,
        97.96000000000001,
        98.15,
        98.08,
        96.35000000000001,
        97.58,
        97.95,
        97.92,
        98.03,
        96.05,
        97.38,
        97.63,
        97.91,
        97.95,
        95.5,
        96.95,
        97.56,
        97.66,
        97.74000000000001,
        94.98,
        96.67999999999999,
        97.23,
        97.39999999999999,
        97.6,
        94.21000000000001,
        96.3,
        97.04,
        97.27,
        97.39,
        93.58999999999999,
        95.69,
        96.28,
        96.78,
        96.87,
        91.7,
        94.98,
        95.85000000000001,
        96.43,
        96.64,
        89.85,
        94.95,
        95.86,
        96.08,
        96.28,
        85.34,
        94.27,
        95.36,
        95.92,
        96.08,
        55.88999999999999,
        85.44,
        91.31,
        92.55,
        93.14
    ],
    "train_loss": [
        0.12644993073814464,
        0.08802803259755591,
        0.08929390652930576,
        0.09519684167361323,
        0.0852415328789614,
        0.11517770620185637,
        0.09680780104757426,
        0.07689019937826666,
        0.07854283240785499,
        0.07472639559094744,
        0.10663855330695114,
        0.08370059974558518,
        0.08443626150569716,
        0.07167868975488592,
        0.07285208384921875,
        0.10221072035412232,
        0.07636339649764408,
        0.06870305656196136,
        0.07173872028943151,
        0.0891328056037571,
        0.1007326993154373,
        0.07493526355536309,
        0.0676010379743411,
        0.06366190997309269,
        0.06586621298376627,
        0.09960301928668322,
        0.07036970940440848,
        0.05829957021403121,
        0.059864084054381324,
        0.06479198162996037,
        0.09302556051867093,
        0.06627305276401921,
        0.06766657542833267,
        0.05898802340728465,
        0.062323707566125326,
        0.09070400914879972,
        0.06839719086517385,
        0.05991511330884062,
        0.06148456892871415,
        0.06673367521192315,
        0.09716777293245771,
        0.06493999186100181,
        0.06470944581296809,
        0.061538625404330714,
        0.06869120747694456,
        0.10379319761818398,
        0.0710271103865283,
        0.06138428213900167,
        0.060065361604228346,
        0.0644529209350944,
        0.12187338719690988,
        0.07911816764689848,
        0.06553827870280264,
        0.06552122922789885,
        0.06282044305259775,
        0.13440211459682017,
        0.08793179138736454,
        0.07816217647040051,
        0.07156032395917186,
        0.06952763153003072,
        0.15603702561093305,
        0.10281124876667104,
        0.0832835991370553,
        0.07832916780977237,
        0.07572132453578942,
        0.1865978295173117,
        0.11862594640986648,
        0.0973886359193011,
        0.08689362992125446,
        0.08403785954212803,
        0.20458740388561866,
        0.13092119748631637,
        0.10920851538794304,
        0.09882543549990047,
        0.09645668619931369,
        0.23471873762186415,
        0.1502289719165799,
        0.12620753788216385,
        0.11344970053362989,
        0.10792983762228382,
        0.30899235369737993,
        0.17539746216135824,
        0.14035266872026964,
        0.12504961503903844,
        0.12002574536436332,
        0.3951629639385703,
        0.1873955556420152,
        0.15225080454242443,
        0.13766247006746646,
        0.12867702208013235,
        0.6756022900878312,
        0.21036826587187316,
        0.16512504206624573,
        0.14656427841700478,
        0.13607780135677247,
        1.4308423360664688,
        0.6578603242328781,
        0.5228414656873235,
        0.42798363983988047,
        0.34813708655848474
    ],
    "sparsity": [
        0.0,
        0.0,
        0.0,
        0.0,
        0.0,
        0.2,
        0.2,
        0.2,
        0.2,
        0.2,
        0.3599977495217734,
        0.3599977495217734,
        0.3599977495217734,
        0.3599977495217734,
        0.3599977495217734,
        0.4879899478639211,
        0.4879899478639211,
        0.4879899478639211,
        0.4879899478639211,
        0.4879899478639211,
        0.5903829563782304,
        0.5903829563782304,
        0.5903829563782304,
        0.5903829563782304,
        0.5903829563782304,
        0.6722966130302689,
        0.6722966130302689,
        0.6722966130302689,
        0.6722966130302689,
        0.6722966130302689,
        0.7378267881924909,
        0.7378267881924909,
        0.7378267881924909,
        0.7378267881924909,
        0.7378267881924909,
        0.7902516784816773,
        0.7902516784816773,
        0.7902516784816773,
        0.7902516784816773,
        0.7902516784816773,
        0.8321893402347998,
        0.8321893402347998,
        0.8321893402347998,
        0.8321893402347998,
        0.8321893402347998,
        0.8657364689996624,
        0.8657364689996624,
        0.8657364689996624,
        0.8657364689996624,
        0.8657364689996624,
        0.8925809234462323,
        0.8925809234462323,
        0.8925809234462323,
        0.8925809234462323,
        0.8925809234462323,
        0.9140504857282172,
        0.9140504857282172,
        0.9140504857282172,
        0.9140504857282172,
        0.9140504857282172,
        0.9312291361914407,
        0.9312291361914407,
        0.9312291361914407,
        0.9312291361914407,
        0.9312291361914407,
        0.944968305764975,
        0.944968305764975,
        0.944968305764975,
        0.944968305764975,
        0.944968305764975,
        0.9559618919020292,
        0.9559618919020292,
        0.9559618919020292,
        0.9559618919020292,
        0.9559618919020292,
        0.9647612617681257,
        0.9647612617681257,
        0.9647612617681257,
        0.9647612617681257,
        0.9647612617681257,
        0.9717977570233675,
        0.9717977570233675,
        0.9717977570233675,
        0.9717977570233675,
        0.9717977570233675,
        0.9774314541840141,
        0.9774314541840141,
        0.9774314541840141,
        0.9774314541840141,
        0.9774314541840141,
        0.981928659840216,
        0.981928659840216,
        0.981928659840216,
        0.981928659840216,
        0.981928659840216,
        0.9855294250028132,
        0.9855294250028132,
        0.9855294250028132,
        0.9855294250028132,
        0.9855294250028132
    ]
}