{
    "args": {
        "load_last_pretrained": false,
        "model": "lenet",
        "dataset": "mnist",
        "epochs": 100,
        "batch_size": 60,
        "initialization": "kaiming-uniform",
        "learning_rate": 0.0012,
        "forget_model": false,
        "disable_cuda": false,
        "pruning_rate": 0.2,
        "pruning_interval": 5,
        "seed": 47
    },
    "test_acc": [
        97.52166666666666,
        98.38666666666667,
        99.07166666666667,
        99.165,
        98.935,
        97.18,
        98.14333333333335,
        98.78166666666667,
        98.82166666666666,
        99.14,
        97.18,
        98.31166666666667,
        98.935,
        99.07833333333333,
        99.28166666666667,
        97.35166666666667,
        98.49166666666666,
        98.91,
        99.17333333333333,
        99.33999999999999,
        97.52,
        98.51166666666667,
        99.03166666666667,
        99.48,
        99.60333333333334,
        97.68,
        98.82666666666667,
        99.215,
        99.32333333333332,
        99.64666666666666,
        97.66666666666667,
        98.92833333333333,
        99.36,
        99.36166666666666,
        99.675,
        97.69666666666666,
        98.84666666666668,
        99.35166666666667,
        99.45,
        99.70666666666666,
        97.61833333333333,
        98.88333333333334,
        99.40833333333333,
        99.56166666666667,
        99.72999999999999,
        97.395,
        98.775,
        99.08,
        99.38,
        99.64666666666666,
        96.93833333333333,
        98.575,
        99.06833333333334,
        99.38,
        99.53,
        96.465,
        98.16666666666667,
        98.79833333333333,
        99.12166666666667,
        99.45666666666668,
        95.99,
        97.83166666666666,
        98.42666666666666,
        98.80499999999999,
        99.05000000000001,
        95.17666666666666,
        97.34666666666666,
        98.03833333333334,
        98.57833333333333,
        98.79833333333333,
        94.44166666666666,
        96.87166666666667,
        97.77666666666667,
        98.17333333333333,
        98.44000000000001,
        93.16,
        96.16,
        97.11666666666666,
        97.55,
        98.00333333333333,
        80.41166666666668,
        92.53,
        94.94500000000001,
        95.42,
        95.89166666666667,
        73.58666666666667,
        84.15333333333334,
        84.94666666666667,
        85.72,
        85.98666666666666,
        69.82666666666667,
        83.095,
        84.53500000000001,
        84.88166666666666,
        85.46000000000001,
        65.19833333333334,
        81.05499999999999,
        83.50333333333333,
        84.38333333333333,
        84.92666666666666
    ],
    "test_loss": [
        0.21271676173619927,
        0.08481589862145483,
        0.057988517144229264,
        0.04334194681415102,
        0.03349424017142155,
        0.2688595952130854,
        0.09339169752178714,
        0.0633402329380624,
        0.04623539392463863,
        0.034391429303912445,
        0.25648182215169074,
        0.08633553540194407,
        0.05751433438446838,
        0.04160948527196888,
        0.03123455106894835,
        0.25171731151919813,
        0.08010017719725147,
        0.05198696122923866,
        0.03719043720012996,
        0.026913069106842158,
        0.2498437483329326,
        0.07223130595870315,
        0.045938258129754106,
        0.031984640772570856,
        0.022711905129632216,
        0.2603766493033618,
        0.06734155202796682,
        0.041081839927006515,
        0.028210810709395445,
        0.020261323956161505,
        0.27066357017029075,
        0.06197272625612095,
        0.03633066918654367,
        0.02518309848435456,
        0.01827153354344773,
        0.2904834044277668,
        0.06432591838017106,
        0.0370249723047018,
        0.024778155867999887,
        0.018357939650828485,
        0.3260213200133294,
        0.0645714644859545,
        0.03800709807674866,
        0.02509277759195538,
        0.017691708922357066,
        0.3623748599030078,
        0.07210984272579662,
        0.04184477581176907,
        0.028917553109349684,
        0.020557219683541916,
        0.4231778670400381,
        0.08056783603178337,
        0.04813355416432023,
        0.03343917362077627,
        0.024188572381739503,
        0.5079516831468791,
        0.0969557385854423,
        0.05926522447168827,
        0.042040511632571,
        0.031873221645248126,
        0.6305781985260546,
        0.10735784564446658,
        0.06842269376176409,
        0.05084179509920068,
        0.04017257854552008,
        0.7835739359371364,
        0.128948306360282,
        0.08172337602358311,
        0.06217596409190446,
        0.050826436304603706,
        1.01356942614913,
        0.14493988642655314,
        0.09523752478789538,
        0.07433236325485632,
        0.062404847760684785,
        1.21994774774462,
        0.1807852504644543,
        0.11991758756712079,
        0.09429361531930044,
        0.07980205505527556,
        1.659317599594593,
        0.5887111857235432,
        0.3980776195824146,
        0.28839040091633794,
        0.22173497411608695,
        1.7255335254073143,
        0.8515043372511863,
        0.5960925659537315,
        0.4578247102051973,
        0.3779740168303251,
        1.8088503013253212,
        0.9206157029271126,
        0.6812954433262348,
        0.5113585015535355,
        0.40672526934742925,
        1.8976961324214936,
        1.013696744978428,
        0.7485250633955002,
        0.5564826538264751,
        0.4387894956022501
    ],
    "train_acc": [
        97.03,
        97.43,
        97.89,
        97.75,
        97.67,
        96.72,
        97.19,
        97.57000000000001,
        97.72999999999999,
        97.55,
        96.46000000000001,
        97.47,
        97.64,
        97.8,
        97.82,
        96.94,
        97.50999999999999,
        97.57000000000001,
        97.84,
        97.78999999999999,
        96.8,
        97.7,
        97.72,
        97.95,
        97.99,
        97.05,
        97.98,
        97.86,
        97.96000000000001,
        98.08,
        97.15,
        97.89,
        98.03,
        97.82,
        98.11999999999999,
        97.02,
        97.76,
        98.06,
        98.18,
        98.19,
        97.08,
        97.81,
        98.11999999999999,
        98.11999999999999,
        98.19,
        96.81,
        97.87,
        97.85000000000001,
        98.05,
        98.03,
        96.41999999999999,
        97.61999999999999,
        97.81,
        98.2,
        98.04,
        96.06,
        97.39,
        97.78,
        97.85000000000001,
        97.91,
        95.83,
        97.32,
        97.59,
        97.84,
        97.87,
        95.19,
        96.76,
        97.22,
        97.57000000000001,
        97.67,
        94.33,
        96.57,
        97.15,
        97.37,
        97.47,
        93.14,
        95.88,
        96.57,
        96.86,
        97.19,
        80.93,
        92.63,
        94.78,
        95.37,
        95.73,
        73.2,
        83.42,
        84.24000000000001,
        85.22,
        85.31,
        69.78999999999999,
        82.74000000000001,
        83.91999999999999,
        84.38,
        84.75,
        66.08000000000001,
        80.85,
        83.16,
        83.81,
        84.25
    ],
    "train_loss": [
        0.09974635798974844,
        0.07761638904893826,
        0.07113343530367992,
        0.07565503944587074,
        0.08770617011350351,
        0.10683596196645748,
        0.08695706029695843,
        0.07761035513406073,
        0.07420884099932566,
        0.07863815507431889,
        0.11393178982693634,
        0.08139585527245646,
        0.07640631012144515,
        0.07160037946064739,
        0.07268764944551903,
        0.10035847704076839,
        0.07992144743493663,
        0.07336580288362227,
        0.06839592969756082,
        0.07199941900932415,
        0.10423457100541292,
        0.07702303441899444,
        0.06996050052634792,
        0.06558051814386498,
        0.06785177911874353,
        0.09698287505254953,
        0.06481160564085993,
        0.06509915726331848,
        0.0691488548495645,
        0.06209058238020512,
        0.09499834898948491,
        0.06848640071540446,
        0.06351488678364786,
        0.0673741023397787,
        0.06351615242174866,
        0.0963776023322326,
        0.0699865676331596,
        0.05810722960981758,
        0.06263321670661764,
        0.06202312603921903,
        0.09662751231097176,
        0.07014085728017067,
        0.060723862736234945,
        0.06283769531462699,
        0.0614740944810457,
        0.10659182079493286,
        0.07063128011479616,
        0.06641964244650687,
        0.06154750272405785,
        0.06240718162264452,
        0.12008200415192608,
        0.07865366865295226,
        0.0699836632869803,
        0.06176674893142622,
        0.06269656959990831,
        0.1358636743138115,
        0.09068974601049087,
        0.0746415516467553,
        0.07086320714272201,
        0.06780323444609113,
        0.1481065156083264,
        0.09419313649239833,
        0.08376557383307083,
        0.07550465905185633,
        0.07536441294342547,
        0.1805340572522429,
        0.11510027610434743,
        0.09507462178206372,
        0.08339120277404384,
        0.08037850259479783,
        0.19682213853665453,
        0.12274806045308084,
        0.09986762173228457,
        0.09450438562892154,
        0.08729402008215467,
        0.24696234845651124,
        0.14932836427124674,
        0.1218054329273765,
        0.10877713541539308,
        0.09906937365704578,
        0.7754265451859571,
        0.4653975626308761,
        0.35167939202514237,
        0.26112562837358005,
        0.21798903637838934,
        1.0739788091825153,
        0.7081104802514264,
        0.5279997772799281,
        0.4326014133270629,
        0.37503891514090004,
        1.131391404631609,
        0.7744249987031171,
        0.609814878887759,
        0.4598758015447034,
        0.39170849376809813,
        1.2314794484726683,
        0.860377786759131,
        0.6600728313366097,
        0.49106694820398344,
        0.4191880377823721
    ],
    "sparsity": [
        0.0,
        0.0,
        0.0,
        0.0,
        0.0,
        0.2,
        0.2,
        0.2,
        0.2,
        0.2,
        0.3599977495217734,
        0.3599977495217734,
        0.3599977495217734,
        0.3599977495217734,
        0.3599977495217734,
        0.4879899478639211,
        0.4879899478639211,
        0.4879899478639211,
        0.4879899478639211,
        0.4879899478639211,
        0.5903829563782304,
        0.5903829563782304,
        0.5903829563782304,
        0.5903829563782304,
        0.5903829563782304,
        0.6722966130302689,
        0.6722966130302689,
        0.6722966130302689,
        0.6722966130302689,
        0.6722966130302689,
        0.7378267881924909,
        0.7378267881924909,
        0.7378267881924909,
        0.7378267881924909,
        0.7378267881924909,
        0.7902516784816773,
        0.7902516784816773,
        0.7902516784816773,
        0.7902516784816773,
        0.7902516784816773,
        0.8321893402347998,
        0.8321893402347998,
        0.8321893402347998,
        0.8321893402347998,
        0.8321893402347998,
        0.8657364689996624,
        0.8657364689996624,
        0.8657364689996624,
        0.8657364689996624,
        0.8657364689996624,
        0.8925809234462323,
        0.8925809234462323,
        0.8925809234462323,
        0.8925809234462323,
        0.8925809234462323,
        0.9140504857282172,
        0.9140504857282172,
        0.9140504857282172,
        0.9140504857282172,
        0.9140504857282172,
        0.9312291361914407,
        0.9312291361914407,
        0.9312291361914407,
        0.9312291361914407,
        0.9312291361914407,
        0.944968305764975,
        0.944968305764975,
        0.944968305764975,
        0.944968305764975,
        0.944968305764975,
        0.9559618919020292,
        0.9559618919020292,
        0.9559618919020292,
        0.9559618919020292,
        0.9559618919020292,
        0.9647612617681257,
        0.9647612617681257,
        0.9647612617681257,
        0.9647612617681257,
        0.9647612617681257,
        0.9717977570233675,
        0.9717977570233675,
        0.9717977570233675,
        0.9717977570233675,
        0.9717977570233675,
        0.9774314541840141,
        0.9774314541840141,
        0.9774314541840141,
        0.9774314541840141,
        0.9774314541840141,
        0.981928659840216,
        0.981928659840216,
        0.981928659840216,
        0.981928659840216,
        0.981928659840216,
        0.9855294250028132,
        0.9855294250028132,
        0.9855294250028132,
        0.9855294250028132,
        0.9855294250028132
    ]
}