{
    "args": {
        "load_last_pretrained": false,
        "model": "lenet",
        "dataset": "mnist",
        "epochs": 100,
        "batch_size": 60,
        "initialization": "uniform",
        "learning_rate": 0.0012,
        "forget_model": false,
        "disable_cuda": false,
        "pruning_rate": 0.2,
        "pruning_interval": 5,
        "seed": 43
    },
    "test_acc": [
        65.98833333333334,
        75.71333333333334,
        80.82000000000001,
        81.19,
        84.14166666666667,
        71.77833333333334,
        84.31166666666667,
        88.11666666666666,
        90.05833333333332,
        91.36166666666666,
        90.29333333333334,
        92.50500000000001,
        93.86833333333333,
        95.05333333333333,
        95.975,
        94.48333333333333,
        96.14166666666667,
        97.27333333333334,
        97.91499999999999,
        98.43666666666667,
        96.06666666666666,
        97.55833333333334,
        98.25833333333334,
        98.71666666666667,
        99.03,
        97.04166666666667,
        98.08833333333334,
        98.89166666666667,
        99.16,
        99.35000000000001,
        97.53,
        98.60333333333332,
        98.745,
        99.29666666666667,
        99.595,
        97.36,
        98.67833333333334,
        99.18666666666667,
        99.16666666666667,
        99.62666666666667,
        97.39999999999999,
        98.68666666666667,
        99.19666666666667,
        99.54499999999999,
        99.625,
        97.04,
        98.54833333333333,
        99.11333333333333,
        99.42666666666666,
        99.55666666666667,
        96.84,
        98.25333333333333,
        98.86,
        99.29333333333334,
        99.44166666666666,
        96.35333333333334,
        98.01333333333334,
        98.77833333333334,
        99.18333333333334,
        99.33,
        96.05,
        97.91833333333332,
        98.56333333333333,
        98.955,
        99.14,
        95.45,
        97.18,
        98.03500000000001,
        98.55166666666668,
        98.695,
        94.77499999999999,
        96.92833333333334,
        97.75,
        98.19166666666666,
        98.45166666666667,
        93.77166666666666,
        96.20333333333333,
        97.20333333333333,
        97.65666666666667,
        97.90333333333334,
        91.69666666666667,
        95.63333333333334,
        96.62833333333334,
        96.99666666666667,
        97.44500000000001,
        90.87833333333334,
        95.065,
        96.16833333333334,
        96.765,
        97.11,
        89.08,
        94.49499999999999,
        95.69,
        96.33666666666667,
        96.66,
        51.705,
        70.29333333333334,
        72.35000000000001,
        73.06333333333333,
        73.50666666666666
    ],
    "test_loss": [
        550.0547268023491,
        36.80432718729973,
        33.46707261109352,
        34.360695340394976,
        36.390799926246984,
        2.0443575797080995,
        1.2114645067453385,
        0.6229476133584976,
        0.4174570423364639,
        0.3328524242788553,
        0.6963254029005765,
        0.2996970930621028,
        0.2455519542992115,
        0.20362739562802018,
        0.1642684072777629,
        0.3447622583322227,
        0.16925360641628504,
        0.12201573441177607,
        0.09255116191413254,
        0.0736170432146173,
        0.27804198730550705,
        0.11398486894275993,
        0.07846868857787923,
        0.05845789486472495,
        0.0453451510341838,
        0.26518211510777473,
        0.08848788957623765,
        0.059025715361814945,
        0.0436242103271652,
        0.033923871901119125,
        0.27619774535484615,
        0.07469153111474588,
        0.04983643119782209,
        0.03580635960109066,
        0.026618705879198387,
        0.29731853965017946,
        0.07186497695371509,
        0.04493742627627216,
        0.0315261940829223,
        0.023976460118661634,
        0.3323612104542553,
        0.0736567120058462,
        0.04500992680736817,
        0.031741713096271267,
        0.023873867543967208,
        0.37356721003726123,
        0.07877685652254149,
        0.04727478480921127,
        0.03258735378901474,
        0.02430700243078172,
        0.4270001784339547,
        0.08567910781083629,
        0.05205940051889047,
        0.036316192775731906,
        0.028004525294702036,
        0.5059993841052055,
        0.09995478422148153,
        0.06108773949835449,
        0.043605574330780654,
        0.03337956389051396,
        0.6118031450510025,
        0.1058948828894645,
        0.06662273850245401,
        0.04938715267507359,
        0.03933612733974587,
        0.7500344507656992,
        0.12805068036168812,
        0.08410729089099914,
        0.06331957374420016,
        0.05141537546715699,
        0.9071929208338261,
        0.14263892671652137,
        0.09433835621643812,
        0.07406096986634657,
        0.062113237705547365,
        1.0834326370060443,
        0.17188385078310967,
        0.11711523819901049,
        0.09268081380054355,
        0.0783013140214607,
        1.400360549300909,
        0.27492809370160104,
        0.16690971419215203,
        0.12780187668837606,
        0.10695012711547315,
        1.4338838068544866,
        0.3068039412871003,
        0.18714544088765978,
        0.14276439155265688,
        0.11916043175570666,
        1.628964298993349,
        0.35612840960919856,
        0.20947639718651773,
        0.16169043957814574,
        0.13731051286682486,
        2.008748695731163,
        1.1709452458024026,
        0.9490128247737885,
        0.776893680691719,
        0.6299866117537022
    ],
    "train_acc": [
        66.13,
        75.06,
        80.95,
        81.69,
        84.89,
        72.98,
        85.00999999999999,
        88.85,
        90.57,
        91.3,
        90.8,
        92.4,
        93.53,
        94.78,
        95.59,
        94.39,
        95.83,
        96.74000000000001,
        97.13000000000001,
        97.50999999999999,
        95.58,
        96.99,
        97.42,
        97.81,
        97.67,
        96.6,
        97.36,
        97.82,
        97.89,
        97.87,
        97.04,
        97.68,
        97.71,
        97.91,
        98.03,
        96.82,
        97.85000000000001,
        97.94,
        97.96000000000001,
        98.05,
        96.89,
        97.72999999999999,
        97.95,
        98.15,
        98.11999999999999,
        96.67,
        97.63,
        97.96000000000001,
        98.17,
        98.08,
        96.48,
        97.54,
        97.78999999999999,
        97.86,
        97.99,
        95.89999999999999,
        97.36,
        97.67,
        97.87,
        97.85000000000001,
        95.95,
        97.23,
        97.64,
        97.91,
        97.87,
        95.1,
        96.63000000000001,
        97.27,
        97.63,
        97.54,
        94.78,
        96.34,
        97.07000000000001,
        97.33000000000001,
        97.47,
        93.85,
        95.67999999999999,
        96.67,
        97.04,
        97.17,
        92.15,
        95.41,
        95.93,
        96.25,
        96.57,
        91.38,
        94.74000000000001,
        95.6,
        96.08,
        96.19,
        89.36,
        94.19,
        95.17,
        95.67,
        95.89,
        52.239999999999995,
        70.25,
        71.59,
        72.52,
        72.72999999999999
    ],
    "train_loss": [
        43.417728526863506,
        39.555516300087206,
        39.00779290684683,
        32.970739821474,
        33.70301268628971,
        1.6620188865832939,
        0.8045508044208595,
        0.4720935389667214,
        0.3538775070163304,
        0.301010428743805,
        0.3324428704862823,
        0.26147619228876995,
        0.21921659229758256,
        0.17797244746171073,
        0.1534212673540244,
        0.19443864973183878,
        0.13884970858068524,
        0.10623173340374303,
        0.09310780862669744,
        0.07825240151242849,
        0.14362012103066116,
        0.09986129793489051,
        0.08487051495902999,
        0.07478971641878793,
        0.07168526890336308,
        0.11360190692775977,
        0.08650859383152362,
        0.07395081634460363,
        0.07023294983309007,
        0.07054511213836868,
        0.0997094806216791,
        0.07250445427004984,
        0.07022154539639498,
        0.06471855011015773,
        0.06226029321774394,
        0.10107900506766614,
        0.06919526777224626,
        0.06395195986278088,
        0.06852928713670915,
        0.06434703102836548,
        0.10702992446475222,
        0.07511447139452407,
        0.06608914108221937,
        0.06035773688230195,
        0.06392647100411757,
        0.11414248202955295,
        0.07573172250416821,
        0.06486315291352615,
        0.06318055810462572,
        0.06409017718571355,
        0.1253268798244392,
        0.08483267184012308,
        0.0717849843984771,
        0.06792591732207262,
        0.0666224822655744,
        0.14013936102925661,
        0.09256062630430131,
        0.0754853630951511,
        0.0727225849711654,
        0.0727657271231229,
        0.14869083410608555,
        0.09646078158995348,
        0.0813989255878472,
        0.0741038509159388,
        0.07483261897685954,
        0.17667668230251637,
        0.11652559497042331,
        0.09722929833802635,
        0.0850913249887526,
        0.08628629058220251,
        0.1937782792541795,
        0.1252676232266212,
        0.10462141428477392,
        0.09300235173146347,
        0.0909605578904202,
        0.22288009162969932,
        0.15072471602725054,
        0.12001255987780894,
        0.11032552573227597,
        0.10437472354520314,
        0.40671652707154166,
        0.2105408060604227,
        0.16398919056989475,
        0.14214545985806487,
        0.13051237745913202,
        0.45174818856273585,
        0.24025427050397782,
        0.18573040267575286,
        0.16075905138057864,
        0.14609962237809232,
        0.5587163590742442,
        0.2669974599858958,
        0.20421520803502935,
        0.1773280166312606,
        0.16109133337786097,
        1.399695179419603,
        1.0499071675146412,
        0.8888283539674953,
        0.7259188892241724,
        0.6362165066296469
    ],
    "sparsity": [
        0.0,
        0.0,
        0.0,
        0.0,
        0.0,
        0.2,
        0.2,
        0.2,
        0.2,
        0.2,
        0.3599977495217734,
        0.3599977495217734,
        0.3599977495217734,
        0.3599977495217734,
        0.3599977495217734,
        0.4879899478639211,
        0.4879899478639211,
        0.4879899478639211,
        0.4879899478639211,
        0.4879899478639211,
        0.5903829563782304,
        0.5903829563782304,
        0.5903829563782304,
        0.5903829563782304,
        0.5903829563782304,
        0.6722966130302689,
        0.6722966130302689,
        0.6722966130302689,
        0.6722966130302689,
        0.6722966130302689,
        0.7378267881924909,
        0.7378267881924909,
        0.7378267881924909,
        0.7378267881924909,
        0.7378267881924909,
        0.7902516784816773,
        0.7902516784816773,
        0.7902516784816773,
        0.7902516784816773,
        0.7902516784816773,
        0.8321893402347998,
        0.8321893402347998,
        0.8321893402347998,
        0.8321893402347998,
        0.8321893402347998,
        0.8657364689996624,
        0.8657364689996624,
        0.8657364689996624,
        0.8657364689996624,
        0.8657364689996624,
        0.8925809234462323,
        0.8925809234462323,
        0.8925809234462323,
        0.8925809234462323,
        0.8925809234462323,
        0.9140504857282172,
        0.9140504857282172,
        0.9140504857282172,
        0.9140504857282172,
        0.9140504857282172,
        0.9312291361914407,
        0.9312291361914407,
        0.9312291361914407,
        0.9312291361914407,
        0.9312291361914407,
        0.944968305764975,
        0.944968305764975,
        0.944968305764975,
        0.944968305764975,
        0.944968305764975,
        0.9559618919020292,
        0.9559618919020292,
        0.9559618919020292,
        0.9559618919020292,
        0.9559618919020292,
        0.9647612617681257,
        0.9647612617681257,
        0.9647612617681257,
        0.9647612617681257,
        0.9647612617681257,
        0.9717977570233675,
        0.9717977570233675,
        0.9717977570233675,
        0.9717977570233675,
        0.9717977570233675,
        0.9774314541840141,
        0.9774314541840141,
        0.9774314541840141,
        0.9774314541840141,
        0.9774314541840141,
        0.981928659840216,
        0.981928659840216,
        0.981928659840216,
        0.981928659840216,
        0.981928659840216,
        0.9855294250028132,
        0.9855294250028132,
        0.9855294250028132,
        0.9855294250028132,
        0.9855294250028132
    ]
}