{
    "args": {
        "load_last_pretrained": false,
        "model": "lenet",
        "dataset": "mnist",
        "epochs": 100,
        "batch_size": 60,
        "initialization": "uniform",
        "learning_rate": 0.0012,
        "forget_model": false,
        "disable_cuda": false,
        "pruning_rate": 0.2,
        "pruning_interval": 5,
        "seed": 50
    },
    "test_acc": [
        81.925,
        86.51166666666667,
        78.855,
        78.27666666666667,
        85.26,
        75.04666666666667,
        84.61166666666666,
        88.47166666666666,
        90.405,
        91.71000000000001,
        90.96833333333333,
        92.42666666666666,
        93.96,
        95.20666666666666,
        96.13166666666667,
        94.39,
        96.26833333333333,
        97.18,
        97.87166666666667,
        98.44166666666668,
        96.10499999999999,
        97.47333333333333,
        98.41333333333333,
        98.56,
        99.02,
        96.895,
        97.885,
        98.64666666666668,
        99.07833333333333,
        99.355,
        97.25666666666667,
        98.52333333333333,
        98.76833333333333,
        99.21333333333334,
        99.29333333333334,
        97.35833333333333,
        98.47166666666666,
        98.995,
        99.31333333333333,
        99.21,
        97.06166666666667,
        98.51833333333333,
        99.04833333333333,
        99.28833333333333,
        99.56333333333333,
        97.05333333333334,
        98.375,
        98.91833333333334,
        99.22833333333332,
        99.53333333333333,
        96.74666666666667,
        98.16,
        98.77333333333334,
        99.20166666666667,
        99.39333333333333,
        96.195,
        97.70833333333333,
        98.53333333333333,
        98.97833333333334,
        99.22333333333333,
        95.64666666666668,
        97.355,
        98.08166666666666,
        98.585,
        98.8,
        94.90833333333333,
        96.89333333333333,
        97.79333333333334,
        98.34,
        98.58166666666666,
        94.24666666666667,
        96.57,
        97.45666666666666,
        97.84,
        98.19333333333333,
        91.64333333333333,
        95.8,
        96.91499999999999,
        97.34666666666666,
        97.74833333333333,
        91.205,
        95.49833333333333,
        96.51666666666667,
        97.01666666666667,
        97.30499999999999,
        90.245,
        94.72166666666666,
        95.845,
        96.30166666666666,
        96.60833333333333,
        84.94,
        93.99166666666666,
        95.35333333333334,
        95.90833333333333,
        96.12333333333333,
        68.205,
        92.85333333333334,
        94.56833333333333,
        95.21,
        95.56166666666667
    ],
    "test_loss": [
        1007.1114891946315,
        33.822319153785706,
        31.59901060461998,
        31.76279838657379,
        34.3482477632165,
        2.0120498708486556,
        1.1154464775919914,
        0.5882962286472321,
        0.4057111886292696,
        0.32672499360144136,
        0.6771622445508838,
        0.2974349214211106,
        0.24366492890194058,
        0.20082382860966028,
        0.16236112624965607,
        0.34701027908176185,
        0.16983952993154525,
        0.12329058456979693,
        0.09391710982751102,
        0.07453582999669016,
        0.2889308104664087,
        0.11934370229765773,
        0.08085087291011586,
        0.06132375974324532,
        0.04765040075557772,
        0.26692611157521606,
        0.09112332558399067,
        0.06074964576074854,
        0.04532176529616117,
        0.03466477535088779,
        0.2844658603249118,
        0.08128826047806069,
        0.05261369710112922,
        0.03810669567808509,
        0.02912435812514741,
        0.3033292569555342,
        0.07542583594331517,
        0.04823473158385604,
        0.0344586025334429,
        0.026729202958289535,
        0.3452900331374258,
        0.080949124250561,
        0.04884238808345981,
        0.03515784114832059,
        0.026589057472592686,
        0.38208943329378964,
        0.08148855214705691,
        0.05000232641492039,
        0.03524874450382776,
        0.02703695710923057,
        0.4498755775745958,
        0.09162284424388781,
        0.058152442379388956,
        0.0414337726761587,
        0.03207251324213575,
        0.544607361877337,
        0.10607098597940058,
        0.06702604636456817,
        0.04927600914542563,
        0.03862867476174142,
        0.6589168062880635,
        0.11902096271421761,
        0.07908311173599214,
        0.060264421046944336,
        0.04906249151937664,
        0.8006846018843353,
        0.13950310086645185,
        0.09323567116074263,
        0.07147340445406734,
        0.05823995084222406,
        1.014502251714468,
        0.15300196896493434,
        0.1040808076588437,
        0.08288357226084918,
        0.07086197643727064,
        1.3304858951419591,
        0.21479283647239208,
        0.12433991397358476,
        0.0982326225861907,
        0.08476786798704415,
        1.4805282946228981,
        0.26000987949594856,
        0.14617029515653848,
        0.11537789321132004,
        0.10011899590212851,
        1.600495355784893,
        0.29241868291050194,
        0.16885110643133522,
        0.13742371021024882,
        0.12100092233344913,
        1.7486842311024666,
        0.3820425907149911,
        0.19040633372589946,
        0.15268733509071172,
        0.13630864676088095,
        1.9001893875002862,
        0.5021556098908186,
        0.22092451282590628,
        0.17566633090376854,
        0.15647691529616714
    ],
    "train_acc": [
        82.1,
        86.86,
        79.45,
        79.16,
        85.53,
        76.7,
        85.65,
        89.24,
        90.86,
        92.07,
        91.39,
        92.49000000000001,
        93.8,
        94.72,
        95.69,
        94.24,
        95.89,
        96.63000000000001,
        97.09,
        97.43,
        95.77,
        96.86,
        97.41,
        97.46000000000001,
        97.78999999999999,
        96.39999999999999,
        97.23,
        97.66,
        97.97,
        97.87,
        96.76,
        97.69,
        97.65,
        97.92,
        97.85000000000001,
        96.89,
        97.38,
        97.7,
        97.99,
        97.89,
        96.59,
        97.49,
        97.88,
        97.82,
        98.07000000000001,
        96.39999999999999,
        97.56,
        97.91,
        97.83,
        98.0,
        96.28999999999999,
        97.47,
        97.72999999999999,
        97.95,
        97.91,
        95.69,
        97.07000000000001,
        97.48,
        97.71,
        97.84,
        95.44,
        96.76,
        97.24000000000001,
        97.56,
        97.7,
        94.78999999999999,
        96.54,
        96.98,
        97.27,
        97.55,
        94.34,
        96.28999999999999,
        96.89999999999999,
        97.11,
        97.17,
        92.25999999999999,
        95.67999999999999,
        96.34,
        96.64,
        96.96000000000001,
        91.71000000000001,
        95.39999999999999,
        96.26,
        96.66,
        96.78,
        90.86,
        94.62,
        95.74000000000001,
        96.1,
        96.39999999999999,
        85.94000000000001,
        93.95,
        95.24000000000001,
        95.78,
        95.92,
        69.42,
        93.13,
        94.62,
        95.15,
        95.42
    ],
    "train_loss": [
        13.979250101272218,
        14.73689810601537,
        35.281690443347316,
        46.61383090618842,
        28.46413879337425,
        1.5643575812528234,
        0.7385871363971048,
        0.4527307450771332,
        0.3436218129839012,
        0.2915859497235921,
        0.32505517305728204,
        0.2615916237324298,
        0.21683319867728,
        0.17733279687023448,
        0.14556709195147016,
        0.19518452010558038,
        0.13910195189054142,
        0.11396713231405813,
        0.09633873401399323,
        0.08286593599568405,
        0.14201285493766477,
        0.10043023713211903,
        0.08017440314800618,
        0.07945335532321099,
        0.07207749806160475,
        0.11870887500797203,
        0.0907475307505734,
        0.07559524327070413,
        0.07032037217415378,
        0.06799129605248659,
        0.10780877537445394,
        0.07578334010423657,
        0.07507348378484477,
        0.06759932078107422,
        0.07283500569431993,
        0.10577236959141885,
        0.08132888928814205,
        0.07012556267004393,
        0.06561864326459851,
        0.07356035151563496,
        0.11392469125838872,
        0.0766365716964408,
        0.06832181675565947,
        0.06584611472194112,
        0.060619329372114186,
        0.11991011324578417,
        0.07933300146609991,
        0.06721241832125241,
        0.06712554294677328,
        0.06609409739936752,
        0.12653933878162663,
        0.08569930466505403,
        0.07522146345790989,
        0.06891208666747625,
        0.06814841635547533,
        0.1480066031886789,
        0.09834367709379353,
        0.08239706004774588,
        0.07392993668919641,
        0.07020654349481899,
        0.16265839583681016,
        0.11115583900116875,
        0.09095147177353947,
        0.08114866283025124,
        0.07893462145065297,
        0.18468216451966835,
        0.12433594589060296,
        0.10229838627228836,
        0.09076676975299944,
        0.08392506655623501,
        0.2070231079207566,
        0.1337893555041202,
        0.11053799154671902,
        0.10442539760117937,
        0.09701133346530849,
        0.35718135776633986,
        0.15533783442959814,
        0.12547650798307564,
        0.11445694109480717,
        0.10604023940102783,
        0.43194037622320436,
        0.1791682320306758,
        0.13629455726125284,
        0.12268711357728806,
        0.11707627268028474,
        0.5025326122423845,
        0.20054656296165405,
        0.15989555333724279,
        0.1420861177681806,
        0.13381399244382353,
        0.8085508828391572,
        0.2324704572915317,
        0.17354556521077355,
        0.1552520423993736,
        0.14647406937476404,
        1.0314419626475808,
        0.2641396062549003,
        0.193323952976815,
        0.17182566035918134,
        0.16325026083581462
    ],
    "sparsity": [
        0.0,
        0.0,
        0.0,
        0.0,
        0.0,
        0.2,
        0.2,
        0.2,
        0.2,
        0.2,
        0.3599977495217734,
        0.3599977495217734,
        0.3599977495217734,
        0.3599977495217734,
        0.3599977495217734,
        0.4879899478639211,
        0.4879899478639211,
        0.4879899478639211,
        0.4879899478639211,
        0.4879899478639211,
        0.5903829563782304,
        0.5903829563782304,
        0.5903829563782304,
        0.5903829563782304,
        0.5903829563782304,
        0.6722966130302689,
        0.6722966130302689,
        0.6722966130302689,
        0.6722966130302689,
        0.6722966130302689,
        0.7378267881924909,
        0.7378267881924909,
        0.7378267881924909,
        0.7378267881924909,
        0.7378267881924909,
        0.7902516784816773,
        0.7902516784816773,
        0.7902516784816773,
        0.7902516784816773,
        0.7902516784816773,
        0.8321893402347998,
        0.8321893402347998,
        0.8321893402347998,
        0.8321893402347998,
        0.8321893402347998,
        0.8657364689996624,
        0.8657364689996624,
        0.8657364689996624,
        0.8657364689996624,
        0.8657364689996624,
        0.8925809234462323,
        0.8925809234462323,
        0.8925809234462323,
        0.8925809234462323,
        0.8925809234462323,
        0.9140504857282172,
        0.9140504857282172,
        0.9140504857282172,
        0.9140504857282172,
        0.9140504857282172,
        0.9312291361914407,
        0.9312291361914407,
        0.9312291361914407,
        0.9312291361914407,
        0.9312291361914407,
        0.944968305764975,
        0.944968305764975,
        0.944968305764975,
        0.944968305764975,
        0.944968305764975,
        0.9559618919020292,
        0.9559618919020292,
        0.9559618919020292,
        0.9559618919020292,
        0.9559618919020292,
        0.9647612617681257,
        0.9647612617681257,
        0.9647612617681257,
        0.9647612617681257,
        0.9647612617681257,
        0.9717977570233675,
        0.9717977570233675,
        0.9717977570233675,
        0.9717977570233675,
        0.9717977570233675,
        0.9774314541840141,
        0.9774314541840141,
        0.9774314541840141,
        0.9774314541840141,
        0.9774314541840141,
        0.981928659840216,
        0.981928659840216,
        0.981928659840216,
        0.981928659840216,
        0.981928659840216,
        0.9855294250028132,
        0.9855294250028132,
        0.9855294250028132,
        0.9855294250028132,
        0.9855294250028132
    ]
}