{
    "args": {
        "load_last_pretrained": false,
        "model": "lenet",
        "dataset": "mnist",
        "epochs": 100,
        "batch_size": 60,
        "initialization": "xavier-normal-double",
        "learning_rate": 0.0012,
        "forget_model": false,
        "disable_cuda": false,
        "pruning_rate": 0.2,
        "pruning_interval": 5,
        "seed": 43
    },
    "test_acc": [
        97.28666666666666,
        98.32833333333333,
        98.83,
        98.89666666666666,
        99.08333333333333,
        97.055,
        97.8,
        98.735,
        99.08166666666666,
        99.29333333333334,
        97.26166666666667,
        98.47,
        98.89333333333333,
        99.11833333333333,
        99.37,
        97.51833333333333,
        98.50333333333333,
        98.935,
        99.22666666666666,
        99.39666666666666,
        97.71666666666667,
        98.79666666666667,
        99.195,
        99.185,
        99.61333333333333,
        97.745,
        98.83666666666666,
        99.385,
        99.52833333333334,
        99.72166666666666,
        98.07333333333334,
        98.885,
        99.15833333333333,
        99.52333333333333,
        99.795,
        97.86166666666666,
        98.875,
        99.425,
        99.47500000000001,
        99.64333333333333,
        97.83166666666666,
        98.91333333333333,
        99.33666666666666,
        99.62666666666667,
        99.71666666666667,
        97.45333333333333,
        98.80833333333334,
        99.30666666666667,
        99.55666666666667,
        99.68,
        97.10333333333332,
        98.49333333333334,
        98.97666666666667,
        99.445,
        99.54166666666666,
        96.71333333333332,
        98.3,
        98.93333333333332,
        99.31,
        99.46666666666667,
        96.02833333333334,
        97.93166666666666,
        98.56666666666666,
        98.99833333333333,
        99.205,
        95.71833333333333,
        97.45666666666666,
        98.195,
        98.64166666666667,
        98.79666666666667,
        94.95,
        97.175,
        97.87833333333333,
        98.28833333333333,
        98.55666666666667,
        92.61166666666666,
        96.04333333333334,
        96.82833333333333,
        97.24000000000001,
        97.63,
        90.975,
        95.61500000000001,
        96.75833333333334,
        97.16666666666667,
        97.53500000000001,
        81.54666666666667,
        86.20666666666666,
        86.92,
        87.41333333333333,
        87.60833333333333,
        66.75999999999999,
        75.78,
        76.75666666666666,
        77.22,
        77.45833333333333,
        55.065,
        74.34333333333333,
        75.88000000000001,
        76.385,
        76.68333333333334
    ],
    "test_loss": [
        0.2224630460459739,
        0.09374798551714048,
        0.06224051407678053,
        0.047572583217872305,
        0.035890617857920006,
        0.2769123761001974,
        0.09656318065803499,
        0.0649781418798957,
        0.048218355191638695,
        0.03672838034614688,
        0.25432673252001403,
        0.0845558136543259,
        0.05502203547023237,
        0.04072579272539588,
        0.030980673456564547,
        0.24344549192208798,
        0.07776923315762542,
        0.050499189097899945,
        0.03529002265376039,
        0.027132918745221106,
        0.2457235833061859,
        0.06948369428399019,
        0.04471197228156962,
        0.031424747881712393,
        0.022847278566478054,
        0.25482066041976215,
        0.06665954586490988,
        0.03966632777627092,
        0.027218756152840796,
        0.02043104927477543,
        0.263230908876285,
        0.059413306371308865,
        0.03636962194519583,
        0.024659588214126414,
        0.017408806533843746,
        0.2857812355235219,
        0.059190746542997656,
        0.03505827593826689,
        0.022324731980334037,
        0.016828692050417884,
        0.3173033346571028,
        0.06271174275875091,
        0.03681361295096576,
        0.024634471239172853,
        0.01794886279813363,
        0.36256335521209987,
        0.06917228936543689,
        0.04006490523577668,
        0.027125273990212008,
        0.01968337489696569,
        0.42112375201843677,
        0.07914244401361793,
        0.04666797888395376,
        0.03208525628177449,
        0.024178027340298287,
        0.5010880565196276,
        0.0893298255391419,
        0.053617852270836014,
        0.03775597461313009,
        0.028291127110715023,
        0.6017555261999369,
        0.10491377876047045,
        0.06618655197136104,
        0.048981369937304405,
        0.03812854297296144,
        0.7505017769411206,
        0.11976531088352203,
        0.07840744170965627,
        0.05909680507425219,
        0.04813280956633389,
        0.9201295940428972,
        0.13715319343842566,
        0.08993407532665879,
        0.07059015073161572,
        0.05942618000064977,
        1.2366867068707943,
        0.25798677855730057,
        0.15895289119333028,
        0.12163061729446054,
        0.10070316895656288,
        1.3733429838716984,
        0.2850115537568927,
        0.16775455959886312,
        0.1262139205429703,
        0.10402918403968214,
        1.5618175124526024,
        0.4997237450480461,
        0.343285980835557,
        0.2920597983598709,
        0.26618099976330994,
        1.874505267739296,
        0.8553470272421837,
        0.599996891349554,
        0.5263362173438072,
        0.49300793540477755,
        1.9740749698877336,
        0.9780162643194199,
        0.6516981424093247,
        0.5605463431477546,
        0.520394201785326
    ],
    "train_acc": [
        96.41,
        97.11,
        97.31,
        97.61,
        97.46000000000001,
        96.49,
        96.83,
        97.50999999999999,
        97.75,
        97.84,
        96.89,
        97.78999999999999,
        97.77,
        98.14,
        97.83,
        96.92,
        97.47,
        97.78999999999999,
        97.74000000000001,
        97.92,
        97.05,
        97.78,
        97.89,
        97.72,
        98.04,
        97.11,
        97.89999999999999,
        98.08,
        97.98,
        98.18,
        97.37,
        97.89999999999999,
        97.92,
        98.03,
        98.21,
        97.22,
        97.92999999999999,
        98.07000000000001,
        98.06,
        98.1,
        97.14,
        97.71,
        98.11999999999999,
        98.21,
        98.27,
        97.02,
        97.85000000000001,
        98.02,
        98.0,
        98.21,
        96.61,
        97.6,
        97.84,
        97.95,
        98.28,
        96.34,
        97.52,
        97.96000000000001,
        97.98,
        98.14,
        95.78,
        97.21,
        97.61999999999999,
        97.91,
        97.87,
        95.7,
        96.95,
        97.39999999999999,
        97.6,
        97.61,
        94.81,
        96.61,
        97.11,
        97.3,
        97.53,
        92.66,
        95.59,
        96.08,
        96.34,
        96.7,
        91.22,
        95.39999999999999,
        96.28999999999999,
        96.39,
        96.71,
        80.99,
        85.39999999999999,
        85.99,
        86.45,
        86.53999999999999,
        65.83,
        75.05,
        75.88000000000001,
        76.39,
        76.61,
        55.02,
        73.76,
        74.92999999999999,
        75.51,
        75.77000000000001
    ],
    "train_loss": [
        0.1102538496272605,
        0.09240574214027492,
        0.0844310528172102,
        0.07673031463034027,
        0.08928580608893001,
        0.11560753633095297,
        0.10056481232398196,
        0.07738563890462953,
        0.06924075978420519,
        0.07245059250603,
        0.10411381069013102,
        0.07398943821648638,
        0.07352887812031511,
        0.06367190633370669,
        0.07301840184306625,
        0.09615130282514645,
        0.0788206318588537,
        0.06743865128060034,
        0.07247921701173526,
        0.07047236712250725,
        0.09418518899265163,
        0.07229929351286885,
        0.06631403640895513,
        0.07365081136632141,
        0.06396600941243487,
        0.0945903228339321,
        0.06816202351366153,
        0.06333421671088271,
        0.06527954936139062,
        0.0637072220493999,
        0.08577803634999398,
        0.06596480384413264,
        0.06777401737489565,
        0.06845097910350713,
        0.06065360386507351,
        0.09019686936395253,
        0.06520020860542883,
        0.061630852424266365,
        0.06405771113541758,
        0.06673980408562849,
        0.09622333419626344,
        0.07098312739807064,
        0.061381736757724494,
        0.058152576710493446,
        0.0634782063422033,
        0.10235846463680089,
        0.06913472869584036,
        0.061811956695509616,
        0.06230946781370276,
        0.060530183418907646,
        0.11879094508281368,
        0.07988152318650824,
        0.06850510972836417,
        0.06490170373999608,
        0.06138009878508412,
        0.12661952007851915,
        0.08238158526713263,
        0.06718053439810515,
        0.06688831662926488,
        0.06320945840136533,
        0.14772268683610562,
        0.09409830588735864,
        0.07789453137164076,
        0.07187737830535336,
        0.0706470346964985,
        0.16117529552095308,
        0.10601331835646115,
        0.08868318187173255,
        0.07989359130067918,
        0.08013100986937786,
        0.18705380562982873,
        0.11755771232311597,
        0.09732792181838415,
        0.09005053794223392,
        0.08503729577488572,
        0.3765966722708262,
        0.19744587377338352,
        0.15100605846075954,
        0.13084208268203779,
        0.11664420436554683,
        0.42531141799367117,
        0.20801721589115565,
        0.1546052499356384,
        0.13201223623877514,
        0.12022301650600518,
        0.7153283375465941,
        0.40066789982918494,
        0.33142795917873613,
        0.30190034995892806,
        0.28836198298338644,
        1.2144861000026772,
        0.6814061426473949,
        0.574978470266936,
        0.5324919120280328,
        0.5140062788289465,
        1.4110568611921666,
        0.749527466154384,
        0.6133366248564806,
        0.5644089056703145,
        0.5414138943135381
    ],
    "sparsity": [
        0.0,
        0.0,
        0.0,
        0.0,
        0.0,
        0.2,
        0.2,
        0.2,
        0.2,
        0.2,
        0.3599977495217734,
        0.3599977495217734,
        0.3599977495217734,
        0.3599977495217734,
        0.3599977495217734,
        0.4879899478639211,
        0.4879899478639211,
        0.4879899478639211,
        0.4879899478639211,
        0.4879899478639211,
        0.5903829563782304,
        0.5903829563782304,
        0.5903829563782304,
        0.5903829563782304,
        0.5903829563782304,
        0.6722966130302689,
        0.6722966130302689,
        0.6722966130302689,
        0.6722966130302689,
        0.6722966130302689,
        0.7378267881924909,
        0.7378267881924909,
        0.7378267881924909,
        0.7378267881924909,
        0.7378267881924909,
        0.7902516784816773,
        0.7902516784816773,
        0.7902516784816773,
        0.7902516784816773,
        0.7902516784816773,
        0.8321893402347998,
        0.8321893402347998,
        0.8321893402347998,
        0.8321893402347998,
        0.8321893402347998,
        0.8657364689996624,
        0.8657364689996624,
        0.8657364689996624,
        0.8657364689996624,
        0.8657364689996624,
        0.8925809234462323,
        0.8925809234462323,
        0.8925809234462323,
        0.8925809234462323,
        0.8925809234462323,
        0.9140504857282172,
        0.9140504857282172,
        0.9140504857282172,
        0.9140504857282172,
        0.9140504857282172,
        0.9312291361914407,
        0.9312291361914407,
        0.9312291361914407,
        0.9312291361914407,
        0.9312291361914407,
        0.944968305764975,
        0.944968305764975,
        0.944968305764975,
        0.944968305764975,
        0.944968305764975,
        0.9559618919020292,
        0.9559618919020292,
        0.9559618919020292,
        0.9559618919020292,
        0.9559618919020292,
        0.9647612617681257,
        0.9647612617681257,
        0.9647612617681257,
        0.9647612617681257,
        0.9647612617681257,
        0.9717977570233675,
        0.9717977570233675,
        0.9717977570233675,
        0.9717977570233675,
        0.9717977570233675,
        0.9774314541840141,
        0.9774314541840141,
        0.9774314541840141,
        0.9774314541840141,
        0.9774314541840141,
        0.981928659840216,
        0.981928659840216,
        0.981928659840216,
        0.981928659840216,
        0.981928659840216,
        0.9855294250028132,
        0.9855294250028132,
        0.9855294250028132,
        0.9855294250028132,
        0.9855294250028132
    ]
}