{
    "args": {
        "load_last_pretrained": false,
        "model": "lenet",
        "dataset": "mnist",
        "epochs": 100,
        "batch_size": 60,
        "initialization": "normal",
        "learning_rate": 0.0012,
        "forget_model": false,
        "disable_cuda": false,
        "pruning_rate": 0.2,
        "pruning_interval": 5,
        "seed": 51
    },
    "test_acc": [
        88.77166666666668,
        91.8,
        93.66499999999999,
        94.99666666666667,
        95.98833333333333,
        90.77666666666667,
        93.53833333333334,
        95.09333333333333,
        96.07166666666667,
        97.17,
        95.21833333333333,
        97.33500000000001,
        98.24000000000001,
        98.65666666666667,
        99.02166666666666,
        96.91499999999999,
        98.26666666666667,
        98.81166666666667,
        98.74000000000001,
        99.27833333333334,
        97.56333333333333,
        98.48666666666666,
        99.06,
        98.87166666666667,
        99.51,
        97.70833333333333,
        98.87833333333333,
        99.01166666666667,
        99.375,
        99.425,
        97.34666666666666,
        98.87666666666667,
        99.19833333333334,
        99.59333333333333,
        99.63666666666666,
        97.96000000000001,
        99.02333333333333,
        99.395,
        99.665,
        99.725,
        97.75166666666667,
        98.88,
        99.265,
        99.52833333333334,
        99.55333333333334,
        97.65666666666667,
        98.75833333333334,
        99.395,
        99.58333333333333,
        99.665,
        97.34166666666667,
        98.68666666666667,
        99.21333333333334,
        99.375,
        99.55000000000001,
        96.88666666666667,
        98.45166666666667,
        98.91833333333334,
        99.25500000000001,
        99.39666666666666,
        96.44333333333334,
        98.0,
        98.715,
        99.09833333333333,
        99.31333333333333,
        95.95666666666666,
        97.74000000000001,
        98.42166666666667,
        98.74833333333333,
        99.06166666666667,
        95.12666666666667,
        97.29833333333333,
        98.02333333333333,
        98.52,
        98.75,
        94.47,
        96.76,
        97.61333333333333,
        98.11,
        98.39,
        91.22166666666666,
        96.01666666666667,
        96.95166666666667,
        97.41833333333332,
        97.71333333333332,
        75.51,
        95.42833333333334,
        96.46333333333334,
        96.99666666666667,
        97.23666666666666,
        71.78,
        94.78166666666667,
        96.08333333333333,
        96.67166666666667,
        96.955,
        63.87833333333334,
        93.55499999999999,
        95.045,
        95.61166666666666,
        95.93333333333334
    ],
    "test_loss": [
        62.46311122727394,
        15.347842029750348,
        9.001270221637446,
        6.043228926757782,
        4.115194050886319,
        0.8619737695157528,
        0.2764872057288885,
        0.20939590680599213,
        0.15551433346047996,
        0.11822823259327561,
        0.38835115936398507,
        0.12999491566512733,
        0.08717651292402297,
        0.06365615638555028,
        0.05002144137443974,
        0.27037228689854964,
        0.08966452070651576,
        0.0566804432075005,
        0.0429286917229183,
        0.03198678573791403,
        0.2510632666358724,
        0.07471458654128946,
        0.048564413983840496,
        0.034860550142941066,
        0.025954516294383213,
        0.24953529822919518,
        0.06739276629779488,
        0.04127022691874299,
        0.029171136288903655,
        0.021607418305793543,
        0.26042542731016877,
        0.06096065683057532,
        0.03874669137899764,
        0.02514108764188131,
        0.019375503027578816,
        0.27749121745862065,
        0.05840343651967123,
        0.034861747396411374,
        0.022974597339954925,
        0.016774326702579855,
        0.29717281172890214,
        0.06062064267112874,
        0.036472783852834256,
        0.023577623408986257,
        0.017363626128324542,
        0.3412072504386306,
        0.06416675034165382,
        0.03845142125070561,
        0.026821240642631892,
        0.01918603003525641,
        0.4038884402392432,
        0.07415607050433755,
        0.04397058422421105,
        0.030071756856981664,
        0.022526060983131174,
        0.49009318959899245,
        0.08606297759478912,
        0.05138482383673545,
        0.03615743277734146,
        0.02744656469434267,
        0.5803056724052876,
        0.093703748235479,
        0.05890388107486069,
        0.043392033299431206,
        0.034148196534370075,
        0.7103878914006054,
        0.11204358012508601,
        0.07183542185369879,
        0.05425666348426603,
        0.043465343378018585,
        0.8698376402817667,
        0.13059116798266768,
        0.08420958972722292,
        0.06429290398862213,
        0.05348729757661931,
        1.0713116806149483,
        0.14891789382137358,
        0.09961663618218154,
        0.07741379598714411,
        0.06495546160964295,
        1.4600560045838356,
        0.21901355266943573,
        0.12514748371951281,
        0.09967127839941531,
        0.08693200503010302,
        1.6489638456702231,
        0.368388760317117,
        0.1432606029473245,
        0.11474067421630024,
        0.100726667300798,
        1.8084274826049804,
        0.4342993200793862,
        0.161067534962669,
        0.1269742341376841,
        0.11176980543043465,
        1.965861767053604,
        0.5288906376138329,
        0.1994535589143634,
        0.16151623176783322,
        0.145398922059685
    ],
    "train_acc": [
        88.22,
        90.84,
        91.85,
        92.95,
        93.47,
        90.66,
        93.25,
        94.76,
        95.58,
        96.37,
        94.86,
        96.6,
        97.28999999999999,
        97.53,
        97.81,
        96.55,
        97.14,
        97.65,
        97.63,
        97.91,
        96.97,
        97.52,
        97.89,
        97.64,
        98.11999999999999,
        97.25,
        97.87,
        97.97,
        98.06,
        98.21,
        97.11,
        97.92,
        97.96000000000001,
        98.15,
        98.02,
        97.33000000000001,
        97.97,
        98.07000000000001,
        98.08,
        98.18,
        97.21,
        97.8,
        98.00999999999999,
        98.09,
        97.99,
        97.08,
        97.85000000000001,
        98.19,
        98.24000000000001,
        98.02,
        96.95,
        97.96000000000001,
        98.15,
        98.11,
        98.15,
        96.64,
        97.61999999999999,
        98.02,
        97.91,
        97.86,
        96.34,
        97.22,
        97.76,
        97.97,
        98.06,
        95.61,
        97.07000000000001,
        97.44,
        97.61,
        97.85000000000001,
        95.11,
        96.72,
        97.26,
        97.52,
        97.61,
        94.5,
        96.38,
        97.00999999999999,
        97.19,
        97.38,
        91.12,
        95.73,
        96.44,
        96.67,
        96.78,
        75.62,
        95.17999999999999,
        96.13000000000001,
        96.45,
        96.48,
        72.21,
        94.92,
        95.81,
        96.25,
        96.35000000000001,
        64.58,
        93.72,
        94.72,
        95.03,
        95.35
    ],
    "train_loss": [
        20.58012398274359,
        13.088039973205667,
        10.035837034622352,
        7.978658456232644,
        7.127526948168223,
        0.3206920796436464,
        0.22831006829967043,
        0.17841502067125486,
        0.14511612290795334,
        0.1190160548448295,
        0.16525595742249918,
        0.10755494741087188,
        0.08796453027578885,
        0.0782223231532795,
        0.06842307258372245,
        0.11196181957169386,
        0.08713464441145966,
        0.07525047591279545,
        0.07671505979312483,
        0.07038366473154416,
        0.09972746252545162,
        0.07992197990049413,
        0.06672892609644614,
        0.08078697107280576,
        0.06531692280581856,
        0.0897866413554924,
        0.06697815909429626,
        0.06787924368553488,
        0.0653759533236874,
        0.06377809059535694,
        0.09789984054238854,
        0.06821384536336639,
        0.06665476497045222,
        0.06156752421938909,
        0.06449809297954129,
        0.087580083757862,
        0.06206904508140005,
        0.06280290093942138,
        0.06072392255907131,
        0.06061958875242219,
        0.09422496879685247,
        0.06994939164933331,
        0.06300454565831376,
        0.06586520322166316,
        0.06592361584029015,
        0.09776350147576032,
        0.07195923687655947,
        0.06255784894138976,
        0.05846813901064048,
        0.06562955327705665,
        0.10950007578525357,
        0.07178943093955338,
        0.06470599200041173,
        0.06514822891606631,
        0.0666307686443976,
        0.12174760954019552,
        0.08053236009698071,
        0.07010409493601608,
        0.06888272742040924,
        0.07564732530377359,
        0.13410435783158162,
        0.09347737260430516,
        0.07961773703398997,
        0.07247857077459911,
        0.07165714638435956,
        0.15516553760065646,
        0.10526562082821024,
        0.08783450541170147,
        0.08276347154305277,
        0.07956697219358144,
        0.18100057578015472,
        0.11766896554140631,
        0.0975732524951775,
        0.08897482020456991,
        0.08692959039109553,
        0.19939645187940427,
        0.12877026660936677,
        0.10781986595404719,
        0.0981178815102952,
        0.09320748330534485,
        0.41173374902702375,
        0.15903911984966188,
        0.12942090447055188,
        0.12076591878214818,
        0.11417278323969442,
        0.8548906334859883,
        0.18160390198052287,
        0.14236156339060047,
        0.12812858818288514,
        0.12356220136681002,
        0.9621821427773573,
        0.20206983405315948,
        0.15518357298019048,
        0.14095025429290212,
        0.13336775122310765,
        1.1163867547840416,
        0.241657773043938,
        0.18903404324800668,
        0.1712153275792827,
        0.1647430577700188
    ],
    "sparsity": [
        0.0,
        0.0,
        0.0,
        0.0,
        0.0,
        0.2,
        0.2,
        0.2,
        0.2,
        0.2,
        0.3599977495217734,
        0.3599977495217734,
        0.3599977495217734,
        0.3599977495217734,
        0.3599977495217734,
        0.4879899478639211,
        0.4879899478639211,
        0.4879899478639211,
        0.4879899478639211,
        0.4879899478639211,
        0.5903829563782304,
        0.5903829563782304,
        0.5903829563782304,
        0.5903829563782304,
        0.5903829563782304,
        0.6722966130302689,
        0.6722966130302689,
        0.6722966130302689,
        0.6722966130302689,
        0.6722966130302689,
        0.7378267881924909,
        0.7378267881924909,
        0.7378267881924909,
        0.7378267881924909,
        0.7378267881924909,
        0.7902516784816773,
        0.7902516784816773,
        0.7902516784816773,
        0.7902516784816773,
        0.7902516784816773,
        0.8321893402347998,
        0.8321893402347998,
        0.8321893402347998,
        0.8321893402347998,
        0.8321893402347998,
        0.8657364689996624,
        0.8657364689996624,
        0.8657364689996624,
        0.8657364689996624,
        0.8657364689996624,
        0.8925809234462323,
        0.8925809234462323,
        0.8925809234462323,
        0.8925809234462323,
        0.8925809234462323,
        0.9140504857282172,
        0.9140504857282172,
        0.9140504857282172,
        0.9140504857282172,
        0.9140504857282172,
        0.9312291361914407,
        0.9312291361914407,
        0.9312291361914407,
        0.9312291361914407,
        0.9312291361914407,
        0.944968305764975,
        0.944968305764975,
        0.944968305764975,
        0.944968305764975,
        0.944968305764975,
        0.9559618919020292,
        0.9559618919020292,
        0.9559618919020292,
        0.9559618919020292,
        0.9559618919020292,
        0.9647612617681257,
        0.9647612617681257,
        0.9647612617681257,
        0.9647612617681257,
        0.9647612617681257,
        0.9717977570233675,
        0.9717977570233675,
        0.9717977570233675,
        0.9717977570233675,
        0.9717977570233675,
        0.9774314541840141,
        0.9774314541840141,
        0.9774314541840141,
        0.9774314541840141,
        0.9774314541840141,
        0.981928659840216,
        0.981928659840216,
        0.981928659840216,
        0.981928659840216,
        0.981928659840216,
        0.9855294250028132,
        0.9855294250028132,
        0.9855294250028132,
        0.9855294250028132,
        0.9855294250028132
    ]
}