{
    "args": {
        "load_last_pretrained": false,
        "model": "lenet",
        "dataset": "mnist",
        "epochs": 100,
        "batch_size": 60,
        "initialization": "xavier-uniform-half",
        "learning_rate": 0.0012,
        "forget_model": false,
        "disable_cuda": false,
        "pruning_rate": 0.2,
        "pruning_interval": 5,
        "seed": 47
    },
    "test_acc": [
        97.1,
        98.22,
        98.78833333333333,
        98.98166666666667,
        99.115,
        97.10499999999999,
        98.18166666666667,
        98.80499999999999,
        99.03333333333333,
        99.16666666666667,
        97.36833333333334,
        98.33166666666666,
        98.95333333333333,
        99.11,
        99.4,
        97.60333333333332,
        98.61,
        99.02,
        99.33833333333332,
        99.315,
        97.65666666666667,
        98.52166666666666,
        99.13166666666666,
        99.42666666666666,
        99.50666666666666,
        97.90666666666667,
        99.01833333333333,
        99.19666666666667,
        99.46666666666667,
        99.57000000000001,
        97.855,
        98.895,
        99.35166666666667,
        99.55333333333334,
        99.75500000000001,
        97.96666666666667,
        98.97833333333334,
        99.39833333333333,
        99.51833333333333,
        99.76833333333333,
        97.775,
        98.99333333333334,
        99.49666666666667,
        99.62166666666667,
        99.785,
        97.52,
        98.91166666666666,
        99.14333333333335,
        99.47500000000001,
        99.64833333333334,
        97.23666666666666,
        98.67166666666667,
        99.23333333333333,
        99.32166666666666,
        99.595,
        96.81166666666667,
        98.39833333333333,
        98.995,
        99.12666666666667,
        99.43166666666666,
        96.17833333333333,
        97.90666666666667,
        98.52166666666666,
        98.87666666666667,
        99.1,
        95.55,
        97.54,
        98.30499999999999,
        98.78166666666667,
        98.98833333333333,
        94.97,
        97.04666666666667,
        97.93833333333333,
        98.28333333333333,
        98.50166666666667,
        86.50333333333333,
        93.83,
        95.82166666666667,
        96.55666666666667,
        96.95333333333333,
        85.58166666666666,
        90.70833333333333,
        92.97833333333332,
        94.70166666666667,
        95.14166666666667,
        82.95,
        91.93,
        93.77666666666667,
        94.62333333333333,
        95.06666666666666,
        71.45833333333333,
        89.44166666666666,
        91.725,
        92.905,
        94.06166666666667,
        64.12,
        79.905,
        82.44166666666666,
        83.68666666666667,
        84.17333333333333
    ],
    "test_loss": [
        0.2542900183778256,
        0.09749638405349105,
        0.06597373291174881,
        0.048728082005050966,
        0.037053452318476045,
        0.2584337938707322,
        0.09275829476257787,
        0.06200063370703719,
        0.043345218943373766,
        0.03445065955282189,
        0.24714600001089274,
        0.08168819840205833,
        0.05341251340892632,
        0.04017686172714457,
        0.02940686268283753,
        0.24085527541488408,
        0.07620708421245218,
        0.04893541350809392,
        0.034457014431653075,
        0.024513402561628025,
        0.24269075723923741,
        0.06917180117382668,
        0.043056550269015136,
        0.029990750939992723,
        0.0209351172966999,
        0.24483921058569103,
        0.060100018954137344,
        0.03563292066042777,
        0.02510221405007178,
        0.018160662651484017,
        0.258480958645232,
        0.05869379587797448,
        0.03441623495263048,
        0.02423193600360537,
        0.016539593126217368,
        0.2756087147146463,
        0.058121681638993325,
        0.03280526166048366,
        0.021257557504693977,
        0.016055014854922774,
        0.3053388827051967,
        0.059285952376201746,
        0.03478379911161028,
        0.022712548138631973,
        0.01600057173537789,
        0.3514088525529951,
        0.06613399020512588,
        0.03798134168097749,
        0.026089229672506917,
        0.01890424237085972,
        0.41584760274831206,
        0.07448802878474817,
        0.044222431287169454,
        0.03063742156664375,
        0.022509980389266274,
        0.5115295300763101,
        0.08606702214293181,
        0.051069553173379974,
        0.03640559323760681,
        0.028044072246935683,
        0.6316785647757351,
        0.10409305999800562,
        0.06562883934285492,
        0.04824705599015579,
        0.03804861415561754,
        0.7739823218323291,
        0.11891489958949387,
        0.07517043020157144,
        0.05604532058583572,
        0.04487663742341101,
        0.9742185407094658,
        0.13422731582727282,
        0.08985799382207915,
        0.0700607265336439,
        0.05848843878833577,
        1.3898502234220504,
        0.4811306828558445,
        0.3292731953561306,
        0.20582107920572162,
        0.13784013775736093,
        1.5070042848587035,
        0.6693544178903102,
        0.40052833122014997,
        0.2616726738885045,
        0.19730539590120316,
        1.70360709887743,
        0.839641812324524,
        0.41916874805092813,
        0.24299585161358117,
        0.19769302849471568,
        1.8555150458812713,
        0.9221896852850914,
        0.5005451547205448,
        0.33753930166363716,
        0.27040694780647756,
        1.986768023610115,
        1.130405305325985,
        0.7049529680907727,
        0.45804170063138006,
        0.39072011767327786
    ],
    "train_acc": [
        96.55,
        97.47,
        97.7,
        97.69,
        97.64,
        96.71,
        97.31,
        97.78,
        97.99,
        97.75,
        96.61999999999999,
        97.42,
        97.72,
        97.71,
        97.89999999999999,
        97.11999999999999,
        97.55,
        97.78999999999999,
        98.19,
        98.0,
        97.09,
        97.69,
        97.91,
        98.13,
        98.24000000000001,
        97.23,
        98.17,
        97.88,
        98.17,
        98.25,
        97.25,
        97.92,
        98.09,
        98.15,
        98.14,
        97.3,
        98.05,
        98.22999999999999,
        98.09,
        98.28,
        97.33000000000001,
        97.89999999999999,
        98.09,
        98.18,
        98.14,
        97.11999999999999,
        98.04,
        97.87,
        98.08,
        98.02,
        96.50999999999999,
        97.74000000000001,
        98.03,
        98.08,
        98.09,
        96.41,
        97.55,
        97.95,
        97.75,
        97.92,
        95.91,
        97.19,
        97.55,
        97.69,
        97.72999999999999,
        95.48,
        96.82,
        97.35000000000001,
        97.54,
        97.69,
        94.64,
        96.39,
        97.07000000000001,
        97.22,
        97.37,
        86.72,
        93.82000000000001,
        95.52000000000001,
        95.95,
        96.37,
        85.84,
        90.3,
        92.4,
        93.96,
        94.34,
        83.8,
        92.38,
        93.89999999999999,
        94.39,
        94.71000000000001,
        71.88,
        89.47,
        91.85,
        92.74,
        93.76,
        64.57000000000001,
        80.25,
        82.19999999999999,
        83.32000000000001,
        83.87
    ],
    "train_loss": [
        0.1095740326630052,
        0.08183705078962142,
        0.0740191091457103,
        0.0751194214506889,
        0.07779022150890466,
        0.10782969305793683,
        0.08630766127046621,
        0.07163016413042914,
        0.0654200726665534,
        0.07284271001117304,
        0.10474095661973881,
        0.07824882019930213,
        0.07156458377564873,
        0.07428084049390596,
        0.07047449069552146,
        0.09339944033989471,
        0.07457029499660084,
        0.06839717316865074,
        0.06537427238298825,
        0.07257215303235023,
        0.09228176955401363,
        0.07568560563401504,
        0.06628626569670563,
        0.06334740820397974,
        0.06551610918166283,
        0.08798716450388917,
        0.05978428328710937,
        0.0648709158148215,
        0.06137958937742842,
        0.06346710971424155,
        0.0870592139025559,
        0.06370433642874712,
        0.06119609489468133,
        0.057380825290902555,
        0.05877163837849257,
        0.08930123473578941,
        0.06395018393240735,
        0.061226351237521244,
        0.06143558497364984,
        0.06022648910192276,
        0.09299790437338863,
        0.06706427166121315,
        0.059611713587624314,
        0.06080847919896289,
        0.060516955766915397,
        0.10208426228540386,
        0.06642636311279532,
        0.0660461942751719,
        0.060247872159662964,
        0.0676142295221603,
        0.11168587705800812,
        0.07301662331112399,
        0.06394393069803447,
        0.06208106420354215,
        0.06222658035272877,
        0.12532046237614697,
        0.08253232968558451,
        0.06904733977503628,
        0.07126945353944056,
        0.06879919731548938,
        0.1448214640896656,
        0.09526887103290615,
        0.08295191526357196,
        0.07709563050201598,
        0.0762403710260095,
        0.16661948164155382,
        0.10947346494360241,
        0.0923465290078949,
        0.08248327653799317,
        0.07960285630194236,
        0.18589389096655531,
        0.1218547274631833,
        0.1016848347746505,
        0.09762161490256469,
        0.0910837914192391,
        0.6181310666892343,
        0.40117748153066923,
        0.28046571628419226,
        0.18264575092913862,
        0.14524088293581666,
        0.875054894807096,
        0.5117248105788659,
        0.33706327103926037,
        0.24194331047777645,
        0.20614549698319265,
        1.042874926578499,
        0.6207103554360167,
        0.28727830232617385,
        0.22660826021682717,
        0.20360012954759027,
        1.2040685186842959,
        0.6714266017525495,
        0.39388079548667293,
        0.3115366501008679,
        0.2692199421232332,
        1.4124344351762783,
        0.908442013991807,
        0.5389111923600385,
        0.4279580117164258,
        0.3931255332545606
    ],
    "sparsity": [
        0.0,
        0.0,
        0.0,
        0.0,
        0.0,
        0.2,
        0.2,
        0.2,
        0.2,
        0.2,
        0.3599977495217734,
        0.3599977495217734,
        0.3599977495217734,
        0.3599977495217734,
        0.3599977495217734,
        0.4879899478639211,
        0.4879899478639211,
        0.4879899478639211,
        0.4879899478639211,
        0.4879899478639211,
        0.5903829563782304,
        0.5903829563782304,
        0.5903829563782304,
        0.5903829563782304,
        0.5903829563782304,
        0.6722966130302689,
        0.6722966130302689,
        0.6722966130302689,
        0.6722966130302689,
        0.6722966130302689,
        0.7378267881924909,
        0.7378267881924909,
        0.7378267881924909,
        0.7378267881924909,
        0.7378267881924909,
        0.7902516784816773,
        0.7902516784816773,
        0.7902516784816773,
        0.7902516784816773,
        0.7902516784816773,
        0.8321893402347998,
        0.8321893402347998,
        0.8321893402347998,
        0.8321893402347998,
        0.8321893402347998,
        0.8657364689996624,
        0.8657364689996624,
        0.8657364689996624,
        0.8657364689996624,
        0.8657364689996624,
        0.8925809234462323,
        0.8925809234462323,
        0.8925809234462323,
        0.8925809234462323,
        0.8925809234462323,
        0.9140504857282172,
        0.9140504857282172,
        0.9140504857282172,
        0.9140504857282172,
        0.9140504857282172,
        0.9312291361914407,
        0.9312291361914407,
        0.9312291361914407,
        0.9312291361914407,
        0.9312291361914407,
        0.944968305764975,
        0.944968305764975,
        0.944968305764975,
        0.944968305764975,
        0.944968305764975,
        0.9559618919020292,
        0.9559618919020292,
        0.9559618919020292,
        0.9559618919020292,
        0.9559618919020292,
        0.9647612617681257,
        0.9647612617681257,
        0.9647612617681257,
        0.9647612617681257,
        0.9647612617681257,
        0.9717977570233675,
        0.9717977570233675,
        0.9717977570233675,
        0.9717977570233675,
        0.9717977570233675,
        0.9774314541840141,
        0.9774314541840141,
        0.9774314541840141,
        0.9774314541840141,
        0.9774314541840141,
        0.981928659840216,
        0.981928659840216,
        0.981928659840216,
        0.981928659840216,
        0.981928659840216,
        0.9855294250028132,
        0.9855294250028132,
        0.9855294250028132,
        0.9855294250028132,
        0.9855294250028132
    ]
}