{
    "args": {
        "load_last_pretrained": false,
        "model": "lenet",
        "dataset": "mnist",
        "epochs": 100,
        "batch_size": 60,
        "initialization": "uniform",
        "learning_rate": 0.0012,
        "forget_model": false,
        "disable_cuda": false,
        "pruning_rate": 0.2,
        "pruning_interval": 5,
        "seed": 51
    },
    "test_acc": [
        72.175,
        87.20166666666667,
        81.77333333333333,
        76.73,
        73.21166666666666,
        71.47666666666666,
        83.31333333333333,
        88.04833333333333,
        90.29333333333334,
        91.66833333333332,
        90.66,
        92.46166666666666,
        93.785,
        95.12166666666667,
        96.145,
        94.56333333333333,
        96.05666666666667,
        97.28833333333333,
        97.67666666666666,
        98.31833333333333,
        96.13666666666667,
        97.43666666666667,
        98.40833333333333,
        98.65833333333333,
        99.16,
        97.06833333333333,
        98.35166666666667,
        98.68,
        99.22333333333333,
        99.095,
        96.85833333333333,
        98.43333333333332,
        99.06,
        99.235,
        99.42166666666667,
        97.32333333333332,
        98.63833333333332,
        99.11999999999999,
        99.28666666666666,
        99.47,
        97.13833333333334,
        98.55666666666667,
        98.95166666666667,
        99.10833333333333,
        99.385,
        97.11666666666666,
        98.53,
        99.12333333333333,
        99.42166666666667,
        99.51,
        96.875,
        98.36166666666666,
        98.97500000000001,
        99.22,
        99.36500000000001,
        96.32833333333333,
        98.08,
        98.69666666666667,
        99.00833333333333,
        99.23666666666666,
        95.65,
        97.48666666666666,
        98.22999999999999,
        98.72666666666666,
        98.815,
        95.19333333333333,
        97.10666666666667,
        97.86,
        98.26166666666667,
        98.59166666666667,
        94.585,
        96.79166666666667,
        97.635,
        98.08833333333334,
        98.31166666666667,
        93.77833333333334,
        96.255,
        97.19666666666666,
        97.66833333333334,
        97.95166666666667,
        91.405,
        95.60333333333332,
        96.63000000000001,
        97.14,
        97.47333333333333,
        82.82000000000001,
        94.235,
        95.51166666666666,
        96.11166666666666,
        96.455,
        75.24166666666666,
        93.285,
        94.81833333333334,
        95.44666666666667,
        95.78666666666666,
        59.43333333333334,
        82.29833333333333,
        83.90166666666666,
        84.51666666666667,
        84.99
    ],
    "test_loss": [
        453.38735438108444,
        31.278266127586363,
        35.26675630223751,
        34.135191223554315,
        32.73870451577008,
        2.0029518724679947,
        1.141833159804344,
        0.6166588652431965,
        0.417663972184062,
        0.3318093858063221,
        0.6793727588951588,
        0.2986689112484455,
        0.244748402222991,
        0.20081178740039468,
        0.16059955609962345,
        0.3481563979201019,
        0.16611519965156912,
        0.11830770344752818,
        0.09025878058094532,
        0.07137417560908943,
        0.2883348740730435,
        0.11613900177367031,
        0.07843010128056631,
        0.05767819179780781,
        0.044587572229793294,
        0.2662199979014695,
        0.08787582570221275,
        0.05786077035614289,
        0.04265975486836396,
        0.03234296916879248,
        0.2751642281236127,
        0.07583840952720493,
        0.049723323258571324,
        0.03503165269270539,
        0.026509893785812894,
        0.30078753429464994,
        0.07230212276848033,
        0.045587122383294626,
        0.03195386148887337,
        0.024077597657917067,
        0.3307072835061699,
        0.07449801111966371,
        0.04644145971292164,
        0.03296763516170904,
        0.025088847176753915,
        0.3793276113681495,
        0.07860805340483784,
        0.04776148589933291,
        0.03471762693335768,
        0.02598156442306936,
        0.43895268414542077,
        0.08646051543205976,
        0.05305276371119544,
        0.03729375095746946,
        0.02868003070598934,
        0.5290840992331505,
        0.10037761419452727,
        0.06177571607392747,
        0.044526886156061665,
        0.0347765909282025,
        0.6468643908761442,
        0.11963246197719127,
        0.07774484297214077,
        0.058141695619095116,
        0.04722672465397045,
        0.7978790624700487,
        0.1339200979564339,
        0.09047030382556841,
        0.07035206027515233,
        0.058090912412852046,
        1.0080739151015878,
        0.14568758532963694,
        0.0967375202998519,
        0.07612776554236189,
        0.06422581977164372,
        1.2246128649860621,
        0.17921384954825043,
        0.11809827321209014,
        0.09324866683222353,
        0.07969660399528221,
        1.4238596700429917,
        0.2266260849609971,
        0.14021761585585774,
        0.11106667830981314,
        0.09580256506521255,
        1.6832359440922737,
        0.4052817279547453,
        0.2187561659514904,
        0.1675411123521626,
        0.14183898776397108,
        1.7808855481743813,
        0.5125943536162376,
        0.24930585085600615,
        0.19086255370453,
        0.16355172931402923,
        1.951863827109337,
        0.8663570663928986,
        0.4891322210729122,
        0.40591554552316667,
        0.36891075421869757
    ],
    "train_acc": [
        71.63000000000001,
        87.72,
        82.03,
        77.49000000000001,
        73.18,
        72.63,
        84.35000000000001,
        88.64,
        90.7,
        91.89,
        90.95,
        92.58,
        93.67999999999999,
        94.89999999999999,
        95.99,
        94.5,
        95.56,
        96.69,
        97.03,
        97.43,
        95.78,
        96.86,
        97.55,
        97.72,
        98.00999999999999,
        96.67,
        97.6,
        97.8,
        97.98,
        97.95,
        96.67,
        97.65,
        97.85000000000001,
        97.92999999999999,
        98.02,
        96.93,
        97.77,
        97.89999999999999,
        98.0,
        98.2,
        96.75,
        97.61999999999999,
        97.94,
        97.75,
        98.06,
        96.36,
        97.72999999999999,
        97.98,
        98.04,
        98.03,
        96.32,
        97.56,
        97.82,
        97.98,
        97.87,
        95.98,
        97.2,
        97.67,
        97.8,
        97.95,
        95.27,
        96.92,
        97.31,
        97.59,
        97.72999999999999,
        94.89999999999999,
        96.53,
        97.14,
        97.27,
        97.52,
        94.38,
        96.28,
        97.03,
        97.36,
        97.36,
        93.76,
        95.98,
        96.8,
        96.96000000000001,
        97.04,
        91.75,
        95.32000000000001,
        96.33,
        96.58,
        96.77,
        83.08,
        94.13,
        95.1,
        95.63000000000001,
        95.89999999999999,
        75.44999999999999,
        93.27,
        94.53,
        95.0,
        95.30999999999999,
        59.919999999999995,
        82.52000000000001,
        83.97,
        84.41,
        84.7
    ],
    "train_loss": [
        27.835950780057622,
        13.740001270157135,
        25.4101538172739,
        56.89746146858809,
        64.94668399787949,
        1.56848387446946,
        0.7781619211870753,
        0.4694122509685105,
        0.3518886870431329,
        0.2908200021097046,
        0.3263884148376431,
        0.2570316906639202,
        0.2146982857120965,
        0.17537518041933367,
        0.14148941145328706,
        0.1905412847053505,
        0.1458418001671751,
        0.10881305101165871,
        0.09585011609924768,
        0.0831828884624257,
        0.14154534343027783,
        0.10344489500160792,
        0.08041403333873984,
        0.07608910546007895,
        0.06642370642592271,
        0.10737013998636585,
        0.07789004370179808,
        0.07379114693365321,
        0.06558733153530581,
        0.0705262266063204,
        0.1134987574762213,
        0.0787812237304351,
        0.0681542728589792,
        0.0688006487866016,
        0.06457832366964239,
        0.10566078472190989,
        0.07127048076872161,
        0.06801532269706448,
        0.06779339882087877,
        0.06169140508362165,
        0.10858688425428853,
        0.0763085150120858,
        0.0657598258659779,
        0.07227474472187125,
        0.06364317749233771,
        0.11707312019240713,
        0.0776251738495054,
        0.06634686020074669,
        0.06274694181186799,
        0.06250141218407805,
        0.12643812442878763,
        0.08067461317070498,
        0.06987499358121328,
        0.06557976554948167,
        0.06765374455260793,
        0.1390105807473381,
        0.08934363044106854,
        0.07376114185341819,
        0.06958485222254283,
        0.06961682728145963,
        0.1634828841124109,
        0.10773050419227806,
        0.0865371778083151,
        0.07761674219586268,
        0.07761896224859767,
        0.1787416248799798,
        0.12086107494298391,
        0.09805889018883783,
        0.08782271701496785,
        0.08323618201371617,
        0.19852183986745195,
        0.12441714111336334,
        0.10020236479687299,
        0.09068472352168874,
        0.08807768727635998,
        0.25314280100746783,
        0.1460910810681874,
        0.11696354000868198,
        0.10708142191305489,
        0.102938940425119,
        0.33454082022883935,
        0.17018831496734818,
        0.13363722408424594,
        0.12081688534312263,
        0.1117458646548187,
        0.7037232793019917,
        0.266669529819203,
        0.19791897417542464,
        0.16588297912371372,
        0.15350392917003816,
        0.967952742548046,
        0.3089246946180652,
        0.22110612101540594,
        0.19019418212021896,
        0.17656293665309866,
        1.403845542919136,
        0.5779132197003165,
        0.4463696770682306,
        0.3980319158670431,
        0.37791630358039263
    ],
    "sparsity": [
        0.0,
        0.0,
        0.0,
        0.0,
        0.0,
        0.2,
        0.2,
        0.2,
        0.2,
        0.2,
        0.3599977495217734,
        0.3599977495217734,
        0.3599977495217734,
        0.3599977495217734,
        0.3599977495217734,
        0.4879899478639211,
        0.4879899478639211,
        0.4879899478639211,
        0.4879899478639211,
        0.4879899478639211,
        0.5903829563782304,
        0.5903829563782304,
        0.5903829563782304,
        0.5903829563782304,
        0.5903829563782304,
        0.6722966130302689,
        0.6722966130302689,
        0.6722966130302689,
        0.6722966130302689,
        0.6722966130302689,
        0.7378267881924909,
        0.7378267881924909,
        0.7378267881924909,
        0.7378267881924909,
        0.7378267881924909,
        0.7902516784816773,
        0.7902516784816773,
        0.7902516784816773,
        0.7902516784816773,
        0.7902516784816773,
        0.8321893402347998,
        0.8321893402347998,
        0.8321893402347998,
        0.8321893402347998,
        0.8321893402347998,
        0.8657364689996624,
        0.8657364689996624,
        0.8657364689996624,
        0.8657364689996624,
        0.8657364689996624,
        0.8925809234462323,
        0.8925809234462323,
        0.8925809234462323,
        0.8925809234462323,
        0.8925809234462323,
        0.9140504857282172,
        0.9140504857282172,
        0.9140504857282172,
        0.9140504857282172,
        0.9140504857282172,
        0.9312291361914407,
        0.9312291361914407,
        0.9312291361914407,
        0.9312291361914407,
        0.9312291361914407,
        0.944968305764975,
        0.944968305764975,
        0.944968305764975,
        0.944968305764975,
        0.944968305764975,
        0.9559618919020292,
        0.9559618919020292,
        0.9559618919020292,
        0.9559618919020292,
        0.9559618919020292,
        0.9647612617681257,
        0.9647612617681257,
        0.9647612617681257,
        0.9647612617681257,
        0.9647612617681257,
        0.9717977570233675,
        0.9717977570233675,
        0.9717977570233675,
        0.9717977570233675,
        0.9717977570233675,
        0.9774314541840141,
        0.9774314541840141,
        0.9774314541840141,
        0.9774314541840141,
        0.9774314541840141,
        0.981928659840216,
        0.981928659840216,
        0.981928659840216,
        0.981928659840216,
        0.981928659840216,
        0.9855294250028132,
        0.9855294250028132,
        0.9855294250028132,
        0.9855294250028132,
        0.9855294250028132
    ]
}