{
    "args": {
        "load_last_pretrained": false,
        "model": "lenet",
        "dataset": "mnist",
        "epochs": 100,
        "batch_size": 60,
        "initialization": "xavier-normal",
        "learning_rate": 0.0012,
        "forget_model": false,
        "disable_cuda": false,
        "pruning_rate": 0.2,
        "pruning_interval": 5,
        "seed": 46
    },
    "test_acc": [
        97.45666666666666,
        98.375,
        98.78833333333333,
        98.70666666666666,
        98.97666666666667,
        97.24166666666667,
        97.965,
        98.28166666666667,
        99.26166666666667,
        99.42666666666666,
        97.155,
        98.41666666666666,
        98.91499999999999,
        99.21666666666667,
        99.35333333333334,
        97.24666666666667,
        98.49333333333334,
        99.08500000000001,
        99.14666666666668,
        99.52833333333334,
        97.41,
        98.71166666666666,
        99.19,
        99.46833333333333,
        99.45666666666668,
        97.72,
        98.87333333333333,
        99.35333333333334,
        99.54166666666666,
        99.61666666666666,
        97.78833333333333,
        99.035,
        99.17833333333334,
        99.32166666666666,
        99.695,
        97.995,
        99.02333333333333,
        99.42666666666666,
        99.52333333333333,
        99.59333333333333,
        97.76,
        98.85000000000001,
        99.28,
        99.47833333333334,
        99.66000000000001,
        97.59333333333333,
        98.75833333333334,
        99.31666666666666,
        99.65333333333334,
        99.675,
        97.09666666666666,
        98.61333333333333,
        99.06666666666666,
        99.40833333333333,
        99.66333333333334,
        96.64666666666668,
        98.25833333333334,
        98.84666666666668,
        99.26333333333334,
        99.49166666666667,
        95.75166666666667,
        97.86666666666667,
        98.68333333333334,
        99.03999999999999,
        99.24333333333333,
        95.04,
        97.15333333333334,
        98.04833333333333,
        98.56333333333333,
        98.86833333333334,
        94.255,
        96.63333333333334,
        97.49666666666667,
        98.14,
        98.38666666666667,
        93.19833333333334,
        95.99166666666666,
        97.06333333333333,
        97.56,
        97.815,
        91.72166666666666,
        95.60499999999999,
        96.61,
        97.14500000000001,
        97.57333333333334,
        71.54,
        91.20666666666666,
        93.74166666666667,
        94.735,
        95.19666666666666,
        67.31,
        89.72333333333333,
        92.23,
        93.255,
        93.845,
        60.260000000000005,
        81.00666666666667,
        91.85166666666666,
        92.83500000000001,
        93.37166666666667
    ],
    "test_loss": [
        0.2184380151955411,
        0.088025756706018,
        0.06093410621013027,
        0.044029302173061294,
        0.0343123810494435,
        0.2649265248030424,
        0.0916188665246591,
        0.06049004430475179,
        0.04529226554988418,
        0.034010287528624755,
        0.25083521140739323,
        0.08386905969958752,
        0.05462482849531807,
        0.03984103759162826,
        0.03008904848812381,
        0.25145718509703874,
        0.07818902479857207,
        0.050087997757131235,
        0.03506872966059018,
        0.02619517934351461,
        0.24975588500872253,
        0.07085322021273896,
        0.04371772559999954,
        0.03093824768695049,
        0.02220255354230176,
        0.2486817551124841,
        0.06351641547563486,
        0.038922166132717394,
        0.02651618743588915,
        0.019698178207821913,
        0.2636126273507252,
        0.06132696103816852,
        0.035482993353158236,
        0.023296995157725178,
        0.01674712586970418,
        0.28133418606594207,
        0.059896723235026005,
        0.03421608752349857,
        0.022291157285275403,
        0.017291674519598017,
        0.3241367553528398,
        0.06337632974609733,
        0.036412916104542094,
        0.025429390797624365,
        0.017433622797077986,
        0.364397605069913,
        0.06720291151525452,
        0.03929371332132723,
        0.02656849144422449,
        0.019714086945808958,
        0.42730831290781496,
        0.07584292954346165,
        0.04404985564015806,
        0.030655761094007174,
        0.02225049758888781,
        0.5216063113305718,
        0.08885186333395541,
        0.05301678660558537,
        0.03818988424609415,
        0.029158648076001555,
        0.628505822815001,
        0.10673813673481346,
        0.06396439245482907,
        0.046281190507113934,
        0.036772612357279286,
        0.7771537008322775,
        0.12963820451125502,
        0.08120660589961336,
        0.0606897402619943,
        0.049524763741530475,
        0.9703249883130193,
        0.15443840426392852,
        0.09960400875471533,
        0.07617698585800826,
        0.063306743377354,
        1.2264737288355827,
        0.18047725777700543,
        0.1202220903635025,
        0.0956339353416115,
        0.08216814265074208,
        1.5050832891315222,
        0.20543669401109219,
        0.13385717495158314,
        0.10690765254944563,
        0.09125108600687236,
        1.7787269822955132,
        0.5896455112695694,
        0.3477634136378765,
        0.2668842303901911,
        0.22659690177440645,
        1.9642548645734788,
        0.8438769695460796,
        0.4162367785722017,
        0.32311578322201967,
        0.27633707417547704,
        2.0363560886383056,
        0.9509565759599209,
        0.479978705689311,
        0.352298358336091,
        0.29968474408984186
    ],
    "train_acc": [
        96.89,
        97.41,
        97.68,
        97.61,
        97.52,
        96.66,
        97.24000000000001,
        97.28999999999999,
        98.08,
        98.07000000000001,
        96.89999999999999,
        97.71,
        97.68,
        97.94,
        97.92,
        96.58,
        97.78999999999999,
        98.11999999999999,
        97.96000000000001,
        98.08,
        96.81,
        97.75,
        98.02,
        97.98,
        97.98,
        97.23,
        97.78999999999999,
        98.09,
        98.11,
        98.11999999999999,
        97.39,
        98.07000000000001,
        97.88,
        97.89,
        98.06,
        97.32,
        98.02,
        98.16,
        98.07000000000001,
        97.99,
        97.17,
        97.91,
        97.89,
        98.17,
        98.14,
        97.02,
        97.78999999999999,
        98.08,
        98.02,
        98.2,
        96.67,
        97.74000000000001,
        97.88,
        97.98,
        98.02,
        96.47,
        97.61999999999999,
        97.75,
        97.95,
        97.92999999999999,
        95.66,
        97.28999999999999,
        97.77,
        97.81,
        97.94,
        94.92,
        96.85000000000001,
        97.11,
        97.54,
        97.57000000000001,
        94.05,
        96.04,
        96.71,
        97.08,
        97.28999999999999,
        93.45,
        95.7,
        96.61,
        96.87,
        96.99,
        92.14,
        95.41,
        96.28999999999999,
        96.55,
        96.82,
        71.98,
        91.05,
        93.5,
        94.31,
        94.39999999999999,
        67.65,
        89.57000000000001,
        91.97999999999999,
        92.75,
        93.55,
        59.95,
        81.23,
        91.71000000000001,
        92.44,
        93.10000000000001
    ],
    "train_loss": [
        0.0983239022992596,
        0.08339231312665307,
        0.0740835701176774,
        0.08832879700909876,
        0.0886214079243315,
        0.10749687607439157,
        0.08548048915603605,
        0.08980331335127532,
        0.06631433998072843,
        0.06481986803551272,
        0.10472992837183669,
        0.07730318812798419,
        0.07536754892681709,
        0.06518633847966969,
        0.0715125875417171,
        0.10517878367002317,
        0.07155533642842696,
        0.06416165562971177,
        0.06279481209474365,
        0.06737412596372386,
        0.10177902407208067,
        0.06885663638850618,
        0.06462273323590571,
        0.06360379333205628,
        0.06977660342086174,
        0.09315538101043262,
        0.06748873474143312,
        0.05943689273508589,
        0.06076296727440716,
        0.062239131193488145,
        0.08856038636009315,
        0.06263996243705516,
        0.06792818545782102,
        0.0722519669257952,
        0.06519760443824818,
        0.08874751842709001,
        0.06285195866555064,
        0.05840835178586024,
        0.06508717668022469,
        0.0676874891258107,
        0.09647177173170501,
        0.06821619778101941,
        0.06809510690338552,
        0.06593651893342327,
        0.06750187200677447,
        0.09842835519529745,
        0.07038817623585551,
        0.06396554145351342,
        0.06123194551098155,
        0.06333231973157873,
        0.1148070212855132,
        0.07553932504048069,
        0.06837231084191335,
        0.06251248400128574,
        0.06498589637427184,
        0.13011227283782945,
        0.08334447955991515,
        0.07359576325105158,
        0.06697057398359575,
        0.06670608164039915,
        0.15842956042441422,
        0.09287647701086041,
        0.07564872384913444,
        0.06965979681807587,
        0.0669277597575666,
        0.18457129365669753,
        0.11443401188282909,
        0.09201981641441405,
        0.08241309277702145,
        0.07776544622736732,
        0.20723858520299374,
        0.12994815441528837,
        0.11006686247572928,
        0.09219944592520683,
        0.09021370479290536,
        0.23795967700774084,
        0.14514189346241738,
        0.11650486003250597,
        0.10597166436874939,
        0.0995986480823534,
        0.3060665926533545,
        0.16136818265397393,
        0.12986655418432044,
        0.11690889146112039,
        0.107734327165488,
        0.9100374647243294,
        0.426661509418202,
        0.302362032279283,
        0.25716638618600585,
        0.2301477611421825,
        1.4134424211022383,
        0.5113478549226316,
        0.35860857385361267,
        0.3028837688668759,
        0.26475261423937574,
        1.455883345204199,
        0.6121816722575776,
        0.39864597795252316,
        0.32925504910017916,
        0.290836570773296
    ],
    "sparsity": [
        0.0,
        0.0,
        0.0,
        0.0,
        0.0,
        0.2,
        0.2,
        0.2,
        0.2,
        0.2,
        0.3599977495217734,
        0.3599977495217734,
        0.3599977495217734,
        0.3599977495217734,
        0.3599977495217734,
        0.4879899478639211,
        0.4879899478639211,
        0.4879899478639211,
        0.4879899478639211,
        0.4879899478639211,
        0.5903829563782304,
        0.5903829563782304,
        0.5903829563782304,
        0.5903829563782304,
        0.5903829563782304,
        0.6722966130302689,
        0.6722966130302689,
        0.6722966130302689,
        0.6722966130302689,
        0.6722966130302689,
        0.7378267881924909,
        0.7378267881924909,
        0.7378267881924909,
        0.7378267881924909,
        0.7378267881924909,
        0.7902516784816773,
        0.7902516784816773,
        0.7902516784816773,
        0.7902516784816773,
        0.7902516784816773,
        0.8321893402347998,
        0.8321893402347998,
        0.8321893402347998,
        0.8321893402347998,
        0.8321893402347998,
        0.8657364689996624,
        0.8657364689996624,
        0.8657364689996624,
        0.8657364689996624,
        0.8657364689996624,
        0.8925809234462323,
        0.8925809234462323,
        0.8925809234462323,
        0.8925809234462323,
        0.8925809234462323,
        0.9140504857282172,
        0.9140504857282172,
        0.9140504857282172,
        0.9140504857282172,
        0.9140504857282172,
        0.9312291361914407,
        0.9312291361914407,
        0.9312291361914407,
        0.9312291361914407,
        0.9312291361914407,
        0.944968305764975,
        0.944968305764975,
        0.944968305764975,
        0.944968305764975,
        0.944968305764975,
        0.9559618919020292,
        0.9559618919020292,
        0.9559618919020292,
        0.9559618919020292,
        0.9559618919020292,
        0.9647612617681257,
        0.9647612617681257,
        0.9647612617681257,
        0.9647612617681257,
        0.9647612617681257,
        0.9717977570233675,
        0.9717977570233675,
        0.9717977570233675,
        0.9717977570233675,
        0.9717977570233675,
        0.9774314541840141,
        0.9774314541840141,
        0.9774314541840141,
        0.9774314541840141,
        0.9774314541840141,
        0.981928659840216,
        0.981928659840216,
        0.981928659840216,
        0.981928659840216,
        0.981928659840216,
        0.9855294250028132,
        0.9855294250028132,
        0.9855294250028132,
        0.9855294250028132,
        0.9855294250028132
    ]
}