{
    "args": {
        "load_last_pretrained": false,
        "model": "lenet",
        "dataset": "mnist",
        "epochs": 100,
        "batch_size": 60,
        "initialization": "xavier-uniform",
        "learning_rate": 0.0012,
        "forget_model": false,
        "disable_cuda": false,
        "pruning_rate": 0.2,
        "pruning_interval": 5,
        "seed": 47
    },
    "test_acc": [
        97.45166666666667,
        98.455,
        99.02666666666666,
        99.06166666666667,
        98.92999999999999,
        97.11666666666666,
        98.07666666666667,
        98.70333333333333,
        98.91499999999999,
        99.31,
        97.33833333333334,
        98.44666666666667,
        98.74833333333333,
        99.165,
        99.37833333333333,
        97.34166666666667,
        98.475,
        98.93833333333333,
        99.12833333333333,
        99.385,
        97.46333333333334,
        98.52166666666666,
        99.04833333333333,
        99.47666666666667,
        99.59666666666666,
        97.73666666666668,
        98.82,
        99.19,
        99.55333333333334,
        99.63166666666666,
        97.64833333333334,
        98.83999999999999,
        99.33666666666666,
        99.43666666666667,
        99.64,
        97.76166666666667,
        98.81,
        99.38,
        99.58,
        99.715,
        97.52499999999999,
        98.90833333333333,
        99.41,
        99.57333333333334,
        99.74499999999999,
        97.385,
        98.775,
        99.03333333333333,
        99.435,
        99.71,
        96.825,
        98.52833333333334,
        99.02166666666666,
        99.31333333333333,
        99.61833333333333,
        96.49833333333333,
        98.15666666666667,
        98.84666666666668,
        99.15833333333333,
        99.445,
        96.035,
        97.775,
        98.42333333333333,
        98.89666666666666,
        98.95166666666667,
        95.54333333333334,
        97.45333333333333,
        98.14166666666667,
        98.70833333333333,
        98.91166666666666,
        94.42,
        96.83666666666667,
        97.775,
        98.19,
        98.48166666666667,
        93.22833333333334,
        96.06333333333333,
        97.02499999999999,
        97.57166666666667,
        98.00999999999999,
        91.115,
        95.13000000000001,
        96.19833333333332,
        96.825,
        97.25,
        81.32166666666667,
        93.645,
        95.10333333333332,
        95.92166666666667,
        96.33166666666668,
        82.48666666666666,
        93.33500000000001,
        94.96,
        95.66,
        96.06333333333333,
        73.41,
        92.71166666666667,
        94.37333333333333,
        95.08833333333332,
        95.565
    ],
    "test_loss": [
        0.21531606576405465,
        0.08606011221045629,
        0.058552408763789573,
        0.04317210605181754,
        0.03478872157164733,
        0.2656149544119835,
        0.09371792838256807,
        0.06159676746930927,
        0.04548183908587089,
        0.033943054037634285,
        0.24916005604341626,
        0.0812457733033225,
        0.0534061745495419,
        0.03902971655089641,
        0.029329816795303488,
        0.24729724477324636,
        0.07870243864622899,
        0.05096136723109521,
        0.03592710782517679,
        0.02604033612337662,
        0.24887002598587424,
        0.07001636489806697,
        0.04424427366617601,
        0.03008958300843369,
        0.02170065356318082,
        0.2588154814159498,
        0.06627122875326313,
        0.03991788900271058,
        0.02699677438964136,
        0.01983905029098969,
        0.275521419567056,
        0.06183654241706245,
        0.03674847526440862,
        0.023777420517697465,
        0.017910353866085645,
        0.29107569593470545,
        0.0633966727219522,
        0.036641674056649205,
        0.024286830299708528,
        0.018016501277917995,
        0.3294860683772713,
        0.06400891797337681,
        0.03747937369463034,
        0.024221827814588322,
        0.01726097128004767,
        0.37624706226214766,
        0.07224851196072996,
        0.041828448134008794,
        0.02826795233669691,
        0.020411505953466986,
        0.4452850690651685,
        0.08251003752416,
        0.04938920053513721,
        0.03463170004368294,
        0.025586720423656516,
        0.5352984399516135,
        0.09354740728484466,
        0.05571863679308444,
        0.0392905385135673,
        0.02991488800931256,
        0.6579108362570405,
        0.10769161988887936,
        0.06809379408764653,
        0.050514365643961355,
        0.039723562642233444,
        0.8059346707426012,
        0.12065769616141915,
        0.07693405863363295,
        0.05829052090505138,
        0.04749721941840835,
        0.962932129804045,
        0.14880470151826738,
        0.09486010965285822,
        0.07227964366367087,
        0.05980439033731818,
        1.1845266863442958,
        0.18044168658927082,
        0.12086755291745066,
        0.09415094018634408,
        0.07840749181946739,
        1.4749790923297406,
        0.2288046898469329,
        0.15246543364040555,
        0.12219179078750313,
        0.10478589933924377,
        1.7733418357968331,
        0.41851928386092185,
        0.23103389089927076,
        0.1751349999755621,
        0.14458917135186494,
        1.7818243932127953,
        0.4318291943371296,
        0.23890276938676835,
        0.18408053785562514,
        0.15545091622136534,
        1.9838882715702058,
        0.5295195893347263,
        0.2667240790650249,
        0.20470299021154642,
        0.1754612030684948
    ],
    "train_acc": [
        96.97,
        97.36,
        98.03,
        97.61999999999999,
        97.49,
        96.63000000000001,
        97.27,
        97.41,
        97.83,
        97.76,
        96.56,
        97.6,
        97.37,
        97.88,
        97.88,
        96.81,
        97.35000000000001,
        97.69,
        97.82,
        97.96000000000001,
        96.87,
        97.71,
        97.88,
        98.17,
        98.13,
        97.08,
        98.02,
        97.89999999999999,
        98.21,
        98.07000000000001,
        97.11,
        97.87,
        98.0,
        98.06,
        98.08,
        96.95,
        97.74000000000001,
        98.1,
        98.1,
        98.07000000000001,
        96.99,
        97.71,
        98.02,
        97.97,
        98.06,
        96.8,
        97.78,
        97.92,
        97.97,
        98.04,
        96.34,
        97.59,
        97.68,
        97.83,
        97.88,
        96.07,
        97.39,
        97.68,
        97.76,
        97.74000000000001,
        95.98,
        97.16,
        97.39999999999999,
        97.6,
        97.46000000000001,
        95.28,
        96.85000000000001,
        97.36,
        97.58,
        97.48,
        94.3,
        96.32,
        97.09,
        97.2,
        97.39999999999999,
        93.26,
        95.87,
        96.46000000000001,
        96.91,
        97.07000000000001,
        91.28,
        94.93,
        95.74000000000001,
        96.16,
        96.48,
        81.06,
        93.77,
        94.78999999999999,
        95.48,
        95.63000000000001,
        82.05,
        93.55,
        94.55,
        95.06,
        95.21,
        73.14,
        92.65,
        94.23,
        94.72,
        95.00999999999999
    ],
    "train_loss": [
        0.10187616532746546,
        0.07714740316589881,
        0.06849206496771804,
        0.07695069675568023,
        0.08348187899585077,
        0.1090210445426003,
        0.08837522417697274,
        0.07952054959030343,
        0.07414810834062135,
        0.07392791542712554,
        0.10608826019427554,
        0.0750990304789188,
        0.08261689253173723,
        0.07090366796679616,
        0.07365533887739098,
        0.10376860012863567,
        0.07956045094743638,
        0.07403520949486041,
        0.07096698979392625,
        0.07277453309873086,
        0.09893879175609993,
        0.07325154264083879,
        0.06593755834100176,
        0.0601264101356926,
        0.06697439171097096,
        0.09362743084436048,
        0.06533226324245334,
        0.06719797121466857,
        0.062106330890534724,
        0.06762769520592954,
        0.09496681995042962,
        0.06777057234298237,
        0.06387135788971213,
        0.06432757769086717,
        0.06490042690162597,
        0.09721280177107114,
        0.0717613400297496,
        0.06170343847465729,
        0.062262880120253536,
        0.06556137372662235,
        0.10287509249623664,
        0.0701434062459244,
        0.0621964250590853,
        0.06278513695885746,
        0.066384639119392,
        0.10761588862065427,
        0.07234389074481354,
        0.06778337580882414,
        0.06618666993858416,
        0.06683027449142032,
        0.12289855193101361,
        0.07898171431200947,
        0.07306068170046111,
        0.06708134459554703,
        0.06644794405340412,
        0.13250733951028593,
        0.0865311533920913,
        0.07367885411120281,
        0.07266879719291663,
        0.07306144879378021,
        0.14603114018807867,
        0.09751705858789518,
        0.08471370680804202,
        0.07669030035522482,
        0.08004499257759687,
        0.16848381706875956,
        0.10939617524157741,
        0.09293205815250288,
        0.08284831283931916,
        0.08365552909086699,
        0.2041308938296969,
        0.12532044231088577,
        0.10049480252235593,
        0.0955579093808007,
        0.08930518863510764,
        0.2427031270668892,
        0.15068550755877694,
        0.12167096566297338,
        0.10963100431386583,
        0.10042162470987992,
        0.31437482064712546,
        0.17925198902626951,
        0.1462128839405354,
        0.13060161707822435,
        0.119923510449286,
        0.7425647067452619,
        0.28195020609987,
        0.20773264542668166,
        0.1747354177568487,
        0.15562193568595156,
        0.731045214358918,
        0.2946759697919834,
        0.2178996727762822,
        0.18521082352199955,
        0.16775466566403469,
        1.0804293144962744,
        0.3305279325225396,
        0.23923296360912438,
        0.2026779953457281,
        0.18543169049624197
    ],
    "sparsity": [
        0.0,
        0.0,
        0.0,
        0.0,
        0.0,
        0.2,
        0.2,
        0.2,
        0.2,
        0.2,
        0.3599977495217734,
        0.3599977495217734,
        0.3599977495217734,
        0.3599977495217734,
        0.3599977495217734,
        0.4879899478639211,
        0.4879899478639211,
        0.4879899478639211,
        0.4879899478639211,
        0.4879899478639211,
        0.5903829563782304,
        0.5903829563782304,
        0.5903829563782304,
        0.5903829563782304,
        0.5903829563782304,
        0.6722966130302689,
        0.6722966130302689,
        0.6722966130302689,
        0.6722966130302689,
        0.6722966130302689,
        0.7378267881924909,
        0.7378267881924909,
        0.7378267881924909,
        0.7378267881924909,
        0.7378267881924909,
        0.7902516784816773,
        0.7902516784816773,
        0.7902516784816773,
        0.7902516784816773,
        0.7902516784816773,
        0.8321893402347998,
        0.8321893402347998,
        0.8321893402347998,
        0.8321893402347998,
        0.8321893402347998,
        0.8657364689996624,
        0.8657364689996624,
        0.8657364689996624,
        0.8657364689996624,
        0.8657364689996624,
        0.8925809234462323,
        0.8925809234462323,
        0.8925809234462323,
        0.8925809234462323,
        0.8925809234462323,
        0.9140504857282172,
        0.9140504857282172,
        0.9140504857282172,
        0.9140504857282172,
        0.9140504857282172,
        0.9312291361914407,
        0.9312291361914407,
        0.9312291361914407,
        0.9312291361914407,
        0.9312291361914407,
        0.944968305764975,
        0.944968305764975,
        0.944968305764975,
        0.944968305764975,
        0.944968305764975,
        0.9559618919020292,
        0.9559618919020292,
        0.9559618919020292,
        0.9559618919020292,
        0.9559618919020292,
        0.9647612617681257,
        0.9647612617681257,
        0.9647612617681257,
        0.9647612617681257,
        0.9647612617681257,
        0.9717977570233675,
        0.9717977570233675,
        0.9717977570233675,
        0.9717977570233675,
        0.9717977570233675,
        0.9774314541840141,
        0.9774314541840141,
        0.9774314541840141,
        0.9774314541840141,
        0.9774314541840141,
        0.981928659840216,
        0.981928659840216,
        0.981928659840216,
        0.981928659840216,
        0.981928659840216,
        0.9855294250028132,
        0.9855294250028132,
        0.9855294250028132,
        0.9855294250028132,
        0.9855294250028132
    ]
}