{
    "args": {
        "load_last_pretrained": false,
        "model": "lenet",
        "dataset": "mnist",
        "epochs": 100,
        "batch_size": 60,
        "initialization": "xavier-uniform-half",
        "learning_rate": 0.0012,
        "forget_model": false,
        "disable_cuda": false,
        "pruning_rate": 0.2,
        "pruning_interval": 5,
        "seed": 46
    },
    "test_acc": [
        96.92166666666667,
        98.11833333333333,
        98.59666666666666,
        98.86666666666667,
        99.20666666666666,
        97.19666666666666,
        98.155,
        98.56833333333334,
        99.09166666666667,
        99.48833333333333,
        97.20166666666667,
        98.385,
        98.99833333333333,
        99.15333333333334,
        99.345,
        97.29333333333334,
        98.55333333333334,
        98.98666666666666,
        99.23333333333333,
        99.465,
        97.50333333333333,
        98.495,
        99.06666666666666,
        99.51333333333334,
        99.67833333333334,
        97.66833333333334,
        98.88333333333334,
        99.39666666666666,
        99.49,
        99.73666666666666,
        97.86666666666667,
        98.96833333333333,
        99.19833333333334,
        99.14,
        99.74499999999999,
        97.94333333333334,
        99.02166666666666,
        99.43666666666667,
        99.55333333333334,
        99.70833333333333,
        97.69666666666666,
        98.86333333333333,
        99.32666666666667,
        99.60166666666666,
        99.75166666666667,
        97.33666666666667,
        98.66166666666668,
        99.14833333333334,
        99.56,
        99.68666666666667,
        96.83333333333334,
        98.55666666666667,
        98.94333333333334,
        99.22833333333332,
        99.515,
        96.45,
        98.12166666666667,
        98.71833333333333,
        99.11999999999999,
        99.37166666666667,
        96.025,
        97.72333333333333,
        98.47666666666667,
        98.81333333333333,
        99.10166666666666,
        95.62666666666667,
        97.39666666666666,
        98.19333333333333,
        98.62666666666667,
        98.91166666666666,
        94.325,
        96.87333333333333,
        97.72,
        98.15833333333333,
        98.335,
        92.93666666666667,
        95.89166666666667,
        96.96666666666667,
        97.48333333333333,
        97.815,
        91.91833333333334,
        95.36833333333334,
        96.48333333333333,
        97.01833333333333,
        97.405,
        73.49333333333334,
        89.05333333333333,
        92.67833333333333,
        93.76,
        94.66333333333333,
        61.10666666666666,
        89.11166666666666,
        92.135,
        93.36,
        94.14,
        55.108333333333334,
        86.69666666666667,
        90.97833333333334,
        92.37833333333333,
        93.17166666666667
    ],
    "test_loss": [
        0.25401108675450085,
        0.09731972517957911,
        0.06628513811854646,
        0.04874786234542262,
        0.03674816586030647,
        0.26250598960183563,
        0.09126204347098246,
        0.059356983292498625,
        0.045223009778186676,
        0.03440145239012782,
        0.25285347808524966,
        0.0848653769919183,
        0.05560007927939296,
        0.03868080191756599,
        0.029831868562439922,
        0.25052412937767804,
        0.07638616307778284,
        0.048926663275575266,
        0.03467790436639916,
        0.02575334450433729,
        0.2498919424917549,
        0.07187514680763707,
        0.04521407244901639,
        0.030220919814659283,
        0.0222762903883995,
        0.253418775876984,
        0.06400521340128035,
        0.03859898336231708,
        0.025131496049580163,
        0.018037107585027114,
        0.26233808539528397,
        0.06044167296634987,
        0.03470803902274929,
        0.022339537825610024,
        0.01615829973311338,
        0.28416319883707913,
        0.059462155798450114,
        0.034223054706351834,
        0.02250869863893604,
        0.015885590232996037,
        0.3230429117046297,
        0.06503577337320894,
        0.03703277533408254,
        0.025011066009756177,
        0.017590681279907584,
        0.3719107502102852,
        0.07317181714484468,
        0.04317989536258392,
        0.029403201613924467,
        0.021085185962612742,
        0.439729006247595,
        0.08281300158891827,
        0.049298658106010404,
        0.0356992949511623,
        0.02708169607241871,
        0.5337569093443453,
        0.09544955071434379,
        0.05867960136197507,
        0.042616369436727836,
        0.03314185947284568,
        0.631223321210593,
        0.10584015851654112,
        0.06826106432778761,
        0.05094462778000161,
        0.041010049807839094,
        0.7622013000324368,
        0.1179321031421423,
        0.0764337021149695,
        0.057880829519592225,
        0.0468423962383531,
        0.9979706132560968,
        0.16337021111138164,
        0.0976880498919636,
        0.07646046237577685,
        0.06525581187056377,
        1.2463018970489501,
        0.21875705000385642,
        0.13053188929334283,
        0.10009804592002183,
        0.08480900389049202,
        1.403145084142685,
        0.2578928553536534,
        0.15414520151913166,
        0.11975133030302823,
        0.10144001168105751,
        1.7138749865889549,
        0.6791436125636101,
        0.44570896486938,
        0.3063655353859067,
        0.22538766451925038,
        1.9847046241760253,
        0.9745615780055523,
        0.4581126857101917,
        0.2947195361405611,
        0.23867751766741277,
        2.060081132888794,
        1.0118290479183196,
        0.5635469170510768,
        0.4089833764284849,
        0.30457020398974416
    ],
    "train_acc": [
        96.63000000000001,
        97.09,
        97.72,
        97.84,
        97.87,
        96.72,
        97.49,
        97.56,
        97.68,
        98.16,
        96.73,
        97.61,
        97.8,
        97.89999999999999,
        97.92,
        96.76,
        97.85000000000001,
        97.89999999999999,
        98.17,
        97.97,
        96.76,
        97.52,
        97.95,
        97.98,
        98.04,
        97.08,
        97.88,
        98.22999999999999,
        97.92,
        98.16,
        97.39999999999999,
        97.95,
        97.94,
        97.41,
        98.03,
        97.49,
        98.00999999999999,
        98.1,
        98.02,
        98.14,
        97.00999999999999,
        97.89,
        97.99,
        98.08,
        98.00999999999999,
        97.06,
        97.8,
        97.95,
        98.05,
        98.05,
        96.33,
        97.61,
        97.71,
        97.84,
        98.04,
        96.24000000000001,
        97.53,
        97.54,
        97.78999999999999,
        98.09,
        95.73,
        97.07000000000001,
        97.42,
        97.63,
        97.87,
        95.35,
        96.84,
        97.34,
        97.65,
        97.7,
        94.37,
        96.35000000000001,
        96.88,
        97.24000000000001,
        97.1,
        92.97,
        95.67,
        96.54,
        96.77,
        96.96000000000001,
        92.28,
        95.03,
        95.99,
        96.36,
        96.63000000000001,
        73.46000000000001,
        89.33,
        92.91,
        93.61,
        94.27,
        61.23,
        88.94,
        92.10000000000001,
        92.93,
        93.42,
        55.620000000000005,
        87.01,
        91.12,
        92.34,
        92.80000000000001
    ],
    "train_loss": [
        0.10960073922454061,
        0.08866588029073562,
        0.07644042296859319,
        0.07593276641264692,
        0.07359259051701589,
        0.10814308687419949,
        0.07773718022055433,
        0.0784570754249162,
        0.07074102195757748,
        0.0628843705708713,
        0.10556278585785342,
        0.07798807901848932,
        0.07346865198084203,
        0.07057889460022757,
        0.06893176257451383,
        0.10330805264993342,
        0.06968873739939652,
        0.06618729332729639,
        0.05899082827395732,
        0.0707274899081868,
        0.10068252590111272,
        0.07682201279115355,
        0.06779909860077844,
        0.06439869247431293,
        0.06687784885996702,
        0.09383511783354385,
        0.0675081189409523,
        0.058222467771279596,
        0.06677234088088815,
        0.06266012799634715,
        0.0906753317637001,
        0.06455850365437835,
        0.06775233183686293,
        0.08370540885346757,
        0.06571482778749914,
        0.08900965995038163,
        0.06558659261449458,
        0.05862163951478252,
        0.06719832023756278,
        0.06428464483413956,
        0.09639707188439851,
        0.06798694565512999,
        0.06418667907107198,
        0.06065559217045474,
        0.06571477037174125,
        0.10605795825357565,
        0.07264515088068065,
        0.0652282400792855,
        0.06421881664054982,
        0.06461312757975082,
        0.1239107411332473,
        0.08125217079915507,
        0.07392207349644984,
        0.06903744247898147,
        0.06969282121751681,
        0.13316591779985829,
        0.08791910811790271,
        0.07905957548499866,
        0.07164824815901989,
        0.0686106720129251,
        0.14871849971795512,
        0.09963930527607125,
        0.08436335223409051,
        0.08084634258439709,
        0.0738535933684513,
        0.16289018589757873,
        0.1087458883216995,
        0.08882465114828177,
        0.08256352692842484,
        0.07972954639545948,
        0.24959329176627235,
        0.12963996922407678,
        0.10663888654755262,
        0.09676939533454572,
        0.09811002988658266,
        0.32448416966164184,
        0.16348233906005671,
        0.12655382606752974,
        0.11313283673214342,
        0.1066187099570375,
        0.387911988411121,
        0.19185832522051063,
        0.14619143017216357,
        0.12913183320291385,
        0.11878876612259599,
        0.9560411497504412,
        0.51729179320935,
        0.3669695910400973,
        0.2638198305479067,
        0.21747225911139015,
        1.5196933789167575,
        0.5984300303601933,
        0.34228736652942476,
        0.26838989993055423,
        0.23340728455139492,
        1.4817319751499656,
        0.6764876883543894,
        0.4808575978536092,
        0.3499815198118815,
        0.28320484996555806
    ],
    "sparsity": [
        0.0,
        0.0,
        0.0,
        0.0,
        0.0,
        0.2,
        0.2,
        0.2,
        0.2,
        0.2,
        0.3599977495217734,
        0.3599977495217734,
        0.3599977495217734,
        0.3599977495217734,
        0.3599977495217734,
        0.4879899478639211,
        0.4879899478639211,
        0.4879899478639211,
        0.4879899478639211,
        0.4879899478639211,
        0.5903829563782304,
        0.5903829563782304,
        0.5903829563782304,
        0.5903829563782304,
        0.5903829563782304,
        0.6722966130302689,
        0.6722966130302689,
        0.6722966130302689,
        0.6722966130302689,
        0.6722966130302689,
        0.7378267881924909,
        0.7378267881924909,
        0.7378267881924909,
        0.7378267881924909,
        0.7378267881924909,
        0.7902516784816773,
        0.7902516784816773,
        0.7902516784816773,
        0.7902516784816773,
        0.7902516784816773,
        0.8321893402347998,
        0.8321893402347998,
        0.8321893402347998,
        0.8321893402347998,
        0.8321893402347998,
        0.8657364689996624,
        0.8657364689996624,
        0.8657364689996624,
        0.8657364689996624,
        0.8657364689996624,
        0.8925809234462323,
        0.8925809234462323,
        0.8925809234462323,
        0.8925809234462323,
        0.8925809234462323,
        0.9140504857282172,
        0.9140504857282172,
        0.9140504857282172,
        0.9140504857282172,
        0.9140504857282172,
        0.9312291361914407,
        0.9312291361914407,
        0.9312291361914407,
        0.9312291361914407,
        0.9312291361914407,
        0.944968305764975,
        0.944968305764975,
        0.944968305764975,
        0.944968305764975,
        0.944968305764975,
        0.9559618919020292,
        0.9559618919020292,
        0.9559618919020292,
        0.9559618919020292,
        0.9559618919020292,
        0.9647612617681257,
        0.9647612617681257,
        0.9647612617681257,
        0.9647612617681257,
        0.9647612617681257,
        0.9717977570233675,
        0.9717977570233675,
        0.9717977570233675,
        0.9717977570233675,
        0.9717977570233675,
        0.9774314541840141,
        0.9774314541840141,
        0.9774314541840141,
        0.9774314541840141,
        0.9774314541840141,
        0.981928659840216,
        0.981928659840216,
        0.981928659840216,
        0.981928659840216,
        0.981928659840216,
        0.9855294250028132,
        0.9855294250028132,
        0.9855294250028132,
        0.9855294250028132,
        0.9855294250028132
    ]
}