{
    "args": {
        "load_last_pretrained": false,
        "model": "lenet",
        "dataset": "mnist",
        "epochs": 100,
        "batch_size": 60,
        "initialization": "uniform",
        "learning_rate": 0.0012,
        "forget_model": false,
        "disable_cuda": false,
        "pruning_rate": 0.2,
        "pruning_interval": 5,
        "seed": 52
    },
    "test_acc": [
        74.98666666666666,
        80.89666666666666,
        76.43833333333333,
        87.33333333333333,
        86.35666666666667,
        64.50666666666666,
        83.82,
        87.79166666666667,
        89.78,
        91.21666666666667,
        90.56333333333333,
        92.11833333333334,
        93.74833333333333,
        94.935,
        96.11166666666666,
        94.38166666666666,
        96.22500000000001,
        97.08833333333334,
        97.51666666666667,
        98.04,
        95.95833333333333,
        97.60666666666667,
        98.285,
        98.85166666666667,
        99.03,
        96.69333333333333,
        98.1,
        98.75,
        99.14333333333335,
        99.11833333333333,
        97.315,
        98.50666666666666,
        98.82333333333332,
        99.36666666666667,
        99.48666666666666,
        97.43333333333334,
        98.495,
        99.09166666666667,
        99.36666666666667,
        99.36666666666667,
        97.195,
        98.405,
        99.15,
        99.43333333333332,
        99.55166666666668,
        97.03666666666668,
        98.515,
        99.08833333333334,
        99.40666666666667,
        99.535,
        96.60666666666667,
        98.2,
        98.85833333333333,
        99.13499999999999,
        99.38666666666667,
        96.33166666666668,
        98.04,
        98.66,
        99.02666666666666,
        99.25500000000001,
        95.77333333333333,
        97.66,
        98.50166666666667,
        98.81333333333333,
        99.13,
        95.33166666666666,
        97.35166666666667,
        98.12333333333333,
        98.48,
        98.77,
        94.46666666666667,
        96.91166666666666,
        97.64833333333334,
        98.16833333333334,
        98.40166666666667,
        93.95333333333333,
        96.43333333333334,
        97.39333333333333,
        97.79166666666667,
        98.2,
        91.46,
        95.63666666666667,
        96.695,
        97.295,
        97.51166666666666,
        90.16833333333332,
        95.33333333333334,
        96.56,
        96.98,
        97.30166666666666,
        81.78166666666667,
        93.02666666666667,
        94.59833333333333,
        95.24666666666667,
        95.66,
        75.24166666666666,
        92.14666666666666,
        93.73166666666667,
        94.265,
        94.765
    ],
    "test_loss": [
        450.24379218673704,
        36.809059866547585,
        35.598109997272495,
        35.59017894184589,
        33.0570743560195,
        2.068749737262726,
        1.2888590670228004,
        0.6583178197145462,
        0.43450895996391775,
        0.342693419277668,
        0.7313615874946118,
        0.3076142216846347,
        0.25163072502985595,
        0.20741137843579055,
        0.16549683380313218,
        0.357878006093204,
        0.17123901333287359,
        0.12308250119537115,
        0.094027802628465,
        0.07439671745337546,
        0.28708538051880894,
        0.1155795641457662,
        0.07790746543789283,
        0.058664577663410454,
        0.044700549999135544,
        0.27284396572224795,
        0.09017013094713912,
        0.05953300101845525,
        0.04431486720207613,
        0.03269620396301616,
        0.2845773919094354,
        0.07919466217327863,
        0.05079306564549915,
        0.036854014136479235,
        0.028108522857422942,
        0.30842180163972077,
        0.07536904439143836,
        0.04649431032058783,
        0.03485359156143386,
        0.025917247769713866,
        0.3335350641682744,
        0.07641249356651679,
        0.04730205031996593,
        0.033816808045376096,
        0.025101345618313644,
        0.3801890226863325,
        0.08167724917456508,
        0.049755282315192745,
        0.035179453827615365,
        0.026840522759885063,
        0.44873282964155076,
        0.092505955749657,
        0.05754978432599455,
        0.04177373364055529,
        0.03216329309460707,
        0.5380090825948864,
        0.09906243137922138,
        0.06364221251406707,
        0.047092625016579404,
        0.037692454959149475,
        0.6421688123643399,
        0.11317461717128753,
        0.07216093257442116,
        0.05330832887906581,
        0.04305264629959129,
        0.7801709836609662,
        0.12771849574521185,
        0.08399642857629806,
        0.06384515356412157,
        0.05219016297045164,
        0.9628166064321995,
        0.14729672189243137,
        0.09667152012884617,
        0.07552038795454427,
        0.06314936310658231,
        1.174811240784824,
        0.16480043335072697,
        0.10914454730134457,
        0.08569201776571572,
        0.07306468976102769,
        1.5081163110136986,
        0.22591093316301702,
        0.1364218987300992,
        0.10716190977208316,
        0.09219229004811495,
        1.5889051134586334,
        0.24604418818280102,
        0.14672836897522212,
        0.11737669134140015,
        0.10242559204949066,
        1.8173715641498567,
        0.5169401015788316,
        0.26521044386923315,
        0.20088508470356464,
        0.171897116266191,
        1.9734829100370408,
        0.6248082154989243,
        0.30347696831822396,
        0.23326616687327623,
        0.20351123948022723
    ],
    "train_acc": [
        76.44999999999999,
        80.84,
        76.75,
        87.32,
        87.08,
        65.12,
        84.94,
        88.53,
        90.35,
        91.36999999999999,
        90.86,
        92.19000000000001,
        93.57,
        94.45,
        95.69,
        94.28,
        95.7,
        96.64,
        96.61999999999999,
        97.24000000000001,
        95.65,
        96.92,
        97.47,
        97.85000000000001,
        97.77,
        96.27,
        97.17,
        97.76,
        98.11,
        97.65,
        96.75,
        97.69,
        97.7,
        98.06,
        98.02,
        96.91,
        97.52,
        97.91,
        98.04,
        97.97,
        96.78,
        97.52,
        97.86,
        98.16,
        98.07000000000001,
        96.61999999999999,
        97.67,
        98.08,
        98.05,
        98.00999999999999,
        96.21,
        97.36,
        97.84,
        97.92999999999999,
        97.91,
        95.97,
        97.3,
        97.69,
        97.82,
        97.81,
        95.66,
        97.07000000000001,
        97.58,
        97.66,
        97.82,
        95.11,
        96.66,
        97.28999999999999,
        97.44,
        97.64,
        94.26,
        96.28,
        96.84,
        97.26,
        97.24000000000001,
        93.91000000000001,
        96.16,
        96.63000000000001,
        97.08,
        97.22,
        91.85,
        95.59,
        96.39999999999999,
        96.78,
        96.78999999999999,
        90.98,
        95.22,
        96.04,
        96.48,
        96.6,
        82.38,
        93.04,
        94.32000000000001,
        94.85,
        95.09,
        75.03,
        92.32000000000001,
        93.95,
        94.35,
        94.67999999999999
    ],
    "train_loss": [
        21.653990514264134,
        29.580953669405268,
        52.69343507504035,
        22.83863712356476,
        24.920643856068573,
        1.7260305724458067,
        0.8606948952474994,
        0.4905593586182166,
        0.3635648145468649,
        0.30230150487786994,
        0.33664254424814694,
        0.2721551078522277,
        0.2270965612755564,
        0.18197004135675773,
        0.14655506314185565,
        0.20225921665836952,
        0.14164630593564695,
        0.11741452268185373,
        0.10864964476089456,
        0.08936933486326458,
        0.1422642983473882,
        0.10260346259721025,
        0.08358198305324255,
        0.06874186470323873,
        0.07172892356506119,
        0.12340091679713683,
        0.0915415918197996,
        0.07049566538290616,
        0.06752003702156603,
        0.07631363887493192,
        0.10921932130070504,
        0.07666325010638127,
        0.07400777640412311,
        0.06570441580606168,
        0.06732289370185623,
        0.10826161034226775,
        0.08175416997617144,
        0.06910056185010753,
        0.06350493515997813,
        0.07520900409240666,
        0.11044634408512694,
        0.07724036147795663,
        0.06957577724807232,
        0.06220341338580865,
        0.0678252389589687,
        0.11981821401479716,
        0.07911418604491624,
        0.06675973878950327,
        0.06710818921728896,
        0.06924992668634827,
        0.13334589265286922,
        0.08950387063564476,
        0.07562157246813982,
        0.07206105196870818,
        0.07112988863491682,
        0.13901319429501444,
        0.09299640068059374,
        0.08032726481121903,
        0.07566046976333785,
        0.07584365776427715,
        0.15787517400960366,
        0.10454141617958952,
        0.08604264751210541,
        0.08198724048418511,
        0.07876133359410985,
        0.17637178616341717,
        0.11282362177700339,
        0.09582957624831422,
        0.08817183956347718,
        0.08532479882217989,
        0.19870945664044626,
        0.12645473057950685,
        0.1077453868831703,
        0.09781596364598431,
        0.09392023620942976,
        0.21749826409145742,
        0.13420554505895355,
        0.11294548805736139,
        0.1020024117294275,
        0.09661782953140889,
        0.3544794156879722,
        0.16536881734511097,
        0.13183214993935502,
        0.11844494457016448,
        0.11401897921466721,
        0.4034234532517587,
        0.17942464452036128,
        0.1419292138833664,
        0.12722758731308453,
        0.12275814200322072,
        0.9094787625495545,
        0.3254660134187002,
        0.2295136201881363,
        0.19564443132923748,
        0.18019567697704908,
        1.1548153418980673,
        0.3727291398598048,
        0.2602080536370506,
        0.22246770404591532,
        0.20810300562374606
    ],
    "sparsity": [
        0.0,
        0.0,
        0.0,
        0.0,
        0.0,
        0.2,
        0.2,
        0.2,
        0.2,
        0.2,
        0.3599977495217734,
        0.3599977495217734,
        0.3599977495217734,
        0.3599977495217734,
        0.3599977495217734,
        0.4879899478639211,
        0.4879899478639211,
        0.4879899478639211,
        0.4879899478639211,
        0.4879899478639211,
        0.5903829563782304,
        0.5903829563782304,
        0.5903829563782304,
        0.5903829563782304,
        0.5903829563782304,
        0.6722966130302689,
        0.6722966130302689,
        0.6722966130302689,
        0.6722966130302689,
        0.6722966130302689,
        0.7378267881924909,
        0.7378267881924909,
        0.7378267881924909,
        0.7378267881924909,
        0.7378267881924909,
        0.7902516784816773,
        0.7902516784816773,
        0.7902516784816773,
        0.7902516784816773,
        0.7902516784816773,
        0.8321893402347998,
        0.8321893402347998,
        0.8321893402347998,
        0.8321893402347998,
        0.8321893402347998,
        0.8657364689996624,
        0.8657364689996624,
        0.8657364689996624,
        0.8657364689996624,
        0.8657364689996624,
        0.8925809234462323,
        0.8925809234462323,
        0.8925809234462323,
        0.8925809234462323,
        0.8925809234462323,
        0.9140504857282172,
        0.9140504857282172,
        0.9140504857282172,
        0.9140504857282172,
        0.9140504857282172,
        0.9312291361914407,
        0.9312291361914407,
        0.9312291361914407,
        0.9312291361914407,
        0.9312291361914407,
        0.944968305764975,
        0.944968305764975,
        0.944968305764975,
        0.944968305764975,
        0.944968305764975,
        0.9559618919020292,
        0.9559618919020292,
        0.9559618919020292,
        0.9559618919020292,
        0.9559618919020292,
        0.9647612617681257,
        0.9647612617681257,
        0.9647612617681257,
        0.9647612617681257,
        0.9647612617681257,
        0.9717977570233675,
        0.9717977570233675,
        0.9717977570233675,
        0.9717977570233675,
        0.9717977570233675,
        0.9774314541840141,
        0.9774314541840141,
        0.9774314541840141,
        0.9774314541840141,
        0.9774314541840141,
        0.981928659840216,
        0.981928659840216,
        0.981928659840216,
        0.981928659840216,
        0.981928659840216,
        0.9855294250028132,
        0.9855294250028132,
        0.9855294250028132,
        0.9855294250028132,
        0.9855294250028132
    ]
}