{
    "args": {
        "load_last_pretrained": false,
        "model": "lenet",
        "dataset": "mnist",
        "epochs": 100,
        "batch_size": 60,
        "initialization": "uniform",
        "learning_rate": 0.0012,
        "forget_model": false,
        "disable_cuda": false,
        "pruning_rate": 0.2,
        "pruning_interval": 5,
        "seed": 44
    },
    "test_acc": [
        70.62833333333333,
        77.89,
        81.755,
        85.79333333333334,
        77.505,
        72.28166666666667,
        83.73166666666667,
        88.22333333333333,
        90.345,
        91.68666666666667,
        90.69833333333334,
        92.705,
        93.86333333333333,
        95.14833333333334,
        96.17999999999999,
        94.45666666666666,
        95.99166666666666,
        97.22666666666666,
        98.03666666666668,
        98.42666666666666,
        96.15666666666667,
        97.62166666666666,
        98.34666666666666,
        98.81,
        98.52333333333333,
        97.17166666666667,
        98.16833333333334,
        98.75,
        99.17166666666667,
        99.33999999999999,
        97.39,
        98.46333333333334,
        98.75833333333334,
        99.31,
        99.51333333333334,
        97.36,
        98.58833333333334,
        99.09333333333333,
        99.33833333333332,
        99.34333333333333,
        97.42,
        98.66666666666667,
        99.01333333333334,
        99.395,
        99.41666666666666,
        97.14833333333334,
        98.47333333333333,
        99.125,
        99.39,
        99.56333333333333,
        96.67333333333333,
        98.29833333333333,
        98.76833333333333,
        99.24666666666667,
        99.34166666666667,
        96.43,
        98.085,
        98.82166666666666,
        99.12333333333333,
        99.325,
        96.13333333333334,
        97.855,
        98.555,
        98.85333333333334,
        99.13833333333332,
        95.51333333333332,
        97.38666666666667,
        98.16833333333334,
        98.55833333333334,
        98.83333333333333,
        94.92333333333333,
        96.96000000000001,
        97.70333333333333,
        98.195,
        98.46166666666667,
        94.14,
        96.57,
        97.41666666666666,
        97.875,
        98.04166666666667,
        86.68333333333334,
        95.165,
        96.20333333333333,
        96.79166666666667,
        97.01333333333334,
        84.48666666666666,
        94.25,
        95.55166666666666,
        96.08333333333333,
        96.46666666666667,
        73.32,
        91.35333333333332,
        94.14833333333334,
        95.12,
        95.64,
        60.656666666666666,
        85.92999999999999,
        91.64999999999999,
        92.95833333333333,
        93.625
    ],
    "test_loss": [
        343.7544496297836,
        33.3643722550869,
        33.519137452602386,
        33.7817829375267,
        34.81773166823387,
        2.01854372048378,
        1.1435251443982124,
        0.6004312101900577,
        0.41205140300095083,
        0.3303413174897432,
        0.6817055553346872,
        0.29822253286093475,
        0.2449218190200627,
        0.19993749501742422,
        0.15895161783508957,
        0.34476286002248524,
        0.16475053494237363,
        0.11780796074867249,
        0.09002034461498261,
        0.07106888638529926,
        0.2812566802613437,
        0.11434365660371258,
        0.07642365530831739,
        0.059286663277540355,
        0.04422909400990466,
        0.2656300028581172,
        0.08588471305696294,
        0.058287033043801784,
        0.04242290131584741,
        0.03402208972652443,
        0.2802814025171101,
        0.0770920907491818,
        0.049400332141201944,
        0.035335153795662336,
        0.0274353172397241,
        0.29783576241880655,
        0.07223860125103966,
        0.045267198128975,
        0.031747695671743716,
        0.024623433933360504,
        0.33416301855351777,
        0.07200216846680269,
        0.0436330268222373,
        0.031011135225649925,
        0.023716836006497034,
        0.37039803343918176,
        0.07754376889672131,
        0.04679896442545578,
        0.032675117234117354,
        0.02471078435878735,
        0.43027751142345366,
        0.08854641971504315,
        0.05357592820608988,
        0.03821987513289787,
        0.029190577841887715,
        0.5167768579814583,
        0.0983594281366095,
        0.06006271561328322,
        0.04257149452855811,
        0.033526068855659105,
        0.6109213746227324,
        0.1075726857110858,
        0.06815471038268879,
        0.050331163537455724,
        0.04027647510869428,
        0.7494305658563971,
        0.122514558092691,
        0.07985379101615399,
        0.06119995582196862,
        0.049736227871850135,
        0.915530842281878,
        0.13927181281521916,
        0.09400432861968874,
        0.07350079013872891,
        0.06163797122240067,
        1.1429597100913524,
        0.15890253926627337,
        0.10628113474138082,
        0.08495158292818815,
        0.07330709618516267,
        1.4939247349798679,
        0.2913960522338748,
        0.15333268773928285,
        0.12548134112544357,
        0.11062428782414645,
        1.69034577614069,
        0.40478676657378676,
        0.1854397396761924,
        0.14783600598201155,
        0.1295894191954285,
        1.8221818495988846,
        0.7273743295520544,
        0.27643926087021825,
        0.1959090896062553,
        0.16801121971569954,
        2.0038844637870787,
        1.0235236688256264,
        0.47993342982232573,
        0.3229516544565558,
        0.268930338203907
    ],
    "train_acc": [
        70.6,
        78.58000000000001,
        82.53,
        86.57000000000001,
        78.74,
        73.2,
        84.75,
        89.1,
        90.81,
        92.08,
        91.2,
        92.89,
        93.67999999999999,
        94.78,
        95.67,
        94.32000000000001,
        95.67999999999999,
        96.6,
        97.42,
        97.45,
        95.89,
        96.97,
        97.59,
        97.74000000000001,
        97.56,
        96.66,
        97.61999999999999,
        97.41,
        97.99,
        97.91,
        97.02,
        97.42,
        97.37,
        97.77,
        97.97,
        96.77,
        97.69,
        97.82,
        97.85000000000001,
        97.89,
        96.77,
        97.75,
        97.7,
        98.03,
        97.84,
        96.67,
        97.61999999999999,
        97.99,
        98.03,
        98.02,
        96.14,
        97.5,
        97.65,
        97.77,
        97.81,
        96.02000000000001,
        97.35000000000001,
        97.68,
        97.67,
        97.85000000000001,
        95.78999999999999,
        97.16,
        97.44,
        97.50999999999999,
        97.61999999999999,
        95.34,
        96.8,
        97.3,
        97.33000000000001,
        97.45,
        94.82000000000001,
        96.41,
        96.92,
        97.11,
        97.26,
        93.92,
        96.02000000000001,
        96.73,
        97.00999999999999,
        97.09,
        86.86,
        94.94,
        95.78,
        96.1,
        96.36,
        85.72,
        94.05,
        95.08,
        95.48,
        95.92,
        74.77000000000001,
        91.67999999999999,
        93.89999999999999,
        94.73,
        95.04,
        61.760000000000005,
        86.35000000000001,
        91.60000000000001,
        92.73,
        93.25
    ],
    "train_loss": [
        33.04760238510406,
        35.99227101788549,
        29.130195043758004,
        26.267566725165544,
        69.06949843903502,
        1.5875899863100338,
        0.7582379418932749,
        0.46121587349983034,
        0.3503591882254549,
        0.29407070171154903,
        0.3265070932175585,
        0.2592534254678709,
        0.2179044131970334,
        0.17706017642320987,
        0.14665515871417378,
        0.1951748835380206,
        0.14820281065955848,
        0.10799957397477535,
        0.08628956966302888,
        0.07986152924117661,
        0.13957752890795647,
        0.09546544943227918,
        0.07678878292006379,
        0.07288757215036515,
        0.08039803775362,
        0.11080768865583364,
        0.08137539923637213,
        0.08279050381374574,
        0.06532126885398241,
        0.06929516615583087,
        0.10446725613409709,
        0.08082967865542916,
        0.07929939313228437,
        0.07000933931777979,
        0.06607843146375018,
        0.10619701340259192,
        0.07494005480848119,
        0.06634834890315186,
        0.0704581393500578,
        0.07230037887591846,
        0.10865330915273486,
        0.0728362616720403,
        0.07418895307454297,
        0.06510611870019378,
        0.07262160203734713,
        0.1130134292995323,
        0.0770862346325449,
        0.06551722400894243,
        0.06737720582656517,
        0.06709731720606825,
        0.1318806485345442,
        0.08583222287233004,
        0.07612762577039842,
        0.07101656714716402,
        0.07379757548531818,
        0.13718009572810755,
        0.08965033079179639,
        0.07619973397562782,
        0.07350619836615588,
        0.07254192068012888,
        0.14788705065935673,
        0.09787998848711837,
        0.08345135906432381,
        0.08139061927655991,
        0.07760284597912949,
        0.16834822234636296,
        0.1123209694723883,
        0.09312500303310013,
        0.0897518884736353,
        0.087440369325874,
        0.1902536569375121,
        0.12546525139383927,
        0.10614781315343644,
        0.09609018354314174,
        0.09430832406338639,
        0.2244219870089057,
        0.13867267865888372,
        0.11490257405592295,
        0.1062131501165425,
        0.10412672384569567,
        0.57605544339397,
        0.18428941135724147,
        0.1471277768026569,
        0.13750941681112358,
        0.13222631574524735,
        0.832953902775656,
        0.22844445308346947,
        0.17291941607515968,
        0.15697496229347713,
        0.1440365145953294,
        1.1254802774526402,
        0.37883708764336066,
        0.2279779603425971,
        0.19370801972147234,
        0.17928306932399374,
        1.3795420923632775,
        0.6579366560110789,
        0.3722755465500369,
        0.29956891579542333,
        0.2708337210609527
    ],
    "sparsity": [
        0.0,
        0.0,
        0.0,
        0.0,
        0.0,
        0.2,
        0.2,
        0.2,
        0.2,
        0.2,
        0.3599977495217734,
        0.3599977495217734,
        0.3599977495217734,
        0.3599977495217734,
        0.3599977495217734,
        0.4879899478639211,
        0.4879899478639211,
        0.4879899478639211,
        0.4879899478639211,
        0.4879899478639211,
        0.5903829563782304,
        0.5903829563782304,
        0.5903829563782304,
        0.5903829563782304,
        0.5903829563782304,
        0.6722966130302689,
        0.6722966130302689,
        0.6722966130302689,
        0.6722966130302689,
        0.6722966130302689,
        0.7378267881924909,
        0.7378267881924909,
        0.7378267881924909,
        0.7378267881924909,
        0.7378267881924909,
        0.7902516784816773,
        0.7902516784816773,
        0.7902516784816773,
        0.7902516784816773,
        0.7902516784816773,
        0.8321893402347998,
        0.8321893402347998,
        0.8321893402347998,
        0.8321893402347998,
        0.8321893402347998,
        0.8657364689996624,
        0.8657364689996624,
        0.8657364689996624,
        0.8657364689996624,
        0.8657364689996624,
        0.8925809234462323,
        0.8925809234462323,
        0.8925809234462323,
        0.8925809234462323,
        0.8925809234462323,
        0.9140504857282172,
        0.9140504857282172,
        0.9140504857282172,
        0.9140504857282172,
        0.9140504857282172,
        0.9312291361914407,
        0.9312291361914407,
        0.9312291361914407,
        0.9312291361914407,
        0.9312291361914407,
        0.944968305764975,
        0.944968305764975,
        0.944968305764975,
        0.944968305764975,
        0.944968305764975,
        0.9559618919020292,
        0.9559618919020292,
        0.9559618919020292,
        0.9559618919020292,
        0.9559618919020292,
        0.9647612617681257,
        0.9647612617681257,
        0.9647612617681257,
        0.9647612617681257,
        0.9647612617681257,
        0.9717977570233675,
        0.9717977570233675,
        0.9717977570233675,
        0.9717977570233675,
        0.9717977570233675,
        0.9774314541840141,
        0.9774314541840141,
        0.9774314541840141,
        0.9774314541840141,
        0.9774314541840141,
        0.981928659840216,
        0.981928659840216,
        0.981928659840216,
        0.981928659840216,
        0.981928659840216,
        0.9855294250028132,
        0.9855294250028132,
        0.9855294250028132,
        0.9855294250028132,
        0.9855294250028132
    ]
}