{
    "args": {
        "load_last_pretrained": false,
        "model": "conv6",
        "dataset": "CIFAR10",
        "epochs": 100,
        "batch_size": 60,
        "initialization": "xavier-uniform",
        "learning_rate": 0.0003,
        "forget_model": false,
        "disable_cuda": false,
        "pruning_rate": 0.2,
        "pruning_interval": 5,
        "seed": 42
    },
    "test_acc": [
        53.222,
        65.92,
        75.854,
        81.516,
        85.87599999999999,
        46.816,
        57.036,
        64.114,
        71.88799999999999,
        78.014,
        42.35,
        52.205999999999996,
        61.828,
        66.046,
        73.244,
        26.735999999999997,
        45.194,
        57.546,
        64.586,
        66.46600000000001,
        10.0,
        39.800000000000004,
        53.36,
        64.804,
        68.472,
        27.672,
        48.336,
        59.708000000000006,
        66.054,
        68.99,
        18.310000000000002,
        44.24,
        57.184000000000005,
        64.52,
        68.34,
        35.099999999999994,
        49.456,
        56.996,
        63.698,
        65.828,
        29.165999999999997,
        38.464,
        46.56,
        53.681999999999995,
        58.394,
        25.384,
        38.647999999999996,
        46.605999999999995,
        52.268,
        58.914,
        10.12,
        33.952,
        41.699999999999996,
        46.77,
        53.449999999999996,
        10.0,
        10.0,
        10.0,
        10.0,
        31.252000000000002,
        15.528,
        32.013999999999996,
        38.926,
        42.982,
        45.548,
        14.418000000000001,
        29.576,
        29.682,
        34.174,
        38.288,
        10.0,
        10.0,
        10.0,
        10.0,
        10.0,
        10.0,
        10.0,
        10.0,
        10.0,
        10.0,
        10.0,
        10.0,
        10.0,
        14.591999999999999,
        28.226000000000003,
        10.0,
        10.0,
        10.0,
        10.0,
        15.092,
        10.0,
        10.0,
        10.0,
        10.0,
        10.0,
        10.0,
        10.0,
        10.0,
        10.0,
        10.0
    ],
    "test_loss": [
        1.5646247262720296,
        1.0822133221071688,
        0.834702208781128,
        0.65906742150835,
        0.5298778178165856,
        1.759784441771839,
        1.3436632642357185,
        1.1240179801730514,
        0.924957409179468,
        0.7780967850407823,
        1.8869182994897418,
        1.417607342167724,
        1.1752777030285029,
        0.9819044314271255,
        0.8375188398847191,
        2.1721934117287467,
        1.6337058162517686,
        1.3463743140371582,
        1.1128114759922028,
        0.959626853823376,
        2.3025198557394013,
        1.8339707362566062,
        1.3975747499248679,
        1.1317799273583529,
        0.9540915853685612,
        2.1579655598965193,
        1.5922151300832807,
        1.2241800385270474,
        1.0352981289227803,
        0.9190842486399826,
        2.3017820783084533,
        1.8418290080498163,
        1.3514159142399291,
        1.1069863226345118,
        0.9585667567001545,
        1.9942637394658096,
        1.5357186721383238,
        1.2973357062402675,
        1.1141735589046844,
        1.0008436495737492,
        2.1125804967731594,
        1.7552462487483769,
        1.5506935382632614,
        1.36821477104434,
        1.2208603964292175,
        2.2360029998157236,
        1.788137418188923,
        1.5334220652957615,
        1.3395383941183845,
        1.2060347280913977,
        2.302264845914406,
        1.9444955547364782,
        1.6522142506903597,
        1.4921011818970422,
        1.3680107510633035,
        2.302875196333412,
        2.3026394100783825,
        2.3025245872332896,
        2.302269121154035,
        2.1532285982470434,
        2.29161771767431,
        1.9070218312654563,
        1.737042350877675,
        1.5942314001296063,
        1.523471060559618,
        2.295062415319667,
        2.0009159184188294,
        1.812538158550537,
        1.7614957185672055,
        1.7002583572046934,
        2.3028971482809784,
        2.3026987271343202,
        2.3026294039307738,
        2.302606967999209,
        2.302599218823641,
        2.3029087856233263,
        2.3027018208583767,
        2.3026334924949445,
        2.302613914727593,
        2.302609220683146,
        2.302907913994732,
        2.302688799030203,
        2.302630909055257,
        2.2986584132809718,
        2.0758756866557992,
        2.3029219901247275,
        2.302708189836223,
        2.302638704256474,
        2.3026153260855367,
        2.3026063853888203,
        2.302916882992934,
        2.3027019660821635,
        2.3026388460497778,
        2.3026177182757883,
        2.302610902191638,
        2.302908780191728,
        2.302704876561245,
        2.3026362940561858,
        2.302617885225968,
        2.3026128272644337
    ],
    "train_acc": [
        51.92,
        63.49,
        71.50999999999999,
        75.46000000000001,
        76.42999999999999,
        46.72,
        55.42,
        61.980000000000004,
        67.9,
        72.47,
        42.230000000000004,
        52.239999999999995,
        60.440000000000005,
        64.22,
        70.1,
        26.71,
        44.97,
        56.74,
        63.2,
        64.75999999999999,
        10.0,
        39.589999999999996,
        53.239999999999995,
        63.849999999999994,
        66.97,
        27.96,
        47.599999999999994,
        59.28,
        64.82,
        67.28,
        18.62,
        44.0,
        56.410000000000004,
        64.44,
        67.31,
        34.93,
        48.85,
        57.230000000000004,
        62.7,
        64.87,
        29.799999999999997,
        38.67,
        46.73,
        53.580000000000005,
        58.19,
        25.64,
        38.34,
        46.35,
        51.89,
        58.879999999999995,
        10.09,
        33.72,
        41.28,
        46.43,
        53.36,
        10.0,
        10.0,
        10.0,
        10.0,
        30.220000000000002,
        15.6,
        32.06,
        38.22,
        42.46,
        45.68,
        14.549999999999999,
        29.29,
        30.44,
        33.550000000000004,
        37.69,
        10.0,
        10.0,
        10.0,
        10.0,
        10.0,
        10.0,
        10.0,
        10.0,
        10.0,
        10.0,
        10.0,
        10.0,
        10.0,
        14.680000000000001,
        28.560000000000002,
        10.0,
        10.0,
        10.0,
        10.0,
        15.370000000000001,
        10.0,
        10.0,
        10.0,
        10.0,
        10.0,
        10.0,
        10.0,
        10.0,
        10.0,
        10.0
    ],
    "train_loss": [
        1.3119908221467527,
        1.0363456028664184,
        0.8334137087096711,
        0.7188399548302153,
        0.6833790544264331,
        1.4415252822601867,
        1.225849386460767,
        1.0694028538858105,
        0.912649796751445,
        0.7961329860601597,
        1.5491882534084205,
        1.3036119830822517,
        1.1133452678868871,
        0.9973190723065131,
        0.8564784505410109,
        1.867812138831544,
        1.4733076431080252,
        1.184012338072954,
        1.0368425589121744,
        0.9898434024371073,
        2.299327280706988,
        1.5984243218770284,
        1.2612602839212932,
        1.016305677905054,
        0.9329707965165556,
        1.8240624130842928,
        1.3957868728809013,
        1.1151099158618265,
        0.9896138728021862,
        0.9181949535529771,
        2.2971523007946812,
        1.514833838639859,
        1.1896451361878904,
        1.0121437132715465,
        0.9255479777644494,
        1.7329763066982795,
        1.383253866327023,
        1.1966808259844066,
        1.0520876763823503,
        0.9947466646839759,
        1.850104219185378,
        1.6467755761689056,
        1.440505485334796,
        1.2744359991507617,
        1.1744682085728217,
        1.898508635823598,
        1.638009847281222,
        1.4343562183265914,
        1.3011541691368926,
        1.159033882760716,
        2.297324664578466,
        1.743156366005629,
        1.5506449752225133,
        1.4356607077364436,
        1.281449801907568,
        2.302678062530335,
        2.3025568088371595,
        2.3024392413521957,
        2.3017715237097827,
        1.8319667977487255,
        2.199510685698001,
        1.7776662782280745,
        1.6348563646841905,
        1.5402134985267044,
        1.4826901601460165,
        2.2165188489559884,
        1.8397136962342404,
        1.8291330016301777,
        1.723971840150342,
        1.6472143748563206,
        2.3027479448718227,
        2.3026290767920945,
        2.3025901303319873,
        2.3025823310463727,
        2.3025735795140982,
        2.3027450681446555,
        2.302634694619093,
        2.3025981437660263,
        2.302590390165409,
        2.302585350539156,
        2.3027313340923743,
        2.3026235888818065,
        2.302595880931009,
        2.228108788678746,
        1.976632685004594,
        2.3027488856972336,
        2.3026383222934013,
        2.30260107759944,
        2.302590768494292,
        2.302582639420104,
        2.302754439279705,
        2.302636550572104,
        2.302602946401356,
        2.3025901917212024,
        2.302588862573315,
        2.302737624345425,
        2.302640418092648,
        2.3026040114328534,
        2.3025930327569655,
        2.30258774471854
    ],
    "sparsity": [
        0.0,
        0.0,
        0.0,
        0.0,
        0.0,
        0.19999672942921468,
        0.19999672942921468,
        0.19999672942921468,
        0.19999672942921468,
        0.19999672942921468,
        0.35999482012302647,
        0.35999482012302647,
        0.35999482012302647,
        0.35999482012302647,
        0.35999482012302647,
        0.48799081765153574,
        0.48799081765153574,
        0.48799081765153574,
        0.48799081765153574,
        0.48799081765153574,
        0.5903897371256633,
        0.5903897371256633,
        0.5903897371256633,
        0.5903897371256633,
        0.5903897371256633,
        0.6723086959173553,
        0.6723086959173553,
        0.6723086959173553,
        0.6723086959173553,
        0.6723086959173553,
        0.737844304919734,
        0.737844304919734,
        0.737844304919734,
        0.737844304919734,
        0.737844304919734,
        0.7902724385464169,
        0.7902724385464169,
        0.7902724385464169,
        0.7902724385464169,
        0.7902724385464169,
        0.8322148570539583,
        0.8322148570539583,
        0.8322148570539583,
        0.8322148570539583,
        0.8322148570539583,
        0.8657678195281362,
        0.8657678195281362,
        0.8657678195281362,
        0.8657678195281362,
        0.8657678195281362,
        0.8926116922021637,
        0.8926116922021637,
        0.8926116922021637,
        0.8926116922021637,
        0.8926116922021637,
        0.9140847572838705,
        0.9140847572838705,
        0.9140847572838705,
        0.9140847572838705,
        0.9140847572838705,
        0.931263651318261,
        0.931263651318261,
        0.931263651318261,
        0.931263651318261,
        0.931263651318261,
        0.9450088879970936,
        0.9450088879970936,
        0.9450088879970936,
        0.9450088879970936,
        0.9450088879970936,
        0.9560037514330846,
        0.9560037514330846,
        0.9560037514330846,
        0.9560037514330846,
        0.9560037514330846,
        0.9647984930624122,
        0.9647984930624122,
        0.9647984930624122,
        0.9647984930624122,
        0.9647984930624122,
        0.9718355238791444,
        0.9718355238791444,
        0.9718355238791444,
        0.9718355238791444,
        0.9718355238791444,
        0.9774639994130652,
        0.9774639994130652,
        0.9774639994130652,
        0.9774639994130652,
        0.9774639994130652,
        0.9819672218092267,
        0.9819672218092267,
        0.9819672218092267,
        0.9819672218092267,
        0.9819672218092267,
        0.9855697113323509,
        0.9855697113323509,
        0.9855697113323509,
        0.9855697113323509,
        0.9855697113323509
    ]
}