{
    "args": {
        "load_last_pretrained": false,
        "model": "lenet",
        "dataset": "mnist",
        "epochs": 100,
        "batch_size": 60,
        "initialization": "xavier-uniform-double",
        "learning_rate": 0.0012,
        "forget_model": false,
        "disable_cuda": false,
        "pruning_rate": 0.2,
        "pruning_interval": 5,
        "seed": 49
    },
    "test_acc": [
        97.19833333333334,
        98.30166666666666,
        98.80166666666666,
        98.94833333333334,
        99.02666666666666,
        96.615,
        98.08833333333334,
        98.45166666666667,
        99.185,
        99.14,
        97.12166666666666,
        97.99333333333334,
        98.82833333333333,
        99.19833333333334,
        99.41833333333334,
        97.39833333333333,
        98.54666666666667,
        99.08166666666666,
        99.30333333333333,
        99.315,
        97.38666666666667,
        98.67666666666666,
        99.10666666666667,
        99.435,
        99.59333333333333,
        97.71333333333332,
        98.75,
        99.18,
        99.355,
        99.58,
        97.875,
        98.96166666666667,
        99.325,
        99.63,
        99.70833333333333,
        97.89166666666667,
        98.84166666666667,
        99.34166666666667,
        99.56833333333334,
        99.65166666666667,
        97.75333333333333,
        98.96833333333333,
        99.31833333333333,
        99.67166666666667,
        99.75500000000001,
        97.50166666666667,
        98.76,
        99.34333333333333,
        99.46166666666667,
        99.73166666666667,
        97.10833333333333,
        98.56666666666666,
        99.19666666666667,
        99.42,
        99.56666666666666,
        96.67,
        98.37833333333333,
        98.93833333333333,
        99.22333333333333,
        99.40166666666667,
        96.06833333333333,
        98.03166666666667,
        98.69666666666667,
        98.985,
        99.17833333333334,
        95.295,
        97.39,
        98.06833333333333,
        98.54,
        98.77333333333334,
        94.45166666666667,
        96.905,
        97.71833333333333,
        98.11999999999999,
        98.47333333333333,
        92.805,
        95.78166666666667,
        96.85333333333334,
        97.43166666666667,
        97.67333333333333,
        89.50833333333334,
        94.94666666666667,
        96.24666666666667,
        96.985,
        97.23833333333334,
        72.82666666666667,
        90.675,
        93.37166666666667,
        94.26333333333334,
        94.625,
        74.67833333333334,
        82.89666666666666,
        83.74333333333334,
        84.295,
        84.65666666666667,
        71.51166666666666,
        82.865,
        84.03333333333333,
        84.09,
        84.52833333333334
    ],
    "test_loss": [
        0.2345149056306109,
        0.09029556779866107,
        0.05748118927772157,
        0.04670341039658524,
        0.03699349141842686,
        0.27216384723596276,
        0.09706547737121582,
        0.06384212846844457,
        0.0459399805040448,
        0.03570727397489827,
        0.252638499003835,
        0.08471941369445994,
        0.057060999783221635,
        0.040835849063005296,
        0.030600578666315412,
        0.2469538150811568,
        0.07780448110040743,
        0.05015227232663892,
        0.036178757743269674,
        0.027186386698362184,
        0.25104228215944024,
        0.07167202554177493,
        0.04479066640639212,
        0.0312831234926125,
        0.02271753001376055,
        0.2567348978118971,
        0.06573790498171002,
        0.038766430727439,
        0.02746916444171802,
        0.019080026949872264,
        0.2668382149171084,
        0.06156999263260514,
        0.03618448927358259,
        0.02338478208502056,
        0.018066099820425733,
        0.285798718964681,
        0.05946533804526553,
        0.03427488953107968,
        0.022726653332763816,
        0.017315495335147715,
        0.32145540659315885,
        0.06322757101245224,
        0.03586059888964519,
        0.02397512217934127,
        0.017024822936364217,
        0.3562707769665867,
        0.06716182328248396,
        0.04026982761954423,
        0.02723060988733778,
        0.019537050589278807,
        0.4212041503340006,
        0.07471104039344936,
        0.04452764332969673,
        0.030647840660763905,
        0.022000566640752367,
        0.49584033712744713,
        0.08782856330974027,
        0.052749916196102274,
        0.037155554433818905,
        0.028385687308502383,
        0.60574665370211,
        0.10530537245236338,
        0.06306441741017625,
        0.04569010538770817,
        0.03608239362994209,
        0.7669248116016388,
        0.1283856710679829,
        0.08210377386119216,
        0.06113391598174348,
        0.049048677574843165,
        1.0027621163651348,
        0.1516105854678899,
        0.09755103298369795,
        0.07398002511262894,
        0.06091507570352405,
        1.2007303452268243,
        0.19118469563126564,
        0.12733601421862842,
        0.09928712966106833,
        0.08359837801288814,
        1.546120921254158,
        0.24776173083484174,
        0.1517091302126646,
        0.11914380114991217,
        0.10175653283670545,
        1.7779166319966315,
        0.6421903804242611,
        0.4904720198810101,
        0.4149091513901949,
        0.3499846506714821,
        1.7919757128357887,
        0.8413498137593269,
        0.6187368061840535,
        0.46150801216065884,
        0.3911892557144165,
        1.9094598333239556,
        0.8877970007061958,
        0.6626644859910011,
        0.5163291136920453,
        0.4225355097353458
    ],
    "train_acc": [
        96.39,
        97.38,
        97.59,
        97.28999999999999,
        97.47,
        96.49,
        97.34,
        97.37,
        97.99,
        97.92,
        96.55,
        97.28999999999999,
        97.76,
        97.92,
        98.09,
        97.05,
        97.7,
        98.00999999999999,
        97.98,
        97.85000000000001,
        96.89,
        97.75,
        97.98,
        97.95,
        97.99,
        97.08,
        97.72,
        97.92,
        97.82,
        98.06,
        97.19,
        97.74000000000001,
        98.0,
        98.13,
        98.28,
        97.36,
        97.84,
        97.95,
        98.11,
        98.11999999999999,
        97.21,
        97.92999999999999,
        97.99,
        98.25,
        98.11999999999999,
        97.1,
        97.82,
        98.09,
        98.06,
        98.14,
        96.75,
        97.58,
        97.92999999999999,
        98.02,
        98.14,
        96.23,
        97.48,
        97.8,
        97.89999999999999,
        97.98,
        95.76,
        97.41,
        97.68,
        97.75,
        97.86,
        95.25,
        96.78,
        97.17,
        97.42,
        97.50999999999999,
        94.48,
        96.53,
        97.02,
        97.16,
        97.48,
        93.08999999999999,
        95.46,
        96.31,
        96.53,
        96.75,
        90.14,
        94.62,
        95.66,
        96.09,
        96.15,
        72.92,
        90.51,
        93.01,
        93.78999999999999,
        93.75,
        75.0,
        82.96,
        83.45,
        83.91999999999999,
        84.33,
        71.52,
        82.88,
        83.52000000000001,
        83.65,
        83.94
    ],
    "train_loss": [
        0.11719733655653493,
        0.09162765772508535,
        0.08015147127869154,
        0.08566022207709531,
        0.09461346808904615,
        0.11640807170933949,
        0.08543720300181094,
        0.08533327972438343,
        0.06876695991429628,
        0.07129769543782546,
        0.10835574381611125,
        0.08335905894637108,
        0.07219307535902379,
        0.0652006293046093,
        0.06693439354421571,
        0.09467173086668917,
        0.07271069834778408,
        0.06389420174137539,
        0.0648261413297443,
        0.06786637639621283,
        0.09667657489726643,
        0.07109561765533008,
        0.06507578235353806,
        0.06341460599455269,
        0.06513380213737527,
        0.09216421655195202,
        0.07062145764521228,
        0.0657528005212735,
        0.07005027686329392,
        0.06778894598152443,
        0.09108021662397656,
        0.06813715654704162,
        0.06381122426870195,
        0.06293160684335654,
        0.06045444217982108,
        0.0872214664900285,
        0.06880902357867913,
        0.06252994375515306,
        0.061922504307115225,
        0.06420100383125217,
        0.09494310741251458,
        0.06377606928170085,
        0.06004556199859181,
        0.0578603546095393,
        0.05983280605764803,
        0.09921048639041043,
        0.06987595567647033,
        0.06031140274072657,
        0.06201251277638722,
        0.061871192162552525,
        0.11283116076074674,
        0.07593646480752055,
        0.0654407945631663,
        0.0663084396067728,
        0.06568073038629418,
        0.13268068283350168,
        0.08206493727037471,
        0.073510778747209,
        0.06816194566108934,
        0.06814810933829647,
        0.15111016274658506,
        0.09434480116351279,
        0.07835958809117803,
        0.07460103267078806,
        0.07193460022266619,
        0.17946016034501755,
        0.11409714085211654,
        0.0965836625825056,
        0.08656956233128817,
        0.08249036546986172,
        0.20289564641292937,
        0.12546237081869277,
        0.10540422549593949,
        0.09527670463803642,
        0.08725726374698256,
        0.25725241451563235,
        0.162559619340711,
        0.1349045574932755,
        0.12221017849079506,
        0.11430552191920802,
        0.3681791675483395,
        0.18783843588686275,
        0.14825272306933732,
        0.1350426343632137,
        0.12973668022516244,
        0.8324967876165926,
        0.5456082099925972,
        0.46281454199088545,
        0.40729256197364033,
        0.3436578985102876,
        1.0640828698695064,
        0.7158535094318276,
        0.5369969220932372,
        0.43862691378878976,
        0.39968356436598085,
        1.15218900634857,
        0.7433733986523337,
        0.6004937194778533,
        0.4819049662994054,
        0.4289431000897984
    ],
    "sparsity": [
        0.0,
        0.0,
        0.0,
        0.0,
        0.0,
        0.2,
        0.2,
        0.2,
        0.2,
        0.2,
        0.3599977495217734,
        0.3599977495217734,
        0.3599977495217734,
        0.3599977495217734,
        0.3599977495217734,
        0.4879899478639211,
        0.4879899478639211,
        0.4879899478639211,
        0.4879899478639211,
        0.4879899478639211,
        0.5903829563782304,
        0.5903829563782304,
        0.5903829563782304,
        0.5903829563782304,
        0.5903829563782304,
        0.6722966130302689,
        0.6722966130302689,
        0.6722966130302689,
        0.6722966130302689,
        0.6722966130302689,
        0.7378267881924909,
        0.7378267881924909,
        0.7378267881924909,
        0.7378267881924909,
        0.7378267881924909,
        0.7902516784816773,
        0.7902516784816773,
        0.7902516784816773,
        0.7902516784816773,
        0.7902516784816773,
        0.8321893402347998,
        0.8321893402347998,
        0.8321893402347998,
        0.8321893402347998,
        0.8321893402347998,
        0.8657364689996624,
        0.8657364689996624,
        0.8657364689996624,
        0.8657364689996624,
        0.8657364689996624,
        0.8925809234462323,
        0.8925809234462323,
        0.8925809234462323,
        0.8925809234462323,
        0.8925809234462323,
        0.9140504857282172,
        0.9140504857282172,
        0.9140504857282172,
        0.9140504857282172,
        0.9140504857282172,
        0.9312291361914407,
        0.9312291361914407,
        0.9312291361914407,
        0.9312291361914407,
        0.9312291361914407,
        0.944968305764975,
        0.944968305764975,
        0.944968305764975,
        0.944968305764975,
        0.944968305764975,
        0.9559618919020292,
        0.9559618919020292,
        0.9559618919020292,
        0.9559618919020292,
        0.9559618919020292,
        0.9647612617681257,
        0.9647612617681257,
        0.9647612617681257,
        0.9647612617681257,
        0.9647612617681257,
        0.9717977570233675,
        0.9717977570233675,
        0.9717977570233675,
        0.9717977570233675,
        0.9717977570233675,
        0.9774314541840141,
        0.9774314541840141,
        0.9774314541840141,
        0.9774314541840141,
        0.9774314541840141,
        0.981928659840216,
        0.981928659840216,
        0.981928659840216,
        0.981928659840216,
        0.981928659840216,
        0.9855294250028132,
        0.9855294250028132,
        0.9855294250028132,
        0.9855294250028132,
        0.9855294250028132
    ]
}