{
    "args": {
        "load_last_pretrained": false,
        "model": "lenet",
        "dataset": "mnist",
        "epochs": 100,
        "batch_size": 60,
        "initialization": "normal",
        "learning_rate": 0.0012,
        "forget_model": false,
        "disable_cuda": false,
        "pruning_rate": 0.2,
        "pruning_interval": 5,
        "seed": 49
    },
    "test_acc": [
        88.26666666666667,
        91.78333333333333,
        93.32333333333334,
        94.54166666666667,
        95.54666666666667,
        90.28833333333334,
        92.57166666666666,
        94.025,
        95.505,
        96.99666666666667,
        95.40166666666666,
        96.995,
        97.87333333333333,
        98.69166666666666,
        99.06,
        96.95,
        98.23166666666665,
        98.605,
        99.17833333333334,
        99.225,
        97.23333333333333,
        98.55333333333334,
        98.89166666666667,
        99.215,
        99.44,
        97.62333333333333,
        98.64833333333334,
        99.20833333333333,
        99.265,
        99.575,
        98.08666666666667,
        98.93666666666667,
        99.36166666666666,
        99.58333333333333,
        99.75333333333334,
        97.86833333333334,
        98.94666666666667,
        99.26666666666667,
        99.52,
        99.65,
        97.82833333333333,
        98.99833333333333,
        99.31,
        99.61333333333333,
        99.72,
        97.61999999999999,
        98.86333333333333,
        99.35166666666667,
        99.58833333333334,
        99.71166666666666,
        97.34166666666667,
        98.75666666666667,
        99.28833333333333,
        99.48,
        99.63499999999999,
        96.84333333333333,
        98.38166666666666,
        98.89166666666667,
        99.26166666666667,
        99.47,
        96.44666666666667,
        98.225,
        98.815,
        99.08666666666667,
        99.13499999999999,
        95.695,
        97.71,
        98.42999999999999,
        98.81833333333333,
        99.10333333333334,
        95.06333333333333,
        97.22166666666666,
        97.92166666666667,
        98.19833333333334,
        98.56666666666666,
        88.97833333333334,
        95.26333333333334,
        96.53833333333334,
        97.11833333333333,
        97.39666666666666,
        85.07333333333334,
        93.39333333333333,
        95.41833333333334,
        96.12833333333334,
        96.265,
        81.51833333333333,
        91.735,
        94.01166666666667,
        94.78333333333333,
        95.17833333333333,
        61.92999999999999,
        81.07,
        83.185,
        83.32833333333333,
        83.48833333333333,
        58.96,
        79.54666666666667,
        81.45166666666667,
        82.13833333333334,
        82.36166666666666
    ],
    "test_loss": [
        80.51383323907852,
        17.56650724285841,
        10.299826299041765,
        6.727277915617592,
        4.684365015372323,
        0.9866483155488968,
        0.2987163408175111,
        0.23446130661666392,
        0.18016202444955706,
        0.13855649834312497,
        0.4066301522925496,
        0.13635067412257196,
        0.08963604581123218,
        0.06555560706323013,
        0.05039083912572823,
        0.27066565008554605,
        0.0889169719251804,
        0.05837617703946307,
        0.04112374978035223,
        0.03218406996381236,
        0.25103694197442383,
        0.07645047131786123,
        0.048979239763808434,
        0.03535206078668125,
        0.025360410098510328,
        0.2509880402665585,
        0.06865249240165576,
        0.04208492421987466,
        0.029682655243959744,
        0.021619137100322403,
        0.25733151331637055,
        0.06178050889307633,
        0.03720198707014788,
        0.024499632824910803,
        0.018558766911679413,
        0.2777916521579027,
        0.06086513015511446,
        0.03524159681156743,
        0.023835739629168528,
        0.01794953262049239,
        0.31360987031273546,
        0.06287434217147529,
        0.03595355841622222,
        0.023949392619833816,
        0.0174514682921872,
        0.340647250181064,
        0.06372328604804352,
        0.037715245926869104,
        0.02510057043132838,
        0.018072568233226775,
        0.3943328541126102,
        0.06960194560047239,
        0.04140874316147529,
        0.027940252662054264,
        0.020411031561437993,
        0.4575309181008488,
        0.08504058303451166,
        0.052377582660876214,
        0.037190006412449295,
        0.028497304710326715,
        0.5894409488327801,
        0.09578695037495345,
        0.05898456982127391,
        0.043666352029889825,
        0.03419525090861134,
        0.7360481226332486,
        0.11312375064380467,
        0.07154247988201677,
        0.052560585803352294,
        0.04210850437451154,
        0.9364315916821361,
        0.13611519280076026,
        0.08929696086142212,
        0.06941612565563991,
        0.05763386684842408,
        1.3561289945542812,
        0.4294030039906502,
        0.21348893959075213,
        0.14111114087700843,
        0.11309191461093723,
        1.3899917294979096,
        0.5378804974853992,
        0.3194498483091593,
        0.22198916050046683,
        0.17761751637235285,
        1.54373533308506,
        0.6478642729520798,
        0.45761004750430584,
        0.33761221934854985,
        0.2693138022199273,
        1.8546452190876006,
        0.9161381874680519,
        0.6712272081375122,
        0.5393209021091461,
        0.44972416834533213,
        1.9101789643764495,
        0.9906477325558662,
        0.7875803764164447,
        0.659955594688654,
        0.5749170569777489
    ],
    "train_acc": [
        88.31,
        90.72,
        91.85,
        92.82000000000001,
        93.37,
        90.56,
        92.60000000000001,
        93.81,
        95.11,
        96.28,
        94.89,
        96.66,
        96.93,
        97.61999999999999,
        97.65,
        96.59,
        97.45,
        97.72999999999999,
        97.78,
        97.74000000000001,
        96.92,
        97.87,
        97.85000000000001,
        97.78999999999999,
        98.04,
        97.04,
        97.64,
        97.89,
        97.89,
        98.05,
        97.35000000000001,
        97.83,
        98.07000000000001,
        98.22999999999999,
        98.22,
        97.21,
        98.07000000000001,
        97.98,
        98.14,
        98.22,
        97.19,
        97.96000000000001,
        98.0,
        98.08,
        98.19,
        97.02,
        97.83,
        98.09,
        98.17,
        98.24000000000001,
        97.08,
        97.99,
        98.16,
        98.16,
        98.07000000000001,
        96.43,
        97.65,
        97.89,
        98.22999999999999,
        98.19,
        96.25,
        97.5,
        98.04,
        97.98,
        98.05,
        95.73,
        97.13000000000001,
        97.59,
        97.83,
        98.00999999999999,
        94.93,
        96.71,
        97.11999999999999,
        97.46000000000001,
        97.5,
        89.19,
        94.83,
        95.89999999999999,
        96.25,
        96.56,
        85.37,
        93.54,
        95.3,
        95.71,
        95.6,
        81.96,
        91.74,
        93.61,
        94.36,
        94.69999999999999,
        61.96,
        80.58999999999999,
        82.71,
        82.78,
        82.95,
        58.67,
        79.06,
        81.10000000000001,
        81.82000000000001,
        82.06
    ],
    "train_loss": [
        23.101557765892167,
        13.859578221857905,
        10.188176000903466,
        7.87875427718529,
        6.887592012261621,
        0.3263744365669296,
        0.25557006074639854,
        0.2166460402042209,
        0.16377777929702206,
        0.12424459281617296,
        0.16711882343459986,
        0.11124272879860002,
        0.09779717964761539,
        0.0763067214632641,
        0.07230970307328588,
        0.11022370806086564,
        0.08177834004442582,
        0.07219850242452996,
        0.07066364134180855,
        0.07213660289113784,
        0.10151832849679593,
        0.07096790570576123,
        0.0698772058069349,
        0.07391024932884305,
        0.06898961774656315,
        0.0947529853371803,
        0.07255044048596285,
        0.0654825648462991,
        0.07280716387217608,
        0.06363230313468601,
        0.08778822113073871,
        0.0685693222086899,
        0.05939824156767081,
        0.05725888585745675,
        0.057871549521049365,
        0.0871990967212903,
        0.06256255811961468,
        0.06358095112502084,
        0.059049882508833855,
        0.06490846108826447,
        0.09483244690575643,
        0.06448443552679912,
        0.061041522120030785,
        0.0602825133455499,
        0.060562104722178225,
        0.0980092448567202,
        0.06870688277737287,
        0.059307839687980576,
        0.05881497613502901,
        0.06245006453336501,
        0.10187930769906073,
        0.06870755632157008,
        0.06120849390859955,
        0.060425568114085025,
        0.06252960587676035,
        0.12383877794944241,
        0.07831554707909326,
        0.07042562688594896,
        0.06260675883469936,
        0.06319781820691318,
        0.1321123670228941,
        0.08504991294972286,
        0.06999524372133488,
        0.07020055891773078,
        0.06767238398684847,
        0.16530321839594556,
        0.10005393207720119,
        0.08100998229876964,
        0.07624488326157638,
        0.0696882226108434,
        0.18546028323694616,
        0.11559562155318831,
        0.09857533853724153,
        0.08841196060861031,
        0.0820560410289752,
        0.5941869421990332,
        0.2983295190298629,
        0.18075978024277145,
        0.1465515546545297,
        0.13235602812272704,
        0.7108020207839097,
        0.40729869036617394,
        0.2664112483491441,
        0.21257848533506166,
        0.1837507756928841,
        0.7884980229560486,
        0.5476662284599807,
        0.39788427797263254,
        0.31712767428266786,
        0.2674816792418143,
        1.1100953831644116,
        0.7932450789177489,
        0.6130344275228992,
        0.5153756630634834,
        0.4441344785297702,
        1.2218935168431904,
        0.8720520195846786,
        0.7400379866183161,
        0.6386131296257773,
        0.5721807429890433
    ],
    "sparsity": [
        0.0,
        0.0,
        0.0,
        0.0,
        0.0,
        0.2,
        0.2,
        0.2,
        0.2,
        0.2,
        0.3599977495217734,
        0.3599977495217734,
        0.3599977495217734,
        0.3599977495217734,
        0.3599977495217734,
        0.4879899478639211,
        0.4879899478639211,
        0.4879899478639211,
        0.4879899478639211,
        0.4879899478639211,
        0.5903829563782304,
        0.5903829563782304,
        0.5903829563782304,
        0.5903829563782304,
        0.5903829563782304,
        0.6722966130302689,
        0.6722966130302689,
        0.6722966130302689,
        0.6722966130302689,
        0.6722966130302689,
        0.7378267881924909,
        0.7378267881924909,
        0.7378267881924909,
        0.7378267881924909,
        0.7378267881924909,
        0.7902516784816773,
        0.7902516784816773,
        0.7902516784816773,
        0.7902516784816773,
        0.7902516784816773,
        0.8321893402347998,
        0.8321893402347998,
        0.8321893402347998,
        0.8321893402347998,
        0.8321893402347998,
        0.8657364689996624,
        0.8657364689996624,
        0.8657364689996624,
        0.8657364689996624,
        0.8657364689996624,
        0.8925809234462323,
        0.8925809234462323,
        0.8925809234462323,
        0.8925809234462323,
        0.8925809234462323,
        0.9140504857282172,
        0.9140504857282172,
        0.9140504857282172,
        0.9140504857282172,
        0.9140504857282172,
        0.9312291361914407,
        0.9312291361914407,
        0.9312291361914407,
        0.9312291361914407,
        0.9312291361914407,
        0.944968305764975,
        0.944968305764975,
        0.944968305764975,
        0.944968305764975,
        0.944968305764975,
        0.9559618919020292,
        0.9559618919020292,
        0.9559618919020292,
        0.9559618919020292,
        0.9559618919020292,
        0.9647612617681257,
        0.9647612617681257,
        0.9647612617681257,
        0.9647612617681257,
        0.9647612617681257,
        0.9717977570233675,
        0.9717977570233675,
        0.9717977570233675,
        0.9717977570233675,
        0.9717977570233675,
        0.9774314541840141,
        0.9774314541840141,
        0.9774314541840141,
        0.9774314541840141,
        0.9774314541840141,
        0.981928659840216,
        0.981928659840216,
        0.981928659840216,
        0.981928659840216,
        0.981928659840216,
        0.9855294250028132,
        0.9855294250028132,
        0.9855294250028132,
        0.9855294250028132,
        0.9855294250028132
    ]
}