{
    "args": {
        "load_last_pretrained": false,
        "model": "lenet",
        "dataset": "mnist",
        "epochs": 100,
        "batch_size": 60,
        "initialization": "kaiming-uniform",
        "learning_rate": 0.0012,
        "forget_model": false,
        "disable_cuda": false,
        "pruning_rate": 0.2,
        "pruning_interval": 5,
        "seed": 42
    },
    "test_acc": [
        96.68666666666667,
        98.14666666666668,
        98.5,
        98.665,
        99.09166666666667,
        96.88666666666667,
        97.67,
        98.55833333333334,
        98.94,
        98.99333333333334,
        97.19333333333333,
        98.505,
        98.90333333333334,
        98.96166666666667,
        99.16166666666668,
        97.38333333333333,
        98.50833333333333,
        98.97500000000001,
        99.325,
        99.30666666666667,
        97.51166666666666,
        98.54166666666667,
        98.88666666666667,
        99.3,
        99.405,
        97.665,
        98.75333333333333,
        99.28833333333333,
        99.44833333333334,
        99.375,
        97.76666666666667,
        98.855,
        99.39333333333333,
        99.62,
        99.63666666666666,
        97.64333333333333,
        98.845,
        99.12333333333333,
        99.555,
        99.70833333333333,
        97.745,
        98.925,
        99.375,
        99.58333333333333,
        99.72666666666666,
        97.56666666666666,
        98.52,
        99.21666666666667,
        99.33166666666666,
        99.68833333333333,
        97.04166666666667,
        98.575,
        99.08833333333334,
        99.40333333333334,
        99.6,
        96.665,
        98.25166666666667,
        98.86500000000001,
        99.21333333333334,
        99.38833333333334,
        95.99499999999999,
        98.04666666666667,
        98.605,
        99.00666666666666,
        99.22666666666666,
        95.43333333333334,
        97.60666666666667,
        98.34,
        98.73333333333333,
        98.95833333333334,
        94.72166666666666,
        97.01333333333334,
        97.97666666666667,
        98.285,
        98.59166666666667,
        93.83833333333334,
        96.525,
        97.41499999999999,
        97.95333333333333,
        98.27166666666668,
        81.02333333333334,
        92.97333333333333,
        95.255,
        96.23333333333333,
        96.69166666666666,
        81.875,
        92.785,
        94.37833333333333,
        94.925,
        95.51333333333332,
        69.155,
        89.605,
        92.57,
        93.77833333333334,
        94.32333333333334,
        62.035,
        86.43666666666667,
        89.84833333333333,
        91.52833333333334,
        92.54166666666667
    ],
    "test_loss": [
        0.21490121432952583,
        0.08797224105196073,
        0.06129994734085631,
        0.044338094237900805,
        0.0343237367902766,
        0.27157092502899466,
        0.09360539195407182,
        0.06326771199982613,
        0.046647016554605215,
        0.03493801767047262,
        0.2567982953041792,
        0.08706239389395341,
        0.05803551900316961,
        0.04323516255745199,
        0.029561118432553483,
        0.24911665995325893,
        0.07858827223116532,
        0.05086227774596773,
        0.03537940460327081,
        0.026972827513876838,
        0.24722003556601704,
        0.07289114068774506,
        0.045457277164561674,
        0.03237073992181104,
        0.0240040566251555,
        0.2541520029483363,
        0.06632885444769636,
        0.04060616751993075,
        0.028144739303854294,
        0.019598162307112945,
        0.26911634587310257,
        0.06186694060522131,
        0.037042761675664226,
        0.024867907269508577,
        0.01857486214506207,
        0.28770918885432184,
        0.062126793685136364,
        0.03673828681046143,
        0.024608751128893346,
        0.01724585663047037,
        0.3187603207360953,
        0.06308979761321097,
        0.036556568288477136,
        0.02471458309830632,
        0.017776422980532516,
        0.3662181328348815,
        0.06820088406931608,
        0.04014071415283252,
        0.02729110531625338,
        0.019539887494727737,
        0.43508222816698255,
        0.08105281858704984,
        0.04768494913354516,
        0.0325014695355203,
        0.023650831306003966,
        0.5156711172424256,
        0.09040936250425875,
        0.05402122627082281,
        0.03805778643640224,
        0.02861625344445929,
        0.6284165227040649,
        0.10487416588654741,
        0.06330168972443789,
        0.0459614498920273,
        0.03644790793559514,
        0.7712254290245474,
        0.1186321730632335,
        0.0732530118203722,
        0.05471537700644694,
        0.04424946003500372,
        0.9274174710810185,
        0.13956079315859823,
        0.08878106334339828,
        0.06668176257098093,
        0.05486315470933914,
        1.143380050763488,
        0.1629512692671269,
        0.10616630857344717,
        0.0814853892819956,
        0.06820825012773275,
        1.56153842741251,
        0.5635742553174495,
        0.33004063725471494,
        0.20517525517567992,
        0.14539709275588394,
        1.676379196047783,
        0.7336176646649838,
        0.31677724443376065,
        0.2152234820984304,
        0.1762538624368608,
        1.869798175573349,
        0.9916444167792797,
        0.47467951917648316,
        0.3186992744356394,
        0.26682916171103715,
        1.9568690958023072,
        1.0712924369573593,
        0.5629368790388107,
        0.3976822835505009,
        0.33201252022385597
    ],
    "train_acc": [
        95.88,
        97.07000000000001,
        97.35000000000001,
        97.39,
        97.68,
        96.64,
        97.0,
        97.72,
        97.78999999999999,
        97.41,
        96.67,
        97.39999999999999,
        97.71,
        97.54,
        97.67,
        97.05,
        97.69,
        97.92999999999999,
        98.04,
        97.97,
        96.99,
        97.64,
        97.67,
        97.89,
        97.88,
        96.97,
        97.76,
        97.95,
        97.71,
        97.75,
        97.17,
        97.88,
        98.14,
        98.05,
        98.13,
        97.08,
        97.84,
        97.81,
        98.14,
        98.14,
        97.18,
        97.99,
        98.2,
        98.11999999999999,
        98.13,
        96.86,
        97.58,
        98.14,
        97.97,
        98.15,
        96.61,
        97.61999999999999,
        98.05,
        98.05,
        98.15,
        96.41999999999999,
        97.48,
        97.75,
        97.95,
        98.04,
        95.67,
        97.21,
        97.68,
        97.76,
        97.83,
        95.32000000000001,
        97.17,
        97.3,
        97.59,
        97.8,
        94.67,
        96.45,
        97.11999999999999,
        97.36,
        97.67,
        93.77,
        96.16,
        96.67,
        97.1,
        97.23,
        81.51,
        93.08999999999999,
        94.96,
        95.84,
        96.08,
        82.69,
        93.08999999999999,
        94.27,
        94.59,
        95.00999999999999,
        70.05,
        89.85,
        92.58,
        93.64,
        93.89,
        62.580000000000005,
        87.21,
        90.07,
        91.56,
        92.45
    ],
    "train_loss": [
        0.13132279544711828,
        0.08894185654813434,
        0.08684793704825114,
        0.08109856005005181,
        0.08346054894751367,
        0.1142712587512985,
        0.0999975536453599,
        0.0738485760088943,
        0.07141563069482451,
        0.08113457155581229,
        0.1067916446750214,
        0.08141784929296748,
        0.07169170210466994,
        0.08379306023923713,
        0.08265954094331064,
        0.09879690797966041,
        0.07528562259631688,
        0.06922323783458083,
        0.06772202272581572,
        0.07621834259605716,
        0.09694870745952794,
        0.07586597035845329,
        0.07146862372588701,
        0.06904486116038602,
        0.0678826412395156,
        0.09540400035054741,
        0.06885410629318815,
        0.06198101913734914,
        0.07185781946054431,
        0.07327993572090089,
        0.09598521817988621,
        0.06802946422667337,
        0.06282954077476156,
        0.064069593815317,
        0.06099725292694426,
        0.09763793610482516,
        0.06951565749965563,
        0.06935536503111442,
        0.05960909468344898,
        0.06483145729808729,
        0.09386368770107716,
        0.06624964997172356,
        0.06024983208375553,
        0.0643795593132817,
        0.06432105986294086,
        0.10595623630204958,
        0.07986281371067562,
        0.06245674480109693,
        0.06801644739943061,
        0.060632225651291206,
        0.11569075656686714,
        0.07550838825566147,
        0.06681835016341668,
        0.06438308744412473,
        0.06256273740130158,
        0.12863282447758906,
        0.08623124658503754,
        0.07135640607566801,
        0.06535076103061661,
        0.06418708356900397,
        0.1493464598131037,
        0.09213457148923666,
        0.0766054254253869,
        0.07185923750651721,
        0.06980813887321619,
        0.1654470150253016,
        0.10555743275511408,
        0.08759227952735867,
        0.07998744441993802,
        0.07901382043366571,
        0.18845124645325953,
        0.12097695108480797,
        0.096949861518771,
        0.08911836916904249,
        0.08480618874163194,
        0.22335894936751463,
        0.13776155364906004,
        0.11230042969952979,
        0.10000216873909185,
        0.09653913103668632,
        0.74785970535107,
        0.41302911268022957,
        0.2803503436421206,
        0.18410525361667135,
        0.15680642577702414,
        1.0712282846787733,
        0.4345246867505376,
        0.250950160185377,
        0.20452159139032136,
        0.18614175119353626,
        1.3301506270905454,
        0.6498651877491773,
        0.3700071832020126,
        0.2983599534024022,
        0.2692486828494215,
        1.4052818485362801,
        0.7343975669609573,
        0.44843559225876173,
        0.3628729230272556,
        0.3168552536182775
    ],
    "sparsity": [
        0.0,
        0.0,
        0.0,
        0.0,
        0.0,
        0.2,
        0.2,
        0.2,
        0.2,
        0.2,
        0.3599977495217734,
        0.3599977495217734,
        0.3599977495217734,
        0.3599977495217734,
        0.3599977495217734,
        0.4879899478639211,
        0.4879899478639211,
        0.4879899478639211,
        0.4879899478639211,
        0.4879899478639211,
        0.5903829563782304,
        0.5903829563782304,
        0.5903829563782304,
        0.5903829563782304,
        0.5903829563782304,
        0.6722966130302689,
        0.6722966130302689,
        0.6722966130302689,
        0.6722966130302689,
        0.6722966130302689,
        0.7378267881924909,
        0.7378267881924909,
        0.7378267881924909,
        0.7378267881924909,
        0.7378267881924909,
        0.7902516784816773,
        0.7902516784816773,
        0.7902516784816773,
        0.7902516784816773,
        0.7902516784816773,
        0.8321893402347998,
        0.8321893402347998,
        0.8321893402347998,
        0.8321893402347998,
        0.8321893402347998,
        0.8657364689996624,
        0.8657364689996624,
        0.8657364689996624,
        0.8657364689996624,
        0.8657364689996624,
        0.8925809234462323,
        0.8925809234462323,
        0.8925809234462323,
        0.8925809234462323,
        0.8925809234462323,
        0.9140504857282172,
        0.9140504857282172,
        0.9140504857282172,
        0.9140504857282172,
        0.9140504857282172,
        0.9312291361914407,
        0.9312291361914407,
        0.9312291361914407,
        0.9312291361914407,
        0.9312291361914407,
        0.944968305764975,
        0.944968305764975,
        0.944968305764975,
        0.944968305764975,
        0.944968305764975,
        0.9559618919020292,
        0.9559618919020292,
        0.9559618919020292,
        0.9559618919020292,
        0.9559618919020292,
        0.9647612617681257,
        0.9647612617681257,
        0.9647612617681257,
        0.9647612617681257,
        0.9647612617681257,
        0.9717977570233675,
        0.9717977570233675,
        0.9717977570233675,
        0.9717977570233675,
        0.9717977570233675,
        0.9774314541840141,
        0.9774314541840141,
        0.9774314541840141,
        0.9774314541840141,
        0.9774314541840141,
        0.981928659840216,
        0.981928659840216,
        0.981928659840216,
        0.981928659840216,
        0.981928659840216,
        0.9855294250028132,
        0.9855294250028132,
        0.9855294250028132,
        0.9855294250028132,
        0.9855294250028132
    ]
}