{
    "args": {
        "load_last_pretrained": false,
        "model": "lenet",
        "dataset": "mnist",
        "epochs": 100,
        "batch_size": 60,
        "initialization": "xavier-normal-double",
        "learning_rate": 0.0012,
        "forget_model": false,
        "disable_cuda": false,
        "pruning_rate": 0.2,
        "pruning_interval": 5,
        "seed": 49
    },
    "test_acc": [
        97.31666666666666,
        98.35666666666667,
        98.84833333333334,
        98.87166666666667,
        98.85833333333333,
        96.855,
        97.93666666666667,
        98.29666666666667,
        99.00333333333333,
        99.10166666666666,
        96.93666666666667,
        98.27166666666668,
        98.92666666666666,
        99.30833333333334,
        99.45166666666667,
        97.35166666666667,
        98.60666666666667,
        98.79166666666667,
        99.09666666666666,
        99.41499999999999,
        97.49166666666666,
        98.61999999999999,
        99.055,
        99.26333333333334,
        99.455,
        97.70166666666667,
        98.72833333333332,
        99.225,
        99.355,
        99.68333333333334,
        97.97833333333334,
        98.88166666666666,
        99.33,
        99.55833333333334,
        99.72833333333332,
        97.87333333333333,
        98.95,
        99.36500000000001,
        99.62833333333333,
        99.67166666666667,
        97.75666666666667,
        98.86166666666666,
        99.30166666666666,
        99.625,
        99.74499999999999,
        97.41333333333333,
        98.71,
        99.32166666666666,
        99.54499999999999,
        99.69666666666667,
        97.21333333333332,
        98.66666666666667,
        99.225,
        99.33166666666666,
        99.60666666666667,
        96.57166666666667,
        98.33166666666666,
        99.01333333333334,
        99.23833333333333,
        99.49333333333334,
        95.865,
        97.685,
        98.44333333333334,
        98.78333333333333,
        98.95333333333333,
        95.23166666666667,
        97.205,
        97.885,
        98.345,
        98.67,
        94.47666666666666,
        96.74833333333333,
        97.62166666666666,
        97.96000000000001,
        98.34666666666666,
        91.47,
        95.50999999999999,
        96.73166666666667,
        97.265,
        97.68666666666667,
        90.05,
        95.39833333333333,
        96.68166666666667,
        97.155,
        97.38333333333333,
        67.82166666666667,
        92.82666666666667,
        94.61333333333334,
        95.36666666666666,
        95.86166666666666,
        67.00166666666667,
        92.53666666666666,
        94.65666666666667,
        95.33,
        95.74333333333334,
        59.88666666666666,
        84.09,
        89.315,
        90.51666666666667,
        91.12666666666667
    ],
    "test_loss": [
        0.22884044350590557,
        0.09153644091961906,
        0.059950712395249864,
        0.04803199135453906,
        0.03401306651026243,
        0.2768055790066719,
        0.09689555547200143,
        0.06381829309056047,
        0.045308142953319475,
        0.03595315631123958,
        0.2589222479397431,
        0.087858178535942,
        0.057878144118469206,
        0.04183146358712111,
        0.031197995822527445,
        0.25064567259326576,
        0.07773541901353746,
        0.04949626720417291,
        0.0354300017079222,
        0.02627935684323893,
        0.2508210269380361,
        0.0708301510438323,
        0.045005851649097164,
        0.031048008170502725,
        0.022348913456662556,
        0.2564862834298983,
        0.06551410609995946,
        0.038825073057087135,
        0.0271286499966518,
        0.018576750921551137,
        0.2698162043755874,
        0.06283683800674043,
        0.03666082890564576,
        0.02395608397590695,
        0.017909854493831517,
        0.2870152839720249,
        0.06082328049256466,
        0.035058651740546336,
        0.023588184971304146,
        0.016956197195017012,
        0.32304857751727106,
        0.06463570856442676,
        0.0373494125357829,
        0.025207156332966406,
        0.018162699130072724,
        0.35976547125168146,
        0.06765329914912581,
        0.03975728962139692,
        0.02670648825005628,
        0.01928770076285582,
        0.4159117815308273,
        0.07416437691543251,
        0.04446224978240207,
        0.03066402380960062,
        0.022483601071406154,
        0.49403610308654605,
        0.08970459607616067,
        0.05321110554412007,
        0.037394332372699866,
        0.02880626692873193,
        0.6183589777648449,
        0.11376939931418746,
        0.07214303248468787,
        0.05329263835051097,
        0.042058036191621795,
        0.8021167541779578,
        0.13059151815995573,
        0.08720180279947817,
        0.0670849971966818,
        0.05460890845162794,
        1.0142214318960905,
        0.15366400703787803,
        0.10249358689319342,
        0.08002602587919683,
        0.06665492174681276,
        1.3282297703921795,
        0.24887752736732363,
        0.13620521949976683,
        0.10442186963371933,
        0.08857530874293297,
        1.488551996409893,
        0.24941320456564425,
        0.14171713283844292,
        0.11201661298889667,
        0.09783642272651195,
        1.7786502807736397,
        0.5881086898446083,
        0.22909368535503746,
        0.17651546912640334,
        0.15357673381455242,
        1.8977726941108704,
        0.672670388057828,
        0.24036574943363667,
        0.17881305439397693,
        0.1551074717529118,
        2.042983777046204,
        1.0604228055477143,
        0.6343101167678833,
        0.45978736455738545,
        0.3813144342005253
    ],
    "train_acc": [
        96.38,
        97.32,
        97.44,
        97.15,
        97.11999999999999,
        96.47,
        97.23,
        97.06,
        97.78999999999999,
        97.57000000000001,
        96.5,
        97.67,
        97.75,
        98.06,
        98.0,
        96.78999999999999,
        97.75,
        97.8,
        97.86,
        97.98,
        97.03,
        97.84,
        97.87,
        97.97,
        97.89999999999999,
        97.06,
        97.8,
        98.00999999999999,
        98.02,
        98.26,
        97.26,
        97.92999999999999,
        98.14,
        98.07000000000001,
        98.2,
        97.26,
        97.92999999999999,
        98.1,
        98.3,
        98.25,
        97.16,
        97.85000000000001,
        98.08,
        98.06,
        98.09,
        96.92,
        97.87,
        98.03,
        98.02,
        98.21,
        96.89,
        97.68,
        97.92,
        98.02,
        98.16,
        96.09,
        97.59,
        97.71,
        97.94,
        97.97,
        95.54,
        97.11,
        97.53,
        97.64,
        97.69,
        95.02000000000001,
        96.61999999999999,
        97.09,
        97.34,
        97.45,
        94.5,
        96.28,
        96.74000000000001,
        97.27,
        97.32,
        91.7,
        95.39999999999999,
        96.3,
        96.73,
        96.82,
        90.53,
        95.12,
        96.11,
        96.59,
        96.61,
        68.13,
        92.82000000000001,
        94.54,
        94.81,
        95.36,
        67.54,
        92.86999999999999,
        94.33,
        94.89999999999999,
        95.22,
        60.47,
        85.18,
        89.58,
        90.47,
        91.24
    ],
    "train_loss": [
        0.11765134805802278,
        0.09211358295552834,
        0.08218536071178174,
        0.09349556140807976,
        0.1038397051053105,
        0.11303888477139666,
        0.08805504383820438,
        0.09157566695256594,
        0.07639426348067285,
        0.0837702959842846,
        0.11360783505805595,
        0.07579786616410993,
        0.06956713350662616,
        0.06309147233360943,
        0.06873269826361998,
        0.09819307898221437,
        0.07254049203408781,
        0.07159856303028964,
        0.07180110687490351,
        0.06538490480729407,
        0.09263281740560503,
        0.06913352955668094,
        0.0651889597651309,
        0.06922981235154062,
        0.07368111535300316,
        0.09356811507688668,
        0.0726373476801652,
        0.06496153781636657,
        0.067454286427502,
        0.06485644885140868,
        0.08764154329048303,
        0.06334605023075274,
        0.06044306475174206,
        0.06124884796204759,
        0.059131377775007356,
        0.08651410188793601,
        0.0635680783258383,
        0.05949115804759061,
        0.055687438192272634,
        0.06097361034313552,
        0.09706514102300841,
        0.06708711217029277,
        0.060002909421162334,
        0.060188513292727466,
        0.060822861493581876,
        0.10379276121269443,
        0.0719026015795388,
        0.06160284690057,
        0.061551452431378856,
        0.0648587806541389,
        0.10917684564110405,
        0.07374242359136571,
        0.06656906701635547,
        0.06655857476376521,
        0.06697921001688371,
        0.13331619191714034,
        0.0824410210413758,
        0.0729075985330486,
        0.06858953099396682,
        0.07032336075762342,
        0.15484395435827222,
        0.10080415069566158,
        0.08267540201087466,
        0.08014936393411261,
        0.07640502815173861,
        0.17903709242086924,
        0.1171777925403889,
        0.09751343540289624,
        0.09257201298870547,
        0.0839956094159516,
        0.2031501550115868,
        0.1339375520136185,
        0.11319306595975946,
        0.10160131886891441,
        0.09435374957013005,
        0.38919161215513765,
        0.17387964906628262,
        0.13269370110582807,
        0.11827579280082694,
        0.10898316120115405,
        0.4312965917194675,
        0.17952700697644028,
        0.13599752380462463,
        0.12222483197595188,
        0.11824601564087911,
        1.0112379532374307,
        0.28725665352658597,
        0.20046595753934568,
        0.17561809531228986,
        0.16403806467211532,
        1.191150084940973,
        0.3121915331143819,
        0.20268782210385727,
        0.17803846029732043,
        0.16408830992654413,
        1.4358098285640786,
        0.7571696187564713,
        0.5166585297284726,
        0.4114389435616796,
        0.3648498303697495
    ],
    "sparsity": [
        0.0,
        0.0,
        0.0,
        0.0,
        0.0,
        0.2,
        0.2,
        0.2,
        0.2,
        0.2,
        0.3599977495217734,
        0.3599977495217734,
        0.3599977495217734,
        0.3599977495217734,
        0.3599977495217734,
        0.4879899478639211,
        0.4879899478639211,
        0.4879899478639211,
        0.4879899478639211,
        0.4879899478639211,
        0.5903829563782304,
        0.5903829563782304,
        0.5903829563782304,
        0.5903829563782304,
        0.5903829563782304,
        0.6722966130302689,
        0.6722966130302689,
        0.6722966130302689,
        0.6722966130302689,
        0.6722966130302689,
        0.7378267881924909,
        0.7378267881924909,
        0.7378267881924909,
        0.7378267881924909,
        0.7378267881924909,
        0.7902516784816773,
        0.7902516784816773,
        0.7902516784816773,
        0.7902516784816773,
        0.7902516784816773,
        0.8321893402347998,
        0.8321893402347998,
        0.8321893402347998,
        0.8321893402347998,
        0.8321893402347998,
        0.8657364689996624,
        0.8657364689996624,
        0.8657364689996624,
        0.8657364689996624,
        0.8657364689996624,
        0.8925809234462323,
        0.8925809234462323,
        0.8925809234462323,
        0.8925809234462323,
        0.8925809234462323,
        0.9140504857282172,
        0.9140504857282172,
        0.9140504857282172,
        0.9140504857282172,
        0.9140504857282172,
        0.9312291361914407,
        0.9312291361914407,
        0.9312291361914407,
        0.9312291361914407,
        0.9312291361914407,
        0.944968305764975,
        0.944968305764975,
        0.944968305764975,
        0.944968305764975,
        0.944968305764975,
        0.9559618919020292,
        0.9559618919020292,
        0.9559618919020292,
        0.9559618919020292,
        0.9559618919020292,
        0.9647612617681257,
        0.9647612617681257,
        0.9647612617681257,
        0.9647612617681257,
        0.9647612617681257,
        0.9717977570233675,
        0.9717977570233675,
        0.9717977570233675,
        0.9717977570233675,
        0.9717977570233675,
        0.9774314541840141,
        0.9774314541840141,
        0.9774314541840141,
        0.9774314541840141,
        0.9774314541840141,
        0.981928659840216,
        0.981928659840216,
        0.981928659840216,
        0.981928659840216,
        0.981928659840216,
        0.9855294250028132,
        0.9855294250028132,
        0.9855294250028132,
        0.9855294250028132,
        0.9855294250028132
    ]
}