{
    "args": {
        "load_last_pretrained": false,
        "model": "lenet",
        "dataset": "mnist",
        "epochs": 100,
        "batch_size": 60,
        "initialization": "xavier-uniform-half",
        "learning_rate": 0.0012,
        "forget_model": false,
        "disable_cuda": false,
        "pruning_rate": 0.2,
        "pruning_interval": 5,
        "seed": 49
    },
    "test_acc": [
        96.59333333333333,
        98.07000000000001,
        98.575,
        98.67833333333334,
        99.25,
        96.78166666666667,
        98.27333333333334,
        98.47333333333333,
        99.125,
        99.27666666666667,
        97.285,
        98.11666666666666,
        99.005,
        99.295,
        99.53,
        97.42,
        98.60333333333332,
        98.81833333333333,
        99.29666666666667,
        99.275,
        97.61,
        98.76,
        99.14166666666667,
        99.30166666666666,
        99.52666666666666,
        97.69,
        98.835,
        99.28833333333333,
        99.28,
        99.63499999999999,
        98.03666666666668,
        98.955,
        99.38666666666667,
        99.555,
        99.67166666666667,
        97.94333333333334,
        98.91,
        99.41,
        99.59166666666667,
        99.76666666666667,
        97.83333333333334,
        98.965,
        99.32666666666667,
        99.595,
        99.67166666666667,
        97.46000000000001,
        98.75,
        99.32166666666666,
        99.52833333333334,
        99.62666666666667,
        96.89333333333333,
        98.535,
        99.115,
        99.41166666666666,
        99.58666666666667,
        96.50999999999999,
        98.22,
        98.86833333333334,
        99.20333333333333,
        99.41333333333333,
        96.11833333333333,
        97.83500000000001,
        98.46333333333334,
        98.80333333333333,
        99.00333333333333,
        95.33,
        97.36833333333334,
        98.12833333333333,
        98.62166666666667,
        98.83,
        95.10833333333333,
        97.235,
        97.96000000000001,
        98.25,
        98.555,
        94.02333333333334,
        96.55166666666666,
        97.38166666666666,
        97.84666666666666,
        98.04333333333334,
        90.78833333333334,
        95.83833333333334,
        96.94,
        97.455,
        97.685,
        90.56833333333333,
        95.15833333333333,
        96.34666666666666,
        96.89,
        97.20833333333333,
        66.03666666666666,
        88.66333333333334,
        92.28,
        93.35,
        93.89333333333333,
        57.545,
        80.455,
        83.585,
        83.92166666666667,
        84.53833333333334
    ],
    "test_loss": [
        0.2504672845248133,
        0.09815957169234753,
        0.06457777828234249,
        0.04909821737220045,
        0.036344680318085014,
        0.26147243423946204,
        0.0911607431890443,
        0.060220224287128074,
        0.04184400298760738,
        0.03503444326034514,
        0.24882460208702833,
        0.08344139874330722,
        0.05452452792716213,
        0.03939929530839436,
        0.02913654845004203,
        0.24487507669162006,
        0.07672846691776067,
        0.04858245642087422,
        0.03394510891835671,
        0.025593310690310317,
        0.24346751366741956,
        0.06877330204984174,
        0.042758982603787445,
        0.030031948413990903,
        0.02141962470530416,
        0.2528717466238886,
        0.06398176428489387,
        0.037509402000461704,
        0.02629964485799428,
        0.018332777897274354,
        0.2622502064444125,
        0.06165378115745261,
        0.03520315039693378,
        0.02253349549951963,
        0.017054269458079942,
        0.27751091481000184,
        0.05824614640022628,
        0.03351051219098736,
        0.022133134946227075,
        0.016243811366555748,
        0.3116563996858895,
        0.06257174086850137,
        0.035910388791700824,
        0.02325586280541029,
        0.016765478950925172,
        0.35198094331659374,
        0.0671900092526339,
        0.04033271125587635,
        0.027501627124147488,
        0.019605526166909838,
        0.4231447522379458,
        0.07709282092284411,
        0.04689314943621867,
        0.03245224004937336,
        0.024212809566757643,
        0.5044756929334253,
        0.09248988100141287,
        0.0566424445528537,
        0.03995896176737733,
        0.030811941484047565,
        0.6258175308313221,
        0.10760941369924694,
        0.0698105864811223,
        0.05215063138911501,
        0.041701108620269225,
        0.7721573168449104,
        0.12472832606267184,
        0.08077451895177365,
        0.06088290056074038,
        0.049643141345353796,
        0.9306197797954082,
        0.13187781811971216,
        0.08729482625797391,
        0.06858766474667936,
        0.057874063472496344,
        1.1475560852512716,
        0.1567834921069443,
        0.10406955919694155,
        0.08328123563528061,
        0.07186352022364735,
        1.461756542980671,
        0.2635141908824444,
        0.13354608717933297,
        0.10263847880531102,
        0.08851986910775304,
        1.5290934931635856,
        0.25692219673097133,
        0.1483365868665278,
        0.11941031274758279,
        0.10553676955774427,
        1.925370857298374,
        0.7844187256097793,
        0.5735408064126969,
        0.4624577731192112,
        0.3611757313758135,
        2.022177570939064,
        0.9682320180535317,
        0.7655942462086678,
        0.6550590299963951,
        0.54164056250453
    ],
    "train_acc": [
        96.0,
        97.32,
        97.65,
        97.68,
        97.94,
        96.41,
        97.49,
        97.42,
        98.06,
        97.78999999999999,
        96.63000000000001,
        97.37,
        97.87,
        98.08,
        98.15,
        96.98,
        97.67,
        97.8,
        97.97,
        97.64,
        97.00999999999999,
        97.77,
        98.13,
        97.74000000000001,
        98.00999999999999,
        97.03,
        97.85000000000001,
        97.89,
        97.89999999999999,
        98.17,
        97.19,
        97.86,
        97.96000000000001,
        98.15,
        98.1,
        97.31,
        97.82,
        98.11,
        98.22999999999999,
        98.31,
        97.19,
        97.96000000000001,
        98.0,
        98.07000000000001,
        97.99,
        97.08,
        97.78999999999999,
        98.19,
        98.22,
        98.16,
        96.53,
        97.61999999999999,
        97.96000000000001,
        98.1,
        98.11,
        96.15,
        97.47,
        97.89,
        97.88,
        97.92,
        95.84,
        97.02,
        97.45,
        97.58,
        97.81,
        95.44,
        96.8,
        97.28999999999999,
        97.44,
        97.50999999999999,
        95.16,
        96.8,
        97.2,
        97.45,
        97.61,
        94.34,
        96.23,
        96.76,
        97.1,
        97.26,
        91.2,
        95.49,
        96.38,
        96.65,
        96.73,
        90.86999999999999,
        94.95,
        95.85000000000001,
        96.2,
        96.43,
        66.10000000000001,
        89.14,
        92.34,
        92.84,
        93.38,
        57.379999999999995,
        80.75,
        83.39,
        83.85000000000001,
        84.13000000000001
    ],
    "train_loss": [
        0.12581796264889356,
        0.08752352484184021,
        0.07777852513743731,
        0.08386734506034454,
        0.07059337651778101,
        0.11424652410637655,
        0.08086731722913013,
        0.08326433094854127,
        0.06469572350260115,
        0.0752764419020951,
        0.10622565438245941,
        0.08310502475478915,
        0.06774004421358605,
        0.06226286502843611,
        0.06606938421067818,
        0.09739064162005921,
        0.07411968528884212,
        0.07297690451412858,
        0.07068316535090102,
        0.08042607920712785,
        0.09614403267017381,
        0.06792757968825405,
        0.0646801176453065,
        0.07260763514117745,
        0.07140211495403535,
        0.09440455102211165,
        0.06793142552626971,
        0.06477890103709644,
        0.07154515530345236,
        0.06384762850468755,
        0.09100252044705039,
        0.06852691713302302,
        0.061552445860830564,
        0.06475935580381778,
        0.06657301223323427,
        0.08654970077318168,
        0.06590828119671184,
        0.06070734690149834,
        0.0603577420380368,
        0.062059773419757824,
        0.09399234222995485,
        0.06407951849964476,
        0.0605401066090064,
        0.06051834612495048,
        0.062275700508491384,
        0.1003328232083492,
        0.07103037861493712,
        0.05884787143475772,
        0.05999672479480003,
        0.06146494451907469,
        0.1185146217251163,
        0.0760980275191902,
        0.06578512385509863,
        0.062117548961635724,
        0.06304944450632408,
        0.13465958616199963,
        0.08541222559399679,
        0.0721616885139646,
        0.0685822864169043,
        0.06673105116682629,
        0.1472724296018749,
        0.10079028848335593,
        0.08434532733751227,
        0.08093244879099423,
        0.07459061644681378,
        0.17100222883913332,
        0.10815918388146305,
        0.09142590250574543,
        0.08515709066417759,
        0.0802817948435818,
        0.18010417632981687,
        0.11443122556645,
        0.09628008606615002,
        0.08992597568378656,
        0.08331759007156876,
        0.2122664995893033,
        0.13350446717423237,
        0.11070964248951323,
        0.10153920378558293,
        0.09746972557358043,
        0.44856256889012047,
        0.17593511421523408,
        0.1292683398072234,
        0.11556315662975084,
        0.11062980140977634,
        0.42959152072846535,
        0.18199168819331837,
        0.14583421140507666,
        0.13038752355172248,
        0.1247302480599659,
        1.0728919820157354,
        0.6366840852591806,
        0.5207081622706202,
        0.4158741322284687,
        0.32658531423100456,
        1.2719758627657405,
        0.832427204012157,
        0.7196451118606293,
        0.6027861421336671,
        0.5020097267484951
    ],
    "sparsity": [
        0.0,
        0.0,
        0.0,
        0.0,
        0.0,
        0.2,
        0.2,
        0.2,
        0.2,
        0.2,
        0.3599977495217734,
        0.3599977495217734,
        0.3599977495217734,
        0.3599977495217734,
        0.3599977495217734,
        0.4879899478639211,
        0.4879899478639211,
        0.4879899478639211,
        0.4879899478639211,
        0.4879899478639211,
        0.5903829563782304,
        0.5903829563782304,
        0.5903829563782304,
        0.5903829563782304,
        0.5903829563782304,
        0.6722966130302689,
        0.6722966130302689,
        0.6722966130302689,
        0.6722966130302689,
        0.6722966130302689,
        0.7378267881924909,
        0.7378267881924909,
        0.7378267881924909,
        0.7378267881924909,
        0.7378267881924909,
        0.7902516784816773,
        0.7902516784816773,
        0.7902516784816773,
        0.7902516784816773,
        0.7902516784816773,
        0.8321893402347998,
        0.8321893402347998,
        0.8321893402347998,
        0.8321893402347998,
        0.8321893402347998,
        0.8657364689996624,
        0.8657364689996624,
        0.8657364689996624,
        0.8657364689996624,
        0.8657364689996624,
        0.8925809234462323,
        0.8925809234462323,
        0.8925809234462323,
        0.8925809234462323,
        0.8925809234462323,
        0.9140504857282172,
        0.9140504857282172,
        0.9140504857282172,
        0.9140504857282172,
        0.9140504857282172,
        0.9312291361914407,
        0.9312291361914407,
        0.9312291361914407,
        0.9312291361914407,
        0.9312291361914407,
        0.944968305764975,
        0.944968305764975,
        0.944968305764975,
        0.944968305764975,
        0.944968305764975,
        0.9559618919020292,
        0.9559618919020292,
        0.9559618919020292,
        0.9559618919020292,
        0.9559618919020292,
        0.9647612617681257,
        0.9647612617681257,
        0.9647612617681257,
        0.9647612617681257,
        0.9647612617681257,
        0.9717977570233675,
        0.9717977570233675,
        0.9717977570233675,
        0.9717977570233675,
        0.9717977570233675,
        0.9774314541840141,
        0.9774314541840141,
        0.9774314541840141,
        0.9774314541840141,
        0.9774314541840141,
        0.981928659840216,
        0.981928659840216,
        0.981928659840216,
        0.981928659840216,
        0.981928659840216,
        0.9855294250028132,
        0.9855294250028132,
        0.9855294250028132,
        0.9855294250028132,
        0.9855294250028132
    ]
}