{
    "args": {
        "load_last_pretrained": false,
        "model": "conv6",
        "dataset": "cifar10",
        "epochs": 100,
        "batch_size": 60,
        "initialization": "kaiming-normal",
        "learning_rate": 0.0003,
        "forget_model": false,
        "disable_cuda": false,
        "pruning_rate": 0.2,
        "pruning_interval": 5,
        "seed": 43
    },
    "test_acc": [
        66.2,
        76.656,
        83.84,
        87.654,
        91.94,
        40.738,
        52.071999999999996,
        59.016000000000005,
        66.97,
        74.658,
        32.158,
        50.416000000000004,
        58.082,
        64.788,
        70.696,
        10.0,
        35.186,
        50.961999999999996,
        58.78,
        65.756,
        27.034000000000002,
        47.474,
        56.196,
        64.63,
        68.748,
        31.284,
        49.158,
        60.34,
        65.03,
        68.824,
        24.802,
        42.426,
        57.443999999999996,
        61.522,
        66.40599999999999,
        33.96,
        39.98,
        49.264,
        55.564,
        60.56,
        14.514,
        39.09,
        49.284,
        55.989999999999995,
        60.589999999999996,
        10.01,
        25.276,
        43.108000000000004,
        51.732,
        57.976000000000006,
        17.408,
        35.717999999999996,
        44.64,
        49.76,
        55.43599999999999,
        10.0,
        17.476,
        31.535999999999998,
        38.09,
        48.68,
        14.879999999999999,
        29.37,
        33.166000000000004,
        40.786,
        45.198,
        10.0,
        10.0,
        10.0,
        10.0,
        10.0,
        10.0,
        10.0,
        10.0,
        10.0,
        10.0,
        10.0,
        10.0,
        10.0,
        27.184,
        31.296000000000003,
        10.0,
        10.0,
        10.0,
        10.0,
        10.0,
        10.0,
        10.0,
        10.0,
        10.0,
        10.0,
        10.0,
        10.0,
        10.0,
        10.0,
        10.0,
        10.0,
        10.0,
        10.0,
        10.0,
        10.0
    ],
    "test_loss": [
        1.3531574227398249,
        0.8550446896101359,
        0.6424289287851869,
        0.48710717441295265,
        0.34919069501922,
        1.967990389544901,
        1.4468862680222492,
        1.211301155513425,
        0.9977482330741928,
        0.8263018560066497,
        2.1206527382349796,
        1.5710767853460152,
        1.2471488050276713,
        1.0473336212211948,
        0.8975395528818492,
        2.302789042321898,
        2.0549483445050907,
        1.5020045528023078,
        1.2188880372819284,
        1.0285848454891635,
        2.2575637663868693,
        1.6676678957699014,
        1.26667897435401,
        1.075933672898679,
        0.9458877472854632,
        2.1350146789344953,
        1.5668546880463616,
        1.242163982894495,
        1.0506633933928373,
        0.9391254789108853,
        2.2712818984505083,
        1.7313713065440135,
        1.3596120951987571,
        1.1358615897542281,
        1.0117839921435579,
        1.9476566371871984,
        1.6463421834744423,
        1.49857363383547,
        1.3353081866562795,
        1.1745443976611543,
        2.3011474357806234,
        1.886687794320589,
        1.4988041681637294,
        1.2889888455970682,
        1.1586929083728104,
        2.302402268210761,
        2.191672446344682,
        1.7107605240899595,
        1.4228119792983973,
        1.2341955991671811,
        2.301020753183525,
        1.946217749616225,
        1.6047991061096283,
        1.4481235232284602,
        1.2879677044687796,
        2.302660969235628,
        2.3021399720395497,
        2.0737293918641635,
        1.7210031035992739,
        1.5429277665895238,
        2.296280050449234,
        1.9246881048170497,
        1.7867033700291202,
        1.6834130460123935,
        1.5343015388333254,
        2.302759016732232,
        2.3026467232967165,
        2.3026217985496245,
        2.3026025509662764,
        2.302592425037631,
        2.302759448401362,
        2.3026498993523687,
        2.3026184046582925,
        2.3026114161923634,
        2.3026070271750436,
        2.3027393680682287,
        2.3026408808980343,
        2.302615743460987,
        2.1376398575963447,
        1.932458595549174,
        2.3027466429795007,
        2.302646587792632,
        2.3026151136814548,
        2.3026049514468627,
        2.302608259004369,
        2.302745946877294,
        2.3026498444646384,
        2.30262033544856,
        2.3026105817273366,
        2.302608359346001,
        2.3027495331615566,
        2.3026429749221253,
        2.302619896060843,
        2.302607351641575,
        2.302608050602517,
        2.3027457493386394,
        2.302642847708375,
        2.302615615961363,
        2.3026082804448884,
        2.3026095688771857
    ],
    "train_acc": [
        63.68000000000001,
        72.03,
        75.76,
        76.75999999999999,
        77.18,
        41.29,
        51.980000000000004,
        57.68,
        63.61,
        69.76,
        32.24,
        49.7,
        57.24,
        63.2,
        68.21000000000001,
        10.0,
        34.92,
        50.870000000000005,
        57.830000000000005,
        65.28,
        27.060000000000002,
        47.04,
        55.82,
        63.800000000000004,
        67.38,
        30.769999999999996,
        48.19,
        59.86,
        63.89,
        67.4,
        25.2,
        42.22,
        56.489999999999995,
        60.760000000000005,
        65.16999999999999,
        34.22,
        39.46,
        48.63,
        55.22,
        60.28,
        14.74,
        38.78,
        49.17,
        56.120000000000005,
        59.75,
        10.0,
        25.290000000000003,
        43.15,
        52.01,
        57.65,
        17.630000000000003,
        35.44,
        44.3,
        49.66,
        55.66,
        10.0,
        17.61,
        31.72,
        37.51,
        48.13,
        14.729999999999999,
        29.57,
        32.64,
        40.23,
        44.16,
        10.0,
        10.0,
        10.0,
        10.0,
        10.0,
        10.0,
        10.0,
        10.0,
        10.0,
        10.0,
        10.0,
        10.0,
        10.0,
        27.88,
        31.41,
        10.0,
        10.0,
        10.0,
        10.0,
        10.0,
        10.0,
        10.0,
        10.0,
        10.0,
        10.0,
        10.0,
        10.0,
        10.0,
        10.0,
        10.0,
        10.0,
        10.0,
        10.0,
        10.0,
        10.0
    ],
    "train_loss": [
        1.0293156551029867,
        0.810586751935011,
        0.7062840459946387,
        0.6960379136893564,
        0.7015562533975361,
        1.5862311938565647,
        1.3270478998115676,
        1.1842357412783686,
        1.0182131261168839,
        0.861457207067284,
        1.7923674176553053,
        1.3602411054565522,
        1.182806336237285,
        1.0237656150035515,
        0.8991289299405264,
        2.3025150470391007,
        1.7150240415584541,
        1.3370030169001597,
        1.1522927833888346,
        0.977042467294339,
        1.8817458852322515,
        1.4251581309084407,
        1.1951496661780123,
        1.012081450687911,
        0.9130170070482585,
        1.7774603074182294,
        1.3948922535616481,
        1.1082835661436983,
        0.9960904000048152,
        0.8987762424760236,
        1.964222656752535,
        1.5242570795698793,
        1.2009303145065993,
        1.093579992205797,
        0.966130194906703,
        1.7357388998933896,
        1.6495428313752134,
        1.4110673458990222,
        1.240218654007255,
        1.115632713554862,
        2.289365185948903,
        1.6292989096955626,
        1.3844416955274021,
        1.2180113974445594,
        1.1016073723039228,
        2.3017889068512147,
        1.8988575949640332,
        1.5316775459015441,
        1.3004060990796118,
        1.1686647391604805,
        2.2937584037552337,
        1.716033513674479,
        1.5003725197500812,
        1.3674870208351912,
        1.2360227272182167,
        2.302486505337104,
        2.3006692503740687,
        1.8037318897818377,
        1.6668217624732835,
        1.392139152138533,
        2.2121795108932223,
        1.809520889898974,
        1.7569454037500714,
        1.584340196169779,
        1.476889562464046,
        2.302648410111844,
        2.302614795947503,
        2.3025858387975635,
        2.3025729399241373,
        2.3025603065947573,
        2.3026546789500526,
        2.302604616759066,
        2.3025921904398294,
        2.302584198420633,
        2.302580587878199,
        2.3026465027632113,
        2.3025976597905875,
        2.3025623481430695,
        1.9906383374493992,
        1.8798243842439024,
        2.3026532955512313,
        2.3026075234670125,
        2.30259008464699,
        2.302586144315982,
        2.3025860143992714,
        2.302653097107025,
        2.302608371494773,
        2.3025908898450655,
        2.302587146530608,
        2.3025854861664916,
        2.302651558093682,
        2.3025987433816146,
        2.3025919948509355,
        2.3025864355578394,
        2.302585553266331,
        2.302650213241577,
        2.3026037630206813,
        2.302587523431835,
        2.3025871208327975,
        2.3025859530100568
    ],
    "sparsity": [
        0.0,
        0.0,
        0.0,
        0.0,
        0.0,
        0.19999672942921468,
        0.19999672942921468,
        0.19999672942921468,
        0.19999672942921468,
        0.19999672942921468,
        0.35999482012302647,
        0.35999482012302647,
        0.35999482012302647,
        0.35999482012302647,
        0.35999482012302647,
        0.48799081765153574,
        0.48799081765153574,
        0.48799081765153574,
        0.48799081765153574,
        0.48799081765153574,
        0.5903897371256633,
        0.5903897371256633,
        0.5903897371256633,
        0.5903897371256633,
        0.5903897371256633,
        0.6723086959173553,
        0.6723086959173553,
        0.6723086959173553,
        0.6723086959173553,
        0.6723086959173553,
        0.737844304919734,
        0.737844304919734,
        0.737844304919734,
        0.737844304919734,
        0.737844304919734,
        0.7902724385464169,
        0.7902724385464169,
        0.7902724385464169,
        0.7902724385464169,
        0.7902724385464169,
        0.8322148570539583,
        0.8322148570539583,
        0.8322148570539583,
        0.8322148570539583,
        0.8322148570539583,
        0.8657678195281362,
        0.8657678195281362,
        0.8657678195281362,
        0.8657678195281362,
        0.8657678195281362,
        0.8926116922021637,
        0.8926116922021637,
        0.8926116922021637,
        0.8926116922021637,
        0.8926116922021637,
        0.9140847572838705,
        0.9140847572838705,
        0.9140847572838705,
        0.9140847572838705,
        0.9140847572838705,
        0.931263651318261,
        0.931263651318261,
        0.931263651318261,
        0.931263651318261,
        0.931263651318261,
        0.9450088879970936,
        0.9450088879970936,
        0.9450088879970936,
        0.9450088879970936,
        0.9450088879970936,
        0.9560037514330846,
        0.9560037514330846,
        0.9560037514330846,
        0.9560037514330846,
        0.9560037514330846,
        0.9647984930624122,
        0.9647984930624122,
        0.9647984930624122,
        0.9647984930624122,
        0.9647984930624122,
        0.9718355238791444,
        0.9718355238791444,
        0.9718355238791444,
        0.9718355238791444,
        0.9718355238791444,
        0.9774639994130652,
        0.9774639994130652,
        0.9774639994130652,
        0.9774639994130652,
        0.9774639994130652,
        0.9819672218092267,
        0.9819672218092267,
        0.9819672218092267,
        0.9819672218092267,
        0.9819672218092267,
        0.9855697113323509,
        0.9855697113323509,
        0.9855697113323509,
        0.9855697113323509,
        0.9855697113323509
    ]
}