{
    "args": {
        "load_last_pretrained": false,
        "model": "lenet",
        "dataset": "mnist",
        "epochs": 100,
        "batch_size": 60,
        "initialization": "xavier-normal-half",
        "learning_rate": 0.0012,
        "forget_model": false,
        "disable_cuda": false,
        "pruning_rate": 0.2,
        "pruning_interval": 5,
        "seed": 44
    },
    "test_acc": [
        96.71833333333333,
        97.99,
        98.21166666666666,
        99.11166666666666,
        98.95,
        96.74333333333334,
        98.07833333333333,
        98.73833333333333,
        98.83833333333332,
        99.30499999999999,
        97.095,
        98.165,
        98.88333333333334,
        99.02833333333334,
        99.30499999999999,
        97.29666666666667,
        98.44666666666667,
        98.83666666666666,
        99.33666666666666,
        99.44833333333334,
        97.715,
        98.72833333333332,
        99.08666666666667,
        99.54333333333332,
        99.46833333333333,
        97.83833333333334,
        98.56166666666667,
        99.19833333333334,
        99.59333333333333,
        99.56,
        97.85666666666667,
        98.82,
        99.25500000000001,
        99.59166666666667,
        99.73666666666666,
        97.75,
        98.95,
        99.31666666666666,
        99.54833333333333,
        99.76833333333333,
        97.61,
        98.9,
        99.155,
        99.63499999999999,
        99.53166666666667,
        97.48,
        98.65,
        99.23833333333333,
        99.52499999999999,
        99.66833333333334,
        97.03166666666667,
        98.485,
        98.98666666666666,
        99.33833333333332,
        99.535,
        96.72500000000001,
        98.24666666666667,
        98.83333333333333,
        99.10166666666666,
        99.29666666666667,
        96.17833333333333,
        97.81333333333333,
        98.45,
        98.705,
        99.14166666666667,
        95.13333333333334,
        97.40333333333334,
        98.17333333333333,
        98.61333333333333,
        98.84166666666667,
        94.17999999999999,
        96.67666666666666,
        97.68333333333334,
        98.21,
        98.44666666666667,
        92.97,
        96.17166666666667,
        97.28166666666667,
        97.79166666666667,
        98.04666666666667,
        92.13333333333334,
        95.69833333333332,
        96.7,
        97.35666666666667,
        97.59333333333333,
        80.92166666666667,
        94.01666666666667,
        95.67833333333333,
        96.22500000000001,
        96.69166666666666,
        63.480000000000004,
        82.13666666666667,
        93.415,
        94.425,
        94.94,
        59.376666666666665,
        79.13833333333334,
        81.545,
        82.89166666666667,
        83.64
    ],
    "test_loss": [
        0.2526868076939136,
        0.09887986044958234,
        0.06730101809604093,
        0.04903989168640692,
        0.03665011573722586,
        0.2606292279586196,
        0.094459377118852,
        0.061021928502712396,
        0.04398735863657203,
        0.034038356112432666,
        0.24685645777825266,
        0.0843861400843598,
        0.05609064681082964,
        0.039808707672462335,
        0.030938178868382238,
        0.24699349153600633,
        0.07804024947923609,
        0.04999153580353595,
        0.03576389231474605,
        0.025819911396189128,
        0.2447245693160221,
        0.07213704833178781,
        0.04312571169249713,
        0.030329862523183693,
        0.02136933785531437,
        0.25013091862760484,
        0.06454648918332533,
        0.03955029081692919,
        0.02595742608240107,
        0.019526680130627937,
        0.2626612837482244,
        0.06222937982622534,
        0.03717339123401325,
        0.02439316268695984,
        0.017439081586082466,
        0.28928217575792226,
        0.0622234947795514,
        0.03647774154203944,
        0.02429237546690274,
        0.018074137262272416,
        0.3238062268020585,
        0.06326329738553614,
        0.03765052397968247,
        0.024715069363825025,
        0.017776783953537233,
        0.3643471655640751,
        0.06892626438150182,
        0.04117139963444788,
        0.028362631494703236,
        0.020890409016690682,
        0.429884062603116,
        0.0787255970542319,
        0.04780515713023487,
        0.033406398796127175,
        0.02541524907510029,
        0.5289549017772078,
        0.09083257798058912,
        0.0559471901813522,
        0.04069967231620103,
        0.031434848289529325,
        0.6374685209430754,
        0.10721635348163545,
        0.06905414718575775,
        0.05164231701567769,
        0.04116940109245479,
        0.81329438425228,
        0.1275150946304202,
        0.08020914195291698,
        0.06005811349721626,
        0.047887258710805326,
        0.9923540486693382,
        0.15611869475245477,
        0.10026953233778477,
        0.07569697076035664,
        0.0623574491944164,
        1.2306281892061233,
        0.18236974489502608,
        0.11592160757910461,
        0.08989576930273324,
        0.07618767806328833,
        1.4781332078576088,
        0.20470191798731685,
        0.132764358734712,
        0.10579289720393717,
        0.09139457308780402,
        1.8294302533864975,
        0.4002348556816578,
        0.21306075324118137,
        0.1607266863361001,
        0.13524780393764377,
        1.983399099588394,
        0.8762481026053429,
        0.4244951170384884,
        0.250809028878808,
        0.20443557193875314,
        2.0748879305124284,
        1.1143552367091178,
        0.6878096074163914,
        0.5585611276626586,
        0.4858373697698116
    ],
    "train_acc": [
        96.02000000000001,
        97.21,
        97.27,
        97.92999999999999,
        97.68,
        96.2,
        97.39,
        97.6,
        97.55,
        97.98,
        96.69,
        97.35000000000001,
        97.68,
        97.78,
        97.87,
        96.75,
        97.35000000000001,
        97.75,
        97.88,
        97.84,
        96.97,
        97.65,
        97.91,
        98.14,
        97.98,
        97.1,
        97.58,
        97.78,
        98.17,
        97.92,
        97.3,
        97.66,
        97.89,
        97.95,
        98.25,
        97.06,
        97.83,
        97.88,
        98.06,
        98.26,
        96.98,
        97.76,
        97.78,
        98.27,
        98.07000000000001,
        96.89,
        97.72,
        98.08,
        98.0,
        98.08,
        96.53,
        97.54,
        97.58,
        97.94,
        98.09,
        96.26,
        97.37,
        97.78,
        97.82,
        97.83,
        95.73,
        97.06,
        97.44,
        97.52,
        97.74000000000001,
        94.96,
        96.85000000000001,
        97.3,
        97.38,
        97.49,
        94.1,
        95.91,
        96.77,
        97.11999999999999,
        97.3,
        92.72,
        95.78,
        96.61999999999999,
        96.89,
        97.11,
        92.46,
        95.50999999999999,
        96.16,
        96.52,
        96.66,
        81.31,
        93.91000000000001,
        95.22,
        95.62,
        96.09,
        63.81,
        82.1,
        93.28999999999999,
        94.21000000000001,
        94.48,
        59.19,
        78.88,
        81.37,
        82.25,
        82.87
    ],
    "train_loss": [
        0.12370780818610491,
        0.09193802782763799,
        0.0918851872671864,
        0.06860204631655092,
        0.07982494717904416,
        0.12437682957974022,
        0.08312275683406942,
        0.07763558336321688,
        0.07972568314394239,
        0.06794285326816203,
        0.11232143459830456,
        0.08613679911327844,
        0.07483662999218363,
        0.07312898033348743,
        0.07443247154295099,
        0.10538558047934028,
        0.0834144554937448,
        0.07346766653002246,
        0.0718492975167116,
        0.07235661157215861,
        0.09922140953270439,
        0.07005384460950416,
        0.06995046928435743,
        0.06076786132225443,
        0.07042767675464533,
        0.09338794858334307,
        0.07404991206127459,
        0.06909341699357317,
        0.05810964925313636,
        0.06872671400824239,
        0.09066416180419351,
        0.0707008400109379,
        0.06450217264051923,
        0.06276783980164276,
        0.06311877060547041,
        0.09434032214325881,
        0.06690216140576198,
        0.06305741056281249,
        0.06298184726515528,
        0.057462327910411524,
        0.10295844492418858,
        0.06701874361836357,
        0.06815491806754764,
        0.055787155224138615,
        0.0646628351642647,
        0.10303898262763451,
        0.07383675924585965,
        0.06067566858941946,
        0.061486945329666205,
        0.06271866033401641,
        0.11864808559819252,
        0.07961081484511137,
        0.07257136586679892,
        0.06330065929029739,
        0.062466557623545256,
        0.12864907395964612,
        0.08656630270227701,
        0.07225907989777625,
        0.06687239755968379,
        0.06818424446109549,
        0.15019176600355946,
        0.1012873709937948,
        0.08672576296717642,
        0.08287325418347906,
        0.07607178540180945,
        0.18219015334626873,
        0.11693258127922605,
        0.09498799199093423,
        0.08751112370735067,
        0.08495706271012118,
        0.21165997238305514,
        0.13648331514420267,
        0.10992300976067781,
        0.0973069744496913,
        0.0940456052511529,
        0.26006702422917244,
        0.15215067128221432,
        0.12115830266123225,
        0.10869778921370378,
        0.10316227109890855,
        0.2924771088504506,
        0.16627457936456103,
        0.1367462380694415,
        0.12079384036272943,
        0.1188506356323372,
        0.7348057570571671,
        0.268179976520781,
        0.19489120011647304,
        0.1709610923321661,
        0.15433789892289454,
        1.2532901192853552,
        0.6693774401070829,
        0.3087123649384447,
        0.24375113603954543,
        0.22094924212572817,
        1.6119247931920127,
        0.8078492665719129,
        0.6297855494978899,
        0.536860026642234,
        0.4889789370005716
    ],
    "sparsity": [
        0.0,
        0.0,
        0.0,
        0.0,
        0.0,
        0.2,
        0.2,
        0.2,
        0.2,
        0.2,
        0.3599977495217734,
        0.3599977495217734,
        0.3599977495217734,
        0.3599977495217734,
        0.3599977495217734,
        0.4879899478639211,
        0.4879899478639211,
        0.4879899478639211,
        0.4879899478639211,
        0.4879899478639211,
        0.5903829563782304,
        0.5903829563782304,
        0.5903829563782304,
        0.5903829563782304,
        0.5903829563782304,
        0.6722966130302689,
        0.6722966130302689,
        0.6722966130302689,
        0.6722966130302689,
        0.6722966130302689,
        0.7378267881924909,
        0.7378267881924909,
        0.7378267881924909,
        0.7378267881924909,
        0.7378267881924909,
        0.7902516784816773,
        0.7902516784816773,
        0.7902516784816773,
        0.7902516784816773,
        0.7902516784816773,
        0.8321893402347998,
        0.8321893402347998,
        0.8321893402347998,
        0.8321893402347998,
        0.8321893402347998,
        0.8657364689996624,
        0.8657364689996624,
        0.8657364689996624,
        0.8657364689996624,
        0.8657364689996624,
        0.8925809234462323,
        0.8925809234462323,
        0.8925809234462323,
        0.8925809234462323,
        0.8925809234462323,
        0.9140504857282172,
        0.9140504857282172,
        0.9140504857282172,
        0.9140504857282172,
        0.9140504857282172,
        0.9312291361914407,
        0.9312291361914407,
        0.9312291361914407,
        0.9312291361914407,
        0.9312291361914407,
        0.944968305764975,
        0.944968305764975,
        0.944968305764975,
        0.944968305764975,
        0.944968305764975,
        0.9559618919020292,
        0.9559618919020292,
        0.9559618919020292,
        0.9559618919020292,
        0.9559618919020292,
        0.9647612617681257,
        0.9647612617681257,
        0.9647612617681257,
        0.9647612617681257,
        0.9647612617681257,
        0.9717977570233675,
        0.9717977570233675,
        0.9717977570233675,
        0.9717977570233675,
        0.9717977570233675,
        0.9774314541840141,
        0.9774314541840141,
        0.9774314541840141,
        0.9774314541840141,
        0.9774314541840141,
        0.981928659840216,
        0.981928659840216,
        0.981928659840216,
        0.981928659840216,
        0.981928659840216,
        0.9855294250028132,
        0.9855294250028132,
        0.9855294250028132,
        0.9855294250028132,
        0.9855294250028132
    ]
}