{
    "args": {
        "load_last_pretrained": false,
        "model": "conv6",
        "dataset": "CIFAR10",
        "epochs": 100,
        "batch_size": 60,
        "initialization": "kaiming-normal",
        "learning_rate": 0.0003,
        "forget_model": false,
        "disable_cuda": false,
        "pruning_rate": 0.2,
        "pruning_interval": 5,
        "seed": 42
    },
    "test_acc": [
        63.402,
        74.78,
        82.58,
        88.39200000000001,
        91.06,
        39.714,
        52.288000000000004,
        61.76199999999999,
        68.566,
        72.584,
        36.602000000000004,
        47.346,
        59.419999999999995,
        66.74799999999999,
        73.356,
        10.0,
        32.448,
        49.618,
        60.687999999999995,
        66.73,
        35.821999999999996,
        53.03,
        61.558,
        66.044,
        69.792,
        36.062,
        47.862,
        54.903999999999996,
        60.486,
        65.19200000000001,
        16.695999999999998,
        43.675999999999995,
        53.449999999999996,
        61.763999999999996,
        64.534,
        30.116,
        49.868,
        57.766,
        61.772000000000006,
        64.384,
        11.936,
        32.044,
        51.808,
        59.785999999999994,
        64.122,
        30.965999999999998,
        37.78,
        48.114000000000004,
        56.022000000000006,
        60.42999999999999,
        10.0,
        10.0,
        10.0,
        10.0,
        42.85,
        10.392,
        24.012,
        44.714,
        51.13999999999999,
        54.80199999999999,
        16.554,
        22.983999999999998,
        38.952,
        42.834,
        47.454,
        10.0,
        10.001999999999999,
        10.0,
        10.004,
        10.064,
        10.0,
        10.0,
        10.0,
        12.494,
        24.998,
        10.0,
        10.0,
        13.750000000000002,
        14.438,
        29.336000000000002,
        10.0,
        11.584,
        10.974,
        10.581999999999999,
        10.354,
        10.0,
        10.0,
        10.0,
        10.0,
        10.0,
        10.0,
        10.0,
        10.0,
        13.43,
        18.548000000000002,
        10.0,
        10.0,
        10.0,
        11.985999999999999,
        12.086
    ],
    "test_loss": [
        1.3670007697255206,
        0.8803754280225264,
        0.6656325336197297,
        0.5064879270623343,
        0.37515182660923874,
        1.8855775473215026,
        1.4613178031478855,
        1.2161666049802904,
        1.0250577780125525,
        0.8510407374131022,
        1.962941333687277,
        1.5251498588269277,
        1.2505724756694812,
        1.0486056615265724,
        0.8850325963480009,
        2.3028168904123834,
        2.138996186016275,
        1.543524601905466,
        1.2265378509779914,
        1.0409018447359117,
        2.0314096406781132,
        1.4610578447080058,
        1.1919394367032772,
        1.0125412992436251,
        0.9007533951986322,
        1.9476583495700388,
        1.5507331786395835,
        1.352942183220701,
        1.188689255242725,
        1.0450537817941294,
        2.3014127559227338,
        1.82531790510356,
        1.3954904056567368,
        1.1730253059658216,
        1.0423889537509397,
        1.9742344850830609,
        1.5569770576284945,
        1.2654915219016498,
        1.1223471176852997,
        1.0274664956888706,
        2.3016791377993795,
        1.996435639240759,
        1.5122679337609015,
        1.2037673681902943,
        1.0637889762433599,
        2.140444802294532,
        1.7916482043780868,
        1.5228546992194452,
        1.306831458704077,
        1.1466002370670831,
        2.3026632619418685,
        2.3025225023571534,
        2.3023983706101525,
        2.3020209817291737,
        2.028520148292148,
        2.302222853370136,
        2.2817492469323337,
        1.6456270646705902,
        1.4244434316095402,
        1.3066982503274647,
        2.2773407286019633,
        2.120705321252489,
        1.7737278548075999,
        1.5766728041555098,
        1.468611646613343,
        2.302692114306297,
        2.302593460185922,
        2.3025528401207866,
        2.302523150432596,
        2.302471442474164,
        2.3027086638146455,
        2.302625469738345,
        2.3025961485412196,
        2.302556608220656,
        2.2409195739874166,
        2.3026999526744265,
        2.3026258002082223,
        2.3025816175863327,
        2.3025139364407217,
        2.147328871760151,
        2.302717956421758,
        2.3026429683470324,
        2.302610134335159,
        2.3026056832832684,
        2.3025973883750055,
        2.302719697391958,
        2.30264777531155,
        2.302623606985993,
        2.3026121997718905,
        2.3026077164162833,
        2.302726808211786,
        2.302650909915531,
        2.3026241269900645,
        2.302619090754923,
        2.2629396100696044,
        2.3027289699879194,
        2.3026559432919362,
        2.3026302881378062,
        2.3026148478190103,
        2.3026097369708602
    ],
    "train_acc": [
        61.24000000000001,
        69.82000000000001,
        74.63,
        76.58,
        76.42999999999999,
        40.58,
        51.839999999999996,
        60.099999999999994,
        65.62,
        68.52000000000001,
        36.77,
        47.68,
        58.48,
        65.79,
        70.67,
        10.0,
        32.6,
        49.62,
        59.91,
        65.16999999999999,
        35.25,
        52.82,
        60.5,
        64.89,
        68.30000000000001,
        36.4,
        47.54,
        53.959999999999994,
        59.25,
        62.870000000000005,
        16.81,
        43.13,
        52.87,
        61.46,
        63.54,
        30.320000000000004,
        49.75,
        57.43000000000001,
        61.519999999999996,
        63.75999999999999,
        11.97,
        31.66,
        51.2,
        59.199999999999996,
        63.28,
        31.900000000000002,
        38.17,
        47.63,
        55.7,
        60.129999999999995,
        10.0,
        10.0,
        10.0,
        10.0,
        42.61,
        10.25,
        23.97,
        44.25,
        51.22,
        55.24,
        17.0,
        22.84,
        39.64,
        42.21,
        46.989999999999995,
        10.0,
        10.01,
        10.0,
        10.0,
        10.03,
        10.0,
        10.0,
        10.01,
        12.8,
        25.81,
        10.0,
        10.0,
        14.099999999999998,
        14.95,
        29.87,
        10.0,
        11.62,
        10.97,
        10.58,
        10.33,
        10.0,
        10.0,
        10.0,
        10.0,
        10.0,
        10.0,
        10.0,
        10.0,
        13.98,
        18.7,
        10.0,
        10.0,
        10.0,
        11.790000000000001,
        11.799999999999999
    ],
    "train_loss": [
        1.0836250674938728,
        0.8673000471320694,
        0.7429104550869879,
        0.6957504229988166,
        0.7139865350937415,
        1.5973441136811308,
        1.3114015642040504,
        1.1018452687177829,
        0.9566252224459619,
        0.8778652602327084,
        1.6914314417068117,
        1.462426017858311,
        1.1422734431877821,
        0.9713474854737699,
        0.8399695111605936,
        2.3025654647164715,
        1.7473927793388595,
        1.3709851167872995,
        1.1124988630146324,
        0.9655871137887418,
        1.675273958080543,
        1.2937268911007636,
        1.0884426357503423,
        0.9775298730341974,
        0.8997142486229628,
        1.7015946311151195,
        1.4441288731055346,
        1.2642748020366281,
        1.145667675726428,
        1.0553994225170797,
        2.2939846058805546,
        1.5221649786669338,
        1.2845642595234033,
        1.0819632175439846,
        1.0263208204400753,
        1.788972777520825,
        1.3603794132164138,
        1.167449019983143,
        1.0728790520907876,
        1.0161256704501762,
        2.29782651141732,
        1.7335777996542925,
        1.3226607531130672,
        1.1457213584534423,
        1.0208270071509356,
        1.9067619853390905,
        1.6602111026912392,
        1.4114913790525792,
        1.2313765123218834,
        1.1233845627950336,
        2.3025434217053258,
        2.3024396082598293,
        2.302286594927668,
        2.301250499165701,
        1.5360101147326166,
        2.301692537204948,
        2.0368848368079364,
        1.4988176201631922,
        1.355077238139992,
        1.2600633455607706,
        2.175593684533399,
        2.0027330485646595,
        1.6416640517240513,
        1.5324304774849715,
        1.4273714226876903,
        2.3026070237873557,
        2.3025449293102334,
        2.302514955669106,
        2.3024824722084456,
        2.3024003405770856,
        2.3026368261097434,
        2.302585456185712,
        2.3025581965189494,
        2.3024888138571185,
        1.98289623945773,
        2.3026259273826004,
        2.302583704451601,
        2.3025421054063444,
        2.3023657870149896,
        1.8694093348737248,
        2.3026510612693376,
        2.302602028418444,
        2.302584154163292,
        2.302580552186795,
        2.302575435467109,
        2.3026424996153323,
        2.3026099176463966,
        2.3026017485978363,
        2.3025902002871392,
        2.302586695391261,
        2.30264601593246,
        2.302610244579658,
        2.3025973699763864,
        2.3025831462380415,
        2.18103736032269,
        2.302663363382488,
        2.3026212632299186,
        2.302601511606913,
        2.302590568622429,
        2.3025891809406396
    ],
    "sparsity": [
        0.0,
        0.0,
        0.0,
        0.0,
        0.0,
        0.19999672942921468,
        0.19999672942921468,
        0.19999672942921468,
        0.19999672942921468,
        0.19999672942921468,
        0.35999482012302647,
        0.35999482012302647,
        0.35999482012302647,
        0.35999482012302647,
        0.35999482012302647,
        0.48799081765153574,
        0.48799081765153574,
        0.48799081765153574,
        0.48799081765153574,
        0.48799081765153574,
        0.5903897371256633,
        0.5903897371256633,
        0.5903897371256633,
        0.5903897371256633,
        0.5903897371256633,
        0.6723086959173553,
        0.6723086959173553,
        0.6723086959173553,
        0.6723086959173553,
        0.6723086959173553,
        0.737844304919734,
        0.737844304919734,
        0.737844304919734,
        0.737844304919734,
        0.737844304919734,
        0.7902724385464169,
        0.7902724385464169,
        0.7902724385464169,
        0.7902724385464169,
        0.7902724385464169,
        0.8322148570539583,
        0.8322148570539583,
        0.8322148570539583,
        0.8322148570539583,
        0.8322148570539583,
        0.8657678195281362,
        0.8657678195281362,
        0.8657678195281362,
        0.8657678195281362,
        0.8657678195281362,
        0.8926116922021637,
        0.8926116922021637,
        0.8926116922021637,
        0.8926116922021637,
        0.8926116922021637,
        0.9140847572838705,
        0.9140847572838705,
        0.9140847572838705,
        0.9140847572838705,
        0.9140847572838705,
        0.931263651318261,
        0.931263651318261,
        0.931263651318261,
        0.931263651318261,
        0.931263651318261,
        0.9450088879970936,
        0.9450088879970936,
        0.9450088879970936,
        0.9450088879970936,
        0.9450088879970936,
        0.9560037514330846,
        0.9560037514330846,
        0.9560037514330846,
        0.9560037514330846,
        0.9560037514330846,
        0.9647984930624122,
        0.9647984930624122,
        0.9647984930624122,
        0.9647984930624122,
        0.9647984930624122,
        0.9718355238791444,
        0.9718355238791444,
        0.9718355238791444,
        0.9718355238791444,
        0.9718355238791444,
        0.9774639994130652,
        0.9774639994130652,
        0.9774639994130652,
        0.9774639994130652,
        0.9774639994130652,
        0.9819672218092267,
        0.9819672218092267,
        0.9819672218092267,
        0.9819672218092267,
        0.9819672218092267,
        0.9855697113323509,
        0.9855697113323509,
        0.9855697113323509,
        0.9855697113323509,
        0.9855697113323509
    ]
}