{
    "args": {
        "load_last_pretrained": false,
        "model": "conv6",
        "dataset": "cifar10",
        "epochs": 100,
        "batch_size": 60,
        "initialization": "xavier-uniform",
        "learning_rate": 0.0003,
        "forget_model": false,
        "disable_cuda": false,
        "pruning_rate": 0.2,
        "pruning_interval": 5,
        "seed": 44
    },
    "test_acc": [
        56.37,
        70.65,
        77.77,
        83.346,
        85.67399999999999,
        42.232,
        52.976,
        62.956,
        65.822,
        72.784,
        45.448,
        57.379999999999995,
        62.976,
        69.628,
        72.872,
        41.238,
        54.092,
        63.23800000000001,
        68.44200000000001,
        72.416,
        34.154,
        49.95,
        60.918000000000006,
        65.336,
        69.64200000000001,
        35.89,
        53.349999999999994,
        61.053999999999995,
        67.174,
        70.846,
        39.153999999999996,
        50.949999999999996,
        60.58,
        64.542,
        69.08800000000001,
        33.812,
        44.446000000000005,
        55.913999999999994,
        62.658,
        66.66,
        30.320000000000004,
        44.769999999999996,
        50.734,
        57.736,
        59.57599999999999,
        10.0,
        19.784,
        42.077999999999996,
        53.2,
        60.42999999999999,
        18.236,
        40.52,
        46.876,
        53.498000000000005,
        58.804,
        10.0,
        14.168,
        31.830000000000002,
        39.922000000000004,
        50.74999999999999,
        10.0,
        16.42,
        26.882,
        35.564,
        44.868,
        10.0,
        10.0,
        10.0,
        10.0,
        26.473999999999997,
        10.0,
        19.182,
        28.458,
        34.684,
        37.95,
        10.0,
        10.0,
        10.0,
        10.0,
        13.065999999999999,
        10.0,
        10.0,
        10.0,
        10.0,
        10.0,
        10.0,
        10.0,
        24.754,
        26.895999999999997,
        28.544000000000004,
        10.0,
        10.0,
        10.0,
        10.0,
        10.0,
        10.0,
        10.0,
        10.0,
        10.0,
        10.0
    ],
    "test_loss": [
        1.5411764853578105,
        1.0355360518685348,
        0.7895958051978827,
        0.6279465139305277,
        0.48785727622983555,
        1.8544762267483224,
        1.4383218833010831,
        1.20067728251862,
        1.0157935792307773,
        0.871389567994957,
        1.8069178164719963,
        1.334978904584043,
        1.098946176272788,
        0.9452211723910818,
        0.8367252795101642,
        1.883571214527249,
        1.393931283796434,
        1.1579894634316579,
        0.9834216357135087,
        0.8588714940870981,
        2.0304053461523077,
        1.485446594173102,
        1.1966071774204858,
        1.0046969997368271,
        0.882862864281062,
        1.9412320610716474,
        1.4662606246608625,
        1.1535186520297465,
        0.9915102510143528,
        0.8934468449734384,
        1.8670382436802633,
        1.4552052055331444,
        1.2073957554870944,
        1.0376896851783177,
        0.9324094816077527,
        2.019502887194105,
        1.6317617350059161,
        1.3770655707346735,
        1.1442474631382693,
        1.0145502237679003,
        2.099866690681421,
        1.6557304597587037,
        1.4302203203562638,
        1.2707487906483437,
        1.108621854147465,
        2.3026847899388923,
        2.296738633434835,
        1.7901963387176,
        1.4144709635552744,
        1.175060496484633,
        2.300453329829575,
        1.8192865273935332,
        1.5118559900519373,
        1.373036680890502,
        1.225382550443105,
        2.3027977154409287,
        2.301680097191168,
        1.9412534619978579,
        1.718126056577376,
        1.4640132819148277,
        2.302814668316921,
        2.293855611083033,
        2.0659263791511955,
        1.8078324062932882,
        1.5992362058991723,
        2.302827094670394,
        2.3026411587671696,
        2.3025800641492116,
        2.3025152517451373,
        2.220614728595999,
        2.3027907744300165,
        2.262102473982804,
        2.025531058402942,
        1.8962731647262756,
        1.7750727684377767,
        2.3028379558659284,
        2.302656989589298,
        2.3026028051079033,
        2.302586506596572,
        2.302565355095074,
        2.302824858281252,
        2.302664730760405,
        2.302621351157447,
        2.3026086632296336,
        2.302605780480291,
        2.302849729569982,
        2.3026609109174148,
        2.1766657341870186,
        2.015443733841967,
        1.9760813825993802,
        2.3028391942703466,
        2.302668066905271,
        2.3026324776436784,
        2.3026100554340463,
        2.3026048133699155,
        2.3028366071143025,
        2.302673513369023,
        2.3026238779941623,
        2.30260992536156,
        2.30260620014273
    ],
    "train_acc": [
        55.03,
        67.22,
        72.63,
        74.6,
        74.86,
        42.82,
        52.59,
        60.92999999999999,
        63.449999999999996,
        68.42,
        44.81,
        56.64,
        61.91,
        67.9,
        69.78999999999999,
        40.9,
        53.900000000000006,
        62.03999999999999,
        66.64999999999999,
        70.03,
        34.589999999999996,
        49.25,
        59.99,
        63.85999999999999,
        67.82000000000001,
        35.56,
        52.75,
        60.209999999999994,
        65.86,
        69.0,
        38.99,
        50.03999999999999,
        59.97,
        63.580000000000005,
        67.25999999999999,
        33.6,
        43.830000000000005,
        55.63,
        62.239999999999995,
        65.89,
        30.630000000000003,
        44.05,
        50.080000000000005,
        58.089999999999996,
        59.43000000000001,
        10.0,
        19.66,
        41.49,
        53.39,
        59.88,
        18.72,
        40.42,
        46.35,
        53.300000000000004,
        58.69,
        10.0,
        13.87,
        31.869999999999997,
        40.02,
        50.42,
        10.0,
        16.27,
        26.71,
        35.11,
        44.99,
        10.0,
        10.0,
        10.0,
        10.0,
        26.900000000000002,
        10.0,
        19.3,
        29.18,
        35.010000000000005,
        38.47,
        10.0,
        10.0,
        10.0,
        10.01,
        12.959999999999999,
        10.0,
        10.0,
        10.0,
        10.0,
        10.0,
        10.0,
        10.0,
        25.650000000000002,
        27.11,
        28.499999999999996,
        10.0,
        10.0,
        10.0,
        10.0,
        10.0,
        10.0,
        10.0,
        10.0,
        10.0,
        10.0
    ],
    "train_loss": [
        1.2526852649129079,
        0.9233666380008537,
        0.7892558522923978,
        0.7175521024329934,
        0.7670690870570566,
        1.5704469202521318,
        1.304588803988017,
        1.0986332286617713,
        1.0313197427880978,
        0.8914345924011962,
        1.5030503665615698,
        1.2070985336503584,
        1.0737194422476306,
        0.9162346585068161,
        0.848741766043052,
        1.5604756513755478,
        1.260468830248553,
        1.0581004944390167,
        0.9351106778590265,
        0.8412115191985033,
        1.674690842628479,
        1.3748162549412892,
        1.1092976588688925,
        1.0077653791376218,
        0.8996386688626455,
        1.74276956041416,
        1.2748418817976992,
        1.1236907643472362,
        0.9629756901078595,
        0.873854997272263,
        1.5888704182858953,
        1.3450944052484934,
        1.117313960712113,
        1.0069819417542327,
        0.9203672676743148,
        1.7265470706060262,
        1.4922772124855819,
        1.2314804364107326,
        1.069021549767363,
        0.9733241525238859,
        1.8182628111924954,
        1.4905573893449977,
        1.3752382215625512,
        1.187408411931135,
        1.1410113962110644,
        2.3023618809477298,
        2.229476774524072,
        1.5401710179037678,
        1.2892835950423143,
        1.1354842974754151,
        2.2688776975620293,
        1.6056287645579812,
        1.4339323243695106,
        1.3015325890329783,
        1.1695064795231391,
        2.302588876849877,
        2.291831450548001,
        1.7684587511473786,
        1.6111982404114957,
        1.3540786776000153,
        2.3026067296901864,
        2.2253782235219806,
        1.925943391765663,
        1.7349061737517397,
        1.491711288869024,
        2.3026705173675173,
        2.3025835174286438,
        2.302536783104171,
        2.3024078257783445,
        1.9596277018507084,
        2.302490826852307,
        2.168907827959803,
        1.9413378581315457,
        1.8206730959658137,
        1.692348213252907,
        2.302693364149082,
        2.3026029949416658,
        2.302573341095519,
        2.3025579738045883,
        2.3025234316637415,
        2.30269584256018,
        2.30261376660741,
        2.3025926986854235,
        2.3025871665177946,
        2.3025838300853434,
        2.3027019971858955,
        2.3025406777501822,
        2.0366440861524935,
        1.987180075959531,
        1.953729130550773,
        2.3027085872467405,
        2.3026179653441834,
        2.302593797980668,
        2.3025862528178505,
        2.302586686825324,
        2.30269470043525,
        2.302618576381021,
        2.3025926230196467,
        2.302589466471872,
        2.3025863927281547
    ],
    "sparsity": [
        0.0,
        0.0,
        0.0,
        0.0,
        0.0,
        0.19999672942921468,
        0.19999672942921468,
        0.19999672942921468,
        0.19999672942921468,
        0.19999672942921468,
        0.35999482012302647,
        0.35999482012302647,
        0.35999482012302647,
        0.35999482012302647,
        0.35999482012302647,
        0.48799081765153574,
        0.48799081765153574,
        0.48799081765153574,
        0.48799081765153574,
        0.48799081765153574,
        0.5903897371256633,
        0.5903897371256633,
        0.5903897371256633,
        0.5903897371256633,
        0.5903897371256633,
        0.6723086959173553,
        0.6723086959173553,
        0.6723086959173553,
        0.6723086959173553,
        0.6723086959173553,
        0.737844304919734,
        0.737844304919734,
        0.737844304919734,
        0.737844304919734,
        0.737844304919734,
        0.7902724385464169,
        0.7902724385464169,
        0.7902724385464169,
        0.7902724385464169,
        0.7902724385464169,
        0.8322148570539583,
        0.8322148570539583,
        0.8322148570539583,
        0.8322148570539583,
        0.8322148570539583,
        0.8657678195281362,
        0.8657678195281362,
        0.8657678195281362,
        0.8657678195281362,
        0.8657678195281362,
        0.8926116922021637,
        0.8926116922021637,
        0.8926116922021637,
        0.8926116922021637,
        0.8926116922021637,
        0.9140847572838705,
        0.9140847572838705,
        0.9140847572838705,
        0.9140847572838705,
        0.9140847572838705,
        0.931263651318261,
        0.931263651318261,
        0.931263651318261,
        0.931263651318261,
        0.931263651318261,
        0.9450088879970936,
        0.9450088879970936,
        0.9450088879970936,
        0.9450088879970936,
        0.9450088879970936,
        0.9560037514330846,
        0.9560037514330846,
        0.9560037514330846,
        0.9560037514330846,
        0.9560037514330846,
        0.9647984930624122,
        0.9647984930624122,
        0.9647984930624122,
        0.9647984930624122,
        0.9647984930624122,
        0.9718355238791444,
        0.9718355238791444,
        0.9718355238791444,
        0.9718355238791444,
        0.9718355238791444,
        0.9774639994130652,
        0.9774639994130652,
        0.9774639994130652,
        0.9774639994130652,
        0.9774639994130652,
        0.9819672218092267,
        0.9819672218092267,
        0.9819672218092267,
        0.9819672218092267,
        0.9819672218092267,
        0.9855697113323509,
        0.9855697113323509,
        0.9855697113323509,
        0.9855697113323509,
        0.9855697113323509
    ]
}