{
    "args": {
        "load_last_pretrained": false,
        "model": "conv6",
        "dataset": "cifar10",
        "epochs": 100,
        "batch_size": 60,
        "initialization": "kaiming-normal",
        "learning_rate": 0.0003,
        "forget_model": false,
        "disable_cuda": false,
        "pruning_rate": 0.2,
        "pruning_interval": 5,
        "seed": 44
    },
    "test_acc": [
        60.336,
        75.972,
        82.43599999999999,
        88.178,
        91.352,
        42.702,
        53.7,
        64.58,
        66.89,
        73.982,
        35.034,
        50.802,
        61.036,
        69.48,
        73.72,
        27.428,
        44.751999999999995,
        60.416000000000004,
        67.22,
        70.514,
        28.096,
        47.502,
        61.802,
        67.62,
        70.05799999999999,
        29.766,
        47.762,
        57.962,
        65.616,
        69.56400000000001,
        37.338,
        48.484,
        57.812,
        63.344,
        67.932,
        26.131999999999998,
        38.976,
        51.66,
        59.116,
        65.506,
        19.658,
        37.63,
        51.586,
        59.196000000000005,
        61.73800000000001,
        26.712000000000003,
        34.528,
        48.3,
        54.05,
        60.95,
        15.767999999999999,
        30.592000000000002,
        41.03,
        49.27,
        58.328,
        10.0,
        10.0,
        10.534,
        14.527999999999999,
        23.53,
        10.395999999999999,
        32.586,
        36.508,
        42.018,
        48.124,
        17.733999999999998,
        24.548000000000002,
        31.272,
        37.452000000000005,
        42.484,
        10.0,
        18.099999999999998,
        17.694,
        20.002,
        26.91,
        10.0,
        10.0,
        10.0,
        10.0,
        10.306,
        10.0,
        10.0,
        10.0,
        10.0,
        10.0,
        10.0,
        10.0,
        10.0,
        23.798,
        27.542,
        10.0,
        10.0,
        10.0,
        10.0,
        10.0,
        10.0,
        10.0,
        10.0,
        10.0,
        10.0
    ],
    "test_loss": [
        1.395312695123023,
        0.9020863328334525,
        0.6779861595633504,
        0.5175858630979662,
        0.37554933307625404,
        1.8544298141694469,
        1.4208646003576777,
        1.16183534243124,
        0.9808077937979206,
        0.8359613451454565,
        2.072823321361908,
        1.507486380976167,
        1.1901344434677554,
        0.9799910943856914,
        0.8369315594291802,
        2.2493577462306127,
        1.6783621089635707,
        1.2755386828661537,
        1.0426198511386662,
        0.8974843825296246,
        2.1322486586422085,
        1.5710103348862352,
        1.203700492279135,
        0.9897041129980156,
        0.8720094396127499,
        2.0268976635498395,
        1.58924246663384,
        1.3011386681089012,
        1.0605064847057672,
        0.917040574178993,
        1.8756985126925316,
        1.494701919652861,
        1.2877757732959674,
        1.1062258569170818,
        0.9798060172467494,
        2.2606126841881293,
        1.8034609666259453,
        1.5142979048710647,
        1.2464743571029864,
        1.0723734024903184,
        2.2586360220714723,
        1.8418374260266621,
        1.49738976152109,
        1.2337655017701843,
        1.0692347107316664,
        2.1405330150247477,
        1.7849735413238013,
        1.5415935269076761,
        1.3048207353201988,
        1.127753838861017,
        2.3022715730918684,
        2.01076209702366,
        1.7057023235648083,
        1.478245113822196,
        1.2749369196611628,
        2.3028916978149963,
        2.3026252093074993,
        2.302502797376052,
        2.3023196744690124,
        2.2741508754037265,
        2.30176523749491,
        2.0395091773508836,
        1.7587917944510205,
        1.6292667028715284,
        1.5065953315590783,
        2.3015524846472615,
        2.1633989182021693,
        1.8865617159173358,
        1.7576084118381108,
        1.6275989526181485,
        2.302820054175471,
        2.3019308203415907,
        2.267521386809772,
        2.196381629799767,
        2.072726815867481,
        2.3028908539161406,
        2.302677670256983,
        2.3026122029165,
        2.3025909945261565,
        2.3025600315569688,
        2.302872842450222,
        2.3026762917745027,
        2.3026234857755887,
        2.302606295624511,
        2.30260139374996,
        2.3028982677619805,
        2.302689126355471,
        2.3025720788420534,
        2.128617346143837,
        1.9880387775903696,
        2.3028805027191015,
        2.3026859119927567,
        2.3026383280468217,
        2.302615242324573,
        2.3026059096951563,
        2.302890981987512,
        2.3026915943022255,
        2.3026308127158552,
        2.3026128670008634,
        2.3026090454426313
    ],
    "train_acc": [
        58.089999999999996,
        71.2,
        74.75,
        76.8,
        76.57000000000001,
        42.61,
        53.68000000000001,
        62.74999999999999,
        64.83,
        70.7,
        35.47,
        50.43,
        60.69,
        67.9,
        71.17999999999999,
        27.99,
        44.519999999999996,
        59.58,
        66.31,
        69.04,
        28.29,
        47.46,
        60.97,
        66.31,
        68.82000000000001,
        29.73,
        47.21,
        56.98,
        64.53,
        67.85,
        37.5,
        47.589999999999996,
        56.93,
        62.36000000000001,
        67.07,
        27.22,
        39.4,
        51.42,
        58.53,
        64.92999999999999,
        19.52,
        37.11,
        51.73,
        58.67,
        61.09,
        26.700000000000003,
        34.43,
        47.410000000000004,
        53.63,
        60.08,
        15.15,
        30.15,
        40.699999999999996,
        48.54,
        57.76,
        10.0,
        10.0,
        10.6,
        14.71,
        23.76,
        10.47,
        32.45,
        35.86,
        41.74,
        47.99,
        18.099999999999998,
        24.95,
        30.9,
        36.54,
        41.730000000000004,
        10.0,
        18.38,
        17.51,
        20.05,
        25.840000000000003,
        10.0,
        10.0,
        10.0,
        10.0,
        10.36,
        10.0,
        10.0,
        10.0,
        10.0,
        10.0,
        10.0,
        10.0,
        10.0,
        24.16,
        27.79,
        10.0,
        10.0,
        10.0,
        10.0,
        10.0,
        10.0,
        10.0,
        10.0,
        10.0,
        10.0
    ],
    "train_loss": [
        1.2035844861390348,
        0.8262634644965212,
        0.761121831789702,
        0.6746449806019218,
        0.7077258218548255,
        1.55051590868099,
        1.2958679127835941,
        1.0436134834489423,
        1.011785107815337,
        0.8418908062095414,
        1.7103918405350096,
        1.3555050467302698,
        1.1120910441090246,
        0.9116868255381099,
        0.821667035896621,
        1.8543179042325049,
        1.4674006179421248,
        1.1261747311689183,
        0.951840095534296,
        0.87843042540693,
        1.7867148400780684,
        1.4303665382419517,
        1.0850359929535918,
        0.9474138828094848,
        0.8862244226261528,
        1.8607671553503253,
        1.4277251887464237,
        1.1825535190319587,
        0.9998505918565624,
        0.9060824363531467,
        1.6287459399171933,
        1.4023816699753264,
        1.1808988844563146,
        1.0367349528980827,
        0.9422453652598901,
        1.9926369311566838,
        1.630249956410802,
        1.3503661077179594,
        1.1510036737619045,
        1.0015973013318227,
        2.087102356785072,
        1.6668333493306966,
        1.3304295646930169,
        1.154673758381141,
        1.0955549856859768,
        1.839016880103928,
        1.6947833492370423,
        1.4026018409671899,
        1.2786313577326471,
        1.1077351248906757,
        2.300394356607677,
        1.8121852375076202,
        1.5732613002468725,
        1.3977435527447455,
        1.172547441756654,
        2.302689289618395,
        2.3025305185489313,
        2.3024194554654422,
        2.302057965786871,
        2.0376267426028223,
        2.2978599928096384,
        1.8224155281832117,
        1.687749270907419,
        1.5942578801137959,
        1.4270079242968987,
        2.2975807875216363,
        2.018221898707087,
        1.799221758357065,
        1.694785607789091,
        1.568696599520609,
        2.302526314101533,
        2.300405607965892,
        2.2308670760628706,
        2.1488876042965646,
        1.97909038295289,
        2.3027265228911076,
        2.3026148601920307,
        2.3025797298568453,
        2.3025614430090626,
        2.3024813543536706,
        2.3027174601297893,
        2.302619837001412,
        2.3025915993901784,
        2.3025854419091503,
        2.3025710497073786,
        2.3027350302941785,
        2.3026212046960155,
        2.3003412720685947,
        2.0309278308274505,
        1.9330061859713343,
        2.3027298935873066,
        2.3026243455395727,
        2.302596229279113,
        2.302586368458,
        2.3025878375161906,
        2.3027322877666907,
        2.302633058525131,
        2.3025963120831703,
        2.3025924288584085,
        2.3025867453592266
    ],
    "sparsity": [
        0.0,
        0.0,
        0.0,
        0.0,
        0.0,
        0.19999672942921468,
        0.19999672942921468,
        0.19999672942921468,
        0.19999672942921468,
        0.19999672942921468,
        0.35999482012302647,
        0.35999482012302647,
        0.35999482012302647,
        0.35999482012302647,
        0.35999482012302647,
        0.48799081765153574,
        0.48799081765153574,
        0.48799081765153574,
        0.48799081765153574,
        0.48799081765153574,
        0.5903897371256633,
        0.5903897371256633,
        0.5903897371256633,
        0.5903897371256633,
        0.5903897371256633,
        0.6723086959173553,
        0.6723086959173553,
        0.6723086959173553,
        0.6723086959173553,
        0.6723086959173553,
        0.737844304919734,
        0.737844304919734,
        0.737844304919734,
        0.737844304919734,
        0.737844304919734,
        0.7902724385464169,
        0.7902724385464169,
        0.7902724385464169,
        0.7902724385464169,
        0.7902724385464169,
        0.8322148570539583,
        0.8322148570539583,
        0.8322148570539583,
        0.8322148570539583,
        0.8322148570539583,
        0.8657678195281362,
        0.8657678195281362,
        0.8657678195281362,
        0.8657678195281362,
        0.8657678195281362,
        0.8926116922021637,
        0.8926116922021637,
        0.8926116922021637,
        0.8926116922021637,
        0.8926116922021637,
        0.9140847572838705,
        0.9140847572838705,
        0.9140847572838705,
        0.9140847572838705,
        0.9140847572838705,
        0.931263651318261,
        0.931263651318261,
        0.931263651318261,
        0.931263651318261,
        0.931263651318261,
        0.9450088879970936,
        0.9450088879970936,
        0.9450088879970936,
        0.9450088879970936,
        0.9450088879970936,
        0.9560037514330846,
        0.9560037514330846,
        0.9560037514330846,
        0.9560037514330846,
        0.9560037514330846,
        0.9647984930624122,
        0.9647984930624122,
        0.9647984930624122,
        0.9647984930624122,
        0.9647984930624122,
        0.9718355238791444,
        0.9718355238791444,
        0.9718355238791444,
        0.9718355238791444,
        0.9718355238791444,
        0.9774639994130652,
        0.9774639994130652,
        0.9774639994130652,
        0.9774639994130652,
        0.9774639994130652,
        0.9819672218092267,
        0.9819672218092267,
        0.9819672218092267,
        0.9819672218092267,
        0.9819672218092267,
        0.9855697113323509,
        0.9855697113323509,
        0.9855697113323509,
        0.9855697113323509,
        0.9855697113323509
    ]
}