{
    "args": {
        "load_last_pretrained": false,
        "model": "conv6",
        "dataset": "cifar10",
        "epochs": 100,
        "batch_size": 60,
        "initialization": "kaiming-uniform",
        "learning_rate": 0.0003,
        "forget_model": false,
        "disable_cuda": false,
        "pruning_rate": 0.2,
        "pruning_interval": 5,
        "seed": 44
    },
    "test_acc": [
        63.27,
        74.524,
        81.322,
        86.344,
        89.696,
        41.178,
        56.623999999999995,
        65.488,
        67.404,
        74.578,
        36.918,
        51.848000000000006,
        61.636,
        68.688,
        74.074,
        30.203999999999997,
        45.32,
        56.862,
        65.702,
        69.19,
        29.944,
        47.510000000000005,
        57.952000000000005,
        62.727999999999994,
        68.028,
        39.802,
        53.994,
        61.117999999999995,
        67.32000000000001,
        69.28,
        30.304,
        44.198,
        56.62199999999999,
        63.50599999999999,
        67.694,
        33.339999999999996,
        46.582,
        58.089999999999996,
        63.656,
        67.258,
        14.998000000000001,
        32.006,
        50.048,
        60.958,
        64.05,
        17.27,
        29.654000000000003,
        46.356,
        55.552,
        62.916000000000004,
        13.904,
        36.178,
        44.166,
        51.775999999999996,
        59.230000000000004,
        10.0,
        10.0,
        10.006,
        10.620000000000001,
        30.548,
        18.052,
        16.238,
        33.536,
        43.592,
        48.51,
        15.728,
        10.0,
        11.584,
        10.331999999999999,
        19.232,
        10.0,
        21.526,
        31.366,
        33.918,
        37.802,
        10.0,
        10.0,
        10.0,
        10.0,
        10.0,
        10.0,
        10.0,
        10.0,
        10.0,
        10.0,
        10.0,
        10.0,
        10.0,
        10.0,
        10.0,
        10.0,
        10.0,
        10.0,
        10.0,
        10.0,
        10.0,
        10.0,
        22.992,
        25.263999999999996,
        26.72
    ],
    "test_loss": [
        1.410730562621741,
        0.9246873653335251,
        0.7038840996704513,
        0.5384126546964657,
        0.40294573841084963,
        1.8443646835480376,
        1.3934604313304957,
        1.1182980150770512,
        0.9392014556794429,
        0.796623742123016,
        1.9598139517312998,
        1.5097005525938898,
        1.1934550193002185,
        0.9854592415068647,
        0.849021293205037,
        2.1492169317867544,
        1.58563625612419,
        1.2723180503725149,
        1.0685203998065966,
        0.9287300342850262,
        2.172497679575456,
        1.5729785412907316,
        1.2669689653874587,
        1.0592112058787038,
        0.9316852657343272,
        1.9352962127406534,
        1.4258713672201124,
        1.147723184358016,
        0.990564492537821,
        0.8960347435743117,
        2.1528764372821048,
        1.6941232058069975,
        1.3650878194710618,
        1.1102744435234893,
        0.9677868063072507,
        1.983914085715223,
        1.6000472950420792,
        1.2943137754782212,
        1.0939799067642477,
        0.9871853362742088,
        2.3021114438557797,
        2.2147619063905677,
        1.5820691495490589,
        1.2121679832180627,
        1.0276983513963593,
        2.301707193148222,
        1.998522238051005,
        1.6155748931909923,
        1.3077996641183072,
        1.0889010868198294,
        2.301817074954081,
        2.0405747654626696,
        1.584248882975224,
        1.417069237723911,
        1.2179043949079171,
        2.3027688545002927,
        2.302546364512089,
        2.3024182708429204,
        2.3020439851198264,
        2.1293770406457733,
        2.3024664345405084,
        2.3004634663355437,
        1.9245868432436057,
        1.6294147460866604,
        1.4685625138042642,
        2.3027399369566846,
        2.302547291028414,
        2.3024644588680863,
        2.3023534607258345,
        2.3017342976814836,
        2.302703117866882,
        2.2631152272224426,
        1.9271554286531407,
        1.796703863629906,
        1.7154968247996818,
        2.3028379818804257,
        2.302666076653295,
        2.3026153529576545,
        2.3026047321818144,
        2.3025997285362627,
        2.3028240704136214,
        2.3026640355158197,
        2.3026208042812577,
        2.3026089116537887,
        2.302607481714061,
        2.302849749009386,
        2.3026662384577508,
        2.3026203108634307,
        2.3026085494519424,
        2.3026069817211416,
        2.3028360593804926,
        2.3026675794907896,
        2.3026324276157992,
        2.302610328157457,
        2.3026052175951803,
        2.3028365347882827,
        2.3026732672318566,
        2.215191017523658,
        2.090552540134183,
        2.046491854625354
    ],
    "train_acc": [
        61.25000000000001,
        70.17,
        73.97,
        75.4,
        76.22,
        41.58,
        56.230000000000004,
        63.6,
        65.09,
        70.45,
        36.25,
        50.849999999999994,
        60.25,
        66.47,
        70.62,
        30.330000000000002,
        45.21,
        55.61000000000001,
        64.75,
        67.67,
        30.14,
        46.660000000000004,
        56.699999999999996,
        62.029999999999994,
        66.36999999999999,
        38.879999999999995,
        53.349999999999994,
        60.150000000000006,
        65.78,
        67.39,
        31.14,
        43.88,
        56.05,
        62.739999999999995,
        66.28,
        33.07,
        45.96,
        57.05,
        62.28,
        66.39,
        15.4,
        32.66,
        49.54,
        60.29,
        63.36000000000001,
        17.21,
        29.54,
        45.17,
        55.379999999999995,
        62.57,
        13.83,
        36.55,
        44.01,
        50.99,
        59.01,
        10.0,
        10.0,
        10.01,
        10.52,
        30.85,
        18.0,
        16.32,
        33.21,
        43.63,
        47.92,
        15.68,
        10.0,
        11.48,
        10.41,
        19.06,
        10.0,
        21.21,
        31.869999999999997,
        33.78,
        37.63,
        10.0,
        10.0,
        10.0,
        10.0,
        10.0,
        10.0,
        10.0,
        10.0,
        10.0,
        10.0,
        10.0,
        10.0,
        10.0,
        10.0,
        10.0,
        10.0,
        10.0,
        10.0,
        10.0,
        10.0,
        10.0,
        10.0,
        23.330000000000002,
        25.95,
        27.54
    ],
    "train_loss": [
        1.1122284977735875,
        0.8519271844161485,
        0.7502958844164889,
        0.7211844510660914,
        0.7174070075957361,
        1.574255822661394,
        1.2295096495194349,
        1.0357138571624984,
        1.0088125524406661,
        0.8602733117734601,
        1.6808595321849435,
        1.3569415875537667,
        1.108801630085814,
        0.9464569413019511,
        0.8332145215865381,
        1.7851480809514395,
        1.4485318096811899,
        1.2073697943887312,
        0.9865303674857774,
        0.9195075723939313,
        1.7740796890087471,
        1.4280293566024231,
        1.1759788133427054,
        1.0740068876100872,
        0.9400318446987403,
        1.645139667802228,
        1.2681238729796724,
        1.1103819933480132,
        0.9566558520950957,
        0.9107666526012078,
        1.8377263867212628,
        1.5183374282128796,
        1.2153224409697299,
        1.0437804132164596,
        0.9461642239622013,
        1.7367518026671724,
        1.4351255101358105,
        1.175629647192127,
        1.0319064723517366,
        0.9497530763734601,
        2.3013034380838544,
        1.7982612262942834,
        1.367391621995115,
        1.1086156250473982,
        1.0285630336778606,
        2.298891051800665,
        1.778669061061151,
        1.4498930412852122,
        1.225908030292945,
        1.0606628210244777,
        2.2997543654755916,
        1.7018615671260628,
        1.48839735699271,
        1.331823177680284,
        1.1324595237920385,
        2.30259529273667,
        2.3024611644402238,
        2.3023078298854256,
        2.3013245459802136,
        1.7888830964436788,
        2.3021060221209497,
        2.2923301765304838,
        1.7459078613155616,
        1.5489908142718012,
        1.4137396983757704,
        2.3025797398504384,
        2.3024807261849594,
        2.302400928771424,
        2.3022187055941825,
        2.2999916761935113,
        2.3024323400623072,
        2.0255286586498786,
        1.8334578325648507,
        1.775129831479695,
        1.6881701867737455,
        2.302700029875704,
        2.302614266287067,
        2.3025887298012924,
        2.30258200839608,
        2.302580222398221,
        2.3026952158191247,
        2.302613002811363,
        2.3025923289224774,
        2.302588183008982,
        2.3025863556090944,
        2.3027023155532196,
        2.3026121248028235,
        2.3025947316677984,
        2.3025870337457714,
        2.3025855746811734,
        2.302707386587908,
        2.302617705510762,
        2.3025940735183075,
        2.3025865412043953,
        2.3025869480864016,
        2.3026946062099434,
        2.3026151271637327,
        2.116314244841387,
        2.0576507202879397,
        2.0213793923041066
    ],
    "sparsity": [
        0.0,
        0.0,
        0.0,
        0.0,
        0.0,
        0.19999672942921468,
        0.19999672942921468,
        0.19999672942921468,
        0.19999672942921468,
        0.19999672942921468,
        0.35999482012302647,
        0.35999482012302647,
        0.35999482012302647,
        0.35999482012302647,
        0.35999482012302647,
        0.48799081765153574,
        0.48799081765153574,
        0.48799081765153574,
        0.48799081765153574,
        0.48799081765153574,
        0.5903897371256633,
        0.5903897371256633,
        0.5903897371256633,
        0.5903897371256633,
        0.5903897371256633,
        0.6723086959173553,
        0.6723086959173553,
        0.6723086959173553,
        0.6723086959173553,
        0.6723086959173553,
        0.737844304919734,
        0.737844304919734,
        0.737844304919734,
        0.737844304919734,
        0.737844304919734,
        0.7902724385464169,
        0.7902724385464169,
        0.7902724385464169,
        0.7902724385464169,
        0.7902724385464169,
        0.8322148570539583,
        0.8322148570539583,
        0.8322148570539583,
        0.8322148570539583,
        0.8322148570539583,
        0.8657678195281362,
        0.8657678195281362,
        0.8657678195281362,
        0.8657678195281362,
        0.8657678195281362,
        0.8926116922021637,
        0.8926116922021637,
        0.8926116922021637,
        0.8926116922021637,
        0.8926116922021637,
        0.9140847572838705,
        0.9140847572838705,
        0.9140847572838705,
        0.9140847572838705,
        0.9140847572838705,
        0.931263651318261,
        0.931263651318261,
        0.931263651318261,
        0.931263651318261,
        0.931263651318261,
        0.9450088879970936,
        0.9450088879970936,
        0.9450088879970936,
        0.9450088879970936,
        0.9450088879970936,
        0.9560037514330846,
        0.9560037514330846,
        0.9560037514330846,
        0.9560037514330846,
        0.9560037514330846,
        0.9647984930624122,
        0.9647984930624122,
        0.9647984930624122,
        0.9647984930624122,
        0.9647984930624122,
        0.9718355238791444,
        0.9718355238791444,
        0.9718355238791444,
        0.9718355238791444,
        0.9718355238791444,
        0.9774639994130652,
        0.9774639994130652,
        0.9774639994130652,
        0.9774639994130652,
        0.9774639994130652,
        0.9819672218092267,
        0.9819672218092267,
        0.9819672218092267,
        0.9819672218092267,
        0.9819672218092267,
        0.9855697113323509,
        0.9855697113323509,
        0.9855697113323509,
        0.9855697113323509,
        0.9855697113323509
    ]
}