{
    "args": {
        "load_last_pretrained": false,
        "model": "lenet",
        "dataset": "mnist",
        "epochs": 100,
        "batch_size": 60,
        "initialization": "kaiming-normal",
        "learning_rate": 0.0012,
        "forget_model": false,
        "disable_cuda": false,
        "pruning_rate": 0.2,
        "pruning_interval": 5,
        "seed": 44
    },
    "test_acc": [
        97.20833333333333,
        98.31,
        98.47333333333333,
        99.18833333333333,
        99.22,
        96.96333333333334,
        98.19333333333333,
        98.55666666666667,
        98.14500000000001,
        99.17333333333333,
        97.24833333333333,
        98.34,
        98.91666666666666,
        99.18833333333333,
        99.24,
        97.31833333333333,
        98.48833333333333,
        98.92166666666667,
        99.40666666666667,
        99.35000000000001,
        97.74666666666667,
        98.78,
        99.17833333333334,
        99.52166666666666,
        99.52499999999999,
        97.84833333333334,
        98.665,
        99.26666666666667,
        99.58500000000001,
        99.61166666666666,
        97.80333333333333,
        98.845,
        99.2,
        99.54333333333332,
        99.71666666666667,
        97.72999999999999,
        98.94,
        99.44166666666666,
        99.67,
        99.50166666666667,
        97.63666666666667,
        98.92833333333333,
        99.22833333333332,
        99.66333333333334,
        99.67666666666666,
        97.40333333333334,
        98.66666666666667,
        99.23666666666666,
        99.555,
        99.72333333333333,
        96.95333333333333,
        98.505,
        99.06,
        99.37666666666667,
        99.49666666666667,
        96.42500000000001,
        98.13333333333333,
        98.87,
        99.19,
        99.40833333333333,
        95.86333333333333,
        97.91,
        98.71166666666666,
        98.78833333333333,
        99.21,
        95.295,
        97.41333333333333,
        98.22833333333332,
        98.63166666666666,
        98.93166666666666,
        94.31833333333334,
        97.03833333333334,
        97.85333333333334,
        98.34,
        98.57166666666667,
        93.77166666666666,
        96.49166666666666,
        97.345,
        97.845,
        98.04666666666667,
        90.29833333333333,
        95.20166666666667,
        96.42500000000001,
        97.01666666666667,
        97.31833333333333,
        90.52833333333334,
        94.98833333333333,
        96.18333333333334,
        96.68333333333334,
        97.11,
        86.73166666666667,
        93.89333333333333,
        95.22666666666667,
        95.795,
        96.11833333333333,
        77.02,
        93.41333333333334,
        94.80833333333332,
        95.32833333333333,
        95.67
    ],
    "test_loss": [
        0.21352744164317847,
        0.08753604324907065,
        0.058849395978148096,
        0.043643958321772515,
        0.034708504744950915,
        0.2620275317784399,
        0.09264312297082507,
        0.06153374250396155,
        0.044653613794595,
        0.034581045162223746,
        0.2555236592097208,
        0.08445132630178705,
        0.0553547458848916,
        0.03930869668262312,
        0.030814367791230323,
        0.2476586536280811,
        0.07744791818549857,
        0.04943692038184963,
        0.03597942761820741,
        0.025132581146259325,
        0.24642501377966256,
        0.07157591182179748,
        0.042751352772582324,
        0.030183556884119753,
        0.021712559340085136,
        0.2540434344382957,
        0.06492037373711355,
        0.03901044760621153,
        0.025192547191341872,
        0.019095122426660963,
        0.2672039563078433,
        0.061800539408577604,
        0.03684701615280937,
        0.023652626379043796,
        0.0174780149339349,
        0.2852282700072974,
        0.06256579876388423,
        0.03497092252608854,
        0.022891701304353775,
        0.016520485751505474,
        0.3152059822129086,
        0.06302288066921756,
        0.03576445613894612,
        0.02307988483895315,
        0.01677010729321046,
        0.3559387467894703,
        0.06957195101678372,
        0.04055233272537589,
        0.02738426123454701,
        0.019545086903497575,
        0.43185133986733854,
        0.08055484032304958,
        0.04740908463019878,
        0.03284141792589799,
        0.02428343291574856,
        0.5259279361926019,
        0.09736928473366424,
        0.05720313602499664,
        0.039609551296103745,
        0.031097067421709652,
        0.6196033885516227,
        0.11014523934293538,
        0.06567942448938266,
        0.047394519225228575,
        0.037647841959027574,
        0.7580221296399832,
        0.12367260949127376,
        0.07627705246722326,
        0.057398635137127715,
        0.046284166539786384,
        0.9026929494366049,
        0.1473552248366177,
        0.09362612569052726,
        0.0707051382381469,
        0.05794218983827159,
        1.1351388804093003,
        0.16368379520066081,
        0.1079357386296615,
        0.08571545326709748,
        0.07288625366706401,
        1.4458364848792553,
        0.2987233073711395,
        0.17473204366117717,
        0.13124702652543782,
        0.10858958723396063,
        1.4620478806197643,
        0.308314442306757,
        0.18478621305525303,
        0.14028125451877713,
        0.11717131049185991,
        1.7576748234033586,
        0.4098643313795328,
        0.22410777009278535,
        0.17446608060225843,
        0.1506695835031569,
        1.8986975504159926,
        0.48911301100254057,
        0.24898914989084006,
        0.19254068337008357,
        0.166337894462049
    ],
    "train_acc": [
        96.65,
        97.38,
        97.26,
        97.89999999999999,
        97.95,
        96.32,
        97.47,
        97.44,
        96.75,
        97.75,
        96.72,
        97.26,
        97.65,
        97.89,
        97.68,
        96.78,
        97.57000000000001,
        97.85000000000001,
        98.04,
        97.89,
        97.05,
        97.85000000000001,
        98.09,
        98.16,
        98.15,
        97.22,
        97.81,
        97.81,
        98.22,
        98.1,
        97.19,
        97.76,
        97.77,
        97.78,
        98.1,
        97.15,
        97.89,
        97.97,
        98.02,
        97.89999999999999,
        96.91,
        97.84,
        97.94,
        98.26,
        98.1,
        96.81,
        97.69,
        97.98,
        98.04,
        98.08,
        96.44,
        97.48,
        97.81,
        97.95,
        97.94,
        95.88,
        97.36,
        97.83,
        97.92999999999999,
        97.98,
        95.39,
        97.15,
        97.56,
        97.58,
        97.66,
        95.13000000000001,
        96.8,
        97.35000000000001,
        97.48,
        97.69,
        94.1,
        96.48,
        97.05,
        97.33000000000001,
        97.41,
        93.78,
        95.85000000000001,
        96.57,
        96.96000000000001,
        97.13000000000001,
        90.64,
        95.15,
        95.83,
        96.08,
        96.36,
        90.97,
        95.03,
        95.8,
        96.03,
        96.33,
        87.14,
        93.64,
        94.87,
        95.32000000000001,
        95.64,
        77.02,
        93.14,
        94.57,
        95.12,
        95.16
    ],
    "train_loss": [
        0.10736773711277875,
        0.08226131779437293,
        0.088342912207932,
        0.07243528657085346,
        0.07653358496424413,
        0.11613120932778913,
        0.07948486510842681,
        0.08190028542585805,
        0.09693252079713041,
        0.06816068222512028,
        0.11253786158418941,
        0.08327376410298183,
        0.07198217906849738,
        0.07083112945359112,
        0.07803554220674393,
        0.1060564104679548,
        0.07910677487822529,
        0.07015345512169921,
        0.06429795061815306,
        0.06944252176992428,
        0.09648004769832788,
        0.06602622608202481,
        0.0633347136230615,
        0.06274410545258521,
        0.06723594139706522,
        0.09088662280673217,
        0.07054221744420464,
        0.07225919700043644,
        0.0595566376815076,
        0.06548171305804497,
        0.09072896049073535,
        0.07197164762402679,
        0.0714009270311785,
        0.06556160848003584,
        0.06456612284653569,
        0.09285170441593774,
        0.0683367972842189,
        0.06293814477767282,
        0.06273829417016,
        0.07325618860902945,
        0.10251538350642798,
        0.0676739331624822,
        0.0659127343950715,
        0.055743153114290074,
        0.06454145143238665,
        0.10544814047833045,
        0.07212498860745997,
        0.06294406873514195,
        0.06469103311185731,
        0.06571075766107547,
        0.1254712638896918,
        0.08025017211180248,
        0.06956441117127142,
        0.06379466952092411,
        0.06772378368392408,
        0.1377281509116738,
        0.089231516022659,
        0.07491044444450272,
        0.07100285372200484,
        0.06788879286143705,
        0.1568741916851726,
        0.09630646249892826,
        0.07927400364490327,
        0.07748107602931335,
        0.07537197981247243,
        0.17605347679314498,
        0.11183946705730019,
        0.08901610594064355,
        0.08333450786401322,
        0.07973197480931343,
        0.20103204138800054,
        0.12474922945131799,
        0.10105622539709429,
        0.08887184117390902,
        0.08731825070450093,
        0.22640111257216175,
        0.14107087623707193,
        0.11623969267005335,
        0.10560661937461463,
        0.09970240280991365,
        0.450967225129019,
        0.22202385542635433,
        0.16636427920200153,
        0.1443910460227621,
        0.1340298149567432,
        0.4580968966384134,
        0.23134651378600182,
        0.17345478521760352,
        0.1523794421848066,
        0.1371143764654498,
        0.7189071128468314,
        0.27784912190037575,
        0.2088885849598282,
        0.1803537265224728,
        0.16594653034549273,
        0.9568278868041352,
        0.31051936799180724,
        0.22760346906627724,
        0.1968690456298297,
        0.18221094646675143
    ],
    "sparsity": [
        0.0,
        0.0,
        0.0,
        0.0,
        0.0,
        0.2,
        0.2,
        0.2,
        0.2,
        0.2,
        0.3599977495217734,
        0.3599977495217734,
        0.3599977495217734,
        0.3599977495217734,
        0.3599977495217734,
        0.4879899478639211,
        0.4879899478639211,
        0.4879899478639211,
        0.4879899478639211,
        0.4879899478639211,
        0.5903829563782304,
        0.5903829563782304,
        0.5903829563782304,
        0.5903829563782304,
        0.5903829563782304,
        0.6722966130302689,
        0.6722966130302689,
        0.6722966130302689,
        0.6722966130302689,
        0.6722966130302689,
        0.7378267881924909,
        0.7378267881924909,
        0.7378267881924909,
        0.7378267881924909,
        0.7378267881924909,
        0.7902516784816773,
        0.7902516784816773,
        0.7902516784816773,
        0.7902516784816773,
        0.7902516784816773,
        0.8321893402347998,
        0.8321893402347998,
        0.8321893402347998,
        0.8321893402347998,
        0.8321893402347998,
        0.8657364689996624,
        0.8657364689996624,
        0.8657364689996624,
        0.8657364689996624,
        0.8657364689996624,
        0.8925809234462323,
        0.8925809234462323,
        0.8925809234462323,
        0.8925809234462323,
        0.8925809234462323,
        0.9140504857282172,
        0.9140504857282172,
        0.9140504857282172,
        0.9140504857282172,
        0.9140504857282172,
        0.9312291361914407,
        0.9312291361914407,
        0.9312291361914407,
        0.9312291361914407,
        0.9312291361914407,
        0.944968305764975,
        0.944968305764975,
        0.944968305764975,
        0.944968305764975,
        0.944968305764975,
        0.9559618919020292,
        0.9559618919020292,
        0.9559618919020292,
        0.9559618919020292,
        0.9559618919020292,
        0.9647612617681257,
        0.9647612617681257,
        0.9647612617681257,
        0.9647612617681257,
        0.9647612617681257,
        0.9717977570233675,
        0.9717977570233675,
        0.9717977570233675,
        0.9717977570233675,
        0.9717977570233675,
        0.9774314541840141,
        0.9774314541840141,
        0.9774314541840141,
        0.9774314541840141,
        0.9774314541840141,
        0.981928659840216,
        0.981928659840216,
        0.981928659840216,
        0.981928659840216,
        0.981928659840216,
        0.9855294250028132,
        0.9855294250028132,
        0.9855294250028132,
        0.9855294250028132,
        0.9855294250028132
    ]
}